<?xml version="1.0" encoding="UTF-8"?>
<testsuite name="edu.wisc.cs.will.BostonHousingMLNClauseRegressionTest" tests="1" skipped="0" failures="0" errors="0" timestamp="2022-10-20T17:09:26" hostname="Ubuntu" time="33.773">
  <properties/>
  <testcase name="testMLNBostonHousingLearnInfer()" classname="edu.wisc.cs.will.BostonHousingMLNClauseRegressionTest" time="33.773"/>
  <system-out><![CDATA[
% Calling SETUP.

% Switching to VarIndicator = uppercase.

% Unset'ing VarIndicator.

Resetting the LazyGroundNthArgumentClauseIndex.

% Calling ILPouterLoop from createRegressionOuterLooper.

% getInputArgWithDefaultValue: args=[data/boston_housing/train/train_pos.txt, data/boston_housing/train/train_neg.txt, data/boston_housing/train/train_bk.txt, data/boston_housing/train/train_facts.txt]
%  for N=0: args[N]=data/boston_housing/train/train_pos.txt

% getInputArgWithDefaultValue: args=[data/boston_housing/train/train_pos.txt, data/boston_housing/train/train_neg.txt, data/boston_housing/train/train_bk.txt, data/boston_housing/train/train_facts.txt]
%  for N=1: args[N]=data/boston_housing/train/train_neg.txt

% getInputArgWithDefaultValue: args=[data/boston_housing/train/train_pos.txt, data/boston_housing/train/train_neg.txt, data/boston_housing/train/train_bk.txt, data/boston_housing/train/train_facts.txt]
%  for N=2: args[N]=data/boston_housing/train/train_bk.txt

% getInputArgWithDefaultValue: args=[data/boston_housing/train/train_pos.txt, data/boston_housing/train/train_neg.txt, data/boston_housing/train/train_bk.txt, data/boston_housing/train/train_facts.txt]
%  for N=3: args[N]=data/boston_housing/train/train_facts.txt

% Welcome to the WILL ILP/SRL systems.

% Reading background theory from dir: null

% Switching to VarIndicator = uppercase.

***** Warning: % Since this is the first setting of the notation for variables, will keep:
%   variableIndicator = uppercase *****

% [ LazyGroundClauseIndex ]  Building full index for mode/1 with 1 assertions.

%  Read the facts.
%  Have read 5.668 facts.

%  LearnOneClause initialized.

% The outer looper has been created.

% Initializing the ILP inner looper.
% Have read 436 examples from 'data/boston_housing/train' [data/boston_housing/train/train*].

% NEW target:                 medv(A)
%  targetPred:                medv/1
%  targetArgTypes:            signature = [const], types = [+id]
%  targets:                   [medv(A)]
%  targetPredicates:          [medv/1]
%  targetArgSpecs:            [[A[+id]]]
%  variablesInTargets:        [[A]]

% Started collecting constants

% Collecting the types of constants.

%   *** WARNING ***  Constant '1' is already marked as being of types = [varsrim];
%          type = 'varindus' may be added if not already known.
%  PredicateName = 'indus', from 'indus(id100, 1)',
%  which has types = [signature = [const, const], types = [+id, #varindus]]
%   Other warnings with this predicate and this new type are not reported in order to keep this printout small.  Use dontComplainAboutMultipleTypes to override.

%   *** WARNING ***  Constant '0' is already marked as being of types = [varzn];
%          type = 'varchas' may be added if not already known.
%  PredicateName = 'chas', from 'chas(id1, 0)',
%  which has types = [signature = [const, const], types = [+id, #varchas]]
%   Other warnings with this predicate and this new type are not reported in order to keep this printout small.  Use dontComplainAboutMultipleTypes to override.

%   *** WARNING ***  Constant '2' is already marked as being of types = [varsrim, varindus];
%          type = 'varnox' may be added if not already known.
%  PredicateName = 'nox', from 'nox(id100, 2)',
%  which has types = [signature = [const, const], types = [+id, #varnox]]
%   Other warnings with this predicate and this new type are not reported in order to keep this printout small.  Use dontComplainAboutMultipleTypes to override.

%   *** WARNING ***  Constant '3' is already marked as being of types = [varsrim, varindus, varnox];
%          type = 'varrm' may be added if not already known.
%  PredicateName = 'rm', from 'rm(id100, 3)',
%  which has types = [signature = [const, const], types = [+id, #varrm]]
%   Other warnings with this predicate and this new type are not reported in order to keep this printout small.  Use dontComplainAboutMultipleTypes to override.

%   *** WARNING ***  Constant '1' is already marked as being of types = [varsrim, varindus, varchas, varnox, varrm];
%          type = 'varage' may be added if not already known.
%  PredicateName = 'age', from 'age(id100, 1)',
%  which has types = [signature = [const, const], types = [+id, #varage]]
%   Other warnings with this predicate and this new type are not reported in order to keep this printout small.  Use dontComplainAboutMultipleTypes to override.

%   *** WARNING ***  Constant '4' is already marked as being of types = [varsrim, varindus, varnox, varrm, varage];
%          type = 'vardis' may be added if not already known.
%  PredicateName = 'dis', from 'dis(id100, 4)',
%  which has types = [signature = [const, const], types = [+id, #vardis]]
%   Other warnings with this predicate and this new type are not reported in order to keep this printout small.  Use dontComplainAboutMultipleTypes to override.

%   *** WARNING ***  Constant '2' is already marked as being of types = [varsrim, varindus, varnox, varrm, varage, vardis];
%          type = 'varrad' may be added if not already known.
%  PredicateName = 'rad', from 'rad(id100, 2)',
%  which has types = [signature = [const, const], types = [+id, #varrad]]
%   Other warnings with this predicate and this new type are not reported in order to keep this printout small.  Use dontComplainAboutMultipleTypes to override.

%   *** WARNING ***  Constant '2' is already marked as being of types = [varsrim, varindus, varnox, varrm, varage, vardis, varrad];
%          type = 'varptrat' may be added if not already known.
%  PredicateName = 'ptratio', from 'ptratio(id100, 2)',
%  which has types = [signature = [const, const], types = [+id, #varptrat]]
%   Other warnings with this predicate and this new type are not reported in order to keep this printout small.  Use dontComplainAboutMultipleTypes to override.

%   *** WARNING ***  Constant '1' is already marked as being of types = [varsrim, varindus, varchas, varnox, varrm, varage, vardis, varrad, varptrat];
%          type = 'varb' may be added if not already known.
%  PredicateName = 'b', from 'b(id100, 1)',
%  which has types = [signature = [const, const], types = [+id, #varb]]
%   Other warnings with this predicate and this new type are not reported in order to keep this printout small.  Use dontComplainAboutMultipleTypes to override.

%   *** WARNING ***  Constant '1' is already marked as being of types = [varsrim, varindus, varchas, varnox, varrm, varage, vardis, varrad, varptrat, varb];
%          type = 'varlstat' may be added if not already known.
%  PredicateName = 'lstat', from 'lstat(id100, 1)',
%  which has types = [signature = [const, const], types = [+id, #varlstat]]
%   Other warnings with this predicate and this new type are not reported in order to keep this printout small.  Use dontComplainAboutMultipleTypes to override.

% Looking at the training examples to see if any types of new constants can be inferred.
% Time to collect constants: 233 milliseconds

% Read 436 pos examples and 0 neg examples.
% Time to init learnOneClause: 333 milliseconds
% Old dirnull
Setting model dir

% Have 436 'raw' positive examples and kept 436.
% Have 0 'raw' negative examples and kept 0.
% No neg ex for medv

% processing backup's for medv
%  POS EX = 436
%  NEG EX = 0

% Memory usage by WILLSetup (just counts # targets?):
%  |backupPosExamples| = 1
%  |backupNegExamples| = 1
%  |predicatesAsFacts| = 0
%  |addedToFactBase|   = 0
data/boston_housing/train/models/
% Learning 10 trees in this iteration for medv

% Learn model for: medv
% Kept 436 of the 436 positive examples.
% Kept 0 of the 0 negative examples.
% Have prepared facts.
% Dataset size: 436
Computing probabilities
prob time:16 milliseconds
No hidden examples for : medv
Time to build dataset: 20 milliseconds

% Have these 10 positive seeds: 29 34 81 88 103 110 125 127 192 251

% LearnOneClause Parameters:
%   Targets (1):
%    medv(+id)
%  Modes (13):
%    crim(+id, #varsrim),
%    zn(+id, #varzn),
%    indus(+id, #varindus),
%    chas(+id, #varchas),
%    nox(+id, #varnox),
%    rm(+id, #varrm),
%    age(+id, #varage),
%    dis(+id, #vardis),
%    rad(+id, #varrad),
%    tax(+id, #vartax),
%    ptratio(+id, #varptrat),
%    b(+id, #varb),
%    lstat(+id, #varlstat)

% target           = medv(A)
%     Score = -Infinity (regressionFit = Infinity, penalties=1.1E-7) for clause:  medv(_).  [covers 436,0/436,0 pos, 0,0/0,0 neg]
% Unacceptable due to being the root node.
% Most-general root: medv(_).  [covers 436,0/436,0 pos, 0,0/0,0 neg]  score = -Infinity
% [ LazyGroundNthArgumentClauseIndex ]  Argument 0:  Building full index for crim/2.
% [ LazyGroundClauseIndex ]  Building full index for crim/2 with 436 assertions.
% [ LazyGroundNthArgumentClauseIndex ]  Argument 0:  Building full index for zn/2.
% [ LazyGroundClauseIndex ]  Building full index for zn/2 with 436 assertions.
% [ LazyGroundNthArgumentClauseIndex ]  Argument 0:  Building full index for indus/2.
% [ LazyGroundClauseIndex ]  Building full index for indus/2 with 436 assertions.
% [ LazyGroundNthArgumentClauseIndex ]  Argument 0:  Building full index for chas/2.
% [ LazyGroundClauseIndex ]  Building full index for chas/2 with 436 assertions.
% [ LazyGroundNthArgumentClauseIndex ]  Argument 0:  Building full index for nox/2.
% [ LazyGroundClauseIndex ]  Building full index for nox/2 with 436 assertions.
% [ LazyGroundNthArgumentClauseIndex ]  Argument 0:  Building full index for rm/2.
% [ LazyGroundClauseIndex ]  Building full index for rm/2 with 436 assertions.
% [ LazyGroundNthArgumentClauseIndex ]  Argument 0:  Building full index for age/2.
% [ LazyGroundClauseIndex ]  Building full index for age/2 with 436 assertions.
% [ LazyGroundNthArgumentClauseIndex ]  Argument 0:  Building full index for dis/2.
% [ LazyGroundClauseIndex ]  Building full index for dis/2 with 436 assertions.
% [ LazyGroundNthArgumentClauseIndex ]  Argument 0:  Building full index for rad/2.
% [ LazyGroundClauseIndex ]  Building full index for rad/2 with 436 assertions.
% [ LazyGroundNthArgumentClauseIndex ]  Argument 0:  Building full index for tax/2.
% [ LazyGroundClauseIndex ]  Building full index for tax/2 with 436 assertions.
% [ LazyGroundNthArgumentClauseIndex ]  Argument 0:  Building full index for ptratio/2.
% [ LazyGroundClauseIndex ]  Building full index for ptratio/2 with 436 assertions.
% [ LazyGroundNthArgumentClauseIndex ]  Argument 0:  Building full index for b/2.
% [ LazyGroundClauseIndex ]  Building full index for b/2 with 436 assertions.
% [ LazyGroundNthArgumentClauseIndex ]  Argument 0:  Building full index for lstat/2.
% [ LazyGroundClauseIndex ]  Building full index for lstat/2 with 436 assertions.
%     Score = -38.882,625340 (regressionFit = 38.882,625339, penalties=1.03E-6) for clause:  medv(A) :- crim(A, 2).  [covers 51,0/436,0 pos, 0,0/0,0 neg]
% Gleaner: New best node found (score = -38.882,625340): medv(A) :- crim(A, 2).  [covers 51,0/436,0 pos, 0,0/0,0 neg]
%     Score = -39.638,483808 (regressionFit = 39.638,483807, penalties=1.03E-6) for clause:  medv(A) :- crim(A, 5).  [covers 49,0/436,0 pos, 0,0/0,0 neg]
%     Score = -37.633,240561 (regressionFit = 37.633,240560, penalties=1.03E-6) for clause:  medv(A) :- crim(A, 1).  [covers 49,0/436,0 pos, 0,0/0,0 neg]
% Gleaner: New best node found (score = -37.633,240561): medv(A) :- crim(A, 1).  [covers 49,0/436,0 pos, 0,0/0,0 neg]
%     Score = -39.638,468162 (regressionFit = 39.638,468161, penalties=1.03E-6) for clause:  medv(A) :- crim(A, 3).  [covers 47,0/436,0 pos, 0,0/0,0 neg]
%     Score = -39.500,127853 (regressionFit = 39.500,127852, penalties=1.03E-6) for clause:  medv(A) :- crim(A, 4).  [covers 41,0/436,0 pos, 0,0/0,0 neg]
%     Score = -34.695,563004 (regressionFit = 34.695,563003, penalties=1.03E-6) for clause:  medv(A) :- zn(A, 0).  [covers 307,0/436,0 pos, 0,0/0,0 neg]
% Gleaner: New best node found (score = -34.695,563004): medv(A) :- zn(A, 0).  [covers 307,0/436,0 pos, 0,0/0,0 neg]
%     Score = -39.611,954908 (regressionFit = 39.611,954907, penalties=1.03E-6) for clause:  medv(A) :- zn(A, 60).  [covers 4,0/436,0 pos, 0,0/0,0 neg]
%     Score = -38.269,606668 (regressionFit = 38.269,606667, penalties=1.03E-6) for clause:  medv(A) :- zn(A, 95).  [covers 4,0/436,0 pos, 0,0/0,0 neg]
%     Score = -39.315,392215 (regressionFit = 39.315,392214, penalties=1.03E-6) for clause:  medv(A) :- zn(A, 40).  [covers 7,0/436,0 pos, 0,0/0,0 neg]
%     Score = -39.062,758165 (regressionFit = 39.062,758164, penalties=1.03E-6) for clause:  medv(A) :- indus(A, 8).  [covers 21,0/436,0 pos, 0,0/0,0 neg]
%     Score = -36.297,050048 (regressionFit = 36.297,050047, penalties=1.03E-6) for clause:  medv(A) :- indus(A, 4).  [covers 49,0/436,0 pos, 0,0/0,0 neg]
%     Score = -35.626,344947 (regressionFit = 35.626,344946, penalties=1.03E-6) for clause:  medv(A) :- indus(A, 1).  [covers 48,0/436,0 pos, 0,0/0,0 neg]
%     Score = -39.505,053776 (regressionFit = 39.505,053775, penalties=1.03E-6) for clause:  medv(A) :- indus(A, 6).  [covers 36,0/436,0 pos, 0,0/0,0 neg]
%     Score = -38.605,364995 (regressionFit = 38.605,364994, penalties=1.03E-6) for clause:  medv(A) :- indus(A, 2).  [covers 51,0/436,0 pos, 0,0/0,0 neg]
%     Score = -38.577,904001 (regressionFit = 38.577,904000, penalties=1.03E-6) for clause:  medv(A) :- chas(A, 0).  [covers 401,0/436,0 pos, 0,0/0,0 neg]
%     Score = -39.461,939144 (regressionFit = 39.461,939143, penalties=1.03E-6) for clause:  medv(A) :- nox(A, 7).  [covers 32,0/436,0 pos, 0,0/0,0 neg]
%     Score = -38.985,899932 (regressionFit = 38.985,899931, penalties=1.03E-6) for clause:  medv(A) :- nox(A, 8).  [covers 36,0/436,0 pos, 0,0/0,0 neg]
%     Score = -39.632,627139 (regressionFit = 39.632,627138, penalties=1.03E-6) for clause:  medv(A) :- nox(A, 3).  [covers 43,0/436,0 pos, 0,0/0,0 neg]
%     Score = -38.164,984537 (regressionFit = 38.164,984536, penalties=1.03E-6) for clause:  medv(A) :- nox(A, 4).  [covers 48,0/436,0 pos, 0,0/0,0 neg]
%     Score = -38.241,492656 (regressionFit = 38.241,492655, penalties=1.03E-6) for clause:  medv(A) :- nox(A, 6).  [covers 48,0/436,0 pos, 0,0/0,0 neg]
%     Score = -38.931,488693 (regressionFit = 38.931,488692, penalties=1.03E-6) for clause:  medv(A) :- nox(A, 2).  [covers 48,0/436,0 pos, 0,0/0,0 neg]
%     Score = -38.918,693679 (regressionFit = 38.918,693678, penalties=1.03E-6) for clause:  medv(A) :- rm(A, 8).  [covers 45,0/436,0 pos, 0,0/0,0 neg]
%     Score = -37.815,121425 (regressionFit = 37.815,121424, penalties=1.03E-6) for clause:  medv(A) :- rm(A, 7).  [covers 44,0/436,0 pos, 0,0/0,0 neg]
%     Score = -39.236,069996 (regressionFit = 39.236,069995, penalties=1.03E-6) for clause:  medv(A) :- rm(A, 2).  [covers 44,0/436,0 pos, 0,0/0,0 neg]
%     Score = -23.480,474260 (regressionFit = 23.480,474259, penalties=1.03E-6) for clause:  medv(A) :- rm(A, 3).  [covers 48,0/436,0 pos, 0,0/0,0 neg]
% Gleaner: New best node found (score = -23.480,474260): medv(A) :- rm(A, 3).  [covers 48,0/436,0 pos, 0,0/0,0 neg]
%     Score = -37.701,638091 (regressionFit = 37.701,638090, penalties=1.03E-6) for clause:  medv(A) :- rm(A, 4).  [covers 46,0/436,0 pos, 0,0/0,0 neg]
%     Score = -39.546,760680 (regressionFit = 39.546,760679, penalties=1.03E-6) for clause:  medv(A) :- rm(A, 10).  [covers 40,0/436,0 pos, 0,0/0,0 neg]
%     Score = -39.237,214598 (regressionFit = 39.237,214597, penalties=1.03E-6) for clause:  medv(A) :- rm(A, 6).  [covers 43,0/436,0 pos, 0,0/0,0 neg]
%     Score = -39.264,324993 (regressionFit = 39.264,324992, penalties=1.03E-6) for clause:  medv(A) :- age(A, 5).  [covers 41,0/436,0 pos, 0,0/0,0 neg]
%     Score = -38.382,788103 (regressionFit = 38.382,788102, penalties=1.03E-6) for clause:  medv(A) :- age(A, 7).  [covers 43,0/436,0 pos, 0,0/0,0 neg]
%     Score = -39.591,251036 (regressionFit = 39.591,251035, penalties=1.03E-6) for clause:  medv(A) :- age(A, 2).  [covers 40,0/436,0 pos, 0,0/0,0 neg]
%     Score = -38.506,152858 (regressionFit = 38.506,152857, penalties=1.03E-6) for clause:  medv(A) :- age(A, 10).  [covers 49,0/436,0 pos, 0,0/0,0 neg]
%     Score = -38.514,302075 (regressionFit = 38.514,302074, penalties=1.03E-6) for clause:  medv(A) :- age(A, 8).  [covers 49,0/436,0 pos, 0,0/0,0 neg]
%     Score = -39.446,839830 (regressionFit = 39.446,839829, penalties=1.03E-6) for clause:  medv(A) :- age(A, 3).  [covers 46,0/436,0 pos, 0,0/0,0 neg]
%     Score = -39.604,062463 (regressionFit = 39.604,062462, penalties=1.03E-6) for clause:  medv(A) :- dis(A, 8).  [covers 42,0/436,0 pos, 0,0/0,0 neg]
%     Score = -38.756,088525 (regressionFit = 38.756,088524, penalties=1.03E-6) for clause:  medv(A) :- dis(A, 6).  [covers 32,0/436,0 pos, 0,0/0,0 neg]
%     Score = -39.398,550879 (regressionFit = 39.398,550878, penalties=1.03E-6) for clause:  medv(A) :- dis(A, 3).  [covers 50,0/436,0 pos, 0,0/0,0 neg]
%     Score = -39.463,716798 (regressionFit = 39.463,716797, penalties=1.03E-6) for clause:  medv(A) :- dis(A, 5).  [covers 46,0/436,0 pos, 0,0/0,0 neg]
%     Score = -39.608,466081 (regressionFit = 39.608,466080, penalties=1.03E-6) for clause:  medv(A) :- dis(A, 1).  [covers 48,0/436,0 pos, 0,0/0,0 neg]
%     Score = -38.980,541901 (regressionFit = 38.980,541899, penalties=1.03E-6) for clause:  medv(A) :- dis(A, 2).  [covers 50,0/436,0 pos, 0,0/0,0 neg]
%     Score = -39.277,358952 (regressionFit = 39.277,358951, penalties=1.03E-6) for clause:  medv(A) :- rad(A, 2).  [covers 23,0/436,0 pos, 0,0/0,0 neg]
%     Score = -39.459,259956 (regressionFit = 39.459,259954, penalties=1.03E-6) for clause:  medv(A) :- rad(A, 4).  [covers 101,0/436,0 pos, 0,0/0,0 neg]
%     Score = -38.686,454048 (regressionFit = 38.686,454047, penalties=1.03E-6) for clause:  medv(A) :- rad(A, 5).  [covers 112,0/436,0 pos, 0,0/0,0 neg]
%     Score = -38.771,365965 (regressionFit = 38.771,365964, penalties=1.03E-6) for clause:  medv(A) :- rad(A, 3).  [covers 37,0/436,0 pos, 0,0/0,0 neg]
%     Score = -39.533,010437 (regressionFit = 39.533,010435, penalties=1.03E-6) for clause:  medv(A) :- rad(A, 1).  [covers 15,0/436,0 pos, 0,0/0,0 neg]
%     Score = -39.539,402678 (regressionFit = 39.539,402677, penalties=1.03E-6) for clause:  medv(A) :- tax(A, 188).  [covers 7,0/436,0 pos, 0,0/0,0 neg]
%     Score = -39.152,503139 (regressionFit = 39.152,503138, penalties=1.03E-6) for clause:  medv(A) :- tax(A, 437).  [covers 14,0/436,0 pos, 0,0/0,0 neg]
%     Score = -39.609,412408 (regressionFit = 39.609,412407, penalties=1.03E-6) for clause:  medv(A) :- tax(A, 296).  [covers 8,0/436,0 pos, 0,0/0,0 neg]
%     Score = -38.252,905492 (regressionFit = 38.252,905491, penalties=1.03E-6) for clause:  medv(A) :- tax(A, 193).  [covers 8,0/436,0 pos, 0,0/0,0 neg]
%     Score = -Infinity (regressionFit = Infinity, penalties=1.03E-6) for clause:  medv(A) :- tax(A, 265).  [covers 2,0/436,0 pos, 0,0/0,0 neg]
%     Score = -Infinity (regressionFit = Infinity, penalties=1.03E-6) for clause:  medv(A) :- tax(A, 402).  [covers 2,0/436,0 pos, 0,0/0,0 neg]
%     Score = -39.638,457648 (regressionFit = 39.638,457647, penalties=1.03E-6) for clause:  medv(A) :- tax(A, 277).  [covers 11,0/436,0 pos, 0,0/0,0 neg]
%     Score = -39.246,876873 (regressionFit = 39.246,876872, penalties=1.03E-6) for clause:  medv(A) :- tax(A, 254).  [covers 5,0/436,0 pos, 0,0/0,0 neg]
%     Score = -39.618,171194 (regressionFit = 39.618,171193, penalties=1.03E-6) for clause:  medv(A) :- tax(A, 430).  [covers 3,0/436,0 pos, 0,0/0,0 neg]
%     Score = -39.637,264034 (regressionFit = 39.637,264033, penalties=1.03E-6) for clause:  medv(A) :- ptratio(A, 5).  [covers 42,0/436,0 pos, 0,0/0,0 neg]
%     Score = -39.136,375477 (regressionFit = 39.136,375476, penalties=1.03E-6) for clause:  medv(A) :- ptratio(A, 7).  [covers 16,0/436,0 pos, 0,0/0,0 neg]
%     Score = -38.628,749898 (regressionFit = 38.628,749897, penalties=1.03E-6) for clause:  medv(A) :- ptratio(A, 6).  [covers 48,0/436,0 pos, 0,0/0,0 neg]
%     Score = -38.966,688041 (regressionFit = 38.966,688040, penalties=1.03E-6) for clause:  medv(A) :- ptratio(A, 2).  [covers 47,0/436,0 pos, 0,0/0,0 neg]
%     Score = -38.780,620084 (regressionFit = 38.780,620083, penalties=1.03E-6) for clause:  medv(A) :- ptratio(A, 1).  [covers 45,0/436,0 pos, 0,0/0,0 neg]
%     Score = -39.612,829726 (regressionFit = 39.612,829724, penalties=1.03E-6) for clause:  medv(A) :- ptratio(A, 3).  [covers 51,0/436,0 pos, 0,0/0,0 neg]
%     Score = -38.737,874029 (regressionFit = 38.737,874028, penalties=1.03E-6) for clause:  medv(A) :- b(A, 5).  [covers 46,0/436,0 pos, 0,0/0,0 neg]
%     Score = -39.157,831192 (regressionFit = 39.157,831191, penalties=1.03E-6) for clause:  medv(A) :- b(A, 1).  [covers 102,0/436,0 pos, 0,0/0,0 neg]
%     Score = -39.618,245003 (regressionFit = 39.618,245002, penalties=1.03E-6) for clause:  medv(A) :- b(A, 3).  [covers 47,0/436,0 pos, 0,0/0,0 neg]
%     Score = -39.576,713515 (regressionFit = 39.576,713514, penalties=1.03E-6) for clause:  medv(A) :- b(A, 4).  [covers 27,0/436,0 pos, 0,0/0,0 neg]
%     Score = -39.176,403309 (regressionFit = 39.176,403308, penalties=1.03E-6) for clause:  medv(A) :- b(A, 2).  [covers 40,0/436,0 pos, 0,0/0,0 neg]
%     Score = -39.164,167220 (regressionFit = 39.164,167219, penalties=1.03E-6) for clause:  medv(A) :- b(A, 8).  [covers 46,0/436,0 pos, 0,0/0,0 neg]
%     Score = -38.001,294509 (regressionFit = 38.001,294508, penalties=1.03E-6) for clause:  medv(A) :- lstat(A, 7).  [covers 38,0/436,0 pos, 0,0/0,0 neg]
%     Score = -36.454,238102 (regressionFit = 36.454,238101, penalties=1.03E-6) for clause:  medv(A) :- lstat(A, 5).  [covers 39,0/436,0 pos, 0,0/0,0 neg]
%     Score = -39.453,241329 (regressionFit = 39.453,241328, penalties=1.03E-6) for clause:  medv(A) :- lstat(A, 2).  [covers 45,0/436,0 pos, 0,0/0,0 neg]
%     Score = -38.800,377476 (regressionFit = 38.800,377475, penalties=1.03E-6) for clause:  medv(A) :- lstat(A, 9).  [covers 46,0/436,0 pos, 0,0/0,0 neg]
%     Score = -37.918,361293 (regressionFit = 37.918,361292, penalties=1.03E-6) for clause:  medv(A) :- lstat(A, 1).  [covers 49,0/436,0 pos, 0,0/0,0 neg]
%     Score = -24.407,574443 (regressionFit = 24.407,574442, penalties=1.03E-6) for clause:  medv(A) :- lstat(A, 3).  [covers 51,0/436,0 pos, 0,0/0,0 neg]

% The best node found: medv(A) :- rm(A, 3).  [covers 48,0/436,0 pos, 0,0/0,0 neg]

% The best node found: medv(A) :- rm(A, 3).  [covers 48,0/436,0 pos, 0,0/0,0 neg]
Setting 39.96875000000001 for 
 // Learned this clause on outer loop cycle #1.  It scores=-23.480,47 and has recall=0,11, precision=1,00, and F1=0,20 (using m-estimates).
 // It covers 11,0% of the positive examples, 48 of 436,
(medv(A) :- rm(A, 3))

% On cycle #1, the best clause found is:
%      medv(A) :- rm(A, 3).  [covers 48,0/436,0 pos, 0,0/0,0 neg]
% This clause covers 48 positive examples, of which 48 are newly covered.
% It also covers 0 negative examples, of which 0 are newly covered.
% The current set of 1 best clauses covers 11,0% of the positive examples and NaN% of the negatives.}

% Have these 10 positive seeds: 24 101 131 170 243 266 290 324 336 366

% target           = medv(A)
%     Score = -Infinity (regressionFit = Infinity, penalties=1.1E-7) for clause:  medv(_).  [covers 436,0/436,0 pos, 0,0/0,0 neg]
% Unacceptable due to being the root node.
% Most-general root: medv(_).  [covers 436,0/436,0 pos, 0,0/0,0 neg]  score = -Infinity
%     Score = -41.075,209076 (regressionFit = 41.075,209075, penalties=1.03E-6) for clause:  medv(A) :- crim(A, 3).  [covers 47,0/436,0 pos, 0,0/0,0 neg]
% Gleaner: New best node found (score = -41.075,209076): medv(A) :- crim(A, 3).  [covers 47,0/436,0 pos, 0,0/0,0 neg]
%     Score = -40.831,074117 (regressionFit = 40.831,074116, penalties=1.03E-6) for clause:  medv(A) :- crim(A, 2).  [covers 51,0/436,0 pos, 0,0/0,0 neg]
% Gleaner: New best node found (score = -40.831,074117): medv(A) :- crim(A, 2).  [covers 51,0/436,0 pos, 0,0/0,0 neg]
%     Score = -41.181,483784 (regressionFit = 41.181,483783, penalties=1.03E-6) for clause:  medv(A) :- crim(A, 1).  [covers 49,0/436,0 pos, 0,0/0,0 neg]
%     Score = -41.338,781483 (regressionFit = 41.338,781482, penalties=1.03E-6) for clause:  medv(A) :- crim(A, 4).  [covers 41,0/436,0 pos, 0,0/0,0 neg]
%     Score = -41.456,456209 (regressionFit = 41.456,456208, penalties=1.03E-6) for clause:  medv(A) :- crim(A, 8).  [covers 32,0/436,0 pos, 0,0/0,0 neg]
%     Score = -41.431,408705 (regressionFit = 41.431,408704, penalties=1.03E-6) for clause:  medv(A) :- crim(A, 9).  [covers 32,0/436,0 pos, 0,0/0,0 neg]
%     Score = -38.480,709126 (regressionFit = 38.480,709125, penalties=1.03E-6) for clause:  medv(A) :- crim(A, 10).  [covers 45,0/436,0 pos, 0,0/0,0 neg]
% Gleaner: New best node found (score = -38.480,709126): medv(A) :- crim(A, 10).  [covers 45,0/436,0 pos, 0,0/0,0 neg]
%     Score = -41.446,830441 (regressionFit = 41.446,830440, penalties=1.03E-6) for clause:  medv(A) :- zn(A, 12.5).  [covers 10,0/436,0 pos, 0,0/0,0 neg]
%     Score = -41.454,939210 (regressionFit = 41.454,939209, penalties=1.03E-6) for clause:  medv(A) :- zn(A, 45).  [covers 6,0/436,0 pos, 0,0/0,0 neg]
%     Score = -41.189,332761 (regressionFit = 41.189,332760, penalties=1.03E-6) for clause:  medv(A) :- zn(A, 0).  [covers 307,0/436,0 pos, 0,0/0,0 neg]
%     Score = -41.458,277151 (regressionFit = 41.458,277150, penalties=1.03E-6) for clause:  medv(A) :- zn(A, 80).  [covers 14,0/436,0 pos, 0,0/0,0 neg]
%     Score = -41.451,529590 (regressionFit = 41.451,529589, penalties=1.03E-6) for clause:  medv(A) :- indus(A, 3).  [covers 47,0/436,0 pos, 0,0/0,0 neg]
%     Score = -41.434,086387 (regressionFit = 41.434,086386, penalties=1.03E-6) for clause:  medv(A) :- indus(A, 4).  [covers 49,0/436,0 pos, 0,0/0,0 neg]
%     Score = -41.122,904098 (regressionFit = 41.122,904097, penalties=1.03E-6) for clause:  medv(A) :- indus(A, 7).  [covers 17,0/436,0 pos, 0,0/0,0 neg]
%     Score = -41.450,607390 (regressionFit = 41.450,607389, penalties=1.03E-6) for clause:  medv(A) :- indus(A, 1).  [covers 48,0/436,0 pos, 0,0/0,0 neg]
%     Score = -39.704,622436 (regressionFit = 39.704,622435, penalties=1.03E-6) for clause:  medv(A) :- indus(A, 10).  [covers 90,0/436,0 pos, 0,0/0,0 neg]
%     Score = -41.357,888545 (regressionFit = 41.357,888544, penalties=1.03E-6) for clause:  medv(A) :- chas(A, 0).  [covers 401,0/436,0 pos, 0,0/0,0 neg]
%     Score = -41.357,888545 (regressionFit = 41.357,888544, penalties=1.03E-6) for clause:  medv(A) :- chas(A, 1).  [covers 35,0/436,0 pos, 0,0/0,0 neg]
%     Score = -41.282,282660 (regressionFit = 41.282,282659, penalties=1.03E-6) for clause:  medv(A) :- nox(A, 3).  [covers 43,0/436,0 pos, 0,0/0,0 neg]
%     Score = -40.912,038706 (regressionFit = 40.912,038705, penalties=1.03E-6) for clause:  medv(A) :- nox(A, 5).  [covers 50,0/436,0 pos, 0,0/0,0 neg]
%     Score = -41.462,325753 (regressionFit = 41.462,325751, penalties=1.03E-6) for clause:  medv(A) :- nox(A, 1).  [covers 47,0/436,0 pos, 0,0/0,0 neg]
%     Score = -41.034,652436 (regressionFit = 41.034,652435, penalties=1.03E-6) for clause:  medv(A) :- nox(A, 6).  [covers 48,0/436,0 pos, 0,0/0,0 neg]
%     Score = -41.374,851371 (regressionFit = 41.374,851370, penalties=1.03E-6) for clause:  medv(A) :- nox(A, 4).  [covers 48,0/436,0 pos, 0,0/0,0 neg]
%     Score = -41.010,333146 (regressionFit = 41.010,333145, penalties=1.03E-6) for clause:  medv(A) :- nox(A, 9).  [covers 42,0/436,0 pos, 0,0/0,0 neg]
%     Score = -37.578,649645 (regressionFit = 37.578,649644, penalties=1.03E-6) for clause:  medv(A) :- nox(A, 10).  [covers 42,0/436,0 pos, 0,0/0,0 neg]
% Gleaner: New best node found (score = -37.578,649645): medv(A) :- nox(A, 10).  [covers 42,0/436,0 pos, 0,0/0,0 neg]
%     Score = -41.446,430653 (regressionFit = 41.446,430652, penalties=1.03E-6) for clause:  medv(A) :- nox(A, 8).  [covers 36,0/436,0 pos, 0,0/0,0 neg]
%     Score = -41.433,397904 (regressionFit = 41.433,397902, penalties=1.03E-6) for clause:  medv(A) :- rm(A, 5).  [covers 39,0/436,0 pos, 0,0/0,0 neg]
%     Score = -39.187,192284 (regressionFit = 39.187,192283, penalties=1.03E-6) for clause:  medv(A) :- rm(A, 1).  [covers 43,0/436,0 pos, 0,0/0,0 neg]
%     Score = -41.080,955093 (regressionFit = 41.080,955092, penalties=1.03E-6) for clause:  medv(A) :- rm(A, 10).  [covers 40,0/436,0 pos, 0,0/0,0 neg]
%     Score = -41.447,182226 (regressionFit = 41.447,182225, penalties=1.03E-6) for clause:  medv(A) :- rm(A, 8).  [covers 45,0/436,0 pos, 0,0/0,0 neg]
%     Score = -41.351,069422 (regressionFit = 41.351,069421, penalties=1.03E-6) for clause:  medv(A) :- rm(A, 2).  [covers 44,0/436,0 pos, 0,0/0,0 neg]
%     Score = -40.954,414480 (regressionFit = 40.954,414479, penalties=1.03E-6) for clause:  medv(A) :- rm(A, 9).  [covers 44,0/436,0 pos, 0,0/0,0 neg]
%     Score = -41.323,969831 (regressionFit = 41.323,969830, penalties=1.03E-6) for clause:  medv(A) :- rm(A, 7).  [covers 44,0/436,0 pos, 0,0/0,0 neg]
%     Score = -41.161,201584 (regressionFit = 41.161,201583, penalties=1.03E-6) for clause:  medv(A) :- age(A, 2).  [covers 40,0/436,0 pos, 0,0/0,0 neg]
%     Score = -40.574,442320 (regressionFit = 40.574,442319, penalties=1.03E-6) for clause:  medv(A) :- age(A, 8).  [covers 49,0/436,0 pos, 0,0/0,0 neg]
%     Score = -41.146,181452 (regressionFit = 41.146,181451, penalties=1.03E-6) for clause:  medv(A) :- age(A, 7).  [covers 43,0/436,0 pos, 0,0/0,0 neg]
%     Score = -40.167,056077 (regressionFit = 40.167,056076, penalties=1.03E-6) for clause:  medv(A) :- age(A, 10).  [covers 49,0/436,0 pos, 0,0/0,0 neg]
%     Score = -41.289,344113 (regressionFit = 41.289,344112, penalties=1.03E-6) for clause:  medv(A) :- age(A, 1).  [covers 43,0/436,0 pos, 0,0/0,0 neg]
%     Score = -41.377,113556 (regressionFit = 41.377,113555, penalties=1.03E-6) for clause:  medv(A) :- age(A, 9).  [covers 40,0/436,0 pos, 0,0/0,0 neg]
%     Score = -41.377,357983 (regressionFit = 41.377,357982, penalties=1.03E-6) for clause:  medv(A) :- age(A, 5).  [covers 41,0/436,0 pos, 0,0/0,0 neg]
%     Score = -40.929,582529 (regressionFit = 40.929,582528, penalties=1.03E-6) for clause:  medv(A) :- age(A, 6).  [covers 48,0/436,0 pos, 0,0/0,0 neg]
%     Score = -41.122,978005 (regressionFit = 41.122,978004, penalties=1.03E-6) for clause:  medv(A) :- dis(A, 3).  [covers 50,0/436,0 pos, 0,0/0,0 neg]
%     Score = -41.465,695636 (regressionFit = 41.465,695635, penalties=1.03E-6) for clause:  medv(A) :- dis(A, 4).  [covers 45,0/436,0 pos, 0,0/0,0 neg]
%     Score = -41.071,938100 (regressionFit = 41.071,938099, penalties=1.03E-6) for clause:  medv(A) :- dis(A, 5).  [covers 46,0/436,0 pos, 0,0/0,0 neg]
%     Score = -41.393,946856 (regressionFit = 41.393,946855, penalties=1.03E-6) for clause:  medv(A) :- dis(A, 1).  [covers 48,0/436,0 pos, 0,0/0,0 neg]
%     Score = -41.228,814104 (regressionFit = 41.228,814103, penalties=1.03E-6) for clause:  medv(A) :- dis(A, 10).  [covers 51,0/436,0 pos, 0,0/0,0 neg]
%     Score = -39.530,753086 (regressionFit = 39.530,753085, penalties=1.03E-6) for clause:  medv(A) :- dis(A, 9).  [covers 43,0/436,0 pos, 0,0/0,0 neg]
%     Score = -41.013,014581 (regressionFit = 41.013,014580, penalties=1.03E-6) for clause:  medv(A) :- dis(A, 8).  [covers 42,0/436,0 pos, 0,0/0,0 neg]
%     Score = -41.357,932370 (regressionFit = 41.357,932369, penalties=1.03E-6) for clause:  medv(A) :- rad(A, 5).  [covers 112,0/436,0 pos, 0,0/0,0 neg]
%     Score = -41.422,339262 (regressionFit = 41.422,339261, penalties=1.03E-6) for clause:  medv(A) :- rad(A, 1).  [covers 15,0/436,0 pos, 0,0/0,0 neg]
%     Score = -39.704,622436 (regressionFit = 39.704,622435, penalties=1.03E-6) for clause:  medv(A) :- rad(A, 24).  [covers 90,0/436,0 pos, 0,0/0,0 neg]
%     Score = -41.452,430945 (regressionFit = 41.452,430944, penalties=1.03E-6) for clause:  medv(A) :- tax(A, 311).  [covers 7,0/436,0 pos, 0,0/0,0 neg]
%     Score = -41.419,359914 (regressionFit = 41.419,359913, penalties=1.03E-6) for clause:  medv(A) :- tax(A, 398).  [covers 12,0/436,0 pos, 0,0/0,0 neg]
%     Score = -41.384,834550 (regressionFit = 41.384,834549, penalties=1.03E-6) for clause:  medv(A) :- tax(A, 276).  [covers 9,0/436,0 pos, 0,0/0,0 neg]
%     Score = -Infinity (regressionFit = Infinity, penalties=1.03E-6) for clause:  medv(A) :- tax(A, 315).  [covers 2,0/436,0 pos, 0,0/0,0 neg]
%     Score = -41.347,448687 (regressionFit = 41.347,448686, penalties=1.03E-6) for clause:  medv(A) :- tax(A, 287).  [covers 8,0/436,0 pos, 0,0/0,0 neg]
%     Score = -Infinity (regressionFit = Infinity, penalties=1.03E-6) for clause:  medv(A) :- tax(A, 422).  [covers 1,0/436,0 pos, 0,0/0,0 neg]
%     Score = -39.704,622436 (regressionFit = 39.704,622435, penalties=1.03E-6) for clause:  medv(A) :- tax(A, 666).  [covers 90,0/436,0 pos, 0,0/0,0 neg]
%     Score = -40.950,314648 (regressionFit = 40.950,314647, penalties=1.03E-6) for clause:  medv(A) :- ptratio(A, 1).  [covers 45,0/436,0 pos, 0,0/0,0 neg]
%     Score = -40.859,785169 (regressionFit = 40.859,785168, penalties=1.03E-6) for clause:  medv(A) :- ptratio(A, 5).  [covers 42,0/436,0 pos, 0,0/0,0 neg]
%     Score = -39.871,245550 (regressionFit = 39.871,245549, penalties=1.03E-6) for clause:  medv(A) :- ptratio(A, 10).  [covers 97,0/436,0 pos, 0,0/0,0 neg]
%     Score = -41.458,180373 (regressionFit = 41.458,180372, penalties=1.03E-6) for clause:  medv(A) :- b(A, 1).  [covers 102,0/436,0 pos, 0,0/0,0 neg]
%     Score = -41.420,414082 (regressionFit = 41.420,414081, penalties=1.03E-6) for clause:  medv(A) :- b(A, 6).  [covers 47,0/436,0 pos, 0,0/0,0 neg]
%     Score = -41.327,995675 (regressionFit = 41.327,995674, penalties=1.03E-6) for clause:  medv(A) :- b(A, 3).  [covers 47,0/436,0 pos, 0,0/0,0 neg]
%     Score = -41.449,932357 (regressionFit = 41.449,932356, penalties=1.03E-6) for clause:  medv(A) :- b(A, 9).  [covers 41,0/436,0 pos, 0,0/0,0 neg]
%     Score = -40.431,984126 (regressionFit = 40.431,984125, penalties=1.03E-6) for clause:  medv(A) :- b(A, 7).  [covers 40,0/436,0 pos, 0,0/0,0 neg]
%     Score = -41.342,911158 (regressionFit = 41.342,911157, penalties=1.03E-6) for clause:  medv(A) :- lstat(A, 4).  [covers 42,0/436,0 pos, 0,0/0,0 neg]
%     Score = -41.080,950920 (regressionFit = 41.080,950919, penalties=1.03E-6) for clause:  medv(A) :- lstat(A, 1).  [covers 49,0/436,0 pos, 0,0/0,0 neg]
%     Score = -41.342,873809 (regressionFit = 41.342,873808, penalties=1.03E-6) for clause:  medv(A) :- lstat(A, 8).  [covers 44,0/436,0 pos, 0,0/0,0 neg]
%     Score = -40.429,346124 (regressionFit = 40.429,346123, penalties=1.03E-6) for clause:  medv(A) :- lstat(A, 2).  [covers 45,0/436,0 pos, 0,0/0,0 neg]
%     Score = -41.352,437861 (regressionFit = 41.352,437860, penalties=1.03E-6) for clause:  medv(A) :- lstat(A, 9).  [covers 46,0/436,0 pos, 0,0/0,0 neg]
%     Score = -40.702,513519 (regressionFit = 40.702,513518, penalties=1.03E-6) for clause:  medv(A) :- lstat(A, 5).  [covers 39,0/436,0 pos, 0,0/0,0 neg]
%     Score = -39.378,588773 (regressionFit = 39.378,588772, penalties=1.03E-6) for clause:  medv(A) :- lstat(A, 6).  [covers 44,0/436,0 pos, 0,0/0,0 neg]

% The best node found: medv(A) :- nox(A, 10).  [covers 42,0/436,0 pos, 0,0/0,0 neg]

% The best node found: medv(A) :- nox(A, 10).  [covers 42,0/436,0 pos, 0,0/0,0 neg]
Setting 9.115029761904761 for 
 // Learned this clause on outer loop cycle #2.  It scores=-37.578,65 and has recall=0,10, precision=1,00, and F1=0,18 (using m-estimates).
 // It covers 9,6% of the positive examples, 42 of 436 (of which 41 are newly covered),
 // So far 89 (20,4%) of the positive examples have been covered.
(medv(A) :- nox(A, 10))

% On cycle #2, the best clause found is:
%      medv(A) :- nox(A, 10).  [covers 42,0/436,0 pos, 0,0/0,0 neg]
% This clause covers 42 positive examples, of which 41 are newly covered.
% It also covers 0 negative examples, of which 0 are newly covered.
% The current set of 2 best clauses covers 20,4% of the positive examples and NaN% of the negatives.}

% Have these 10 positive seeds: 52 58 71 100 126 208 230 238 264 274

% target           = medv(A)
%     Score = -Infinity (regressionFit = Infinity, penalties=1.1E-7) for clause:  medv(_).  [covers 436,0/436,0 pos, 0,0/0,0 neg]
% Unacceptable due to being the root node.
% Most-general root: medv(_).  [covers 436,0/436,0 pos, 0,0/0,0 neg]  score = -Infinity
%     Score = -51.620,137492 (regressionFit = 51.620,137491, penalties=1.03E-6) for clause:  medv(A) :- crim(A, 8).  [covers 32,0/436,0 pos, 0,0/0,0 neg]
% Gleaner: New best node found (score = -51.620,137492): medv(A) :- crim(A, 8).  [covers 32,0/436,0 pos, 0,0/0,0 neg]
%     Score = -51.612,281936 (regressionFit = 51.612,281935, penalties=1.03E-6) for clause:  medv(A) :- crim(A, 5).  [covers 49,0/436,0 pos, 0,0/0,0 neg]
% Gleaner: New best node found (score = -51.612,281936): medv(A) :- crim(A, 5).  [covers 49,0/436,0 pos, 0,0/0,0 neg]
%     Score = -51.249,523343 (regressionFit = 51.249,523342, penalties=1.03E-6) for clause:  medv(A) :- crim(A, 7).  [covers 47,0/436,0 pos, 0,0/0,0 neg]
% Gleaner: New best node found (score = -51.249,523343): medv(A) :- crim(A, 7).  [covers 47,0/436,0 pos, 0,0/0,0 neg]
%     Score = -51.074,582467 (regressionFit = 51.074,582466, penalties=1.03E-6) for clause:  medv(A) :- crim(A, 1).  [covers 49,0/436,0 pos, 0,0/0,0 neg]
% Gleaner: New best node found (score = -51.074,582467): medv(A) :- crim(A, 1).  [covers 49,0/436,0 pos, 0,0/0,0 neg]
%     Score = -51.326,383092 (regressionFit = 51.326,383091, penalties=1.03E-6) for clause:  medv(A) :- crim(A, 4).  [covers 41,0/436,0 pos, 0,0/0,0 neg]
%     Score = -50.727,484552 (regressionFit = 50.727,484551, penalties=1.03E-6) for clause:  medv(A) :- crim(A, 6).  [covers 43,0/436,0 pos, 0,0/0,0 neg]
% Gleaner: New best node found (score = -50.727,484552): medv(A) :- crim(A, 6).  [covers 43,0/436,0 pos, 0,0/0,0 neg]
%     Score = -50.808,456886 (regressionFit = 50.808,456885, penalties=1.03E-6) for clause:  medv(A) :- zn(A, 0).  [covers 307,0/436,0 pos, 0,0/0,0 neg]
%     Score = -51.584,289531 (regressionFit = 51.584,289530, penalties=1.03E-6) for clause:  medv(A) :- zn(A, 80).  [covers 14,0/436,0 pos, 0,0/0,0 neg]
%     Score = -51.338,726486 (regressionFit = 51.338,726485, penalties=1.03E-6) for clause:  medv(A) :- zn(A, 40).  [covers 7,0/436,0 pos, 0,0/0,0 neg]
%     Score = -51.620,104426 (regressionFit = 51.620,104425, penalties=1.03E-6) for clause:  medv(A) :- indus(A, 9).  [covers 29,0/436,0 pos, 0,0/0,0 neg]
%     Score = -51.518,143416 (regressionFit = 51.518,143415, penalties=1.03E-6) for clause:  medv(A) :- indus(A, 3).  [covers 47,0/436,0 pos, 0,0/0,0 neg]
%     Score = -51.159,001080 (regressionFit = 51.159,001079, penalties=1.03E-6) for clause:  medv(A) :- indus(A, 6).  [covers 36,0/436,0 pos, 0,0/0,0 neg]
%     Score = -50.534,870925 (regressionFit = 50.534,870924, penalties=1.03E-6) for clause:  medv(A) :- indus(A, 5).  [covers 48,0/436,0 pos, 0,0/0,0 neg]
% Gleaner: New best node found (score = -50.534,870925): medv(A) :- indus(A, 5).  [covers 48,0/436,0 pos, 0,0/0,0 neg]
%     Score = -51.514,135579 (regressionFit = 51.514,135577, penalties=1.03E-6) for clause:  medv(A) :- indus(A, 1).  [covers 48,0/436,0 pos, 0,0/0,0 neg]
%     Score = -51.371,650723 (regressionFit = 51.371,650722, penalties=1.03E-6) for clause:  medv(A) :- chas(A, 0).  [covers 401,0/436,0 pos, 0,0/0,0 neg]
%     Score = -51.385,822305 (regressionFit = 51.385,822304, penalties=1.03E-6) for clause:  medv(A) :- nox(A, 9).  [covers 42,0/436,0 pos, 0,0/0,0 neg]
%     Score = -51.621,708148 (regressionFit = 51.621,708147, penalties=1.03E-6) for clause:  medv(A) :- nox(A, 7).  [covers 32,0/436,0 pos, 0,0/0,0 neg]
%     Score = -51.552,952644 (regressionFit = 51.552,952643, penalties=1.03E-6) for clause:  medv(A) :- nox(A, 1).  [covers 47,0/436,0 pos, 0,0/0,0 neg]
%     Score = -51.365,871026 (regressionFit = 51.365,871025, penalties=1.03E-6) for clause:  medv(A) :- nox(A, 4).  [covers 48,0/436,0 pos, 0,0/0,0 neg]
%     Score = -50.880,951024 (regressionFit = 50.880,951023, penalties=1.03E-6) for clause:  medv(A) :- nox(A, 6).  [covers 48,0/436,0 pos, 0,0/0,0 neg]
%     Score = -50.713,626796 (regressionFit = 50.713,626795, penalties=1.03E-6) for clause:  medv(A) :- nox(A, 5).  [covers 50,0/436,0 pos, 0,0/0,0 neg]
%     Score = -51.519,287957 (regressionFit = 51.519,287956, penalties=1.03E-6) for clause:  medv(A) :- rm(A, 7).  [covers 44,0/436,0 pos, 0,0/0,0 neg]
%     Score = -50.270,096110 (regressionFit = 50.270,096109, penalties=1.03E-6) for clause:  medv(A) :- rm(A, 9).  [covers 44,0/436,0 pos, 0,0/0,0 neg]
% Gleaner: New best node found (score = -50.270,096110): medv(A) :- rm(A, 9).  [covers 44,0/436,0 pos, 0,0/0,0 neg]
%     Score = -51.582,639934 (regressionFit = 51.582,639933, penalties=1.03E-6) for clause:  medv(A) :- rm(A, 8).  [covers 45,0/436,0 pos, 0,0/0,0 neg]
%     Score = -45.600,286837 (regressionFit = 45.600,286836, penalties=1.03E-6) for clause:  medv(A) :- rm(A, 4).  [covers 46,0/436,0 pos, 0,0/0,0 neg]
% Gleaner: New best node found (score = -45.600,286837): medv(A) :- rm(A, 4).  [covers 46,0/436,0 pos, 0,0/0,0 neg]
%     Score = -51.555,046679 (regressionFit = 51.555,046678, penalties=1.03E-6) for clause:  medv(A) :- rm(A, 2).  [covers 44,0/436,0 pos, 0,0/0,0 neg]
%     Score = -49.873,180397 (regressionFit = 49.873,180396, penalties=1.03E-6) for clause:  medv(A) :- age(A, 6).  [covers 48,0/436,0 pos, 0,0/0,0 neg]
%     Score = -51.497,155149 (regressionFit = 51.497,155148, penalties=1.03E-6) for clause:  medv(A) :- age(A, 9).  [covers 40,0/436,0 pos, 0,0/0,0 neg]
%     Score = -50.298,036779 (regressionFit = 50.298,036778, penalties=1.03E-6) for clause:  medv(A) :- age(A, 8).  [covers 49,0/436,0 pos, 0,0/0,0 neg]
%     Score = -49.809,991355 (regressionFit = 49.809,991353, penalties=1.03E-6) for clause:  medv(A) :- age(A, 10).  [covers 49,0/436,0 pos, 0,0/0,0 neg]
%     Score = -51.615,879252 (regressionFit = 51.615,879251, penalties=1.03E-6) for clause:  medv(A) :- age(A, 4).  [covers 37,0/436,0 pos, 0,0/0,0 neg]
%     Score = -51.197,247335 (regressionFit = 51.197,247334, penalties=1.03E-6) for clause:  medv(A) :- age(A, 7).  [covers 43,0/436,0 pos, 0,0/0,0 neg]
%     Score = -51.556,507269 (regressionFit = 51.556,507268, penalties=1.03E-6) for clause:  medv(A) :- age(A, 3).  [covers 46,0/436,0 pos, 0,0/0,0 neg]
%     Score = -50.333,395286 (regressionFit = 50.333,395285, penalties=1.03E-6) for clause:  medv(A) :- dis(A, 10).  [covers 51,0/436,0 pos, 0,0/0,0 neg]
%     Score = -51.564,026700 (regressionFit = 51.564,026699, penalties=1.03E-6) for clause:  medv(A) :- dis(A, 7).  [covers 29,0/436,0 pos, 0,0/0,0 neg]
%     Score = -51.589,897754 (regressionFit = 51.589,897753, penalties=1.03E-6) for clause:  medv(A) :- dis(A, 4).  [covers 45,0/436,0 pos, 0,0/0,0 neg]
%     Score = -51.080,480315 (regressionFit = 51.080,480314, penalties=1.03E-6) for clause:  medv(A) :- dis(A, 2).  [covers 50,0/436,0 pos, 0,0/0,0 neg]
%     Score = -51.398,619673 (regressionFit = 51.398,619672, penalties=1.03E-6) for clause:  medv(A) :- dis(A, 1).  [covers 48,0/436,0 pos, 0,0/0,0 neg]
%     Score = -50.938,046314 (regressionFit = 50.938,046313, penalties=1.03E-6) for clause:  medv(A) :- dis(A, 5).  [covers 46,0/436,0 pos, 0,0/0,0 neg]
%     Score = -51.173,343506 (regressionFit = 51.173,343505, penalties=1.03E-6) for clause:  medv(A) :- rad(A, 5).  [covers 112,0/436,0 pos, 0,0/0,0 neg]
%     Score = -50.781,937175 (regressionFit = 50.781,937174, penalties=1.03E-6) for clause:  medv(A) :- rad(A, 4).  [covers 101,0/436,0 pos, 0,0/0,0 neg]
%     Score = -51.520,369368 (regressionFit = 51.520,369367, penalties=1.03E-6) for clause:  medv(A) :- rad(A, 1).  [covers 15,0/436,0 pos, 0,0/0,0 neg]
%     Score = -51.620,104426 (regressionFit = 51.620,104425, penalties=1.03E-6) for clause:  medv(A) :- tax(A, 403).  [covers 29,0/436,0 pos, 0,0/0,0 neg]
%     Score = -51.335,450843 (regressionFit = 51.335,450842, penalties=1.03E-6) for clause:  medv(A) :- tax(A, 307).  [covers 39,0/436,0 pos, 0,0/0,0 neg]
%     Score = -51.314,582763 (regressionFit = 51.314,582762, penalties=1.03E-6) for clause:  medv(A) :- tax(A, 277).  [covers 11,0/436,0 pos, 0,0/0,0 neg]
%     Score = -51.083,339480 (regressionFit = 51.083,339479, penalties=1.03E-6) for clause:  medv(A) :- tax(A, 245).  [covers 3,0/436,0 pos, 0,0/0,0 neg]
%     Score = -51.554,716629 (regressionFit = 51.554,716628, penalties=1.03E-6) for clause:  medv(A) :- tax(A, 304).  [covers 14,0/436,0 pos, 0,0/0,0 neg]
%     Score = -Infinity (regressionFit = Infinity, penalties=1.03E-6) for clause:  medv(A) :- tax(A, 335).  [covers 2,0/436,0 pos, 0,0/0,0 neg]
%     Score = -50.815,672294 (regressionFit = 50.815,672293, penalties=1.03E-6) for clause:  medv(A) :- ptratio(A, 9).  [covers 50,0/436,0 pos, 0,0/0,0 neg]
%     Score = -51.616,458463 (regressionFit = 51.616,458462, penalties=1.03E-6) for clause:  medv(A) :- ptratio(A, 4).  [covers 32,0/436,0 pos, 0,0/0,0 neg]
%     Score = -50.875,817948 (regressionFit = 50.875,817947, penalties=1.03E-6) for clause:  medv(A) :- ptratio(A, 3).  [covers 51,0/436,0 pos, 0,0/0,0 neg]
%     Score = -50.684,930115 (regressionFit = 50.684,930114, penalties=1.03E-6) for clause:  medv(A) :- ptratio(A, 5).  [covers 42,0/436,0 pos, 0,0/0,0 neg]
%     Score = -51.497,506209 (regressionFit = 51.497,506208, penalties=1.03E-6) for clause:  medv(A) :- ptratio(A, 8).  [covers 8,0/436,0 pos, 0,0/0,0 neg]
%     Score = -49.775,853322 (regressionFit = 49.775,853321, penalties=1.03E-6) for clause:  medv(A) :- b(A, 7).  [covers 40,0/436,0 pos, 0,0/0,0 neg]
%     Score = -51.592,276194 (regressionFit = 51.592,276193, penalties=1.03E-6) for clause:  medv(A) :- b(A, 9).  [covers 41,0/436,0 pos, 0,0/0,0 neg]
%     Score = -51.387,496040 (regressionFit = 51.387,496039, penalties=1.03E-6) for clause:  medv(A) :- b(A, 3).  [covers 47,0/436,0 pos, 0,0/0,0 neg]
%     Score = -51.445,097717 (regressionFit = 51.445,097716, penalties=1.03E-6) for clause:  medv(A) :- b(A, 1).  [covers 102,0/436,0 pos, 0,0/0,0 neg]
%     Score = -51.421,693832 (regressionFit = 51.421,693831, penalties=1.03E-6) for clause:  medv(A) :- lstat(A, 7).  [covers 38,0/436,0 pos, 0,0/0,0 neg]
%     Score = -51.329,994210 (regressionFit = 51.329,994209, penalties=1.03E-6) for clause:  medv(A) :- lstat(A, 4).  [covers 42,0/436,0 pos, 0,0/0,0 neg]
%     Score = -47.121,923176 (regressionFit = 47.121,923175, penalties=1.03E-6) for clause:  medv(A) :- lstat(A, 6).  [covers 44,0/436,0 pos, 0,0/0,0 neg]
%     Score = -51.546,551021 (regressionFit = 51.546,551020, penalties=1.03E-6) for clause:  medv(A) :- lstat(A, 3).  [covers 51,0/436,0 pos, 0,0/0,0 neg]
%     Score = -49.746,938042 (regressionFit = 49.746,938041, penalties=1.03E-6) for clause:  medv(A) :- lstat(A, 5).  [covers 39,0/436,0 pos, 0,0/0,0 neg]
%     Score = -50.938,103529 (regressionFit = 50.938,103528, penalties=1.03E-6) for clause:  medv(A) :- lstat(A, 1).  [covers 49,0/436,0 pos, 0,0/0,0 neg]

% The best node found: medv(A) :- rm(A, 4).  [covers 46,0/436,0 pos, 0,0/0,0 neg]

% The best node found: medv(A) :- rm(A, 4).  [covers 46,0/436,0 pos, 0,0/0,0 neg]
Setting 28.203367624223603 for 
 // Learned this clause on outer loop cycle #3.  It scores=-45.600,29 and has recall=0,11, precision=1,00, and F1=0,19 (using m-estimates).
 // It covers 10,6% of the positive examples, 46 of 436 (of which 43 are newly covered),
 // So far 132 (30,3%) of the positive examples have been covered.
(medv(A) :- rm(A, 4))

% On cycle #3, the best clause found is:
%      medv(A) :- rm(A, 4).  [covers 46,0/436,0 pos, 0,0/0,0 neg]
% This clause covers 46 positive examples, of which 43 are newly covered.
% It also covers 0 negative examples, of which 0 are newly covered.
% The current set of 3 best clauses covers 30,3% of the positive examples and NaN% of the negatives.}

% Have these 8 positive seeds: 25 65 222 263 337 355 411 432

% target           = medv(A)
%     Score = -Infinity (regressionFit = Infinity, penalties=1.1E-7) for clause:  medv(_).  [covers 436,0/436,0 pos, 0,0/0,0 neg]
% Unacceptable due to being the root node.
% Most-general root: medv(_).  [covers 436,0/436,0 pos, 0,0/0,0 neg]  score = -Infinity
%     Score = -55.996,576189 (regressionFit = 55.996,576188, penalties=1.03E-6) for clause:  medv(A) :- crim(A, 2).  [covers 51,0/436,0 pos, 0,0/0,0 neg]
% Gleaner: New best node found (score = -55.996,576189): medv(A) :- crim(A, 2).  [covers 51,0/436,0 pos, 0,0/0,0 neg]
%     Score = -56.270,459094 (regressionFit = 56.270,459093, penalties=1.03E-6) for clause:  medv(A) :- crim(A, 5).  [covers 49,0/436,0 pos, 0,0/0,0 neg]
%     Score = -56.180,343547 (regressionFit = 56.180,343546, penalties=1.03E-6) for clause:  medv(A) :- crim(A, 6).  [covers 43,0/436,0 pos, 0,0/0,0 neg]
%     Score = -55.523,954932 (regressionFit = 55.523,954931, penalties=1.03E-6) for clause:  medv(A) :- crim(A, 9).  [covers 32,0/436,0 pos, 0,0/0,0 neg]
% Gleaner: New best node found (score = -55.523,954932): medv(A) :- crim(A, 9).  [covers 32,0/436,0 pos, 0,0/0,0 neg]
%     Score = -55.354,997871 (regressionFit = 55.354,997870, penalties=1.03E-6) for clause:  medv(A) :- crim(A, 3).  [covers 47,0/436,0 pos, 0,0/0,0 neg]
% Gleaner: New best node found (score = -55.354,997871): medv(A) :- crim(A, 3).  [covers 47,0/436,0 pos, 0,0/0,0 neg]
%     Score = -56.150,823625 (regressionFit = 56.150,823624, penalties=1.03E-6) for clause:  medv(A) :- zn(A, 0).  [covers 307,0/436,0 pos, 0,0/0,0 neg]
%     Score = -56.249,462821 (regressionFit = 56.249,462820, penalties=1.03E-6) for clause:  medv(A) :- zn(A, 34).  [covers 3,0/436,0 pos, 0,0/0,0 neg]
%     Score = -56.055,860752 (regressionFit = 56.055,860751, penalties=1.03E-6) for clause:  medv(A) :- indus(A, 8).  [covers 21,0/436,0 pos, 0,0/0,0 neg]
%     Score = -56.118,935095 (regressionFit = 56.118,935094, penalties=1.03E-6) for clause:  medv(A) :- indus(A, 9).  [covers 29,0/436,0 pos, 0,0/0,0 neg]
%     Score = -56.237,903493 (regressionFit = 56.237,903492, penalties=1.03E-6) for clause:  medv(A) :- indus(A, 2).  [covers 51,0/436,0 pos, 0,0/0,0 neg]
%     Score = -55.168,890481 (regressionFit = 55.168,890480, penalties=1.03E-6) for clause:  medv(A) :- indus(A, 5).  [covers 48,0/436,0 pos, 0,0/0,0 neg]
% Gleaner: New best node found (score = -55.168,890481): medv(A) :- indus(A, 5).  [covers 48,0/436,0 pos, 0,0/0,0 neg]
%     Score = -51.431,403285 (regressionFit = 51.431,403284, penalties=1.03E-6) for clause:  medv(A) :- indus(A, 10).  [covers 90,0/436,0 pos, 0,0/0,0 neg]
% Gleaner: New best node found (score = -51.431,403285): medv(A) :- indus(A, 10).  [covers 90,0/436,0 pos, 0,0/0,0 neg]
%     Score = -55.067,864422 (regressionFit = 55.067,864421, penalties=1.03E-6) for clause:  medv(A) :- indus(A, 7).  [covers 17,0/436,0 pos, 0,0/0,0 neg]
%     Score = -55.891,764844 (regressionFit = 55.891,764843, penalties=1.03E-6) for clause:  medv(A) :- indus(A, 1).  [covers 48,0/436,0 pos, 0,0/0,0 neg]
%     Score = -56.187,346348 (regressionFit = 56.187,346347, penalties=1.03E-6) for clause:  medv(A) :- chas(A, 0).  [covers 401,0/436,0 pos, 0,0/0,0 neg]
%     Score = -56.269,245969 (regressionFit = 56.269,245968, penalties=1.03E-6) for clause:  medv(A) :- nox(A, 7).  [covers 32,0/436,0 pos, 0,0/0,0 neg]
%     Score = -56.274,027612 (regressionFit = 56.274,027611, penalties=1.03E-6) for clause:  medv(A) :- nox(A, 9).  [covers 42,0/436,0 pos, 0,0/0,0 neg]
%     Score = -55.753,202889 (regressionFit = 55.753,202888, penalties=1.03E-6) for clause:  medv(A) :- nox(A, 5).  [covers 50,0/436,0 pos, 0,0/0,0 neg]
%     Score = -55.787,898375 (regressionFit = 55.787,898374, penalties=1.03E-6) for clause:  medv(A) :- nox(A, 3).  [covers 43,0/436,0 pos, 0,0/0,0 neg]
%     Score = -56.273,842552 (regressionFit = 56.273,842551, penalties=1.03E-6) for clause:  medv(A) :- nox(A, 2).  [covers 48,0/436,0 pos, 0,0/0,0 neg]
%     Score = -55.580,163957 (regressionFit = 55.580,163955, penalties=1.03E-6) for clause:  medv(A) :- rm(A, 5).  [covers 39,0/436,0 pos, 0,0/0,0 neg]
%     Score = -51.172,547739 (regressionFit = 51.172,547738, penalties=1.03E-6) for clause:  medv(A) :- rm(A, 1).  [covers 43,0/436,0 pos, 0,0/0,0 neg]
% Gleaner: New best node found (score = -51.172,547739): medv(A) :- rm(A, 1).  [covers 43,0/436,0 pos, 0,0/0,0 neg]
%     Score = -55.434,014870 (regressionFit = 55.434,014869, penalties=1.03E-6) for clause:  medv(A) :- rm(A, 2).  [covers 44,0/436,0 pos, 0,0/0,0 neg]
%     Score = -56.159,822747 (regressionFit = 56.159,822746, penalties=1.03E-6) for clause:  medv(A) :- rm(A, 7).  [covers 44,0/436,0 pos, 0,0/0,0 neg]
%     Score = -56.019,772229 (regressionFit = 56.019,772228, penalties=1.03E-6) for clause:  medv(A) :- rm(A, 9).  [covers 44,0/436,0 pos, 0,0/0,0 neg]
%     Score = -54.495,622917 (regressionFit = 54.495,622916, penalties=1.03E-6) for clause:  medv(A) :- rm(A, 10).  [covers 40,0/436,0 pos, 0,0/0,0 neg]
%     Score = -56.196,622611 (regressionFit = 56.196,622610, penalties=1.03E-6) for clause:  medv(A) :- age(A, 2).  [covers 40,0/436,0 pos, 0,0/0,0 neg]
%     Score = -55.191,173133 (regressionFit = 55.191,173132, penalties=1.03E-6) for clause:  medv(A) :- age(A, 6).  [covers 48,0/436,0 pos, 0,0/0,0 neg]
%     Score = -55.794,173536 (regressionFit = 55.794,173535, penalties=1.03E-6) for clause:  medv(A) :- age(A, 10).  [covers 49,0/436,0 pos, 0,0/0,0 neg]
%     Score = -55.799,429078 (regressionFit = 55.799,429077, penalties=1.03E-6) for clause:  medv(A) :- age(A, 1).  [covers 43,0/436,0 pos, 0,0/0,0 neg]
%     Score = -56.251,946993 (regressionFit = 56.251,946992, penalties=1.03E-6) for clause:  medv(A) :- age(A, 5).  [covers 41,0/436,0 pos, 0,0/0,0 neg]
%     Score = -56.265,762352 (regressionFit = 56.265,762351, penalties=1.03E-6) for clause:  medv(A) :- age(A, 4).  [covers 37,0/436,0 pos, 0,0/0,0 neg]
%     Score = -56.137,137803 (regressionFit = 56.137,137802, penalties=1.03E-6) for clause:  medv(A) :- dis(A, 8).  [covers 42,0/436,0 pos, 0,0/0,0 neg]
%     Score = -52.988,629752 (regressionFit = 52.988,629751, penalties=1.03E-6) for clause:  medv(A) :- dis(A, 9).  [covers 43,0/436,0 pos, 0,0/0,0 neg]
%     Score = -55.866,370363 (regressionFit = 55.866,370362, penalties=1.03E-6) for clause:  medv(A) :- dis(A, 2).  [covers 50,0/436,0 pos, 0,0/0,0 neg]
%     Score = -55.368,665010 (regressionFit = 55.368,665009, penalties=1.03E-6) for clause:  medv(A) :- dis(A, 10).  [covers 51,0/436,0 pos, 0,0/0,0 neg]
%     Score = -55.705,507953 (regressionFit = 55.705,507952, penalties=1.03E-6) for clause:  medv(A) :- dis(A, 1).  [covers 48,0/436,0 pos, 0,0/0,0 neg]
%     Score = -56.193,760755 (regressionFit = 56.193,760754, penalties=1.03E-6) for clause:  medv(A) :- dis(A, 4).  [covers 45,0/436,0 pos, 0,0/0,0 neg]
%     Score = -55.935,855288 (regressionFit = 55.935,855287, penalties=1.03E-6) for clause:  medv(A) :- rad(A, 2).  [covers 23,0/436,0 pos, 0,0/0,0 neg]
%     Score = -55.967,281730 (regressionFit = 55.967,281729, penalties=1.03E-6) for clause:  medv(A) :- rad(A, 5).  [covers 112,0/436,0 pos, 0,0/0,0 neg]
%     Score = -56.273,665526 (regressionFit = 56.273,665525, penalties=1.03E-6) for clause:  medv(A) :- rad(A, 7).  [covers 16,0/436,0 pos, 0,0/0,0 neg]
%     Score = -51.431,403285 (regressionFit = 51.431,403284, penalties=1.03E-6) for clause:  medv(A) :- rad(A, 24).  [covers 90,0/436,0 pos, 0,0/0,0 neg]
%     Score = -56.128,694945 (regressionFit = 56.128,694944, penalties=1.03E-6) for clause:  medv(A) :- tax(A, 188).  [covers 7,0/436,0 pos, 0,0/0,0 neg]
%     Score = -56.118,935095 (regressionFit = 56.118,935094, penalties=1.03E-6) for clause:  medv(A) :- tax(A, 403).  [covers 29,0/436,0 pos, 0,0/0,0 neg]
%     Score = -55.915,226600 (regressionFit = 55.915,226599, penalties=1.03E-6) for clause:  medv(A) :- tax(A, 329).  [covers 6,0/436,0 pos, 0,0/0,0 neg]
%     Score = -56.210,957657 (regressionFit = 56.210,957656, penalties=1.03E-6) for clause:  medv(A) :- tax(A, 224).  [covers 9,0/436,0 pos, 0,0/0,0 neg]
%     Score = -51.431,403285 (regressionFit = 51.431,403284, penalties=1.03E-6) for clause:  medv(A) :- tax(A, 666).  [covers 90,0/436,0 pos, 0,0/0,0 neg]
%     Score = -56.259,278491 (regressionFit = 56.259,278490, penalties=1.03E-6) for clause:  medv(A) :- tax(A, 398).  [covers 12,0/436,0 pos, 0,0/0,0 neg]
%     Score = -56.267,010748 (regressionFit = 56.267,010747, penalties=1.03E-6) for clause:  medv(A) :- tax(A, 276).  [covers 9,0/436,0 pos, 0,0/0,0 neg]
%     Score = -54.893,288420 (regressionFit = 54.893,288419, penalties=1.03E-6) for clause:  medv(A) :- ptratio(A, 5).  [covers 42,0/436,0 pos, 0,0/0,0 neg]
%     Score = -55.745,778412 (regressionFit = 55.745,778411, penalties=1.03E-6) for clause:  medv(A) :- ptratio(A, 9).  [covers 50,0/436,0 pos, 0,0/0,0 neg]
%     Score = -56.242,667621 (regressionFit = 56.242,667620, penalties=1.03E-6) for clause:  medv(A) :- ptratio(A, 1).  [covers 45,0/436,0 pos, 0,0/0,0 neg]
%     Score = -52.215,531186 (regressionFit = 52.215,531185, penalties=1.03E-6) for clause:  medv(A) :- ptratio(A, 10).  [covers 97,0/436,0 pos, 0,0/0,0 neg]
%     Score = -55.177,538165 (regressionFit = 55.177,538164, penalties=1.03E-6) for clause:  medv(A) :- ptratio(A, 3).  [covers 51,0/436,0 pos, 0,0/0,0 neg]
%     Score = -56.262,433657 (regressionFit = 56.262,433656, penalties=1.03E-6) for clause:  medv(A) :- ptratio(A, 2).  [covers 47,0/436,0 pos, 0,0/0,0 neg]
%     Score = -55.683,849306 (regressionFit = 55.683,849305, penalties=1.03E-6) for clause:  medv(A) :- b(A, 8).  [covers 46,0/436,0 pos, 0,0/0,0 neg]
%     Score = -56.011,904479 (regressionFit = 56.011,904478, penalties=1.03E-6) for clause:  medv(A) :- b(A, 9).  [covers 41,0/436,0 pos, 0,0/0,0 neg]
%     Score = -56.261,994231 (regressionFit = 56.261,994230, penalties=1.03E-6) for clause:  medv(A) :- b(A, 5).  [covers 46,0/436,0 pos, 0,0/0,0 neg]
%     Score = -55.976,799649 (regressionFit = 55.976,799648, penalties=1.03E-6) for clause:  medv(A) :- b(A, 1).  [covers 102,0/436,0 pos, 0,0/0,0 neg]
%     Score = -54.515,690631 (regressionFit = 54.515,690630, penalties=1.03E-6) for clause:  medv(A) :- b(A, 7).  [covers 40,0/436,0 pos, 0,0/0,0 neg]
%     Score = -55.894,606848 (regressionFit = 55.894,606847, penalties=1.03E-6) for clause:  medv(A) :- b(A, 3).  [covers 47,0/436,0 pos, 0,0/0,0 neg]
%     Score = -56.199,150488 (regressionFit = 56.199,150487, penalties=1.03E-6) for clause:  medv(A) :- lstat(A, 10).  [covers 38,0/436,0 pos, 0,0/0,0 neg]
%     Score = -56.008,165212 (regressionFit = 56.008,165211, penalties=1.03E-6) for clause:  medv(A) :- lstat(A, 9).  [covers 46,0/436,0 pos, 0,0/0,0 neg]
%     Score = -54.141,870379 (regressionFit = 54.141,870378, penalties=1.03E-6) for clause:  medv(A) :- lstat(A, 2).  [covers 45,0/436,0 pos, 0,0/0,0 neg]
%     Score = -53.698,688728 (regressionFit = 53.698,688727, penalties=1.03E-6) for clause:  medv(A) :- lstat(A, 6).  [covers 44,0/436,0 pos, 0,0/0,0 neg]
%     Score = -56.274,077948 (regressionFit = 56.274,077947, penalties=1.03E-6) for clause:  medv(A) :- lstat(A, 7).  [covers 38,0/436,0 pos, 0,0/0,0 neg]

% The best node found: medv(A) :- rm(A, 1).  [covers 43,0/436,0 pos, 0,0/0,0 neg]

% The best node found: medv(A) :- rm(A, 1).  [covers 43,0/436,0 pos, 0,0/0,0 neg]
Setting 24.748138150609076 for 
 // Learned this clause on outer loop cycle #4.  It scores=-51.172,55 and has recall=0,10, precision=1,00, and F1=0,18 (using m-estimates).
 // It covers 9,9% of the positive examples, 43 of 436 (of which 41 are newly covered),
 // So far 173 (39,7%) of the positive examples have been covered.
(medv(A) :- rm(A, 1))

% On cycle #4, the best clause found is:
%      medv(A) :- rm(A, 1).  [covers 43,0/436,0 pos, 0,0/0,0 neg]
% This clause covers 43 positive examples, of which 41 are newly covered.
% It also covers 0 negative examples, of which 0 are newly covered.
% The current set of 4 best clauses covers 39,7% of the positive examples and NaN% of the negatives.}

% Have these 10 positive seeds: 15 30 50 74 128 130 161 212 246 269

% target           = medv(A)
%     Score = -Infinity (regressionFit = Infinity, penalties=1.1E-7) for clause:  medv(_).  [covers 436,0/436,0 pos, 0,0/0,0 neg]
% Unacceptable due to being the root node.
% Most-general root: medv(_).  [covers 436,0/436,0 pos, 0,0/0,0 neg]  score = -Infinity
%     Score = -57.550,499319 (regressionFit = 57.550,499318, penalties=1.03E-6) for clause:  medv(A) :- crim(A, 3).  [covers 47,0/436,0 pos, 0,0/0,0 neg]
% Gleaner: New best node found (score = -57.550,499319): medv(A) :- crim(A, 3).  [covers 47,0/436,0 pos, 0,0/0,0 neg]
%     Score = -55.984,118346 (regressionFit = 55.984,118345, penalties=1.03E-6) for clause:  medv(A) :- crim(A, 4).  [covers 41,0/436,0 pos, 0,0/0,0 neg]
% Gleaner: New best node found (score = -55.984,118346): medv(A) :- crim(A, 4).  [covers 41,0/436,0 pos, 0,0/0,0 neg]
%     Score = -57.070,130741 (regressionFit = 57.070,130740, penalties=1.03E-6) for clause:  medv(A) :- crim(A, 8).  [covers 32,0/436,0 pos, 0,0/0,0 neg]
%     Score = -57.925,952843 (regressionFit = 57.925,952842, penalties=1.03E-6) for clause:  medv(A) :- crim(A, 5).  [covers 49,0/436,0 pos, 0,0/0,0 neg]
%     Score = -58.001,703871 (regressionFit = 58.001,703870, penalties=1.03E-6) for clause:  medv(A) :- crim(A, 6).  [covers 43,0/436,0 pos, 0,0/0,0 neg]
%     Score = -57.991,473807 (regressionFit = 57.991,473806, penalties=1.03E-6) for clause:  medv(A) :- crim(A, 7).  [covers 47,0/436,0 pos, 0,0/0,0 neg]
%     Score = -57.722,101908 (regressionFit = 57.722,101907, penalties=1.03E-6) for clause:  medv(A) :- crim(A, 2).  [covers 51,0/436,0 pos, 0,0/0,0 neg]
%     Score = -57.565,185520 (regressionFit = 57.565,185519, penalties=1.03E-6) for clause:  medv(A) :- crim(A, 1).  [covers 49,0/436,0 pos, 0,0/0,0 neg]
%     Score = -57.103,188154 (regressionFit = 57.103,188153, penalties=1.03E-6) for clause:  medv(A) :- zn(A, 0).  [covers 307,0/436,0 pos, 0,0/0,0 neg]
%     Score = -57.917,023766 (regressionFit = 57.917,023765, penalties=1.03E-6) for clause:  medv(A) :- zn(A, 22).  [covers 9,0/436,0 pos, 0,0/0,0 neg]
%     Score = -56.195,201956 (regressionFit = 56.195,201955, penalties=1.03E-6) for clause:  medv(A) :- indus(A, 6).  [covers 36,0/436,0 pos, 0,0/0,0 neg]
%     Score = -57.314,864581 (regressionFit = 57.314,864580, penalties=1.03E-6) for clause:  medv(A) :- indus(A, 8).  [covers 21,0/436,0 pos, 0,0/0,0 neg]
%     Score = -57.549,403417 (regressionFit = 57.549,403416, penalties=1.03E-6) for clause:  medv(A) :- indus(A, 9).  [covers 29,0/436,0 pos, 0,0/0,0 neg]
%     Score = -57.294,265539 (regressionFit = 57.294,265538, penalties=1.03E-6) for clause:  medv(A) :- indus(A, 7).  [covers 17,0/436,0 pos, 0,0/0,0 neg]
%     Score = -57.567,451599 (regressionFit = 57.567,451598, penalties=1.03E-6) for clause:  medv(A) :- indus(A, 5).  [covers 48,0/436,0 pos, 0,0/0,0 neg]
%     Score = -56.597,611900 (regressionFit = 56.597,611899, penalties=1.03E-6) for clause:  medv(A) :- indus(A, 3).  [covers 47,0/436,0 pos, 0,0/0,0 neg]
%     Score = -57.875,939436 (regressionFit = 57.875,939435, penalties=1.03E-6) for clause:  medv(A) :- chas(A, 0).  [covers 401,0/436,0 pos, 0,0/0,0 neg]
%     Score = -57.875,939436 (regressionFit = 57.875,939435, penalties=1.03E-6) for clause:  medv(A) :- chas(A, 1).  [covers 35,0/436,0 pos, 0,0/0,0 neg]
%     Score = -57.394,370259 (regressionFit = 57.394,370258, penalties=1.03E-6) for clause:  medv(A) :- nox(A, 1).  [covers 47,0/436,0 pos, 0,0/0,0 neg]
%     Score = -57.859,047283 (regressionFit = 57.859,047282, penalties=1.03E-6) for clause:  medv(A) :- nox(A, 7).  [covers 32,0/436,0 pos, 0,0/0,0 neg]
%     Score = -57.923,204008 (regressionFit = 57.923,204007, penalties=1.03E-6) for clause:  medv(A) :- nox(A, 9).  [covers 42,0/436,0 pos, 0,0/0,0 neg]
%     Score = -58.003,287159 (regressionFit = 58.003,287158, penalties=1.03E-6) for clause:  medv(A) :- nox(A, 5).  [covers 50,0/436,0 pos, 0,0/0,0 neg]
%     Score = -57.786,137152 (regressionFit = 57.786,137151, penalties=1.03E-6) for clause:  medv(A) :- nox(A, 4).  [covers 48,0/436,0 pos, 0,0/0,0 neg]
%     Score = -56.012,054549 (regressionFit = 56.012,054548, penalties=1.03E-6) for clause:  medv(A) :- rm(A, 8).  [covers 45,0/436,0 pos, 0,0/0,0 neg]
%     Score = -56.212,600074 (regressionFit = 56.212,600073, penalties=1.03E-6) for clause:  medv(A) :- rm(A, 5).  [covers 39,0/436,0 pos, 0,0/0,0 neg]
%     Score = -58.002,083063 (regressionFit = 58.002,083062, penalties=1.03E-6) for clause:  medv(A) :- rm(A, 9).  [covers 44,0/436,0 pos, 0,0/0,0 neg]
%     Score = -55.839,818955 (regressionFit = 55.839,818954, penalties=1.03E-6) for clause:  medv(A) :- rm(A, 6).  [covers 43,0/436,0 pos, 0,0/0,0 neg]
% Gleaner: New best node found (score = -55.839,818955): medv(A) :- rm(A, 6).  [covers 43,0/436,0 pos, 0,0/0,0 neg]
%     Score = -55.881,856511 (regressionFit = 55.881,856510, penalties=1.03E-6) for clause:  medv(A) :- rm(A, 2).  [covers 44,0/436,0 pos, 0,0/0,0 neg]
%     Score = -57.927,482369 (regressionFit = 57.927,482368, penalties=1.03E-6) for clause:  medv(A) :- age(A, 7).  [covers 43,0/436,0 pos, 0,0/0,0 neg]
%     Score = -57.996,940196 (regressionFit = 57.996,940195, penalties=1.03E-6) for clause:  medv(A) :- age(A, 9).  [covers 40,0/436,0 pos, 0,0/0,0 neg]
%     Score = -57.944,871529 (regressionFit = 57.944,871528, penalties=1.03E-6) for clause:  medv(A) :- age(A, 5).  [covers 41,0/436,0 pos, 0,0/0,0 neg]
%     Score = -57.830,775224 (regressionFit = 57.830,775223, penalties=1.03E-6) for clause:  medv(A) :- age(A, 2).  [covers 40,0/436,0 pos, 0,0/0,0 neg]
%     Score = -57.886,280147 (regressionFit = 57.886,280146, penalties=1.03E-6) for clause:  medv(A) :- age(A, 1).  [covers 43,0/436,0 pos, 0,0/0,0 neg]
%     Score = -57.984,302527 (regressionFit = 57.984,302526, penalties=1.03E-6) for clause:  medv(A) :- age(A, 8).  [covers 49,0/436,0 pos, 0,0/0,0 neg]
%     Score = -57.813,604120 (regressionFit = 57.813,604119, penalties=1.03E-6) for clause:  medv(A) :- age(A, 10).  [covers 49,0/436,0 pos, 0,0/0,0 neg]
%     Score = -57.922,966503 (regressionFit = 57.922,966502, penalties=1.03E-6) for clause:  medv(A) :- age(A, 3).  [covers 46,0/436,0 pos, 0,0/0,0 neg]
%     Score = -56.575,368074 (regressionFit = 56.575,368073, penalties=1.03E-6) for clause:  medv(A) :- dis(A, 7).  [covers 29,0/436,0 pos, 0,0/0,0 neg]
%     Score = -58.002,508070 (regressionFit = 58.002,508069, penalties=1.03E-6) for clause:  medv(A) :- dis(A, 8).  [covers 42,0/436,0 pos, 0,0/0,0 neg]
%     Score = -57.312,003622 (regressionFit = 57.312,003621, penalties=1.03E-6) for clause:  medv(A) :- dis(A, 10).  [covers 51,0/436,0 pos, 0,0/0,0 neg]
%     Score = -58.002,798658 (regressionFit = 58.002,798657, penalties=1.03E-6) for clause:  medv(A) :- dis(A, 6).  [covers 32,0/436,0 pos, 0,0/0,0 neg]
%     Score = -57.998,827669 (regressionFit = 57.998,827668, penalties=1.03E-6) for clause:  medv(A) :- dis(A, 5).  [covers 46,0/436,0 pos, 0,0/0,0 neg]
%     Score = -57.740,330432 (regressionFit = 57.740,330431, penalties=1.03E-6) for clause:  medv(A) :- dis(A, 2).  [covers 50,0/436,0 pos, 0,0/0,0 neg]
%     Score = -57.823,815935 (regressionFit = 57.823,815934, penalties=1.03E-6) for clause:  medv(A) :- rad(A, 6).  [covers 18,0/436,0 pos, 0,0/0,0 neg]
%     Score = -57.867,211211 (regressionFit = 57.867,211210, penalties=1.03E-6) for clause:  medv(A) :- rad(A, 2).  [covers 23,0/436,0 pos, 0,0/0,0 neg]
%     Score = -57.338,731934 (regressionFit = 57.338,731933, penalties=1.03E-6) for clause:  medv(A) :- rad(A, 5).  [covers 112,0/436,0 pos, 0,0/0,0 neg]
%     Score = -57.910,059331 (regressionFit = 57.910,059330, penalties=1.03E-6) for clause:  medv(A) :- rad(A, 7).  [covers 16,0/436,0 pos, 0,0/0,0 neg]
%     Score = -56.292,724240 (regressionFit = 56.292,724239, penalties=1.03E-6) for clause:  medv(A) :- rad(A, 4).  [covers 101,0/436,0 pos, 0,0/0,0 neg]
%     Score = -57.802,057259 (regressionFit = 57.802,057258, penalties=1.03E-6) for clause:  medv(A) :- rad(A, 3).  [covers 37,0/436,0 pos, 0,0/0,0 neg]
%     Score = -57.819,489711 (regressionFit = 57.819,489710, penalties=1.03E-6) for clause:  medv(A) :- tax(A, 432).  [covers 9,0/436,0 pos, 0,0/0,0 neg]
%     Score = -57.658,486295 (regressionFit = 57.658,486293, penalties=1.03E-6) for clause:  medv(A) :- tax(A, 188).  [covers 7,0/436,0 pos, 0,0/0,0 neg]
%     Score = -57.549,403417 (regressionFit = 57.549,403416, penalties=1.03E-6) for clause:  medv(A) :- tax(A, 403).  [covers 29,0/436,0 pos, 0,0/0,0 neg]
%     Score = -57.959,774817 (regressionFit = 57.959,774816, penalties=1.03E-6) for clause:  medv(A) :- tax(A, 276).  [covers 9,0/436,0 pos, 0,0/0,0 neg]
%     Score = -57.917,023766 (regressionFit = 57.917,023765, penalties=1.03E-6) for clause:  medv(A) :- tax(A, 330).  [covers 9,0/436,0 pos, 0,0/0,0 neg]
%     Score = -57.984,026026 (regressionFit = 57.984,026025, penalties=1.03E-6) for clause:  medv(A) :- tax(A, 289).  [covers 5,0/436,0 pos, 0,0/0,0 neg]
%     Score = -57.170,559301 (regressionFit = 57.170,559300, penalties=1.03E-6) for clause:  medv(A) :- tax(A, 287).  [covers 8,0/436,0 pos, 0,0/0,0 neg]
%     Score = -Infinity (regressionFit = Infinity, penalties=1.03E-6) for clause:  medv(A) :- tax(A, 352).  [covers 2,0/436,0 pos, 0,0/0,0 neg]
%     Score = -57.999,233239 (regressionFit = 57.999,233238, penalties=1.03E-6) for clause:  medv(A) :- ptratio(A, 2).  [covers 47,0/436,0 pos, 0,0/0,0 neg]
%     Score = -56.579,709400 (regressionFit = 56.579,709399, penalties=1.03E-6) for clause:  medv(A) :- ptratio(A, 5).  [covers 42,0/436,0 pos, 0,0/0,0 neg]
%     Score = -57.933,402245 (regressionFit = 57.933,402244, penalties=1.03E-6) for clause:  medv(A) :- ptratio(A, 9).  [covers 50,0/436,0 pos, 0,0/0,0 neg]
%     Score = -57.855,450302 (regressionFit = 57.855,450301, penalties=1.03E-6) for clause:  medv(A) :- ptratio(A, 1).  [covers 45,0/436,0 pos, 0,0/0,0 neg]
%     Score = -57.335,157849 (regressionFit = 57.335,157848, penalties=1.03E-6) for clause:  medv(A) :- ptratio(A, 3).  [covers 51,0/436,0 pos, 0,0/0,0 neg]
%     Score = -57.341,234428 (regressionFit = 57.341,234427, penalties=1.03E-6) for clause:  medv(A) :- b(A, 3).  [covers 47,0/436,0 pos, 0,0/0,0 neg]
%     Score = -58.000,463959 (regressionFit = 58.000,463958, penalties=1.03E-6) for clause:  medv(A) :- b(A, 5).  [covers 46,0/436,0 pos, 0,0/0,0 neg]
%     Score = -57.711,731369 (regressionFit = 57.711,731368, penalties=1.03E-6) for clause:  medv(A) :- b(A, 1).  [covers 102,0/436,0 pos, 0,0/0,0 neg]
%     Score = -56.850,870759 (regressionFit = 56.850,870758, penalties=1.03E-6) for clause:  medv(A) :- b(A, 7).  [covers 40,0/436,0 pos, 0,0/0,0 neg]
%     Score = -57.898,149984 (regressionFit = 57.898,149983, penalties=1.03E-6) for clause:  medv(A) :- b(A, 2).  [covers 40,0/436,0 pos, 0,0/0,0 neg]
%     Score = -57.963,540175 (regressionFit = 57.963,540174, penalties=1.03E-6) for clause:  medv(A) :- b(A, 6).  [covers 47,0/436,0 pos, 0,0/0,0 neg]
%     Score = -57.746,952748 (regressionFit = 57.746,952747, penalties=1.03E-6) for clause:  medv(A) :- lstat(A, 7).  [covers 38,0/436,0 pos, 0,0/0,0 neg]
%     Score = -57.407,606973 (regressionFit = 57.407,606972, penalties=1.03E-6) for clause:  medv(A) :- lstat(A, 10).  [covers 38,0/436,0 pos, 0,0/0,0 neg]
%     Score = -56.277,458285 (regressionFit = 56.277,458283, penalties=1.03E-6) for clause:  medv(A) :- lstat(A, 6).  [covers 44,0/436,0 pos, 0,0/0,0 neg]
%     Score = -55.504,344461 (regressionFit = 55.504,344460, penalties=1.03E-6) for clause:  medv(A) :- lstat(A, 4).  [covers 42,0/436,0 pos, 0,0/0,0 neg]
% Gleaner: New best node found (score = -55.504,344461): medv(A) :- lstat(A, 4).  [covers 42,0/436,0 pos, 0,0/0,0 neg]
%     Score = -56.693,201859 (regressionFit = 56.693,201858, penalties=1.03E-6) for clause:  medv(A) :- lstat(A, 2).  [covers 45,0/436,0 pos, 0,0/0,0 neg]
%     Score = -57.288,832282 (regressionFit = 57.288,832281, penalties=1.03E-6) for clause:  medv(A) :- lstat(A, 1).  [covers 49,0/436,0 pos, 0,0/0,0 neg]
%     Score = -57.110,891196 (regressionFit = 57.110,891195, penalties=1.03E-6) for clause:  medv(A) :- lstat(A, 8).  [covers 44,0/436,0 pos, 0,0/0,0 neg]

% The best node found: medv(A) :- lstat(A, 4).  [covers 42,0/436,0 pos, 0,0/0,0 neg]

% The best node found: medv(A) :- lstat(A, 4).  [covers 42,0/436,0 pos, 0,0/0,0 neg]
Setting 19.298853853556935 for 
 // Learned this clause on outer loop cycle #5.  It scores=-55.504,34 and has recall=0,10, precision=1,00, and F1=0,18 (using m-estimates).
 // It covers 9,6% of the positive examples, 42 of 436 (of which 41 are newly covered),
 // So far 214 (49,1%) of the positive examples have been covered.
(medv(A) :- lstat(A, 4))

% On cycle #5, the best clause found is:
%      medv(A) :- lstat(A, 4).  [covers 42,0/436,0 pos, 0,0/0,0 neg]
% This clause covers 42 positive examples, of which 41 are newly covered.
% It also covers 0 negative examples, of which 0 are newly covered.
% The current set of 5 best clauses covers 49,1% of the positive examples and NaN% of the negatives.}

% Have these 10 positive seeds: 60 90 216 231 243 287 337 343 351 385

% target           = medv(A)
%     Score = -Infinity (regressionFit = Infinity, penalties=1.1E-7) for clause:  medv(_).  [covers 436,0/436,0 pos, 0,0/0,0 neg]
% Unacceptable due to being the root node.
% Most-general root: medv(_).  [covers 436,0/436,0 pos, 0,0/0,0 neg]  score = -Infinity
%     Score = -59.843,740437 (regressionFit = 59.843,740436, penalties=1.03E-6) for clause:  medv(A) :- crim(A, 8).  [covers 32,0/436,0 pos, 0,0/0,0 neg]
% Gleaner: New best node found (score = -59.843,740437): medv(A) :- crim(A, 8).  [covers 32,0/436,0 pos, 0,0/0,0 neg]
%     Score = -59.619,757351 (regressionFit = 59.619,757350, penalties=1.03E-6) for clause:  medv(A) :- crim(A, 2).  [covers 51,0/436,0 pos, 0,0/0,0 neg]
% Gleaner: New best node found (score = -59.619,757351): medv(A) :- crim(A, 2).  [covers 51,0/436,0 pos, 0,0/0,0 neg]
%     Score = -60.188,917592 (regressionFit = 60.188,917591, penalties=1.03E-6) for clause:  medv(A) :- crim(A, 3).  [covers 47,0/436,0 pos, 0,0/0,0 neg]
%     Score = -60.251,499334 (regressionFit = 60.251,499333, penalties=1.03E-6) for clause:  medv(A) :- crim(A, 5).  [covers 49,0/436,0 pos, 0,0/0,0 neg]
%     Score = -57.953,645457 (regressionFit = 57.953,645456, penalties=1.03E-6) for clause:  medv(A) :- crim(A, 4).  [covers 41,0/436,0 pos, 0,0/0,0 neg]
% Gleaner: New best node found (score = -57.953,645457): medv(A) :- crim(A, 4).  [covers 41,0/436,0 pos, 0,0/0,0 neg]
%     Score = -60.207,702818 (regressionFit = 60.207,702817, penalties=1.03E-6) for clause:  medv(A) :- crim(A, 9).  [covers 32,0/436,0 pos, 0,0/0,0 neg]
%     Score = -55.468,308487 (regressionFit = 55.468,308486, penalties=1.03E-6) for clause:  medv(A) :- crim(A, 10).  [covers 45,0/436,0 pos, 0,0/0,0 neg]
% Gleaner: New best node found (score = -55.468,308487): medv(A) :- crim(A, 10).  [covers 45,0/436,0 pos, 0,0/0,0 neg]
%     Score = -59.720,189527 (regressionFit = 59.720,189526, penalties=1.03E-6) for clause:  medv(A) :- zn(A, 0).  [covers 307,0/436,0 pos, 0,0/0,0 neg]
%     Score = -60.079,953160 (regressionFit = 60.079,953159, penalties=1.03E-6) for clause:  medv(A) :- indus(A, 9).  [covers 29,0/436,0 pos, 0,0/0,0 neg]
%     Score = -59.667,754023 (regressionFit = 59.667,754022, penalties=1.03E-6) for clause:  medv(A) :- indus(A, 1).  [covers 48,0/436,0 pos, 0,0/0,0 neg]
%     Score = -59.632,211145 (regressionFit = 59.632,211144, penalties=1.03E-6) for clause:  medv(A) :- indus(A, 7).  [covers 17,0/436,0 pos, 0,0/0,0 neg]
%     Score = -59.920,767031 (regressionFit = 59.920,767030, penalties=1.03E-6) for clause:  medv(A) :- indus(A, 3).  [covers 47,0/436,0 pos, 0,0/0,0 neg]
%     Score = -57.766,226688 (regressionFit = 57.766,226687, penalties=1.03E-6) for clause:  medv(A) :- indus(A, 10).  [covers 90,0/436,0 pos, 0,0/0,0 neg]
%     Score = -60.155,139827 (regressionFit = 60.155,139826, penalties=1.03E-6) for clause:  medv(A) :- indus(A, 2).  [covers 51,0/436,0 pos, 0,0/0,0 neg]
%     Score = -60.094,600282 (regressionFit = 60.094,600281, penalties=1.03E-6) for clause:  medv(A) :- chas(A, 0).  [covers 401,0/436,0 pos, 0,0/0,0 neg]
%     Score = -60.216,575998 (regressionFit = 60.216,575997, penalties=1.03E-6) for clause:  medv(A) :- nox(A, 9).  [covers 42,0/436,0 pos, 0,0/0,0 neg]
%     Score = -60.066,432691 (regressionFit = 60.066,432690, penalties=1.03E-6) for clause:  medv(A) :- nox(A, 4).  [covers 48,0/436,0 pos, 0,0/0,0 neg]
%     Score = -60.242,009710 (regressionFit = 60.242,009709, penalties=1.03E-6) for clause:  medv(A) :- nox(A, 5).  [covers 50,0/436,0 pos, 0,0/0,0 neg]
%     Score = -60.123,352147 (regressionFit = 60.123,352146, penalties=1.03E-6) for clause:  medv(A) :- nox(A, 1).  [covers 47,0/436,0 pos, 0,0/0,0 neg]
%     Score = -60.100,721040 (regressionFit = 60.100,721039, penalties=1.03E-6) for clause:  medv(A) :- nox(A, 7).  [covers 32,0/436,0 pos, 0,0/0,0 neg]
%     Score = -60.135,325917 (regressionFit = 60.135,325916, penalties=1.03E-6) for clause:  medv(A) :- nox(A, 2).  [covers 48,0/436,0 pos, 0,0/0,0 neg]
%     Score = -59.752,075626 (regressionFit = 59.752,075624, penalties=1.03E-6) for clause:  medv(A) :- rm(A, 7).  [covers 44,0/436,0 pos, 0,0/0,0 neg]
%     Score = -59.058,086466 (regressionFit = 59.058,086465, penalties=1.03E-6) for clause:  medv(A) :- rm(A, 6).  [covers 43,0/436,0 pos, 0,0/0,0 neg]
%     Score = -58.062,688594 (regressionFit = 58.062,688593, penalties=1.03E-6) for clause:  medv(A) :- rm(A, 2).  [covers 44,0/436,0 pos, 0,0/0,0 neg]
%     Score = -60.233,826882 (regressionFit = 60.233,826881, penalties=1.03E-6) for clause:  medv(A) :- rm(A, 9).  [covers 44,0/436,0 pos, 0,0/0,0 neg]
%     Score = -59.239,988215 (regressionFit = 59.239,988214, penalties=1.03E-6) for clause:  medv(A) :- rm(A, 5).  [covers 39,0/436,0 pos, 0,0/0,0 neg]
%     Score = -60.138,634990 (regressionFit = 60.138,634989, penalties=1.03E-6) for clause:  medv(A) :- age(A, 5).  [covers 41,0/436,0 pos, 0,0/0,0 neg]
%     Score = -60.185,541017 (regressionFit = 60.185,541016, penalties=1.03E-6) for clause:  medv(A) :- age(A, 1).  [covers 43,0/436,0 pos, 0,0/0,0 neg]
%     Score = -60.251,078291 (regressionFit = 60.251,078290, penalties=1.03E-6) for clause:  medv(A) :- age(A, 7).  [covers 43,0/436,0 pos, 0,0/0,0 neg]
%     Score = -59.498,443577 (regressionFit = 59.498,443576, penalties=1.03E-6) for clause:  medv(A) :- age(A, 6).  [covers 48,0/436,0 pos, 0,0/0,0 neg]
%     Score = -59.691,951258 (regressionFit = 59.691,951256, penalties=1.03E-6) for clause:  medv(A) :- dis(A, 10).  [covers 51,0/436,0 pos, 0,0/0,0 neg]
%     Score = -60.034,049613 (regressionFit = 60.034,049612, penalties=1.03E-6) for clause:  medv(A) :- dis(A, 7).  [covers 29,0/436,0 pos, 0,0/0,0 neg]
%     Score = -60.175,362903 (regressionFit = 60.175,362902, penalties=1.03E-6) for clause:  medv(A) :- dis(A, 3).  [covers 50,0/436,0 pos, 0,0/0,0 neg]
%     Score = -60.086,514458 (regressionFit = 60.086,514457, penalties=1.03E-6) for clause:  medv(A) :- dis(A, 1).  [covers 48,0/436,0 pos, 0,0/0,0 neg]
%     Score = -60.142,752216 (regressionFit = 60.142,752215, penalties=1.03E-6) for clause:  medv(A) :- dis(A, 8).  [covers 42,0/436,0 pos, 0,0/0,0 neg]
%     Score = -59.253,812898 (regressionFit = 59.253,812897, penalties=1.03E-6) for clause:  medv(A) :- dis(A, 9).  [covers 43,0/436,0 pos, 0,0/0,0 neg]
%     Score = -59.967,468640 (regressionFit = 59.967,468639, penalties=1.03E-6) for clause:  medv(A) :- rad(A, 5).  [covers 112,0/436,0 pos, 0,0/0,0 neg]
%     Score = -60.089,769191 (regressionFit = 60.089,769190, penalties=1.03E-6) for clause:  medv(A) :- rad(A, 3).  [covers 37,0/436,0 pos, 0,0/0,0 neg]
%     Score = -58.764,027578 (regressionFit = 58.764,027577, penalties=1.03E-6) for clause:  medv(A) :- rad(A, 4).  [covers 101,0/436,0 pos, 0,0/0,0 neg]
%     Score = -57.766,226688 (regressionFit = 57.766,226687, penalties=1.03E-6) for clause:  medv(A) :- rad(A, 24).  [covers 90,0/436,0 pos, 0,0/0,0 neg]
%     Score = -60.079,953160 (regressionFit = 60.079,953159, penalties=1.03E-6) for clause:  medv(A) :- tax(A, 403).  [covers 29,0/436,0 pos, 0,0/0,0 neg]
%     Score = -60.176,626418 (regressionFit = 60.176,626417, penalties=1.03E-6) for clause:  medv(A) :- tax(A, 193).  [covers 8,0/436,0 pos, 0,0/0,0 neg]
%     Score = -60.178,576343 (regressionFit = 60.178,576342, penalties=1.03E-6) for clause:  medv(A) :- tax(A, 289).  [covers 5,0/436,0 pos, 0,0/0,0 neg]
%     Score = -60.004,708924 (regressionFit = 60.004,708923, penalties=1.03E-6) for clause:  medv(A) :- tax(A, 307).  [covers 39,0/436,0 pos, 0,0/0,0 neg]
%     Score = -59.836,307916 (regressionFit = 59.836,307915, penalties=1.03E-6) for clause:  medv(A) :- tax(A, 287).  [covers 8,0/436,0 pos, 0,0/0,0 neg]
%     Score = -57.766,226688 (regressionFit = 57.766,226687, penalties=1.03E-6) for clause:  medv(A) :- tax(A, 666).  [covers 90,0/436,0 pos, 0,0/0,0 neg]
%     Score = -59.789,860904 (regressionFit = 59.789,860903, penalties=1.03E-6) for clause:  medv(A) :- tax(A, 233).  [covers 9,0/436,0 pos, 0,0/0,0 neg]
%     Score = -60.173,006385 (regressionFit = 60.173,006384, penalties=1.03E-6) for clause:  medv(A) :- ptratio(A, 9).  [covers 50,0/436,0 pos, 0,0/0,0 neg]
%     Score = -60.208,826273 (regressionFit = 60.208,826272, penalties=1.03E-6) for clause:  medv(A) :- ptratio(A, 2).  [covers 47,0/436,0 pos, 0,0/0,0 neg]
%     Score = -60.226,453018 (regressionFit = 60.226,453017, penalties=1.03E-6) for clause:  medv(A) :- ptratio(A, 1).  [covers 45,0/436,0 pos, 0,0/0,0 neg]
%     Score = -60.216,338657 (regressionFit = 60.216,338656, penalties=1.03E-6) for clause:  medv(A) :- ptratio(A, 4).  [covers 32,0/436,0 pos, 0,0/0,0 neg]
%     Score = -59.045,113966 (regressionFit = 59.045,113965, penalties=1.03E-6) for clause:  medv(A) :- ptratio(A, 5).  [covers 42,0/436,0 pos, 0,0/0,0 neg]
%     Score = -58.567,808600 (regressionFit = 58.567,808599, penalties=1.03E-6) for clause:  medv(A) :- ptratio(A, 10).  [covers 97,0/436,0 pos, 0,0/0,0 neg]
%     Score = -59.277,679145 (regressionFit = 59.277,679144, penalties=1.03E-6) for clause:  medv(A) :- b(A, 7).  [covers 40,0/436,0 pos, 0,0/0,0 neg]
%     Score = -60.233,147865 (regressionFit = 60.233,147864, penalties=1.03E-6) for clause:  medv(A) :- b(A, 1).  [covers 102,0/436,0 pos, 0,0/0,0 neg]
%     Score = -60.154,564023 (regressionFit = 60.154,564022, penalties=1.03E-6) for clause:  medv(A) :- b(A, 9).  [covers 41,0/436,0 pos, 0,0/0,0 neg]
%     Score = -60.243,163470 (regressionFit = 60.243,163469, penalties=1.03E-6) for clause:  medv(A) :- b(A, 5).  [covers 46,0/436,0 pos, 0,0/0,0 neg]
%     Score = -59.467,744442 (regressionFit = 59.467,744441, penalties=1.03E-6) for clause:  medv(A) :- lstat(A, 7).  [covers 38,0/436,0 pos, 0,0/0,0 neg]
%     Score = -57.815,232049 (regressionFit = 57.815,232048, penalties=1.03E-6) for clause:  medv(A) :- lstat(A, 2).  [covers 45,0/436,0 pos, 0,0/0,0 neg]
%     Score = -59.726,713079 (regressionFit = 59.726,713078, penalties=1.03E-6) for clause:  medv(A) :- lstat(A, 5).  [covers 39,0/436,0 pos, 0,0/0,0 neg]
%     Score = -60.230,007318 (regressionFit = 60.230,007317, penalties=1.03E-6) for clause:  medv(A) :- lstat(A, 9).  [covers 46,0/436,0 pos, 0,0/0,0 neg]
%     Score = -58.413,500269 (regressionFit = 58.413,500268, penalties=1.03E-6) for clause:  medv(A) :- lstat(A, 8).  [covers 44,0/436,0 pos, 0,0/0,0 neg]
%     Score = -59.437,691736 (regressionFit = 59.437,691734, penalties=1.03E-6) for clause:  medv(A) :- lstat(A, 6).  [covers 44,0/436,0 pos, 0,0/0,0 neg]

% The best node found: medv(A) :- crim(A, 10).  [covers 45,0/436,0 pos, 0,0/0,0 neg]

% The best node found: medv(A) :- crim(A, 10).  [covers 45,0/436,0 pos, 0,0/0,0 neg]
Setting 0.3431136224056718 for 
 // Learned this clause on outer loop cycle #6.  It scores=-55.468,31 and has recall=0,10, precision=1,00, and F1=0,19 (using m-estimates).
 // It covers 10,3% of the positive examples, 45 of 436 (of which 13 are newly covered),
 // So far 227 (52,1%) of the positive examples have been covered.
(medv(A) :- crim(A, 10))

% On cycle #6, the best clause found is:
%      medv(A) :- crim(A, 10).  [covers 45,0/436,0 pos, 0,0/0,0 neg]
% This clause covers 45 positive examples, of which 13 are newly covered.
% It also covers 0 negative examples, of which 0 are newly covered.
% The current set of 6 best clauses covers 52,1% of the positive examples and NaN% of the negatives.}

% Have these 10 positive seeds: 29 30 33 81 89 90 120 166 176 198

% target           = medv(A)
%     Score = -Infinity (regressionFit = Infinity, penalties=1.1E-7) for clause:  medv(_).  [covers 436,0/436,0 pos, 0,0/0,0 neg]
% Unacceptable due to being the root node.
% Most-general root: medv(_).  [covers 436,0/436,0 pos, 0,0/0,0 neg]  score = -Infinity
%     Score = -59.912,413971 (regressionFit = 59.912,413970, penalties=1.03E-6) for clause:  medv(A) :- crim(A, 2).  [covers 51,0/436,0 pos, 0,0/0,0 neg]
% Gleaner: New best node found (score = -59.912,413971): medv(A) :- crim(A, 2).  [covers 51,0/436,0 pos, 0,0/0,0 neg]
%     Score = -58.237,010530 (regressionFit = 58.237,010529, penalties=1.03E-6) for clause:  medv(A) :- crim(A, 4).  [covers 41,0/436,0 pos, 0,0/0,0 neg]
% Gleaner: New best node found (score = -58.237,010530): medv(A) :- crim(A, 4).  [covers 41,0/436,0 pos, 0,0/0,0 neg]
%     Score = -60.500,986755 (regressionFit = 60.500,986754, penalties=1.03E-6) for clause:  medv(A) :- crim(A, 7).  [covers 47,0/436,0 pos, 0,0/0,0 neg]
%     Score = -60.558,115997 (regressionFit = 60.558,115996, penalties=1.03E-6) for clause:  medv(A) :- crim(A, 5).  [covers 49,0/436,0 pos, 0,0/0,0 neg]
%     Score = -60.048,335046 (regressionFit = 60.048,335045, penalties=1.03E-6) for clause:  medv(A) :- zn(A, 0).  [covers 307,0/436,0 pos, 0,0/0,0 neg]
%     Score = -60.485,578777 (regressionFit = 60.485,578776, penalties=1.03E-6) for clause:  medv(A) :- zn(A, 22).  [covers 9,0/436,0 pos, 0,0/0,0 neg]
%     Score = -59.855,924275 (regressionFit = 59.855,924274, penalties=1.03E-6) for clause:  medv(A) :- indus(A, 8).  [covers 21,0/436,0 pos, 0,0/0,0 neg]
%     Score = -60.322,207629 (regressionFit = 60.322,207628, penalties=1.03E-6) for clause:  medv(A) :- indus(A, 4).  [covers 49,0/436,0 pos, 0,0/0,0 neg]
%     Score = -60.217,608039 (regressionFit = 60.217,608038, penalties=1.03E-6) for clause:  medv(A) :- indus(A, 3).  [covers 47,0/436,0 pos, 0,0/0,0 neg]
%     Score = -59.986,525695 (regressionFit = 59.986,525694, penalties=1.03E-6) for clause:  medv(A) :- indus(A, 1).  [covers 48,0/436,0 pos, 0,0/0,0 neg]
%     Score = -59.144,706350 (regressionFit = 59.144,706349, penalties=1.03E-6) for clause:  medv(A) :- indus(A, 6).  [covers 36,0/436,0 pos, 0,0/0,0 neg]
%     Score = -60.157,301359 (regressionFit = 60.157,301358, penalties=1.03E-6) for clause:  medv(A) :- indus(A, 5).  [covers 48,0/436,0 pos, 0,0/0,0 neg]
%     Score = -60.395,333390 (regressionFit = 60.395,333389, penalties=1.03E-6) for clause:  medv(A) :- chas(A, 0).  [covers 401,0/436,0 pos, 0,0/0,0 neg]
%     Score = -60.395,333390 (regressionFit = 60.395,333389, penalties=1.03E-6) for clause:  medv(A) :- chas(A, 1).  [covers 35,0/436,0 pos, 0,0/0,0 neg]
%     Score = -60.411,139633 (regressionFit = 60.411,139632, penalties=1.03E-6) for clause:  medv(A) :- nox(A, 7).  [covers 32,0/436,0 pos, 0,0/0,0 neg]
%     Score = -60.033,829936 (regressionFit = 60.033,829935, penalties=1.03E-6) for clause:  medv(A) :- nox(A, 8).  [covers 36,0/436,0 pos, 0,0/0,0 neg]
%     Score = -60.398,544255 (regressionFit = 60.398,544253, penalties=1.03E-6) for clause:  medv(A) :- nox(A, 3).  [covers 43,0/436,0 pos, 0,0/0,0 neg]
%     Score = -60.423,717111 (regressionFit = 60.423,717110, penalties=1.03E-6) for clause:  medv(A) :- nox(A, 1).  [covers 47,0/436,0 pos, 0,0/0,0 neg]
%     Score = -60.365,541303 (regressionFit = 60.365,541302, penalties=1.03E-6) for clause:  medv(A) :- nox(A, 4).  [covers 48,0/436,0 pos, 0,0/0,0 neg]
%     Score = -60.549,897744 (regressionFit = 60.549,897743, penalties=1.03E-6) for clause:  medv(A) :- nox(A, 5).  [covers 50,0/436,0 pos, 0,0/0,0 neg]
%     Score = -58.990,233271 (regressionFit = 58.990,233270, penalties=1.03E-6) for clause:  medv(A) :- rm(A, 8).  [covers 45,0/436,0 pos, 0,0/0,0 neg]
%     Score = -59.538,819800 (regressionFit = 59.538,819799, penalties=1.03E-6) for clause:  medv(A) :- rm(A, 5).  [covers 39,0/436,0 pos, 0,0/0,0 neg]
%     Score = -58.366,189162 (regressionFit = 58.366,189161, penalties=1.03E-6) for clause:  medv(A) :- rm(A, 2).  [covers 44,0/436,0 pos, 0,0/0,0 neg]
%     Score = -59.355,046969 (regressionFit = 59.355,046968, penalties=1.03E-6) for clause:  medv(A) :- rm(A, 6).  [covers 43,0/436,0 pos, 0,0/0,0 neg]
%     Score = -60.533,812828 (regressionFit = 60.533,812827, penalties=1.03E-6) for clause:  medv(A) :- rm(A, 9).  [covers 44,0/436,0 pos, 0,0/0,0 neg]
%     Score = -60.061,893056 (regressionFit = 60.061,893055, penalties=1.03E-6) for clause:  medv(A) :- rm(A, 7).  [covers 44,0/436,0 pos, 0,0/0,0 neg]
%     Score = -60.447,011132 (regressionFit = 60.447,011131, penalties=1.03E-6) for clause:  medv(A) :- age(A, 5).  [covers 41,0/436,0 pos, 0,0/0,0 neg]
%     Score = -60.539,118811 (regressionFit = 60.539,118810, penalties=1.03E-6) for clause:  medv(A) :- age(A, 9).  [covers 40,0/436,0 pos, 0,0/0,0 neg]
%     Score = -59.754,772429 (regressionFit = 59.754,772428, penalties=1.03E-6) for clause:  medv(A) :- age(A, 6).  [covers 48,0/436,0 pos, 0,0/0,0 neg]
%     Score = -60.279,934711 (regressionFit = 60.279,934710, penalties=1.03E-6) for clause:  medv(A) :- age(A, 2).  [covers 40,0/436,0 pos, 0,0/0,0 neg]
%     Score = -60.488,677264 (regressionFit = 60.488,677263, penalties=1.03E-6) for clause:  medv(A) :- age(A, 1).  [covers 43,0/436,0 pos, 0,0/0,0 neg]
%     Score = -59.782,743882 (regressionFit = 59.782,743881, penalties=1.03E-6) for clause:  medv(A) :- age(A, 10).  [covers 49,0/436,0 pos, 0,0/0,0 neg]
%     Score = -60.449,790508 (regressionFit = 60.449,790506, penalties=1.03E-6) for clause:  medv(A) :- dis(A, 8).  [covers 42,0/436,0 pos, 0,0/0,0 neg]
%     Score = -59.526,498574 (regressionFit = 59.526,498573, penalties=1.03E-6) for clause:  medv(A) :- dis(A, 9).  [covers 43,0/436,0 pos, 0,0/0,0 neg]
%     Score = -60.544,072835 (regressionFit = 60.544,072834, penalties=1.03E-6) for clause:  medv(A) :- dis(A, 6).  [covers 32,0/436,0 pos, 0,0/0,0 neg]
%     Score = -60.386,017299 (regressionFit = 60.386,017298, penalties=1.03E-6) for clause:  medv(A) :- dis(A, 1).  [covers 48,0/436,0 pos, 0,0/0,0 neg]
%     Score = -60.334,445593 (regressionFit = 60.334,445592, penalties=1.03E-6) for clause:  medv(A) :- dis(A, 7).  [covers 29,0/436,0 pos, 0,0/0,0 neg]
%     Score = -60.545,137891 (regressionFit = 60.545,137890, penalties=1.03E-6) for clause:  medv(A) :- dis(A, 4).  [covers 45,0/436,0 pos, 0,0/0,0 neg]
%     Score = -60.558,073546 (regressionFit = 60.558,073545, penalties=1.03E-6) for clause:  medv(A) :- dis(A, 5).  [covers 46,0/436,0 pos, 0,0/0,0 neg]
%     Score = -60.552,963058 (regressionFit = 60.552,963057, penalties=1.03E-6) for clause:  medv(A) :- rad(A, 2).  [covers 23,0/436,0 pos, 0,0/0,0 neg]
%     Score = -59.038,802349 (regressionFit = 59.038,802348, penalties=1.03E-6) for clause:  medv(A) :- rad(A, 4).  [covers 101,0/436,0 pos, 0,0/0,0 neg]
%     Score = -60.258,873897 (regressionFit = 60.258,873896, penalties=1.03E-6) for clause:  medv(A) :- rad(A, 5).  [covers 112,0/436,0 pos, 0,0/0,0 neg]
%     Score = -60.390,244681 (regressionFit = 60.390,244680, penalties=1.03E-6) for clause:  medv(A) :- rad(A, 3).  [covers 37,0/436,0 pos, 0,0/0,0 neg]
%     Score = -60.511,433357 (regressionFit = 60.511,433356, penalties=1.03E-6) for clause:  medv(A) :- rad(A, 7).  [covers 16,0/436,0 pos, 0,0/0,0 neg]
%     Score = -60.000,332782 (regressionFit = 60.000,332781, penalties=1.03E-6) for clause:  medv(A) :- tax(A, 188).  [covers 7,0/436,0 pos, 0,0/0,0 neg]
%     Score = -60.322,832146 (regressionFit = 60.322,832145, penalties=1.03E-6) for clause:  medv(A) :- tax(A, 437).  [covers 14,0/436,0 pos, 0,0/0,0 neg]
%     Score = -60.373,300266 (regressionFit = 60.373,300265, penalties=1.03E-6) for clause:  medv(A) :- tax(A, 296).  [covers 8,0/436,0 pos, 0,0/0,0 neg]
%     Score = -60.318,211230 (regressionFit = 60.318,211229, penalties=1.03E-6) for clause:  medv(A) :- tax(A, 307).  [covers 39,0/436,0 pos, 0,0/0,0 neg]
%     Score = -60.481,123981 (regressionFit = 60.481,123980, penalties=1.03E-6) for clause:  medv(A) :- tax(A, 193).  [covers 8,0/436,0 pos, 0,0/0,0 neg]
%     Score = -58.787,170210 (regressionFit = 58.787,170209, penalties=1.03E-6) for clause:  medv(A) :- tax(A, 277).  [covers 11,0/436,0 pos, 0,0/0,0 neg]
%     Score = -60.485,578777 (regressionFit = 60.485,578776, penalties=1.03E-6) for clause:  medv(A) :- tax(A, 330).  [covers 9,0/436,0 pos, 0,0/0,0 neg]
%     Score = -59.334,545097 (regressionFit = 59.334,545096, penalties=1.03E-6) for clause:  medv(A) :- ptratio(A, 5).  [covers 42,0/436,0 pos, 0,0/0,0 neg]
%     Score = -60.194,854724 (regressionFit = 60.194,854723, penalties=1.03E-6) for clause:  medv(A) :- ptratio(A, 7).  [covers 16,0/436,0 pos, 0,0/0,0 neg]
%     Score = -60.546,702513 (regressionFit = 60.546,702512, penalties=1.03E-6) for clause:  medv(A) :- ptratio(A, 6).  [covers 48,0/436,0 pos, 0,0/0,0 neg]
%     Score = -60.520,069730 (regressionFit = 60.520,069729, penalties=1.03E-6) for clause:  medv(A) :- ptratio(A, 4).  [covers 32,0/436,0 pos, 0,0/0,0 neg]
%     Score = -60.511,641833 (regressionFit = 60.511,641832, penalties=1.03E-6) for clause:  medv(A) :- ptratio(A, 2).  [covers 47,0/436,0 pos, 0,0/0,0 neg]
%     Score = -60.352,060534 (regressionFit = 60.352,060533, penalties=1.03E-6) for clause:  medv(A) :- ptratio(A, 3).  [covers 51,0/436,0 pos, 0,0/0,0 neg]
%     Score = -60.548,186877 (regressionFit = 60.548,186876, penalties=1.03E-6) for clause:  medv(A) :- b(A, 5).  [covers 46,0/436,0 pos, 0,0/0,0 neg]
%     Score = -60.537,869406 (regressionFit = 60.537,869405, penalties=1.03E-6) for clause:  medv(A) :- b(A, 1).  [covers 102,0/436,0 pos, 0,0/0,0 neg]
%     Score = -60.213,668306 (regressionFit = 60.213,668305, penalties=1.03E-6) for clause:  medv(A) :- b(A, 3).  [covers 47,0/436,0 pos, 0,0/0,0 neg]
%     Score = -60.083,436071 (regressionFit = 60.083,436070, penalties=1.03E-6) for clause:  medv(A) :- b(A, 8).  [covers 46,0/436,0 pos, 0,0/0,0 neg]
%     Score = -60.461,681511 (regressionFit = 60.461,681510, penalties=1.03E-6) for clause:  medv(A) :- b(A, 9).  [covers 41,0/436,0 pos, 0,0/0,0 neg]
%     Score = -59.770,997600 (regressionFit = 59.770,997599, penalties=1.03E-6) for clause:  medv(A) :- lstat(A, 7).  [covers 38,0/436,0 pos, 0,0/0,0 neg]
%     Score = -59.242,061470 (regressionFit = 59.242,061469, penalties=1.03E-6) for clause:  medv(A) :- lstat(A, 10).  [covers 38,0/436,0 pos, 0,0/0,0 neg]
%     Score = -58.096,666834 (regressionFit = 58.096,666833, penalties=1.03E-6) for clause:  medv(A) :- lstat(A, 2).  [covers 45,0/436,0 pos, 0,0/0,0 neg]
% Gleaner: New best node found (score = -58.096,666834): medv(A) :- lstat(A, 2).  [covers 45,0/436,0 pos, 0,0/0,0 neg]
%     Score = -60.014,405918 (regressionFit = 60.014,405917, penalties=1.03E-6) for clause:  medv(A) :- lstat(A, 5).  [covers 39,0/436,0 pos, 0,0/0,0 neg]
%     Score = -59.952,175743 (regressionFit = 59.952,175742, penalties=1.03E-6) for clause:  medv(A) :- lstat(A, 3).  [covers 51,0/436,0 pos, 0,0/0,0 neg]

% The best node found: medv(A) :- lstat(A, 2).  [covers 45,0/436,0 pos, 0,0/0,0 neg]

% The best node found: medv(A) :- lstat(A, 2).  [covers 45,0/436,0 pos, 0,0/0,0 neg]
Setting 17.075898446068127 for 
 // Learned this clause on outer loop cycle #7.  It scores=-58.096,67 and has recall=0,10, precision=1,00, and F1=0,19 (using m-estimates).
 // It covers 10,3% of the positive examples, 45 of 436 (of which 33 are newly covered),
 // So far 260 (59,6%) of the positive examples have been covered.
(medv(A) :- lstat(A, 2))

% On cycle #7, the best clause found is:
%      medv(A) :- lstat(A, 2).  [covers 45,0/436,0 pos, 0,0/0,0 neg]
% This clause covers 45 positive examples, of which 33 are newly covered.
% It also covers 0 negative examples, of which 0 are newly covered.
% The current set of 7 best clauses covers 59,6% of the positive examples and NaN% of the negatives.}

% Have these 9 positive seeds: 18 47 77 89 112 131 185 355 380

% target           = medv(A)
%     Score = -Infinity (regressionFit = Infinity, penalties=1.1E-7) for clause:  medv(_).  [covers 436,0/436,0 pos, 0,0/0,0 neg]
% Unacceptable due to being the root node.
% Most-general root: medv(_).  [covers 436,0/436,0 pos, 0,0/0,0 neg]  score = -Infinity
%     Score = -58.598,212772 (regressionFit = 58.598,212771, penalties=1.03E-6) for clause:  medv(A) :- crim(A, 4).  [covers 41,0/436,0 pos, 0,0/0,0 neg]
% Gleaner: New best node found (score = -58.598,212772): medv(A) :- crim(A, 4).  [covers 41,0/436,0 pos, 0,0/0,0 neg]
%     Score = -61.538,273436 (regressionFit = 61.538,273435, penalties=1.03E-6) for clause:  medv(A) :- crim(A, 5).  [covers 49,0/436,0 pos, 0,0/0,0 neg]
%     Score = -61.258,383201 (regressionFit = 61.258,383200, penalties=1.03E-6) for clause:  medv(A) :- crim(A, 1).  [covers 49,0/436,0 pos, 0,0/0,0 neg]
%     Score = -61.500,139674 (regressionFit = 61.500,139673, penalties=1.03E-6) for clause:  medv(A) :- crim(A, 3).  [covers 47,0/436,0 pos, 0,0/0,0 neg]
%     Score = -61.308,110548 (regressionFit = 61.308,110547, penalties=1.03E-6) for clause:  medv(A) :- crim(A, 2).  [covers 51,0/436,0 pos, 0,0/0,0 neg]
%     Score = -61.555,586345 (regressionFit = 61.555,586344, penalties=1.03E-6) for clause:  medv(A) :- crim(A, 9).  [covers 32,0/436,0 pos, 0,0/0,0 neg]
%     Score = -60.239,511954 (regressionFit = 60.239,511953, penalties=1.03E-6) for clause:  medv(A) :- zn(A, 0).  [covers 307,0/436,0 pos, 0,0/0,0 neg]
%     Score = -Infinity (regressionFit = Infinity, penalties=1.03E-6) for clause:  medv(A) :- zn(A, 82.5).  [covers 2,0/436,0 pos, 0,0/0,0 neg]
%     Score = -60.946,680638 (regressionFit = 60.946,680637, penalties=1.03E-6) for clause:  medv(A) :- zn(A, 20).  [covers 21,0/436,0 pos, 0,0/0,0 neg]
%     Score = -60.210,349935 (regressionFit = 60.210,349934, penalties=1.03E-6) for clause:  medv(A) :- indus(A, 6).  [covers 36,0/436,0 pos, 0,0/0,0 neg]
%     Score = -60.351,387395 (regressionFit = 60.351,387394, penalties=1.03E-6) for clause:  medv(A) :- indus(A, 8).  [covers 21,0/436,0 pos, 0,0/0,0 neg]
%     Score = -61.025,635800 (regressionFit = 61.025,635799, penalties=1.03E-6) for clause:  medv(A) :- indus(A, 9).  [covers 29,0/436,0 pos, 0,0/0,0 neg]
%     Score = -61.016,392152 (regressionFit = 61.016,392151, penalties=1.03E-6) for clause:  medv(A) :- indus(A, 3).  [covers 47,0/436,0 pos, 0,0/0,0 neg]
%     Score = -60.851,177905 (regressionFit = 60.851,177904, penalties=1.03E-6) for clause:  medv(A) :- indus(A, 1).  [covers 48,0/436,0 pos, 0,0/0,0 neg]
%     Score = -61.319,067429 (regressionFit = 61.319,067427, penalties=1.03E-6) for clause:  medv(A) :- indus(A, 7).  [covers 17,0/436,0 pos, 0,0/0,0 neg]
%     Score = -61.287,570899 (regressionFit = 61.287,570898, penalties=1.03E-6) for clause:  medv(A) :- indus(A, 2).  [covers 51,0/436,0 pos, 0,0/0,0 neg]
%     Score = -60.071,130572 (regressionFit = 60.071,130571, penalties=1.03E-6) for clause:  medv(A) :- indus(A, 10).  [covers 90,0/436,0 pos, 0,0/0,0 neg]
%     Score = -61.250,656621 (regressionFit = 61.250,656620, penalties=1.03E-6) for clause:  medv(A) :- chas(A, 0).  [covers 401,0/436,0 pos, 0,0/0,0 neg]
%     Score = -61.250,656621 (regressionFit = 61.250,656620, penalties=1.03E-6) for clause:  medv(A) :- chas(A, 1).  [covers 35,0/436,0 pos, 0,0/0,0 neg]
%     Score = -61.369,412331 (regressionFit = 61.369,412330, penalties=1.03E-6) for clause:  medv(A) :- nox(A, 1).  [covers 47,0/436,0 pos, 0,0/0,0 neg]
%     Score = -61.074,636607 (regressionFit = 61.074,636606, penalties=1.03E-6) for clause:  medv(A) :- nox(A, 8).  [covers 36,0/436,0 pos, 0,0/0,0 neg]
%     Score = -61.055,310304 (regressionFit = 61.055,310303, penalties=1.03E-6) for clause:  medv(A) :- nox(A, 7).  [covers 32,0/436,0 pos, 0,0/0,0 neg]
%     Score = -61.554,394598 (regressionFit = 61.554,394597, penalties=1.03E-6) for clause:  medv(A) :- nox(A, 6).  [covers 48,0/436,0 pos, 0,0/0,0 neg]
%     Score = -61.491,734285 (regressionFit = 61.491,734284, penalties=1.03E-6) for clause:  medv(A) :- nox(A, 2).  [covers 48,0/436,0 pos, 0,0/0,0 neg]
%     Score = -60.783,226338 (regressionFit = 60.783,226337, penalties=1.03E-6) for clause:  medv(A) :- rm(A, 8).  [covers 45,0/436,0 pos, 0,0/0,0 neg]
%     Score = -61.506,895648 (regressionFit = 61.506,895647, penalties=1.03E-6) for clause:  medv(A) :- rm(A, 9).  [covers 44,0/436,0 pos, 0,0/0,0 neg]
%     Score = -60.537,009270 (regressionFit = 60.537,009269, penalties=1.03E-6) for clause:  medv(A) :- rm(A, 5).  [covers 39,0/436,0 pos, 0,0/0,0 neg]
%     Score = -60.795,999010 (regressionFit = 60.795,999009, penalties=1.03E-6) for clause:  medv(A) :- rm(A, 6).  [covers 43,0/436,0 pos, 0,0/0,0 neg]
%     Score = -58.152,386015 (regressionFit = 58.152,386014, penalties=1.03E-6) for clause:  medv(A) :- rm(A, 10).  [covers 40,0/436,0 pos, 0,0/0,0 neg]
% Gleaner: New best node found (score = -58.152,386015): medv(A) :- rm(A, 10).  [covers 40,0/436,0 pos, 0,0/0,0 neg]
%     Score = -61.544,993904 (regressionFit = 61.544,993903, penalties=1.03E-6) for clause:  medv(A) :- age(A, 9).  [covers 40,0/436,0 pos, 0,0/0,0 neg]
%     Score = -61.135,613387 (regressionFit = 61.135,613386, penalties=1.03E-6) for clause:  medv(A) :- age(A, 6).  [covers 48,0/436,0 pos, 0,0/0,0 neg]
%     Score = -61.392,040515 (regressionFit = 61.392,040514, penalties=1.03E-6) for clause:  medv(A) :- age(A, 7).  [covers 43,0/436,0 pos, 0,0/0,0 neg]
%     Score = -61.294,758091 (regressionFit = 61.294,758090, penalties=1.03E-6) for clause:  medv(A) :- age(A, 2).  [covers 40,0/436,0 pos, 0,0/0,0 neg]
%     Score = -61.540,774834 (regressionFit = 61.540,774833, penalties=1.03E-6) for clause:  medv(A) :- age(A, 3).  [covers 46,0/436,0 pos, 0,0/0,0 neg]
%     Score = -61.543,891874 (regressionFit = 61.543,891873, penalties=1.03E-6) for clause:  medv(A) :- age(A, 1).  [covers 43,0/436,0 pos, 0,0/0,0 neg]
%     Score = -61.473,921049 (regressionFit = 61.473,921048, penalties=1.03E-6) for clause:  medv(A) :- age(A, 4).  [covers 37,0/436,0 pos, 0,0/0,0 neg]
%     Score = -61.229,079498 (regressionFit = 61.229,079497, penalties=1.03E-6) for clause:  medv(A) :- dis(A, 7).  [covers 29,0/436,0 pos, 0,0/0,0 neg]
%     Score = -61.291,477845 (regressionFit = 61.291,477844, penalties=1.03E-6) for clause:  medv(A) :- dis(A, 10).  [covers 51,0/436,0 pos, 0,0/0,0 neg]
%     Score = -61.453,116845 (regressionFit = 61.453,116844, penalties=1.03E-6) for clause:  medv(A) :- dis(A, 1).  [covers 48,0/436,0 pos, 0,0/0,0 neg]
%     Score = -61.542,662801 (regressionFit = 61.542,662800, penalties=1.03E-6) for clause:  medv(A) :- dis(A, 3).  [covers 50,0/436,0 pos, 0,0/0,0 neg]
%     Score = -61.508,130913 (regressionFit = 61.508,130912, penalties=1.03E-6) for clause:  medv(A) :- dis(A, 4).  [covers 45,0/436,0 pos, 0,0/0,0 neg]
%     Score = -61.057,798973 (regressionFit = 61.057,798972, penalties=1.03E-6) for clause:  medv(A) :- dis(A, 8).  [covers 42,0/436,0 pos, 0,0/0,0 neg]
%     Score = -61.310,231230 (regressionFit = 61.310,231229, penalties=1.03E-6) for clause:  medv(A) :- rad(A, 6).  [covers 18,0/436,0 pos, 0,0/0,0 neg]
%     Score = -60.533,952282 (regressionFit = 60.533,952281, penalties=1.03E-6) for clause:  medv(A) :- rad(A, 4).  [covers 101,0/436,0 pos, 0,0/0,0 neg]
%     Score = -61.072,898110 (regressionFit = 61.072,898109, penalties=1.03E-6) for clause:  medv(A) :- rad(A, 5).  [covers 112,0/436,0 pos, 0,0/0,0 neg]
%     Score = -61.539,840545 (regressionFit = 61.539,840544, penalties=1.03E-6) for clause:  medv(A) :- rad(A, 2).  [covers 23,0/436,0 pos, 0,0/0,0 neg]
%     Score = -61.226,142990 (regressionFit = 61.226,142989, penalties=1.03E-6) for clause:  medv(A) :- rad(A, 3).  [covers 37,0/436,0 pos, 0,0/0,0 neg]
%     Score = -60.071,130572 (regressionFit = 60.071,130571, penalties=1.03E-6) for clause:  medv(A) :- rad(A, 24).  [covers 90,0/436,0 pos, 0,0/0,0 neg]
%     Score = -61.231,981811 (regressionFit = 61.231,981810, penalties=1.03E-6) for clause:  medv(A) :- tax(A, 432).  [covers 9,0/436,0 pos, 0,0/0,0 neg]
%     Score = -61.074,959152 (regressionFit = 61.074,959151, penalties=1.03E-6) for clause:  medv(A) :- tax(A, 437).  [covers 14,0/436,0 pos, 0,0/0,0 neg]
%     Score = -61.025,635800 (regressionFit = 61.025,635799, penalties=1.03E-6) for clause:  medv(A) :- tax(A, 403).  [covers 29,0/436,0 pos, 0,0/0,0 neg]
%     Score = -61.403,452836 (regressionFit = 61.403,452835, penalties=1.03E-6) for clause:  medv(A) :- tax(A, 307).  [covers 39,0/436,0 pos, 0,0/0,0 neg]
%     Score = -Infinity (regressionFit = Infinity, penalties=1.03E-6) for clause:  medv(A) :- tax(A, 348).  [covers 2,0/436,0 pos, 0,0/0,0 neg]
%     Score = -61.541,104611 (regressionFit = 61.541,104610, penalties=1.03E-6) for clause:  medv(A) :- tax(A, 276).  [covers 9,0/436,0 pos, 0,0/0,0 neg]
%     Score = -61.560,783581 (regressionFit = 61.560,783580, penalties=1.03E-6) for clause:  medv(A) :- tax(A, 223).  [covers 5,0/436,0 pos, 0,0/0,0 neg]
%     Score = -60.071,130572 (regressionFit = 60.071,130571, penalties=1.03E-6) for clause:  medv(A) :- tax(A, 666).  [covers 90,0/436,0 pos, 0,0/0,0 neg]
%     Score = -60.834,875012 (regressionFit = 60.834,875011, penalties=1.03E-6) for clause:  medv(A) :- tax(A, 233).  [covers 9,0/436,0 pos, 0,0/0,0 neg]
%     Score = -61.478,730503 (regressionFit = 61.478,730502, penalties=1.03E-6) for clause:  medv(A) :- ptratio(A, 2).  [covers 47,0/436,0 pos, 0,0/0,0 neg]
%     Score = -60.872,169905 (regressionFit = 60.872,169904, penalties=1.03E-6) for clause:  medv(A) :- ptratio(A, 7).  [covers 16,0/436,0 pos, 0,0/0,0 neg]
%     Score = -61.551,702417 (regressionFit = 61.551,702416, penalties=1.03E-6) for clause:  medv(A) :- ptratio(A, 9).  [covers 50,0/436,0 pos, 0,0/0,0 neg]
%     Score = -61.510,223518 (regressionFit = 61.510,223517, penalties=1.03E-6) for clause:  medv(A) :- ptratio(A, 4).  [covers 32,0/436,0 pos, 0,0/0,0 neg]
%     Score = -61.436,916166 (regressionFit = 61.436,916165, penalties=1.03E-6) for clause:  medv(A) :- ptratio(A, 1).  [covers 45,0/436,0 pos, 0,0/0,0 neg]
%     Score = -61.537,619542 (regressionFit = 61.537,619541, penalties=1.03E-6) for clause:  medv(A) :- ptratio(A, 3).  [covers 51,0/436,0 pos, 0,0/0,0 neg]
%     Score = -60.500,469052 (regressionFit = 60.500,469051, penalties=1.03E-6) for clause:  medv(A) :- ptratio(A, 10).  [covers 97,0/436,0 pos, 0,0/0,0 neg]
%     Score = -61.451,305490 (regressionFit = 61.451,305489, penalties=1.03E-6) for clause:  medv(A) :- b(A, 9).  [covers 41,0/436,0 pos, 0,0/0,0 neg]
%     Score = -61.558,717261 (regressionFit = 61.558,717260, penalties=1.03E-6) for clause:  medv(A) :- b(A, 1).  [covers 102,0/436,0 pos, 0,0/0,0 neg]
%     Score = -61.554,841016 (regressionFit = 61.554,841015, penalties=1.03E-6) for clause:  medv(A) :- b(A, 5).  [covers 46,0/436,0 pos, 0,0/0,0 neg]
%     Score = -61.536,324308 (regressionFit = 61.536,324307, penalties=1.03E-6) for clause:  medv(A) :- b(A, 3).  [covers 47,0/436,0 pos, 0,0/0,0 neg]
%     Score = -61.552,309082 (regressionFit = 61.552,309081, penalties=1.03E-6) for clause:  medv(A) :- b(A, 6).  [covers 47,0/436,0 pos, 0,0/0,0 neg]
%     Score = -61.144,080448 (regressionFit = 61.144,080447, penalties=1.03E-6) for clause:  medv(A) :- b(A, 7).  [covers 40,0/436,0 pos, 0,0/0,0 neg]
%     Score = -60.006,342300 (regressionFit = 60.006,342299, penalties=1.03E-6) for clause:  medv(A) :- lstat(A, 7).  [covers 38,0/436,0 pos, 0,0/0,0 neg]
%     Score = -61.266,691758 (regressionFit = 61.266,691757, penalties=1.03E-6) for clause:  medv(A) :- lstat(A, 6).  [covers 44,0/436,0 pos, 0,0/0,0 neg]
%     Score = -59.290,449773 (regressionFit = 59.290,449772, penalties=1.03E-6) for clause:  medv(A) :- lstat(A, 10).  [covers 38,0/436,0 pos, 0,0/0,0 neg]
%     Score = -61.251,559035 (regressionFit = 61.251,559034, penalties=1.03E-6) for clause:  medv(A) :- lstat(A, 9).  [covers 46,0/436,0 pos, 0,0/0,0 neg]
%     Score = -58.491,858941 (regressionFit = 58.491,858940, penalties=1.03E-6) for clause:  medv(A) :- lstat(A, 8).  [covers 44,0/436,0 pos, 0,0/0,0 neg]

% The best node found: medv(A) :- rm(A, 10).  [covers 40,0/436,0 pos, 0,0/0,0 neg]

% The best node found: medv(A) :- rm(A, 10).  [covers 40,0/436,0 pos, 0,0/0,0 neg]
Setting 17.107117600821972 for 
 // Learned this clause on outer loop cycle #8.  It scores=-58.152,39 and has recall=0,09, precision=1,00, and F1=0,17 (using m-estimates).
 // It covers 9,2% of the positive examples, 40 of 436 (of which 30 are newly covered),
 // So far 290 (66,5%) of the positive examples have been covered.
(medv(A) :- rm(A, 10))

% On cycle #8, the best clause found is:
%      medv(A) :- rm(A, 10).  [covers 40,0/436,0 pos, 0,0/0,0 neg]
% This clause covers 40 positive examples, of which 30 are newly covered.
% It also covers 0 negative examples, of which 0 are newly covered.
% The current set of 8 best clauses covers 66,5% of the positive examples and NaN% of the negatives.}

% Have these 10 positive seeds: 2 76 118 130 169 198 241 247 287 319

% target           = medv(A)
%     Score = -Infinity (regressionFit = Infinity, penalties=1.1E-7) for clause:  medv(_).  [covers 436,0/436,0 pos, 0,0/0,0 neg]
% Unacceptable due to being the root node.
% Most-general root: medv(_).  [covers 436,0/436,0 pos, 0,0/0,0 neg]  score = -Infinity
%     Score = -57.262,354974 (regressionFit = 57.262,354973, penalties=1.03E-6) for clause:  medv(A) :- crim(A, 4).  [covers 41,0/436,0 pos, 0,0/0,0 neg]
% Gleaner: New best node found (score = -57.262,354974): medv(A) :- crim(A, 4).  [covers 41,0/436,0 pos, 0,0/0,0 neg]
%     Score = -59.217,898443 (regressionFit = 59.217,898442, penalties=1.03E-6) for clause:  medv(A) :- crim(A, 8).  [covers 32,0/436,0 pos, 0,0/0,0 neg]
%     Score = -60.116,946958 (regressionFit = 60.116,946957, penalties=1.03E-6) for clause:  medv(A) :- crim(A, 3).  [covers 47,0/436,0 pos, 0,0/0,0 neg]
%     Score = -59.675,414897 (regressionFit = 59.675,414896, penalties=1.03E-6) for clause:  medv(A) :- crim(A, 6).  [covers 43,0/436,0 pos, 0,0/0,0 neg]
%     Score = -60.116,010926 (regressionFit = 60.116,010925, penalties=1.03E-6) for clause:  medv(A) :- crim(A, 5).  [covers 49,0/436,0 pos, 0,0/0,0 neg]
%     Score = -60.013,908261 (regressionFit = 60.013,908260, penalties=1.03E-6) for clause:  medv(A) :- zn(A, 12.5).  [covers 10,0/436,0 pos, 0,0/0,0 neg]
%     Score = -59.175,304919 (regressionFit = 59.175,304918, penalties=1.03E-6) for clause:  medv(A) :- zn(A, 0).  [covers 307,0/436,0 pos, 0,0/0,0 neg]
%     Score = -59.966,684186 (regressionFit = 59.966,684185, penalties=1.03E-6) for clause:  medv(A) :- zn(A, 80).  [covers 14,0/436,0 pos, 0,0/0,0 neg]
%     Score = -59.285,668609 (regressionFit = 59.285,668608, penalties=1.03E-6) for clause:  medv(A) :- indus(A, 3).  [covers 47,0/436,0 pos, 0,0/0,0 neg]
%     Score = -59.512,094032 (regressionFit = 59.512,094031, penalties=1.03E-6) for clause:  medv(A) :- indus(A, 9).  [covers 29,0/436,0 pos, 0,0/0,0 neg]
%     Score = -59.147,905973 (regressionFit = 59.147,905972, penalties=1.03E-6) for clause:  medv(A) :- indus(A, 6).  [covers 36,0/436,0 pos, 0,0/0,0 neg]
%     Score = -60.142,467574 (regressionFit = 60.142,467573, penalties=1.03E-6) for clause:  medv(A) :- indus(A, 7).  [covers 17,0/436,0 pos, 0,0/0,0 neg]
%     Score = -59.880,016844 (regressionFit = 59.880,016843, penalties=1.03E-6) for clause:  medv(A) :- indus(A, 4).  [covers 49,0/436,0 pos, 0,0/0,0 neg]
%     Score = -58.544,434733 (regressionFit = 58.544,434732, penalties=1.03E-6) for clause:  medv(A) :- indus(A, 10).  [covers 90,0/436,0 pos, 0,0/0,0 neg]
%     Score = -60.058,570245 (regressionFit = 60.058,570244, penalties=1.03E-6) for clause:  medv(A) :- indus(A, 2).  [covers 51,0/436,0 pos, 0,0/0,0 neg]
%     Score = -59.819,527317 (regressionFit = 59.819,527316, penalties=1.03E-6) for clause:  medv(A) :- chas(A, 0).  [covers 401,0/436,0 pos, 0,0/0,0 neg]
%     Score = -59.819,527317 (regressionFit = 59.819,527316, penalties=1.03E-6) for clause:  medv(A) :- chas(A, 1).  [covers 35,0/436,0 pos, 0,0/0,0 neg]
%     Score = -60.085,540326 (regressionFit = 60.085,540325, penalties=1.03E-6) for clause:  medv(A) :- nox(A, 3).  [covers 43,0/436,0 pos, 0,0/0,0 neg]
%     Score = -59.656,045239 (regressionFit = 59.656,045238, penalties=1.03E-6) for clause:  medv(A) :- nox(A, 7).  [covers 32,0/436,0 pos, 0,0/0,0 neg]
%     Score = -59.933,015195 (regressionFit = 59.933,015194, penalties=1.03E-6) for clause:  medv(A) :- nox(A, 4).  [covers 48,0/436,0 pos, 0,0/0,0 neg]
%     Score = -59.853,101658 (regressionFit = 59.853,101657, penalties=1.03E-6) for clause:  medv(A) :- nox(A, 1).  [covers 47,0/436,0 pos, 0,0/0,0 neg]
%     Score = -60.064,412139 (regressionFit = 60.064,412138, penalties=1.03E-6) for clause:  medv(A) :- nox(A, 6).  [covers 48,0/436,0 pos, 0,0/0,0 neg]
%     Score = -60.011,921990 (regressionFit = 60.011,921989, penalties=1.03E-6) for clause:  medv(A) :- nox(A, 9).  [covers 42,0/436,0 pos, 0,0/0,0 neg]
%     Score = -58.365,769373 (regressionFit = 58.365,769372, penalties=1.03E-6) for clause:  medv(A) :- rm(A, 5).  [covers 39,0/436,0 pos, 0,0/0,0 neg]
%     Score = -57.809,357556 (regressionFit = 57.809,357555, penalties=1.03E-6) for clause:  medv(A) :- rm(A, 2).  [covers 44,0/436,0 pos, 0,0/0,0 neg]
%     Score = -58.314,546743 (regressionFit = 58.314,546742, penalties=1.03E-6) for clause:  medv(A) :- rm(A, 7).  [covers 44,0/436,0 pos, 0,0/0,0 neg]
%     Score = -58.631,129607 (regressionFit = 58.631,129606, penalties=1.03E-6) for clause:  medv(A) :- rm(A, 8).  [covers 45,0/436,0 pos, 0,0/0,0 neg]
%     Score = -58.670,464562 (regressionFit = 58.670,464561, penalties=1.03E-6) for clause:  medv(A) :- rm(A, 6).  [covers 43,0/436,0 pos, 0,0/0,0 neg]
%     Score = -59.816,208166 (regressionFit = 59.816,208165, penalties=1.03E-6) for clause:  medv(A) :- rm(A, 9).  [covers 44,0/436,0 pos, 0,0/0,0 neg]
%     Score = -60.018,714372 (regressionFit = 60.018,714371, penalties=1.03E-6) for clause:  medv(A) :- age(A, 2).  [covers 40,0/436,0 pos, 0,0/0,0 neg]
%     Score = -59.816,151084 (regressionFit = 59.816,151083, penalties=1.03E-6) for clause:  medv(A) :- age(A, 7).  [covers 43,0/436,0 pos, 0,0/0,0 neg]
%     Score = -60.125,421473 (regressionFit = 60.125,421472, penalties=1.03E-6) for clause:  medv(A) :- age(A, 4).  [covers 37,0/436,0 pos, 0,0/0,0 neg]
%     Score = -60.093,416987 (regressionFit = 60.093,416986, penalties=1.03E-6) for clause:  medv(A) :- age(A, 8).  [covers 49,0/436,0 pos, 0,0/0,0 neg]
%     Score = -60.148,392227 (regressionFit = 60.148,392226, penalties=1.03E-6) for clause:  medv(A) :- age(A, 9).  [covers 40,0/436,0 pos, 0,0/0,0 neg]
%     Score = -60.146,954878 (regressionFit = 60.146,954877, penalties=1.03E-6) for clause:  medv(A) :- age(A, 3).  [covers 46,0/436,0 pos, 0,0/0,0 neg]
%     Score = -60.028,697639 (regressionFit = 60.028,697638, penalties=1.03E-6) for clause:  medv(A) :- age(A, 10).  [covers 49,0/436,0 pos, 0,0/0,0 neg]
%     Score = -59.975,487174 (regressionFit = 59.975,487173, penalties=1.03E-6) for clause:  medv(A) :- age(A, 5).  [covers 41,0/436,0 pos, 0,0/0,0 neg]
%     Score = -60.119,077548 (regressionFit = 60.119,077547, penalties=1.03E-6) for clause:  medv(A) :- dis(A, 3).  [covers 50,0/436,0 pos, 0,0/0,0 neg]
%     Score = -59.961,907221 (regressionFit = 59.961,907220, penalties=1.03E-6) for clause:  medv(A) :- dis(A, 7).  [covers 29,0/436,0 pos, 0,0/0,0 neg]
%     Score = -60.114,243390 (regressionFit = 60.114,243389, penalties=1.03E-6) for clause:  medv(A) :- dis(A, 1).  [covers 48,0/436,0 pos, 0,0/0,0 neg]
%     Score = -60.112,124520 (regressionFit = 60.112,124519, penalties=1.03E-6) for clause:  medv(A) :- dis(A, 6).  [covers 32,0/436,0 pos, 0,0/0,0 neg]
%     Score = -59.876,131804 (regressionFit = 59.876,131803, penalties=1.03E-6) for clause:  medv(A) :- dis(A, 5).  [covers 46,0/436,0 pos, 0,0/0,0 neg]
%     Score = -59.982,093824 (regressionFit = 59.982,093823, penalties=1.03E-6) for clause:  medv(A) :- dis(A, 2).  [covers 50,0/436,0 pos, 0,0/0,0 neg]
%     Score = -60.033,623897 (regressionFit = 60.033,623895, penalties=1.03E-6) for clause:  medv(A) :- dis(A, 8).  [covers 42,0/436,0 pos, 0,0/0,0 neg]
%     Score = -60.104,751148 (regressionFit = 60.104,751147, penalties=1.03E-6) for clause:  medv(A) :- dis(A, 4).  [covers 45,0/436,0 pos, 0,0/0,0 neg]
%     Score = -59.864,305502 (regressionFit = 59.864,305501, penalties=1.03E-6) for clause:  medv(A) :- rad(A, 5).  [covers 112,0/436,0 pos, 0,0/0,0 neg]
%     Score = -59.330,159429 (regressionFit = 59.330,159428, penalties=1.03E-6) for clause:  medv(A) :- rad(A, 4).  [covers 101,0/436,0 pos, 0,0/0,0 neg]
%     Score = -59.434,979185 (regressionFit = 59.434,979184, penalties=1.03E-6) for clause:  medv(A) :- rad(A, 1).  [covers 15,0/436,0 pos, 0,0/0,0 neg]
%     Score = -58.544,434733 (regressionFit = 58.544,434732, penalties=1.03E-6) for clause:  medv(A) :- rad(A, 24).  [covers 90,0/436,0 pos, 0,0/0,0 neg]
%     Score = -59.764,487821 (regressionFit = 59.764,487820, penalties=1.03E-6) for clause:  medv(A) :- tax(A, 311).  [covers 7,0/436,0 pos, 0,0/0,0 neg]
%     Score = -59.512,094032 (regressionFit = 59.512,094031, penalties=1.03E-6) for clause:  medv(A) :- tax(A, 403).  [covers 29,0/436,0 pos, 0,0/0,0 neg]
%     Score = -59.103,120819 (regressionFit = 59.103,120818, penalties=1.03E-6) for clause:  medv(A) :- tax(A, 277).  [covers 11,0/436,0 pos, 0,0/0,0 neg]
%     Score = -60.140,804215 (regressionFit = 60.140,804214, penalties=1.03E-6) for clause:  medv(A) :- tax(A, 276).  [covers 9,0/436,0 pos, 0,0/0,0 neg]
%     Score = -Infinity (regressionFit = Infinity, penalties=1.03E-6) for clause:  medv(A) :- tax(A, 315).  [covers 2,0/436,0 pos, 0,0/0,0 neg]
%     Score = -60.147,676433 (regressionFit = 60.147,676432, penalties=1.03E-6) for clause:  medv(A) :- tax(A, 307).  [covers 39,0/436,0 pos, 0,0/0,0 neg]
%     Score = -59.581,698359 (regressionFit = 59.581,698358, penalties=1.03E-6) for clause:  medv(A) :- tax(A, 287).  [covers 8,0/436,0 pos, 0,0/0,0 neg]
%     Score = -58.544,434733 (regressionFit = 58.544,434732, penalties=1.03E-6) for clause:  medv(A) :- tax(A, 666).  [covers 90,0/436,0 pos, 0,0/0,0 neg]
%     Score = -60.059,261314 (regressionFit = 60.059,261313, penalties=1.03E-6) for clause:  medv(A) :- tax(A, 279).  [covers 4,0/436,0 pos, 0,0/0,0 neg]
%     Score = -60.087,140876 (regressionFit = 60.087,140874, penalties=1.03E-6) for clause:  medv(A) :- ptratio(A, 1).  [covers 45,0/436,0 pos, 0,0/0,0 neg]
%     Score = -60.140,186831 (regressionFit = 60.140,186830, penalties=1.03E-6) for clause:  medv(A) :- ptratio(A, 9).  [covers 50,0/436,0 pos, 0,0/0,0 neg]
%     Score = -60.139,894198 (regressionFit = 60.139,894197, penalties=1.03E-6) for clause:  medv(A) :- ptratio(A, 3).  [covers 51,0/436,0 pos, 0,0/0,0 neg]
%     Score = -59.978,083888 (regressionFit = 59.978,083887, penalties=1.03E-6) for clause:  medv(A) :- ptratio(A, 4).  [covers 32,0/436,0 pos, 0,0/0,0 neg]
%     Score = -58.892,004114 (regressionFit = 58.892,004113, penalties=1.03E-6) for clause:  medv(A) :- ptratio(A, 5).  [covers 42,0/436,0 pos, 0,0/0,0 neg]
%     Score = -58.805,466781 (regressionFit = 58.805,466780, penalties=1.03E-6) for clause:  medv(A) :- ptratio(A, 10).  [covers 97,0/436,0 pos, 0,0/0,0 neg]
%     Score = -60.143,230645 (regressionFit = 60.143,230644, penalties=1.03E-6) for clause:  medv(A) :- b(A, 5).  [covers 46,0/436,0 pos, 0,0/0,0 neg]
%     Score = -60.103,812582 (regressionFit = 60.103,812581, penalties=1.03E-6) for clause:  medv(A) :- b(A, 9).  [covers 41,0/436,0 pos, 0,0/0,0 neg]
%     Score = -60.151,554539 (regressionFit = 60.151,554538, penalties=1.03E-6) for clause:  medv(A) :- b(A, 6).  [covers 47,0/436,0 pos, 0,0/0,0 neg]
%     Score = -60.151,819594 (regressionFit = 60.151,819593, penalties=1.03E-6) for clause:  medv(A) :- b(A, 1).  [covers 102,0/436,0 pos, 0,0/0,0 neg]
%     Score = -60.140,775807 (regressionFit = 60.140,775806, penalties=1.03E-6) for clause:  medv(A) :- b(A, 2).  [covers 40,0/436,0 pos, 0,0/0,0 neg]
%     Score = -60.152,635241 (regressionFit = 60.152,635240, penalties=1.03E-6) for clause:  medv(A) :- b(A, 3).  [covers 47,0/436,0 pos, 0,0/0,0 neg]
%     Score = -59.120,552593 (regressionFit = 59.120,552592, penalties=1.03E-6) for clause:  medv(A) :- lstat(A, 7).  [covers 38,0/436,0 pos, 0,0/0,0 neg]
%     Score = -57.646,730036 (regressionFit = 57.646,730035, penalties=1.03E-6) for clause:  medv(A) :- lstat(A, 8).  [covers 44,0/436,0 pos, 0,0/0,0 neg]
%     Score = -60.129,395995 (regressionFit = 60.129,395994, penalties=1.03E-6) for clause:  medv(A) :- lstat(A, 9).  [covers 46,0/436,0 pos, 0,0/0,0 neg]
%     Score = -60.140,925020 (regressionFit = 60.140,925019, penalties=1.03E-6) for clause:  medv(A) :- lstat(A, 1).  [covers 49,0/436,0 pos, 0,0/0,0 neg]

% The best node found: medv(A) :- crim(A, 4).  [covers 41,0/436,0 pos, 0,0/0,0 neg]

% The best node found: medv(A) :- crim(A, 4).  [covers 41,0/436,0 pos, 0,0/0,0 neg]
Setting 14.731778423635912 for 
 // Learned this clause on outer loop cycle #9.  It scores=-57.262,35 and has recall=0,09, precision=1,00, and F1=0,17 (using m-estimates).
 // It covers 9,4% of the positive examples, 41 of 436 (of which 29 are newly covered),
 // So far 319 (73,2%) of the positive examples have been covered.
(medv(A) :- crim(A, 4))

% On cycle #9, the best clause found is:
%      medv(A) :- crim(A, 4).  [covers 41,0/436,0 pos, 0,0/0,0 neg]
% This clause covers 41 positive examples, of which 29 are newly covered.
% It also covers 0 negative examples, of which 0 are newly covered.
% The current set of 9 best clauses covers 73,2% of the positive examples and NaN% of the negatives.}

% Have these 10 positive seeds: 25 26 36 50 72 128 130 158 216 264

% target           = medv(A)
%     Score = -Infinity (regressionFit = Infinity, penalties=1.1E-7) for clause:  medv(_).  [covers 436,0/436,0 pos, 0,0/0,0 neg]
% Unacceptable due to being the root node.
% Most-general root: medv(_).  [covers 436,0/436,0 pos, 0,0/0,0 neg]  score = -Infinity
%     Score = -57.766,412230 (regressionFit = 57.766,412228, penalties=1.03E-6) for clause:  medv(A) :- crim(A, 2).  [covers 51,0/436,0 pos, 0,0/0,0 neg]
% Gleaner: New best node found (score = -57.766,412230): medv(A) :- crim(A, 2).  [covers 51,0/436,0 pos, 0,0/0,0 neg]
%     Score = -57.060,683064 (regressionFit = 57.060,683063, penalties=1.03E-6) for clause:  medv(A) :- crim(A, 8).  [covers 32,0/436,0 pos, 0,0/0,0 neg]
% Gleaner: New best node found (score = -57.060,683064): medv(A) :- crim(A, 8).  [covers 32,0/436,0 pos, 0,0/0,0 neg]
%     Score = -58.408,966757 (regressionFit = 58.408,966756, penalties=1.03E-6) for clause:  medv(A) :- crim(A, 6).  [covers 43,0/436,0 pos, 0,0/0,0 neg]
%     Score = -58.302,181012 (regressionFit = 58.302,181011, penalties=1.03E-6) for clause:  medv(A) :- crim(A, 3).  [covers 47,0/436,0 pos, 0,0/0,0 neg]
%     Score = -58.291,945029 (regressionFit = 58.291,945028, penalties=1.03E-6) for clause:  medv(A) :- crim(A, 5).  [covers 49,0/436,0 pos, 0,0/0,0 neg]
%     Score = -57.496,411906 (regressionFit = 57.496,411904, penalties=1.03E-6) for clause:  medv(A) :- zn(A, 0).  [covers 307,0/436,0 pos, 0,0/0,0 neg]
%     Score = -58.555,511891 (regressionFit = 58.555,511890, penalties=1.03E-6) for clause:  medv(A) :- zn(A, 12.5).  [covers 10,0/436,0 pos, 0,0/0,0 neg]
%     Score = -58.541,164361 (regressionFit = 58.541,164360, penalties=1.03E-6) for clause:  medv(A) :- zn(A, 30).  [covers 6,0/436,0 pos, 0,0/0,0 neg]
%     Score = -57.623,965177 (regressionFit = 57.623,965176, penalties=1.03E-6) for clause:  medv(A) :- indus(A, 8).  [covers 21,0/436,0 pos, 0,0/0,0 neg]
%     Score = -58.279,150644 (regressionFit = 58.279,150643, penalties=1.03E-6) for clause:  medv(A) :- indus(A, 3).  [covers 47,0/436,0 pos, 0,0/0,0 neg]
%     Score = -57.468,481877 (regressionFit = 57.468,481876, penalties=1.03E-6) for clause:  medv(A) :- indus(A, 9).  [covers 29,0/436,0 pos, 0,0/0,0 neg]
%     Score = -58.553,121616 (regressionFit = 58.553,121615, penalties=1.03E-6) for clause:  medv(A) :- indus(A, 7).  [covers 17,0/436,0 pos, 0,0/0,0 neg]
%     Score = -58.551,218136 (regressionFit = 58.551,218135, penalties=1.03E-6) for clause:  medv(A) :- indus(A, 5).  [covers 48,0/436,0 pos, 0,0/0,0 neg]
%     Score = -58.198,271617 (regressionFit = 58.198,271616, penalties=1.03E-6) for clause:  medv(A) :- chas(A, 0).  [covers 401,0/436,0 pos, 0,0/0,0 neg]
%     Score = -58.198,271617 (regressionFit = 58.198,271616, penalties=1.03E-6) for clause:  medv(A) :- chas(A, 1).  [covers 35,0/436,0 pos, 0,0/0,0 neg]
%     Score = -57.791,107762 (regressionFit = 57.791,107761, penalties=1.03E-6) for clause:  medv(A) :- nox(A, 7).  [covers 32,0/436,0 pos, 0,0/0,0 neg]
%     Score = -58.547,043767 (regressionFit = 58.547,043766, penalties=1.03E-6) for clause:  medv(A) :- nox(A, 3).  [covers 43,0/436,0 pos, 0,0/0,0 neg]
%     Score = -58.105,375835 (regressionFit = 58.105,375834, penalties=1.03E-6) for clause:  medv(A) :- nox(A, 9).  [covers 42,0/436,0 pos, 0,0/0,0 neg]
%     Score = -58.304,010374 (regressionFit = 58.304,010373, penalties=1.03E-6) for clause:  medv(A) :- nox(A, 1).  [covers 47,0/436,0 pos, 0,0/0,0 neg]
%     Score = -58.268,842178 (regressionFit = 58.268,842177, penalties=1.03E-6) for clause:  medv(A) :- nox(A, 5).  [covers 50,0/436,0 pos, 0,0/0,0 neg]
%     Score = -57.713,514960 (regressionFit = 57.713,514959, penalties=1.03E-6) for clause:  medv(A) :- rm(A, 5).  [covers 39,0/436,0 pos, 0,0/0,0 neg]
%     Score = -56.397,198851 (regressionFit = 56.397,198850, penalties=1.03E-6) for clause:  medv(A) :- rm(A, 8).  [covers 45,0/436,0 pos, 0,0/0,0 neg]
% Gleaner: New best node found (score = -56.397,198851): medv(A) :- rm(A, 8).  [covers 45,0/436,0 pos, 0,0/0,0 neg]
%     Score = -58.014,331338 (regressionFit = 58.014,331337, penalties=1.03E-6) for clause:  medv(A) :- rm(A, 9).  [covers 44,0/436,0 pos, 0,0/0,0 neg]
%     Score = -57.069,449054 (regressionFit = 57.069,449053, penalties=1.03E-6) for clause:  medv(A) :- rm(A, 6).  [covers 43,0/436,0 pos, 0,0/0,0 neg]
%     Score = -56.820,464948 (regressionFit = 56.820,464947, penalties=1.03E-6) for clause:  medv(A) :- rm(A, 2).  [covers 44,0/436,0 pos, 0,0/0,0 neg]
%     Score = -57.841,453983 (regressionFit = 57.841,453981, penalties=1.03E-6) for clause:  medv(A) :- rm(A, 7).  [covers 44,0/436,0 pos, 0,0/0,0 neg]
%     Score = -58.346,351449 (regressionFit = 58.346,351448, penalties=1.03E-6) for clause:  medv(A) :- age(A, 2).  [covers 40,0/436,0 pos, 0,0/0,0 neg]
%     Score = -58.371,566805 (regressionFit = 58.371,566804, penalties=1.03E-6) for clause:  medv(A) :- age(A, 7).  [covers 43,0/436,0 pos, 0,0/0,0 neg]
%     Score = -58.557,881019 (regressionFit = 58.557,881018, penalties=1.03E-6) for clause:  medv(A) :- age(A, 3).  [covers 46,0/436,0 pos, 0,0/0,0 neg]
%     Score = -58.150,902652 (regressionFit = 58.150,902651, penalties=1.03E-6) for clause:  medv(A) :- age(A, 5).  [covers 41,0/436,0 pos, 0,0/0,0 neg]
%     Score = -58.546,517520 (regressionFit = 58.546,517519, penalties=1.03E-6) for clause:  medv(A) :- age(A, 1).  [covers 43,0/436,0 pos, 0,0/0,0 neg]
%     Score = -58.526,192841 (regressionFit = 58.526,192840, penalties=1.03E-6) for clause:  medv(A) :- age(A, 10).  [covers 49,0/436,0 pos, 0,0/0,0 neg]
%     Score = -58.316,992662 (regressionFit = 58.316,992661, penalties=1.03E-6) for clause:  medv(A) :- dis(A, 8).  [covers 42,0/436,0 pos, 0,0/0,0 neg]
%     Score = -58.455,903913 (regressionFit = 58.455,903912, penalties=1.03E-6) for clause:  medv(A) :- dis(A, 2).  [covers 50,0/436,0 pos, 0,0/0,0 neg]
%     Score = -58.557,240913 (regressionFit = 58.557,240912, penalties=1.03E-6) for clause:  medv(A) :- dis(A, 10).  [covers 51,0/436,0 pos, 0,0/0,0 neg]
%     Score = -58.307,702583 (regressionFit = 58.307,702582, penalties=1.03E-6) for clause:  medv(A) :- dis(A, 7).  [covers 29,0/436,0 pos, 0,0/0,0 neg]
%     Score = -58.518,742620 (regressionFit = 58.518,742619, penalties=1.03E-6) for clause:  medv(A) :- dis(A, 6).  [covers 32,0/436,0 pos, 0,0/0,0 neg]
%     Score = -58.140,336475 (regressionFit = 58.140,336474, penalties=1.03E-6) for clause:  medv(A) :- dis(A, 5).  [covers 46,0/436,0 pos, 0,0/0,0 neg]
%     Score = -58.557,643974 (regressionFit = 58.557,643973, penalties=1.03E-6) for clause:  medv(A) :- dis(A, 3).  [covers 50,0/436,0 pos, 0,0/0,0 neg]
%     Score = -58.556,736875 (regressionFit = 58.556,736874, penalties=1.03E-6) for clause:  medv(A) :- dis(A, 4).  [covers 45,0/436,0 pos, 0,0/0,0 neg]
%     Score = -58.513,878046 (regressionFit = 58.513,878045, penalties=1.03E-6) for clause:  medv(A) :- rad(A, 2).  [covers 23,0/436,0 pos, 0,0/0,0 neg]
%     Score = -58.346,159910 (regressionFit = 58.346,159909, penalties=1.03E-6) for clause:  medv(A) :- rad(A, 5).  [covers 112,0/436,0 pos, 0,0/0,0 neg]
%     Score = -58.557,496970 (regressionFit = 58.557,496969, penalties=1.03E-6) for clause:  medv(A) :- rad(A, 6).  [covers 18,0/436,0 pos, 0,0/0,0 neg]
%     Score = -57.784,577574 (regressionFit = 57.784,577573, penalties=1.03E-6) for clause:  medv(A) :- rad(A, 4).  [covers 101,0/436,0 pos, 0,0/0,0 neg]
%     Score = -57.623,969977 (regressionFit = 57.623,969976, penalties=1.03E-6) for clause:  medv(A) :- tax(A, 188).  [covers 7,0/436,0 pos, 0,0/0,0 neg]
%     Score = -58.516,770774 (regressionFit = 58.516,770773, penalties=1.03E-6) for clause:  medv(A) :- tax(A, 311).  [covers 7,0/436,0 pos, 0,0/0,0 neg]
%     Score = -57.468,481877 (regressionFit = 57.468,481876, penalties=1.03E-6) for clause:  medv(A) :- tax(A, 403).  [covers 29,0/436,0 pos, 0,0/0,0 neg]
%     Score = -58.500,873446 (regressionFit = 58.500,873445, penalties=1.03E-6) for clause:  medv(A) :- tax(A, 276).  [covers 9,0/436,0 pos, 0,0/0,0 neg]
%     Score = -58.546,511836 (regressionFit = 58.546,511835, penalties=1.03E-6) for clause:  medv(A) :- tax(A, 300).  [covers 7,0/436,0 pos, 0,0/0,0 neg]
%     Score = -58.425,643538 (regressionFit = 58.425,643537, penalties=1.03E-6) for clause:  medv(A) :- tax(A, 289).  [covers 5,0/436,0 pos, 0,0/0,0 neg]
%     Score = -58.513,918397 (regressionFit = 58.513,918396, penalties=1.03E-6) for clause:  medv(A) :- tax(A, 307).  [covers 39,0/436,0 pos, 0,0/0,0 neg]
%     Score = -58.367,547455 (regressionFit = 58.367,547454, penalties=1.03E-6) for clause:  medv(A) :- ptratio(A, 5).  [covers 42,0/436,0 pos, 0,0/0,0 neg]
%     Score = -58.502,501671 (regressionFit = 58.502,501670, penalties=1.03E-6) for clause:  medv(A) :- ptratio(A, 1).  [covers 45,0/436,0 pos, 0,0/0,0 neg]
%     Score = -58.364,449258 (regressionFit = 58.364,449257, penalties=1.03E-6) for clause:  medv(A) :- ptratio(A, 9).  [covers 50,0/436,0 pos, 0,0/0,0 neg]
%     Score = -58.559,828194 (regressionFit = 58.559,828193, penalties=1.03E-6) for clause:  medv(A) :- ptratio(A, 6).  [covers 48,0/436,0 pos, 0,0/0,0 neg]
%     Score = -58.384,362665 (regressionFit = 58.384,362664, penalties=1.03E-6) for clause:  medv(A) :- ptratio(A, 4).  [covers 32,0/436,0 pos, 0,0/0,0 neg]
%     Score = -58.462,565207 (regressionFit = 58.462,565206, penalties=1.03E-6) for clause:  medv(A) :- b(A, 8).  [covers 46,0/436,0 pos, 0,0/0,0 neg]
%     Score = -58.559,827999 (regressionFit = 58.559,827998, penalties=1.03E-6) for clause:  medv(A) :- b(A, 6).  [covers 47,0/436,0 pos, 0,0/0,0 neg]
%     Score = -58.558,161567 (regressionFit = 58.558,161566, penalties=1.03E-6) for clause:  medv(A) :- b(A, 1).  [covers 102,0/436,0 pos, 0,0/0,0 neg]
%     Score = -58.522,673716 (regressionFit = 58.522,673715, penalties=1.03E-6) for clause:  medv(A) :- b(A, 7).  [covers 40,0/436,0 pos, 0,0/0,0 neg]
%     Score = -58.559,642554 (regressionFit = 58.559,642553, penalties=1.03E-6) for clause:  medv(A) :- b(A, 2).  [covers 40,0/436,0 pos, 0,0/0,0 neg]
%     Score = -58.366,374042 (regressionFit = 58.366,374041, penalties=1.03E-6) for clause:  medv(A) :- b(A, 9).  [covers 41,0/436,0 pos, 0,0/0,0 neg]
%     Score = -55.968,794773 (regressionFit = 55.968,794772, penalties=1.03E-6) for clause:  medv(A) :- lstat(A, 10).  [covers 38,0/436,0 pos, 0,0/0,0 neg]
% Gleaner: New best node found (score = -55.968,794773): medv(A) :- lstat(A, 10).  [covers 38,0/436,0 pos, 0,0/0,0 neg]
%     Score = -58.215,494391 (regressionFit = 58.215,494390, penalties=1.03E-6) for clause:  medv(A) :- lstat(A, 7).  [covers 38,0/436,0 pos, 0,0/0,0 neg]
%     Score = -58.558,469553 (regressionFit = 58.558,469552, penalties=1.03E-6) for clause:  medv(A) :- lstat(A, 6).  [covers 44,0/436,0 pos, 0,0/0,0 neg]
%     Score = -56.471,389931 (regressionFit = 56.471,389930, penalties=1.03E-6) for clause:  medv(A) :- lstat(A, 8).  [covers 44,0/436,0 pos, 0,0/0,0 neg]
%     Score = -58.554,269922 (regressionFit = 58.554,269921, penalties=1.03E-6) for clause:  medv(A) :- lstat(A, 1).  [covers 49,0/436,0 pos, 0,0/0,0 neg]
%     Score = -58.494,537581 (regressionFit = 58.494,537580, penalties=1.03E-6) for clause:  medv(A) :- lstat(A, 5).  [covers 39,0/436,0 pos, 0,0/0,0 neg]

% The best node found: medv(A) :- lstat(A, 10).  [covers 38,0/436,0 pos, 0,0/0,0 neg]

% The best node found: medv(A) :- lstat(A, 10).  [covers 38,0/436,0 pos, 0,0/0,0 neg]
Setting 13.24388770256673 for 
 // Learned this clause on outer loop cycle #10.  It scores=-55.968,79 and has recall=0,09, precision=1,00, and F1=0,16 (using m-estimates).
 // It covers 8,7% of the positive examples, 38 of 436 (of which 24 are newly covered),
 // So far 343 (78,7%) of the positive examples have been covered.
(medv(A) :- lstat(A, 10))

% On cycle #10, the best clause found is:
%      medv(A) :- lstat(A, 10).  [covers 38,0/436,0 pos, 0,0/0,0 neg]
% This clause covers 38 positive examples, of which 24 are newly covered.
% It also covers 0 negative examples, of which 0 are newly covered.
% The current set of 10 best clauses covers 78,7% of the positive examples and NaN% of the negatives.}

% Have these 10 positive seeds: 26 34 36 52 60 76 120 149 152 155

% target           = medv(A)
%     Score = -Infinity (regressionFit = Infinity, penalties=1.1E-7) for clause:  medv(_).  [covers 436,0/436,0 pos, 0,0/0,0 neg]
% Unacceptable due to being the root node.
% Most-general root: medv(_).  [covers 436,0/436,0 pos, 0,0/0,0 neg]  score = -Infinity
%     Score = -55.970,251549 (regressionFit = 55.970,251548, penalties=1.03E-6) for clause:  medv(A) :- crim(A, 2).  [covers 51,0/436,0 pos, 0,0/0,0 neg]
% Gleaner: New best node found (score = -55.970,251549): medv(A) :- crim(A, 2).  [covers 51,0/436,0 pos, 0,0/0,0 neg]
%     Score = -56.584,658377 (regressionFit = 56.584,658376, penalties=1.03E-6) for clause:  medv(A) :- crim(A, 5).  [covers 49,0/436,0 pos, 0,0/0,0 neg]
%     Score = -55.423,421028 (regressionFit = 55.423,421026, penalties=1.03E-6) for clause:  medv(A) :- crim(A, 8).  [covers 32,0/436,0 pos, 0,0/0,0 neg]
% Gleaner: New best node found (score = -55.423,421028): medv(A) :- crim(A, 8).  [covers 32,0/436,0 pos, 0,0/0,0 neg]
%     Score = -56.670,152489 (regressionFit = 56.670,152487, penalties=1.03E-6) for clause:  medv(A) :- crim(A, 7).  [covers 47,0/436,0 pos, 0,0/0,0 neg]
%     Score = -56.130,301493 (regressionFit = 56.130,301492, penalties=1.03E-6) for clause:  medv(A) :- zn(A, 0).  [covers 307,0/436,0 pos, 0,0/0,0 neg]
%     Score = -56.669,818782 (regressionFit = 56.669,818781, penalties=1.03E-6) for clause:  medv(A) :- zn(A, 12.5).  [covers 10,0/436,0 pos, 0,0/0,0 neg]
%     Score = -56.651,772364 (regressionFit = 56.651,772363, penalties=1.03E-6) for clause:  medv(A) :- zn(A, 30).  [covers 6,0/436,0 pos, 0,0/0,0 neg]
%     Score = -56.370,468144 (regressionFit = 56.370,468143, penalties=1.03E-6) for clause:  medv(A) :- indus(A, 8).  [covers 21,0/436,0 pos, 0,0/0,0 neg]
%     Score = -56.537,781311 (regressionFit = 56.537,781310, penalties=1.03E-6) for clause:  medv(A) :- indus(A, 3).  [covers 47,0/436,0 pos, 0,0/0,0 neg]
%     Score = -55.845,405894 (regressionFit = 55.845,405893, penalties=1.03E-6) for clause:  medv(A) :- indus(A, 9).  [covers 29,0/436,0 pos, 0,0/0,0 neg]
%     Score = -56.604,453879 (regressionFit = 56.604,453878, penalties=1.03E-6) for clause:  medv(A) :- indus(A, 6).  [covers 36,0/436,0 pos, 0,0/0,0 neg]
%     Score = -56.503,888634 (regressionFit = 56.503,888633, penalties=1.03E-6) for clause:  medv(A) :- indus(A, 2).  [covers 51,0/436,0 pos, 0,0/0,0 neg]
%     Score = -56.700,971095 (regressionFit = 56.700,971094, penalties=1.03E-6) for clause:  medv(A) :- indus(A, 5).  [covers 48,0/436,0 pos, 0,0/0,0 neg]
%     Score = -56.556,038352 (regressionFit = 56.556,038351, penalties=1.03E-6) for clause:  medv(A) :- chas(A, 0).  [covers 401,0/436,0 pos, 0,0/0,0 neg]
%     Score = -56.556,038352 (regressionFit = 56.556,038351, penalties=1.03E-6) for clause:  medv(A) :- chas(A, 1).  [covers 35,0/436,0 pos, 0,0/0,0 neg]
%     Score = -56.203,716337 (regressionFit = 56.203,716336, penalties=1.03E-6) for clause:  medv(A) :- nox(A, 7).  [covers 32,0/436,0 pos, 0,0/0,0 neg]
%     Score = -56.227,691737 (regressionFit = 56.227,691736, penalties=1.03E-6) for clause:  medv(A) :- nox(A, 8).  [covers 36,0/436,0 pos, 0,0/0,0 neg]
%     Score = -56.693,925944 (regressionFit = 56.693,925943, penalties=1.03E-6) for clause:  medv(A) :- nox(A, 3).  [covers 43,0/436,0 pos, 0,0/0,0 neg]
%     Score = -56.503,255173 (regressionFit = 56.503,255171, penalties=1.03E-6) for clause:  medv(A) :- nox(A, 9).  [covers 42,0/436,0 pos, 0,0/0,0 neg]
%     Score = -56.655,743681 (regressionFit = 56.655,743680, penalties=1.03E-6) for clause:  medv(A) :- nox(A, 4).  [covers 48,0/436,0 pos, 0,0/0,0 neg]
%     Score = -56.595,539142 (regressionFit = 56.595,539141, penalties=1.03E-6) for clause:  medv(A) :- nox(A, 5).  [covers 50,0/436,0 pos, 0,0/0,0 neg]
%     Score = -56.556,730152 (regressionFit = 56.556,730151, penalties=1.03E-6) for clause:  medv(A) :- nox(A, 1).  [covers 47,0/436,0 pos, 0,0/0,0 neg]
%     Score = -56.258,433468 (regressionFit = 56.258,433467, penalties=1.03E-6) for clause:  medv(A) :- rm(A, 5).  [covers 39,0/436,0 pos, 0,0/0,0 neg]
%     Score = -56.378,007289 (regressionFit = 56.378,007288, penalties=1.03E-6) for clause:  medv(A) :- rm(A, 7).  [covers 44,0/436,0 pos, 0,0/0,0 neg]
%     Score = -54.924,689470 (regressionFit = 54.924,689469, penalties=1.03E-6) for clause:  medv(A) :- rm(A, 8).  [covers 45,0/436,0 pos, 0,0/0,0 neg]
% Gleaner: New best node found (score = -54.924,689470): medv(A) :- rm(A, 8).  [covers 45,0/436,0 pos, 0,0/0,0 neg]
%     Score = -54.814,070118 (regressionFit = 54.814,070117, penalties=1.03E-6) for clause:  medv(A) :- rm(A, 2).  [covers 44,0/436,0 pos, 0,0/0,0 neg]
% Gleaner: New best node found (score = -54.814,070118): medv(A) :- rm(A, 2).  [covers 44,0/436,0 pos, 0,0/0,0 neg]
%     Score = -55.962,252948 (regressionFit = 55.962,252947, penalties=1.03E-6) for clause:  medv(A) :- rm(A, 9).  [covers 44,0/436,0 pos, 0,0/0,0 neg]
%     Score = -56.580,907811 (regressionFit = 56.580,907810, penalties=1.03E-6) for clause:  medv(A) :- age(A, 7).  [covers 43,0/436,0 pos, 0,0/0,0 neg]
%     Score = -56.695,647951 (regressionFit = 56.695,647950, penalties=1.03E-6) for clause:  medv(A) :- age(A, 3).  [covers 46,0/436,0 pos, 0,0/0,0 neg]
%     Score = -56.650,924847 (regressionFit = 56.650,924846, penalties=1.03E-6) for clause:  medv(A) :- age(A, 6).  [covers 48,0/436,0 pos, 0,0/0,0 neg]
%     Score = -56.330,865769 (regressionFit = 56.330,865768, penalties=1.03E-6) for clause:  medv(A) :- age(A, 5).  [covers 41,0/436,0 pos, 0,0/0,0 neg]
%     Score = -56.702,204949 (regressionFit = 56.702,204948, penalties=1.03E-6) for clause:  medv(A) :- age(A, 1).  [covers 43,0/436,0 pos, 0,0/0,0 neg]
%     Score = -56.496,456828 (regressionFit = 56.496,456827, penalties=1.03E-6) for clause:  medv(A) :- age(A, 10).  [covers 49,0/436,0 pos, 0,0/0,0 neg]
%     Score = -56.664,052218 (regressionFit = 56.664,052217, penalties=1.03E-6) for clause:  medv(A) :- dis(A, 8).  [covers 42,0/436,0 pos, 0,0/0,0 neg]
%     Score = -56.481,502072 (regressionFit = 56.481,502071, penalties=1.03E-6) for clause:  medv(A) :- dis(A, 2).  [covers 50,0/436,0 pos, 0,0/0,0 neg]
%     Score = -56.692,879710 (regressionFit = 56.692,879709, penalties=1.03E-6) for clause:  medv(A) :- dis(A, 10).  [covers 51,0/436,0 pos, 0,0/0,0 neg]
%     Score = -56.653,615510 (regressionFit = 56.653,615509, penalties=1.03E-6) for clause:  medv(A) :- dis(A, 7).  [covers 29,0/436,0 pos, 0,0/0,0 neg]
%     Score = -56.662,069322 (regressionFit = 56.662,069321, penalties=1.03E-6) for clause:  medv(A) :- dis(A, 4).  [covers 45,0/436,0 pos, 0,0/0,0 neg]
%     Score = -56.692,891510 (regressionFit = 56.692,891509, penalties=1.03E-6) for clause:  medv(A) :- dis(A, 3).  [covers 50,0/436,0 pos, 0,0/0,0 neg]
%     Score = -56.638,703751 (regressionFit = 56.638,703750, penalties=1.03E-6) for clause:  medv(A) :- dis(A, 1).  [covers 48,0/436,0 pos, 0,0/0,0 neg]
%     Score = -56.687,530354 (regressionFit = 56.687,530353, penalties=1.03E-6) for clause:  medv(A) :- rad(A, 2).  [covers 23,0/436,0 pos, 0,0/0,0 neg]
%     Score = -55.859,242743 (regressionFit = 55.859,242742, penalties=1.03E-6) for clause:  medv(A) :- rad(A, 4).  [covers 101,0/436,0 pos, 0,0/0,0 neg]
%     Score = -56.499,492627 (regressionFit = 56.499,492626, penalties=1.03E-6) for clause:  medv(A) :- rad(A, 5).  [covers 112,0/436,0 pos, 0,0/0,0 neg]
%     Score = -56.544,131536 (regressionFit = 56.544,131535, penalties=1.03E-6) for clause:  medv(A) :- rad(A, 8).  [covers 24,0/436,0 pos, 0,0/0,0 neg]
%     Score = -56.703,154728 (regressionFit = 56.703,154727, penalties=1.03E-6) for clause:  medv(A) :- rad(A, 6).  [covers 18,0/436,0 pos, 0,0/0,0 neg]
%     Score = -56.359,753942 (regressionFit = 56.359,753941, penalties=1.03E-6) for clause:  medv(A) :- tax(A, 188).  [covers 7,0/436,0 pos, 0,0/0,0 neg]
%     Score = -56.623,227967 (regressionFit = 56.623,227966, penalties=1.03E-6) for clause:  medv(A) :- tax(A, 437).  [covers 14,0/436,0 pos, 0,0/0,0 neg]
%     Score = -56.610,205229 (regressionFit = 56.610,205228, penalties=1.03E-6) for clause:  medv(A) :- tax(A, 311).  [covers 7,0/436,0 pos, 0,0/0,0 neg]
%     Score = -55.845,405894 (regressionFit = 55.845,405893, penalties=1.03E-6) for clause:  medv(A) :- tax(A, 403).  [covers 29,0/436,0 pos, 0,0/0,0 neg]
%     Score = -56.496,030738 (regressionFit = 56.496,030737, penalties=1.03E-6) for clause:  medv(A) :- tax(A, 277).  [covers 11,0/436,0 pos, 0,0/0,0 neg]
%     Score = -56.644,438179 (regressionFit = 56.644,438178, penalties=1.03E-6) for clause:  medv(A) :- tax(A, 307).  [covers 39,0/436,0 pos, 0,0/0,0 neg]
%     Score = -56.657,872320 (regressionFit = 56.657,872319, penalties=1.03E-6) for clause:  medv(A) :- tax(A, 300).  [covers 7,0/436,0 pos, 0,0/0,0 neg]
%     Score = -56.469,476075 (regressionFit = 56.469,476074, penalties=1.03E-6) for clause:  medv(A) :- ptratio(A, 5).  [covers 42,0/436,0 pos, 0,0/0,0 neg]
%     Score = -56.542,462616 (regressionFit = 56.542,462615, penalties=1.03E-6) for clause:  medv(A) :- ptratio(A, 7).  [covers 16,0/436,0 pos, 0,0/0,0 neg]
%     Score = -56.700,986450 (regressionFit = 56.700,986449, penalties=1.03E-6) for clause:  medv(A) :- ptratio(A, 1).  [covers 45,0/436,0 pos, 0,0/0,0 neg]
%     Score = -56.541,883122 (regressionFit = 56.541,883121, penalties=1.03E-6) for clause:  medv(A) :- ptratio(A, 9).  [covers 50,0/436,0 pos, 0,0/0,0 neg]
%     Score = -56.638,980944 (regressionFit = 56.638,980943, penalties=1.03E-6) for clause:  medv(A) :- ptratio(A, 3).  [covers 51,0/436,0 pos, 0,0/0,0 neg]
%     Score = -56.684,931664 (regressionFit = 56.684,931663, penalties=1.03E-6) for clause:  medv(A) :- ptratio(A, 6).  [covers 48,0/436,0 pos, 0,0/0,0 neg]
%     Score = -56.673,613670 (regressionFit = 56.673,613669, penalties=1.03E-6) for clause:  medv(A) :- ptratio(A, 4).  [covers 32,0/436,0 pos, 0,0/0,0 neg]
%     Score = -56.605,519914 (regressionFit = 56.605,519913, penalties=1.03E-6) for clause:  medv(A) :- b(A, 8).  [covers 46,0/436,0 pos, 0,0/0,0 neg]
%     Score = -56.694,000373 (regressionFit = 56.694,000372, penalties=1.03E-6) for clause:  medv(A) :- b(A, 1).  [covers 102,0/436,0 pos, 0,0/0,0 neg]
%     Score = -56.699,173966 (regressionFit = 56.699,173965, penalties=1.03E-6) for clause:  medv(A) :- b(A, 6).  [covers 47,0/436,0 pos, 0,0/0,0 neg]
%     Score = -56.650,961886 (regressionFit = 56.650,961885, penalties=1.03E-6) for clause:  medv(A) :- b(A, 7).  [covers 40,0/436,0 pos, 0,0/0,0 neg]
%     Score = -56.684,772586 (regressionFit = 56.684,772585, penalties=1.03E-6) for clause:  medv(A) :- b(A, 9).  [covers 41,0/436,0 pos, 0,0/0,0 neg]
%     Score = -56.686,280199 (regressionFit = 56.686,280198, penalties=1.03E-6) for clause:  medv(A) :- b(A, 5).  [covers 46,0/436,0 pos, 0,0/0,0 neg]
%     Score = -56.702,071482 (regressionFit = 56.702,071481, penalties=1.03E-6) for clause:  medv(A) :- b(A, 3).  [covers 47,0/436,0 pos, 0,0/0,0 neg]
%     Score = -56.026,957330 (regressionFit = 56.026,957329, penalties=1.03E-6) for clause:  medv(A) :- lstat(A, 7).  [covers 38,0/436,0 pos, 0,0/0,0 neg]
%     Score = -56.702,902073 (regressionFit = 56.702,902072, penalties=1.03E-6) for clause:  medv(A) :- lstat(A, 5).  [covers 39,0/436,0 pos, 0,0/0,0 neg]
%     Score = -53.811,469820 (regressionFit = 53.811,469819, penalties=1.03E-6) for clause:  medv(A) :- lstat(A, 8).  [covers 44,0/436,0 pos, 0,0/0,0 neg]
% Gleaner: New best node found (score = -53.811,469820): medv(A) :- lstat(A, 8).  [covers 44,0/436,0 pos, 0,0/0,0 neg]
%     Score = -56.681,195217 (regressionFit = 56.681,195216, penalties=1.03E-6) for clause:  medv(A) :- lstat(A, 9).  [covers 46,0/436,0 pos, 0,0/0,0 neg]

% The best node found: medv(A) :- lstat(A, 8).  [covers 44,0/436,0 pos, 0,0/0,0 neg]

% The best node found: medv(A) :- lstat(A, 8).  [covers 44,0/436,0 pos, 0,0/0,0 neg]
Setting 11.887079384235204 for 
 // Learned this clause on outer loop cycle #11.  It scores=-53.811,47 and has recall=0,10, precision=1,00, and F1=0,18 (using m-estimates).
 // It covers 10,1% of the positive examples, 44 of 436 (of which 24 are newly covered),
 // So far 367 (84,2%) of the positive examples have been covered.
(medv(A) :- lstat(A, 8))

% On cycle #11, the best clause found is:
%      medv(A) :- lstat(A, 8).  [covers 44,0/436,0 pos, 0,0/0,0 neg]
% This clause covers 44 positive examples, of which 24 are newly covered.
% It also covers 0 negative examples, of which 0 are newly covered.
% The current set of 11 best clauses covers 84,2% of the positive examples and NaN% of the negatives.}

% Have these 9 positive seeds: 31 45 53 54 122 155 165 293 392

% target           = medv(A)
%     Score = -Infinity (regressionFit = Infinity, penalties=1.1E-7) for clause:  medv(_).  [covers 436,0/436,0 pos, 0,0/0,0 neg]
% Unacceptable due to being the root node.
% Most-general root: medv(_).  [covers 436,0/436,0 pos, 0,0/0,0 neg]  score = -Infinity
%     Score = -54.240,254997 (regressionFit = 54.240,254996, penalties=1.03E-6) for clause:  medv(A) :- crim(A, 7).  [covers 47,0/436,0 pos, 0,0/0,0 neg]
% Gleaner: New best node found (score = -54.240,254997): medv(A) :- crim(A, 7).  [covers 47,0/436,0 pos, 0,0/0,0 neg]
%     Score = -53.089,862403 (regressionFit = 53.089,862402, penalties=1.03E-6) for clause:  medv(A) :- crim(A, 8).  [covers 32,0/436,0 pos, 0,0/0,0 neg]
% Gleaner: New best node found (score = -53.089,862403): medv(A) :- crim(A, 8).  [covers 32,0/436,0 pos, 0,0/0,0 neg]
%     Score = -54.171,354914 (regressionFit = 54.171,354913, penalties=1.03E-6) for clause:  medv(A) :- crim(A, 5).  [covers 49,0/436,0 pos, 0,0/0,0 neg]
%     Score = -54.249,345586 (regressionFit = 54.249,345585, penalties=1.03E-6) for clause:  medv(A) :- crim(A, 1).  [covers 49,0/436,0 pos, 0,0/0,0 neg]
%     Score = -54.021,617100 (regressionFit = 54.021,617099, penalties=1.03E-6) for clause:  medv(A) :- zn(A, 0).  [covers 307,0/436,0 pos, 0,0/0,0 neg]
%     Score = -Infinity (regressionFit = Infinity, penalties=1.03E-6) for clause:  medv(A) :- zn(A, 85).  [covers 2,0/436,0 pos, 0,0/0,0 neg]
%     Score = -53.801,955741 (regressionFit = 53.801,955740, penalties=1.03E-6) for clause:  medv(A) :- indus(A, 8).  [covers 21,0/436,0 pos, 0,0/0,0 neg]
%     Score = -53.404,106522 (regressionFit = 53.404,106521, penalties=1.03E-6) for clause:  medv(A) :- indus(A, 9).  [covers 29,0/436,0 pos, 0,0/0,0 neg]
%     Score = -53.994,145865 (regressionFit = 53.994,145864, penalties=1.03E-6) for clause:  medv(A) :- indus(A, 3).  [covers 47,0/436,0 pos, 0,0/0,0 neg]
%     Score = -53.899,793847 (regressionFit = 53.899,793846, penalties=1.03E-6) for clause:  medv(A) :- indus(A, 10).  [covers 90,0/436,0 pos, 0,0/0,0 neg]
%     Score = -54.241,448359 (regressionFit = 54.241,448358, penalties=1.03E-6) for clause:  medv(A) :- indus(A, 1).  [covers 48,0/436,0 pos, 0,0/0,0 neg]
%     Score = -54.127,766382 (regressionFit = 54.127,766381, penalties=1.03E-6) for clause:  medv(A) :- chas(A, 0).  [covers 401,0/436,0 pos, 0,0/0,0 neg]
%     Score = -53.824,987630 (regressionFit = 53.824,987629, penalties=1.03E-6) for clause:  medv(A) :- nox(A, 7).  [covers 32,0/436,0 pos, 0,0/0,0 neg]
%     Score = -53.809,125525 (regressionFit = 53.809,125524, penalties=1.03E-6) for clause:  medv(A) :- nox(A, 8).  [covers 36,0/436,0 pos, 0,0/0,0 neg]
%     Score = -53.836,406340 (regressionFit = 53.836,406339, penalties=1.03E-6) for clause:  medv(A) :- nox(A, 9).  [covers 42,0/436,0 pos, 0,0/0,0 neg]
%     Score = -54.233,704912 (regressionFit = 54.233,704911, penalties=1.03E-6) for clause:  medv(A) :- nox(A, 1).  [covers 47,0/436,0 pos, 0,0/0,0 neg]
%     Score = -54.189,958539 (regressionFit = 54.189,958538, penalties=1.03E-6) for clause:  medv(A) :- nox(A, 6).  [covers 48,0/436,0 pos, 0,0/0,0 neg]
%     Score = -53.896,205436 (regressionFit = 53.896,205435, penalties=1.03E-6) for clause:  medv(A) :- rm(A, 7).  [covers 44,0/436,0 pos, 0,0/0,0 neg]
%     Score = -53.339,565551 (regressionFit = 53.339,565550, penalties=1.03E-6) for clause:  medv(A) :- rm(A, 6).  [covers 43,0/436,0 pos, 0,0/0,0 neg]
%     Score = -53.238,801946 (regressionFit = 53.238,801944, penalties=1.03E-6) for clause:  medv(A) :- rm(A, 9).  [covers 44,0/436,0 pos, 0,0/0,0 neg]
%     Score = -52.696,369397 (regressionFit = 52.696,369396, penalties=1.03E-6) for clause:  medv(A) :- rm(A, 8).  [covers 45,0/436,0 pos, 0,0/0,0 neg]
% Gleaner: New best node found (score = -52.696,369397): medv(A) :- rm(A, 8).  [covers 45,0/436,0 pos, 0,0/0,0 neg]
%     Score = -52.289,936826 (regressionFit = 52.289,936825, penalties=1.03E-6) for clause:  medv(A) :- rm(A, 2).  [covers 44,0/436,0 pos, 0,0/0,0 neg]
% Gleaner: New best node found (score = -52.289,936826): medv(A) :- rm(A, 2).  [covers 44,0/436,0 pos, 0,0/0,0 neg]
%     Score = -54.115,060759 (regressionFit = 54.115,060758, penalties=1.03E-6) for clause:  medv(A) :- age(A, 7).  [covers 43,0/436,0 pos, 0,0/0,0 neg]
%     Score = -53.789,222798 (regressionFit = 53.789,222797, penalties=1.03E-6) for clause:  medv(A) :- age(A, 5).  [covers 41,0/436,0 pos, 0,0/0,0 neg]
%     Score = -54.252,030633 (regressionFit = 54.252,030632, penalties=1.03E-6) for clause:  medv(A) :- age(A, 6).  [covers 48,0/436,0 pos, 0,0/0,0 neg]
%     Score = -54.249,884315 (regressionFit = 54.249,884314, penalties=1.03E-6) for clause:  medv(A) :- age(A, 8).  [covers 49,0/436,0 pos, 0,0/0,0 neg]
%     Score = -54.082,318713 (regressionFit = 54.082,318712, penalties=1.03E-6) for clause:  medv(A) :- dis(A, 9).  [covers 43,0/436,0 pos, 0,0/0,0 neg]
%     Score = -54.140,682375 (regressionFit = 54.140,682374, penalties=1.03E-6) for clause:  medv(A) :- dis(A, 10).  [covers 51,0/436,0 pos, 0,0/0,0 neg]
%     Score = -54.237,626785 (regressionFit = 54.237,626784, penalties=1.03E-6) for clause:  medv(A) :- dis(A, 4).  [covers 45,0/436,0 pos, 0,0/0,0 neg]
%     Score = -54.182,974490 (regressionFit = 54.182,974489, penalties=1.03E-6) for clause:  medv(A) :- dis(A, 1).  [covers 48,0/436,0 pos, 0,0/0,0 neg]
%     Score = -54.164,237542 (regressionFit = 54.164,237540, penalties=1.03E-6) for clause:  medv(A) :- dis(A, 5).  [covers 46,0/436,0 pos, 0,0/0,0 neg]
%     Score = -54.198,497870 (regressionFit = 54.198,497869, penalties=1.03E-6) for clause:  medv(A) :- rad(A, 2).  [covers 23,0/436,0 pos, 0,0/0,0 neg]
%     Score = -53.470,258675 (regressionFit = 53.470,258674, penalties=1.03E-6) for clause:  medv(A) :- rad(A, 4).  [covers 101,0/436,0 pos, 0,0/0,0 neg]
%     Score = -54.205,184552 (regressionFit = 54.205,184551, penalties=1.03E-6) for clause:  medv(A) :- rad(A, 5).  [covers 112,0/436,0 pos, 0,0/0,0 neg]
%     Score = -53.899,793847 (regressionFit = 53.899,793846, penalties=1.03E-6) for clause:  medv(A) :- rad(A, 24).  [covers 90,0/436,0 pos, 0,0/0,0 neg]
%     Score = -53.779,831753 (regressionFit = 53.779,831752, penalties=1.03E-6) for clause:  medv(A) :- tax(A, 188).  [covers 7,0/436,0 pos, 0,0/0,0 neg]
%     Score = -54.146,516046 (regressionFit = 54.146,516045, penalties=1.03E-6) for clause:  medv(A) :- tax(A, 437).  [covers 14,0/436,0 pos, 0,0/0,0 neg]
%     Score = -53.404,106522 (regressionFit = 53.404,106521, penalties=1.03E-6) for clause:  medv(A) :- tax(A, 403).  [covers 29,0/436,0 pos, 0,0/0,0 neg]
%     Score = -54.239,507780 (regressionFit = 54.239,507779, penalties=1.03E-6) for clause:  medv(A) :- tax(A, 307).  [covers 39,0/436,0 pos, 0,0/0,0 neg]
%     Score = -53.899,793847 (regressionFit = 53.899,793846, penalties=1.03E-6) for clause:  medv(A) :- tax(A, 666).  [covers 90,0/436,0 pos, 0,0/0,0 neg]
%     Score = -Infinity (regressionFit = Infinity, penalties=1.03E-6) for clause:  medv(A) :- tax(A, 313).  [covers 1,0/436,0 pos, 0,0/0,0 neg]
%     Score = -53.939,605713 (regressionFit = 53.939,605712, penalties=1.03E-6) for clause:  medv(A) :- ptratio(A, 5).  [covers 42,0/436,0 pos, 0,0/0,0 neg]
%     Score = -54.040,716086 (regressionFit = 54.040,716085, penalties=1.03E-6) for clause:  medv(A) :- ptratio(A, 7).  [covers 16,0/436,0 pos, 0,0/0,0 neg]
%     Score = -54.131,184032 (regressionFit = 54.131,184031, penalties=1.03E-6) for clause:  medv(A) :- ptratio(A, 9).  [covers 50,0/436,0 pos, 0,0/0,0 neg]
%     Score = -54.216,824689 (regressionFit = 54.216,824688, penalties=1.03E-6) for clause:  medv(A) :- ptratio(A, 4).  [covers 32,0/436,0 pos, 0,0/0,0 neg]
%     Score = -53.961,835539 (regressionFit = 53.961,835538, penalties=1.03E-6) for clause:  medv(A) :- ptratio(A, 10).  [covers 97,0/436,0 pos, 0,0/0,0 neg]
%     Score = -54.241,282730 (regressionFit = 54.241,282729, penalties=1.03E-6) for clause:  medv(A) :- ptratio(A, 6).  [covers 48,0/436,0 pos, 0,0/0,0 neg]
%     Score = -54.180,521097 (regressionFit = 54.180,521096, penalties=1.03E-6) for clause:  medv(A) :- b(A, 9).  [covers 41,0/436,0 pos, 0,0/0,0 neg]
%     Score = -54.233,521277 (regressionFit = 54.233,521276, penalties=1.03E-6) for clause:  medv(A) :- b(A, 6).  [covers 47,0/436,0 pos, 0,0/0,0 neg]
%     Score = -54.183,811920 (regressionFit = 54.183,811919, penalties=1.03E-6) for clause:  medv(A) :- b(A, 2).  [covers 40,0/436,0 pos, 0,0/0,0 neg]
%     Score = -54.085,017176 (regressionFit = 54.085,017175, penalties=1.03E-6) for clause:  medv(A) :- b(A, 8).  [covers 46,0/436,0 pos, 0,0/0,0 neg]
%     Score = -54.249,762754 (regressionFit = 54.249,762753, penalties=1.03E-6) for clause:  medv(A) :- b(A, 3).  [covers 47,0/436,0 pos, 0,0/0,0 neg]
%     Score = -54.214,704167 (regressionFit = 54.214,704166, penalties=1.03E-6) for clause:  medv(A) :- b(A, 1).  [covers 102,0/436,0 pos, 0,0/0,0 neg]
%     Score = -54.018,259721 (regressionFit = 54.018,259720, penalties=1.03E-6) for clause:  medv(A) :- lstat(A, 6).  [covers 44,0/436,0 pos, 0,0/0,0 neg]
%     Score = -54.198,453116 (regressionFit = 54.198,453115, penalties=1.03E-6) for clause:  medv(A) :- lstat(A, 5).  [covers 39,0/436,0 pos, 0,0/0,0 neg]
%     Score = -53.113,417407 (regressionFit = 53.113,417406, penalties=1.03E-6) for clause:  medv(A) :- lstat(A, 7).  [covers 38,0/436,0 pos, 0,0/0,0 neg]
%     Score = -53.658,077388 (regressionFit = 53.658,077386, penalties=1.03E-6) for clause:  medv(A) :- lstat(A, 3).  [covers 51,0/436,0 pos, 0,0/0,0 neg]
%     Score = -53.857,989899 (regressionFit = 53.857,989898, penalties=1.03E-6) for clause:  medv(A) :- lstat(A, 1).  [covers 49,0/436,0 pos, 0,0/0,0 neg]

% The best node found: medv(A) :- rm(A, 2).  [covers 44,0/436,0 pos, 0,0/0,0 neg]

% The best node found: medv(A) :- rm(A, 2).  [covers 44,0/436,0 pos, 0,0/0,0 neg]
Setting 9.332553053320082 for 
 // Learned this clause on outer loop cycle #12.  It scores=-52.289,94 and has recall=0,10, precision=1,00, and F1=0,18 (using m-estimates).
 // It covers 10,1% of the positive examples, 44 of 436 (of which 13 are newly covered),
 // So far 380 (87,2%) of the positive examples have been covered.
(medv(A) :- rm(A, 2))

% On cycle #12, the best clause found is:
%      medv(A) :- rm(A, 2).  [covers 44,0/436,0 pos, 0,0/0,0 neg]
% This clause covers 44 positive examples, of which 13 are newly covered.
% It also covers 0 negative examples, of which 0 are newly covered.
% The current set of 12 best clauses covers 87,2% of the positive examples and NaN% of the negatives.}

% Have these 10 positive seeds: 29 42 45 48 122 126 155 165 290 354

% target           = medv(A)
%     Score = -Infinity (regressionFit = Infinity, penalties=1.1E-7) for clause:  medv(_).  [covers 436,0/436,0 pos, 0,0/0,0 neg]
% Unacceptable due to being the root node.
% Most-general root: medv(_).  [covers 436,0/436,0 pos, 0,0/0,0 neg]  score = -Infinity
%     Score = -51.833,503459 (regressionFit = 51.833,503458, penalties=1.03E-6) for clause:  medv(A) :- crim(A, 2).  [covers 51,0/436,0 pos, 0,0/0,0 neg]
% Gleaner: New best node found (score = -51.833,503459): medv(A) :- crim(A, 2).  [covers 51,0/436,0 pos, 0,0/0,0 neg]
%     Score = -52.487,940405 (regressionFit = 52.487,940404, penalties=1.03E-6) for clause:  medv(A) :- crim(A, 7).  [covers 47,0/436,0 pos, 0,0/0,0 neg]
%     Score = -51.423,448108 (regressionFit = 51.423,448107, penalties=1.03E-6) for clause:  medv(A) :- crim(A, 8).  [covers 32,0/436,0 pos, 0,0/0,0 neg]
% Gleaner: New best node found (score = -51.423,448108): medv(A) :- crim(A, 8).  [covers 32,0/436,0 pos, 0,0/0,0 neg]
%     Score = -52.285,146259 (regressionFit = 52.285,146258, penalties=1.03E-6) for clause:  medv(A) :- crim(A, 5).  [covers 49,0/436,0 pos, 0,0/0,0 neg]
%     Score = -52.489,556185 (regressionFit = 52.489,556184, penalties=1.03E-6) for clause:  medv(A) :- crim(A, 9).  [covers 32,0/436,0 pos, 0,0/0,0 neg]
%     Score = -52.267,437889 (regressionFit = 52.267,437888, penalties=1.03E-6) for clause:  medv(A) :- zn(A, 0).  [covers 307,0/436,0 pos, 0,0/0,0 neg]
%     Score = -52.121,862100 (regressionFit = 52.121,862099, penalties=1.03E-6) for clause:  medv(A) :- indus(A, 8).  [covers 21,0/436,0 pos, 0,0/0,0 neg]
%     Score = -51.436,177341 (regressionFit = 51.436,177340, penalties=1.03E-6) for clause:  medv(A) :- indus(A, 9).  [covers 29,0/436,0 pos, 0,0/0,0 neg]
%     Score = -52.368,158977 (regressionFit = 52.368,158976, penalties=1.03E-6) for clause:  medv(A) :- indus(A, 3).  [covers 47,0/436,0 pos, 0,0/0,0 neg]
%     Score = -52.484,722319 (regressionFit = 52.484,722318, penalties=1.03E-6) for clause:  medv(A) :- indus(A, 6).  [covers 36,0/436,0 pos, 0,0/0,0 neg]
%     Score = -51.963,962009 (regressionFit = 51.963,962008, penalties=1.03E-6) for clause:  medv(A) :- indus(A, 10).  [covers 90,0/436,0 pos, 0,0/0,0 neg]
%     Score = -52.262,814466 (regressionFit = 52.262,814465, penalties=1.03E-6) for clause:  medv(A) :- chas(A, 0).  [covers 401,0/436,0 pos, 0,0/0,0 neg]
%     Score = -52.262,814466 (regressionFit = 52.262,814465, penalties=1.03E-6) for clause:  medv(A) :- chas(A, 1).  [covers 35,0/436,0 pos, 0,0/0,0 neg]
%     Score = -51.897,738965 (regressionFit = 51.897,738964, penalties=1.03E-6) for clause:  medv(A) :- nox(A, 7).  [covers 32,0/436,0 pos, 0,0/0,0 neg]
%     Score = -52.010,073253 (regressionFit = 52.010,073252, penalties=1.03E-6) for clause:  medv(A) :- nox(A, 8).  [covers 36,0/436,0 pos, 0,0/0,0 neg]
%     Score = -52.234,759710 (regressionFit = 52.234,759709, penalties=1.03E-6) for clause:  medv(A) :- nox(A, 9).  [covers 42,0/436,0 pos, 0,0/0,0 neg]
%     Score = -52.429,452201 (regressionFit = 52.429,452200, penalties=1.03E-6) for clause:  medv(A) :- nox(A, 1).  [covers 47,0/436,0 pos, 0,0/0,0 neg]
%     Score = -52.430,125154 (regressionFit = 52.430,125153, penalties=1.03E-6) for clause:  medv(A) :- nox(A, 4).  [covers 48,0/436,0 pos, 0,0/0,0 neg]
%     Score = -50.370,847572 (regressionFit = 50.370,847571, penalties=1.03E-6) for clause:  medv(A) :- rm(A, 8).  [covers 45,0/436,0 pos, 0,0/0,0 neg]
% Gleaner: New best node found (score = -50.370,847572): medv(A) :- rm(A, 8).  [covers 45,0/436,0 pos, 0,0/0,0 neg]
%     Score = -51.149,519822 (regressionFit = 51.149,519821, penalties=1.03E-6) for clause:  medv(A) :- rm(A, 6).  [covers 43,0/436,0 pos, 0,0/0,0 neg]
%     Score = -51.021,209355 (regressionFit = 51.021,209354, penalties=1.03E-6) for clause:  medv(A) :- rm(A, 9).  [covers 44,0/436,0 pos, 0,0/0,0 neg]
%     Score = -51.849,485785 (regressionFit = 51.849,485784, penalties=1.03E-6) for clause:  medv(A) :- rm(A, 7).  [covers 44,0/436,0 pos, 0,0/0,0 neg]
%     Score = -52.089,575852 (regressionFit = 52.089,575851, penalties=1.03E-6) for clause:  medv(A) :- age(A, 5).  [covers 41,0/436,0 pos, 0,0/0,0 neg]
%     Score = -52.382,537864 (regressionFit = 52.382,537862, penalties=1.03E-6) for clause:  medv(A) :- age(A, 7).  [covers 43,0/436,0 pos, 0,0/0,0 neg]
%     Score = -52.486,367520 (regressionFit = 52.486,367519, penalties=1.03E-6) for clause:  medv(A) :- age(A, 6).  [covers 48,0/436,0 pos, 0,0/0,0 neg]
%     Score = -52.273,098130 (regressionFit = 52.273,098129, penalties=1.03E-6) for clause:  medv(A) :- age(A, 10).  [covers 49,0/436,0 pos, 0,0/0,0 neg]
%     Score = -52.413,063827 (regressionFit = 52.413,063826, penalties=1.03E-6) for clause:  medv(A) :- age(A, 9).  [covers 40,0/436,0 pos, 0,0/0,0 neg]
%     Score = -51.803,245027 (regressionFit = 51.803,245026, penalties=1.03E-6) for clause:  medv(A) :- age(A, 2).  [covers 40,0/436,0 pos, 0,0/0,0 neg]
%     Score = -52.494,462424 (regressionFit = 52.494,462423, penalties=1.03E-6) for clause:  medv(A) :- dis(A, 8).  [covers 42,0/436,0 pos, 0,0/0,0 neg]
%     Score = -52.230,964411 (regressionFit = 52.230,964410, penalties=1.03E-6) for clause:  medv(A) :- dis(A, 10).  [covers 51,0/436,0 pos, 0,0/0,0 neg]
%     Score = -52.497,357727 (regressionFit = 52.497,357726, penalties=1.03E-6) for clause:  medv(A) :- dis(A, 4).  [covers 45,0/436,0 pos, 0,0/0,0 neg]
%     Score = -52.446,836530 (regressionFit = 52.446,836529, penalties=1.03E-6) for clause:  medv(A) :- dis(A, 1).  [covers 48,0/436,0 pos, 0,0/0,0 neg]
%     Score = -52.461,804568 (regressionFit = 52.461,804567, penalties=1.03E-6) for clause:  medv(A) :- rad(A, 2).  [covers 23,0/436,0 pos, 0,0/0,0 neg]
%     Score = -51.580,235793 (regressionFit = 51.580,235792, penalties=1.03E-6) for clause:  medv(A) :- rad(A, 4).  [covers 101,0/436,0 pos, 0,0/0,0 neg]
%     Score = -52.412,645689 (regressionFit = 52.412,645688, penalties=1.03E-6) for clause:  medv(A) :- rad(A, 5).  [covers 112,0/436,0 pos, 0,0/0,0 neg]
%     Score = -51.963,962009 (regressionFit = 51.963,962008, penalties=1.03E-6) for clause:  medv(A) :- rad(A, 24).  [covers 90,0/436,0 pos, 0,0/0,0 neg]
%     Score = -51.909,615484 (regressionFit = 51.909,615483, penalties=1.03E-6) for clause:  medv(A) :- tax(A, 188).  [covers 7,0/436,0 pos, 0,0/0,0 neg]
%     Score = -52.458,288673 (regressionFit = 52.458,288672, penalties=1.03E-6) for clause:  medv(A) :- tax(A, 437).  [covers 14,0/436,0 pos, 0,0/0,0 neg]
%     Score = -51.436,177341 (regressionFit = 51.436,177340, penalties=1.03E-6) for clause:  medv(A) :- tax(A, 403).  [covers 29,0/436,0 pos, 0,0/0,0 neg]
%     Score = -52.431,031249 (regressionFit = 52.431,031248, penalties=1.03E-6) for clause:  medv(A) :- tax(A, 307).  [covers 39,0/436,0 pos, 0,0/0,0 neg]
%     Score = -52.292,128630 (regressionFit = 52.292,128629, penalties=1.03E-6) for clause:  medv(A) :- tax(A, 277).  [covers 11,0/436,0 pos, 0,0/0,0 neg]
%     Score = -51.963,962009 (regressionFit = 51.963,962008, penalties=1.03E-6) for clause:  medv(A) :- tax(A, 666).  [covers 90,0/436,0 pos, 0,0/0,0 neg]
%     Score = -52.353,864606 (regressionFit = 52.353,864605, penalties=1.03E-6) for clause:  medv(A) :- ptratio(A, 5).  [covers 42,0/436,0 pos, 0,0/0,0 neg]
%     Score = -52.370,902064 (regressionFit = 52.370,902063, penalties=1.03E-6) for clause:  medv(A) :- ptratio(A, 7).  [covers 16,0/436,0 pos, 0,0/0,0 neg]
%     Score = -52.219,449168 (regressionFit = 52.219,449167, penalties=1.03E-6) for clause:  medv(A) :- ptratio(A, 9).  [covers 50,0/436,0 pos, 0,0/0,0 neg]
%     Score = -52.457,277257 (regressionFit = 52.457,277256, penalties=1.03E-6) for clause:  medv(A) :- ptratio(A, 4).  [covers 32,0/436,0 pos, 0,0/0,0 neg]
%     Score = -52.428,312775 (regressionFit = 52.428,312774, penalties=1.03E-6) for clause:  medv(A) :- ptratio(A, 3).  [covers 51,0/436,0 pos, 0,0/0,0 neg]
%     Score = -52.077,628743 (regressionFit = 52.077,628742, penalties=1.03E-6) for clause:  medv(A) :- ptratio(A, 10).  [covers 97,0/436,0 pos, 0,0/0,0 neg]
%     Score = -52.497,217613 (regressionFit = 52.497,217612, penalties=1.03E-6) for clause:  medv(A) :- b(A, 5).  [covers 46,0/436,0 pos, 0,0/0,0 neg]
%     Score = -52.343,478813 (regressionFit = 52.343,478812, penalties=1.03E-6) for clause:  medv(A) :- b(A, 8).  [covers 46,0/436,0 pos, 0,0/0,0 neg]
%     Score = -52.496,183692 (regressionFit = 52.496,183691, penalties=1.03E-6) for clause:  medv(A) :- b(A, 6).  [covers 47,0/436,0 pos, 0,0/0,0 neg]
%     Score = -52.478,764419 (regressionFit = 52.478,764418, penalties=1.03E-6) for clause:  medv(A) :- b(A, 1).  [covers 102,0/436,0 pos, 0,0/0,0 neg]
%     Score = -52.359,700730 (regressionFit = 52.359,700728, penalties=1.03E-6) for clause:  medv(A) :- b(A, 9).  [covers 41,0/436,0 pos, 0,0/0,0 neg]
%     Score = -52.414,540292 (regressionFit = 52.414,540291, penalties=1.03E-6) for clause:  medv(A) :- b(A, 3).  [covers 47,0/436,0 pos, 0,0/0,0 neg]
%     Score = -52.452,830652 (regressionFit = 52.452,830651, penalties=1.03E-6) for clause:  medv(A) :- b(A, 7).  [covers 40,0/436,0 pos, 0,0/0,0 neg]
%     Score = -51.267,662949 (regressionFit = 51.267,662948, penalties=1.03E-6) for clause:  medv(A) :- lstat(A, 7).  [covers 38,0/436,0 pos, 0,0/0,0 neg]
%     Score = -52.193,605673 (regressionFit = 52.193,605672, penalties=1.03E-6) for clause:  medv(A) :- lstat(A, 6).  [covers 44,0/436,0 pos, 0,0/0,0 neg]
%     Score = -52.465,362577 (regressionFit = 52.465,362576, penalties=1.03E-6) for clause:  medv(A) :- lstat(A, 5).  [covers 39,0/436,0 pos, 0,0/0,0 neg]
%     Score = -52.369,310851 (regressionFit = 52.369,310850, penalties=1.03E-6) for clause:  medv(A) :- lstat(A, 9).  [covers 46,0/436,0 pos, 0,0/0,0 neg]

% The best node found: medv(A) :- rm(A, 8).  [covers 45,0/436,0 pos, 0,0/0,0 neg]

% The best node found: medv(A) :- rm(A, 8).  [covers 45,0/436,0 pos, 0,0/0,0 neg]
Setting 8.568637025428016 for 
 // Learned this clause on outer loop cycle #13.  It scores=-50.370,85 and has recall=0,10, precision=1,00, and F1=0,19 (using m-estimates).
 // It covers 10,3% of the positive examples, 45 of 436 (of which 12 are newly covered),
 // So far 392 (89,9%) of the positive examples have been covered.
(medv(A) :- rm(A, 8))

% On cycle #13, the best clause found is:
%      medv(A) :- rm(A, 8).  [covers 45,0/436,0 pos, 0,0/0,0 neg]
% This clause covers 45 positive examples, of which 12 are newly covered.
% It also covers 0 negative examples, of which 0 are newly covered.
% The current set of 13 best clauses covers 89,9% of the positive examples and NaN% of the negatives.}

% Have these 9 positive seeds: 34 45 244 264 275 290 293 354 362

% target           = medv(A)
%     Score = -Infinity (regressionFit = Infinity, penalties=1.1E-7) for clause:  medv(_).  [covers 436,0/436,0 pos, 0,0/0,0 neg]
% Unacceptable due to being the root node.
% Most-general root: medv(_).  [covers 436,0/436,0 pos, 0,0/0,0 neg]  score = -Infinity
%     Score = -50.262,020493 (regressionFit = 50.262,020492, penalties=1.03E-6) for clause:  medv(A) :- crim(A, 5).  [covers 49,0/436,0 pos, 0,0/0,0 neg]
% Gleaner: New best node found (score = -50.262,020493): medv(A) :- crim(A, 5).  [covers 49,0/436,0 pos, 0,0/0,0 neg]
%     Score = -50.409,596422 (regressionFit = 50.409,596421, penalties=1.03E-6) for clause:  medv(A) :- crim(A, 7).  [covers 47,0/436,0 pos, 0,0/0,0 neg]
%     Score = -49.227,576995 (regressionFit = 49.227,576994, penalties=1.03E-6) for clause:  medv(A) :- crim(A, 8).  [covers 32,0/436,0 pos, 0,0/0,0 neg]
% Gleaner: New best node found (score = -49.227,576995): medv(A) :- crim(A, 8).  [covers 32,0/436,0 pos, 0,0/0,0 neg]
%     Score = -50.416,588576 (regressionFit = 50.416,588575, penalties=1.03E-6) for clause:  medv(A) :- crim(A, 9).  [covers 32,0/436,0 pos, 0,0/0,0 neg]
%     Score = -50.425,565377 (regressionFit = 50.425,565376, penalties=1.03E-6) for clause:  medv(A) :- crim(A, 3).  [covers 47,0/436,0 pos, 0,0/0,0 neg]
%     Score = -50.291,613302 (regressionFit = 50.291,613301, penalties=1.03E-6) for clause:  medv(A) :- zn(A, 0).  [covers 307,0/436,0 pos, 0,0/0,0 neg]
%     Score = -50.188,334903 (regressionFit = 50.188,334902, penalties=1.03E-6) for clause:  medv(A) :- indus(A, 8).  [covers 21,0/436,0 pos, 0,0/0,0 neg]
%     Score = -50.343,103243 (regressionFit = 50.343,103242, penalties=1.03E-6) for clause:  medv(A) :- indus(A, 3).  [covers 47,0/436,0 pos, 0,0/0,0 neg]
%     Score = -50.049,565258 (regressionFit = 50.049,565257, penalties=1.03E-6) for clause:  medv(A) :- indus(A, 10).  [covers 90,0/436,0 pos, 0,0/0,0 neg]
%     Score = -50.101,400699 (regressionFit = 50.101,400698, penalties=1.03E-6) for clause:  medv(A) :- indus(A, 2).  [covers 51,0/436,0 pos, 0,0/0,0 neg]
%     Score = -50.223,092480 (regressionFit = 50.223,092479, penalties=1.03E-6) for clause:  medv(A) :- chas(A, 0).  [covers 401,0/436,0 pos, 0,0/0,0 neg]
%     Score = -49.833,289572 (regressionFit = 49.833,289571, penalties=1.03E-6) for clause:  medv(A) :- nox(A, 8).  [covers 36,0/436,0 pos, 0,0/0,0 neg]
%     Score = -50.350,735991 (regressionFit = 50.350,735990, penalties=1.03E-6) for clause:  medv(A) :- nox(A, 4).  [covers 48,0/436,0 pos, 0,0/0,0 neg]
%     Score = -50.438,015108 (regressionFit = 50.438,015107, penalties=1.03E-6) for clause:  medv(A) :- nox(A, 1).  [covers 47,0/436,0 pos, 0,0/0,0 neg]
%     Score = -50.061,653558 (regressionFit = 50.061,653557, penalties=1.03E-6) for clause:  medv(A) :- nox(A, 9).  [covers 42,0/436,0 pos, 0,0/0,0 neg]
%     Score = -50.427,709532 (regressionFit = 50.427,709531, penalties=1.03E-6) for clause:  medv(A) :- nox(A, 2).  [covers 48,0/436,0 pos, 0,0/0,0 neg]
%     Score = -49.438,950498 (regressionFit = 49.438,950497, penalties=1.03E-6) for clause:  medv(A) :- rm(A, 7).  [covers 44,0/436,0 pos, 0,0/0,0 neg]
%     Score = -48.606,392507 (regressionFit = 48.606,392506, penalties=1.03E-6) for clause:  medv(A) :- rm(A, 6).  [covers 43,0/436,0 pos, 0,0/0,0 neg]
% Gleaner: New best node found (score = -48.606,392507): medv(A) :- rm(A, 6).  [covers 43,0/436,0 pos, 0,0/0,0 neg]
%     Score = -50.001,401942 (regressionFit = 50.001,401941, penalties=1.03E-6) for clause:  medv(A) :- rm(A, 5).  [covers 39,0/436,0 pos, 0,0/0,0 neg]
%     Score = -48.450,222338 (regressionFit = 48.450,222337, penalties=1.03E-6) for clause:  medv(A) :- rm(A, 9).  [covers 44,0/436,0 pos, 0,0/0,0 neg]
% Gleaner: New best node found (score = -48.450,222338): medv(A) :- rm(A, 9).  [covers 44,0/436,0 pos, 0,0/0,0 neg]
%     Score = -50.388,362921 (regressionFit = 50.388,362920, penalties=1.03E-6) for clause:  medv(A) :- age(A, 7).  [covers 43,0/436,0 pos, 0,0/0,0 neg]
%     Score = -50.361,548125 (regressionFit = 50.361,548124, penalties=1.03E-6) for clause:  medv(A) :- age(A, 3).  [covers 46,0/436,0 pos, 0,0/0,0 neg]
%     Score = -50.074,727423 (regressionFit = 50.074,727422, penalties=1.03E-6) for clause:  medv(A) :- age(A, 5).  [covers 41,0/436,0 pos, 0,0/0,0 neg]
%     Score = -50.359,073475 (regressionFit = 50.359,073474, penalties=1.03E-6) for clause:  medv(A) :- age(A, 9).  [covers 40,0/436,0 pos, 0,0/0,0 neg]
%     Score = -50.429,945137 (regressionFit = 50.429,945136, penalties=1.03E-6) for clause:  medv(A) :- age(A, 6).  [covers 48,0/436,0 pos, 0,0/0,0 neg]
%     Score = -49.755,522900 (regressionFit = 49.755,522899, penalties=1.03E-6) for clause:  medv(A) :- age(A, 2).  [covers 40,0/436,0 pos, 0,0/0,0 neg]
%     Score = -50.250,971329 (regressionFit = 50.250,971328, penalties=1.03E-6) for clause:  medv(A) :- age(A, 10).  [covers 49,0/436,0 pos, 0,0/0,0 neg]
%     Score = -50.435,349303 (regressionFit = 50.435,349302, penalties=1.03E-6) for clause:  medv(A) :- dis(A, 8).  [covers 42,0/436,0 pos, 0,0/0,0 neg]
%     Score = -50.020,251970 (regressionFit = 50.020,251969, penalties=1.03E-6) for clause:  medv(A) :- dis(A, 10).  [covers 51,0/436,0 pos, 0,0/0,0 neg]
%     Score = -50.368,154476 (regressionFit = 50.368,154475, penalties=1.03E-6) for clause:  medv(A) :- dis(A, 2).  [covers 50,0/436,0 pos, 0,0/0,0 neg]
%     Score = -50.427,818508 (regressionFit = 50.427,818507, penalties=1.03E-6) for clause:  medv(A) :- dis(A, 4).  [covers 45,0/436,0 pos, 0,0/0,0 neg]
%     Score = -50.249,528986 (regressionFit = 50.249,528985, penalties=1.03E-6) for clause:  medv(A) :- dis(A, 3).  [covers 50,0/436,0 pos, 0,0/0,0 neg]
%     Score = -49.613,406556 (regressionFit = 49.613,406555, penalties=1.03E-6) for clause:  medv(A) :- rad(A, 4).  [covers 101,0/436,0 pos, 0,0/0,0 neg]
%     Score = -50.404,377473 (regressionFit = 50.404,377472, penalties=1.03E-6) for clause:  medv(A) :- rad(A, 5).  [covers 112,0/436,0 pos, 0,0/0,0 neg]
%     Score = -50.049,565258 (regressionFit = 50.049,565257, penalties=1.03E-6) for clause:  medv(A) :- rad(A, 24).  [covers 90,0/436,0 pos, 0,0/0,0 neg]
%     Score = -50.315,372972 (regressionFit = 50.315,372971, penalties=1.03E-6) for clause:  medv(A) :- rad(A, 3).  [covers 37,0/436,0 pos, 0,0/0,0 neg]
%     Score = -50.386,957409 (regressionFit = 50.386,957408, penalties=1.03E-6) for clause:  medv(A) :- tax(A, 437).  [covers 14,0/436,0 pos, 0,0/0,0 neg]
%     Score = -50.410,466789 (regressionFit = 50.410,466788, penalties=1.03E-6) for clause:  medv(A) :- tax(A, 287).  [covers 8,0/436,0 pos, 0,0/0,0 neg]
%     Score = -50.373,129118 (regressionFit = 50.373,129117, penalties=1.03E-6) for clause:  medv(A) :- tax(A, 307).  [covers 39,0/436,0 pos, 0,0/0,0 neg]
%     Score = -50.049,565258 (regressionFit = 50.049,565257, penalties=1.03E-6) for clause:  medv(A) :- tax(A, 666).  [covers 90,0/436,0 pos, 0,0/0,0 neg]
%     Score = -50.439,720332 (regressionFit = 50.439,720331, penalties=1.03E-6) for clause:  medv(A) :- tax(A, 233).  [covers 9,0/436,0 pos, 0,0/0,0 neg]
%     Score = -50.371,129695 (regressionFit = 50.371,129694, penalties=1.03E-6) for clause:  medv(A) :- ptratio(A, 7).  [covers 16,0/436,0 pos, 0,0/0,0 neg]
%     Score = -50.392,699201 (regressionFit = 50.392,699200, penalties=1.03E-6) for clause:  medv(A) :- ptratio(A, 5).  [covers 42,0/436,0 pos, 0,0/0,0 neg]
%     Score = -50.426,653108 (regressionFit = 50.426,653107, penalties=1.03E-6) for clause:  medv(A) :- ptratio(A, 4).  [covers 32,0/436,0 pos, 0,0/0,0 neg]
%     Score = -50.097,700401 (regressionFit = 50.097,700400, penalties=1.03E-6) for clause:  medv(A) :- ptratio(A, 10).  [covers 97,0/436,0 pos, 0,0/0,0 neg]
%     Score = -50.439,249509 (regressionFit = 50.439,249508, penalties=1.03E-6) for clause:  medv(A) :- ptratio(A, 2).  [covers 47,0/436,0 pos, 0,0/0,0 neg]
%     Score = -50.416,782537 (regressionFit = 50.416,782536, penalties=1.03E-6) for clause:  medv(A) :- b(A, 1).  [covers 102,0/436,0 pos, 0,0/0,0 neg]
%     Score = -50.439,263240 (regressionFit = 50.439,263239, penalties=1.03E-6) for clause:  medv(A) :- b(A, 6).  [covers 47,0/436,0 pos, 0,0/0,0 neg]
%     Score = -50.354,550102 (regressionFit = 50.354,550101, penalties=1.03E-6) for clause:  medv(A) :- b(A, 9).  [covers 41,0/436,0 pos, 0,0/0,0 neg]
%     Score = -50.377,449244 (regressionFit = 50.377,449243, penalties=1.03E-6) for clause:  medv(A) :- b(A, 7).  [covers 40,0/436,0 pos, 0,0/0,0 neg]
%     Score = -50.294,416679 (regressionFit = 50.294,416678, penalties=1.03E-6) for clause:  medv(A) :- b(A, 8).  [covers 46,0/436,0 pos, 0,0/0,0 neg]
%     Score = -50.436,234801 (regressionFit = 50.436,234800, penalties=1.03E-6) for clause:  medv(A) :- b(A, 5).  [covers 46,0/436,0 pos, 0,0/0,0 neg]
%     Score = -50.339,916287 (regressionFit = 50.339,916286, penalties=1.03E-6) for clause:  medv(A) :- lstat(A, 5).  [covers 39,0/436,0 pos, 0,0/0,0 neg]
%     Score = -50.201,617193 (regressionFit = 50.201,617192, penalties=1.03E-6) for clause:  medv(A) :- lstat(A, 6).  [covers 44,0/436,0 pos, 0,0/0,0 neg]
%     Score = -50.173,638243 (regressionFit = 50.173,638242, penalties=1.03E-6) for clause:  medv(A) :- lstat(A, 9).  [covers 46,0/436,0 pos, 0,0/0,0 neg]
%     Score = -49.081,377520 (regressionFit = 49.081,377519, penalties=1.03E-6) for clause:  medv(A) :- lstat(A, 3).  [covers 51,0/436,0 pos, 0,0/0,0 neg]
%     Score = -49.946,530128 (regressionFit = 49.946,530127, penalties=1.03E-6) for clause:  medv(A) :- lstat(A, 1).  [covers 49,0/436,0 pos, 0,0/0,0 neg]

% The best node found: medv(A) :- rm(A, 9).  [covers 44,0/436,0 pos, 0,0/0,0 neg]

% The best node found: medv(A) :- rm(A, 9).  [covers 44,0/436,0 pos, 0,0/0,0 neg]
Setting 7.550864491141354 for 
 // Learned this clause on outer loop cycle #14.  It scores=-48.450,22 and has recall=0,10, precision=1,00, and F1=0,18 (using m-estimates).
 // It covers 10,1% of the positive examples, 44 of 436 (of which 14 are newly covered),
 // So far 406 (93,1%) of the positive examples have been covered.
(medv(A) :- rm(A, 9))

% On cycle #14, the best clause found is:
%      medv(A) :- rm(A, 9).  [covers 44,0/436,0 pos, 0,0/0,0 neg]
% This clause covers 44 positive examples, of which 14 are newly covered.
% It also covers 0 negative examples, of which 0 are newly covered.
% The current set of 14 best clauses covers 93,1% of the positive examples and NaN% of the negatives.}

% ******************************************


% ******************************************
adding regression values
Added 39.96875000000001 to wgt = 39,9688 (medv(A) :- rm(A, 3))
Added 9.115029761904761 to wgt = 9,1150 (medv(A) :- nox(A, 10))
Added 28.203367624223603 to wgt = 28,2034 (medv(A) :- rm(A, 4))
Added 24.748138150609076 to wgt = 24,7481 (medv(A) :- rm(A, 1))
Added 19.298853853556935 to wgt = 19,2989 (medv(A) :- lstat(A, 4))
Added 0.3431136224056718 to wgt = 0,3431 (medv(A) :- crim(A, 10))
Added 17.075898446068127 to wgt = 17,0759 (medv(A) :- lstat(A, 2))
Added 17.107117600821972 to wgt = 17,1071 (medv(A) :- rm(A, 10))
Added 14.731778423635912 to wgt = 14,7318 (medv(A) :- crim(A, 4))
Added 13.24388770256673 to wgt = 13,2439 (medv(A) :- lstat(A, 10))
Added 11.887079384235204 to wgt = 11,8871 (medv(A) :- lstat(A, 8))
Added 9.332553053320082 to wgt = 9,3326 (medv(A) :- rm(A, 2))
Added 8.568637025428016 to wgt = 8,5686 (medv(A) :- rm(A, 8))
Added 7.550864491141354 to wgt = 7,5509 (medv(A) :- rm(A, 9))
% Saving model in: data/boston_housing/train/models/bRDNs/medv.model.ckpt
% Time taken to learn 1 trees is 9,829 seconds.

% Kept 436 of the 436 positive examples.
% Kept 0 of the 0 negative examples.
% Dataset size: 436
Computing probabilities
prob time:129 milliseconds
No hidden examples for : medv
Time to build dataset: 131 milliseconds

% Have these 10 positive seeds: 120 124 169 201 276 285 291 324 388 400

% target           = medv(A)
%     Score = -Infinity (regressionFit = Infinity, penalties=1.1E-7) for clause:  medv(_).  [covers 436,0/436,0 pos, 0,0/0,0 neg]
% Unacceptable due to being the root node.
% Most-general root: medv(_).  [covers 436,0/436,0 pos, 0,0/0,0 neg]  score = -Infinity
%     Score = -38.633,623500 (regressionFit = 38.633,623499, penalties=1.03E-6) for clause:  medv(A) :- crim(A, 7).  [covers 47,0/436,0 pos, 0,0/0,0 neg]
% Gleaner: New best node found (score = -38.633,623500): medv(A) :- crim(A, 7).  [covers 47,0/436,0 pos, 0,0/0,0 neg]
%     Score = -39.326,922827 (regressionFit = 39.326,922826, penalties=1.03E-6) for clause:  medv(A) :- crim(A, 4).  [covers 41,0/436,0 pos, 0,0/0,0 neg]
%     Score = -39.111,312323 (regressionFit = 39.111,312322, penalties=1.03E-6) for clause:  medv(A) :- crim(A, 6).  [covers 43,0/436,0 pos, 0,0/0,0 neg]
%     Score = -37.475,645638 (regressionFit = 37.475,645637, penalties=1.03E-6) for clause:  medv(A) :- crim(A, 1).  [covers 49,0/436,0 pos, 0,0/0,0 neg]
% Gleaner: New best node found (score = -37.475,645638): medv(A) :- crim(A, 1).  [covers 49,0/436,0 pos, 0,0/0,0 neg]
%     Score = -38.721,651791 (regressionFit = 38.721,651790, penalties=1.03E-6) for clause:  medv(A) :- crim(A, 2).  [covers 51,0/436,0 pos, 0,0/0,0 neg]
%     Score = -39.425,098095 (regressionFit = 39.425,098094, penalties=1.03E-6) for clause:  medv(A) :- crim(A, 8).  [covers 32,0/436,0 pos, 0,0/0,0 neg]
%     Score = -38.473,500898 (regressionFit = 38.473,500897, penalties=1.03E-6) for clause:  medv(A) :- crim(A, 9).  [covers 32,0/436,0 pos, 0,0/0,0 neg]
%     Score = -39.470,928662 (regressionFit = 39.470,928661, penalties=1.03E-6) for clause:  medv(A) :- crim(A, 3).  [covers 47,0/436,0 pos, 0,0/0,0 neg]
%     Score = -34.565,771134 (regressionFit = 34.565,771133, penalties=1.03E-6) for clause:  medv(A) :- zn(A, 0).  [covers 307,0/436,0 pos, 0,0/0,0 neg]
% Gleaner: New best node found (score = -34.565,771134): medv(A) :- zn(A, 0).  [covers 307,0/436,0 pos, 0,0/0,0 neg]
%     Score = -39.124,127136 (regressionFit = 39.124,127135, penalties=1.03E-6) for clause:  medv(A) :- zn(A, 80).  [covers 14,0/436,0 pos, 0,0/0,0 neg]
%     Score = -38.453,063899 (regressionFit = 38.453,063898, penalties=1.03E-6) for clause:  medv(A) :- zn(A, 90).  [covers 4,0/436,0 pos, 0,0/0,0 neg]
%     Score = -39.445,134798 (regressionFit = 39.445,134797, penalties=1.03E-6) for clause:  medv(A) :- zn(A, 60).  [covers 4,0/436,0 pos, 0,0/0,0 neg]
%     Score = -39.466,533233 (regressionFit = 39.466,533232, penalties=1.03E-6) for clause:  medv(A) :- zn(A, 21).  [covers 4,0/436,0 pos, 0,0/0,0 neg]
%     Score = -39.465,847975 (regressionFit = 39.465,847974, penalties=1.03E-6) for clause:  medv(A) :- zn(A, 25).  [covers 10,0/436,0 pos, 0,0/0,0 neg]
%     Score = -39.336,410776 (regressionFit = 39.336,410775, penalties=1.03E-6) for clause:  medv(A) :- indus(A, 6).  [covers 36,0/436,0 pos, 0,0/0,0 neg]
%     Score = -36.151,099144 (regressionFit = 36.151,099143, penalties=1.03E-6) for clause:  medv(A) :- indus(A, 4).  [covers 49,0/436,0 pos, 0,0/0,0 neg]
%     Score = -35.481,987341 (regressionFit = 35.481,987340, penalties=1.03E-6) for clause:  medv(A) :- indus(A, 1).  [covers 48,0/436,0 pos, 0,0/0,0 neg]
%     Score = -38.445,511024 (regressionFit = 38.445,511023, penalties=1.03E-6) for clause:  medv(A) :- indus(A, 2).  [covers 51,0/436,0 pos, 0,0/0,0 neg]
%     Score = -33.156,939534 (regressionFit = 33.156,939533, penalties=1.03E-6) for clause:  medv(A) :- indus(A, 10).  [covers 90,0/436,0 pos, 0,0/0,0 neg]
% Gleaner: New best node found (score = -33.156,939534): medv(A) :- indus(A, 10).  [covers 90,0/436,0 pos, 0,0/0,0 neg]
%     Score = -39.470,933320 (regressionFit = 39.470,933319, penalties=1.03E-6) for clause:  medv(A) :- indus(A, 5).  [covers 48,0/436,0 pos, 0,0/0,0 neg]
%     Score = -38.418,797759 (regressionFit = 38.418,797758, penalties=1.03E-6) for clause:  medv(A) :- chas(A, 1).  [covers 35,0/436,0 pos, 0,0/0,0 neg]
%     Score = -38.418,797759 (regressionFit = 38.418,797758, penalties=1.03E-6) for clause:  medv(A) :- chas(A, 0).  [covers 401,0/436,0 pos, 0,0/0,0 neg]
%     Score = -38.011,463211 (regressionFit = 38.011,463210, penalties=1.03E-6) for clause:  medv(A) :- nox(A, 4).  [covers 48,0/436,0 pos, 0,0/0,0 neg]
%     Score = -38.070,491235 (regressionFit = 38.070,491234, penalties=1.03E-6) for clause:  medv(A) :- nox(A, 6).  [covers 48,0/436,0 pos, 0,0/0,0 neg]
%     Score = -37.486,815254 (regressionFit = 37.486,815253, penalties=1.03E-6) for clause:  medv(A) :- nox(A, 9).  [covers 42,0/436,0 pos, 0,0/0,0 neg]
%     Score = -32.057,667741 (regressionFit = 32.057,667739, penalties=1.03E-6) for clause:  medv(A) :- nox(A, 10).  [covers 42,0/436,0 pos, 0,0/0,0 neg]
% Gleaner: New best node found (score = -32.057,667741): medv(A) :- nox(A, 10).  [covers 42,0/436,0 pos, 0,0/0,0 neg]
%     Score = -39.266,245810 (regressionFit = 39.266,245809, penalties=1.03E-6) for clause:  medv(A) :- nox(A, 5).  [covers 50,0/436,0 pos, 0,0/0,0 neg]
%     Score = -38.773,657764 (regressionFit = 38.773,657763, penalties=1.03E-6) for clause:  medv(A) :- nox(A, 2).  [covers 48,0/436,0 pos, 0,0/0,0 neg]
%     Score = -36.592,924385 (regressionFit = 36.592,924384, penalties=1.03E-6) for clause:  medv(A) :- rm(A, 9).  [covers 44,0/436,0 pos, 0,0/0,0 neg]
%     Score = -37.719,604478 (regressionFit = 37.719,604477, penalties=1.03E-6) for clause:  medv(A) :- rm(A, 7).  [covers 44,0/436,0 pos, 0,0/0,0 neg]
%     Score = -39.097,970502 (regressionFit = 39.097,970501, penalties=1.03E-6) for clause:  medv(A) :- rm(A, 6).  [covers 43,0/436,0 pos, 0,0/0,0 neg]
%     Score = -23.378,931692 (regressionFit = 23.378,931691, penalties=1.03E-6) for clause:  medv(A) :- rm(A, 3).  [covers 48,0/436,0 pos, 0,0/0,0 neg]
% Gleaner: New best node found (score = -23.378,931692): medv(A) :- rm(A, 3).  [covers 48,0/436,0 pos, 0,0/0,0 neg]
%     Score = -39.178,511064 (regressionFit = 39.178,511063, penalties=1.03E-6) for clause:  medv(A) :- rm(A, 1).  [covers 43,0/436,0 pos, 0,0/0,0 neg]
%     Score = -38.737,654050 (regressionFit = 38.737,654049, penalties=1.03E-6) for clause:  medv(A) :- rm(A, 8).  [covers 45,0/436,0 pos, 0,0/0,0 neg]
%     Score = -39.058,536508 (regressionFit = 39.058,536507, penalties=1.03E-6) for clause:  medv(A) :- rm(A, 2).  [covers 44,0/436,0 pos, 0,0/0,0 neg]
%     Score = -37.556,362680 (regressionFit = 37.556,362679, penalties=1.03E-6) for clause:  medv(A) :- rm(A, 4).  [covers 46,0/436,0 pos, 0,0/0,0 neg]
%     Score = -37.031,397550 (regressionFit = 37.031,397549, penalties=1.03E-6) for clause:  medv(A) :- age(A, 6).  [covers 48,0/436,0 pos, 0,0/0,0 neg]
%     Score = -39.248,452283 (regressionFit = 39.248,452282, penalties=1.03E-6) for clause:  medv(A) :- age(A, 1).  [covers 43,0/436,0 pos, 0,0/0,0 neg]
%     Score = -38.359,262910 (regressionFit = 38.359,262909, penalties=1.03E-6) for clause:  medv(A) :- age(A, 8).  [covers 49,0/436,0 pos, 0,0/0,0 neg]
%     Score = -38.346,072162 (regressionFit = 38.346,072161, penalties=1.03E-6) for clause:  medv(A) :- age(A, 10).  [covers 49,0/436,0 pos, 0,0/0,0 neg]
%     Score = -39.330,170579 (regressionFit = 39.330,170578, penalties=1.03E-6) for clause:  medv(A) :- age(A, 4).  [covers 37,0/436,0 pos, 0,0/0,0 neg]
%     Score = -39.469,769103 (regressionFit = 39.469,769102, penalties=1.03E-6) for clause:  medv(A) :- age(A, 9).  [covers 40,0/436,0 pos, 0,0/0,0 neg]
%     Score = -39.106,562305 (regressionFit = 39.106,562304, penalties=1.03E-6) for clause:  medv(A) :- age(A, 5).  [covers 41,0/436,0 pos, 0,0/0,0 neg]
%     Score = -39.279,841708 (regressionFit = 39.279,841707, penalties=1.03E-6) for clause:  medv(A) :- age(A, 3).  [covers 46,0/436,0 pos, 0,0/0,0 neg]
%     Score = -38.856,456777 (regressionFit = 38.856,456776, penalties=1.03E-6) for clause:  medv(A) :- dis(A, 4).  [covers 45,0/436,0 pos, 0,0/0,0 neg]
%     Score = -39.300,784500 (regressionFit = 39.300,784499, penalties=1.03E-6) for clause:  medv(A) :- dis(A, 5).  [covers 46,0/436,0 pos, 0,0/0,0 neg]
%     Score = -39.229,927171 (regressionFit = 39.229,927170, penalties=1.03E-6) for clause:  medv(A) :- dis(A, 3).  [covers 50,0/436,0 pos, 0,0/0,0 neg]
%     Score = -37.112,887416 (regressionFit = 37.112,887415, penalties=1.03E-6) for clause:  medv(A) :- dis(A, 9).  [covers 43,0/436,0 pos, 0,0/0,0 neg]
%     Score = -39.301,985812 (regressionFit = 39.301,985811, penalties=1.03E-6) for clause:  medv(A) :- rad(A, 4).  [covers 101,0/436,0 pos, 0,0/0,0 neg]
%     Score = -39.365,628495 (regressionFit = 39.365,628494, penalties=1.03E-6) for clause:  medv(A) :- rad(A, 1).  [covers 15,0/436,0 pos, 0,0/0,0 neg]
%     Score = -38.525,385945 (regressionFit = 38.525,385944, penalties=1.03E-6) for clause:  medv(A) :- rad(A, 5).  [covers 112,0/436,0 pos, 0,0/0,0 neg]
%     Score = -33.156,939534 (regressionFit = 33.156,939533, penalties=1.03E-6) for clause:  medv(A) :- rad(A, 24).  [covers 90,0/436,0 pos, 0,0/0,0 neg]
%     Score = -38.160,525172 (regressionFit = 38.160,525171, penalties=1.03E-6) for clause:  medv(A) :- rad(A, 8).  [covers 24,0/436,0 pos, 0,0/0,0 neg]
%     Score = -39.470,847577 (regressionFit = 39.470,847576, penalties=1.03E-6) for clause:  medv(A) :- tax(A, 277).  [covers 11,0/436,0 pos, 0,0/0,0 neg]
%     Score = -Infinity (regressionFit = Infinity, penalties=1.03E-6) for clause:  medv(A) :- tax(A, 315).  [covers 2,0/436,0 pos, 0,0/0,0 neg]
%     Score = -Infinity (regressionFit = Infinity, penalties=1.03E-6) for clause:  medv(A) :- tax(A, 198).  [covers 1,0/436,0 pos, 0,0/0,0 neg]
%     Score = -Infinity (regressionFit = Infinity, penalties=1.03E-6) for clause:  medv(A) :- tax(A, 411).  [covers 2,0/436,0 pos, 0,0/0,0 neg]
%     Score = -39.454,049359 (regressionFit = 39.454,049358, penalties=1.03E-6) for clause:  medv(A) :- tax(A, 279).  [covers 4,0/436,0 pos, 0,0/0,0 neg]
%     Score = -33.156,939534 (regressionFit = 33.156,939533, penalties=1.03E-6) for clause:  medv(A) :- tax(A, 666).  [covers 90,0/436,0 pos, 0,0/0,0 neg]
%     Score = -39.466,533233 (regressionFit = 39.466,533232, penalties=1.03E-6) for clause:  medv(A) :- tax(A, 243).  [covers 4,0/436,0 pos, 0,0/0,0 neg]
%     Score = -39.467,503856 (regressionFit = 39.467,503855, penalties=1.03E-6) for clause:  medv(A) :- tax(A, 284).  [covers 7,0/436,0 pos, 0,0/0,0 neg]
%     Score = -39.447,211636 (regressionFit = 39.447,211635, penalties=1.03E-6) for clause:  medv(A) :- ptratio(A, 3).  [covers 51,0/436,0 pos, 0,0/0,0 neg]
%     Score = -38.613,920919 (regressionFit = 38.613,920918, penalties=1.03E-6) for clause:  medv(A) :- ptratio(A, 1).  [covers 45,0/436,0 pos, 0,0/0,0 neg]
%     Score = -36.746,207414 (regressionFit = 36.746,207413, penalties=1.03E-6) for clause:  medv(A) :- ptratio(A, 9).  [covers 50,0/436,0 pos, 0,0/0,0 neg]
%     Score = -39.469,323213 (regressionFit = 39.469,323212, penalties=1.03E-6) for clause:  medv(A) :- ptratio(A, 5).  [covers 42,0/436,0 pos, 0,0/0,0 neg]
%     Score = -33.071,834233 (regressionFit = 33.071,834232, penalties=1.03E-6) for clause:  medv(A) :- ptratio(A, 10).  [covers 97,0/436,0 pos, 0,0/0,0 neg]
%     Score = -38.472,820985 (regressionFit = 38.472,820984, penalties=1.03E-6) for clause:  medv(A) :- ptratio(A, 6).  [covers 48,0/436,0 pos, 0,0/0,0 neg]
%     Score = -39.454,780665 (regressionFit = 39.454,780664, penalties=1.03E-6) for clause:  medv(A) :- ptratio(A, 8).  [covers 8,0/436,0 pos, 0,0/0,0 neg]
%     Score = -38.989,760962 (regressionFit = 38.989,760961, penalties=1.03E-6) for clause:  medv(A) :- b(A, 1).  [covers 102,0/436,0 pos, 0,0/0,0 neg]
%     Score = -38.938,702967 (regressionFit = 38.938,702966, penalties=1.03E-6) for clause:  medv(A) :- b(A, 6).  [covers 47,0/436,0 pos, 0,0/0,0 neg]
%     Score = -39.015,358003 (regressionFit = 39.015,358002, penalties=1.03E-6) for clause:  medv(A) :- b(A, 2).  [covers 40,0/436,0 pos, 0,0/0,0 neg]
%     Score = -39.412,114077 (regressionFit = 39.412,114076, penalties=1.03E-6) for clause:  medv(A) :- b(A, 4).  [covers 27,0/436,0 pos, 0,0/0,0 neg]
%     Score = -39.004,232272 (regressionFit = 39.004,232271, penalties=1.03E-6) for clause:  medv(A) :- b(A, 8).  [covers 46,0/436,0 pos, 0,0/0,0 neg]
%     Score = -39.124,495887 (regressionFit = 39.124,495886, penalties=1.03E-6) for clause:  medv(A) :- b(A, 9).  [covers 41,0/436,0 pos, 0,0/0,0 neg]
%     Score = -36.362,693125 (regressionFit = 36.362,693124, penalties=1.03E-6) for clause:  medv(A) :- lstat(A, 5).  [covers 39,0/436,0 pos, 0,0/0,0 neg]
%     Score = -37.870,062158 (regressionFit = 37.870,062157, penalties=1.03E-6) for clause:  medv(A) :- lstat(A, 7).  [covers 38,0/436,0 pos, 0,0/0,0 neg]
%     Score = -38.629,457315 (regressionFit = 38.629,457314, penalties=1.03E-6) for clause:  medv(A) :- lstat(A, 9).  [covers 46,0/436,0 pos, 0,0/0,0 neg]
%     Score = -24.306,315687 (regressionFit = 24.306,315686, penalties=1.03E-6) for clause:  medv(A) :- lstat(A, 3).  [covers 51,0/436,0 pos, 0,0/0,0 neg]
%     Score = -37.753,746287 (regressionFit = 37.753,746286, penalties=1.03E-6) for clause:  medv(A) :- lstat(A, 1).  [covers 49,0/436,0 pos, 0,0/0,0 neg]
%     Score = -39.418,777230 (regressionFit = 39.418,777229, penalties=1.03E-6) for clause:  medv(A) :- lstat(A, 8).  [covers 44,0/436,0 pos, 0,0/0,0 neg]
%     Score = -38.738,890140 (regressionFit = 38.738,890139, penalties=1.03E-6) for clause:  medv(A) :- lstat(A, 10).  [covers 38,0/436,0 pos, 0,0/0,0 neg]
%     Score = -39.292,454631 (regressionFit = 39.292,454630, penalties=1.03E-6) for clause:  medv(A) :- lstat(A, 2).  [covers 45,0/436,0 pos, 0,0/0,0 neg]

% The best node found: medv(A) :- rm(A, 3).  [covers 48,0/436,0 pos, 0,0/0,0 neg]

% The best node found: medv(A) :- rm(A, 3).  [covers 48,0/436,0 pos, 0,0/0,0 neg]
Setting 39.46875000000001 for 
 // Learned this clause on outer loop cycle #1.  It scores=-23.378,93 and has recall=0,11, precision=1,00, and F1=0,20 (using m-estimates).
 // It covers 11,0% of the positive examples, 48 of 436,
(medv(A) :- rm(A, 3))

% On cycle #1, the best clause found is:
%      medv(A) :- rm(A, 3).  [covers 48,0/436,0 pos, 0,0/0,0 neg]
% This clause covers 48 positive examples, of which 48 are newly covered.
% It also covers 0 negative examples, of which 0 are newly covered.
% The current set of 1 best clauses covers 11,0% of the positive examples and NaN% of the negatives.}

% Have these 9 positive seeds: 2 40 87 152 269 296 331 333 413

% target           = medv(A)
%     Score = -Infinity (regressionFit = Infinity, penalties=1.1E-7) for clause:  medv(_).  [covers 436,0/436,0 pos, 0,0/0,0 neg]
% Unacceptable due to being the root node.
% Most-general root: medv(_).  [covers 436,0/436,0 pos, 0,0/0,0 neg]  score = -Infinity
%     Score = -40.451,086590 (regressionFit = 40.451,086589, penalties=1.03E-6) for clause:  medv(A) :- crim(A, 4).  [covers 41,0/436,0 pos, 0,0/0,0 neg]
% Gleaner: New best node found (score = -40.451,086590): medv(A) :- crim(A, 4).  [covers 41,0/436,0 pos, 0,0/0,0 neg]
%     Score = -40.484,572756 (regressionFit = 40.484,572755, penalties=1.03E-6) for clause:  medv(A) :- crim(A, 5).  [covers 49,0/436,0 pos, 0,0/0,0 neg]
%     Score = -40.008,964153 (regressionFit = 40.008,964152, penalties=1.03E-6) for clause:  medv(A) :- crim(A, 6).  [covers 43,0/436,0 pos, 0,0/0,0 neg]
% Gleaner: New best node found (score = -40.008,964153): medv(A) :- crim(A, 6).  [covers 43,0/436,0 pos, 0,0/0,0 neg]
%     Score = -39.936,365514 (regressionFit = 39.936,365513, penalties=1.03E-6) for clause:  medv(A) :- crim(A, 2).  [covers 51,0/436,0 pos, 0,0/0,0 neg]
% Gleaner: New best node found (score = -39.936,365514): medv(A) :- crim(A, 2).  [covers 51,0/436,0 pos, 0,0/0,0 neg]
%     Score = -40.274,109141 (regressionFit = 40.274,109140, penalties=1.03E-6) for clause:  medv(A) :- crim(A, 1).  [covers 49,0/436,0 pos, 0,0/0,0 neg]
%     Score = -40.530,160873 (regressionFit = 40.530,160872, penalties=1.03E-6) for clause:  medv(A) :- crim(A, 9).  [covers 32,0/436,0 pos, 0,0/0,0 neg]
%     Score = -37.526,950705 (regressionFit = 37.526,950704, penalties=1.03E-6) for clause:  medv(A) :- crim(A, 10).  [covers 45,0/436,0 pos, 0,0/0,0 neg]
% Gleaner: New best node found (score = -37.526,950705): medv(A) :- crim(A, 10).  [covers 45,0/436,0 pos, 0,0/0,0 neg]
%     Score = -40.186,523788 (regressionFit = 40.186,523787, penalties=1.03E-6) for clause:  medv(A) :- crim(A, 3).  [covers 47,0/436,0 pos, 0,0/0,0 neg]
%     Score = -40.548,654601 (regressionFit = 40.548,654600, penalties=1.03E-6) for clause:  medv(A) :- zn(A, 12.5).  [covers 10,0/436,0 pos, 0,0/0,0 neg]
%     Score = -40.276,491779 (regressionFit = 40.276,491778, penalties=1.03E-6) for clause:  medv(A) :- zn(A, 0).  [covers 307,0/436,0 pos, 0,0/0,0 neg]
%     Score = -40.485,724586 (regressionFit = 40.485,724585, penalties=1.03E-6) for clause:  medv(A) :- zn(A, 30).  [covers 6,0/436,0 pos, 0,0/0,0 neg]
%     Score = -40.552,528636 (regressionFit = 40.552,528635, penalties=1.03E-6) for clause:  medv(A) :- indus(A, 3).  [covers 47,0/436,0 pos, 0,0/0,0 neg]
%     Score = -40.557,247101 (regressionFit = 40.557,247100, penalties=1.03E-6) for clause:  medv(A) :- indus(A, 8).  [covers 21,0/436,0 pos, 0,0/0,0 neg]
%     Score = -40.546,604590 (regressionFit = 40.546,604589, penalties=1.03E-6) for clause:  medv(A) :- indus(A, 1).  [covers 48,0/436,0 pos, 0,0/0,0 neg]
%     Score = -39.890,288898 (regressionFit = 39.890,288897, penalties=1.03E-6) for clause:  medv(A) :- indus(A, 5).  [covers 48,0/436,0 pos, 0,0/0,0 neg]
%     Score = -40.536,127735 (regressionFit = 40.536,127734, penalties=1.03E-6) for clause:  medv(A) :- indus(A, 2).  [covers 51,0/436,0 pos, 0,0/0,0 neg]
%     Score = -38.758,147640 (regressionFit = 38.758,147639, penalties=1.03E-6) for clause:  medv(A) :- indus(A, 10).  [covers 90,0/436,0 pos, 0,0/0,0 neg]
%     Score = -40.233,052557 (regressionFit = 40.233,052556, penalties=1.03E-6) for clause:  medv(A) :- indus(A, 7).  [covers 17,0/436,0 pos, 0,0/0,0 neg]
%     Score = -40.455,508074 (regressionFit = 40.455,508073, penalties=1.03E-6) for clause:  medv(A) :- chas(A, 0).  [covers 401,0/436,0 pos, 0,0/0,0 neg]
%     Score = -40.388,986096 (regressionFit = 40.388,986095, penalties=1.03E-6) for clause:  medv(A) :- nox(A, 3).  [covers 43,0/436,0 pos, 0,0/0,0 neg]
%     Score = -40.542,678903 (regressionFit = 40.542,678902, penalties=1.03E-6) for clause:  medv(A) :- nox(A, 8).  [covers 36,0/436,0 pos, 0,0/0,0 neg]
%     Score = -40.472,135830 (regressionFit = 40.472,135829, penalties=1.03E-6) for clause:  medv(A) :- nox(A, 4).  [covers 48,0/436,0 pos, 0,0/0,0 neg]
%     Score = -40.026,955608 (regressionFit = 40.026,955606, penalties=1.03E-6) for clause:  medv(A) :- nox(A, 5).  [covers 50,0/436,0 pos, 0,0/0,0 neg]
%     Score = -36.612,328648 (regressionFit = 36.612,328647, penalties=1.03E-6) for clause:  medv(A) :- nox(A, 10).  [covers 42,0/436,0 pos, 0,0/0,0 neg]
% Gleaner: New best node found (score = -36.612,328648): medv(A) :- nox(A, 10).  [covers 42,0/436,0 pos, 0,0/0,0 neg]
%     Score = -40.536,044207 (regressionFit = 40.536,044206, penalties=1.03E-6) for clause:  medv(A) :- rm(A, 5).  [covers 39,0/436,0 pos, 0,0/0,0 neg]
%     Score = -40.435,588318 (regressionFit = 40.435,588317, penalties=1.03E-6) for clause:  medv(A) :- rm(A, 7).  [covers 44,0/436,0 pos, 0,0/0,0 neg]
%     Score = -34.954,317427 (regressionFit = 34.954,317426, penalties=1.03E-6) for clause:  medv(A) :- rm(A, 4).  [covers 46,0/436,0 pos, 0,0/0,0 neg]
% Gleaner: New best node found (score = -34.954,317427): medv(A) :- rm(A, 4).  [covers 46,0/436,0 pos, 0,0/0,0 neg]
%     Score = -40.464,939214 (regressionFit = 40.464,939213, penalties=1.03E-6) for clause:  medv(A) :- rm(A, 2).  [covers 44,0/436,0 pos, 0,0/0,0 neg]
%     Score = -40.553,038313 (regressionFit = 40.553,038312, penalties=1.03E-6) for clause:  medv(A) :- rm(A, 8).  [covers 45,0/436,0 pos, 0,0/0,0 neg]
%     Score = -40.026,171381 (regressionFit = 40.026,171380, penalties=1.03E-6) for clause:  medv(A) :- rm(A, 9).  [covers 44,0/436,0 pos, 0,0/0,0 neg]
%     Score = -40.204,856320 (regressionFit = 40.204,856319, penalties=1.03E-6) for clause:  medv(A) :- rm(A, 10).  [covers 40,0/436,0 pos, 0,0/0,0 neg]
%     Score = -40.264,125950 (regressionFit = 40.264,125949, penalties=1.03E-6) for clause:  medv(A) :- age(A, 2).  [covers 40,0/436,0 pos, 0,0/0,0 neg]
%     Score = -40.480,504997 (regressionFit = 40.480,504996, penalties=1.03E-6) for clause:  medv(A) :- age(A, 5).  [covers 41,0/436,0 pos, 0,0/0,0 neg]
%     Score = -40.391,707279 (regressionFit = 40.391,707278, penalties=1.03E-6) for clause:  medv(A) :- age(A, 1).  [covers 43,0/436,0 pos, 0,0/0,0 neg]
%     Score = -39.277,910852 (regressionFit = 39.277,910851, penalties=1.03E-6) for clause:  medv(A) :- age(A, 10).  [covers 49,0/436,0 pos, 0,0/0,0 neg]
%     Score = -40.563,071330 (regressionFit = 40.563,071329, penalties=1.03E-6) for clause:  medv(A) :- age(A, 3).  [covers 46,0/436,0 pos, 0,0/0,0 neg]
%     Score = -40.013,607092 (regressionFit = 40.013,607091, penalties=1.03E-6) for clause:  medv(A) :- age(A, 6).  [covers 48,0/436,0 pos, 0,0/0,0 neg]
%     Score = -40.502,964781 (regressionFit = 40.502,964780, penalties=1.03E-6) for clause:  medv(A) :- age(A, 4).  [covers 37,0/436,0 pos, 0,0/0,0 neg]
%     Score = -40.223,805541 (regressionFit = 40.223,805540, penalties=1.03E-6) for clause:  medv(A) :- dis(A, 3).  [covers 50,0/436,0 pos, 0,0/0,0 neg]
%     Score = -40.529,648995 (regressionFit = 40.529,648994, penalties=1.03E-6) for clause:  medv(A) :- dis(A, 7).  [covers 29,0/436,0 pos, 0,0/0,0 neg]
%     Score = -40.431,359088 (regressionFit = 40.431,359087, penalties=1.03E-6) for clause:  medv(A) :- dis(A, 6).  [covers 32,0/436,0 pos, 0,0/0,0 neg]
%     Score = -40.182,849430 (regressionFit = 40.182,849429, penalties=1.03E-6) for clause:  medv(A) :- dis(A, 5).  [covers 46,0/436,0 pos, 0,0/0,0 neg]
%     Score = -40.566,611456 (regressionFit = 40.566,611455, penalties=1.03E-6) for clause:  medv(A) :- dis(A, 4).  [covers 45,0/436,0 pos, 0,0/0,0 neg]
%     Score = -38.638,913174 (regressionFit = 38.638,913173, penalties=1.03E-6) for clause:  medv(A) :- dis(A, 9).  [covers 43,0/436,0 pos, 0,0/0,0 neg]
%     Score = -40.324,418845 (regressionFit = 40.324,418844, penalties=1.03E-6) for clause:  medv(A) :- dis(A, 10).  [covers 51,0/436,0 pos, 0,0/0,0 neg]
%     Score = -40.496,820463 (regressionFit = 40.496,820462, penalties=1.03E-6) for clause:  medv(A) :- dis(A, 1).  [covers 48,0/436,0 pos, 0,0/0,0 neg]
%     Score = -40.455,482978 (regressionFit = 40.455,482977, penalties=1.03E-6) for clause:  medv(A) :- rad(A, 5).  [covers 112,0/436,0 pos, 0,0/0,0 neg]
%     Score = -40.209,589299 (regressionFit = 40.209,589298, penalties=1.03E-6) for clause:  medv(A) :- rad(A, 4).  [covers 101,0/436,0 pos, 0,0/0,0 neg]
%     Score = -39.678,342081 (regressionFit = 39.678,342080, penalties=1.03E-6) for clause:  medv(A) :- rad(A, 3).  [covers 37,0/436,0 pos, 0,0/0,0 neg]
%     Score = -40.458,674689 (regressionFit = 40.458,674688, penalties=1.03E-6) for clause:  medv(A) :- rad(A, 6).  [covers 18,0/436,0 pos, 0,0/0,0 neg]
%     Score = -38.758,147640 (regressionFit = 38.758,147639, penalties=1.03E-6) for clause:  medv(A) :- rad(A, 24).  [covers 90,0/436,0 pos, 0,0/0,0 neg]
%     Score = -40.553,509621 (regressionFit = 40.553,509620, penalties=1.03E-6) for clause:  medv(A) :- tax(A, 311).  [covers 7,0/436,0 pos, 0,0/0,0 neg]
%     Score = -40.540,613090 (regressionFit = 40.540,613089, penalties=1.03E-6) for clause:  medv(A) :- tax(A, 437).  [covers 14,0/436,0 pos, 0,0/0,0 neg]
%     Score = -40.110,539964 (regressionFit = 40.110,539963, penalties=1.03E-6) for clause:  medv(A) :- tax(A, 193).  [covers 8,0/436,0 pos, 0,0/0,0 neg]
%     Score = -40.475,675457 (regressionFit = 40.475,675455, penalties=1.03E-6) for clause:  medv(A) :- tax(A, 300).  [covers 7,0/436,0 pos, 0,0/0,0 neg]
%     Score = -Infinity (regressionFit = Infinity, penalties=1.03E-6) for clause:  medv(A) :- tax(A, 352).  [covers 2,0/436,0 pos, 0,0/0,0 neg]
%     Score = -40.545,394921 (regressionFit = 40.545,394920, penalties=1.03E-6) for clause:  medv(A) :- tax(A, 279).  [covers 4,0/436,0 pos, 0,0/0,0 neg]
%     Score = -38.758,147640 (regressionFit = 38.758,147639, penalties=1.03E-6) for clause:  medv(A) :- tax(A, 666).  [covers 90,0/436,0 pos, 0,0/0,0 neg]
%     Score = -40.520,408001 (regressionFit = 40.520,408000, penalties=1.03E-6) for clause:  medv(A) :- tax(A, 398).  [covers 12,0/436,0 pos, 0,0/0,0 neg]
%     Score = -40.047,937324 (regressionFit = 40.047,937323, penalties=1.03E-6) for clause:  medv(A) :- ptratio(A, 1).  [covers 45,0/436,0 pos, 0,0/0,0 neg]
%     Score = -40.547,949249 (regressionFit = 40.547,949248, penalties=1.03E-6) for clause:  medv(A) :- ptratio(A, 7).  [covers 16,0/436,0 pos, 0,0/0,0 neg]
%     Score = -40.353,216452 (regressionFit = 40.353,216451, penalties=1.03E-6) for clause:  medv(A) :- ptratio(A, 2).  [covers 47,0/436,0 pos, 0,0/0,0 neg]
%     Score = -40.482,919063 (regressionFit = 40.482,919062, penalties=1.03E-6) for clause:  medv(A) :- ptratio(A, 6).  [covers 48,0/436,0 pos, 0,0/0,0 neg]
%     Score = -40.156,655555 (regressionFit = 40.156,655554, penalties=1.03E-6) for clause:  medv(A) :- ptratio(A, 3).  [covers 51,0/436,0 pos, 0,0/0,0 neg]
%     Score = -39.966,851430 (regressionFit = 39.966,851429, penalties=1.03E-6) for clause:  medv(A) :- ptratio(A, 5).  [covers 42,0/436,0 pos, 0,0/0,0 neg]
%     Score = -38.922,351009 (regressionFit = 38.922,351008, penalties=1.03E-6) for clause:  medv(A) :- ptratio(A, 10).  [covers 97,0/436,0 pos, 0,0/0,0 neg]
%     Score = -40.566,446336 (regressionFit = 40.566,446335, penalties=1.03E-6) for clause:  medv(A) :- b(A, 5).  [covers 46,0/436,0 pos, 0,0/0,0 neg]
%     Score = -39.526,122602 (regressionFit = 39.526,122601, penalties=1.03E-6) for clause:  medv(A) :- b(A, 7).  [covers 40,0/436,0 pos, 0,0/0,0 neg]
%     Score = -40.557,418510 (regressionFit = 40.557,418509, penalties=1.03E-6) for clause:  medv(A) :- b(A, 1).  [covers 102,0/436,0 pos, 0,0/0,0 neg]
%     Score = -40.472,780718 (regressionFit = 40.472,780717, penalties=1.03E-6) for clause:  medv(A) :- b(A, 8).  [covers 46,0/436,0 pos, 0,0/0,0 neg]
%     Score = -40.549,578396 (regressionFit = 40.549,578395, penalties=1.03E-6) for clause:  medv(A) :- b(A, 9).  [covers 41,0/436,0 pos, 0,0/0,0 neg]
%     Score = -40.423,306856 (regressionFit = 40.423,306855, penalties=1.03E-6) for clause:  medv(A) :- lstat(A, 7).  [covers 38,0/436,0 pos, 0,0/0,0 neg]
%     Score = -40.172,262222 (regressionFit = 40.172,262221, penalties=1.03E-6) for clause:  medv(A) :- lstat(A, 1).  [covers 49,0/436,0 pos, 0,0/0,0 neg]
%     Score = -40.446,945437 (regressionFit = 40.446,945436, penalties=1.03E-6) for clause:  medv(A) :- lstat(A, 9).  [covers 46,0/436,0 pos, 0,0/0,0 neg]
%     Score = -40.453,869560 (regressionFit = 40.453,869559, penalties=1.03E-6) for clause:  medv(A) :- lstat(A, 8).  [covers 44,0/436,0 pos, 0,0/0,0 neg]
%     Score = -40.456,920466 (regressionFit = 40.456,920465, penalties=1.03E-6) for clause:  medv(A) :- lstat(A, 4).  [covers 42,0/436,0 pos, 0,0/0,0 neg]
%     Score = -39.820,653171 (regressionFit = 39.820,653170, penalties=1.03E-6) for clause:  medv(A) :- lstat(A, 5).  [covers 39,0/436,0 pos, 0,0/0,0 neg]
%     Score = -38.457,848414 (regressionFit = 38.457,848413, penalties=1.03E-6) for clause:  medv(A) :- lstat(A, 6).  [covers 44,0/436,0 pos, 0,0/0,0 neg]

% The best node found: medv(A) :- rm(A, 4).  [covers 46,0/436,0 pos, 0,0/0,0 neg]

% The best node found: medv(A) :- rm(A, 4).  [covers 46,0/436,0 pos, 0,0/0,0 neg]
Setting 28.297826086956942 for 
 // Learned this clause on outer loop cycle #2.  It scores=-34.954,32 and has recall=0,11, precision=1,00, and F1=0,19 (using m-estimates).
 // It covers 10,6% of the positive examples, 46 of 436,
 // So far 94 (21,6%) of the positive examples have been covered.
(medv(A) :- rm(A, 4))

% On cycle #2, the best clause found is:
%      medv(A) :- rm(A, 4).  [covers 46,0/436,0 pos, 0,0/0,0 neg]
% This clause covers 46 positive examples, of which 46 are newly covered.
% It also covers 0 negative examples, of which 0 are newly covered.
% The current set of 2 best clauses covers 21,6% of the positive examples and NaN% of the negatives.}

% Have these 10 positive seeds: 12 24 48 74 153 185 232 245 260 280

% target           = medv(A)
%     Score = -Infinity (regressionFit = Infinity, penalties=1.1E-7) for clause:  medv(_).  [covers 436,0/436,0 pos, 0,0/0,0 neg]
% Unacceptable due to being the root node.
% Most-general root: medv(_).  [covers 436,0/436,0 pos, 0,0/0,0 neg]  score = -Infinity
%     Score = -45.757,270187 (regressionFit = 45.757,270186, penalties=1.03E-6) for clause:  medv(A) :- crim(A, 3).  [covers 47,0/436,0 pos, 0,0/0,0 neg]
% Gleaner: New best node found (score = -45.757,270187): medv(A) :- crim(A, 3).  [covers 47,0/436,0 pos, 0,0/0,0 neg]
%     Score = -46.106,309242 (regressionFit = 46.106,309241, penalties=1.03E-6) for clause:  medv(A) :- crim(A, 8).  [covers 32,0/436,0 pos, 0,0/0,0 neg]
%     Score = -46.302,049800 (regressionFit = 46.302,049799, penalties=1.03E-6) for clause:  medv(A) :- crim(A, 5).  [covers 49,0/436,0 pos, 0,0/0,0 neg]
%     Score = -46.221,479422 (regressionFit = 46.221,479421, penalties=1.03E-6) for clause:  medv(A) :- crim(A, 2).  [covers 51,0/436,0 pos, 0,0/0,0 neg]
%     Score = -46.261,310272 (regressionFit = 46.261,310271, penalties=1.03E-6) for clause:  medv(A) :- crim(A, 7).  [covers 47,0/436,0 pos, 0,0/0,0 neg]
%     Score = -46.255,835570 (regressionFit = 46.255,835569, penalties=1.03E-6) for clause:  medv(A) :- crim(A, 1).  [covers 49,0/436,0 pos, 0,0/0,0 neg]
%     Score = -46.232,118647 (regressionFit = 46.232,118646, penalties=1.03E-6) for clause:  medv(A) :- crim(A, 9).  [covers 32,0/436,0 pos, 0,0/0,0 neg]
%     Score = -45.802,204973 (regressionFit = 45.802,204972, penalties=1.03E-6) for clause:  medv(A) :- zn(A, 0).  [covers 307,0/436,0 pos, 0,0/0,0 neg]
%     Score = -46.127,886251 (regressionFit = 46.127,886250, penalties=1.03E-6) for clause:  medv(A) :- zn(A, 12.5).  [covers 10,0/436,0 pos, 0,0/0,0 neg]
%     Score = -46.296,025481 (regressionFit = 46.296,025480, penalties=1.03E-6) for clause:  medv(A) :- zn(A, 30).  [covers 6,0/436,0 pos, 0,0/0,0 neg]
%     Score = -44.782,948293 (regressionFit = 44.782,948292, penalties=1.03E-6) for clause:  medv(A) :- zn(A, 20).  [covers 21,0/436,0 pos, 0,0/0,0 neg]
% Gleaner: New best node found (score = -44.782,948293): medv(A) :- zn(A, 20).  [covers 21,0/436,0 pos, 0,0/0,0 neg]
%     Score = -45.874,550027 (regressionFit = 45.874,550026, penalties=1.03E-6) for clause:  medv(A) :- indus(A, 3).  [covers 47,0/436,0 pos, 0,0/0,0 neg]
%     Score = -46.256,520357 (regressionFit = 46.256,520356, penalties=1.03E-6) for clause:  medv(A) :- indus(A, 9).  [covers 29,0/436,0 pos, 0,0/0,0 neg]
%     Score = -45.627,427997 (regressionFit = 45.627,427996, penalties=1.03E-6) for clause:  medv(A) :- indus(A, 5).  [covers 48,0/436,0 pos, 0,0/0,0 neg]
%     Score = -46.165,636788 (regressionFit = 46.165,636787, penalties=1.03E-6) for clause:  medv(A) :- indus(A, 2).  [covers 51,0/436,0 pos, 0,0/0,0 neg]
%     Score = -45.140,420424 (regressionFit = 45.140,420423, penalties=1.03E-6) for clause:  medv(A) :- indus(A, 6).  [covers 36,0/436,0 pos, 0,0/0,0 neg]
%     Score = -45.150,698874 (regressionFit = 45.150,698873, penalties=1.03E-6) for clause:  medv(A) :- indus(A, 10).  [covers 90,0/436,0 pos, 0,0/0,0 neg]
%     Score = -46.302,205238 (regressionFit = 46.302,205237, penalties=1.03E-6) for clause:  medv(A) :- chas(A, 0).  [covers 401,0/436,0 pos, 0,0/0,0 neg]
%     Score = -46.302,205238 (regressionFit = 46.302,205237, penalties=1.03E-6) for clause:  medv(A) :- chas(A, 1).  [covers 35,0/436,0 pos, 0,0/0,0 neg]
%     Score = -46.069,668368 (regressionFit = 46.069,668367, penalties=1.03E-6) for clause:  medv(A) :- nox(A, 3).  [covers 43,0/436,0 pos, 0,0/0,0 neg]
%     Score = -46.287,423178 (regressionFit = 46.287,423177, penalties=1.03E-6) for clause:  medv(A) :- nox(A, 9).  [covers 42,0/436,0 pos, 0,0/0,0 neg]
%     Score = -46.311,421121 (regressionFit = 46.311,421120, penalties=1.03E-6) for clause:  medv(A) :- nox(A, 7).  [covers 32,0/436,0 pos, 0,0/0,0 neg]
%     Score = -46.065,689271 (regressionFit = 46.065,689270, penalties=1.03E-6) for clause:  medv(A) :- nox(A, 5).  [covers 50,0/436,0 pos, 0,0/0,0 neg]
%     Score = -46.268,938214 (regressionFit = 46.268,938213, penalties=1.03E-6) for clause:  medv(A) :- nox(A, 2).  [covers 48,0/436,0 pos, 0,0/0,0 neg]
%     Score = -45.767,253972 (regressionFit = 45.767,253971, penalties=1.03E-6) for clause:  medv(A) :- nox(A, 1).  [covers 47,0/436,0 pos, 0,0/0,0 neg]
%     Score = -46.286,213564 (regressionFit = 46.286,213563, penalties=1.03E-6) for clause:  medv(A) :- nox(A, 4).  [covers 48,0/436,0 pos, 0,0/0,0 neg]
%     Score = -45.337,489188 (regressionFit = 45.337,489187, penalties=1.03E-6) for clause:  medv(A) :- rm(A, 6).  [covers 43,0/436,0 pos, 0,0/0,0 neg]
%     Score = -45.689,465621 (regressionFit = 45.689,465620, penalties=1.03E-6) for clause:  medv(A) :- rm(A, 5).  [covers 39,0/436,0 pos, 0,0/0,0 neg]
%     Score = -46.312,823277 (regressionFit = 46.312,823276, penalties=1.03E-6) for clause:  medv(A) :- rm(A, 9).  [covers 44,0/436,0 pos, 0,0/0,0 neg]
%     Score = -45.700,921565 (regressionFit = 45.700,921564, penalties=1.03E-6) for clause:  medv(A) :- rm(A, 8).  [covers 45,0/436,0 pos, 0,0/0,0 neg]
%     Score = -41.730,611312 (regressionFit = 41.730,611311, penalties=1.03E-6) for clause:  medv(A) :- rm(A, 1).  [covers 43,0/436,0 pos, 0,0/0,0 neg]
% Gleaner: New best node found (score = -41.730,611312): medv(A) :- rm(A, 1).  [covers 43,0/436,0 pos, 0,0/0,0 neg]
%     Score = -46.229,412845 (regressionFit = 46.229,412844, penalties=1.03E-6) for clause:  medv(A) :- rm(A, 7).  [covers 44,0/436,0 pos, 0,0/0,0 neg]
%     Score = -44.810,174816 (regressionFit = 44.810,174815, penalties=1.03E-6) for clause:  medv(A) :- rm(A, 10).  [covers 40,0/436,0 pos, 0,0/0,0 neg]
%     Score = -46.072,889382 (regressionFit = 46.072,889381, penalties=1.03E-6) for clause:  medv(A) :- age(A, 1).  [covers 43,0/436,0 pos, 0,0/0,0 neg]
%     Score = -46.269,800551 (regressionFit = 46.269,800550, penalties=1.03E-6) for clause:  medv(A) :- age(A, 2).  [covers 40,0/436,0 pos, 0,0/0,0 neg]
%     Score = -46.105,803440 (regressionFit = 46.105,803439, penalties=1.03E-6) for clause:  medv(A) :- age(A, 6).  [covers 48,0/436,0 pos, 0,0/0,0 neg]
%     Score = -46.308,517782 (regressionFit = 46.308,517781, penalties=1.03E-6) for clause:  medv(A) :- age(A, 3).  [covers 46,0/436,0 pos, 0,0/0,0 neg]
%     Score = -46.246,943628 (regressionFit = 46.246,943627, penalties=1.03E-6) for clause:  medv(A) :- age(A, 4).  [covers 37,0/436,0 pos, 0,0/0,0 neg]
%     Score = -46.316,125065 (regressionFit = 46.316,125064, penalties=1.03E-6) for clause:  medv(A) :- age(A, 5).  [covers 41,0/436,0 pos, 0,0/0,0 neg]
%     Score = -46.314,410778 (regressionFit = 46.314,410777, penalties=1.03E-6) for clause:  medv(A) :- dis(A, 6).  [covers 32,0/436,0 pos, 0,0/0,0 neg]
%     Score = -46.193,365132 (regressionFit = 46.193,365131, penalties=1.03E-6) for clause:  medv(A) :- dis(A, 3).  [covers 50,0/436,0 pos, 0,0/0,0 neg]
%     Score = -46.223,463586 (regressionFit = 46.223,463585, penalties=1.03E-6) for clause:  medv(A) :- dis(A, 10).  [covers 51,0/436,0 pos, 0,0/0,0 neg]
%     Score = -45.801,748471 (regressionFit = 45.801,748470, penalties=1.03E-6) for clause:  medv(A) :- dis(A, 7).  [covers 29,0/436,0 pos, 0,0/0,0 neg]
%     Score = -46.019,162668 (regressionFit = 46.019,162667, penalties=1.03E-6) for clause:  medv(A) :- dis(A, 1).  [covers 48,0/436,0 pos, 0,0/0,0 neg]
%     Score = -46.131,912336 (regressionFit = 46.131,912335, penalties=1.03E-6) for clause:  medv(A) :- dis(A, 2).  [covers 50,0/436,0 pos, 0,0/0,0 neg]
%     Score = -46.107,732380 (regressionFit = 46.107,732379, penalties=1.03E-6) for clause:  medv(A) :- dis(A, 8).  [covers 42,0/436,0 pos, 0,0/0,0 neg]
%     Score = -46.271,125728 (regressionFit = 46.271,125727, penalties=1.03E-6) for clause:  medv(A) :- rad(A, 5).  [covers 112,0/436,0 pos, 0,0/0,0 neg]
%     Score = -46.045,515371 (regressionFit = 46.045,515370, penalties=1.03E-6) for clause:  medv(A) :- rad(A, 6).  [covers 18,0/436,0 pos, 0,0/0,0 neg]
%     Score = -46.220,695267 (regressionFit = 46.220,695266, penalties=1.03E-6) for clause:  medv(A) :- rad(A, 3).  [covers 37,0/436,0 pos, 0,0/0,0 neg]
%     Score = -44.944,467501 (regressionFit = 44.944,467500, penalties=1.03E-6) for clause:  medv(A) :- rad(A, 4).  [covers 101,0/436,0 pos, 0,0/0,0 neg]
%     Score = -45.150,698874 (regressionFit = 45.150,698873, penalties=1.03E-6) for clause:  medv(A) :- rad(A, 24).  [covers 90,0/436,0 pos, 0,0/0,0 neg]
%     Score = -46.237,347057 (regressionFit = 46.237,347056, penalties=1.03E-6) for clause:  medv(A) :- tax(A, 384).  [covers 11,0/436,0 pos, 0,0/0,0 neg]
%     Score = -46.183,863146 (regressionFit = 46.183,863145, penalties=1.03E-6) for clause:  medv(A) :- tax(A, 311).  [covers 7,0/436,0 pos, 0,0/0,0 neg]
%     Score = -46.256,520357 (regressionFit = 46.256,520356, penalties=1.03E-6) for clause:  medv(A) :- tax(A, 403).  [covers 29,0/436,0 pos, 0,0/0,0 neg]
%     Score = -46.273,212366 (regressionFit = 46.273,212365, penalties=1.03E-6) for clause:  medv(A) :- tax(A, 300).  [covers 7,0/436,0 pos, 0,0/0,0 neg]
%     Score = -46.306,090570 (regressionFit = 46.306,090569, penalties=1.03E-6) for clause:  medv(A) :- tax(A, 223).  [covers 5,0/436,0 pos, 0,0/0,0 neg]
%     Score = -46.062,528975 (regressionFit = 46.062,528974, penalties=1.03E-6) for clause:  medv(A) :- tax(A, 304).  [covers 14,0/436,0 pos, 0,0/0,0 neg]
%     Score = -45.944,666605 (regressionFit = 45.944,666604, penalties=1.03E-6) for clause:  medv(A) :- tax(A, 287).  [covers 8,0/436,0 pos, 0,0/0,0 neg]
%     Score = -46.289,464386 (regressionFit = 46.289,464385, penalties=1.03E-6) for clause:  medv(A) :- tax(A, 224).  [covers 9,0/436,0 pos, 0,0/0,0 neg]
%     Score = -45.150,698874 (regressionFit = 45.150,698873, penalties=1.03E-6) for clause:  medv(A) :- tax(A, 666).  [covers 90,0/436,0 pos, 0,0/0,0 neg]
%     Score = -46.227,886099 (regressionFit = 46.227,886098, penalties=1.03E-6) for clause:  medv(A) :- ptratio(A, 4).  [covers 32,0/436,0 pos, 0,0/0,0 neg]
%     Score = -46.318,028951 (regressionFit = 46.318,028950, penalties=1.03E-6) for clause:  medv(A) :- ptratio(A, 1).  [covers 45,0/436,0 pos, 0,0/0,0 neg]
%     Score = -45.513,714127 (regressionFit = 45.513,714126, penalties=1.03E-6) for clause:  medv(A) :- ptratio(A, 9).  [covers 50,0/436,0 pos, 0,0/0,0 neg]
%     Score = -46.292,368874 (regressionFit = 46.292,368873, penalties=1.03E-6) for clause:  medv(A) :- ptratio(A, 6).  [covers 48,0/436,0 pos, 0,0/0,0 neg]
%     Score = -45.638,631686 (regressionFit = 45.638,631685, penalties=1.03E-6) for clause:  medv(A) :- ptratio(A, 3).  [covers 51,0/436,0 pos, 0,0/0,0 neg]
%     Score = -45.353,294541 (regressionFit = 45.353,294540, penalties=1.03E-6) for clause:  medv(A) :- ptratio(A, 5).  [covers 42,0/436,0 pos, 0,0/0,0 neg]
%     Score = -45.417,612151 (regressionFit = 45.417,612150, penalties=1.03E-6) for clause:  medv(A) :- ptratio(A, 10).  [covers 97,0/436,0 pos, 0,0/0,0 neg]
%     Score = -46.242,596096 (regressionFit = 46.242,596095, penalties=1.03E-6) for clause:  medv(A) :- b(A, 2).  [covers 40,0/436,0 pos, 0,0/0,0 neg]
%     Score = -46.269,177443 (regressionFit = 46.269,177442, penalties=1.03E-6) for clause:  medv(A) :- b(A, 1).  [covers 102,0/436,0 pos, 0,0/0,0 neg]
%     Score = -45.343,426633 (regressionFit = 45.343,426632, penalties=1.03E-6) for clause:  medv(A) :- b(A, 7).  [covers 40,0/436,0 pos, 0,0/0,0 neg]
%     Score = -46.317,014134 (regressionFit = 46.317,014133, penalties=1.03E-6) for clause:  medv(A) :- b(A, 5).  [covers 46,0/436,0 pos, 0,0/0,0 neg]
%     Score = -46.199,770024 (regressionFit = 46.199,770023, penalties=1.03E-6) for clause:  medv(A) :- b(A, 6).  [covers 47,0/436,0 pos, 0,0/0,0 neg]
%     Score = -46.068,064392 (regressionFit = 46.068,064391, penalties=1.03E-6) for clause:  medv(A) :- b(A, 3).  [covers 47,0/436,0 pos, 0,0/0,0 neg]
%     Score = -45.822,023894 (regressionFit = 45.822,023893, penalties=1.03E-6) for clause:  medv(A) :- b(A, 8).  [covers 46,0/436,0 pos, 0,0/0,0 neg]
%     Score = -45.367,746980 (regressionFit = 45.367,746979, penalties=1.03E-6) for clause:  medv(A) :- lstat(A, 4).  [covers 42,0/436,0 pos, 0,0/0,0 neg]
%     Score = -45.446,042669 (regressionFit = 45.446,042668, penalties=1.03E-6) for clause:  medv(A) :- lstat(A, 6).  [covers 44,0/436,0 pos, 0,0/0,0 neg]
%     Score = -46.212,380840 (regressionFit = 46.212,380839, penalties=1.03E-6) for clause:  medv(A) :- lstat(A, 9).  [covers 46,0/436,0 pos, 0,0/0,0 neg]
%     Score = -46.242,109966 (regressionFit = 46.242,109965, penalties=1.03E-6) for clause:  medv(A) :- lstat(A, 10).  [covers 38,0/436,0 pos, 0,0/0,0 neg]
%     Score = -46.129,701489 (regressionFit = 46.129,701488, penalties=1.03E-6) for clause:  medv(A) :- lstat(A, 1).  [covers 49,0/436,0 pos, 0,0/0,0 neg]
%     Score = -45.993,974956 (regressionFit = 45.993,974955, penalties=1.03E-6) for clause:  medv(A) :- lstat(A, 8).  [covers 44,0/436,0 pos, 0,0/0,0 neg]
%     Score = -46.312,252186 (regressionFit = 46.312,252185, penalties=1.03E-6) for clause:  medv(A) :- lstat(A, 7).  [covers 38,0/436,0 pos, 0,0/0,0 neg]

% The best node found: medv(A) :- rm(A, 1).  [covers 43,0/436,0 pos, 0,0/0,0 neg]

% The best node found: medv(A) :- rm(A, 1).  [covers 43,0/436,0 pos, 0,0/0,0 neg]
Setting 24.672093023267617 for 
 // Learned this clause on outer loop cycle #3.  It scores=-41.730,61 and has recall=0,10, precision=1,00, and F1=0,18 (using m-estimates).
 // It covers 9,9% of the positive examples, 43 of 436,
 // So far 137 (31,4%) of the positive examples have been covered.
(medv(A) :- rm(A, 1))

% On cycle #3, the best clause found is:
%      medv(A) :- rm(A, 1).  [covers 43,0/436,0 pos, 0,0/0,0 neg]
% This clause covers 43 positive examples, of which 43 are newly covered.
% It also covers 0 negative examples, of which 0 are newly covered.
% The current set of 3 best clauses covers 31,4% of the positive examples and NaN% of the negatives.}

% Have these 7 positive seeds: 15 24 123 231 245 323 325

% target           = medv(A)
%     Score = -Infinity (regressionFit = Infinity, penalties=1.1E-7) for clause:  medv(_).  [covers 436,0/436,0 pos, 0,0/0,0 neg]
% Unacceptable due to being the root node.
% Most-general root: medv(_).  [covers 436,0/436,0 pos, 0,0/0,0 neg]  score = -Infinity
%     Score = -48.888,350163 (regressionFit = 48.888,350162, penalties=1.03E-6) for clause:  medv(A) :- crim(A, 3).  [covers 47,0/436,0 pos, 0,0/0,0 neg]
% Gleaner: New best node found (score = -48.888,350163): medv(A) :- crim(A, 3).  [covers 47,0/436,0 pos, 0,0/0,0 neg]
%     Score = -49.023,791829 (regressionFit = 49.023,791828, penalties=1.03E-6) for clause:  medv(A) :- crim(A, 7).  [covers 47,0/436,0 pos, 0,0/0,0 neg]
%     Score = -49.095,923569 (regressionFit = 49.095,923568, penalties=1.03E-6) for clause:  medv(A) :- crim(A, 5).  [covers 49,0/436,0 pos, 0,0/0,0 neg]
%     Score = -49.103,594003 (regressionFit = 49.103,594002, penalties=1.03E-6) for clause:  medv(A) :- crim(A, 9).  [covers 32,0/436,0 pos, 0,0/0,0 neg]
%     Score = -47.376,616610 (regressionFit = 47.376,616609, penalties=1.03E-6) for clause:  medv(A) :- zn(A, 0).  [covers 307,0/436,0 pos, 0,0/0,0 neg]
% Gleaner: New best node found (score = -47.376,616610): medv(A) :- zn(A, 0).  [covers 307,0/436,0 pos, 0,0/0,0 neg]
%     Score = -48.637,801041 (regressionFit = 48.637,801040, penalties=1.03E-6) for clause:  medv(A) :- zn(A, 12.5).  [covers 10,0/436,0 pos, 0,0/0,0 neg]
%     Score = -47.758,030614 (regressionFit = 47.758,030613, penalties=1.03E-6) for clause:  medv(A) :- indus(A, 6).  [covers 36,0/436,0 pos, 0,0/0,0 neg]
%     Score = -48.136,076409 (regressionFit = 48.136,076408, penalties=1.03E-6) for clause:  medv(A) :- indus(A, 3).  [covers 47,0/436,0 pos, 0,0/0,0 neg]
%     Score = -48.581,431283 (regressionFit = 48.581,431282, penalties=1.03E-6) for clause:  medv(A) :- indus(A, 10).  [covers 90,0/436,0 pos, 0,0/0,0 neg]
%     Score = -49.067,935424 (regressionFit = 49.067,935423, penalties=1.03E-6) for clause:  medv(A) :- chas(A, 0).  [covers 401,0/436,0 pos, 0,0/0,0 neg]
%     Score = -49.067,935424 (regressionFit = 49.067,935423, penalties=1.03E-6) for clause:  medv(A) :- chas(A, 1).  [covers 35,0/436,0 pos, 0,0/0,0 neg]
%     Score = -48.769,762439 (regressionFit = 48.769,762438, penalties=1.03E-6) for clause:  medv(A) :- nox(A, 1).  [covers 47,0/436,0 pos, 0,0/0,0 neg]
%     Score = -49.026,381559 (regressionFit = 49.026,381558, penalties=1.03E-6) for clause:  medv(A) :- nox(A, 3).  [covers 43,0/436,0 pos, 0,0/0,0 neg]
%     Score = -49.032,504779 (regressionFit = 49.032,504778, penalties=1.03E-6) for clause:  medv(A) :- nox(A, 4).  [covers 48,0/436,0 pos, 0,0/0,0 neg]
%     Score = -46.825,558912 (regressionFit = 46.825,558911, penalties=1.03E-6) for clause:  medv(A) :- nox(A, 10).  [covers 42,0/436,0 pos, 0,0/0,0 neg]
% Gleaner: New best node found (score = -46.825,558912): medv(A) :- nox(A, 10).  [covers 42,0/436,0 pos, 0,0/0,0 neg]
%     Score = -47.332,603200 (regressionFit = 47.332,603199, penalties=1.03E-6) for clause:  medv(A) :- rm(A, 8).  [covers 45,0/436,0 pos, 0,0/0,0 neg]
%     Score = -47.422,544154 (regressionFit = 47.422,544153, penalties=1.03E-6) for clause:  medv(A) :- rm(A, 5).  [covers 39,0/436,0 pos, 0,0/0,0 neg]
%     Score = -48.888,967206 (regressionFit = 48.888,967205, penalties=1.03E-6) for clause:  medv(A) :- rm(A, 9).  [covers 44,0/436,0 pos, 0,0/0,0 neg]
%     Score = -48.403,896979 (regressionFit = 48.403,896978, penalties=1.03E-6) for clause:  medv(A) :- rm(A, 7).  [covers 44,0/436,0 pos, 0,0/0,0 neg]
%     Score = -46.800,090638 (regressionFit = 46.800,090637, penalties=1.03E-6) for clause:  medv(A) :- rm(A, 2).  [covers 44,0/436,0 pos, 0,0/0,0 neg]
% Gleaner: New best node found (score = -46.800,090638): medv(A) :- rm(A, 2).  [covers 44,0/436,0 pos, 0,0/0,0 neg]
%     Score = -49.071,830658 (regressionFit = 49.071,830657, penalties=1.03E-6) for clause:  medv(A) :- age(A, 7).  [covers 43,0/436,0 pos, 0,0/0,0 neg]
%     Score = -48.976,340452 (regressionFit = 48.976,340451, penalties=1.03E-6) for clause:  medv(A) :- age(A, 2).  [covers 40,0/436,0 pos, 0,0/0,0 neg]
%     Score = -49.085,124679 (regressionFit = 49.085,124678, penalties=1.03E-6) for clause:  medv(A) :- age(A, 9).  [covers 40,0/436,0 pos, 0,0/0,0 neg]
%     Score = -49.071,312349 (regressionFit = 49.071,312348, penalties=1.03E-6) for clause:  medv(A) :- age(A, 4).  [covers 37,0/436,0 pos, 0,0/0,0 neg]
%     Score = -49.039,253437 (regressionFit = 49.039,253436, penalties=1.03E-6) for clause:  medv(A) :- age(A, 6).  [covers 48,0/436,0 pos, 0,0/0,0 neg]
%     Score = -47.786,675211 (regressionFit = 47.786,675210, penalties=1.03E-6) for clause:  medv(A) :- dis(A, 7).  [covers 29,0/436,0 pos, 0,0/0,0 neg]
%     Score = -49.103,784424 (regressionFit = 49.103,784423, penalties=1.03E-6) for clause:  medv(A) :- dis(A, 3).  [covers 50,0/436,0 pos, 0,0/0,0 neg]
%     Score = -48.986,077285 (regressionFit = 48.986,077284, penalties=1.03E-6) for clause:  medv(A) :- dis(A, 4).  [covers 45,0/436,0 pos, 0,0/0,0 neg]
%     Score = -48.838,312874 (regressionFit = 48.838,312873, penalties=1.03E-6) for clause:  medv(A) :- dis(A, 1).  [covers 48,0/436,0 pos, 0,0/0,0 neg]
%     Score = -49.009,867401 (regressionFit = 49.009,867400, penalties=1.03E-6) for clause:  medv(A) :- dis(A, 2).  [covers 50,0/436,0 pos, 0,0/0,0 neg]
%     Score = -48.524,029832 (regressionFit = 48.524,029831, penalties=1.03E-6) for clause:  medv(A) :- dis(A, 9).  [covers 43,0/436,0 pos, 0,0/0,0 neg]
%     Score = -49.018,344224 (regressionFit = 49.018,344223, penalties=1.03E-6) for clause:  medv(A) :- rad(A, 6).  [covers 18,0/436,0 pos, 0,0/0,0 neg]
%     Score = -48.875,398262 (regressionFit = 48.875,398261, penalties=1.03E-6) for clause:  medv(A) :- rad(A, 5).  [covers 112,0/436,0 pos, 0,0/0,0 neg]
%     Score = -48.120,614031 (regressionFit = 48.120,614030, penalties=1.03E-6) for clause:  medv(A) :- rad(A, 4).  [covers 101,0/436,0 pos, 0,0/0,0 neg]
%     Score = -48.581,431283 (regressionFit = 48.581,431282, penalties=1.03E-6) for clause:  medv(A) :- rad(A, 24).  [covers 90,0/436,0 pos, 0,0/0,0 neg]
%     Score = -48.990,257466 (regressionFit = 48.990,257465, penalties=1.03E-6) for clause:  medv(A) :- tax(A, 432).  [covers 9,0/436,0 pos, 0,0/0,0 neg]
%     Score = -48.776,588018 (regressionFit = 48.776,588017, penalties=1.03E-6) for clause:  medv(A) :- tax(A, 311).  [covers 7,0/436,0 pos, 0,0/0,0 neg]
%     Score = -48.049,046622 (regressionFit = 48.049,046621, penalties=1.03E-6) for clause:  medv(A) :- tax(A, 277).  [covers 11,0/436,0 pos, 0,0/0,0 neg]
%     Score = -48.826,551843 (regressionFit = 48.826,551842, penalties=1.03E-6) for clause:  medv(A) :- tax(A, 307).  [covers 39,0/436,0 pos, 0,0/0,0 neg]
%     Score = -48.413,246815 (regressionFit = 48.413,246814, penalties=1.03E-6) for clause:  medv(A) :- tax(A, 287).  [covers 8,0/436,0 pos, 0,0/0,0 neg]
%     Score = -48.581,431283 (regressionFit = 48.581,431282, penalties=1.03E-6) for clause:  medv(A) :- tax(A, 666).  [covers 90,0/436,0 pos, 0,0/0,0 neg]
%     Score = -49.084,133879 (regressionFit = 49.084,133878, penalties=1.03E-6) for clause:  medv(A) :- ptratio(A, 2).  [covers 47,0/436,0 pos, 0,0/0,0 neg]
%     Score = -48.767,580446 (regressionFit = 48.767,580445, penalties=1.03E-6) for clause:  medv(A) :- ptratio(A, 1).  [covers 45,0/436,0 pos, 0,0/0,0 neg]
%     Score = -48.749,283055 (regressionFit = 48.749,283054, penalties=1.03E-6) for clause:  medv(A) :- ptratio(A, 3).  [covers 51,0/436,0 pos, 0,0/0,0 neg]
%     Score = -48.886,199388 (regressionFit = 48.886,199387, penalties=1.03E-6) for clause:  medv(A) :- ptratio(A, 4).  [covers 32,0/436,0 pos, 0,0/0,0 neg]
%     Score = -48.102,997441 (regressionFit = 48.102,997440, penalties=1.03E-6) for clause:  medv(A) :- ptratio(A, 5).  [covers 42,0/436,0 pos, 0,0/0,0 neg]
%     Score = -48.813,458315 (regressionFit = 48.813,458314, penalties=1.03E-6) for clause:  medv(A) :- ptratio(A, 10).  [covers 97,0/436,0 pos, 0,0/0,0 neg]
%     Score = -48.617,489609 (regressionFit = 48.617,489608, penalties=1.03E-6) for clause:  medv(A) :- b(A, 3).  [covers 47,0/436,0 pos, 0,0/0,0 neg]
%     Score = -49.056,896316 (regressionFit = 49.056,896315, penalties=1.03E-6) for clause:  medv(A) :- b(A, 1).  [covers 102,0/436,0 pos, 0,0/0,0 neg]
%     Score = -48.875,314253 (regressionFit = 48.875,314252, penalties=1.03E-6) for clause:  medv(A) :- b(A, 9).  [covers 41,0/436,0 pos, 0,0/0,0 neg]
%     Score = -48.952,982125 (regressionFit = 48.952,982124, penalties=1.03E-6) for clause:  medv(A) :- b(A, 6).  [covers 47,0/436,0 pos, 0,0/0,0 neg]
%     Score = -48.934,150171 (regressionFit = 48.934,150170, penalties=1.03E-6) for clause:  medv(A) :- b(A, 2).  [covers 40,0/436,0 pos, 0,0/0,0 neg]
%     Score = -48.773,261396 (regressionFit = 48.773,261395, penalties=1.03E-6) for clause:  medv(A) :- lstat(A, 7).  [covers 38,0/436,0 pos, 0,0/0,0 neg]
%     Score = -47.218,819654 (regressionFit = 47.218,819653, penalties=1.03E-6) for clause:  medv(A) :- lstat(A, 4).  [covers 42,0/436,0 pos, 0,0/0,0 neg]
%     Score = -48.689,332047 (regressionFit = 48.689,332046, penalties=1.03E-6) for clause:  medv(A) :- lstat(A, 6).  [covers 44,0/436,0 pos, 0,0/0,0 neg]
%     Score = -48.738,030906 (regressionFit = 48.738,030905, penalties=1.03E-6) for clause:  medv(A) :- lstat(A, 5).  [covers 39,0/436,0 pos, 0,0/0,0 neg]

% The best node found: medv(A) :- rm(A, 2).  [covers 44,0/436,0 pos, 0,0/0,0 neg]

% The best node found: medv(A) :- rm(A, 2).  [covers 44,0/436,0 pos, 0,0/0,0 neg]
Setting 19.29320939069668 for 
 // Learned this clause on outer loop cycle #4.  It scores=-46.800,09 and has recall=0,10, precision=1,00, and F1=0,18 (using m-estimates).
 // It covers 10,1% of the positive examples, 44 of 436,
 // So far 181 (41,5%) of the positive examples have been covered.
(medv(A) :- rm(A, 2))

% On cycle #4, the best clause found is:
%      medv(A) :- rm(A, 2).  [covers 44,0/436,0 pos, 0,0/0,0 neg]
% This clause covers 44 positive examples, of which 44 are newly covered.
% It also covers 0 negative examples, of which 0 are newly covered.
% The current set of 4 best clauses covers 41,5% of the positive examples and NaN% of the negatives.}

% Have these 10 positive seeds: 19 34 38 72 116 245 373 395 428 433

% target           = medv(A)
%     Score = -Infinity (regressionFit = Infinity, penalties=1.1E-7) for clause:  medv(_).  [covers 436,0/436,0 pos, 0,0/0,0 neg]
% Unacceptable due to being the root node.
% Most-general root: medv(_).  [covers 436,0/436,0 pos, 0,0/0,0 neg]  score = -Infinity
%     Score = -51.894,970822 (regressionFit = 51.894,970821, penalties=1.03E-6) for clause:  medv(A) :- crim(A, 3).  [covers 47,0/436,0 pos, 0,0/0,0 neg]
% Gleaner: New best node found (score = -51.894,970822): medv(A) :- crim(A, 3).  [covers 47,0/436,0 pos, 0,0/0,0 neg]
%     Score = -51.974,380550 (regressionFit = 51.974,380549, penalties=1.03E-6) for clause:  medv(A) :- crim(A, 5).  [covers 49,0/436,0 pos, 0,0/0,0 neg]
%     Score = -51.497,430511 (regressionFit = 51.497,430510, penalties=1.03E-6) for clause:  medv(A) :- crim(A, 8).  [covers 32,0/436,0 pos, 0,0/0,0 neg]
% Gleaner: New best node found (score = -51.497,430511): medv(A) :- crim(A, 8).  [covers 32,0/436,0 pos, 0,0/0,0 neg]
%     Score = -52.086,034468 (regressionFit = 52.086,034467, penalties=1.03E-6) for clause:  medv(A) :- crim(A, 7).  [covers 47,0/436,0 pos, 0,0/0,0 neg]
%     Score = -52.093,153604 (regressionFit = 52.093,153603, penalties=1.03E-6) for clause:  medv(A) :- crim(A, 9).  [covers 32,0/436,0 pos, 0,0/0,0 neg]
%     Score = -51.312,746205 (regressionFit = 51.312,746204, penalties=1.03E-6) for clause:  medv(A) :- crim(A, 4).  [covers 41,0/436,0 pos, 0,0/0,0 neg]
% Gleaner: New best node found (score = -51.312,746205): medv(A) :- crim(A, 4).  [covers 41,0/436,0 pos, 0,0/0,0 neg]
%     Score = -50.456,224549 (regressionFit = 50.456,224548, penalties=1.03E-6) for clause:  medv(A) :- zn(A, 0).  [covers 307,0/436,0 pos, 0,0/0,0 neg]
% Gleaner: New best node found (score = -50.456,224549): medv(A) :- zn(A, 0).  [covers 307,0/436,0 pos, 0,0/0,0 neg]
%     Score = -52.162,745808 (regressionFit = 52.162,745807, penalties=1.03E-6) for clause:  medv(A) :- zn(A, 25).  [covers 10,0/436,0 pos, 0,0/0,0 neg]
%     Score = -51.711,874942 (regressionFit = 51.711,874941, penalties=1.03E-6) for clause:  medv(A) :- zn(A, 12.5).  [covers 10,0/436,0 pos, 0,0/0,0 neg]
%     Score = -50.402,263057 (regressionFit = 50.402,263055, penalties=1.03E-6) for clause:  medv(A) :- indus(A, 6).  [covers 36,0/436,0 pos, 0,0/0,0 neg]
% Gleaner: New best node found (score = -50.402,263057): medv(A) :- indus(A, 6).  [covers 36,0/436,0 pos, 0,0/0,0 neg]
%     Score = -51.835,421904 (regressionFit = 51.835,421903, penalties=1.03E-6) for clause:  medv(A) :- indus(A, 8).  [covers 21,0/436,0 pos, 0,0/0,0 neg]
%     Score = -51.612,400544 (regressionFit = 51.612,400543, penalties=1.03E-6) for clause:  medv(A) :- indus(A, 9).  [covers 29,0/436,0 pos, 0,0/0,0 neg]
%     Score = -51.722,163220 (regressionFit = 51.722,163219, penalties=1.03E-6) for clause:  medv(A) :- indus(A, 3).  [covers 47,0/436,0 pos, 0,0/0,0 neg]
%     Score = -51.169,166763 (regressionFit = 51.169,166762, penalties=1.03E-6) for clause:  medv(A) :- indus(A, 10).  [covers 90,0/436,0 pos, 0,0/0,0 neg]
%     Score = -52.122,691429 (regressionFit = 52.122,691428, penalties=1.03E-6) for clause:  medv(A) :- indus(A, 5).  [covers 48,0/436,0 pos, 0,0/0,0 neg]
%     Score = -50.928,513582 (regressionFit = 50.928,513580, penalties=1.03E-6) for clause:  medv(A) :- indus(A, 1).  [covers 48,0/436,0 pos, 0,0/0,0 neg]
%     Score = -51.967,153987 (regressionFit = 51.967,153986, penalties=1.03E-6) for clause:  medv(A) :- chas(A, 0).  [covers 401,0/436,0 pos, 0,0/0,0 neg]
%     Score = -51.480,737889 (regressionFit = 51.480,737888, penalties=1.03E-6) for clause:  medv(A) :- nox(A, 1).  [covers 47,0/436,0 pos, 0,0/0,0 neg]
%     Score = -51.700,339379 (regressionFit = 51.700,339378, penalties=1.03E-6) for clause:  medv(A) :- nox(A, 8).  [covers 36,0/436,0 pos, 0,0/0,0 neg]
%     Score = -51.954,651771 (regressionFit = 51.954,651770, penalties=1.03E-6) for clause:  medv(A) :- nox(A, 7).  [covers 32,0/436,0 pos, 0,0/0,0 neg]
%     Score = -52.116,590917 (regressionFit = 52.116,590916, penalties=1.03E-6) for clause:  medv(A) :- nox(A, 4).  [covers 48,0/436,0 pos, 0,0/0,0 neg]
%     Score = -52.148,583148 (regressionFit = 52.148,583147, penalties=1.03E-6) for clause:  medv(A) :- nox(A, 9).  [covers 42,0/436,0 pos, 0,0/0,0 neg]
%     Score = -52.165,130772 (regressionFit = 52.165,130771, penalties=1.03E-6) for clause:  medv(A) :- nox(A, 2).  [covers 48,0/436,0 pos, 0,0/0,0 neg]
%     Score = -52.083,282487 (regressionFit = 52.083,282486, penalties=1.03E-6) for clause:  medv(A) :- nox(A, 3).  [covers 43,0/436,0 pos, 0,0/0,0 neg]
%     Score = -48.389,024577 (regressionFit = 48.389,024576, penalties=1.03E-6) for clause:  medv(A) :- rm(A, 6).  [covers 43,0/436,0 pos, 0,0/0,0 neg]
% Gleaner: New best node found (score = -48.389,024577): medv(A) :- rm(A, 6).  [covers 43,0/436,0 pos, 0,0/0,0 neg]
%     Score = -50.574,199189 (regressionFit = 50.574,199188, penalties=1.03E-6) for clause:  medv(A) :- rm(A, 7).  [covers 44,0/436,0 pos, 0,0/0,0 neg]
%     Score = -47.569,276427 (regressionFit = 47.569,276426, penalties=1.03E-6) for clause:  medv(A) :- rm(A, 10).  [covers 40,0/436,0 pos, 0,0/0,0 neg]
% Gleaner: New best node found (score = -47.569,276427): medv(A) :- rm(A, 10).  [covers 40,0/436,0 pos, 0,0/0,0 neg]
%     Score = -49.057,993206 (regressionFit = 49.057,993205, penalties=1.03E-6) for clause:  medv(A) :- rm(A, 8).  [covers 45,0/436,0 pos, 0,0/0,0 neg]
%     Score = -52.169,662994 (regressionFit = 52.169,662993, penalties=1.03E-6) for clause:  medv(A) :- age(A, 4).  [covers 37,0/436,0 pos, 0,0/0,0 neg]
%     Score = -52.121,005458 (regressionFit = 52.121,005457, penalties=1.03E-6) for clause:  medv(A) :- age(A, 7).  [covers 43,0/436,0 pos, 0,0/0,0 neg]
%     Score = -52.057,059567 (regressionFit = 52.057,059566, penalties=1.03E-6) for clause:  medv(A) :- age(A, 5).  [covers 41,0/436,0 pos, 0,0/0,0 neg]
%     Score = -52.179,235004 (regressionFit = 52.179,235003, penalties=1.03E-6) for clause:  medv(A) :- age(A, 10).  [covers 49,0/436,0 pos, 0,0/0,0 neg]
%     Score = -51.972,988997 (regressionFit = 51.972,988996, penalties=1.03E-6) for clause:  medv(A) :- age(A, 6).  [covers 48,0/436,0 pos, 0,0/0,0 neg]
%     Score = -52.177,493430 (regressionFit = 52.177,493429, penalties=1.03E-6) for clause:  medv(A) :- age(A, 3).  [covers 46,0/436,0 pos, 0,0/0,0 neg]
%     Score = -52.155,224587 (regressionFit = 52.155,224586, penalties=1.03E-6) for clause:  medv(A) :- dis(A, 6).  [covers 32,0/436,0 pos, 0,0/0,0 neg]
%     Score = -52.161,719886 (regressionFit = 52.161,719885, penalties=1.03E-6) for clause:  medv(A) :- dis(A, 8).  [covers 42,0/436,0 pos, 0,0/0,0 neg]
%     Score = -51.362,146195 (regressionFit = 51.362,146194, penalties=1.03E-6) for clause:  medv(A) :- dis(A, 7).  [covers 29,0/436,0 pos, 0,0/0,0 neg]
%     Score = -51.827,429263 (regressionFit = 51.827,429262, penalties=1.03E-6) for clause:  medv(A) :- dis(A, 1).  [covers 48,0/436,0 pos, 0,0/0,0 neg]
%     Score = -52.132,371689 (regressionFit = 52.132,371688, penalties=1.03E-6) for clause:  medv(A) :- dis(A, 2).  [covers 50,0/436,0 pos, 0,0/0,0 neg]
%     Score = -51.825,415140 (regressionFit = 51.825,415139, penalties=1.03E-6) for clause:  medv(A) :- dis(A, 5).  [covers 46,0/436,0 pos, 0,0/0,0 neg]
%     Score = -52.147,453427 (regressionFit = 52.147,453426, penalties=1.03E-6) for clause:  medv(A) :- dis(A, 3).  [covers 50,0/436,0 pos, 0,0/0,0 neg]
%     Score = -52.170,529295 (regressionFit = 52.170,529294, penalties=1.03E-6) for clause:  medv(A) :- dis(A, 4).  [covers 45,0/436,0 pos, 0,0/0,0 neg]
%     Score = -52.109,897462 (regressionFit = 52.109,897461, penalties=1.03E-6) for clause:  medv(A) :- rad(A, 6).  [covers 18,0/436,0 pos, 0,0/0,0 neg]
%     Score = -50.872,921017 (regressionFit = 50.872,921016, penalties=1.03E-6) for clause:  medv(A) :- rad(A, 4).  [covers 101,0/436,0 pos, 0,0/0,0 neg]
%     Score = -51.781,002431 (regressionFit = 51.781,002430, penalties=1.03E-6) for clause:  medv(A) :- rad(A, 5).  [covers 112,0/436,0 pos, 0,0/0,0 neg]
%     Score = -51.169,166763 (regressionFit = 51.169,166762, penalties=1.03E-6) for clause:  medv(A) :- rad(A, 24).  [covers 90,0/436,0 pos, 0,0/0,0 neg]
%     Score = -51.697,562040 (regressionFit = 51.697,562039, penalties=1.03E-6) for clause:  medv(A) :- rad(A, 8).  [covers 24,0/436,0 pos, 0,0/0,0 neg]
%     Score = -51.848,841564 (regressionFit = 51.848,841563, penalties=1.03E-6) for clause:  medv(A) :- rad(A, 2).  [covers 23,0/436,0 pos, 0,0/0,0 neg]
%     Score = -51.906,143817 (regressionFit = 51.906,143816, penalties=1.03E-6) for clause:  medv(A) :- tax(A, 432).  [covers 9,0/436,0 pos, 0,0/0,0 neg]
%     Score = -52.128,798218 (regressionFit = 52.128,798217, penalties=1.03E-6) for clause:  medv(A) :- tax(A, 437).  [covers 14,0/436,0 pos, 0,0/0,0 neg]
%     Score = -51.612,400544 (regressionFit = 51.612,400543, penalties=1.03E-6) for clause:  medv(A) :- tax(A, 403).  [covers 29,0/436,0 pos, 0,0/0,0 neg]
%     Score = -50.657,948820 (regressionFit = 50.657,948819, penalties=1.03E-6) for clause:  medv(A) :- tax(A, 277).  [covers 11,0/436,0 pos, 0,0/0,0 neg]
%     Score = -52.161,868045 (regressionFit = 52.161,868044, penalties=1.03E-6) for clause:  medv(A) :- tax(A, 287).  [covers 8,0/436,0 pos, 0,0/0,0 neg]
%     Score = -51.169,166763 (regressionFit = 51.169,166762, penalties=1.03E-6) for clause:  medv(A) :- tax(A, 666).  [covers 90,0/436,0 pos, 0,0/0,0 neg]
%     Score = -52.165,954662 (regressionFit = 52.165,954661, penalties=1.03E-6) for clause:  medv(A) :- tax(A, 284).  [covers 7,0/436,0 pos, 0,0/0,0 neg]
%     Score = -51.926,534588 (regressionFit = 51.926,534587, penalties=1.03E-6) for clause:  medv(A) :- tax(A, 311).  [covers 7,0/436,0 pos, 0,0/0,0 neg]
%     Score = -52.170,915937 (regressionFit = 52.170,915936, penalties=1.03E-6) for clause:  medv(A) :- tax(A, 276).  [covers 9,0/436,0 pos, 0,0/0,0 neg]
%     Score = -52.175,402459 (regressionFit = 52.175,402458, penalties=1.03E-6) for clause:  medv(A) :- ptratio(A, 2).  [covers 47,0/436,0 pos, 0,0/0,0 neg]
%     Score = -52.060,610298 (regressionFit = 52.060,610297, penalties=1.03E-6) for clause:  medv(A) :- ptratio(A, 7).  [covers 16,0/436,0 pos, 0,0/0,0 neg]
%     Score = -52.176,113855 (regressionFit = 52.176,113854, penalties=1.03E-6) for clause:  medv(A) :- ptratio(A, 9).  [covers 50,0/436,0 pos, 0,0/0,0 neg]
%     Score = -51.555,286294 (regressionFit = 51.555,286293, penalties=1.03E-6) for clause:  medv(A) :- ptratio(A, 3).  [covers 51,0/436,0 pos, 0,0/0,0 neg]
%     Score = -51.786,077264 (regressionFit = 51.786,077263, penalties=1.03E-6) for clause:  medv(A) :- ptratio(A, 5).  [covers 42,0/436,0 pos, 0,0/0,0 neg]
%     Score = -51.595,981583 (regressionFit = 51.595,981582, penalties=1.03E-6) for clause:  medv(A) :- ptratio(A, 10).  [covers 97,0/436,0 pos, 0,0/0,0 neg]
%     Score = -52.159,602559 (regressionFit = 52.159,602558, penalties=1.03E-6) for clause:  medv(A) :- ptratio(A, 8).  [covers 8,0/436,0 pos, 0,0/0,0 neg]
%     Score = -51.993,860145 (regressionFit = 51.993,860144, penalties=1.03E-6) for clause:  medv(A) :- ptratio(A, 1).  [covers 45,0/436,0 pos, 0,0/0,0 neg]
%     Score = -52.138,009081 (regressionFit = 52.138,009080, penalties=1.03E-6) for clause:  medv(A) :- b(A, 2).  [covers 40,0/436,0 pos, 0,0/0,0 neg]
%     Score = -52.068,519497 (regressionFit = 52.068,519496, penalties=1.03E-6) for clause:  medv(A) :- b(A, 1).  [covers 102,0/436,0 pos, 0,0/0,0 neg]
%     Score = -52.130,665073 (regressionFit = 52.130,665072, penalties=1.03E-6) for clause:  medv(A) :- b(A, 5).  [covers 46,0/436,0 pos, 0,0/0,0 neg]
%     Score = -51.486,184017 (regressionFit = 51.486,184016, penalties=1.03E-6) for clause:  medv(A) :- b(A, 7).  [covers 40,0/436,0 pos, 0,0/0,0 neg]
%     Score = -52.179,069324 (regressionFit = 52.179,069323, penalties=1.03E-6) for clause:  medv(A) :- b(A, 6).  [covers 47,0/436,0 pos, 0,0/0,0 neg]
%     Score = -52.164,523447 (regressionFit = 52.164,523446, penalties=1.03E-6) for clause:  medv(A) :- b(A, 4).  [covers 27,0/436,0 pos, 0,0/0,0 neg]
%     Score = -50.229,918958 (regressionFit = 50.229,918957, penalties=1.03E-6) for clause:  medv(A) :- lstat(A, 4).  [covers 42,0/436,0 pos, 0,0/0,0 neg]
%     Score = -51.670,886373 (regressionFit = 51.670,886372, penalties=1.03E-6) for clause:  medv(A) :- lstat(A, 5).  [covers 39,0/436,0 pos, 0,0/0,0 neg]
%     Score = -51.574,341045 (regressionFit = 51.574,341043, penalties=1.03E-6) for clause:  medv(A) :- lstat(A, 8).  [covers 44,0/436,0 pos, 0,0/0,0 neg]
%     Score = -51.742,858438 (regressionFit = 51.742,858437, penalties=1.03E-6) for clause:  medv(A) :- lstat(A, 7).  [covers 38,0/436,0 pos, 0,0/0,0 neg]
%     Score = -51.817,624521 (regressionFit = 51.817,624520, penalties=1.03E-6) for clause:  medv(A) :- lstat(A, 2).  [covers 45,0/436,0 pos, 0,0/0,0 neg]
%     Score = -51.926,236298 (regressionFit = 51.926,236297, penalties=1.03E-6) for clause:  medv(A) :- lstat(A, 6).  [covers 44,0/436,0 pos, 0,0/0,0 neg]

% The best node found: medv(A) :- rm(A, 10).  [covers 40,0/436,0 pos, 0,0/0,0 neg]

% The best node found: medv(A) :- rm(A, 10).  [covers 40,0/436,0 pos, 0,0/0,0 neg]
Setting 20.71750001766734 for 
 // Learned this clause on outer loop cycle #5.  It scores=-47.569,28 and has recall=0,09, precision=1,00, and F1=0,17 (using m-estimates).
 // It covers 9,2% of the positive examples, 40 of 436,
 // So far 221 (50,7%) of the positive examples have been covered.
(medv(A) :- rm(A, 10))

% On cycle #5, the best clause found is:
%      medv(A) :- rm(A, 10).  [covers 40,0/436,0 pos, 0,0/0,0 neg]
% This clause covers 40 positive examples, of which 40 are newly covered.
% It also covers 0 negative examples, of which 0 are newly covered.
% The current set of 5 best clauses covers 50,7% of the positive examples and NaN% of the negatives.}

% Have these 9 positive seeds: 20 48 50 52 100 229 315 343 402

% target           = medv(A)
%     Score = -Infinity (regressionFit = Infinity, penalties=1.1E-7) for clause:  medv(_).  [covers 436,0/436,0 pos, 0,0/0,0 neg]
% Unacceptable due to being the root node.
% Most-general root: medv(_).  [covers 436,0/436,0 pos, 0,0/0,0 neg]  score = -Infinity
%     Score = -49.994,259590 (regressionFit = 49.994,259589, penalties=1.03E-6) for clause:  medv(A) :- crim(A, 4).  [covers 41,0/436,0 pos, 0,0/0,0 neg]
% Gleaner: New best node found (score = -49.994,259590): medv(A) :- crim(A, 4).  [covers 41,0/436,0 pos, 0,0/0,0 neg]
%     Score = -49.933,077737 (regressionFit = 49.933,077736, penalties=1.03E-6) for clause:  medv(A) :- crim(A, 8).  [covers 32,0/436,0 pos, 0,0/0,0 neg]
% Gleaner: New best node found (score = -49.933,077737): medv(A) :- crim(A, 8).  [covers 32,0/436,0 pos, 0,0/0,0 neg]
%     Score = -50.561,691976 (regressionFit = 50.561,691975, penalties=1.03E-6) for clause:  medv(A) :- crim(A, 5).  [covers 49,0/436,0 pos, 0,0/0,0 neg]
%     Score = -50.784,343916 (regressionFit = 50.784,343915, penalties=1.03E-6) for clause:  medv(A) :- crim(A, 7).  [covers 47,0/436,0 pos, 0,0/0,0 neg]
%     Score = -49.441,134465 (regressionFit = 49.441,134464, penalties=1.03E-6) for clause:  medv(A) :- crim(A, 10).  [covers 45,0/436,0 pos, 0,0/0,0 neg]
% Gleaner: New best node found (score = -49.441,134465): medv(A) :- crim(A, 10).  [covers 45,0/436,0 pos, 0,0/0,0 neg]
%     Score = -50.713,474646 (regressionFit = 50.713,474645, penalties=1.03E-6) for clause:  medv(A) :- crim(A, 6).  [covers 43,0/436,0 pos, 0,0/0,0 neg]
%     Score = -49.564,408952 (regressionFit = 49.564,408951, penalties=1.03E-6) for clause:  medv(A) :- zn(A, 0).  [covers 307,0/436,0 pos, 0,0/0,0 neg]
%     Score = -50.724,546553 (regressionFit = 50.724,546552, penalties=1.03E-6) for clause:  medv(A) :- zn(A, 80).  [covers 14,0/436,0 pos, 0,0/0,0 neg]
%     Score = -49.515,232044 (regressionFit = 49.515,232043, penalties=1.03E-6) for clause:  medv(A) :- indus(A, 6).  [covers 36,0/436,0 pos, 0,0/0,0 neg]
%     Score = -50.114,522373 (regressionFit = 50.114,522372, penalties=1.03E-6) for clause:  medv(A) :- indus(A, 9).  [covers 29,0/436,0 pos, 0,0/0,0 neg]
%     Score = -49.985,207491 (regressionFit = 49.985,207490, penalties=1.03E-6) for clause:  medv(A) :- indus(A, 3).  [covers 47,0/436,0 pos, 0,0/0,0 neg]
%     Score = -49.684,394747 (regressionFit = 49.684,394746, penalties=1.03E-6) for clause:  medv(A) :- indus(A, 10).  [covers 90,0/436,0 pos, 0,0/0,0 neg]
%     Score = -50.318,475146 (regressionFit = 50.318,475145, penalties=1.03E-6) for clause:  medv(A) :- indus(A, 4).  [covers 49,0/436,0 pos, 0,0/0,0 neg]
%     Score = -50.578,463903 (regressionFit = 50.578,463902, penalties=1.03E-6) for clause:  medv(A) :- chas(A, 0).  [covers 401,0/436,0 pos, 0,0/0,0 neg]
%     Score = -50.578,463903 (regressionFit = 50.578,463902, penalties=1.03E-6) for clause:  medv(A) :- chas(A, 1).  [covers 35,0/436,0 pos, 0,0/0,0 neg]
%     Score = -49.875,488750 (regressionFit = 49.875,488749, penalties=1.03E-6) for clause:  medv(A) :- nox(A, 1).  [covers 47,0/436,0 pos, 0,0/0,0 neg]
%     Score = -50.724,645991 (regressionFit = 50.724,645990, penalties=1.03E-6) for clause:  medv(A) :- nox(A, 9).  [covers 42,0/436,0 pos, 0,0/0,0 neg]
%     Score = -48.604,299964 (regressionFit = 48.604,299963, penalties=1.03E-6) for clause:  medv(A) :- nox(A, 10).  [covers 42,0/436,0 pos, 0,0/0,0 neg]
% Gleaner: New best node found (score = -48.604,299964): medv(A) :- nox(A, 10).  [covers 42,0/436,0 pos, 0,0/0,0 neg]
%     Score = -50.596,337434 (regressionFit = 50.596,337433, penalties=1.03E-6) for clause:  medv(A) :- nox(A, 7).  [covers 32,0/436,0 pos, 0,0/0,0 neg]
%     Score = -50.678,141337 (regressionFit = 50.678,141336, penalties=1.03E-6) for clause:  medv(A) :- nox(A, 6).  [covers 48,0/436,0 pos, 0,0/0,0 neg]
%     Score = -46.434,300430 (regressionFit = 46.434,300429, penalties=1.03E-6) for clause:  medv(A) :- rm(A, 5).  [covers 39,0/436,0 pos, 0,0/0,0 neg]
% Gleaner: New best node found (score = -46.434,300430): medv(A) :- rm(A, 5).  [covers 39,0/436,0 pos, 0,0/0,0 neg]
%     Score = -49.086,259856 (regressionFit = 49.086,259855, penalties=1.03E-6) for clause:  medv(A) :- rm(A, 9).  [covers 44,0/436,0 pos, 0,0/0,0 neg]
%     Score = -47.966,044978 (regressionFit = 47.966,044977, penalties=1.03E-6) for clause:  medv(A) :- rm(A, 7).  [covers 44,0/436,0 pos, 0,0/0,0 neg]
%     Score = -50.809,761604 (regressionFit = 50.809,761603, penalties=1.03E-6) for clause:  medv(A) :- age(A, 2).  [covers 40,0/436,0 pos, 0,0/0,0 neg]
%     Score = -50.642,607484 (regressionFit = 50.642,607483, penalties=1.03E-6) for clause:  medv(A) :- age(A, 6).  [covers 48,0/436,0 pos, 0,0/0,0 neg]
%     Score = -50.814,740418 (regressionFit = 50.814,740417, penalties=1.03E-6) for clause:  medv(A) :- age(A, 5).  [covers 41,0/436,0 pos, 0,0/0,0 neg]
%     Score = -50.812,942498 (regressionFit = 50.812,942497, penalties=1.03E-6) for clause:  medv(A) :- age(A, 8).  [covers 49,0/436,0 pos, 0,0/0,0 neg]
%     Score = -50.811,871237 (regressionFit = 50.811,871236, penalties=1.03E-6) for clause:  medv(A) :- age(A, 4).  [covers 37,0/436,0 pos, 0,0/0,0 neg]
%     Score = -50.776,833874 (regressionFit = 50.776,833873, penalties=1.03E-6) for clause:  medv(A) :- dis(A, 6).  [covers 32,0/436,0 pos, 0,0/0,0 neg]
%     Score = -50.690,495977 (regressionFit = 50.690,495976, penalties=1.03E-6) for clause:  medv(A) :- dis(A, 10).  [covers 51,0/436,0 pos, 0,0/0,0 neg]
%     Score = -50.807,382587 (regressionFit = 50.807,382586, penalties=1.03E-6) for clause:  medv(A) :- dis(A, 4).  [covers 45,0/436,0 pos, 0,0/0,0 neg]
%     Score = -50.757,543102 (regressionFit = 50.757,543101, penalties=1.03E-6) for clause:  medv(A) :- dis(A, 3).  [covers 50,0/436,0 pos, 0,0/0,0 neg]
%     Score = -50.803,728863 (regressionFit = 50.803,728862, penalties=1.03E-6) for clause:  medv(A) :- rad(A, 6).  [covers 18,0/436,0 pos, 0,0/0,0 neg]
%     Score = -50.624,423354 (regressionFit = 50.624,423353, penalties=1.03E-6) for clause:  medv(A) :- rad(A, 5).  [covers 112,0/436,0 pos, 0,0/0,0 neg]
%     Score = -49.785,593545 (regressionFit = 49.785,593544, penalties=1.03E-6) for clause:  medv(A) :- rad(A, 4).  [covers 101,0/436,0 pos, 0,0/0,0 neg]
%     Score = -49.684,394747 (regressionFit = 49.684,394746, penalties=1.03E-6) for clause:  medv(A) :- rad(A, 24).  [covers 90,0/436,0 pos, 0,0/0,0 neg]
%     Score = -50.579,352677 (regressionFit = 50.579,352676, penalties=1.03E-6) for clause:  medv(A) :- tax(A, 432).  [covers 9,0/436,0 pos, 0,0/0,0 neg]
%     Score = -50.114,522373 (regressionFit = 50.114,522372, penalties=1.03E-6) for clause:  medv(A) :- tax(A, 403).  [covers 29,0/436,0 pos, 0,0/0,0 neg]
%     Score = -50.786,738787 (regressionFit = 50.786,738786, penalties=1.03E-6) for clause:  medv(A) :- tax(A, 307).  [covers 39,0/436,0 pos, 0,0/0,0 neg]
%     Score = -50.571,069895 (regressionFit = 50.571,069894, penalties=1.03E-6) for clause:  medv(A) :- tax(A, 304).  [covers 14,0/436,0 pos, 0,0/0,0 neg]
%     Score = -49.684,394747 (regressionFit = 49.684,394746, penalties=1.03E-6) for clause:  medv(A) :- tax(A, 666).  [covers 90,0/436,0 pos, 0,0/0,0 neg]
%     Score = -Infinity (regressionFit = Infinity, penalties=1.03E-6) for clause:  medv(A) :- tax(A, 337).  [covers 2,0/436,0 pos, 0,0/0,0 neg]
%     Score = -50.813,247983 (regressionFit = 50.813,247982, penalties=1.03E-6) for clause:  medv(A) :- ptratio(A, 2).  [covers 47,0/436,0 pos, 0,0/0,0 neg]
%     Score = -50.778,761011 (regressionFit = 50.778,761010, penalties=1.03E-6) for clause:  medv(A) :- ptratio(A, 9).  [covers 50,0/436,0 pos, 0,0/0,0 neg]
%     Score = -50.288,978735 (regressionFit = 50.288,978734, penalties=1.03E-6) for clause:  medv(A) :- ptratio(A, 4).  [covers 32,0/436,0 pos, 0,0/0,0 neg]
%     Score = -50.597,237914 (regressionFit = 50.597,237913, penalties=1.03E-6) for clause:  medv(A) :- ptratio(A, 3).  [covers 51,0/436,0 pos, 0,0/0,0 neg]
%     Score = -49.962,953959 (regressionFit = 49.962,953958, penalties=1.03E-6) for clause:  medv(A) :- ptratio(A, 10).  [covers 97,0/436,0 pos, 0,0/0,0 neg]
%     Score = -50.715,232448 (regressionFit = 50.715,232447, penalties=1.03E-6) for clause:  medv(A) :- ptratio(A, 1).  [covers 45,0/436,0 pos, 0,0/0,0 neg]
%     Score = -50.813,769032 (regressionFit = 50.813,769031, penalties=1.03E-6) for clause:  medv(A) :- b(A, 3).  [covers 47,0/436,0 pos, 0,0/0,0 neg]
%     Score = -50.760,100837 (regressionFit = 50.760,100836, penalties=1.03E-6) for clause:  medv(A) :- b(A, 1).  [covers 102,0/436,0 pos, 0,0/0,0 neg]
%     Score = -50.519,919805 (regressionFit = 50.519,919804, penalties=1.03E-6) for clause:  medv(A) :- b(A, 7).  [covers 40,0/436,0 pos, 0,0/0,0 neg]
%     Score = -50.811,418868 (regressionFit = 50.811,418867, penalties=1.03E-6) for clause:  medv(A) :- b(A, 4).  [covers 27,0/436,0 pos, 0,0/0,0 neg]
%     Score = -50.610,551547 (regressionFit = 50.610,551546, penalties=1.03E-6) for clause:  medv(A) :- b(A, 8).  [covers 46,0/436,0 pos, 0,0/0,0 neg]
%     Score = -50.485,318890 (regressionFit = 50.485,318889, penalties=1.03E-6) for clause:  medv(A) :- lstat(A, 8).  [covers 44,0/436,0 pos, 0,0/0,0 neg]
%     Score = -50.807,757071 (regressionFit = 50.807,757070, penalties=1.03E-6) for clause:  medv(A) :- lstat(A, 6).  [covers 44,0/436,0 pos, 0,0/0,0 neg]
%     Score = -50.668,973590 (regressionFit = 50.668,973588, penalties=1.03E-6) for clause:  medv(A) :- lstat(A, 7).  [covers 38,0/436,0 pos, 0,0/0,0 neg]
%     Score = -48.907,680264 (regressionFit = 48.907,680263, penalties=1.03E-6) for clause:  medv(A) :- lstat(A, 4).  [covers 42,0/436,0 pos, 0,0/0,0 neg]
%     Score = -50.522,845023 (regressionFit = 50.522,845022, penalties=1.03E-6) for clause:  medv(A) :- lstat(A, 5).  [covers 39,0/436,0 pos, 0,0/0,0 neg]

% The best node found: medv(A) :- rm(A, 5).  [covers 39,0/436,0 pos, 0,0/0,0 neg]

% The best node found: medv(A) :- rm(A, 5).  [covers 39,0/436,0 pos, 0,0/0,0 neg]
Setting 18.6974442170073 for 
 // Learned this clause on outer loop cycle #6.  It scores=-46.434,30 and has recall=0,09, precision=1,00, and F1=0,16 (using m-estimates).
 // It covers 8,9% of the positive examples, 39 of 436,
 // So far 260 (59,6%) of the positive examples have been covered.
(medv(A) :- rm(A, 5))

% On cycle #6, the best clause found is:
%      medv(A) :- rm(A, 5).  [covers 39,0/436,0 pos, 0,0/0,0 neg]
% This clause covers 39 positive examples, of which 39 are newly covered.
% It also covers 0 negative examples, of which 0 are newly covered.
% The current set of 6 best clauses covers 59,6% of the positive examples and NaN% of the negatives.}

% Have these 10 positive seeds: 5 9 18 82 232 299 311 312 327 416

% target           = medv(A)
%     Score = -Infinity (regressionFit = Infinity, penalties=1.1E-7) for clause:  medv(_).  [covers 436,0/436,0 pos, 0,0/0,0 neg]
% Unacceptable due to being the root node.
% Most-general root: medv(_).  [covers 436,0/436,0 pos, 0,0/0,0 neg]  score = -Infinity
%     Score = -48.329,675946 (regressionFit = 48.329,675945, penalties=1.03E-6) for clause:  medv(A) :- crim(A, 4).  [covers 41,0/436,0 pos, 0,0/0,0 neg]
% Gleaner: New best node found (score = -48.329,675946): medv(A) :- crim(A, 4).  [covers 41,0/436,0 pos, 0,0/0,0 neg]
%     Score = -48.150,496483 (regressionFit = 48.150,496482, penalties=1.03E-6) for clause:  medv(A) :- crim(A, 3).  [covers 47,0/436,0 pos, 0,0/0,0 neg]
% Gleaner: New best node found (score = -48.150,496483): medv(A) :- crim(A, 3).  [covers 47,0/436,0 pos, 0,0/0,0 neg]
%     Score = -48.448,325047 (regressionFit = 48.448,325046, penalties=1.03E-6) for clause:  medv(A) :- crim(A, 2).  [covers 51,0/436,0 pos, 0,0/0,0 neg]
%     Score = -48.191,802156 (regressionFit = 48.191,802155, penalties=1.03E-6) for clause:  medv(A) :- crim(A, 5).  [covers 49,0/436,0 pos, 0,0/0,0 neg]
%     Score = -47.513,284721 (regressionFit = 47.513,284720, penalties=1.03E-6) for clause:  medv(A) :- crim(A, 10).  [covers 45,0/436,0 pos, 0,0/0,0 neg]
% Gleaner: New best node found (score = -47.513,284721): medv(A) :- crim(A, 10).  [covers 45,0/436,0 pos, 0,0/0,0 neg]
%     Score = -48.267,395903 (regressionFit = 48.267,395902, penalties=1.03E-6) for clause:  medv(A) :- crim(A, 9).  [covers 32,0/436,0 pos, 0,0/0,0 neg]
%     Score = -47.780,698865 (regressionFit = 47.780,698864, penalties=1.03E-6) for clause:  medv(A) :- zn(A, 0).  [covers 307,0/436,0 pos, 0,0/0,0 neg]
%     Score = -48.256,956149 (regressionFit = 48.256,956148, penalties=1.03E-6) for clause:  medv(A) :- indus(A, 3).  [covers 47,0/436,0 pos, 0,0/0,0 neg]
%     Score = -47.916,460623 (regressionFit = 47.916,460622, penalties=1.03E-6) for clause:  medv(A) :- indus(A, 6).  [covers 36,0/436,0 pos, 0,0/0,0 neg]
%     Score = -48.319,655896 (regressionFit = 48.319,655895, penalties=1.03E-6) for clause:  medv(A) :- indus(A, 4).  [covers 49,0/436,0 pos, 0,0/0,0 neg]
%     Score = -47.872,499320 (regressionFit = 47.872,499319, penalties=1.03E-6) for clause:  medv(A) :- indus(A, 10).  [covers 90,0/436,0 pos, 0,0/0,0 neg]
%     Score = -48.446,829686 (regressionFit = 48.446,829685, penalties=1.03E-6) for clause:  medv(A) :- indus(A, 7).  [covers 17,0/436,0 pos, 0,0/0,0 neg]
%     Score = -48.115,858633 (regressionFit = 48.115,858632, penalties=1.03E-6) for clause:  medv(A) :- chas(A, 0).  [covers 401,0/436,0 pos, 0,0/0,0 neg]
%     Score = -48.472,716111 (regressionFit = 48.472,716110, penalties=1.03E-6) for clause:  medv(A) :- nox(A, 3).  [covers 43,0/436,0 pos, 0,0/0,0 neg]
%     Score = -47.970,973177 (regressionFit = 47.970,973176, penalties=1.03E-6) for clause:  medv(A) :- nox(A, 1).  [covers 47,0/436,0 pos, 0,0/0,0 neg]
%     Score = -47.588,239716 (regressionFit = 47.588,239715, penalties=1.03E-6) for clause:  medv(A) :- nox(A, 8).  [covers 36,0/436,0 pos, 0,0/0,0 neg]
%     Score = -46.480,860557 (regressionFit = 46.480,860556, penalties=1.03E-6) for clause:  medv(A) :- nox(A, 10).  [covers 42,0/436,0 pos, 0,0/0,0 neg]
% Gleaner: New best node found (score = -46.480,860557): medv(A) :- nox(A, 10).  [covers 42,0/436,0 pos, 0,0/0,0 neg]
%     Score = -48.254,324065 (regressionFit = 48.254,324064, penalties=1.03E-6) for clause:  medv(A) :- nox(A, 5).  [covers 50,0/436,0 pos, 0,0/0,0 neg]
%     Score = -41.040,992823 (regressionFit = 41.040,992822, penalties=1.03E-6) for clause:  medv(A) :- rm(A, 6).  [covers 43,0/436,0 pos, 0,0/0,0 neg]
% Gleaner: New best node found (score = -41.040,992823): medv(A) :- rm(A, 6).  [covers 43,0/436,0 pos, 0,0/0,0 neg]
%     Score = -41.888,885405 (regressionFit = 41.888,885404, penalties=1.03E-6) for clause:  medv(A) :- rm(A, 8).  [covers 45,0/436,0 pos, 0,0/0,0 neg]
%     Score = -45.642,348234 (regressionFit = 45.642,348233, penalties=1.03E-6) for clause:  medv(A) :- rm(A, 9).  [covers 44,0/436,0 pos, 0,0/0,0 neg]
%     Score = -48.406,018097 (regressionFit = 48.406,018096, penalties=1.03E-6) for clause:  medv(A) :- age(A, 9).  [covers 40,0/436,0 pos, 0,0/0,0 neg]
%     Score = -48.315,502203 (regressionFit = 48.315,502201, penalties=1.03E-6) for clause:  medv(A) :- age(A, 2).  [covers 40,0/436,0 pos, 0,0/0,0 neg]
%     Score = -48.473,344525 (regressionFit = 48.473,344524, penalties=1.03E-6) for clause:  medv(A) :- age(A, 4).  [covers 37,0/436,0 pos, 0,0/0,0 neg]
%     Score = -48.160,189224 (regressionFit = 48.160,189223, penalties=1.03E-6) for clause:  medv(A) :- age(A, 1).  [covers 43,0/436,0 pos, 0,0/0,0 neg]
%     Score = -48.391,859324 (regressionFit = 48.391,859323, penalties=1.03E-6) for clause:  medv(A) :- age(A, 6).  [covers 48,0/436,0 pos, 0,0/0,0 neg]
%     Score = -48.351,860922 (regressionFit = 48.351,860921, penalties=1.03E-6) for clause:  medv(A) :- age(A, 5).  [covers 41,0/436,0 pos, 0,0/0,0 neg]
%     Score = -48.451,298808 (regressionFit = 48.451,298807, penalties=1.03E-6) for clause:  medv(A) :- age(A, 8).  [covers 49,0/436,0 pos, 0,0/0,0 neg]
%     Score = -48.448,268691 (regressionFit = 48.448,268690, penalties=1.03E-6) for clause:  medv(A) :- dis(A, 6).  [covers 32,0/436,0 pos, 0,0/0,0 neg]
%     Score = -48.119,640638 (regressionFit = 48.119,640637, penalties=1.03E-6) for clause:  medv(A) :- dis(A, 8).  [covers 42,0/436,0 pos, 0,0/0,0 neg]
%     Score = -47.418,309350 (regressionFit = 47.418,309348, penalties=1.03E-6) for clause:  medv(A) :- dis(A, 7).  [covers 29,0/436,0 pos, 0,0/0,0 neg]
%     Score = -48.036,597468 (regressionFit = 48.036,597467, penalties=1.03E-6) for clause:  medv(A) :- dis(A, 10).  [covers 51,0/436,0 pos, 0,0/0,0 neg]
%     Score = -48.444,788257 (regressionFit = 48.444,788255, penalties=1.03E-6) for clause:  medv(A) :- dis(A, 1).  [covers 48,0/436,0 pos, 0,0/0,0 neg]
%     Score = -48.289,223248 (regressionFit = 48.289,223247, penalties=1.03E-6) for clause:  medv(A) :- rad(A, 5).  [covers 112,0/436,0 pos, 0,0/0,0 neg]
%     Score = -48.480,259097 (regressionFit = 48.480,259096, penalties=1.03E-6) for clause:  medv(A) :- rad(A, 6).  [covers 18,0/436,0 pos, 0,0/0,0 neg]
%     Score = -47.920,623108 (regressionFit = 47.920,623107, penalties=1.03E-6) for clause:  medv(A) :- rad(A, 4).  [covers 101,0/436,0 pos, 0,0/0,0 neg]
%     Score = -47.872,499320 (regressionFit = 47.872,499319, penalties=1.03E-6) for clause:  medv(A) :- rad(A, 24).  [covers 90,0/436,0 pos, 0,0/0,0 neg]
%     Score = -48.379,059961 (regressionFit = 48.379,059960, penalties=1.03E-6) for clause:  medv(A) :- tax(A, 384).  [covers 11,0/436,0 pos, 0,0/0,0 neg]
%     Score = -48.281,359089 (regressionFit = 48.281,359088, penalties=1.03E-6) for clause:  medv(A) :- tax(A, 432).  [covers 9,0/436,0 pos, 0,0/0,0 neg]
%     Score = -48.480,515900 (regressionFit = 48.480,515899, penalties=1.03E-6) for clause:  medv(A) :- tax(A, 296).  [covers 8,0/436,0 pos, 0,0/0,0 neg]
%     Score = -48.435,253872 (regressionFit = 48.435,253871, penalties=1.03E-6) for clause:  medv(A) :- tax(A, 304).  [covers 14,0/436,0 pos, 0,0/0,0 neg]
%     Score = -47.872,499320 (regressionFit = 47.872,499319, penalties=1.03E-6) for clause:  medv(A) :- tax(A, 666).  [covers 90,0/436,0 pos, 0,0/0,0 neg]
%     Score = -48.379,824399 (regressionFit = 48.379,824398, penalties=1.03E-6) for clause:  medv(A) :- tax(A, 398).  [covers 12,0/436,0 pos, 0,0/0,0 neg]
%     Score = -48.118,695322 (regressionFit = 48.118,695321, penalties=1.03E-6) for clause:  medv(A) :- ptratio(A, 4).  [covers 32,0/436,0 pos, 0,0/0,0 neg]
%     Score = -48.475,519275 (regressionFit = 48.475,519274, penalties=1.03E-6) for clause:  medv(A) :- ptratio(A, 2).  [covers 47,0/436,0 pos, 0,0/0,0 neg]
%     Score = -48.117,444136 (regressionFit = 48.117,444135, penalties=1.03E-6) for clause:  medv(A) :- ptratio(A, 6).  [covers 48,0/436,0 pos, 0,0/0,0 neg]
%     Score = -48.365,207800 (regressionFit = 48.365,207799, penalties=1.03E-6) for clause:  medv(A) :- ptratio(A, 3).  [covers 51,0/436,0 pos, 0,0/0,0 neg]
%     Score = -47.826,464782 (regressionFit = 47.826,464781, penalties=1.03E-6) for clause:  medv(A) :- ptratio(A, 10).  [covers 97,0/436,0 pos, 0,0/0,0 neg]
%     Score = -48.375,697622 (regressionFit = 48.375,697621, penalties=1.03E-6) for clause:  medv(A) :- b(A, 3).  [covers 47,0/436,0 pos, 0,0/0,0 neg]
%     Score = -48.401,060172 (regressionFit = 48.401,060171, penalties=1.03E-6) for clause:  medv(A) :- b(A, 5).  [covers 46,0/436,0 pos, 0,0/0,0 neg]
%     Score = -48.091,678072 (regressionFit = 48.091,678071, penalties=1.03E-6) for clause:  medv(A) :- b(A, 9).  [covers 41,0/436,0 pos, 0,0/0,0 neg]
%     Score = -48.477,555606 (regressionFit = 48.477,555605, penalties=1.03E-6) for clause:  medv(A) :- b(A, 2).  [covers 40,0/436,0 pos, 0,0/0,0 neg]
%     Score = -48.455,435176 (regressionFit = 48.455,435175, penalties=1.03E-6) for clause:  medv(A) :- b(A, 1).  [covers 102,0/436,0 pos, 0,0/0,0 neg]
%     Score = -48.396,433517 (regressionFit = 48.396,433516, penalties=1.03E-6) for clause:  medv(A) :- b(A, 7).  [covers 40,0/436,0 pos, 0,0/0,0 neg]
%     Score = -48.348,487623 (regressionFit = 48.348,487622, penalties=1.03E-6) for clause:  medv(A) :- b(A, 4).  [covers 27,0/436,0 pos, 0,0/0,0 neg]
%     Score = -48.041,025514 (regressionFit = 48.041,025513, penalties=1.03E-6) for clause:  medv(A) :- lstat(A, 10).  [covers 38,0/436,0 pos, 0,0/0,0 neg]
%     Score = -48.431,707833 (regressionFit = 48.431,707832, penalties=1.03E-6) for clause:  medv(A) :- lstat(A, 7).  [covers 38,0/436,0 pos, 0,0/0,0 neg]
%     Score = -48.480,573173 (regressionFit = 48.480,573172, penalties=1.03E-6) for clause:  medv(A) :- lstat(A, 8).  [covers 44,0/436,0 pos, 0,0/0,0 neg]
%     Score = -47.309,844056 (regressionFit = 47.309,844055, penalties=1.03E-6) for clause:  medv(A) :- lstat(A, 1).  [covers 49,0/436,0 pos, 0,0/0,0 neg]
%     Score = -48.443,585428 (regressionFit = 48.443,585427, penalties=1.03E-6) for clause:  medv(A) :- lstat(A, 6).  [covers 44,0/436,0 pos, 0,0/0,0 neg]
%     Score = -48.098,840514 (regressionFit = 48.098,840513, penalties=1.03E-6) for clause:  medv(A) :- lstat(A, 2).  [covers 45,0/436,0 pos, 0,0/0,0 neg]

% The best node found: medv(A) :- rm(A, 6).  [covers 43,0/436,0 pos, 0,0/0,0 neg]

% The best node found: medv(A) :- rm(A, 6).  [covers 43,0/436,0 pos, 0,0/0,0 neg]
Setting 19.400005945094577 for 
 // Learned this clause on outer loop cycle #7.  It scores=-41.040,99 and has recall=0,10, precision=1,00, and F1=0,18 (using m-estimates).
 // It covers 9,9% of the positive examples, 43 of 436,
 // So far 303 (69,5%) of the positive examples have been covered.
(medv(A) :- rm(A, 6))

% On cycle #7, the best clause found is:
%      medv(A) :- rm(A, 6).  [covers 43,0/436,0 pos, 0,0/0,0 neg]
% This clause covers 43 positive examples, of which 43 are newly covered.
% It also covers 0 negative examples, of which 0 are newly covered.
% The current set of 7 best clauses covers 69,5% of the positive examples and NaN% of the negatives.}

% Have these 9 positive seeds: 32 52 78 128 254 316 337 339 381

% target           = medv(A)
%     Score = -Infinity (regressionFit = Infinity, penalties=1.1E-7) for clause:  medv(_).  [covers 436,0/436,0 pos, 0,0/0,0 neg]
% Unacceptable due to being the root node.
% Most-general root: medv(_).  [covers 436,0/436,0 pos, 0,0/0,0 neg]  score = -Infinity
%     Score = -42.078,647305 (regressionFit = 42.078,647304, penalties=1.03E-6) for clause:  medv(A) :- crim(A, 4).  [covers 41,0/436,0 pos, 0,0/0,0 neg]
% Gleaner: New best node found (score = -42.078,647305): medv(A) :- crim(A, 4).  [covers 41,0/436,0 pos, 0,0/0,0 neg]
%     Score = -41.361,672365 (regressionFit = 41.361,672364, penalties=1.03E-6) for clause:  medv(A) :- crim(A, 8).  [covers 32,0/436,0 pos, 0,0/0,0 neg]
% Gleaner: New best node found (score = -41.361,672365): medv(A) :- crim(A, 8).  [covers 32,0/436,0 pos, 0,0/0,0 neg]
%     Score = -42.137,444097 (regressionFit = 42.137,444096, penalties=1.03E-6) for clause:  medv(A) :- crim(A, 6).  [covers 43,0/436,0 pos, 0,0/0,0 neg]
%     Score = -41.922,939711 (regressionFit = 41.922,939710, penalties=1.03E-6) for clause:  medv(A) :- crim(A, 9).  [covers 32,0/436,0 pos, 0,0/0,0 neg]
%     Score = -41.673,383204 (regressionFit = 41.673,383203, penalties=1.03E-6) for clause:  medv(A) :- crim(A, 10).  [covers 45,0/436,0 pos, 0,0/0,0 neg]
%     Score = -41.949,313795 (regressionFit = 41.949,313794, penalties=1.03E-6) for clause:  medv(A) :- zn(A, 0).  [covers 307,0/436,0 pos, 0,0/0,0 neg]
%     Score = -42.216,717392 (regressionFit = 42.216,717391, penalties=1.03E-6) for clause:  medv(A) :- zn(A, 35).  [covers 3,0/436,0 pos, 0,0/0,0 neg]
%     Score = -42.148,048912 (regressionFit = 42.148,048911, penalties=1.03E-6) for clause:  medv(A) :- indus(A, 8).  [covers 21,0/436,0 pos, 0,0/0,0 neg]
%     Score = -41.459,879846 (regressionFit = 41.459,879845, penalties=1.03E-6) for clause:  medv(A) :- indus(A, 9).  [covers 29,0/436,0 pos, 0,0/0,0 neg]
%     Score = -42.214,856262 (regressionFit = 42.214,856261, penalties=1.03E-6) for clause:  medv(A) :- indus(A, 7).  [covers 17,0/436,0 pos, 0,0/0,0 neg]
%     Score = -42.222,312354 (regressionFit = 42.222,312353, penalties=1.03E-6) for clause:  medv(A) :- indus(A, 2).  [covers 51,0/436,0 pos, 0,0/0,0 neg]
%     Score = -41.720,044875 (regressionFit = 41.720,044874, penalties=1.03E-6) for clause:  medv(A) :- indus(A, 10).  [covers 90,0/436,0 pos, 0,0/0,0 neg]
%     Score = -41.936,336386 (regressionFit = 41.936,336385, penalties=1.03E-6) for clause:  medv(A) :- chas(A, 0).  [covers 401,0/436,0 pos, 0,0/0,0 neg]
%     Score = -41.936,336386 (regressionFit = 41.936,336385, penalties=1.03E-6) for clause:  medv(A) :- chas(A, 1).  [covers 35,0/436,0 pos, 0,0/0,0 neg]
%     Score = -41.226,169508 (regressionFit = 41.226,169507, penalties=1.03E-6) for clause:  medv(A) :- nox(A, 8).  [covers 36,0/436,0 pos, 0,0/0,0 neg]
% Gleaner: New best node found (score = -41.226,169508): medv(A) :- nox(A, 8).  [covers 36,0/436,0 pos, 0,0/0,0 neg]
%     Score = -42.184,329888 (regressionFit = 42.184,329887, penalties=1.03E-6) for clause:  medv(A) :- nox(A, 9).  [covers 42,0/436,0 pos, 0,0/0,0 neg]
%     Score = -41.749,545826 (regressionFit = 41.749,545825, penalties=1.03E-6) for clause:  medv(A) :- nox(A, 7).  [covers 32,0/436,0 pos, 0,0/0,0 neg]
%     Score = -41.891,244794 (regressionFit = 41.891,244793, penalties=1.03E-6) for clause:  medv(A) :- nox(A, 1).  [covers 47,0/436,0 pos, 0,0/0,0 neg]
%     Score = -42.000,646666 (regressionFit = 42.000,646665, penalties=1.03E-6) for clause:  medv(A) :- nox(A, 5).  [covers 50,0/436,0 pos, 0,0/0,0 neg]
%     Score = -39.984,376137 (regressionFit = 39.984,376136, penalties=1.03E-6) for clause:  medv(A) :- nox(A, 10).  [covers 42,0/436,0 pos, 0,0/0,0 neg]
% Gleaner: New best node found (score = -39.984,376137): medv(A) :- nox(A, 10).  [covers 42,0/436,0 pos, 0,0/0,0 neg]
%     Score = -42.226,377658 (regressionFit = 42.226,377657, penalties=1.03E-6) for clause:  medv(A) :- nox(A, 2).  [covers 48,0/436,0 pos, 0,0/0,0 neg]
%     Score = -36.077,323369 (regressionFit = 36.077,323368, penalties=1.03E-6) for clause:  medv(A) :- rm(A, 7).  [covers 44,0/436,0 pos, 0,0/0,0 neg]
% Gleaner: New best node found (score = -36.077,323369): medv(A) :- rm(A, 7).  [covers 44,0/436,0 pos, 0,0/0,0 neg]
%     Score = -33.256,826813 (regressionFit = 33.256,826812, penalties=1.03E-6) for clause:  medv(A) :- rm(A, 8).  [covers 45,0/436,0 pos, 0,0/0,0 neg]
% Gleaner: New best node found (score = -33.256,826813): medv(A) :- rm(A, 8).  [covers 45,0/436,0 pos, 0,0/0,0 neg]
%     Score = -37.789,446209 (regressionFit = 37.789,446208, penalties=1.03E-6) for clause:  medv(A) :- rm(A, 9).  [covers 44,0/436,0 pos, 0,0/0,0 neg]
%     Score = -42.206,790422 (regressionFit = 42.206,790421, penalties=1.03E-6) for clause:  medv(A) :- age(A, 5).  [covers 41,0/436,0 pos, 0,0/0,0 neg]
%     Score = -42.230,218478 (regressionFit = 42.230,218477, penalties=1.03E-6) for clause:  medv(A) :- age(A, 6).  [covers 48,0/436,0 pos, 0,0/0,0 neg]
%     Score = -42.146,464115 (regressionFit = 42.146,464114, penalties=1.03E-6) for clause:  medv(A) :- age(A, 1).  [covers 43,0/436,0 pos, 0,0/0,0 neg]
%     Score = -42.171,190035 (regressionFit = 42.171,190034, penalties=1.03E-6) for clause:  medv(A) :- age(A, 8).  [covers 49,0/436,0 pos, 0,0/0,0 neg]
%     Score = -41.728,509487 (regressionFit = 41.728,509486, penalties=1.03E-6) for clause:  medv(A) :- dis(A, 9).  [covers 43,0/436,0 pos, 0,0/0,0 neg]
%     Score = -41.507,275123 (regressionFit = 41.507,275122, penalties=1.03E-6) for clause:  medv(A) :- dis(A, 10).  [covers 51,0/436,0 pos, 0,0/0,0 neg]
%     Score = -41.938,643272 (regressionFit = 41.938,643271, penalties=1.03E-6) for clause:  medv(A) :- dis(A, 7).  [covers 29,0/436,0 pos, 0,0/0,0 neg]
%     Score = -42.232,204262 (regressionFit = 42.232,204261, penalties=1.03E-6) for clause:  medv(A) :- dis(A, 6).  [covers 32,0/436,0 pos, 0,0/0,0 neg]
%     Score = -42.203,106861 (regressionFit = 42.203,106860, penalties=1.03E-6) for clause:  medv(A) :- dis(A, 3).  [covers 50,0/436,0 pos, 0,0/0,0 neg]
%     Score = -42.230,843189 (regressionFit = 42.230,843188, penalties=1.03E-6) for clause:  medv(A) :- dis(A, 2).  [covers 50,0/436,0 pos, 0,0/0,0 neg]
%     Score = -41.776,075424 (regressionFit = 41.776,075423, penalties=1.03E-6) for clause:  medv(A) :- rad(A, 4).  [covers 101,0/436,0 pos, 0,0/0,0 neg]
%     Score = -42.038,913661 (regressionFit = 42.038,913660, penalties=1.03E-6) for clause:  medv(A) :- rad(A, 5).  [covers 112,0/436,0 pos, 0,0/0,0 neg]
%     Score = -42.132,086069 (regressionFit = 42.132,086068, penalties=1.03E-6) for clause:  medv(A) :- rad(A, 1).  [covers 15,0/436,0 pos, 0,0/0,0 neg]
%     Score = -41.720,044875 (regressionFit = 41.720,044874, penalties=1.03E-6) for clause:  medv(A) :- rad(A, 24).  [covers 90,0/436,0 pos, 0,0/0,0 neg]
%     Score = -41.985,772724 (regressionFit = 41.985,772723, penalties=1.03E-6) for clause:  medv(A) :- rad(A, 3).  [covers 37,0/436,0 pos, 0,0/0,0 neg]
%     Score = -42.232,601010 (regressionFit = 42.232,601009, penalties=1.03E-6) for clause:  medv(A) :- tax(A, 437).  [covers 14,0/436,0 pos, 0,0/0,0 neg]
%     Score = -41.459,879846 (regressionFit = 41.459,879845, penalties=1.03E-6) for clause:  medv(A) :- tax(A, 403).  [covers 29,0/436,0 pos, 0,0/0,0 neg]
%     Score = -42.232,984637 (regressionFit = 42.232,984636, penalties=1.03E-6) for clause:  medv(A) :- tax(A, 276).  [covers 9,0/436,0 pos, 0,0/0,0 neg]
%     Score = -42.220,949952 (regressionFit = 42.220,949951, penalties=1.03E-6) for clause:  medv(A) :- tax(A, 304).  [covers 14,0/436,0 pos, 0,0/0,0 neg]
%     Score = -41.720,044875 (regressionFit = 41.720,044874, penalties=1.03E-6) for clause:  medv(A) :- tax(A, 666).  [covers 90,0/436,0 pos, 0,0/0,0 neg]
%     Score = -42.142,754289 (regressionFit = 42.142,754287, penalties=1.03E-6) for clause:  medv(A) :- tax(A, 233).  [covers 9,0/436,0 pos, 0,0/0,0 neg]
%     Score = -42.175,409589 (regressionFit = 42.175,409588, penalties=1.03E-6) for clause:  medv(A) :- ptratio(A, 7).  [covers 16,0/436,0 pos, 0,0/0,0 neg]
%     Score = -41.994,242079 (regressionFit = 41.994,242078, penalties=1.03E-6) for clause:  medv(A) :- ptratio(A, 9).  [covers 50,0/436,0 pos, 0,0/0,0 neg]
%     Score = -42.202,628304 (regressionFit = 42.202,628303, penalties=1.03E-6) for clause:  medv(A) :- ptratio(A, 1).  [covers 45,0/436,0 pos, 0,0/0,0 neg]
%     Score = -41.948,127931 (regressionFit = 41.948,127930, penalties=1.03E-6) for clause:  medv(A) :- ptratio(A, 6).  [covers 48,0/436,0 pos, 0,0/0,0 neg]
%     Score = -41.745,617878 (regressionFit = 41.745,617877, penalties=1.03E-6) for clause:  medv(A) :- ptratio(A, 10).  [covers 97,0/436,0 pos, 0,0/0,0 neg]
%     Score = -42.229,612641 (regressionFit = 42.229,612640, penalties=1.03E-6) for clause:  medv(A) :- ptratio(A, 2).  [covers 47,0/436,0 pos, 0,0/0,0 neg]
%     Score = -42.206,595843 (regressionFit = 42.206,595842, penalties=1.03E-6) for clause:  medv(A) :- b(A, 2).  [covers 40,0/436,0 pos, 0,0/0,0 neg]
%     Score = -41.739,028524 (regressionFit = 41.739,028523, penalties=1.03E-6) for clause:  medv(A) :- b(A, 7).  [covers 40,0/436,0 pos, 0,0/0,0 neg]
%     Score = -41.368,102622 (regressionFit = 41.368,102621, penalties=1.03E-6) for clause:  medv(A) :- b(A, 9).  [covers 41,0/436,0 pos, 0,0/0,0 neg]
%     Score = -42.232,960907 (regressionFit = 42.232,960906, penalties=1.03E-6) for clause:  medv(A) :- b(A, 3).  [covers 47,0/436,0 pos, 0,0/0,0 neg]
%     Score = -42.232,741922 (regressionFit = 42.232,741921, penalties=1.03E-6) for clause:  medv(A) :- b(A, 1).  [covers 102,0/436,0 pos, 0,0/0,0 neg]
%     Score = -41.975,636294 (regressionFit = 41.975,636293, penalties=1.03E-6) for clause:  medv(A) :- lstat(A, 7).  [covers 38,0/436,0 pos, 0,0/0,0 neg]
%     Score = -41.763,004795 (regressionFit = 41.763,004794, penalties=1.03E-6) for clause:  medv(A) :- lstat(A, 4).  [covers 42,0/436,0 pos, 0,0/0,0 neg]
%     Score = -42.184,558220 (regressionFit = 42.184,558219, penalties=1.03E-6) for clause:  medv(A) :- lstat(A, 10).  [covers 38,0/436,0 pos, 0,0/0,0 neg]
%     Score = -41.723,868310 (regressionFit = 41.723,868309, penalties=1.03E-6) for clause:  medv(A) :- lstat(A, 5).  [covers 39,0/436,0 pos, 0,0/0,0 neg]
%     Score = -42.128,652147 (regressionFit = 42.128,652146, penalties=1.03E-6) for clause:  medv(A) :- lstat(A, 6).  [covers 44,0/436,0 pos, 0,0/0,0 neg]
%     Score = -42.231,618294 (regressionFit = 42.231,618293, penalties=1.03E-6) for clause:  medv(A) :- lstat(A, 8).  [covers 44,0/436,0 pos, 0,0/0,0 neg]

% The best node found: medv(A) :- rm(A, 8).  [covers 45,0/436,0 pos, 0,0/0,0 neg]

% The best node found: medv(A) :- rm(A, 8).  [covers 45,0/436,0 pos, 0,0/0,0 neg]
Setting 18.37338997420725 for 
 // Learned this clause on outer loop cycle #8.  It scores=-33.256,83 and has recall=0,10, precision=1,00, and F1=0,19 (using m-estimates).
 // It covers 10,3% of the positive examples, 45 of 436,
 // So far 348 (79,8%) of the positive examples have been covered.
(medv(A) :- rm(A, 8))

% On cycle #8, the best clause found is:
%      medv(A) :- rm(A, 8).  [covers 45,0/436,0 pos, 0,0/0,0 neg]
% This clause covers 45 positive examples, of which 45 are newly covered.
% It also covers 0 negative examples, of which 0 are newly covered.
% The current set of 8 best clauses covers 79,8% of the positive examples and NaN% of the negatives.}

% Have these 10 positive seeds: 8 52 60 159 291 299 310 314 333 385

% target           = medv(A)
%     Score = -Infinity (regressionFit = Infinity, penalties=1.1E-7) for clause:  medv(_).  [covers 436,0/436,0 pos, 0,0/0,0 neg]
% Unacceptable due to being the root node.
% Most-general root: medv(_).  [covers 436,0/436,0 pos, 0,0/0,0 neg]  score = -Infinity
%     Score = -33.248,457473 (regressionFit = 33.248,457472, penalties=1.03E-6) for clause:  medv(A) :- crim(A, 4).  [covers 41,0/436,0 pos, 0,0/0,0 neg]
% Gleaner: New best node found (score = -33.248,457473): medv(A) :- crim(A, 4).  [covers 41,0/436,0 pos, 0,0/0,0 neg]
%     Score = -32.589,636510 (regressionFit = 32.589,636509, penalties=1.03E-6) for clause:  medv(A) :- crim(A, 8).  [covers 32,0/436,0 pos, 0,0/0,0 neg]
% Gleaner: New best node found (score = -32.589,636510): medv(A) :- crim(A, 8).  [covers 32,0/436,0 pos, 0,0/0,0 neg]
%     Score = -33.264,891957 (regressionFit = 33.264,891956, penalties=1.03E-6) for clause:  medv(A) :- crim(A, 10).  [covers 45,0/436,0 pos, 0,0/0,0 neg]
%     Score = -33.565,209755 (regressionFit = 33.565,209754, penalties=1.03E-6) for clause:  medv(A) :- crim(A, 9).  [covers 32,0/436,0 pos, 0,0/0,0 neg]
%     Score = -33.630,506113 (regressionFit = 33.630,506112, penalties=1.03E-6) for clause:  medv(A) :- zn(A, 0).  [covers 307,0/436,0 pos, 0,0/0,0 neg]
%     Score = -33.662,726273 (regressionFit = 33.662,726272, penalties=1.03E-6) for clause:  medv(A) :- zn(A, 22).  [covers 9,0/436,0 pos, 0,0/0,0 neg]
%     Score = -33.718,528669 (regressionFit = 33.718,528668, penalties=1.03E-6) for clause:  medv(A) :- indus(A, 3).  [covers 47,0/436,0 pos, 0,0/0,0 neg]
%     Score = -33.151,755332 (regressionFit = 33.151,755331, penalties=1.03E-6) for clause:  medv(A) :- indus(A, 9).  [covers 29,0/436,0 pos, 0,0/0,0 neg]
%     Score = -33.656,123743 (regressionFit = 33.656,123742, penalties=1.03E-6) for clause:  medv(A) :- indus(A, 5).  [covers 48,0/436,0 pos, 0,0/0,0 neg]
%     Score = -33.499,598904 (regressionFit = 33.499,598903, penalties=1.03E-6) for clause:  medv(A) :- indus(A, 10).  [covers 90,0/436,0 pos, 0,0/0,0 neg]
%     Score = -33.737,569172 (regressionFit = 33.737,569171, penalties=1.03E-6) for clause:  medv(A) :- indus(A, 2).  [covers 51,0/436,0 pos, 0,0/0,0 neg]
%     Score = -33.484,791781 (regressionFit = 33.484,791780, penalties=1.03E-6) for clause:  medv(A) :- chas(A, 0).  [covers 401,0/436,0 pos, 0,0/0,0 neg]
%     Score = -33.640,857482 (regressionFit = 33.640,857481, penalties=1.03E-6) for clause:  medv(A) :- nox(A, 3).  [covers 43,0/436,0 pos, 0,0/0,0 neg]
%     Score = -33.739,778517 (regressionFit = 33.739,778516, penalties=1.03E-6) for clause:  medv(A) :- nox(A, 9).  [covers 42,0/436,0 pos, 0,0/0,0 neg]
%     Score = -33.697,337656 (regressionFit = 33.697,337655, penalties=1.03E-6) for clause:  medv(A) :- nox(A, 5).  [covers 50,0/436,0 pos, 0,0/0,0 neg]
%     Score = -32.354,803221 (regressionFit = 32.354,803220, penalties=1.03E-6) for clause:  medv(A) :- nox(A, 8).  [covers 36,0/436,0 pos, 0,0/0,0 neg]
% Gleaner: New best node found (score = -32.354,803221): medv(A) :- nox(A, 8).  [covers 36,0/436,0 pos, 0,0/0,0 neg]
%     Score = -31.852,876927 (regressionFit = 31.852,876926, penalties=1.03E-6) for clause:  medv(A) :- nox(A, 10).  [covers 42,0/436,0 pos, 0,0/0,0 neg]
% Gleaner: New best node found (score = -31.852,876927): medv(A) :- nox(A, 10).  [covers 42,0/436,0 pos, 0,0/0,0 neg]
%     Score = -33.739,766250 (regressionFit = 33.739,766249, penalties=1.03E-6) for clause:  medv(A) :- nox(A, 2).  [covers 48,0/436,0 pos, 0,0/0,0 neg]
%     Score = -25.326,469135 (regressionFit = 25.326,469134, penalties=1.03E-6) for clause:  medv(A) :- rm(A, 7).  [covers 44,0/436,0 pos, 0,0/0,0 neg]
% Gleaner: New best node found (score = -25.326,469135): medv(A) :- rm(A, 7).  [covers 44,0/436,0 pos, 0,0/0,0 neg]
%     Score = -27.351,621801 (regressionFit = 27.351,621800, penalties=1.03E-6) for clause:  medv(A) :- rm(A, 9).  [covers 44,0/436,0 pos, 0,0/0,0 neg]
%     Score = -33.604,778946 (regressionFit = 33.604,778945, penalties=1.03E-6) for clause:  medv(A) :- age(A, 7).  [covers 43,0/436,0 pos, 0,0/0,0 neg]
%     Score = -33.496,697216 (regressionFit = 33.496,697215, penalties=1.03E-6) for clause:  medv(A) :- age(A, 6).  [covers 48,0/436,0 pos, 0,0/0,0 neg]
%     Score = -33.731,927857 (regressionFit = 33.731,927856, penalties=1.03E-6) for clause:  medv(A) :- age(A, 5).  [covers 41,0/436,0 pos, 0,0/0,0 neg]
%     Score = -33.721,431949 (regressionFit = 33.721,431948, penalties=1.03E-6) for clause:  medv(A) :- age(A, 4).  [covers 37,0/436,0 pos, 0,0/0,0 neg]
%     Score = -33.594,133397 (regressionFit = 33.594,133396, penalties=1.03E-6) for clause:  medv(A) :- age(A, 9).  [covers 40,0/436,0 pos, 0,0/0,0 neg]
%     Score = -33.089,087622 (regressionFit = 33.089,087621, penalties=1.03E-6) for clause:  medv(A) :- age(A, 2).  [covers 40,0/436,0 pos, 0,0/0,0 neg]
%     Score = -33.681,357149 (regressionFit = 33.681,357148, penalties=1.03E-6) for clause:  medv(A) :- age(A, 1).  [covers 43,0/436,0 pos, 0,0/0,0 neg]
%     Score = -33.532,327888 (regressionFit = 33.532,327887, penalties=1.03E-6) for clause:  medv(A) :- dis(A, 8).  [covers 42,0/436,0 pos, 0,0/0,0 neg]
%     Score = -32.452,771491 (regressionFit = 32.452,771490, penalties=1.03E-6) for clause:  medv(A) :- dis(A, 10).  [covers 51,0/436,0 pos, 0,0/0,0 neg]
%     Score = -33.613,915762 (regressionFit = 33.613,915761, penalties=1.03E-6) for clause:  medv(A) :- dis(A, 5).  [covers 46,0/436,0 pos, 0,0/0,0 neg]
%     Score = -33.158,055036 (regressionFit = 33.158,055035, penalties=1.03E-6) for clause:  medv(A) :- dis(A, 9).  [covers 43,0/436,0 pos, 0,0/0,0 neg]
%     Score = -33.729,139548 (regressionFit = 33.729,139547, penalties=1.03E-6) for clause:  medv(A) :- dis(A, 3).  [covers 50,0/436,0 pos, 0,0/0,0 neg]
%     Score = -33.690,747072 (regressionFit = 33.690,747071, penalties=1.03E-6) for clause:  medv(A) :- rad(A, 5).  [covers 112,0/436,0 pos, 0,0/0,0 neg]
%     Score = -33.739,739830 (regressionFit = 33.739,739829, penalties=1.03E-6) for clause:  medv(A) :- rad(A, 7).  [covers 16,0/436,0 pos, 0,0/0,0 neg]
%     Score = -33.499,598904 (regressionFit = 33.499,598903, penalties=1.03E-6) for clause:  medv(A) :- rad(A, 24).  [covers 90,0/436,0 pos, 0,0/0,0 neg]
%     Score = -33.510,227962 (regressionFit = 33.510,227961, penalties=1.03E-6) for clause:  medv(A) :- rad(A, 3).  [covers 37,0/436,0 pos, 0,0/0,0 neg]
%     Score = -33.698,364023 (regressionFit = 33.698,364022, penalties=1.03E-6) for clause:  medv(A) :- tax(A, 384).  [covers 11,0/436,0 pos, 0,0/0,0 neg]
%     Score = -33.151,755332 (regressionFit = 33.151,755331, penalties=1.03E-6) for clause:  medv(A) :- tax(A, 403).  [covers 29,0/436,0 pos, 0,0/0,0 neg]
%     Score = -33.662,726273 (regressionFit = 33.662,726272, penalties=1.03E-6) for clause:  medv(A) :- tax(A, 330).  [covers 9,0/436,0 pos, 0,0/0,0 neg]
%     Score = -33.499,598904 (regressionFit = 33.499,598903, penalties=1.03E-6) for clause:  medv(A) :- tax(A, 666).  [covers 90,0/436,0 pos, 0,0/0,0 neg]
%     Score = -33.507,285094 (regressionFit = 33.507,285093, penalties=1.03E-6) for clause:  medv(A) :- tax(A, 233).  [covers 9,0/436,0 pos, 0,0/0,0 neg]
%     Score = -33.729,766314 (regressionFit = 33.729,766313, penalties=1.03E-6) for clause:  medv(A) :- ptratio(A, 4).  [covers 32,0/436,0 pos, 0,0/0,0 neg]
%     Score = -33.391,721213 (regressionFit = 33.391,721212, penalties=1.03E-6) for clause:  medv(A) :- ptratio(A, 9).  [covers 50,0/436,0 pos, 0,0/0,0 neg]
%     Score = -33.707,711876 (regressionFit = 33.707,711875, penalties=1.03E-6) for clause:  medv(A) :- ptratio(A, 5).  [covers 42,0/436,0 pos, 0,0/0,0 neg]
%     Score = -33.422,196090 (regressionFit = 33.422,196089, penalties=1.03E-6) for clause:  medv(A) :- ptratio(A, 10).  [covers 97,0/436,0 pos, 0,0/0,0 neg]
%     Score = -33.728,118417 (regressionFit = 33.728,118416, penalties=1.03E-6) for clause:  medv(A) :- ptratio(A, 2).  [covers 47,0/436,0 pos, 0,0/0,0 neg]
%     Score = -33.734,887942 (regressionFit = 33.734,887941, penalties=1.03E-6) for clause:  medv(A) :- b(A, 4).  [covers 27,0/436,0 pos, 0,0/0,0 neg]
%     Score = -33.120,667982 (regressionFit = 33.120,667981, penalties=1.03E-6) for clause:  medv(A) :- b(A, 7).  [covers 40,0/436,0 pos, 0,0/0,0 neg]
%     Score = -33.641,492325 (regressionFit = 33.641,492324, penalties=1.03E-6) for clause:  medv(A) :- b(A, 8).  [covers 46,0/436,0 pos, 0,0/0,0 neg]
%     Score = -33.160,033348 (regressionFit = 33.160,033347, penalties=1.03E-6) for clause:  medv(A) :- b(A, 9).  [covers 41,0/436,0 pos, 0,0/0,0 neg]
%     Score = -33.739,416939 (regressionFit = 33.739,416938, penalties=1.03E-6) for clause:  medv(A) :- b(A, 1).  [covers 102,0/436,0 pos, 0,0/0,0 neg]
%     Score = -33.564,581651 (regressionFit = 33.564,581650, penalties=1.03E-6) for clause:  medv(A) :- lstat(A, 5).  [covers 39,0/436,0 pos, 0,0/0,0 neg]
%     Score = -33.739,738313 (regressionFit = 33.739,738312, penalties=1.03E-6) for clause:  medv(A) :- lstat(A, 7).  [covers 38,0/436,0 pos, 0,0/0,0 neg]
%     Score = -33.460,453082 (regressionFit = 33.460,453081, penalties=1.03E-6) for clause:  medv(A) :- lstat(A, 4).  [covers 42,0/436,0 pos, 0,0/0,0 neg]
%     Score = -33.739,551512 (regressionFit = 33.739,551511, penalties=1.03E-6) for clause:  medv(A) :- lstat(A, 10).  [covers 38,0/436,0 pos, 0,0/0,0 neg]
%     Score = -33.704,337779 (regressionFit = 33.704,337778, penalties=1.03E-6) for clause:  medv(A) :- lstat(A, 6).  [covers 44,0/436,0 pos, 0,0/0,0 neg]

% The best node found: medv(A) :- rm(A, 7).  [covers 44,0/436,0 pos, 0,0/0,0 neg]

% The best node found: medv(A) :- rm(A, 7).  [covers 44,0/436,0 pos, 0,0/0,0 neg]
Setting 16.21398601423276 for 
 // Learned this clause on outer loop cycle #9.  It scores=-25.326,47 and has recall=0,10, precision=1,00, and F1=0,18 (using m-estimates).
 // It covers 10,1% of the positive examples, 44 of 436,
 // So far 392 (89,9%) of the positive examples have been covered.
(medv(A) :- rm(A, 7))

% On cycle #9, the best clause found is:
%      medv(A) :- rm(A, 7).  [covers 44,0/436,0 pos, 0,0/0,0 neg]
% This clause covers 44 positive examples, of which 44 are newly covered.
% It also covers 0 negative examples, of which 0 are newly covered.
% The current set of 9 best clauses covers 89,9% of the positive examples and NaN% of the negatives.}

% Have these 10 positive seeds: 48 63 80 123 230 290 299 309 313 316

% target           = medv(A)
%     Score = -Infinity (regressionFit = Infinity, penalties=1.1E-7) for clause:  medv(_).  [covers 436,0/436,0 pos, 0,0/0,0 neg]
% Unacceptable due to being the root node.
% Most-general root: medv(_).  [covers 436,0/436,0 pos, 0,0/0,0 neg]  score = -Infinity
%     Score = -24.431,891151 (regressionFit = 24.431,891150, penalties=1.03E-6) for clause:  medv(A) :- crim(A, 8).  [covers 32,0/436,0 pos, 0,0/0,0 neg]
% Gleaner: New best node found (score = -24.431,891151): medv(A) :- crim(A, 8).  [covers 32,0/436,0 pos, 0,0/0,0 neg]
%     Score = -25.428,332708 (regressionFit = 25.428,332707, penalties=1.03E-6) for clause:  medv(A) :- crim(A, 3).  [covers 47,0/436,0 pos, 0,0/0,0 neg]
%     Score = -25.431,150818 (regressionFit = 25.431,150817, penalties=1.03E-6) for clause:  medv(A) :- crim(A, 7).  [covers 47,0/436,0 pos, 0,0/0,0 neg]
%     Score = -24.780,640247 (regressionFit = 24.780,640246, penalties=1.03E-6) for clause:  medv(A) :- crim(A, 10).  [covers 45,0/436,0 pos, 0,0/0,0 neg]
%     Score = -25.191,186289 (regressionFit = 25.191,186288, penalties=1.03E-6) for clause:  medv(A) :- crim(A, 9).  [covers 32,0/436,0 pos, 0,0/0,0 neg]
%     Score = -25.429,447038 (regressionFit = 25.429,447037, penalties=1.03E-6) for clause:  medv(A) :- zn(A, 0).  [covers 307,0/436,0 pos, 0,0/0,0 neg]
%     Score = -24.854,673942 (regressionFit = 24.854,673941, penalties=1.03E-6) for clause:  medv(A) :- indus(A, 9).  [covers 29,0/436,0 pos, 0,0/0,0 neg]
%     Score = -25.362,914203 (regressionFit = 25.362,914202, penalties=1.03E-6) for clause:  medv(A) :- indus(A, 4).  [covers 49,0/436,0 pos, 0,0/0,0 neg]
%     Score = -25.312,952343 (regressionFit = 25.312,952342, penalties=1.03E-6) for clause:  medv(A) :- indus(A, 6).  [covers 36,0/436,0 pos, 0,0/0,0 neg]
%     Score = -25.063,921788 (regressionFit = 25.063,921787, penalties=1.03E-6) for clause:  medv(A) :- indus(A, 10).  [covers 90,0/436,0 pos, 0,0/0,0 neg]
%     Score = -25.017,668016 (regressionFit = 25.017,668015, penalties=1.03E-6) for clause:  medv(A) :- chas(A, 1).  [covers 35,0/436,0 pos, 0,0/0,0 neg]
%     Score = -25.017,668016 (regressionFit = 25.017,668015, penalties=1.03E-6) for clause:  medv(A) :- chas(A, 0).  [covers 401,0/436,0 pos, 0,0/0,0 neg]
%     Score = -25.410,053422 (regressionFit = 25.410,053421, penalties=1.03E-6) for clause:  medv(A) :- nox(A, 9).  [covers 42,0/436,0 pos, 0,0/0,0 neg]
%     Score = -25.416,810577 (regressionFit = 25.416,810576, penalties=1.03E-6) for clause:  medv(A) :- nox(A, 3).  [covers 43,0/436,0 pos, 0,0/0,0 neg]
%     Score = -25.126,266557 (regressionFit = 25.126,266556, penalties=1.03E-6) for clause:  medv(A) :- nox(A, 4).  [covers 48,0/436,0 pos, 0,0/0,0 neg]
%     Score = -25.345,430826 (regressionFit = 25.345,430825, penalties=1.03E-6) for clause:  medv(A) :- nox(A, 1).  [covers 47,0/436,0 pos, 0,0/0,0 neg]
%     Score = -24.499,131666 (regressionFit = 24.499,131665, penalties=1.03E-6) for clause:  medv(A) :- nox(A, 8).  [covers 36,0/436,0 pos, 0,0/0,0 neg]
%     Score = -23.817,316513 (regressionFit = 23.817,316512, penalties=1.03E-6) for clause:  medv(A) :- nox(A, 10).  [covers 42,0/436,0 pos, 0,0/0,0 neg]
% Gleaner: New best node found (score = -23.817,316513): medv(A) :- nox(A, 10).  [covers 42,0/436,0 pos, 0,0/0,0 neg]
%     Score = -17.082,685934 (regressionFit = 17.082,685933, penalties=1.03E-6) for clause:  medv(A) :- rm(A, 9).  [covers 44,0/436,0 pos, 0,0/0,0 neg]
% Gleaner: New best node found (score = -17.082,685934): medv(A) :- rm(A, 9).  [covers 44,0/436,0 pos, 0,0/0,0 neg]
%     Score = -25.326,748396 (regressionFit = 25.326,748395, penalties=1.03E-6) for clause:  medv(A) :- age(A, 6).  [covers 48,0/436,0 pos, 0,0/0,0 neg]
%     Score = -24.867,274840 (regressionFit = 24.867,274839, penalties=1.03E-6) for clause:  medv(A) :- age(A, 7).  [covers 43,0/436,0 pos, 0,0/0,0 neg]
%     Score = -25.283,619433 (regressionFit = 25.283,619432, penalties=1.03E-6) for clause:  medv(A) :- age(A, 9).  [covers 40,0/436,0 pos, 0,0/0,0 neg]
%     Score = -25.250,553069 (regressionFit = 25.250,553068, penalties=1.03E-6) for clause:  medv(A) :- age(A, 8).  [covers 49,0/436,0 pos, 0,0/0,0 neg]
%     Score = -24.445,865967 (regressionFit = 24.445,865966, penalties=1.03E-6) for clause:  medv(A) :- dis(A, 10).  [covers 51,0/436,0 pos, 0,0/0,0 neg]
%     Score = -24.467,678648 (regressionFit = 24.467,678647, penalties=1.03E-6) for clause:  medv(A) :- dis(A, 9).  [covers 43,0/436,0 pos, 0,0/0,0 neg]
%     Score = -25.396,912484 (regressionFit = 25.396,912483, penalties=1.03E-6) for clause:  medv(A) :- dis(A, 7).  [covers 29,0/436,0 pos, 0,0/0,0 neg]
%     Score = -25.325,971498 (regressionFit = 25.325,971497, penalties=1.03E-6) for clause:  medv(A) :- dis(A, 4).  [covers 45,0/436,0 pos, 0,0/0,0 neg]
%     Score = -25.161,822705 (regressionFit = 25.161,822704, penalties=1.03E-6) for clause:  medv(A) :- rad(A, 5).  [covers 112,0/436,0 pos, 0,0/0,0 neg]
%     Score = -25.417,824536 (regressionFit = 25.417,824535, penalties=1.03E-6) for clause:  medv(A) :- rad(A, 4).  [covers 101,0/436,0 pos, 0,0/0,0 neg]
%     Score = -25.063,921788 (regressionFit = 25.063,921787, penalties=1.03E-6) for clause:  medv(A) :- rad(A, 24).  [covers 90,0/436,0 pos, 0,0/0,0 neg]
%     Score = -24.854,673942 (regressionFit = 24.854,673941, penalties=1.03E-6) for clause:  medv(A) :- tax(A, 403).  [covers 29,0/436,0 pos, 0,0/0,0 neg]
%     Score = -25.345,922712 (regressionFit = 25.345,922711, penalties=1.03E-6) for clause:  medv(A) :- tax(A, 296).  [covers 8,0/436,0 pos, 0,0/0,0 neg]
%     Score = -24.865,072866 (regressionFit = 24.865,072865, penalties=1.03E-6) for clause:  medv(A) :- tax(A, 277).  [covers 11,0/436,0 pos, 0,0/0,0 neg]
%     Score = -25.429,965694 (regressionFit = 25.429,965693, penalties=1.03E-6) for clause:  medv(A) :- tax(A, 304).  [covers 14,0/436,0 pos, 0,0/0,0 neg]
%     Score = -25.063,921788 (regressionFit = 25.063,921787, penalties=1.03E-6) for clause:  medv(A) :- tax(A, 666).  [covers 90,0/436,0 pos, 0,0/0,0 neg]
%     Score = -24.872,709482 (regressionFit = 24.872,709481, penalties=1.03E-6) for clause:  medv(A) :- ptratio(A, 9).  [covers 50,0/436,0 pos, 0,0/0,0 neg]
%     Score = -25.430,729084 (regressionFit = 25.430,729083, penalties=1.03E-6) for clause:  medv(A) :- ptratio(A, 6).  [covers 48,0/436,0 pos, 0,0/0,0 neg]
%     Score = -25.353,425612 (regressionFit = 25.353,425611, penalties=1.03E-6) for clause:  medv(A) :- ptratio(A, 3).  [covers 51,0/436,0 pos, 0,0/0,0 neg]
%     Score = -25.028,377784 (regressionFit = 25.028,377783, penalties=1.03E-6) for clause:  medv(A) :- ptratio(A, 10).  [covers 97,0/436,0 pos, 0,0/0,0 neg]
%     Score = -25.422,811348 (regressionFit = 25.422,811347, penalties=1.03E-6) for clause:  medv(A) :- b(A, 1).  [covers 102,0/436,0 pos, 0,0/0,0 neg]
%     Score = -24.676,878318 (regressionFit = 24.676,878317, penalties=1.03E-6) for clause:  medv(A) :- b(A, 7).  [covers 40,0/436,0 pos, 0,0/0,0 neg]
%     Score = -25.430,124128 (regressionFit = 25.430,124127, penalties=1.03E-6) for clause:  medv(A) :- b(A, 3).  [covers 47,0/436,0 pos, 0,0/0,0 neg]
%     Score = -25.307,509816 (regressionFit = 25.307,509815, penalties=1.03E-6) for clause:  medv(A) :- b(A, 9).  [covers 41,0/436,0 pos, 0,0/0,0 neg]
%     Score = -25.338,219271 (regressionFit = 25.338,219270, penalties=1.03E-6) for clause:  medv(A) :- lstat(A, 6).  [covers 44,0/436,0 pos, 0,0/0,0 neg]
%     Score = -25.050,452721 (regressionFit = 25.050,452720, penalties=1.03E-6) for clause:  medv(A) :- lstat(A, 7).  [covers 38,0/436,0 pos, 0,0/0,0 neg]
%     Score = -25.310,880337 (regressionFit = 25.310,880336, penalties=1.03E-6) for clause:  medv(A) :- lstat(A, 10).  [covers 38,0/436,0 pos, 0,0/0,0 neg]
%     Score = -25.285,800158 (regressionFit = 25.285,800156, penalties=1.03E-6) for clause:  medv(A) :- lstat(A, 4).  [covers 42,0/436,0 pos, 0,0/0,0 neg]
%     Score = -25.430,823080 (regressionFit = 25.430,823078, penalties=1.03E-6) for clause:  medv(A) :- lstat(A, 9).  [covers 46,0/436,0 pos, 0,0/0,0 neg]
%     Score = -24.378,205262 (regressionFit = 24.378,205261, penalties=1.03E-6) for clause:  medv(A) :- lstat(A, 5).  [covers 39,0/436,0 pos, 0,0/0,0 neg]

% The best node found: medv(A) :- rm(A, 9).  [covers 44,0/436,0 pos, 0,0/0,0 neg]

% The best node found: medv(A) :- rm(A, 9).  [covers 44,0/436,0 pos, 0,0/0,0 neg]
Setting 14.527482276448916 for 
 // Learned this clause on outer loop cycle #10.  It scores=-17.082,69 and has recall=0,10, precision=1,00, and F1=0,18 (using m-estimates).
 // It covers 10,1% of the positive examples, 44 of 436,
 // So far 436 (100,0%) of the positive examples have been covered.
(medv(A) :- rm(A, 9))

% On cycle #10, the best clause found is:
%      medv(A) :- rm(A, 9).  [covers 44,0/436,0 pos, 0,0/0,0 neg]
% This clause covers 44 positive examples, of which 44 are newly covered.
% It also covers 0 negative examples, of which 0 are newly covered.
% The current set of 10 best clauses covers 100,0% of the positive examples and NaN% of the negatives.}

% ******************************************

% Have stopped ILP's outer loop because have reached the maximum number of iterations (10).

% ******************************************
adding regression values
Added 39.46875000000001 to wgt = 39,4688 (medv(A) :- rm(A, 3))
Added 28.297826086956942 to wgt = 28,2978 (medv(A) :- rm(A, 4))
Added 24.672093023267617 to wgt = 24,6721 (medv(A) :- rm(A, 1))
Added 19.29320939069668 to wgt = 19,2932 (medv(A) :- rm(A, 2))
Added 20.71750001766734 to wgt = 20,7175 (medv(A) :- rm(A, 10))
Added 18.6974442170073 to wgt = 18,6974 (medv(A) :- rm(A, 5))
Added 19.400005945094577 to wgt = 19,4000 (medv(A) :- rm(A, 6))
Added 18.37338997420725 to wgt = 18,3734 (medv(A) :- rm(A, 8))
Added 16.21398601423276 to wgt = 16,2140 (medv(A) :- rm(A, 7))
Added 14.527482276448916 to wgt = 14,5275 (medv(A) :- rm(A, 9))
% Saving model in: data/boston_housing/train/models/bRDNs/medv.model.ckpt
% Time taken to learn 2 trees is 14,253 seconds.

% Kept 436 of the 436 positive examples.
% Kept 0 of the 0 negative examples.
% Dataset size: 436
Computing probabilities
prob time:358 milliseconds
No hidden examples for : medv
Time to build dataset: 363 milliseconds

% Have these 10 positive seeds: 8 65 98 104 123 131 134 160 170 270

% target           = medv(A)
%     Score = -Infinity (regressionFit = Infinity, penalties=1.1E-7) for clause:  medv(_).  [covers 436,0/436,0 pos, 0,0/0,0 neg]
% Unacceptable due to being the root node.
% Most-general root: medv(_).  [covers 436,0/436,0 pos, 0,0/0,0 neg]  score = -Infinity
%     Score = -39.500,127832 (regressionFit = 39.500,127831, penalties=1.03E-6) for clause:  medv(A) :- crim(A, 4).  [covers 41,0/436,0 pos, 0,0/0,0 neg]
% Gleaner: New best node found (score = -39.500,127832): medv(A) :- crim(A, 4).  [covers 41,0/436,0 pos, 0,0/0,0 neg]
%     Score = -39.638,483788 (regressionFit = 39.638,483787, penalties=1.03E-6) for clause:  medv(A) :- crim(A, 5).  [covers 49,0/436,0 pos, 0,0/0,0 neg]
%     Score = -38.882,625321 (regressionFit = 38.882,625320, penalties=1.03E-6) for clause:  medv(A) :- crim(A, 2).  [covers 51,0/436,0 pos, 0,0/0,0 neg]
% Gleaner: New best node found (score = -38.882,625321): medv(A) :- crim(A, 2).  [covers 51,0/436,0 pos, 0,0/0,0 neg]
%     Score = -37.633,240542 (regressionFit = 37.633,240541, penalties=1.03E-6) for clause:  medv(A) :- crim(A, 1).  [covers 49,0/436,0 pos, 0,0/0,0 neg]
% Gleaner: New best node found (score = -37.633,240542): medv(A) :- crim(A, 1).  [covers 49,0/436,0 pos, 0,0/0,0 neg]
%     Score = -38.808,651286 (regressionFit = 38.808,651285, penalties=1.03E-6) for clause:  medv(A) :- crim(A, 7).  [covers 47,0/436,0 pos, 0,0/0,0 neg]
%     Score = -39.638,468141 (regressionFit = 39.638,468140, penalties=1.03E-6) for clause:  medv(A) :- crim(A, 3).  [covers 47,0/436,0 pos, 0,0/0,0 neg]
%     Score = -39.272,609508 (regressionFit = 39.272,609507, penalties=1.03E-6) for clause:  medv(A) :- crim(A, 6).  [covers 43,0/436,0 pos, 0,0/0,0 neg]
%     Score = -34.695,562989 (regressionFit = 34.695,562988, penalties=1.03E-6) for clause:  medv(A) :- zn(A, 0).  [covers 307,0/436,0 pos, 0,0/0,0 neg]
% Gleaner: New best node found (score = -34.695,562989): medv(A) :- zn(A, 0).  [covers 307,0/436,0 pos, 0,0/0,0 neg]
%     Score = -38.996,512500 (regressionFit = 38.996,512499, penalties=1.03E-6) for clause:  medv(A) :- zn(A, 45).  [covers 6,0/436,0 pos, 0,0/0,0 neg]
%     Score = -39.611,954888 (regressionFit = 39.611,954887, penalties=1.03E-6) for clause:  medv(A) :- zn(A, 60).  [covers 4,0/436,0 pos, 0,0/0,0 neg]
%     Score = -39.571,765435 (regressionFit = 39.571,765434, penalties=1.03E-6) for clause:  medv(A) :- zn(A, 22).  [covers 9,0/436,0 pos, 0,0/0,0 neg]
%     Score = -39.291,723105 (regressionFit = 39.291,723104, penalties=1.03E-6) for clause:  medv(A) :- zn(A, 80).  [covers 14,0/436,0 pos, 0,0/0,0 neg]
%     Score = -38.847,221305 (regressionFit = 38.847,221304, penalties=1.03E-6) for clause:  medv(A) :- indus(A, 3).  [covers 47,0/436,0 pos, 0,0/0,0 neg]
%     Score = -39.631,729705 (regressionFit = 39.631,729704, penalties=1.03E-6) for clause:  medv(A) :- indus(A, 9).  [covers 29,0/436,0 pos, 0,0/0,0 neg]
%     Score = -36.297,050030 (regressionFit = 36.297,050029, penalties=1.03E-6) for clause:  medv(A) :- indus(A, 4).  [covers 49,0/436,0 pos, 0,0/0,0 neg]
%     Score = -39.505,053755 (regressionFit = 39.505,053754, penalties=1.03E-6) for clause:  medv(A) :- indus(A, 6).  [covers 36,0/436,0 pos, 0,0/0,0 neg]
%     Score = -39.638,499043 (regressionFit = 39.638,499042, penalties=1.03E-6) for clause:  medv(A) :- indus(A, 7).  [covers 17,0/436,0 pos, 0,0/0,0 neg]
%     Score = -39.638,397781 (regressionFit = 39.638,397780, penalties=1.03E-6) for clause:  medv(A) :- indus(A, 5).  [covers 48,0/436,0 pos, 0,0/0,0 neg]
%     Score = -38.577,903982 (regressionFit = 38.577,903981, penalties=1.03E-6) for clause:  medv(A) :- chas(A, 0).  [covers 401,0/436,0 pos, 0,0/0,0 neg]
%     Score = -38.577,903982 (regressionFit = 38.577,903981, penalties=1.03E-6) for clause:  medv(A) :- chas(A, 1).  [covers 35,0/436,0 pos, 0,0/0,0 neg]
%     Score = -39.632,627118 (regressionFit = 39.632,627117, penalties=1.03E-6) for clause:  medv(A) :- nox(A, 3).  [covers 43,0/436,0 pos, 0,0/0,0 neg]
%     Score = -37.626,311270 (regressionFit = 37.626,311269, penalties=1.03E-6) for clause:  medv(A) :- nox(A, 9).  [covers 42,0/436,0 pos, 0,0/0,0 neg]
%     Score = -39.428,299281 (regressionFit = 39.428,299280, penalties=1.03E-6) for clause:  medv(A) :- nox(A, 5).  [covers 50,0/436,0 pos, 0,0/0,0 neg]
%     Score = -38.241,492637 (regressionFit = 38.241,492635, penalties=1.03E-6) for clause:  medv(A) :- nox(A, 6).  [covers 48,0/436,0 pos, 0,0/0,0 neg]
%     Score = -38.164,984518 (regressionFit = 38.164,984517, penalties=1.03E-6) for clause:  medv(A) :- nox(A, 4).  [covers 48,0/436,0 pos, 0,0/0,0 neg]
%     Score = -38.737,679678 (regressionFit = 38.737,679677, penalties=1.03E-6) for clause:  medv(A) :- nox(A, 1).  [covers 47,0/436,0 pos, 0,0/0,0 neg]
%     Score = -37.815,121419 (regressionFit = 37.815,121418, penalties=1.03E-6) for clause:  medv(A) :- rm(A, 7).  [covers 44,0/436,0 pos, 0,0/0,0 neg]
%     Score = -39.337,639521 (regressionFit = 39.337,639520, penalties=1.03E-6) for clause:  medv(A) :- rm(A, 1).  [covers 43,0/436,0 pos, 0,0/0,0 neg]
%     Score = -23.480,474245 (regressionFit = 23.480,474244, penalties=1.03E-6) for clause:  medv(A) :- rm(A, 3).  [covers 48,0/436,0 pos, 0,0/0,0 neg]
% Gleaner: New best node found (score = -23.480,474245): medv(A) :- rm(A, 3).  [covers 48,0/436,0 pos, 0,0/0,0 neg]
%     Score = -36.786,815797 (regressionFit = 36.786,815796, penalties=1.03E-6) for clause:  medv(A) :- rm(A, 9).  [covers 44,0/436,0 pos, 0,0/0,0 neg]
%     Score = -39.546,760659 (regressionFit = 39.546,760658, penalties=1.03E-6) for clause:  medv(A) :- rm(A, 10).  [covers 40,0/436,0 pos, 0,0/0,0 neg]
%     Score = -39.105,555463 (regressionFit = 39.105,555462, penalties=1.03E-6) for clause:  medv(A) :- rm(A, 5).  [covers 39,0/436,0 pos, 0,0/0,0 neg]
%     Score = -38.918,693657 (regressionFit = 38.918,693656, penalties=1.03E-6) for clause:  medv(A) :- rm(A, 8).  [covers 45,0/436,0 pos, 0,0/0,0 neg]
%     Score = -38.382,788088 (regressionFit = 38.382,788087, penalties=1.03E-6) for clause:  medv(A) :- age(A, 7).  [covers 43,0/436,0 pos, 0,0/0,0 neg]
%     Score = -37.201,871577 (regressionFit = 37.201,871576, penalties=1.03E-6) for clause:  medv(A) :- age(A, 6).  [covers 48,0/436,0 pos, 0,0/0,0 neg]
%     Score = -39.446,839810 (regressionFit = 39.446,839809, penalties=1.03E-6) for clause:  medv(A) :- age(A, 3).  [covers 46,0/436,0 pos, 0,0/0,0 neg]
%     Score = -38.506,152838 (regressionFit = 38.506,152837, penalties=1.03E-6) for clause:  medv(A) :- age(A, 10).  [covers 49,0/436,0 pos, 0,0/0,0 neg]
%     Score = -39.637,162571 (regressionFit = 39.637,162570, penalties=1.03E-6) for clause:  medv(A) :- age(A, 9).  [covers 40,0/436,0 pos, 0,0/0,0 neg]
%     Score = -39.492,330667 (regressionFit = 39.492,330666, penalties=1.03E-6) for clause:  medv(A) :- age(A, 4).  [covers 37,0/436,0 pos, 0,0/0,0 neg]
%     Score = -39.604,062442 (regressionFit = 39.604,062441, penalties=1.03E-6) for clause:  medv(A) :- dis(A, 8).  [covers 42,0/436,0 pos, 0,0/0,0 neg]
%     Score = -37.266,455854 (regressionFit = 37.266,455853, penalties=1.03E-6) for clause:  medv(A) :- dis(A, 9).  [covers 43,0/436,0 pos, 0,0/0,0 neg]
%     Score = -38.980,541881 (regressionFit = 38.980,541880, penalties=1.03E-6) for clause:  medv(A) :- dis(A, 2).  [covers 50,0/436,0 pos, 0,0/0,0 neg]
%     Score = -39.398,550858 (regressionFit = 39.398,550857, penalties=1.03E-6) for clause:  medv(A) :- dis(A, 3).  [covers 50,0/436,0 pos, 0,0/0,0 neg]
%     Score = -39.019,388850 (regressionFit = 39.019,388849, penalties=1.03E-6) for clause:  medv(A) :- dis(A, 4).  [covers 45,0/436,0 pos, 0,0/0,0 neg]
%     Score = -39.608,466061 (regressionFit = 39.608,466060, penalties=1.03E-6) for clause:  medv(A) :- dis(A, 1).  [covers 48,0/436,0 pos, 0,0/0,0 neg]
%     Score = -39.463,716778 (regressionFit = 39.463,716777, penalties=1.03E-6) for clause:  medv(A) :- dis(A, 5).  [covers 46,0/436,0 pos, 0,0/0,0 neg]
%     Score = -38.686,454027 (regressionFit = 38.686,454026, penalties=1.03E-6) for clause:  medv(A) :- rad(A, 5).  [covers 112,0/436,0 pos, 0,0/0,0 neg]
%     Score = -39.533,010416 (regressionFit = 39.533,010415, penalties=1.03E-6) for clause:  medv(A) :- rad(A, 1).  [covers 15,0/436,0 pos, 0,0/0,0 neg]
%     Score = -39.459,259936 (regressionFit = 39.459,259935, penalties=1.03E-6) for clause:  medv(A) :- rad(A, 4).  [covers 101,0/436,0 pos, 0,0/0,0 neg]
%     Score = -39.323,052832 (regressionFit = 39.323,052831, penalties=1.03E-6) for clause:  medv(A) :- rad(A, 7).  [covers 16,0/436,0 pos, 0,0/0,0 neg]
%     Score = -38.771,365945 (regressionFit = 38.771,365944, penalties=1.03E-6) for clause:  medv(A) :- rad(A, 3).  [covers 37,0/436,0 pos, 0,0/0,0 neg]
%     Score = -39.591,417191 (regressionFit = 39.591,417190, penalties=1.03E-6) for clause:  medv(A) :- tax(A, 384).  [covers 11,0/436,0 pos, 0,0/0,0 neg]
%     Score = -39.631,729705 (regressionFit = 39.631,729704, penalties=1.03E-6) for clause:  medv(A) :- tax(A, 403).  [covers 29,0/436,0 pos, 0,0/0,0 neg]
%     Score = -39.420,217756 (regressionFit = 39.420,217755, penalties=1.03E-6) for clause:  medv(A) :- tax(A, 398).  [covers 12,0/436,0 pos, 0,0/0,0 neg]
%     Score = -Infinity (regressionFit = Infinity, penalties=1.03E-6) for clause:  medv(A) :- tax(A, 265).  [covers 2,0/436,0 pos, 0,0/0,0 neg]
%     Score = -39.638,457627 (regressionFit = 39.638,457626, penalties=1.03E-6) for clause:  medv(A) :- tax(A, 277).  [covers 11,0/436,0 pos, 0,0/0,0 neg]
%     Score = -39.313,124888 (regressionFit = 39.313,124887, penalties=1.03E-6) for clause:  medv(A) :- tax(A, 276).  [covers 9,0/436,0 pos, 0,0/0,0 neg]
%     Score = -39.559,309766 (regressionFit = 39.559,309765, penalties=1.03E-6) for clause:  medv(A) :- tax(A, 307).  [covers 39,0/436,0 pos, 0,0/0,0 neg]
%     Score = -39.571,765435 (regressionFit = 39.571,765434, penalties=1.03E-6) for clause:  medv(A) :- tax(A, 330).  [covers 9,0/436,0 pos, 0,0/0,0 neg]
%     Score = -Infinity (regressionFit = Infinity, penalties=1.03E-6) for clause:  medv(A) :- tax(A, 315).  [covers 2,0/436,0 pos, 0,0/0,0 neg]
%     Score = -Infinity (regressionFit = Infinity, penalties=1.03E-6) for clause:  medv(A) :- tax(A, 352).  [covers 2,0/436,0 pos, 0,0/0,0 neg]
%     Score = -38.814,127978 (regressionFit = 38.814,127977, penalties=1.03E-6) for clause:  medv(A) :- ptratio(A, 4).  [covers 32,0/436,0 pos, 0,0/0,0 neg]
%     Score = -36.925,257012 (regressionFit = 36.925,257011, penalties=1.03E-6) for clause:  medv(A) :- ptratio(A, 9).  [covers 50,0/436,0 pos, 0,0/0,0 neg]
%     Score = -38.780,620064 (regressionFit = 38.780,620063, penalties=1.03E-6) for clause:  medv(A) :- ptratio(A, 1).  [covers 45,0/436,0 pos, 0,0/0,0 neg]
%     Score = -39.612,829705 (regressionFit = 39.612,829704, penalties=1.03E-6) for clause:  medv(A) :- ptratio(A, 3).  [covers 51,0/436,0 pos, 0,0/0,0 neg]
%     Score = -39.637,264014 (regressionFit = 39.637,264013, penalties=1.03E-6) for clause:  medv(A) :- ptratio(A, 5).  [covers 42,0/436,0 pos, 0,0/0,0 neg]
%     Score = -39.576,713495 (regressionFit = 39.576,713494, penalties=1.03E-6) for clause:  medv(A) :- b(A, 4).  [covers 27,0/436,0 pos, 0,0/0,0 neg]
%     Score = -39.276,288510 (regressionFit = 39.276,288509, penalties=1.03E-6) for clause:  medv(A) :- b(A, 9).  [covers 41,0/436,0 pos, 0,0/0,0 neg]
%     Score = -39.157,831171 (regressionFit = 39.157,831170, penalties=1.03E-6) for clause:  medv(A) :- b(A, 1).  [covers 102,0/436,0 pos, 0,0/0,0 neg]
%     Score = -39.164,167200 (regressionFit = 39.164,167199, penalties=1.03E-6) for clause:  medv(A) :- b(A, 8).  [covers 46,0/436,0 pos, 0,0/0,0 neg]
%     Score = -39.618,244983 (regressionFit = 39.618,244982, penalties=1.03E-6) for clause:  medv(A) :- b(A, 3).  [covers 47,0/436,0 pos, 0,0/0,0 neg]
%     Score = -39.176,403289 (regressionFit = 39.176,403288, penalties=1.03E-6) for clause:  medv(A) :- b(A, 2).  [covers 40,0/436,0 pos, 0,0/0,0 neg]
%     Score = -39.108,046438 (regressionFit = 39.108,046437, penalties=1.03E-6) for clause:  medv(A) :- b(A, 6).  [covers 47,0/436,0 pos, 0,0/0,0 neg]
%     Score = -36.454,238091 (regressionFit = 36.454,238090, penalties=1.03E-6) for clause:  medv(A) :- lstat(A, 5).  [covers 39,0/436,0 pos, 0,0/0,0 neg]
%     Score = -38.800,377456 (regressionFit = 38.800,377455, penalties=1.03E-6) for clause:  medv(A) :- lstat(A, 9).  [covers 46,0/436,0 pos, 0,0/0,0 neg]
%     Score = -37.918,361274 (regressionFit = 37.918,361273, penalties=1.03E-6) for clause:  medv(A) :- lstat(A, 1).  [covers 49,0/436,0 pos, 0,0/0,0 neg]
%     Score = -24.407,574428 (regressionFit = 24.407,574427, penalties=1.03E-6) for clause:  medv(A) :- lstat(A, 3).  [covers 51,0/436,0 pos, 0,0/0,0 neg]
%     Score = -33.790,712797 (regressionFit = 33.790,712796, penalties=1.03E-6) for clause:  medv(A) :- lstat(A, 6).  [covers 44,0/436,0 pos, 0,0/0,0 neg]
%     Score = -39.589,839732 (regressionFit = 39.589,839731, penalties=1.03E-6) for clause:  medv(A) :- lstat(A, 8).  [covers 44,0/436,0 pos, 0,0/0,0 neg]
%     Score = -38.918,740570 (regressionFit = 38.918,740569, penalties=1.03E-6) for clause:  medv(A) :- lstat(A, 10).  [covers 38,0/436,0 pos, 0,0/0,0 neg]
%     Score = -39.453,241309 (regressionFit = 39.453,241308, penalties=1.03E-6) for clause:  medv(A) :- lstat(A, 2).  [covers 45,0/436,0 pos, 0,0/0,0 neg]
%     Score = -39.281,193164 (regressionFit = 39.281,193163, penalties=1.03E-6) for clause:  medv(A) :- lstat(A, 4).  [covers 42,0/436,0 pos, 0,0/0,0 neg]

% The best node found: medv(A) :- rm(A, 3).  [covers 48,0/436,0 pos, 0,0/0,0 neg]

% The best node found: medv(A) :- rm(A, 3).  [covers 48,0/436,0 pos, 0,0/0,0 neg]
Setting 39.46875000000001 for 
 // Learned this clause on outer loop cycle #1.  It scores=-23.480,47 and has recall=0,11, precision=1,00, and F1=0,20 (using m-estimates).
 // It covers 11,0% of the positive examples, 48 of 436,
(medv(A) :- rm(A, 3))

% On cycle #1, the best clause found is:
%      medv(A) :- rm(A, 3).  [covers 48,0/436,0 pos, 0,0/0,0 neg]
% This clause covers 48 positive examples, of which 48 are newly covered.
% It also covers 0 negative examples, of which 0 are newly covered.
% The current set of 1 best clauses covers 11,0% of the positive examples and NaN% of the negatives.}

% Have these 10 positive seeds: 41 42 67 72 77 195 217 292 341 343

% target           = medv(A)
%     Score = -Infinity (regressionFit = Infinity, penalties=1.1E-7) for clause:  medv(_).  [covers 436,0/436,0 pos, 0,0/0,0 neg]
% Unacceptable due to being the root node.
% Most-general root: medv(_).  [covers 436,0/436,0 pos, 0,0/0,0 neg]  score = -Infinity
%     Score = -40.510,253276 (regressionFit = 40.510,253275, penalties=1.03E-6) for clause:  medv(A) :- crim(A, 5).  [covers 49,0/436,0 pos, 0,0/0,0 neg]
% Gleaner: New best node found (score = -40.510,253276): medv(A) :- crim(A, 5).  [covers 49,0/436,0 pos, 0,0/0,0 neg]
%     Score = -39.975,927651 (regressionFit = 39.975,927650, penalties=1.03E-6) for clause:  medv(A) :- crim(A, 7).  [covers 47,0/436,0 pos, 0,0/0,0 neg]
% Gleaner: New best node found (score = -39.975,927651): medv(A) :- crim(A, 7).  [covers 47,0/436,0 pos, 0,0/0,0 neg]
%     Score = -40.590,329311 (regressionFit = 40.590,329310, penalties=1.03E-6) for clause:  medv(A) :- crim(A, 8).  [covers 32,0/436,0 pos, 0,0/0,0 neg]
%     Score = -39.963,798922 (regressionFit = 39.963,798921, penalties=1.03E-6) for clause:  medv(A) :- crim(A, 2).  [covers 51,0/436,0 pos, 0,0/0,0 neg]
% Gleaner: New best node found (score = -39.963,798922): medv(A) :- crim(A, 2).  [covers 51,0/436,0 pos, 0,0/0,0 neg]
%     Score = -37.580,775684 (regressionFit = 37.580,775683, penalties=1.03E-6) for clause:  medv(A) :- crim(A, 10).  [covers 45,0/436,0 pos, 0,0/0,0 neg]
% Gleaner: New best node found (score = -37.580,775684): medv(A) :- crim(A, 10).  [covers 45,0/436,0 pos, 0,0/0,0 neg]
%     Score = -40.300,717408 (regressionFit = 40.300,717407, penalties=1.03E-6) for clause:  medv(A) :- zn(A, 0).  [covers 307,0/436,0 pos, 0,0/0,0 neg]
%     Score = -40.389,196197 (regressionFit = 40.389,196196, penalties=1.03E-6) for clause:  medv(A) :- zn(A, 40).  [covers 7,0/436,0 pos, 0,0/0,0 neg]
%     Score = -40.467,903456 (regressionFit = 40.467,903455, penalties=1.03E-6) for clause:  medv(A) :- zn(A, 70).  [covers 3,0/436,0 pos, 0,0/0,0 neg]
%     Score = -40.587,345619 (regressionFit = 40.587,345618, penalties=1.03E-6) for clause:  medv(A) :- indus(A, 8).  [covers 21,0/436,0 pos, 0,0/0,0 neg]
%     Score = -40.588,584594 (regressionFit = 40.588,584593, penalties=1.03E-6) for clause:  medv(A) :- indus(A, 3).  [covers 47,0/436,0 pos, 0,0/0,0 neg]
%     Score = -40.587,789377 (regressionFit = 40.587,789376, penalties=1.03E-6) for clause:  medv(A) :- indus(A, 9).  [covers 29,0/436,0 pos, 0,0/0,0 neg]
%     Score = -40.570,904515 (regressionFit = 40.570,904514, penalties=1.03E-6) for clause:  medv(A) :- indus(A, 2).  [covers 51,0/436,0 pos, 0,0/0,0 neg]
%     Score = -40.578,390552 (regressionFit = 40.578,390551, penalties=1.03E-6) for clause:  medv(A) :- indus(A, 1).  [covers 48,0/436,0 pos, 0,0/0,0 neg]
%     Score = -38.799,303001 (regressionFit = 38.799,303000, penalties=1.03E-6) for clause:  medv(A) :- indus(A, 10).  [covers 90,0/436,0 pos, 0,0/0,0 neg]
%     Score = -40.486,216579 (regressionFit = 40.486,216577, penalties=1.03E-6) for clause:  medv(A) :- chas(A, 0).  [covers 401,0/436,0 pos, 0,0/0,0 neg]
%     Score = -40.578,194350 (regressionFit = 40.578,194349, penalties=1.03E-6) for clause:  medv(A) :- nox(A, 8).  [covers 36,0/436,0 pos, 0,0/0,0 neg]
%     Score = -40.597,875358 (regressionFit = 40.597,875357, penalties=1.03E-6) for clause:  medv(A) :- nox(A, 1).  [covers 47,0/436,0 pos, 0,0/0,0 neg]
%     Score = -40.578,419033 (regressionFit = 40.578,419032, penalties=1.03E-6) for clause:  medv(A) :- nox(A, 7).  [covers 32,0/436,0 pos, 0,0/0,0 neg]
%     Score = -40.496,353415 (regressionFit = 40.496,353414, penalties=1.03E-6) for clause:  medv(A) :- nox(A, 2).  [covers 48,0/436,0 pos, 0,0/0,0 neg]
%     Score = -40.160,151998 (regressionFit = 40.160,151997, penalties=1.03E-6) for clause:  medv(A) :- nox(A, 6).  [covers 48,0/436,0 pos, 0,0/0,0 neg]
%     Score = -40.229,330843 (regressionFit = 40.229,330842, penalties=1.03E-6) for clause:  medv(A) :- rm(A, 10).  [covers 40,0/436,0 pos, 0,0/0,0 neg]
%     Score = -40.584,587844 (regressionFit = 40.584,587842, penalties=1.03E-6) for clause:  medv(A) :- rm(A, 8).  [covers 45,0/436,0 pos, 0,0/0,0 neg]
%     Score = -40.448,814724 (regressionFit = 40.448,814723, penalties=1.03E-6) for clause:  medv(A) :- rm(A, 7).  [covers 44,0/436,0 pos, 0,0/0,0 neg]
%     Score = -40.500,606264 (regressionFit = 40.500,606263, penalties=1.03E-6) for clause:  medv(A) :- rm(A, 6).  [covers 43,0/436,0 pos, 0,0/0,0 neg]
%     Score = -40.493,351046 (regressionFit = 40.493,351045, penalties=1.03E-6) for clause:  medv(A) :- rm(A, 2).  [covers 44,0/436,0 pos, 0,0/0,0 neg]
%     Score = -40.071,018552 (regressionFit = 40.071,018551, penalties=1.03E-6) for clause:  medv(A) :- rm(A, 9).  [covers 44,0/436,0 pos, 0,0/0,0 neg]
%     Score = -40.509,176244 (regressionFit = 40.509,176243, penalties=1.03E-6) for clause:  medv(A) :- age(A, 5).  [covers 41,0/436,0 pos, 0,0/0,0 neg]
%     Score = -40.272,452072 (regressionFit = 40.272,452071, penalties=1.03E-6) for clause:  medv(A) :- age(A, 7).  [covers 43,0/436,0 pos, 0,0/0,0 neg]
%     Score = -40.422,948086 (regressionFit = 40.422,948085, penalties=1.03E-6) for clause:  medv(A) :- age(A, 1).  [covers 43,0/436,0 pos, 0,0/0,0 neg]
%     Score = -39.705,871185 (regressionFit = 39.705,871184, penalties=1.03E-6) for clause:  medv(A) :- age(A, 8).  [covers 49,0/436,0 pos, 0,0/0,0 neg]
%     Score = -39.303,383563 (regressionFit = 39.303,383562, penalties=1.03E-6) for clause:  medv(A) :- age(A, 10).  [covers 49,0/436,0 pos, 0,0/0,0 neg]
%     Score = -40.048,464531 (regressionFit = 40.048,464530, penalties=1.03E-6) for clause:  medv(A) :- age(A, 6).  [covers 48,0/436,0 pos, 0,0/0,0 neg]
%     Score = -40.155,358999 (regressionFit = 40.155,358998, penalties=1.03E-6) for clause:  medv(A) :- dis(A, 8).  [covers 42,0/436,0 pos, 0,0/0,0 neg]
%     Score = -40.531,056209 (regressionFit = 40.531,056208, penalties=1.03E-6) for clause:  medv(A) :- dis(A, 1).  [covers 48,0/436,0 pos, 0,0/0,0 neg]
%     Score = -40.563,052758 (regressionFit = 40.563,052757, penalties=1.03E-6) for clause:  medv(A) :- dis(A, 7).  [covers 29,0/436,0 pos, 0,0/0,0 neg]
%     Score = -40.209,397200 (regressionFit = 40.209,397199, penalties=1.03E-6) for clause:  medv(A) :- dis(A, 5).  [covers 46,0/436,0 pos, 0,0/0,0 neg]
%     Score = -40.352,277375 (regressionFit = 40.352,277374, penalties=1.03E-6) for clause:  medv(A) :- dis(A, 10).  [covers 51,0/436,0 pos, 0,0/0,0 neg]
%     Score = -40.257,618095 (regressionFit = 40.257,618094, penalties=1.03E-6) for clause:  medv(A) :- rad(A, 4).  [covers 101,0/436,0 pos, 0,0/0,0 neg]
%     Score = -40.486,717640 (regressionFit = 40.486,717639, penalties=1.03E-6) for clause:  medv(A) :- rad(A, 5).  [covers 112,0/436,0 pos, 0,0/0,0 neg]
%     Score = -38.799,303001 (regressionFit = 38.799,303000, penalties=1.03E-6) for clause:  medv(A) :- rad(A, 24).  [covers 90,0/436,0 pos, 0,0/0,0 neg]
%     Score = -40.569,730545 (regressionFit = 40.569,730544, penalties=1.03E-6) for clause:  medv(A) :- tax(A, 437).  [covers 14,0/436,0 pos, 0,0/0,0 neg]
%     Score = -40.104,119053 (regressionFit = 40.104,119052, penalties=1.03E-6) for clause:  medv(A) :- tax(A, 307).  [covers 39,0/436,0 pos, 0,0/0,0 neg]
%     Score = -40.587,789377 (regressionFit = 40.587,789376, penalties=1.03E-6) for clause:  medv(A) :- tax(A, 403).  [covers 29,0/436,0 pos, 0,0/0,0 neg]
%     Score = -40.460,751091 (regressionFit = 40.460,751090, penalties=1.03E-6) for clause:  medv(A) :- tax(A, 254).  [covers 5,0/436,0 pos, 0,0/0,0 neg]
%     Score = -40.467,903456 (regressionFit = 40.467,903455, penalties=1.03E-6) for clause:  medv(A) :- tax(A, 358).  [covers 3,0/436,0 pos, 0,0/0,0 neg]
%     Score = -38.799,303001 (regressionFit = 38.799,303000, penalties=1.03E-6) for clause:  medv(A) :- tax(A, 666).  [covers 90,0/436,0 pos, 0,0/0,0 neg]
%     Score = -40.578,112522 (regressionFit = 40.578,112521, penalties=1.03E-6) for clause:  medv(A) :- ptratio(A, 7).  [covers 16,0/436,0 pos, 0,0/0,0 neg]
%     Score = -40.590,104503 (regressionFit = 40.590,104502, penalties=1.03E-6) for clause:  medv(A) :- ptratio(A, 4).  [covers 32,0/436,0 pos, 0,0/0,0 neg]
%     Score = -39.450,897104 (regressionFit = 39.450,897103, penalties=1.03E-6) for clause:  medv(A) :- ptratio(A, 9).  [covers 50,0/436,0 pos, 0,0/0,0 neg]
%     Score = -40.381,400453 (regressionFit = 40.381,400452, penalties=1.03E-6) for clause:  medv(A) :- ptratio(A, 2).  [covers 47,0/436,0 pos, 0,0/0,0 neg]
%     Score = -40.080,741562 (regressionFit = 40.080,741561, penalties=1.03E-6) for clause:  medv(A) :- ptratio(A, 1).  [covers 45,0/436,0 pos, 0,0/0,0 neg]
%     Score = -38.965,259192 (regressionFit = 38.965,259191, penalties=1.03E-6) for clause:  medv(A) :- ptratio(A, 10).  [covers 97,0/436,0 pos, 0,0/0,0 neg]
%     Score = -40.464,290453 (regressionFit = 40.464,290452, penalties=1.03E-6) for clause:  medv(A) :- b(A, 3).  [covers 47,0/436,0 pos, 0,0/0,0 neg]
%     Score = -40.502,812623 (regressionFit = 40.502,812622, penalties=1.03E-6) for clause:  medv(A) :- b(A, 8).  [covers 46,0/436,0 pos, 0,0/0,0 neg]
%     Score = -40.360,349222 (regressionFit = 40.360,349221, penalties=1.03E-6) for clause:  medv(A) :- b(A, 4).  [covers 27,0/436,0 pos, 0,0/0,0 neg]
%     Score = -39.542,529573 (regressionFit = 39.542,529572, penalties=1.03E-6) for clause:  medv(A) :- b(A, 7).  [covers 40,0/436,0 pos, 0,0/0,0 neg]
%     Score = -40.586,334501 (regressionFit = 40.586,334500, penalties=1.03E-6) for clause:  medv(A) :- b(A, 9).  [covers 41,0/436,0 pos, 0,0/0,0 neg]
%     Score = -40.590,955566 (regressionFit = 40.590,955565, penalties=1.03E-6) for clause:  medv(A) :- b(A, 1).  [covers 102,0/436,0 pos, 0,0/0,0 neg]
%     Score = -40.445,758808 (regressionFit = 40.445,758806, penalties=1.03E-6) for clause:  medv(A) :- lstat(A, 7).  [covers 38,0/436,0 pos, 0,0/0,0 neg]
%     Score = -39.578,437228 (regressionFit = 39.578,437227, penalties=1.03E-6) for clause:  medv(A) :- lstat(A, 2).  [covers 45,0/436,0 pos, 0,0/0,0 neg]
%     Score = -40.482,013127 (regressionFit = 40.482,013126, penalties=1.03E-6) for clause:  medv(A) :- lstat(A, 8).  [covers 44,0/436,0 pos, 0,0/0,0 neg]
%     Score = -40.570,006256 (regressionFit = 40.570,006255, penalties=1.03E-6) for clause:  medv(A) :- lstat(A, 10).  [covers 38,0/436,0 pos, 0,0/0,0 neg]
%     Score = -40.481,680216 (regressionFit = 40.481,680215, penalties=1.03E-6) for clause:  medv(A) :- lstat(A, 9).  [covers 46,0/436,0 pos, 0,0/0,0 neg]
%     Score = -40.204,320446 (regressionFit = 40.204,320445, penalties=1.03E-6) for clause:  medv(A) :- lstat(A, 1).  [covers 49,0/436,0 pos, 0,0/0,0 neg]
%     Score = -40.485,270541 (regressionFit = 40.485,270540, penalties=1.03E-6) for clause:  medv(A) :- lstat(A, 4).  [covers 42,0/436,0 pos, 0,0/0,0 neg]
%     Score = -38.477,425500 (regressionFit = 38.477,425499, penalties=1.03E-6) for clause:  medv(A) :- lstat(A, 6).  [covers 44,0/436,0 pos, 0,0/0,0 neg]
%     Score = -39.816,647520 (regressionFit = 39.816,647519, penalties=1.03E-6) for clause:  medv(A) :- lstat(A, 5).  [covers 39,0/436,0 pos, 0,0/0,0 neg]

% The best node found: medv(A) :- crim(A, 10).  [covers 45,0/436,0 pos, 0,0/0,0 neg]

% The best node found: medv(A) :- crim(A, 10).  [covers 45,0/436,0 pos, 0,0/0,0 neg]
Setting 10.058472223675444 for 
 // Learned this clause on outer loop cycle #2.  It scores=-37.580,78 and has recall=0,10, precision=1,00, and F1=0,19 (using m-estimates).
 // It covers 10,3% of the positive examples, 45 of 436 (of which 44 are newly covered),
 // So far 92 (21,1%) of the positive examples have been covered.
(medv(A) :- crim(A, 10))

% On cycle #2, the best clause found is:
%      medv(A) :- crim(A, 10).  [covers 45,0/436,0 pos, 0,0/0,0 neg]
% This clause covers 45 positive examples, of which 44 are newly covered.
% It also covers 0 negative examples, of which 0 are newly covered.
% The current set of 2 best clauses covers 21,1% of the positive examples and NaN% of the negatives.}

% Have these 10 positive seeds: 12 30 62 64 107 112 118 119 238 266

% target           = medv(A)
%     Score = -Infinity (regressionFit = Infinity, penalties=1.1E-7) for clause:  medv(_).  [covers 436,0/436,0 pos, 0,0/0,0 neg]
% Unacceptable due to being the root node.
% Most-general root: medv(_).  [covers 436,0/436,0 pos, 0,0/0,0 neg]  score = -Infinity
%     Score = -50.973,132793 (regressionFit = 50.973,132792, penalties=1.03E-6) for clause:  medv(A) :- crim(A, 3).  [covers 47,0/436,0 pos, 0,0/0,0 neg]
% Gleaner: New best node found (score = -50.973,132793): medv(A) :- crim(A, 3).  [covers 47,0/436,0 pos, 0,0/0,0 neg]
%     Score = -51.382,183629 (regressionFit = 51.382,183628, penalties=1.03E-6) for clause:  medv(A) :- crim(A, 4).  [covers 41,0/436,0 pos, 0,0/0,0 neg]
%     Score = -51.696,554028 (regressionFit = 51.696,554027, penalties=1.03E-6) for clause:  medv(A) :- crim(A, 8).  [covers 32,0/436,0 pos, 0,0/0,0 neg]
%     Score = -51.702,177894 (regressionFit = 51.702,177893, penalties=1.03E-6) for clause:  medv(A) :- crim(A, 5).  [covers 49,0/436,0 pos, 0,0/0,0 neg]
%     Score = -50.747,314694 (regressionFit = 50.747,314693, penalties=1.03E-6) for clause:  medv(A) :- crim(A, 6).  [covers 43,0/436,0 pos, 0,0/0,0 neg]
% Gleaner: New best node found (score = -50.747,314694): medv(A) :- crim(A, 6).  [covers 43,0/436,0 pos, 0,0/0,0 neg]
%     Score = -51.083,764211 (regressionFit = 51.083,764210, penalties=1.03E-6) for clause:  medv(A) :- crim(A, 1).  [covers 49,0/436,0 pos, 0,0/0,0 neg]
%     Score = -50.722,043697 (regressionFit = 50.722,043695, penalties=1.03E-6) for clause:  medv(A) :- zn(A, 0).  [covers 307,0/436,0 pos, 0,0/0,0 neg]
% Gleaner: New best node found (score = -50.722,043697): medv(A) :- zn(A, 0).  [covers 307,0/436,0 pos, 0,0/0,0 neg]
%     Score = -51.657,289771 (regressionFit = 51.657,289770, penalties=1.03E-6) for clause:  medv(A) :- zn(A, 80).  [covers 14,0/436,0 pos, 0,0/0,0 neg]
%     Score = -Infinity (regressionFit = Infinity, penalties=1.03E-6) for clause:  medv(A) :- zn(A, 82.5).  [covers 2,0/436,0 pos, 0,0/0,0 neg]
%     Score = -51.585,572718 (regressionFit = 51.585,572717, penalties=1.03E-6) for clause:  medv(A) :- indus(A, 3).  [covers 47,0/436,0 pos, 0,0/0,0 neg]
%     Score = -51.703,644948 (regressionFit = 51.703,644947, penalties=1.03E-6) for clause:  medv(A) :- indus(A, 8).  [covers 21,0/436,0 pos, 0,0/0,0 neg]
%     Score = -51.700,187457 (regressionFit = 51.700,187456, penalties=1.03E-6) for clause:  medv(A) :- indus(A, 9).  [covers 29,0/436,0 pos, 0,0/0,0 neg]
%     Score = -51.554,166442 (regressionFit = 51.554,166441, penalties=1.03E-6) for clause:  medv(A) :- indus(A, 1).  [covers 48,0/436,0 pos, 0,0/0,0 neg]
%     Score = -51.213,790551 (regressionFit = 51.213,790550, penalties=1.03E-6) for clause:  medv(A) :- indus(A, 6).  [covers 36,0/436,0 pos, 0,0/0,0 neg]
%     Score = -51.413,574627 (regressionFit = 51.413,574626, penalties=1.03E-6) for clause:  medv(A) :- chas(A, 0).  [covers 401,0/436,0 pos, 0,0/0,0 neg]
%     Score = -51.413,574627 (regressionFit = 51.413,574626, penalties=1.03E-6) for clause:  medv(A) :- chas(A, 1).  [covers 35,0/436,0 pos, 0,0/0,0 neg]
%     Score = -51.281,520192 (regressionFit = 51.281,520191, penalties=1.03E-6) for clause:  medv(A) :- nox(A, 3).  [covers 43,0/436,0 pos, 0,0/0,0 neg]
%     Score = -51.612,209384 (regressionFit = 51.612,209383, penalties=1.03E-6) for clause:  medv(A) :- nox(A, 7).  [covers 32,0/436,0 pos, 0,0/0,0 neg]
%     Score = -51.029,709142 (regressionFit = 51.029,709141, penalties=1.03E-6) for clause:  medv(A) :- nox(A, 9).  [covers 42,0/436,0 pos, 0,0/0,0 neg]
%     Score = -50.887,257763 (regressionFit = 50.887,257762, penalties=1.03E-6) for clause:  medv(A) :- nox(A, 6).  [covers 48,0/436,0 pos, 0,0/0,0 neg]
%     Score = -51.397,884423 (regressionFit = 51.397,884422, penalties=1.03E-6) for clause:  medv(A) :- nox(A, 4).  [covers 48,0/436,0 pos, 0,0/0,0 neg]
%     Score = -51.623,254749 (regressionFit = 51.623,254748, penalties=1.03E-6) for clause:  medv(A) :- nox(A, 1).  [covers 47,0/436,0 pos, 0,0/0,0 neg]
%     Score = -51.511,586012 (regressionFit = 51.511,586011, penalties=1.03E-6) for clause:  medv(A) :- rm(A, 6).  [covers 43,0/436,0 pos, 0,0/0,0 neg]
%     Score = -51.628,397589 (regressionFit = 51.628,397588, penalties=1.03E-6) for clause:  medv(A) :- rm(A, 5).  [covers 39,0/436,0 pos, 0,0/0,0 neg]
%     Score = -45.635,291373 (regressionFit = 45.635,291372, penalties=1.03E-6) for clause:  medv(A) :- rm(A, 4).  [covers 46,0/436,0 pos, 0,0/0,0 neg]
% Gleaner: New best node found (score = -45.635,291373): medv(A) :- rm(A, 4).  [covers 46,0/436,0 pos, 0,0/0,0 neg]
%     Score = -51.491,084054 (regressionFit = 51.491,084053, penalties=1.03E-6) for clause:  medv(A) :- rm(A, 7).  [covers 44,0/436,0 pos, 0,0/0,0 neg]
%     Score = -49.395,098040 (regressionFit = 49.395,098039, penalties=1.03E-6) for clause:  medv(A) :- rm(A, 1).  [covers 43,0/436,0 pos, 0,0/0,0 neg]
%     Score = -51.349,304384 (regressionFit = 51.349,304383, penalties=1.03E-6) for clause:  medv(A) :- age(A, 1).  [covers 43,0/436,0 pos, 0,0/0,0 neg]
%     Score = -51.589,722560 (regressionFit = 51.589,722559, penalties=1.03E-6) for clause:  medv(A) :- age(A, 9).  [covers 40,0/436,0 pos, 0,0/0,0 neg]
%     Score = -51.515,565468 (regressionFit = 51.515,565467, penalties=1.03E-6) for clause:  medv(A) :- age(A, 2).  [covers 40,0/436,0 pos, 0,0/0,0 neg]
%     Score = -51.550,087499 (regressionFit = 51.550,087498, penalties=1.03E-6) for clause:  medv(A) :- age(A, 5).  [covers 41,0/436,0 pos, 0,0/0,0 neg]
%     Score = -50.290,150046 (regressionFit = 50.290,150045, penalties=1.03E-6) for clause:  medv(A) :- age(A, 8).  [covers 49,0/436,0 pos, 0,0/0,0 neg]
%     Score = -51.617,365420 (regressionFit = 51.617,365419, penalties=1.03E-6) for clause:  medv(A) :- age(A, 3).  [covers 46,0/436,0 pos, 0,0/0,0 neg]
%     Score = -51.696,971729 (regressionFit = 51.696,971728, penalties=1.03E-6) for clause:  medv(A) :- age(A, 4).  [covers 37,0/436,0 pos, 0,0/0,0 neg]
%     Score = -51.386,622442 (regressionFit = 51.386,622441, penalties=1.03E-6) for clause:  medv(A) :- dis(A, 6).  [covers 32,0/436,0 pos, 0,0/0,0 neg]
%     Score = -51.213,486824 (regressionFit = 51.213,486823, penalties=1.03E-6) for clause:  medv(A) :- dis(A, 8).  [covers 42,0/436,0 pos, 0,0/0,0 neg]
%     Score = -48.165,145552 (regressionFit = 48.165,145551, penalties=1.03E-6) for clause:  medv(A) :- dis(A, 9).  [covers 43,0/436,0 pos, 0,0/0,0 neg]
%     Score = -50.964,745044 (regressionFit = 50.964,745043, penalties=1.03E-6) for clause:  medv(A) :- dis(A, 5).  [covers 46,0/436,0 pos, 0,0/0,0 neg]
%     Score = -51.014,392557 (regressionFit = 51.014,392556, penalties=1.03E-6) for clause:  medv(A) :- dis(A, 3).  [covers 50,0/436,0 pos, 0,0/0,0 neg]
%     Score = -51.451,244782 (regressionFit = 51.451,244781, penalties=1.03E-6) for clause:  medv(A) :- dis(A, 1).  [covers 48,0/436,0 pos, 0,0/0,0 neg]
%     Score = -51.157,864331 (regressionFit = 51.157,864330, penalties=1.03E-6) for clause:  medv(A) :- rad(A, 5).  [covers 112,0/436,0 pos, 0,0/0,0 neg]
%     Score = -51.518,699954 (regressionFit = 51.518,699953, penalties=1.03E-6) for clause:  medv(A) :- rad(A, 2).  [covers 23,0/436,0 pos, 0,0/0,0 neg]
%     Score = -50.780,457706 (regressionFit = 50.780,457705, penalties=1.03E-6) for clause:  medv(A) :- rad(A, 4).  [covers 101,0/436,0 pos, 0,0/0,0 neg]
%     Score = -51.589,814368 (regressionFit = 51.589,814367, penalties=1.03E-6) for clause:  medv(A) :- rad(A, 1).  [covers 15,0/436,0 pos, 0,0/0,0 neg]
%     Score = -51.579,369842 (regressionFit = 51.579,369841, penalties=1.03E-6) for clause:  medv(A) :- tax(A, 384).  [covers 11,0/436,0 pos, 0,0/0,0 neg]
%     Score = -51.685,917815 (regressionFit = 51.685,917813, penalties=1.03E-6) for clause:  medv(A) :- tax(A, 188).  [covers 7,0/436,0 pos, 0,0/0,0 neg]
%     Score = -51.700,187457 (regressionFit = 51.700,187456, penalties=1.03E-6) for clause:  medv(A) :- tax(A, 403).  [covers 29,0/436,0 pos, 0,0/0,0 neg]
%     Score = -51.699,425560 (regressionFit = 51.699,425559, penalties=1.03E-6) for clause:  medv(A) :- tax(A, 329).  [covers 6,0/436,0 pos, 0,0/0,0 neg]
%     Score = -Infinity (regressionFit = Infinity, penalties=1.03E-6) for clause:  medv(A) :- tax(A, 348).  [covers 2,0/436,0 pos, 0,0/0,0 neg]
%     Score = -51.385,622225 (regressionFit = 51.385,622224, penalties=1.03E-6) for clause:  medv(A) :- tax(A, 277).  [covers 11,0/436,0 pos, 0,0/0,0 neg]
%     Score = -51.631,547452 (regressionFit = 51.631,547451, penalties=1.03E-6) for clause:  medv(A) :- tax(A, 304).  [covers 14,0/436,0 pos, 0,0/0,0 neg]
%     Score = -Infinity (regressionFit = Infinity, penalties=1.03E-6) for clause:  medv(A) :- tax(A, 422).  [covers 1,0/436,0 pos, 0,0/0,0 neg]
%     Score = -51.696,763366 (regressionFit = 51.696,763365, penalties=1.03E-6) for clause:  medv(A) :- ptratio(A, 4).  [covers 32,0/436,0 pos, 0,0/0,0 neg]
%     Score = -50.719,020632 (regressionFit = 50.719,020631, penalties=1.03E-6) for clause:  medv(A) :- ptratio(A, 5).  [covers 42,0/436,0 pos, 0,0/0,0 neg]
%     Score = -51.024,125247 (regressionFit = 51.024,125246, penalties=1.03E-6) for clause:  medv(A) :- ptratio(A, 9).  [covers 50,0/436,0 pos, 0,0/0,0 neg]
%     Score = -50.902,489914 (regressionFit = 50.902,489913, penalties=1.03E-6) for clause:  medv(A) :- ptratio(A, 3).  [covers 51,0/436,0 pos, 0,0/0,0 neg]
%     Score = -50.796,561959 (regressionFit = 50.796,561958, penalties=1.03E-6) for clause:  medv(A) :- ptratio(A, 1).  [covers 45,0/436,0 pos, 0,0/0,0 neg]
%     Score = -51.575,701664 (regressionFit = 51.575,701662, penalties=1.03E-6) for clause:  medv(A) :- b(A, 2).  [covers 40,0/436,0 pos, 0,0/0,0 neg]
%     Score = -51.674,871764 (regressionFit = 51.674,871763, penalties=1.03E-6) for clause:  medv(A) :- b(A, 5).  [covers 46,0/436,0 pos, 0,0/0,0 neg]
%     Score = -48.223,385567 (regressionFit = 48.223,385566, penalties=1.03E-6) for clause:  medv(A) :- b(A, 7).  [covers 40,0/436,0 pos, 0,0/0,0 neg]
%     Score = -51.699,284692 (regressionFit = 51.699,284691, penalties=1.03E-6) for clause:  medv(A) :- b(A, 9).  [covers 41,0/436,0 pos, 0,0/0,0 neg]
%     Score = -51.394,161449 (regressionFit = 51.394,161448, penalties=1.03E-6) for clause:  medv(A) :- b(A, 3).  [covers 47,0/436,0 pos, 0,0/0,0 neg]
%     Score = -51.705,153085 (regressionFit = 51.705,153084, penalties=1.03E-6) for clause:  medv(A) :- b(A, 6).  [covers 47,0/436,0 pos, 0,0/0,0 neg]
%     Score = -51.639,228864 (regressionFit = 51.639,228863, penalties=1.03E-6) for clause:  medv(A) :- b(A, 1).  [covers 102,0/436,0 pos, 0,0/0,0 neg]
%     Score = -51.494,119768 (regressionFit = 51.494,119767, penalties=1.03E-6) for clause:  medv(A) :- lstat(A, 4).  [covers 42,0/436,0 pos, 0,0/0,0 neg]
%     Score = -51.623,528896 (regressionFit = 51.623,528895, penalties=1.03E-6) for clause:  medv(A) :- lstat(A, 10).  [covers 38,0/436,0 pos, 0,0/0,0 neg]
%     Score = -51.575,149559 (regressionFit = 51.575,149558, penalties=1.03E-6) for clause:  medv(A) :- lstat(A, 3).  [covers 51,0/436,0 pos, 0,0/0,0 neg]
%     Score = -50.159,336468 (regressionFit = 50.159,336467, penalties=1.03E-6) for clause:  medv(A) :- lstat(A, 2).  [covers 45,0/436,0 pos, 0,0/0,0 neg]
%     Score = -51.369,277627 (regressionFit = 51.369,277626, penalties=1.03E-6) for clause:  medv(A) :- lstat(A, 9).  [covers 46,0/436,0 pos, 0,0/0,0 neg]
%     Score = -51.587,531962 (regressionFit = 51.587,531960, penalties=1.03E-6) for clause:  medv(A) :- lstat(A, 7).  [covers 38,0/436,0 pos, 0,0/0,0 neg]

% The best node found: medv(A) :- rm(A, 4).  [covers 46,0/436,0 pos, 0,0/0,0 neg]

% The best node found: medv(A) :- rm(A, 4).  [covers 46,0/436,0 pos, 0,0/0,0 neg]
Setting 27.641838768021163 for 
 // Learned this clause on outer loop cycle #3.  It scores=-45.635,29 and has recall=0,11, precision=1,00, and F1=0,19 (using m-estimates).
 // It covers 10,6% of the positive examples, 46 of 436 (of which 43 are newly covered),
 // So far 135 (31,0%) of the positive examples have been covered.
(medv(A) :- rm(A, 4))

% On cycle #3, the best clause found is:
%      medv(A) :- rm(A, 4).  [covers 46,0/436,0 pos, 0,0/0,0 neg]
% This clause covers 46 positive examples, of which 43 are newly covered.
% It also covers 0 negative examples, of which 0 are newly covered.
% The current set of 3 best clauses covers 31,0% of the positive examples and NaN% of the negatives.}

% Have these 8 positive seeds: 71 83 90 195 217 318 372 377

% target           = medv(A)
%     Score = -Infinity (regressionFit = Infinity, penalties=1.1E-7) for clause:  medv(_).  [covers 436,0/436,0 pos, 0,0/0,0 neg]
% Unacceptable due to being the root node.
% Most-general root: medv(_).  [covers 436,0/436,0 pos, 0,0/0,0 neg]  score = -Infinity
%     Score = -55.111,801569 (regressionFit = 55.111,801568, penalties=1.03E-6) for clause:  medv(A) :- crim(A, 8).  [covers 32,0/436,0 pos, 0,0/0,0 neg]
% Gleaner: New best node found (score = -55.111,801569): medv(A) :- crim(A, 8).  [covers 32,0/436,0 pos, 0,0/0,0 neg]
%     Score = -55.184,162973 (regressionFit = 55.184,162972, penalties=1.03E-6) for clause:  medv(A) :- crim(A, 2).  [covers 51,0/436,0 pos, 0,0/0,0 neg]
%     Score = -54.422,805096 (regressionFit = 54.422,805095, penalties=1.03E-6) for clause:  medv(A) :- crim(A, 4).  [covers 41,0/436,0 pos, 0,0/0,0 neg]
% Gleaner: New best node found (score = -54.422,805096): medv(A) :- crim(A, 4).  [covers 41,0/436,0 pos, 0,0/0,0 neg]
%     Score = -55.505,006506 (regressionFit = 55.505,006505, penalties=1.03E-6) for clause:  medv(A) :- crim(A, 9).  [covers 32,0/436,0 pos, 0,0/0,0 neg]
%     Score = -55.459,800237 (regressionFit = 55.459,800236, penalties=1.03E-6) for clause:  medv(A) :- zn(A, 0).  [covers 307,0/436,0 pos, 0,0/0,0 neg]
%     Score = -55.224,790810 (regressionFit = 55.224,790809, penalties=1.03E-6) for clause:  medv(A) :- zn(A, 40).  [covers 7,0/436,0 pos, 0,0/0,0 neg]
%     Score = -55.329,302188 (regressionFit = 55.329,302187, penalties=1.03E-6) for clause:  medv(A) :- zn(A, 70).  [covers 3,0/436,0 pos, 0,0/0,0 neg]
%     Score = -55.341,319672 (regressionFit = 55.341,319671, penalties=1.03E-6) for clause:  medv(A) :- indus(A, 9).  [covers 29,0/436,0 pos, 0,0/0,0 neg]
%     Score = -55.162,187668 (regressionFit = 55.162,187667, penalties=1.03E-6) for clause:  medv(A) :- indus(A, 4).  [covers 49,0/436,0 pos, 0,0/0,0 neg]
%     Score = -55.225,368337 (regressionFit = 55.225,368336, penalties=1.03E-6) for clause:  medv(A) :- indus(A, 1).  [covers 48,0/436,0 pos, 0,0/0,0 neg]
%     Score = -55.498,142942 (regressionFit = 55.498,142941, penalties=1.03E-6) for clause:  medv(A) :- indus(A, 2).  [covers 51,0/436,0 pos, 0,0/0,0 neg]
%     Score = -49.620,880091 (regressionFit = 49.620,880090, penalties=1.03E-6) for clause:  medv(A) :- indus(A, 10).  [covers 90,0/436,0 pos, 0,0/0,0 neg]
% Gleaner: New best node found (score = -49.620,880091): medv(A) :- indus(A, 10).  [covers 90,0/436,0 pos, 0,0/0,0 neg]
%     Score = -55.400,993369 (regressionFit = 55.400,993368, penalties=1.03E-6) for clause:  medv(A) :- chas(A, 0).  [covers 401,0/436,0 pos, 0,0/0,0 neg]
%     Score = -55.455,818443 (regressionFit = 55.455,818442, penalties=1.03E-6) for clause:  medv(A) :- nox(A, 7).  [covers 32,0/436,0 pos, 0,0/0,0 neg]
%     Score = -54.988,138297 (regressionFit = 54.988,138296, penalties=1.03E-6) for clause:  medv(A) :- nox(A, 3).  [covers 43,0/436,0 pos, 0,0/0,0 neg]
%     Score = -55.331,414766 (regressionFit = 55.331,414765, penalties=1.03E-6) for clause:  medv(A) :- nox(A, 4).  [covers 48,0/436,0 pos, 0,0/0,0 neg]
%     Score = -55.514,352990 (regressionFit = 55.514,352989, penalties=1.03E-6) for clause:  medv(A) :- nox(A, 2).  [covers 48,0/436,0 pos, 0,0/0,0 neg]
%     Score = -55.456,020493 (regressionFit = 55.456,020492, penalties=1.03E-6) for clause:  medv(A) :- nox(A, 6).  [covers 48,0/436,0 pos, 0,0/0,0 neg]
%     Score = -47.126,296073 (regressionFit = 47.126,296072, penalties=1.03E-6) for clause:  medv(A) :- nox(A, 10).  [covers 42,0/436,0 pos, 0,0/0,0 neg]
% Gleaner: New best node found (score = -47.126,296073): medv(A) :- nox(A, 10).  [covers 42,0/436,0 pos, 0,0/0,0 neg]
%     Score = -55.403,417329 (regressionFit = 55.403,417328, penalties=1.03E-6) for clause:  medv(A) :- nox(A, 9).  [covers 42,0/436,0 pos, 0,0/0,0 neg]
%     Score = -54.858,830308 (regressionFit = 54.858,830307, penalties=1.03E-6) for clause:  medv(A) :- rm(A, 8).  [covers 45,0/436,0 pos, 0,0/0,0 neg]
%     Score = -50.863,460003 (regressionFit = 50.863,460002, penalties=1.03E-6) for clause:  medv(A) :- rm(A, 1).  [covers 43,0/436,0 pos, 0,0/0,0 neg]
%     Score = -54.355,543807 (regressionFit = 54.355,543806, penalties=1.03E-6) for clause:  medv(A) :- rm(A, 6).  [covers 43,0/436,0 pos, 0,0/0,0 neg]
%     Score = -54.516,913606 (regressionFit = 54.516,913605, penalties=1.03E-6) for clause:  medv(A) :- rm(A, 2).  [covers 44,0/436,0 pos, 0,0/0,0 neg]
%     Score = -53.737,961262 (regressionFit = 53.737,961261, penalties=1.03E-6) for clause:  medv(A) :- rm(A, 10).  [covers 40,0/436,0 pos, 0,0/0,0 neg]
%     Score = -54.739,747197 (regressionFit = 54.739,747196, penalties=1.03E-6) for clause:  medv(A) :- rm(A, 5).  [covers 39,0/436,0 pos, 0,0/0,0 neg]
%     Score = -55.489,139946 (regressionFit = 55.489,139945, penalties=1.03E-6) for clause:  medv(A) :- age(A, 9).  [covers 40,0/436,0 pos, 0,0/0,0 neg]
%     Score = -55.050,690931 (regressionFit = 55.050,690930, penalties=1.03E-6) for clause:  medv(A) :- age(A, 8).  [covers 49,0/436,0 pos, 0,0/0,0 neg]
%     Score = -55.064,110381 (regressionFit = 55.064,110380, penalties=1.03E-6) for clause:  medv(A) :- age(A, 1).  [covers 43,0/436,0 pos, 0,0/0,0 neg]
%     Score = -54.964,448552 (regressionFit = 54.964,448551, penalties=1.03E-6) for clause:  medv(A) :- age(A, 10).  [covers 49,0/436,0 pos, 0,0/0,0 neg]
%     Score = -55.502,808819 (regressionFit = 55.502,808818, penalties=1.03E-6) for clause:  medv(A) :- age(A, 2).  [covers 40,0/436,0 pos, 0,0/0,0 neg]
%     Score = -55.512,067934 (regressionFit = 55.512,067933, penalties=1.03E-6) for clause:  medv(A) :- age(A, 5).  [covers 41,0/436,0 pos, 0,0/0,0 neg]
%     Score = -54.724,096043 (regressionFit = 54.724,096042, penalties=1.03E-6) for clause:  medv(A) :- dis(A, 7).  [covers 29,0/436,0 pos, 0,0/0,0 neg]
%     Score = -55.495,175832 (regressionFit = 55.495,175831, penalties=1.03E-6) for clause:  medv(A) :- dis(A, 6).  [covers 32,0/436,0 pos, 0,0/0,0 neg]
%     Score = -54.907,119722 (regressionFit = 54.907,119721, penalties=1.03E-6) for clause:  medv(A) :- dis(A, 1).  [covers 48,0/436,0 pos, 0,0/0,0 neg]
%     Score = -55.490,371210 (regressionFit = 55.490,371209, penalties=1.03E-6) for clause:  medv(A) :- dis(A, 5).  [covers 46,0/436,0 pos, 0,0/0,0 neg]
%     Score = -55.267,478714 (regressionFit = 55.267,478713, penalties=1.03E-6) for clause:  medv(A) :- dis(A, 8).  [covers 42,0/436,0 pos, 0,0/0,0 neg]
%     Score = -55.150,160885 (regressionFit = 55.150,160884, penalties=1.03E-6) for clause:  medv(A) :- dis(A, 3).  [covers 50,0/436,0 pos, 0,0/0,0 neg]
%     Score = -55.123,213514 (regressionFit = 55.123,213513, penalties=1.03E-6) for clause:  medv(A) :- rad(A, 5).  [covers 112,0/436,0 pos, 0,0/0,0 neg]
%     Score = -55.223,748472 (regressionFit = 55.223,748471, penalties=1.03E-6) for clause:  medv(A) :- rad(A, 3).  [covers 37,0/436,0 pos, 0,0/0,0 neg]
%     Score = -53.196,451134 (regressionFit = 53.196,451133, penalties=1.03E-6) for clause:  medv(A) :- rad(A, 4).  [covers 101,0/436,0 pos, 0,0/0,0 neg]
%     Score = -49.620,880091 (regressionFit = 49.620,880090, penalties=1.03E-6) for clause:  medv(A) :- rad(A, 24).  [covers 90,0/436,0 pos, 0,0/0,0 neg]
%     Score = -55.341,319672 (regressionFit = 55.341,319671, penalties=1.03E-6) for clause:  medv(A) :- tax(A, 403).  [covers 29,0/436,0 pos, 0,0/0,0 neg]
%     Score = -55.146,201994 (regressionFit = 55.146,201993, penalties=1.03E-6) for clause:  medv(A) :- tax(A, 296).  [covers 8,0/436,0 pos, 0,0/0,0 neg]
%     Score = -55.346,169043 (regressionFit = 55.346,169042, penalties=1.03E-6) for clause:  medv(A) :- tax(A, 193).  [covers 8,0/436,0 pos, 0,0/0,0 neg]
%     Score = -55.240,241033 (regressionFit = 55.240,241032, penalties=1.03E-6) for clause:  medv(A) :- tax(A, 254).  [covers 5,0/436,0 pos, 0,0/0,0 neg]
%     Score = -55.329,302188 (regressionFit = 55.329,302187, penalties=1.03E-6) for clause:  medv(A) :- tax(A, 358).  [covers 3,0/436,0 pos, 0,0/0,0 neg]
%     Score = -49.620,880091 (regressionFit = 49.620,880090, penalties=1.03E-6) for clause:  medv(A) :- tax(A, 666).  [covers 90,0/436,0 pos, 0,0/0,0 neg]
%     Score = -55.438,385799 (regressionFit = 55.438,385798, penalties=1.03E-6) for clause:  medv(A) :- tax(A, 233).  [covers 9,0/436,0 pos, 0,0/0,0 neg]
%     Score = -55.083,018366 (regressionFit = 55.083,018365, penalties=1.03E-6) for clause:  medv(A) :- ptratio(A, 9).  [covers 50,0/436,0 pos, 0,0/0,0 neg]
%     Score = -55.346,589825 (regressionFit = 55.346,589824, penalties=1.03E-6) for clause:  medv(A) :- ptratio(A, 6).  [covers 48,0/436,0 pos, 0,0/0,0 neg]
%     Score = -55.489,954008 (regressionFit = 55.489,954007, penalties=1.03E-6) for clause:  medv(A) :- ptratio(A, 2).  [covers 47,0/436,0 pos, 0,0/0,0 neg]
%     Score = -55.462,555445 (regressionFit = 55.462,555444, penalties=1.03E-6) for clause:  medv(A) :- ptratio(A, 1).  [covers 45,0/436,0 pos, 0,0/0,0 neg]
%     Score = -50.522,137211 (regressionFit = 50.522,137210, penalties=1.03E-6) for clause:  medv(A) :- ptratio(A, 10).  [covers 97,0/436,0 pos, 0,0/0,0 neg]
%     Score = -55.043,445806 (regressionFit = 55.043,445805, penalties=1.03E-6) for clause:  medv(A) :- b(A, 3).  [covers 47,0/436,0 pos, 0,0/0,0 neg]
%     Score = -55.492,253147 (regressionFit = 55.492,253146, penalties=1.03E-6) for clause:  medv(A) :- b(A, 6).  [covers 47,0/436,0 pos, 0,0/0,0 neg]
%     Score = -55.371,667686 (regressionFit = 55.371,667685, penalties=1.03E-6) for clause:  medv(A) :- b(A, 1).  [covers 102,0/436,0 pos, 0,0/0,0 neg]
%     Score = -54.814,949572 (regressionFit = 54.814,949571, penalties=1.03E-6) for clause:  medv(A) :- b(A, 8).  [covers 46,0/436,0 pos, 0,0/0,0 neg]
%     Score = -55.346,636259 (regressionFit = 55.346,636258, penalties=1.03E-6) for clause:  medv(A) :- b(A, 9).  [covers 41,0/436,0 pos, 0,0/0,0 neg]
%     Score = -54.331,369818 (regressionFit = 54.331,369817, penalties=1.03E-6) for clause:  medv(A) :- lstat(A, 4).  [covers 42,0/436,0 pos, 0,0/0,0 neg]
%     Score = -55.488,579402 (regressionFit = 55.488,579401, penalties=1.03E-6) for clause:  medv(A) :- lstat(A, 1).  [covers 49,0/436,0 pos, 0,0/0,0 neg]
%     Score = -53.313,891838 (regressionFit = 53.313,891837, penalties=1.03E-6) for clause:  medv(A) :- lstat(A, 2).  [covers 45,0/436,0 pos, 0,0/0,0 neg]
%     Score = -55.202,475185 (regressionFit = 55.202,475184, penalties=1.03E-6) for clause:  medv(A) :- lstat(A, 9).  [covers 46,0/436,0 pos, 0,0/0,0 neg]
%     Score = -53.976,510603 (regressionFit = 53.976,510602, penalties=1.03E-6) for clause:  medv(A) :- lstat(A, 5).  [covers 39,0/436,0 pos, 0,0/0,0 neg]
%     Score = -55.505,025098 (regressionFit = 55.505,025097, penalties=1.03E-6) for clause:  medv(A) :- lstat(A, 7).  [covers 38,0/436,0 pos, 0,0/0,0 neg]

% The best node found: medv(A) :- nox(A, 10).  [covers 42,0/436,0 pos, 0,0/0,0 neg]

% The best node found: medv(A) :- nox(A, 10).  [covers 42,0/436,0 pos, 0,0/0,0 neg]
Setting 0.4258441876286948 for 
 // Learned this clause on outer loop cycle #4.  It scores=-47.126,30 and has recall=0,10, precision=1,00, and F1=0,18 (using m-estimates).
 // It covers 9,6% of the positive examples, 42 of 436 (of which 14 are newly covered),
 // So far 149 (34,2%) of the positive examples have been covered.
(medv(A) :- nox(A, 10))

% On cycle #4, the best clause found is:
%      medv(A) :- nox(A, 10).  [covers 42,0/436,0 pos, 0,0/0,0 neg]
% This clause covers 42 positive examples, of which 14 are newly covered.
% It also covers 0 negative examples, of which 0 are newly covered.
% The current set of 4 best clauses covers 34,2% of the positive examples and NaN% of the negatives.}

% Have these 10 positive seeds: 1 5 31 45 53 122 137 149 156 225

% target           = medv(A)
%     Score = -Infinity (regressionFit = Infinity, penalties=1.1E-7) for clause:  medv(_).  [covers 436,0/436,0 pos, 0,0/0,0 neg]
% Unacceptable due to being the root node.
% Most-general root: medv(_).  [covers 436,0/436,0 pos, 0,0/0,0 neg]  score = -Infinity
%     Score = -55.014,158182 (regressionFit = 55.014,158181, penalties=1.03E-6) for clause:  medv(A) :- crim(A, 3).  [covers 47,0/436,0 pos, 0,0/0,0 neg]
% Gleaner: New best node found (score = -55.014,158182): medv(A) :- crim(A, 3).  [covers 47,0/436,0 pos, 0,0/0,0 neg]
%     Score = -54.891,957158 (regressionFit = 54.891,957157, penalties=1.03E-6) for clause:  medv(A) :- crim(A, 4).  [covers 41,0/436,0 pos, 0,0/0,0 neg]
% Gleaner: New best node found (score = -54.891,957158): medv(A) :- crim(A, 4).  [covers 41,0/436,0 pos, 0,0/0,0 neg]
%     Score = -56.003,129157 (regressionFit = 56.003,129156, penalties=1.03E-6) for clause:  medv(A) :- crim(A, 7).  [covers 47,0/436,0 pos, 0,0/0,0 neg]
%     Score = -55.595,865864 (regressionFit = 55.595,865863, penalties=1.03E-6) for clause:  medv(A) :- crim(A, 8).  [covers 32,0/436,0 pos, 0,0/0,0 neg]
%     Score = -55.991,380718 (regressionFit = 55.991,380717, penalties=1.03E-6) for clause:  medv(A) :- crim(A, 5).  [covers 49,0/436,0 pos, 0,0/0,0 neg]
%     Score = -55.872,824183 (regressionFit = 55.872,824182, penalties=1.03E-6) for clause:  medv(A) :- crim(A, 6).  [covers 43,0/436,0 pos, 0,0/0,0 neg]
%     Score = -55.955,270506 (regressionFit = 55.955,270505, penalties=1.03E-6) for clause:  medv(A) :- zn(A, 0).  [covers 307,0/436,0 pos, 0,0/0,0 neg]
%     Score = -55.945,745701 (regressionFit = 55.945,745700, penalties=1.03E-6) for clause:  medv(A) :- zn(A, 30).  [covers 6,0/436,0 pos, 0,0/0,0 neg]
%     Score = -55.604,326313 (regressionFit = 55.604,326312, penalties=1.03E-6) for clause:  medv(A) :- zn(A, 33).  [covers 4,0/436,0 pos, 0,0/0,0 neg]
%     Score = -55.211,417735 (regressionFit = 55.211,417734, penalties=1.03E-6) for clause:  medv(A) :- indus(A, 3).  [covers 47,0/436,0 pos, 0,0/0,0 neg]
%     Score = -55.772,689729 (regressionFit = 55.772,689728, penalties=1.03E-6) for clause:  medv(A) :- indus(A, 8).  [covers 21,0/436,0 pos, 0,0/0,0 neg]
%     Score = -55.822,702893 (regressionFit = 55.822,702892, penalties=1.03E-6) for clause:  medv(A) :- indus(A, 9).  [covers 29,0/436,0 pos, 0,0/0,0 neg]
%     Score = -55.988,134220 (regressionFit = 55.988,134219, penalties=1.03E-6) for clause:  medv(A) :- indus(A, 2).  [covers 51,0/436,0 pos, 0,0/0,0 neg]
%     Score = -54.820,579874 (regressionFit = 54.820,579873, penalties=1.03E-6) for clause:  medv(A) :- indus(A, 5).  [covers 48,0/436,0 pos, 0,0/0,0 neg]
% Gleaner: New best node found (score = -54.820,579874): medv(A) :- indus(A, 5).  [covers 48,0/436,0 pos, 0,0/0,0 neg]
%     Score = -55.723,019253 (regressionFit = 55.723,019252, penalties=1.03E-6) for clause:  medv(A) :- indus(A, 1).  [covers 48,0/436,0 pos, 0,0/0,0 neg]
%     Score = -55.882,982777 (regressionFit = 55.882,982775, penalties=1.03E-6) for clause:  medv(A) :- chas(A, 0).  [covers 401,0/436,0 pos, 0,0/0,0 neg]
%     Score = -55.462,516716 (regressionFit = 55.462,516715, penalties=1.03E-6) for clause:  medv(A) :- nox(A, 3).  [covers 43,0/436,0 pos, 0,0/0,0 neg]
%     Score = -55.946,966322 (regressionFit = 55.946,966321, penalties=1.03E-6) for clause:  medv(A) :- nox(A, 7).  [covers 32,0/436,0 pos, 0,0/0,0 neg]
%     Score = -55.980,264403 (regressionFit = 55.980,264402, penalties=1.03E-6) for clause:  medv(A) :- nox(A, 8).  [covers 36,0/436,0 pos, 0,0/0,0 neg]
%     Score = -55.896,740876 (regressionFit = 55.896,740875, penalties=1.03E-6) for clause:  medv(A) :- nox(A, 9).  [covers 42,0/436,0 pos, 0,0/0,0 neg]
%     Score = -55.071,532193 (regressionFit = 55.071,532192, penalties=1.03E-6) for clause:  medv(A) :- nox(A, 1).  [covers 47,0/436,0 pos, 0,0/0,0 neg]
%     Score = -55.409,389352 (regressionFit = 55.409,389351, penalties=1.03E-6) for clause:  medv(A) :- nox(A, 5).  [covers 50,0/436,0 pos, 0,0/0,0 neg]
%     Score = -55.810,618329 (regressionFit = 55.810,618328, penalties=1.03E-6) for clause:  medv(A) :- nox(A, 4).  [covers 48,0/436,0 pos, 0,0/0,0 neg]
%     Score = -51.330,924225 (regressionFit = 51.330,924224, penalties=1.03E-6) for clause:  medv(A) :- rm(A, 1).  [covers 43,0/436,0 pos, 0,0/0,0 neg]
% Gleaner: New best node found (score = -51.330,924225): medv(A) :- rm(A, 1).  [covers 43,0/436,0 pos, 0,0/0,0 neg]
%     Score = -54.847,011874 (regressionFit = 54.847,011873, penalties=1.03E-6) for clause:  medv(A) :- rm(A, 6).  [covers 43,0/436,0 pos, 0,0/0,0 neg]
%     Score = -55.968,983915 (regressionFit = 55.968,983914, penalties=1.03E-6) for clause:  medv(A) :- rm(A, 7).  [covers 44,0/436,0 pos, 0,0/0,0 neg]
%     Score = -55.465,544042 (regressionFit = 55.465,544041, penalties=1.03E-6) for clause:  medv(A) :- rm(A, 9).  [covers 44,0/436,0 pos, 0,0/0,0 neg]
%     Score = -55.224,205390 (regressionFit = 55.224,205389, penalties=1.03E-6) for clause:  medv(A) :- rm(A, 5).  [covers 39,0/436,0 pos, 0,0/0,0 neg]
%     Score = -55.989,694462 (regressionFit = 55.989,694461, penalties=1.03E-6) for clause:  medv(A) :- age(A, 2).  [covers 40,0/436,0 pos, 0,0/0,0 neg]
%     Score = -55.975,772415 (regressionFit = 55.975,772414, penalties=1.03E-6) for clause:  medv(A) :- age(A, 9).  [covers 40,0/436,0 pos, 0,0/0,0 neg]
%     Score = -55.708,635229 (regressionFit = 55.708,635228, penalties=1.03E-6) for clause:  medv(A) :- age(A, 7).  [covers 43,0/436,0 pos, 0,0/0,0 neg]
%     Score = -55.998,380659 (regressionFit = 55.998,380658, penalties=1.03E-6) for clause:  medv(A) :- age(A, 5).  [covers 41,0/436,0 pos, 0,0/0,0 neg]
%     Score = -55.539,462348 (regressionFit = 55.539,462347, penalties=1.03E-6) for clause:  medv(A) :- age(A, 1).  [covers 43,0/436,0 pos, 0,0/0,0 neg]
%     Score = -55.980,406873 (regressionFit = 55.980,406872, penalties=1.03E-6) for clause:  medv(A) :- dis(A, 6).  [covers 32,0/436,0 pos, 0,0/0,0 neg]
%     Score = -53.127,627524 (regressionFit = 53.127,627523, penalties=1.03E-6) for clause:  medv(A) :- dis(A, 9).  [covers 43,0/436,0 pos, 0,0/0,0 neg]
%     Score = -54.231,104241 (regressionFit = 54.231,104240, penalties=1.03E-6) for clause:  medv(A) :- dis(A, 10).  [covers 51,0/436,0 pos, 0,0/0,0 neg]
%     Score = -55.889,923208 (regressionFit = 55.889,923207, penalties=1.03E-6) for clause:  medv(A) :- dis(A, 4).  [covers 45,0/436,0 pos, 0,0/0,0 neg]
%     Score = -55.625,751850 (regressionFit = 55.625,751849, penalties=1.03E-6) for clause:  medv(A) :- dis(A, 3).  [covers 50,0/436,0 pos, 0,0/0,0 neg]
%     Score = -55.590,479587 (regressionFit = 55.590,479586, penalties=1.03E-6) for clause:  medv(A) :- rad(A, 5).  [covers 112,0/436,0 pos, 0,0/0,0 neg]
%     Score = -55.719,131569 (regressionFit = 55.719,131568, penalties=1.03E-6) for clause:  medv(A) :- rad(A, 2).  [covers 23,0/436,0 pos, 0,0/0,0 neg]
%     Score = -53.638,404137 (regressionFit = 53.638,404136, penalties=1.03E-6) for clause:  medv(A) :- rad(A, 4).  [covers 101,0/436,0 pos, 0,0/0,0 neg]
%     Score = -55.815,597429 (regressionFit = 55.815,597428, penalties=1.03E-6) for clause:  medv(A) :- rad(A, 8).  [covers 24,0/436,0 pos, 0,0/0,0 neg]
%     Score = -55.553,460056 (regressionFit = 55.553,460055, penalties=1.03E-6) for clause:  medv(A) :- rad(A, 6).  [covers 18,0/436,0 pos, 0,0/0,0 neg]
%     Score = -56.002,972673 (regressionFit = 56.002,972672, penalties=1.03E-6) for clause:  medv(A) :- rad(A, 7).  [covers 16,0/436,0 pos, 0,0/0,0 neg]
%     Score = -55.841,509763 (regressionFit = 55.841,509762, penalties=1.03E-6) for clause:  medv(A) :- tax(A, 384).  [covers 11,0/436,0 pos, 0,0/0,0 neg]
%     Score = -55.852,101379 (regressionFit = 55.852,101378, penalties=1.03E-6) for clause:  medv(A) :- tax(A, 188).  [covers 7,0/436,0 pos, 0,0/0,0 neg]
%     Score = -55.909,566443 (regressionFit = 55.909,566442, penalties=1.03E-6) for clause:  medv(A) :- tax(A, 437).  [covers 14,0/436,0 pos, 0,0/0,0 neg]
%     Score = -55.822,702893 (regressionFit = 55.822,702892, penalties=1.03E-6) for clause:  medv(A) :- tax(A, 403).  [covers 29,0/436,0 pos, 0,0/0,0 neg]
%     Score = -55.974,022218 (regressionFit = 55.974,022217, penalties=1.03E-6) for clause:  medv(A) :- tax(A, 307).  [covers 39,0/436,0 pos, 0,0/0,0 neg]
%     Score = -55.907,913033 (regressionFit = 55.907,913032, penalties=1.03E-6) for clause:  medv(A) :- tax(A, 300).  [covers 7,0/436,0 pos, 0,0/0,0 neg]
%     Score = -55.756,702276 (regressionFit = 55.756,702275, penalties=1.03E-6) for clause:  medv(A) :- tax(A, 222).  [covers 7,0/436,0 pos, 0,0/0,0 neg]
%     Score = -55.771,334562 (regressionFit = 55.771,334561, penalties=1.03E-6) for clause:  medv(A) :- ptratio(A, 4).  [covers 32,0/436,0 pos, 0,0/0,0 neg]
%     Score = -54.551,093729 (regressionFit = 54.551,093728, penalties=1.03E-6) for clause:  medv(A) :- ptratio(A, 5).  [covers 42,0/436,0 pos, 0,0/0,0 neg]
%     Score = -55.869,000612 (regressionFit = 55.869,000611, penalties=1.03E-6) for clause:  medv(A) :- ptratio(A, 7).  [covers 16,0/436,0 pos, 0,0/0,0 neg]
%     Score = -55.583,223215 (regressionFit = 55.583,223214, penalties=1.03E-6) for clause:  medv(A) :- ptratio(A, 9).  [covers 50,0/436,0 pos, 0,0/0,0 neg]
%     Score = -55.826,137384 (regressionFit = 55.826,137383, penalties=1.03E-6) for clause:  medv(A) :- ptratio(A, 6).  [covers 48,0/436,0 pos, 0,0/0,0 neg]
%     Score = -54.824,428046 (regressionFit = 54.824,428045, penalties=1.03E-6) for clause:  medv(A) :- ptratio(A, 3).  [covers 51,0/436,0 pos, 0,0/0,0 neg]
%     Score = -55.523,668389 (regressionFit = 55.523,668388, penalties=1.03E-6) for clause:  medv(A) :- b(A, 3).  [covers 47,0/436,0 pos, 0,0/0,0 neg]
%     Score = -55.832,380877 (regressionFit = 55.832,380876, penalties=1.03E-6) for clause:  medv(A) :- b(A, 9).  [covers 41,0/436,0 pos, 0,0/0,0 neg]
%     Score = -55.982,523540 (regressionFit = 55.982,523539, penalties=1.03E-6) for clause:  medv(A) :- b(A, 6).  [covers 47,0/436,0 pos, 0,0/0,0 neg]
%     Score = -56.001,674696 (regressionFit = 56.001,674695, penalties=1.03E-6) for clause:  medv(A) :- b(A, 2).  [covers 40,0/436,0 pos, 0,0/0,0 neg]
%     Score = -55.297,384641 (regressionFit = 55.297,384640, penalties=1.03E-6) for clause:  medv(A) :- b(A, 8).  [covers 46,0/436,0 pos, 0,0/0,0 neg]
%     Score = -55.847,136266 (regressionFit = 55.847,136265, penalties=1.03E-6) for clause:  medv(A) :- b(A, 1).  [covers 102,0/436,0 pos, 0,0/0,0 neg]
%     Score = -53.774,011147 (regressionFit = 53.774,011146, penalties=1.03E-6) for clause:  medv(A) :- lstat(A, 2).  [covers 45,0/436,0 pos, 0,0/0,0 neg]
%     Score = -55.977,641617 (regressionFit = 55.977,641616, penalties=1.03E-6) for clause:  medv(A) :- lstat(A, 10).  [covers 38,0/436,0 pos, 0,0/0,0 neg]
%     Score = -52.523,804889 (regressionFit = 52.523,804888, penalties=1.03E-6) for clause:  medv(A) :- lstat(A, 6).  [covers 44,0/436,0 pos, 0,0/0,0 neg]
%     Score = -54.406,014155 (regressionFit = 54.406,014154, penalties=1.03E-6) for clause:  medv(A) :- lstat(A, 5).  [covers 39,0/436,0 pos, 0,0/0,0 neg]
%     Score = -55.679,450119 (regressionFit = 55.679,450118, penalties=1.03E-6) for clause:  medv(A) :- lstat(A, 9).  [covers 46,0/436,0 pos, 0,0/0,0 neg]
%     Score = -55.425,337024 (regressionFit = 55.425,337023, penalties=1.03E-6) for clause:  medv(A) :- lstat(A, 8).  [covers 44,0/436,0 pos, 0,0/0,0 neg]
%     Score = -54.799,517275 (regressionFit = 54.799,517274, penalties=1.03E-6) for clause:  medv(A) :- lstat(A, 4).  [covers 42,0/436,0 pos, 0,0/0,0 neg]

% The best node found: medv(A) :- rm(A, 1).  [covers 43,0/436,0 pos, 0,0/0,0 neg]

% The best node found: medv(A) :- rm(A, 1).  [covers 43,0/436,0 pos, 0,0/0,0 neg]
Setting 23.71661448209397 for 
 // Learned this clause on outer loop cycle #5.  It scores=-51.330,92 and has recall=0,10, precision=1,00, and F1=0,18 (using m-estimates).
 // It covers 9,9% of the positive examples, 43 of 436 (of which 39 are newly covered),
 // So far 188 (43,1%) of the positive examples have been covered.
(medv(A) :- rm(A, 1))

% On cycle #5, the best clause found is:
%      medv(A) :- rm(A, 1).  [covers 43,0/436,0 pos, 0,0/0,0 neg]
% This clause covers 43 positive examples, of which 39 are newly covered.
% It also covers 0 negative examples, of which 0 are newly covered.
% The current set of 5 best clauses covers 43,1% of the positive examples and NaN% of the negatives.}

% Have these 10 positive seeds: 37 72 100 165 204 222 258 269 381 382

% target           = medv(A)
%     Score = -Infinity (regressionFit = Infinity, penalties=1.1E-7) for clause:  medv(_).  [covers 436,0/436,0 pos, 0,0/0,0 neg]
% Unacceptable due to being the root node.
% Most-general root: medv(_).  [covers 436,0/436,0 pos, 0,0/0,0 neg]  score = -Infinity
%     Score = -57.518,583085 (regressionFit = 57.518,583084, penalties=1.03E-6) for clause:  medv(A) :- crim(A, 5).  [covers 49,0/436,0 pos, 0,0/0,0 neg]
% Gleaner: New best node found (score = -57.518,583085): medv(A) :- crim(A, 5).  [covers 49,0/436,0 pos, 0,0/0,0 neg]
%     Score = -56.468,025867 (regressionFit = 56.468,025866, penalties=1.03E-6) for clause:  medv(A) :- crim(A, 8).  [covers 32,0/436,0 pos, 0,0/0,0 neg]
% Gleaner: New best node found (score = -56.468,025867): medv(A) :- crim(A, 8).  [covers 32,0/436,0 pos, 0,0/0,0 neg]
%     Score = -57.302,849565 (regressionFit = 57.302,849564, penalties=1.03E-6) for clause:  medv(A) :- crim(A, 1).  [covers 49,0/436,0 pos, 0,0/0,0 neg]
%     Score = -57.272,208616 (regressionFit = 57.272,208615, penalties=1.03E-6) for clause:  medv(A) :- crim(A, 2).  [covers 51,0/436,0 pos, 0,0/0,0 neg]
%     Score = -55.577,989033 (regressionFit = 55.577,989032, penalties=1.03E-6) for clause:  medv(A) :- crim(A, 4).  [covers 41,0/436,0 pos, 0,0/0,0 neg]
% Gleaner: New best node found (score = -55.577,989033): medv(A) :- crim(A, 4).  [covers 41,0/436,0 pos, 0,0/0,0 neg]
%     Score = -56.992,501167 (regressionFit = 56.992,501166, penalties=1.03E-6) for clause:  medv(A) :- zn(A, 0).  [covers 307,0/436,0 pos, 0,0/0,0 neg]
%     Score = -57.549,576218 (regressionFit = 57.549,576217, penalties=1.03E-6) for clause:  medv(A) :- zn(A, 80).  [covers 14,0/436,0 pos, 0,0/0,0 neg]
%     Score = -57.601,235403 (regressionFit = 57.601,235402, penalties=1.03E-6) for clause:  medv(A) :- zn(A, 34).  [covers 3,0/436,0 pos, 0,0/0,0 neg]
%     Score = -56.934,314853 (regressionFit = 56.934,314852, penalties=1.03E-6) for clause:  medv(A) :- indus(A, 8).  [covers 21,0/436,0 pos, 0,0/0,0 neg]
%     Score = -57.138,928802 (regressionFit = 57.138,928801, penalties=1.03E-6) for clause:  medv(A) :- indus(A, 9).  [covers 29,0/436,0 pos, 0,0/0,0 neg]
%     Score = -56.191,026013 (regressionFit = 56.191,026012, penalties=1.03E-6) for clause:  medv(A) :- indus(A, 3).  [covers 47,0/436,0 pos, 0,0/0,0 neg]
%     Score = -56.801,731309 (regressionFit = 56.801,731308, penalties=1.03E-6) for clause:  medv(A) :- indus(A, 1).  [covers 48,0/436,0 pos, 0,0/0,0 neg]
%     Score = -57.565,702160 (regressionFit = 57.565,702159, penalties=1.03E-6) for clause:  medv(A) :- indus(A, 2).  [covers 51,0/436,0 pos, 0,0/0,0 neg]
%     Score = -57.111,195774 (regressionFit = 57.111,195773, penalties=1.03E-6) for clause:  medv(A) :- indus(A, 5).  [covers 48,0/436,0 pos, 0,0/0,0 neg]
%     Score = -57.453,935044 (regressionFit = 57.453,935043, penalties=1.03E-6) for clause:  medv(A) :- chas(A, 0).  [covers 401,0/436,0 pos, 0,0/0,0 neg]
%     Score = -57.384,619070 (regressionFit = 57.384,619069, penalties=1.03E-6) for clause:  medv(A) :- nox(A, 8).  [covers 36,0/436,0 pos, 0,0/0,0 neg]
%     Score = -57.615,551653 (regressionFit = 57.615,551652, penalties=1.03E-6) for clause:  medv(A) :- nox(A, 7).  [covers 32,0/436,0 pos, 0,0/0,0 neg]
%     Score = -56.967,601147 (regressionFit = 56.967,601145, penalties=1.03E-6) for clause:  medv(A) :- nox(A, 1).  [covers 47,0/436,0 pos, 0,0/0,0 neg]
%     Score = -57.619,091779 (regressionFit = 57.619,091778, penalties=1.03E-6) for clause:  medv(A) :- nox(A, 6).  [covers 48,0/436,0 pos, 0,0/0,0 neg]
%     Score = -57.611,650135 (regressionFit = 57.611,650134, penalties=1.03E-6) for clause:  medv(A) :- nox(A, 5).  [covers 50,0/436,0 pos, 0,0/0,0 neg]
%     Score = -57.345,196526 (regressionFit = 57.345,196525, penalties=1.03E-6) for clause:  medv(A) :- nox(A, 3).  [covers 43,0/436,0 pos, 0,0/0,0 neg]
%     Score = -57.558,875877 (regressionFit = 57.558,875876, penalties=1.03E-6) for clause:  medv(A) :- nox(A, 2).  [covers 48,0/436,0 pos, 0,0/0,0 neg]
%     Score = -54.276,341443 (regressionFit = 54.276,341442, penalties=1.03E-6) for clause:  medv(A) :- rm(A, 10).  [covers 40,0/436,0 pos, 0,0/0,0 neg]
% Gleaner: New best node found (score = -54.276,341443): medv(A) :- rm(A, 10).  [covers 40,0/436,0 pos, 0,0/0,0 neg]
%     Score = -55.103,304059 (regressionFit = 55.103,304058, penalties=1.03E-6) for clause:  medv(A) :- rm(A, 6).  [covers 43,0/436,0 pos, 0,0/0,0 neg]
%     Score = -57.572,558211 (regressionFit = 57.572,558210, penalties=1.03E-6) for clause:  medv(A) :- rm(A, 9).  [covers 44,0/436,0 pos, 0,0/0,0 neg]
%     Score = -55.830,828529 (regressionFit = 55.830,828528, penalties=1.03E-6) for clause:  medv(A) :- rm(A, 8).  [covers 45,0/436,0 pos, 0,0/0,0 neg]
%     Score = -55.329,740443 (regressionFit = 55.329,740442, penalties=1.03E-6) for clause:  medv(A) :- rm(A, 2).  [covers 44,0/436,0 pos, 0,0/0,0 neg]
%     Score = -55.751,313316 (regressionFit = 55.751,313314, penalties=1.03E-6) for clause:  medv(A) :- rm(A, 5).  [covers 39,0/436,0 pos, 0,0/0,0 neg]
%     Score = -57.125,762677 (regressionFit = 57.125,762676, penalties=1.03E-6) for clause:  medv(A) :- rm(A, 7).  [covers 44,0/436,0 pos, 0,0/0,0 neg]
%     Score = -57.526,010402 (regressionFit = 57.526,010401, penalties=1.03E-6) for clause:  medv(A) :- age(A, 5).  [covers 41,0/436,0 pos, 0,0/0,0 neg]
%     Score = -57.464,480371 (regressionFit = 57.464,480370, penalties=1.03E-6) for clause:  medv(A) :- age(A, 7).  [covers 43,0/436,0 pos, 0,0/0,0 neg]
%     Score = -57.571,761857 (regressionFit = 57.571,761856, penalties=1.03E-6) for clause:  medv(A) :- age(A, 8).  [covers 49,0/436,0 pos, 0,0/0,0 neg]
%     Score = -57.363,467097 (regressionFit = 57.363,467096, penalties=1.03E-6) for clause:  medv(A) :- age(A, 10).  [covers 49,0/436,0 pos, 0,0/0,0 neg]
%     Score = -57.510,719098 (regressionFit = 57.510,719097, penalties=1.03E-6) for clause:  medv(A) :- age(A, 3).  [covers 46,0/436,0 pos, 0,0/0,0 neg]
%     Score = -55.918,572388 (regressionFit = 55.918,572387, penalties=1.03E-6) for clause:  medv(A) :- dis(A, 7).  [covers 29,0/436,0 pos, 0,0/0,0 neg]
%     Score = -57.612,080197 (regressionFit = 57.612,080196, penalties=1.03E-6) for clause:  medv(A) :- dis(A, 4).  [covers 45,0/436,0 pos, 0,0/0,0 neg]
%     Score = -57.042,859291 (regressionFit = 57.042,859290, penalties=1.03E-6) for clause:  medv(A) :- dis(A, 1).  [covers 48,0/436,0 pos, 0,0/0,0 neg]
%     Score = -57.619,123260 (regressionFit = 57.619,123259, penalties=1.03E-6) for clause:  medv(A) :- dis(A, 5).  [covers 46,0/436,0 pos, 0,0/0,0 neg]
%     Score = -57.292,658622 (regressionFit = 57.292,658621, penalties=1.03E-6) for clause:  medv(A) :- dis(A, 2).  [covers 50,0/436,0 pos, 0,0/0,0 neg]
%     Score = -57.547,072950 (regressionFit = 57.547,072949, penalties=1.03E-6) for clause:  medv(A) :- dis(A, 3).  [covers 50,0/436,0 pos, 0,0/0,0 neg]
%     Score = -55.758,099296 (regressionFit = 55.758,099294, penalties=1.03E-6) for clause:  medv(A) :- rad(A, 4).  [covers 101,0/436,0 pos, 0,0/0,0 neg]
%     Score = -56.821,995717 (regressionFit = 56.821,995716, penalties=1.03E-6) for clause:  medv(A) :- rad(A, 5).  [covers 112,0/436,0 pos, 0,0/0,0 neg]
%     Score = -57.540,585387 (regressionFit = 57.540,585386, penalties=1.03E-6) for clause:  medv(A) :- rad(A, 1).  [covers 15,0/436,0 pos, 0,0/0,0 neg]
%     Score = -57.553,194734 (regressionFit = 57.553,194733, penalties=1.03E-6) for clause:  medv(A) :- rad(A, 7).  [covers 16,0/436,0 pos, 0,0/0,0 neg]
%     Score = -57.365,755342 (regressionFit = 57.365,755340, penalties=1.03E-6) for clause:  medv(A) :- rad(A, 3).  [covers 37,0/436,0 pos, 0,0/0,0 neg]
%     Score = -57.274,212721 (regressionFit = 57.274,212720, penalties=1.03E-6) for clause:  medv(A) :- tax(A, 437).  [covers 14,0/436,0 pos, 0,0/0,0 neg]
%     Score = -57.138,928802 (regressionFit = 57.138,928801, penalties=1.03E-6) for clause:  medv(A) :- tax(A, 403).  [covers 29,0/436,0 pos, 0,0/0,0 neg]
%     Score = -57.519,279076 (regressionFit = 57.519,279075, penalties=1.03E-6) for clause:  medv(A) :- tax(A, 307).  [covers 39,0/436,0 pos, 0,0/0,0 neg]
%     Score = -Infinity (regressionFit = Infinity, penalties=1.03E-6) for clause:  medv(A) :- tax(A, 241).  [covers 1,0/436,0 pos, 0,0/0,0 neg]
%     Score = -57.142,203571 (regressionFit = 57.142,203570, penalties=1.03E-6) for clause:  medv(A) :- tax(A, 329).  [covers 6,0/436,0 pos, 0,0/0,0 neg]
%     Score = -57.374,523368 (regressionFit = 57.374,523367, penalties=1.03E-6) for clause:  medv(A) :- tax(A, 224).  [covers 9,0/436,0 pos, 0,0/0,0 neg]
%     Score = -Infinity (regressionFit = Infinity, penalties=1.03E-6) for clause:  medv(A) :- tax(A, 352).  [covers 2,0/436,0 pos, 0,0/0,0 neg]
%     Score = -57.362,843382 (regressionFit = 57.362,843381, penalties=1.03E-6) for clause:  medv(A) :- tax(A, 233).  [covers 9,0/436,0 pos, 0,0/0,0 neg]
%     Score = -57.173,209514 (regressionFit = 57.173,209513, penalties=1.03E-6) for clause:  medv(A) :- ptratio(A, 7).  [covers 16,0/436,0 pos, 0,0/0,0 neg]
%     Score = -57.577,141436 (regressionFit = 57.577,141435, penalties=1.03E-6) for clause:  medv(A) :- ptratio(A, 9).  [covers 50,0/436,0 pos, 0,0/0,0 neg]
%     Score = -57.208,595891 (regressionFit = 57.208,595890, penalties=1.03E-6) for clause:  medv(A) :- ptratio(A, 4).  [covers 32,0/436,0 pos, 0,0/0,0 neg]
%     Score = -57.602,823719 (regressionFit = 57.602,823718, penalties=1.03E-6) for clause:  medv(A) :- ptratio(A, 2).  [covers 47,0/436,0 pos, 0,0/0,0 neg]
%     Score = -57.529,838439 (regressionFit = 57.529,838438, penalties=1.03E-6) for clause:  medv(A) :- ptratio(A, 1).  [covers 45,0/436,0 pos, 0,0/0,0 neg]
%     Score = -54.043,597343 (regressionFit = 54.043,597342, penalties=1.03E-6) for clause:  medv(A) :- ptratio(A, 10).  [covers 97,0/436,0 pos, 0,0/0,0 neg]
% Gleaner: New best node found (score = -54.043,597343): medv(A) :- ptratio(A, 10).  [covers 97,0/436,0 pos, 0,0/0,0 neg]
%     Score = -56.869,996087 (regressionFit = 56.869,996086, penalties=1.03E-6) for clause:  medv(A) :- ptratio(A, 3).  [covers 51,0/436,0 pos, 0,0/0,0 neg]
%     Score = -57.467,044029 (regressionFit = 57.467,044028, penalties=1.03E-6) for clause:  medv(A) :- b(A, 1).  [covers 102,0/436,0 pos, 0,0/0,0 neg]
%     Score = -55.033,397873 (regressionFit = 55.033,397872, penalties=1.03E-6) for clause:  medv(A) :- b(A, 7).  [covers 40,0/436,0 pos, 0,0/0,0 neg]
%     Score = -56.841,424973 (regressionFit = 56.841,424972, penalties=1.03E-6) for clause:  medv(A) :- b(A, 3).  [covers 47,0/436,0 pos, 0,0/0,0 neg]
%     Score = -57.443,855393 (regressionFit = 57.443,855392, penalties=1.03E-6) for clause:  medv(A) :- b(A, 9).  [covers 41,0/436,0 pos, 0,0/0,0 neg]
%     Score = -57.607,572669 (regressionFit = 57.607,572668, penalties=1.03E-6) for clause:  medv(A) :- b(A, 5).  [covers 46,0/436,0 pos, 0,0/0,0 neg]
%     Score = -57.584,530859 (regressionFit = 57.584,530858, penalties=1.03E-6) for clause:  medv(A) :- b(A, 6).  [covers 47,0/436,0 pos, 0,0/0,0 neg]
%     Score = -55.429,781313 (regressionFit = 55.429,781312, penalties=1.03E-6) for clause:  medv(A) :- lstat(A, 4).  [covers 42,0/436,0 pos, 0,0/0,0 neg]
%     Score = -56.772,938388 (regressionFit = 56.772,938387, penalties=1.03E-6) for clause:  medv(A) :- lstat(A, 8).  [covers 44,0/436,0 pos, 0,0/0,0 neg]
%     Score = -57.285,529261 (regressionFit = 57.285,529260, penalties=1.03E-6) for clause:  medv(A) :- lstat(A, 7).  [covers 38,0/436,0 pos, 0,0/0,0 neg]
%     Score = -56.201,637749 (regressionFit = 56.201,637748, penalties=1.03E-6) for clause:  medv(A) :- lstat(A, 2).  [covers 45,0/436,0 pos, 0,0/0,0 neg]
%     Score = -57.584,273995 (regressionFit = 57.584,273994, penalties=1.03E-6) for clause:  medv(A) :- lstat(A, 9).  [covers 46,0/436,0 pos, 0,0/0,0 neg]
%     Score = -57.213,257061 (regressionFit = 57.213,257060, penalties=1.03E-6) for clause:  medv(A) :- lstat(A, 10).  [covers 38,0/436,0 pos, 0,0/0,0 neg]

% The best node found: medv(A) :- ptratio(A, 10).  [covers 97,0/436,0 pos, 0,0/0,0 neg]

% The best node found: medv(A) :- ptratio(A, 10).  [covers 97,0/436,0 pos, 0,0/0,0 neg]
Setting 6.127524232235303 for 
 // Learned this clause on outer loop cycle #6.  It scores=-54.043,60 and has recall=0,22, precision=1,00, and F1=0,36 (using m-estimates).
 // It covers 22,2% of the positive examples, 97 of 436 (of which 32 are newly covered),
 // So far 220 (50,5%) of the positive examples have been covered.
(medv(A) :- ptratio(A, 10))

% On cycle #6, the best clause found is:
%      medv(A) :- ptratio(A, 10).  [covers 97,0/436,0 pos, 0,0/0,0 neg]
% This clause covers 97 positive examples, of which 32 are newly covered.
% It also covers 0 negative examples, of which 0 are newly covered.
% The current set of 6 best clauses covers 50,5% of the positive examples and NaN% of the negatives.}

% ******************************************

% Have stopped ILP's outer loop because have reached the maximum number of iterations (6).

% ******************************************
adding regression values
Added 39.46875000000001 to wgt = 39,4688 (medv(A) :- rm(A, 3))
Added 10.058472223675444 to wgt = 10,0585 (medv(A) :- crim(A, 10))
Added 27.641838768021163 to wgt = 27,6418 (medv(A) :- rm(A, 4))
Added 0.4258441876286948 to wgt = 0,4258 (medv(A) :- nox(A, 10))
Added 23.71661448209397 to wgt = 23,7166 (medv(A) :- rm(A, 1))
Added 6.127524232235303 to wgt = 6,1275 (medv(A) :- ptratio(A, 10))
% Saving model in: data/boston_housing/train/models/bRDNs/medv.model.ckpt
% Time taken to learn 3 trees is 17,452 seconds.

% Kept 436 of the 436 positive examples.
% Kept 0 of the 0 negative examples.
% Dataset size: 436
Computing probabilities
prob time:345 milliseconds
No hidden examples for : medv
Time to build dataset: 351 milliseconds

% Have these 10 positive seeds: 8 21 83 168 175 214 237 286 403 428

% target           = medv(A)
%     Score = -Infinity (regressionFit = Infinity, penalties=1.1E-7) for clause:  medv(_).  [covers 436,0/436,0 pos, 0,0/0,0 neg]
% Unacceptable due to being the root node.
% Most-general root: medv(_).  [covers 436,0/436,0 pos, 0,0/0,0 neg]  score = -Infinity
%     Score = -39.500,127837 (regressionFit = 39.500,127836, penalties=1.03E-6) for clause:  medv(A) :- crim(A, 4).  [covers 41,0/436,0 pos, 0,0/0,0 neg]
% Gleaner: New best node found (score = -39.500,127837): medv(A) :- crim(A, 4).  [covers 41,0/436,0 pos, 0,0/0,0 neg]
%     Score = -39.638,468146 (regressionFit = 39.638,468145, penalties=1.03E-6) for clause:  medv(A) :- crim(A, 3).  [covers 47,0/436,0 pos, 0,0/0,0 neg]
%     Score = -38.882,625326 (regressionFit = 38.882,625325, penalties=1.03E-6) for clause:  medv(A) :- crim(A, 2).  [covers 51,0/436,0 pos, 0,0/0,0 neg]
% Gleaner: New best node found (score = -38.882,625326): medv(A) :- crim(A, 2).  [covers 51,0/436,0 pos, 0,0/0,0 neg]
%     Score = -38.808,651291 (regressionFit = 38.808,651290, penalties=1.03E-6) for clause:  medv(A) :- crim(A, 7).  [covers 47,0/436,0 pos, 0,0/0,0 neg]
% Gleaner: New best node found (score = -38.808,651291): medv(A) :- crim(A, 7).  [covers 47,0/436,0 pos, 0,0/0,0 neg]
%     Score = -39.590,451582 (regressionFit = 39.590,451581, penalties=1.03E-6) for clause:  medv(A) :- crim(A, 8).  [covers 32,0/436,0 pos, 0,0/0,0 neg]
%     Score = -39.272,609513 (regressionFit = 39.272,609512, penalties=1.03E-6) for clause:  medv(A) :- crim(A, 6).  [covers 43,0/436,0 pos, 0,0/0,0 neg]
%     Score = -34.695,562993 (regressionFit = 34.695,562992, penalties=1.03E-6) for clause:  medv(A) :- zn(A, 0).  [covers 307,0/436,0 pos, 0,0/0,0 neg]
% Gleaner: New best node found (score = -34.695,562993): medv(A) :- zn(A, 0).  [covers 307,0/436,0 pos, 0,0/0,0 neg]
%     Score = -39.571,765439 (regressionFit = 39.571,765438, penalties=1.03E-6) for clause:  medv(A) :- zn(A, 22).  [covers 9,0/436,0 pos, 0,0/0,0 neg]
%     Score = -36.297,445111 (regressionFit = 36.297,445110, penalties=1.03E-6) for clause:  medv(A) :- zn(A, 20).  [covers 21,0/436,0 pos, 0,0/0,0 neg]
%     Score = -39.544,486807 (regressionFit = 39.544,486806, penalties=1.03E-6) for clause:  medv(A) :- zn(A, 12.5).  [covers 10,0/436,0 pos, 0,0/0,0 neg]
%     Score = -38.847,221310 (regressionFit = 38.847,221309, penalties=1.03E-6) for clause:  medv(A) :- indus(A, 3).  [covers 47,0/436,0 pos, 0,0/0,0 neg]
%     Score = -39.505,053760 (regressionFit = 39.505,053759, penalties=1.03E-6) for clause:  medv(A) :- indus(A, 6).  [covers 36,0/436,0 pos, 0,0/0,0 neg]
%     Score = -36.297,050034 (regressionFit = 36.297,050033, penalties=1.03E-6) for clause:  medv(A) :- indus(A, 4).  [covers 49,0/436,0 pos, 0,0/0,0 neg]
%     Score = -39.638,397786 (regressionFit = 39.638,397785, penalties=1.03E-6) for clause:  medv(A) :- indus(A, 5).  [covers 48,0/436,0 pos, 0,0/0,0 neg]
%     Score = -39.638,499047 (regressionFit = 39.638,499046, penalties=1.03E-6) for clause:  medv(A) :- indus(A, 7).  [covers 17,0/436,0 pos, 0,0/0,0 neg]
%     Score = -33.338,864421 (regressionFit = 33.338,864420, penalties=1.03E-6) for clause:  medv(A) :- indus(A, 10).  [covers 90,0/436,0 pos, 0,0/0,0 neg]
% Gleaner: New best node found (score = -33.338,864421): medv(A) :- indus(A, 10).  [covers 90,0/436,0 pos, 0,0/0,0 neg]
%     Score = -38.605,364981 (regressionFit = 38.605,364979, penalties=1.03E-6) for clause:  medv(A) :- indus(A, 2).  [covers 51,0/436,0 pos, 0,0/0,0 neg]
%     Score = -38.577,903986 (regressionFit = 38.577,903985, penalties=1.03E-6) for clause:  medv(A) :- chas(A, 0).  [covers 401,0/436,0 pos, 0,0/0,0 neg]
%     Score = -39.632,627123 (regressionFit = 39.632,627122, penalties=1.03E-6) for clause:  medv(A) :- nox(A, 3).  [covers 43,0/436,0 pos, 0,0/0,0 neg]
%     Score = -38.737,679684 (regressionFit = 38.737,679683, penalties=1.03E-6) for clause:  medv(A) :- nox(A, 1).  [covers 47,0/436,0 pos, 0,0/0,0 neg]
%     Score = -39.428,299286 (regressionFit = 39.428,299285, penalties=1.03E-6) for clause:  medv(A) :- nox(A, 5).  [covers 50,0/436,0 pos, 0,0/0,0 neg]
%     Score = -38.985,899915 (regressionFit = 38.985,899914, penalties=1.03E-6) for clause:  medv(A) :- nox(A, 8).  [covers 36,0/436,0 pos, 0,0/0,0 neg]
%     Score = -37.626,311273 (regressionFit = 37.626,311271, penalties=1.03E-6) for clause:  medv(A) :- nox(A, 9).  [covers 42,0/436,0 pos, 0,0/0,0 neg]
%     Score = -38.241,492641 (regressionFit = 38.241,492640, penalties=1.03E-6) for clause:  medv(A) :- nox(A, 6).  [covers 48,0/436,0 pos, 0,0/0,0 neg]
%     Score = -37.815,121421 (regressionFit = 37.815,121420, penalties=1.03E-6) for clause:  medv(A) :- rm(A, 7).  [covers 44,0/436,0 pos, 0,0/0,0 neg]
%     Score = -38.918,693662 (regressionFit = 38.918,693661, penalties=1.03E-6) for clause:  medv(A) :- rm(A, 8).  [covers 45,0/436,0 pos, 0,0/0,0 neg]
%     Score = -39.337,639525 (regressionFit = 39.337,639524, penalties=1.03E-6) for clause:  medv(A) :- rm(A, 1).  [covers 43,0/436,0 pos, 0,0/0,0 neg]
%     Score = -23.480,474249 (regressionFit = 23.480,474248, penalties=1.03E-6) for clause:  medv(A) :- rm(A, 3).  [covers 48,0/436,0 pos, 0,0/0,0 neg]
% Gleaner: New best node found (score = -23.480,474249): medv(A) :- rm(A, 3).  [covers 48,0/436,0 pos, 0,0/0,0 neg]
%     Score = -39.546,760664 (regressionFit = 39.546,760663, penalties=1.03E-6) for clause:  medv(A) :- rm(A, 10).  [covers 40,0/436,0 pos, 0,0/0,0 neg]
%     Score = -38.382,788092 (regressionFit = 38.382,788091, penalties=1.03E-6) for clause:  medv(A) :- age(A, 7).  [covers 43,0/436,0 pos, 0,0/0,0 neg]
%     Score = -39.492,330672 (regressionFit = 39.492,330671, penalties=1.03E-6) for clause:  medv(A) :- age(A, 4).  [covers 37,0/436,0 pos, 0,0/0,0 neg]
%     Score = -38.514,302060 (regressionFit = 38.514,302059, penalties=1.03E-6) for clause:  medv(A) :- age(A, 8).  [covers 49,0/436,0 pos, 0,0/0,0 neg]
%     Score = -38.506,152843 (regressionFit = 38.506,152842, penalties=1.03E-6) for clause:  medv(A) :- age(A, 10).  [covers 49,0/436,0 pos, 0,0/0,0 neg]
%     Score = -39.591,251021 (regressionFit = 39.591,251020, penalties=1.03E-6) for clause:  medv(A) :- age(A, 2).  [covers 40,0/436,0 pos, 0,0/0,0 neg]
%     Score = -39.637,162576 (regressionFit = 39.637,162575, penalties=1.03E-6) for clause:  medv(A) :- age(A, 9).  [covers 40,0/436,0 pos, 0,0/0,0 neg]
%     Score = -37.201,871582 (regressionFit = 37.201,871581, penalties=1.03E-6) for clause:  medv(A) :- age(A, 6).  [covers 48,0/436,0 pos, 0,0/0,0 neg]
%     Score = -39.604,062447 (regressionFit = 39.604,062446, penalties=1.03E-6) for clause:  medv(A) :- dis(A, 8).  [covers 42,0/436,0 pos, 0,0/0,0 neg]
%     Score = -39.629,781170 (regressionFit = 39.629,781169, penalties=1.03E-6) for clause:  medv(A) :- dis(A, 7).  [covers 29,0/436,0 pos, 0,0/0,0 neg]
%     Score = -38.756,088510 (regressionFit = 38.756,088509, penalties=1.03E-6) for clause:  medv(A) :- dis(A, 6).  [covers 32,0/436,0 pos, 0,0/0,0 neg]
%     Score = -39.463,716783 (regressionFit = 39.463,716782, penalties=1.03E-6) for clause:  medv(A) :- dis(A, 5).  [covers 46,0/436,0 pos, 0,0/0,0 neg]
%     Score = -39.398,550863 (regressionFit = 39.398,550862, penalties=1.03E-6) for clause:  medv(A) :- dis(A, 3).  [covers 50,0/436,0 pos, 0,0/0,0 neg]
%     Score = -39.608,466066 (regressionFit = 39.608,466065, penalties=1.03E-6) for clause:  medv(A) :- dis(A, 1).  [covers 48,0/436,0 pos, 0,0/0,0 neg]
%     Score = -38.686,454032 (regressionFit = 38.686,454031, penalties=1.03E-6) for clause:  medv(A) :- rad(A, 5).  [covers 112,0/436,0 pos, 0,0/0,0 neg]
%     Score = -39.569,949865 (regressionFit = 39.569,949864, penalties=1.03E-6) for clause:  medv(A) :- rad(A, 6).  [covers 18,0/436,0 pos, 0,0/0,0 neg]
%     Score = -39.323,052837 (regressionFit = 39.323,052836, penalties=1.03E-6) for clause:  medv(A) :- rad(A, 7).  [covers 16,0/436,0 pos, 0,0/0,0 neg]
%     Score = -39.459,259941 (regressionFit = 39.459,259940, penalties=1.03E-6) for clause:  medv(A) :- rad(A, 4).  [covers 101,0/436,0 pos, 0,0/0,0 neg]
%     Score = -33.338,864421 (regressionFit = 33.338,864420, penalties=1.03E-6) for clause:  medv(A) :- rad(A, 24).  [covers 90,0/436,0 pos, 0,0/0,0 neg]
%     Score = -39.591,417196 (regressionFit = 39.591,417195, penalties=1.03E-6) for clause:  medv(A) :- tax(A, 384).  [covers 11,0/436,0 pos, 0,0/0,0 neg]
%     Score = -39.527,726485 (regressionFit = 39.527,726484, penalties=1.03E-6) for clause:  medv(A) :- tax(A, 432).  [covers 9,0/436,0 pos, 0,0/0,0 neg]
%     Score = -39.609,412392 (regressionFit = 39.609,412391, penalties=1.03E-6) for clause:  medv(A) :- tax(A, 296).  [covers 8,0/436,0 pos, 0,0/0,0 neg]
%     Score = -39.571,765439 (regressionFit = 39.571,765438, penalties=1.03E-6) for clause:  medv(A) :- tax(A, 330).  [covers 9,0/436,0 pos, 0,0/0,0 neg]
%     Score = -36.912,120882 (regressionFit = 36.912,120881, penalties=1.03E-6) for clause:  medv(A) :- tax(A, 264).  [covers 12,0/436,0 pos, 0,0/0,0 neg]
%     Score = -39.631,702417 (regressionFit = 39.631,702416, penalties=1.03E-6) for clause:  medv(A) :- tax(A, 289).  [covers 5,0/436,0 pos, 0,0/0,0 neg]
%     Score = -39.497,238953 (regressionFit = 39.497,238951, penalties=1.03E-6) for clause:  medv(A) :- tax(A, 304).  [covers 14,0/436,0 pos, 0,0/0,0 neg]
%     Score = -33.338,864421 (regressionFit = 33.338,864420, penalties=1.03E-6) for clause:  medv(A) :- tax(A, 666).  [covers 90,0/436,0 pos, 0,0/0,0 neg]
%     Score = -39.610,199477 (regressionFit = 39.610,199476, penalties=1.03E-6) for clause:  medv(A) :- tax(A, 345).  [covers 3,0/436,0 pos, 0,0/0,0 neg]
%     Score = -39.573,704028 (regressionFit = 39.573,704027, penalties=1.03E-6) for clause:  medv(A) :- tax(A, 311).  [covers 7,0/436,0 pos, 0,0/0,0 neg]
%     Score = -38.814,127983 (regressionFit = 38.814,127982, penalties=1.03E-6) for clause:  medv(A) :- ptratio(A, 4).  [covers 32,0/436,0 pos, 0,0/0,0 neg]
%     Score = -38.966,688026 (regressionFit = 38.966,688025, penalties=1.03E-6) for clause:  medv(A) :- ptratio(A, 2).  [covers 47,0/436,0 pos, 0,0/0,0 neg]
%     Score = -38.628,749883 (regressionFit = 38.628,749882, penalties=1.03E-6) for clause:  medv(A) :- ptratio(A, 6).  [covers 48,0/436,0 pos, 0,0/0,0 neg]
%     Score = -39.637,264018 (regressionFit = 39.637,264017, penalties=1.03E-6) for clause:  medv(A) :- ptratio(A, 5).  [covers 42,0/436,0 pos, 0,0/0,0 neg]
%     Score = -36.925,257016 (regressionFit = 36.925,257015, penalties=1.03E-6) for clause:  medv(A) :- ptratio(A, 9).  [covers 50,0/436,0 pos, 0,0/0,0 neg]
%     Score = -38.780,620068 (regressionFit = 38.780,620067, penalties=1.03E-6) for clause:  medv(A) :- ptratio(A, 1).  [covers 45,0/436,0 pos, 0,0/0,0 neg]
%     Score = -39.612,829710 (regressionFit = 39.612,829709, penalties=1.03E-6) for clause:  medv(A) :- ptratio(A, 3).  [covers 51,0/436,0 pos, 0,0/0,0 neg]
%     Score = -33.258,024639 (regressionFit = 33.258,024638, penalties=1.03E-6) for clause:  medv(A) :- ptratio(A, 10).  [covers 97,0/436,0 pos, 0,0/0,0 neg]
%     Score = -39.576,713500 (regressionFit = 39.576,713499, penalties=1.03E-6) for clause:  medv(A) :- b(A, 4).  [covers 27,0/436,0 pos, 0,0/0,0 neg]
%     Score = -39.276,288515 (regressionFit = 39.276,288514, penalties=1.03E-6) for clause:  medv(A) :- b(A, 9).  [covers 41,0/436,0 pos, 0,0/0,0 neg]
%     Score = -39.108,046443 (regressionFit = 39.108,046442, penalties=1.03E-6) for clause:  medv(A) :- b(A, 6).  [covers 47,0/436,0 pos, 0,0/0,0 neg]
%     Score = -39.157,831176 (regressionFit = 39.157,831175, penalties=1.03E-6) for clause:  medv(A) :- b(A, 1).  [covers 102,0/436,0 pos, 0,0/0,0 neg]
%     Score = -39.176,403294 (regressionFit = 39.176,403293, penalties=1.03E-6) for clause:  medv(A) :- b(A, 2).  [covers 40,0/436,0 pos, 0,0/0,0 neg]
%     Score = -38.737,874014 (regressionFit = 38.737,874013, penalties=1.03E-6) for clause:  medv(A) :- b(A, 5).  [covers 46,0/436,0 pos, 0,0/0,0 neg]
%     Score = -36.454,238093 (regressionFit = 36.454,238092, penalties=1.03E-6) for clause:  medv(A) :- lstat(A, 5).  [covers 39,0/436,0 pos, 0,0/0,0 neg]
%     Score = -38.918,740575 (regressionFit = 38.918,740574, penalties=1.03E-6) for clause:  medv(A) :- lstat(A, 10).  [covers 38,0/436,0 pos, 0,0/0,0 neg]
%     Score = -37.918,361279 (regressionFit = 37.918,361278, penalties=1.03E-6) for clause:  medv(A) :- lstat(A, 1).  [covers 49,0/436,0 pos, 0,0/0,0 neg]
%     Score = -24.407,574431 (regressionFit = 24.407,574430, penalties=1.03E-6) for clause:  medv(A) :- lstat(A, 3).  [covers 51,0/436,0 pos, 0,0/0,0 neg]
%     Score = -39.589,839737 (regressionFit = 39.589,839736, penalties=1.03E-6) for clause:  medv(A) :- lstat(A, 8).  [covers 44,0/436,0 pos, 0,0/0,0 neg]
%     Score = -39.453,241313 (regressionFit = 39.453,241312, penalties=1.03E-6) for clause:  medv(A) :- lstat(A, 2).  [covers 45,0/436,0 pos, 0,0/0,0 neg]
%     Score = -33.790,712800 (regressionFit = 33.790,712799, penalties=1.03E-6) for clause:  medv(A) :- lstat(A, 6).  [covers 44,0/436,0 pos, 0,0/0,0 neg]

% The best node found: medv(A) :- rm(A, 3).  [covers 48,0/436,0 pos, 0,0/0,0 neg]

% The best node found: medv(A) :- rm(A, 3).  [covers 48,0/436,0 pos, 0,0/0,0 neg]
Setting 39.46875000000001 for 
 // Learned this clause on outer loop cycle #1.  It scores=-23.480,47 and has recall=0,11, precision=1,00, and F1=0,20 (using m-estimates).
 // It covers 11,0% of the positive examples, 48 of 436,
(medv(A) :- rm(A, 3))

% On cycle #1, the best clause found is:
%      medv(A) :- rm(A, 3).  [covers 48,0/436,0 pos, 0,0/0,0 neg]
% This clause covers 48 positive examples, of which 48 are newly covered.
% It also covers 0 negative examples, of which 0 are newly covered.
% The current set of 1 best clauses covers 11,0% of the positive examples and NaN% of the negatives.}

% Have these 10 positive seeds: 45 91 93 182 199 225 263 284 293 330

% target           = medv(A)
%     Score = -Infinity (regressionFit = Infinity, penalties=1.1E-7) for clause:  medv(_).  [covers 436,0/436,0 pos, 0,0/0,0 neg]
% Unacceptable due to being the root node.
% Most-general root: medv(_).  [covers 436,0/436,0 pos, 0,0/0,0 neg]  score = -Infinity
%     Score = -39.975,927654 (regressionFit = 39.975,927653, penalties=1.03E-6) for clause:  medv(A) :- crim(A, 7).  [covers 47,0/436,0 pos, 0,0/0,0 neg]
% Gleaner: New best node found (score = -39.975,927654): medv(A) :- crim(A, 7).  [covers 47,0/436,0 pos, 0,0/0,0 neg]
%     Score = -39.963,798924 (regressionFit = 39.963,798923, penalties=1.03E-6) for clause:  medv(A) :- crim(A, 2).  [covers 51,0/436,0 pos, 0,0/0,0 neg]
% Gleaner: New best node found (score = -39.963,798924): medv(A) :- crim(A, 2).  [covers 51,0/436,0 pos, 0,0/0,0 neg]
%     Score = -40.510,253279 (regressionFit = 40.510,253278, penalties=1.03E-6) for clause:  medv(A) :- crim(A, 5).  [covers 49,0/436,0 pos, 0,0/0,0 neg]
%     Score = -40.303,754500 (regressionFit = 40.303,754499, penalties=1.03E-6) for clause:  medv(A) :- crim(A, 1).  [covers 49,0/436,0 pos, 0,0/0,0 neg]
%     Score = -40.034,651146 (regressionFit = 40.034,651145, penalties=1.03E-6) for clause:  medv(A) :- crim(A, 6).  [covers 43,0/436,0 pos, 0,0/0,0 neg]
%     Score = -40.590,329314 (regressionFit = 40.590,329313, penalties=1.03E-6) for clause:  medv(A) :- crim(A, 8).  [covers 32,0/436,0 pos, 0,0/0,0 neg]
%     Score = -40.300,717411 (regressionFit = 40.300,717410, penalties=1.03E-6) for clause:  medv(A) :- zn(A, 0).  [covers 307,0/436,0 pos, 0,0/0,0 neg]
%     Score = -39.831,544926 (regressionFit = 39.831,544925, penalties=1.03E-6) for clause:  medv(A) :- zn(A, 20).  [covers 21,0/436,0 pos, 0,0/0,0 neg]
% Gleaner: New best node found (score = -39.831,544926): medv(A) :- zn(A, 20).  [covers 21,0/436,0 pos, 0,0/0,0 neg]
%     Score = -40.400,968390 (regressionFit = 40.400,968389, penalties=1.03E-6) for clause:  medv(A) :- zn(A, 33).  [covers 4,0/436,0 pos, 0,0/0,0 neg]
%     Score = -40.334,165475 (regressionFit = 40.334,165474, penalties=1.03E-6) for clause:  medv(A) :- zn(A, 75).  [covers 3,0/436,0 pos, 0,0/0,0 neg]
%     Score = -40.587,345621 (regressionFit = 40.587,345620, penalties=1.03E-6) for clause:  medv(A) :- indus(A, 8).  [covers 21,0/436,0 pos, 0,0/0,0 neg]
%     Score = -40.578,390554 (regressionFit = 40.578,390553, penalties=1.03E-6) for clause:  medv(A) :- indus(A, 1).  [covers 48,0/436,0 pos, 0,0/0,0 neg]
%     Score = -40.560,458880 (regressionFit = 40.560,458879, penalties=1.03E-6) for clause:  medv(A) :- indus(A, 4).  [covers 49,0/436,0 pos, 0,0/0,0 neg]
%     Score = -39.914,183197 (regressionFit = 39.914,183196, penalties=1.03E-6) for clause:  medv(A) :- indus(A, 5).  [covers 48,0/436,0 pos, 0,0/0,0 neg]
%     Score = -38.799,303002 (regressionFit = 38.799,303001, penalties=1.03E-6) for clause:  medv(A) :- indus(A, 10).  [covers 90,0/436,0 pos, 0,0/0,0 neg]
% Gleaner: New best node found (score = -38.799,303002): medv(A) :- indus(A, 10).  [covers 90,0/436,0 pos, 0,0/0,0 neg]
%     Score = -40.486,216581 (regressionFit = 40.486,216580, penalties=1.03E-6) for clause:  medv(A) :- chas(A, 0).  [covers 401,0/436,0 pos, 0,0/0,0 neg]
%     Score = -40.578,194353 (regressionFit = 40.578,194352, penalties=1.03E-6) for clause:  medv(A) :- nox(A, 8).  [covers 36,0/436,0 pos, 0,0/0,0 neg]
%     Score = -40.502,004367 (regressionFit = 40.502,004366, penalties=1.03E-6) for clause:  medv(A) :- nox(A, 4).  [covers 48,0/436,0 pos, 0,0/0,0 neg]
%     Score = -40.496,353418 (regressionFit = 40.496,353417, penalties=1.03E-6) for clause:  medv(A) :- nox(A, 2).  [covers 48,0/436,0 pos, 0,0/0,0 neg]
%     Score = -40.420,211045 (regressionFit = 40.420,211044, penalties=1.03E-6) for clause:  medv(A) :- nox(A, 3).  [covers 43,0/436,0 pos, 0,0/0,0 neg]
%     Score = -40.131,862387 (regressionFit = 40.131,862386, penalties=1.03E-6) for clause:  medv(A) :- nox(A, 9).  [covers 42,0/436,0 pos, 0,0/0,0 neg]
%     Score = -40.051,521083 (regressionFit = 40.051,521082, penalties=1.03E-6) for clause:  medv(A) :- nox(A, 5).  [covers 50,0/436,0 pos, 0,0/0,0 neg]
%     Score = -40.500,606267 (regressionFit = 40.500,606266, penalties=1.03E-6) for clause:  medv(A) :- rm(A, 6).  [covers 43,0/436,0 pos, 0,0/0,0 neg]
%     Score = -34.949,694674 (regressionFit = 34.949,694673, penalties=1.03E-6) for clause:  medv(A) :- rm(A, 4).  [covers 46,0/436,0 pos, 0,0/0,0 neg]
% Gleaner: New best node found (score = -34.949,694674): medv(A) :- rm(A, 4).  [covers 46,0/436,0 pos, 0,0/0,0 neg]
%     Score = -40.448,814726 (regressionFit = 40.448,814725, penalties=1.03E-6) for clause:  medv(A) :- rm(A, 7).  [covers 44,0/436,0 pos, 0,0/0,0 neg]
%     Score = -38.357,518997 (regressionFit = 38.357,518996, penalties=1.03E-6) for clause:  medv(A) :- rm(A, 1).  [covers 43,0/436,0 pos, 0,0/0,0 neg]
%     Score = -40.571,556084 (regressionFit = 40.571,556083, penalties=1.03E-6) for clause:  medv(A) :- rm(A, 5).  [covers 39,0/436,0 pos, 0,0/0,0 neg]
%     Score = -40.493,351049 (regressionFit = 40.493,351048, penalties=1.03E-6) for clause:  medv(A) :- rm(A, 2).  [covers 44,0/436,0 pos, 0,0/0,0 neg]
%     Score = -40.071,018555 (regressionFit = 40.071,018554, penalties=1.03E-6) for clause:  medv(A) :- rm(A, 9).  [covers 44,0/436,0 pos, 0,0/0,0 neg]
%     Score = -40.272,452073 (regressionFit = 40.272,452072, penalties=1.03E-6) for clause:  medv(A) :- age(A, 7).  [covers 43,0/436,0 pos, 0,0/0,0 neg]
%     Score = -40.513,765765 (regressionFit = 40.513,765764, penalties=1.03E-6) for clause:  medv(A) :- age(A, 9).  [covers 40,0/436,0 pos, 0,0/0,0 neg]
%     Score = -40.299,980460 (regressionFit = 40.299,980459, penalties=1.03E-6) for clause:  medv(A) :- age(A, 2).  [covers 40,0/436,0 pos, 0,0/0,0 neg]
%     Score = -39.705,871187 (regressionFit = 39.705,871186, penalties=1.03E-6) for clause:  medv(A) :- age(A, 8).  [covers 49,0/436,0 pos, 0,0/0,0 neg]
%     Score = -40.422,948088 (regressionFit = 40.422,948087, penalties=1.03E-6) for clause:  medv(A) :- age(A, 1).  [covers 43,0/436,0 pos, 0,0/0,0 neg]
%     Score = -40.048,464534 (regressionFit = 40.048,464533, penalties=1.03E-6) for clause:  medv(A) :- age(A, 6).  [covers 48,0/436,0 pos, 0,0/0,0 neg]
%     Score = -39.303,383566 (regressionFit = 39.303,383565, penalties=1.03E-6) for clause:  medv(A) :- age(A, 10).  [covers 49,0/436,0 pos, 0,0/0,0 neg]
%     Score = -40.352,277377 (regressionFit = 40.352,277376, penalties=1.03E-6) for clause:  medv(A) :- dis(A, 10).  [covers 51,0/436,0 pos, 0,0/0,0 neg]
%     Score = -40.462,108446 (regressionFit = 40.462,108445, penalties=1.03E-6) for clause:  medv(A) :- dis(A, 6).  [covers 32,0/436,0 pos, 0,0/0,0 neg]
%     Score = -40.155,359001 (regressionFit = 40.155,359000, penalties=1.03E-6) for clause:  medv(A) :- dis(A, 8).  [covers 42,0/436,0 pos, 0,0/0,0 neg]
%     Score = -40.318,643819 (regressionFit = 40.318,643818, penalties=1.03E-6) for clause:  medv(A) :- dis(A, 2).  [covers 50,0/436,0 pos, 0,0/0,0 neg]
%     Score = -40.600,131986 (regressionFit = 40.600,131985, penalties=1.03E-6) for clause:  medv(A) :- dis(A, 4).  [covers 45,0/436,0 pos, 0,0/0,0 neg]
%     Score = -40.563,052761 (regressionFit = 40.563,052760, penalties=1.03E-6) for clause:  medv(A) :- dis(A, 7).  [covers 29,0/436,0 pos, 0,0/0,0 neg]
%     Score = -40.257,618098 (regressionFit = 40.257,618097, penalties=1.03E-6) for clause:  medv(A) :- rad(A, 4).  [covers 101,0/436,0 pos, 0,0/0,0 neg]
%     Score = -39.703,497099 (regressionFit = 39.703,497098, penalties=1.03E-6) for clause:  medv(A) :- rad(A, 3).  [covers 37,0/436,0 pos, 0,0/0,0 neg]
%     Score = -40.486,717642 (regressionFit = 40.486,717641, penalties=1.03E-6) for clause:  medv(A) :- rad(A, 5).  [covers 112,0/436,0 pos, 0,0/0,0 neg]
%     Score = -40.572,007521 (regressionFit = 40.572,007520, penalties=1.03E-6) for clause:  medv(A) :- rad(A, 7).  [covers 16,0/436,0 pos, 0,0/0,0 neg]
%     Score = -38.799,303002 (regressionFit = 38.799,303001, penalties=1.03E-6) for clause:  medv(A) :- rad(A, 24).  [covers 90,0/436,0 pos, 0,0/0,0 neg]
%     Score = -40.569,730547 (regressionFit = 40.569,730546, penalties=1.03E-6) for clause:  medv(A) :- tax(A, 437).  [covers 14,0/436,0 pos, 0,0/0,0 neg]
%     Score = -40.139,678878 (regressionFit = 40.139,678877, penalties=1.03E-6) for clause:  medv(A) :- tax(A, 193).  [covers 8,0/436,0 pos, 0,0/0,0 neg]
%     Score = -39.267,555267 (regressionFit = 39.267,555266, penalties=1.03E-6) for clause:  medv(A) :- tax(A, 264).  [covers 12,0/436,0 pos, 0,0/0,0 neg]
%     Score = -40.585,236874 (regressionFit = 40.585,236873, penalties=1.03E-6) for clause:  medv(A) :- tax(A, 216).  [covers 4,0/436,0 pos, 0,0/0,0 neg]
%     Score = -40.572,734151 (regressionFit = 40.572,734150, penalties=1.03E-6) for clause:  medv(A) :- tax(A, 222).  [covers 7,0/436,0 pos, 0,0/0,0 neg]
%     Score = -40.587,502661 (regressionFit = 40.587,502660, penalties=1.03E-6) for clause:  medv(A) :- tax(A, 224).  [covers 9,0/436,0 pos, 0,0/0,0 neg]
%     Score = -38.799,303002 (regressionFit = 38.799,303001, penalties=1.03E-6) for clause:  medv(A) :- tax(A, 666).  [covers 90,0/436,0 pos, 0,0/0,0 neg]
%     Score = -Infinity (regressionFit = Infinity, penalties=1.03E-6) for clause:  medv(A) :- tax(A, 252).  [covers 2,0/436,0 pos, 0,0/0,0 neg]
%     Score = -40.578,112525 (regressionFit = 40.578,112524, penalties=1.03E-6) for clause:  medv(A) :- ptratio(A, 7).  [covers 16,0/436,0 pos, 0,0/0,0 neg]
%     Score = -40.381,400455 (regressionFit = 40.381,400454, penalties=1.03E-6) for clause:  medv(A) :- ptratio(A, 2).  [covers 47,0/436,0 pos, 0,0/0,0 neg]
%     Score = -39.450,897107 (regressionFit = 39.450,897106, penalties=1.03E-6) for clause:  medv(A) :- ptratio(A, 9).  [covers 50,0/436,0 pos, 0,0/0,0 neg]
%     Score = -40.080,741564 (regressionFit = 40.080,741563, penalties=1.03E-6) for clause:  medv(A) :- ptratio(A, 1).  [covers 45,0/436,0 pos, 0,0/0,0 neg]
%     Score = -40.182,219204 (regressionFit = 40.182,219203, penalties=1.03E-6) for clause:  medv(A) :- ptratio(A, 3).  [covers 51,0/436,0 pos, 0,0/0,0 neg]
%     Score = -38.965,259193 (regressionFit = 38.965,259192, penalties=1.03E-6) for clause:  medv(A) :- ptratio(A, 10).  [covers 97,0/436,0 pos, 0,0/0,0 neg]
%     Score = -40.559,480536 (regressionFit = 40.559,480535, penalties=1.03E-6) for clause:  medv(A) :- b(A, 6).  [covers 47,0/436,0 pos, 0,0/0,0 neg]
%     Score = -40.464,290456 (regressionFit = 40.464,290455, penalties=1.03E-6) for clause:  medv(A) :- b(A, 3).  [covers 47,0/436,0 pos, 0,0/0,0 neg]
%     Score = -40.600,067949 (regressionFit = 40.600,067947, penalties=1.03E-6) for clause:  medv(A) :- b(A, 5).  [covers 46,0/436,0 pos, 0,0/0,0 neg]
%     Score = -40.579,989857 (regressionFit = 40.579,989856, penalties=1.03E-6) for clause:  medv(A) :- b(A, 2).  [covers 40,0/436,0 pos, 0,0/0,0 neg]
%     Score = -40.590,955569 (regressionFit = 40.590,955567, penalties=1.03E-6) for clause:  medv(A) :- b(A, 1).  [covers 102,0/436,0 pos, 0,0/0,0 neg]
%     Score = -40.502,812626 (regressionFit = 40.502,812625, penalties=1.03E-6) for clause:  medv(A) :- b(A, 8).  [covers 46,0/436,0 pos, 0,0/0,0 neg]
%     Score = -40.360,349225 (regressionFit = 40.360,349224, penalties=1.03E-6) for clause:  medv(A) :- b(A, 4).  [covers 27,0/436,0 pos, 0,0/0,0 neg]
%     Score = -38.477,425501 (regressionFit = 38.477,425500, penalties=1.03E-6) for clause:  medv(A) :- lstat(A, 6).  [covers 44,0/436,0 pos, 0,0/0,0 neg]
%     Score = -40.204,320448 (regressionFit = 40.204,320447, penalties=1.03E-6) for clause:  medv(A) :- lstat(A, 1).  [covers 49,0/436,0 pos, 0,0/0,0 neg]
%     Score = -40.570,006258 (regressionFit = 40.570,006257, penalties=1.03E-6) for clause:  medv(A) :- lstat(A, 10).  [covers 38,0/436,0 pos, 0,0/0,0 neg]
%     Score = -40.587,811716 (regressionFit = 40.587,811715, penalties=1.03E-6) for clause:  medv(A) :- lstat(A, 3).  [covers 51,0/436,0 pos, 0,0/0,0 neg]
%     Score = -39.578,437230 (regressionFit = 39.578,437229, penalties=1.03E-6) for clause:  medv(A) :- lstat(A, 2).  [covers 45,0/436,0 pos, 0,0/0,0 neg]

% The best node found: medv(A) :- rm(A, 4).  [covers 46,0/436,0 pos, 0,0/0,0 neg]

% The best node found: medv(A) :- rm(A, 4).  [covers 46,0/436,0 pos, 0,0/0,0 neg]
Setting 28.297826086956523 for 
 // Learned this clause on outer loop cycle #2.  It scores=-34.949,69 and has recall=0,11, precision=1,00, and F1=0,19 (using m-estimates).
 // It covers 10,6% of the positive examples, 46 of 436,
 // So far 94 (21,6%) of the positive examples have been covered.
(medv(A) :- rm(A, 4))

% On cycle #2, the best clause found is:
%      medv(A) :- rm(A, 4).  [covers 46,0/436,0 pos, 0,0/0,0 neg]
% This clause covers 46 positive examples, of which 46 are newly covered.
% It also covers 0 negative examples, of which 0 are newly covered.
% The current set of 2 best clauses covers 21,6% of the positive examples and NaN% of the negatives.}

% Have these 10 positive seeds: 33 34 42 45 65 135 234 317 347 366

% target           = medv(A)
%     Score = -Infinity (regressionFit = Infinity, penalties=1.1E-7) for clause:  medv(_).  [covers 436,0/436,0 pos, 0,0/0,0 neg]
% Unacceptable due to being the root node.
% Most-general root: medv(_).  [covers 436,0/436,0 pos, 0,0/0,0 neg]  score = -Infinity
%     Score = -46.200,672417 (regressionFit = 46.200,672416, penalties=1.03E-6) for clause:  medv(A) :- crim(A, 7).  [covers 47,0/436,0 pos, 0,0/0,0 neg]
% Gleaner: New best node found (score = -46.200,672417): medv(A) :- crim(A, 7).  [covers 47,0/436,0 pos, 0,0/0,0 neg]
%     Score = -46.239,815204 (regressionFit = 46.239,815203, penalties=1.03E-6) for clause:  medv(A) :- crim(A, 5).  [covers 49,0/436,0 pos, 0,0/0,0 neg]
%     Score = -46.170,465500 (regressionFit = 46.170,465498, penalties=1.03E-6) for clause:  medv(A) :- crim(A, 9).  [covers 32,0/436,0 pos, 0,0/0,0 neg]
% Gleaner: New best node found (score = -46.170,465500): medv(A) :- crim(A, 9).  [covers 32,0/436,0 pos, 0,0/0,0 neg]
%     Score = -44.035,301237 (regressionFit = 44.035,301236, penalties=1.03E-6) for clause:  medv(A) :- crim(A, 10).  [covers 45,0/436,0 pos, 0,0/0,0 neg]
% Gleaner: New best node found (score = -44.035,301237): medv(A) :- crim(A, 10).  [covers 45,0/436,0 pos, 0,0/0,0 neg]
%     Score = -45.755,693908 (regressionFit = 45.755,693907, penalties=1.03E-6) for clause:  medv(A) :- zn(A, 0).  [covers 307,0/436,0 pos, 0,0/0,0 neg]
%     Score = -46.150,786879 (regressionFit = 46.150,786878, penalties=1.03E-6) for clause:  medv(A) :- indus(A, 8).  [covers 21,0/436,0 pos, 0,0/0,0 neg]
%     Score = -46.200,776107 (regressionFit = 46.200,776106, penalties=1.03E-6) for clause:  medv(A) :- indus(A, 9).  [covers 29,0/436,0 pos, 0,0/0,0 neg]
%     Score = -46.109,923226 (regressionFit = 46.109,923225, penalties=1.03E-6) for clause:  medv(A) :- indus(A, 2).  [covers 51,0/436,0 pos, 0,0/0,0 neg]
%     Score = -45.078,507285 (regressionFit = 45.078,507283, penalties=1.03E-6) for clause:  medv(A) :- indus(A, 6).  [covers 36,0/436,0 pos, 0,0/0,0 neg]
%     Score = -45.098,213755 (regressionFit = 45.098,213753, penalties=1.03E-6) for clause:  medv(A) :- indus(A, 10).  [covers 90,0/436,0 pos, 0,0/0,0 neg]
%     Score = -46.242,479460 (regressionFit = 46.242,479459, penalties=1.03E-6) for clause:  medv(A) :- chas(A, 0).  [covers 401,0/436,0 pos, 0,0/0,0 neg]
%     Score = -46.242,479460 (regressionFit = 46.242,479459, penalties=1.03E-6) for clause:  medv(A) :- chas(A, 1).  [covers 35,0/436,0 pos, 0,0/0,0 neg]
%     Score = -46.185,430373 (regressionFit = 46.185,430372, penalties=1.03E-6) for clause:  medv(A) :- nox(A, 8).  [covers 36,0/436,0 pos, 0,0/0,0 neg]
%     Score = -46.225,167974 (regressionFit = 46.225,167973, penalties=1.03E-6) for clause:  medv(A) :- nox(A, 9).  [covers 42,0/436,0 pos, 0,0/0,0 neg]
%     Score = -46.008,357020 (regressionFit = 46.008,357019, penalties=1.03E-6) for clause:  medv(A) :- nox(A, 3).  [covers 43,0/436,0 pos, 0,0/0,0 neg]
%     Score = -45.721,840572 (regressionFit = 45.721,840571, penalties=1.03E-6) for clause:  medv(A) :- nox(A, 1).  [covers 47,0/436,0 pos, 0,0/0,0 neg]
%     Score = -43.116,011018 (regressionFit = 43.116,011017, penalties=1.03E-6) for clause:  medv(A) :- nox(A, 10).  [covers 42,0/436,0 pos, 0,0/0,0 neg]
% Gleaner: New best node found (score = -43.116,011018): medv(A) :- nox(A, 10).  [covers 42,0/436,0 pos, 0,0/0,0 neg]
%     Score = -45.284,909334 (regressionFit = 45.284,909333, penalties=1.03E-6) for clause:  medv(A) :- rm(A, 2).  [covers 44,0/436,0 pos, 0,0/0,0 neg]
%     Score = -46.186,097902 (regressionFit = 46.186,097900, penalties=1.03E-6) for clause:  medv(A) :- rm(A, 7).  [covers 44,0/436,0 pos, 0,0/0,0 neg]
%     Score = -45.629,757329 (regressionFit = 45.629,757328, penalties=1.03E-6) for clause:  medv(A) :- rm(A, 8).  [covers 45,0/436,0 pos, 0,0/0,0 neg]
%     Score = -45.323,369491 (regressionFit = 45.323,369490, penalties=1.03E-6) for clause:  medv(A) :- rm(A, 6).  [covers 43,0/436,0 pos, 0,0/0,0 neg]
%     Score = -41.638,777947 (regressionFit = 41.638,777946, penalties=1.03E-6) for clause:  medv(A) :- rm(A, 1).  [covers 43,0/436,0 pos, 0,0/0,0 neg]
% Gleaner: New best node found (score = -41.638,777947): medv(A) :- rm(A, 1).  [covers 43,0/436,0 pos, 0,0/0,0 neg]
%     Score = -44.733,215710 (regressionFit = 44.733,215709, penalties=1.03E-6) for clause:  medv(A) :- rm(A, 10).  [covers 40,0/436,0 pos, 0,0/0,0 neg]
%     Score = -46.255,263013 (regressionFit = 46.255,263012, penalties=1.03E-6) for clause:  medv(A) :- rm(A, 9).  [covers 44,0/436,0 pos, 0,0/0,0 neg]
%     Score = -46.048,003402 (regressionFit = 46.048,003401, penalties=1.03E-6) for clause:  medv(A) :- age(A, 6).  [covers 48,0/436,0 pos, 0,0/0,0 neg]
%     Score = -46.136,118788 (regressionFit = 46.136,118787, penalties=1.03E-6) for clause:  medv(A) :- age(A, 7).  [covers 43,0/436,0 pos, 0,0/0,0 neg]
%     Score = -46.247,016510 (regressionFit = 46.247,016509, penalties=1.03E-6) for clause:  medv(A) :- age(A, 9).  [covers 40,0/436,0 pos, 0,0/0,0 neg]
%     Score = -46.212,092333 (regressionFit = 46.212,092332, penalties=1.03E-6) for clause:  medv(A) :- age(A, 2).  [covers 40,0/436,0 pos, 0,0/0,0 neg]
%     Score = -46.258,167084 (regressionFit = 46.258,167083, penalties=1.03E-6) for clause:  medv(A) :- age(A, 5).  [covers 41,0/436,0 pos, 0,0/0,0 neg]
%     Score = -44.885,871082 (regressionFit = 44.885,871081, penalties=1.03E-6) for clause:  medv(A) :- dis(A, 9).  [covers 43,0/436,0 pos, 0,0/0,0 neg]
%     Score = -46.048,997130 (regressionFit = 46.048,997129, penalties=1.03E-6) for clause:  medv(A) :- dis(A, 8).  [covers 42,0/436,0 pos, 0,0/0,0 neg]
%     Score = -46.161,279104 (regressionFit = 46.161,279103, penalties=1.03E-6) for clause:  medv(A) :- dis(A, 10).  [covers 51,0/436,0 pos, 0,0/0,0 neg]
%     Score = -46.256,198492 (regressionFit = 46.256,198491, penalties=1.03E-6) for clause:  medv(A) :- dis(A, 6).  [covers 32,0/436,0 pos, 0,0/0,0 neg]
%     Score = -46.250,290157 (regressionFit = 46.250,290156, penalties=1.03E-6) for clause:  medv(A) :- dis(A, 4).  [covers 45,0/436,0 pos, 0,0/0,0 neg]
%     Score = -44.914,516192 (regressionFit = 44.914,516191, penalties=1.03E-6) for clause:  medv(A) :- rad(A, 4).  [covers 101,0/436,0 pos, 0,0/0,0 neg]
%     Score = -46.211,004811 (regressionFit = 46.211,004810, penalties=1.03E-6) for clause:  medv(A) :- rad(A, 5).  [covers 112,0/436,0 pos, 0,0/0,0 neg]
%     Score = -45.891,122345 (regressionFit = 45.891,122344, penalties=1.03E-6) for clause:  medv(A) :- rad(A, 8).  [covers 24,0/436,0 pos, 0,0/0,0 neg]
%     Score = -45.098,213755 (regressionFit = 45.098,213753, penalties=1.03E-6) for clause:  medv(A) :- rad(A, 24).  [covers 90,0/436,0 pos, 0,0/0,0 neg]
%     Score = -46.225,701544 (regressionFit = 46.225,701543, penalties=1.03E-6) for clause:  medv(A) :- tax(A, 437).  [covers 14,0/436,0 pos, 0,0/0,0 neg]
%     Score = -46.200,776107 (regressionFit = 46.200,776106, penalties=1.03E-6) for clause:  medv(A) :- tax(A, 403).  [covers 29,0/436,0 pos, 0,0/0,0 neg]
%     Score = -46.110,152652 (regressionFit = 46.110,152651, penalties=1.03E-6) for clause:  medv(A) :- tax(A, 307).  [covers 39,0/436,0 pos, 0,0/0,0 neg]
%     Score = -46.003,907137 (regressionFit = 46.003,907136, penalties=1.03E-6) for clause:  medv(A) :- tax(A, 304).  [covers 14,0/436,0 pos, 0,0/0,0 neg]
%     Score = -45.098,213755 (regressionFit = 45.098,213753, penalties=1.03E-6) for clause:  medv(A) :- tax(A, 666).  [covers 90,0/436,0 pos, 0,0/0,0 neg]
%     Score = -46.203,976384 (regressionFit = 46.203,976383, penalties=1.03E-6) for clause:  medv(A) :- ptratio(A, 7).  [covers 16,0/436,0 pos, 0,0/0,0 neg]
%     Score = -45.448,781411 (regressionFit = 45.448,781410, penalties=1.03E-6) for clause:  medv(A) :- ptratio(A, 9).  [covers 50,0/436,0 pos, 0,0/0,0 neg]
%     Score = -46.231,800569 (regressionFit = 46.231,800568, penalties=1.03E-6) for clause:  medv(A) :- ptratio(A, 6).  [covers 48,0/436,0 pos, 0,0/0,0 neg]
%     Score = -45.569,806780 (regressionFit = 45.569,806779, penalties=1.03E-6) for clause:  medv(A) :- ptratio(A, 3).  [covers 51,0/436,0 pos, 0,0/0,0 neg]
%     Score = -45.365,934951 (regressionFit = 45.365,934950, penalties=1.03E-6) for clause:  medv(A) :- ptratio(A, 10).  [covers 97,0/436,0 pos, 0,0/0,0 neg]
%     Score = -46.210,681175 (regressionFit = 46.210,681174, penalties=1.03E-6) for clause:  medv(A) :- b(A, 1).  [covers 102,0/436,0 pos, 0,0/0,0 neg]
%     Score = -45.755,510541 (regressionFit = 45.755,510540, penalties=1.03E-6) for clause:  medv(A) :- b(A, 8).  [covers 46,0/436,0 pos, 0,0/0,0 neg]
%     Score = -46.140,256631 (regressionFit = 46.140,256630, penalties=1.03E-6) for clause:  medv(A) :- b(A, 6).  [covers 47,0/436,0 pos, 0,0/0,0 neg]
%     Score = -46.048,872624 (regressionFit = 46.048,872623, penalties=1.03E-6) for clause:  medv(A) :- b(A, 9).  [covers 41,0/436,0 pos, 0,0/0,0 neg]
%     Score = -46.008,609196 (regressionFit = 46.008,609195, penalties=1.03E-6) for clause:  medv(A) :- b(A, 3).  [covers 47,0/436,0 pos, 0,0/0,0 neg]
%     Score = -46.186,552918 (regressionFit = 46.186,552917, penalties=1.03E-6) for clause:  medv(A) :- b(A, 2).  [covers 40,0/436,0 pos, 0,0/0,0 neg]
%     Score = -45.268,250196 (regressionFit = 45.268,250195, penalties=1.03E-6) for clause:  medv(A) :- b(A, 7).  [covers 40,0/436,0 pos, 0,0/0,0 neg]
%     Score = -46.179,405798 (regressionFit = 46.179,405797, penalties=1.03E-6) for clause:  medv(A) :- lstat(A, 10).  [covers 38,0/436,0 pos, 0,0/0,0 neg]
%     Score = -45.506,390267 (regressionFit = 45.506,390266, penalties=1.03E-6) for clause:  medv(A) :- lstat(A, 5).  [covers 39,0/436,0 pos, 0,0/0,0 neg]
%     Score = -46.255,625357 (regressionFit = 46.255,625356, penalties=1.03E-6) for clause:  medv(A) :- lstat(A, 7).  [covers 38,0/436,0 pos, 0,0/0,0 neg]
%     Score = -45.378,439304 (regressionFit = 45.378,439303, penalties=1.03E-6) for clause:  medv(A) :- lstat(A, 6).  [covers 44,0/436,0 pos, 0,0/0,0 neg]
%     Score = -46.154,912465 (regressionFit = 46.154,912464, penalties=1.03E-6) for clause:  medv(A) :- lstat(A, 9).  [covers 46,0/436,0 pos, 0,0/0,0 neg]
%     Score = -44.679,672081 (regressionFit = 44.679,672080, penalties=1.03E-6) for clause:  medv(A) :- lstat(A, 2).  [covers 45,0/436,0 pos, 0,0/0,0 neg]

% The best node found: medv(A) :- rm(A, 1).  [covers 43,0/436,0 pos, 0,0/0,0 neg]

% The best node found: medv(A) :- rm(A, 1).  [covers 43,0/436,0 pos, 0,0/0,0 neg]
Setting 24.67209302325581 for 
 // Learned this clause on outer loop cycle #3.  It scores=-41.638,78 and has recall=0,10, precision=1,00, and F1=0,18 (using m-estimates).
 // It covers 9,9% of the positive examples, 43 of 436,
 // So far 137 (31,4%) of the positive examples have been covered.
(medv(A) :- rm(A, 1))

% On cycle #3, the best clause found is:
%      medv(A) :- rm(A, 1).  [covers 43,0/436,0 pos, 0,0/0,0 neg]
% This clause covers 43 positive examples, of which 43 are newly covered.
% It also covers 0 negative examples, of which 0 are newly covered.
% The current set of 3 best clauses covers 31,4% of the positive examples and NaN% of the negatives.}

% Have these 8 positive seeds: 124 217 247 322 324 331 333 365

% target           = medv(A)
%     Score = -Infinity (regressionFit = Infinity, penalties=1.1E-7) for clause:  medv(_).  [covers 436,0/436,0 pos, 0,0/0,0 neg]
% Unacceptable due to being the root node.
% Most-general root: medv(_).  [covers 436,0/436,0 pos, 0,0/0,0 neg]  score = -Infinity
%     Score = -47.468,180122 (regressionFit = 47.468,180121, penalties=1.03E-6) for clause:  medv(A) :- crim(A, 4).  [covers 41,0/436,0 pos, 0,0/0,0 neg]
% Gleaner: New best node found (score = -47.468,180122): medv(A) :- crim(A, 4).  [covers 41,0/436,0 pos, 0,0/0,0 neg]
%     Score = -48.868,571177 (regressionFit = 48.868,571176, penalties=1.03E-6) for clause:  medv(A) :- crim(A, 2).  [covers 51,0/436,0 pos, 0,0/0,0 neg]
%     Score = -46.903,220181 (regressionFit = 46.903,220180, penalties=1.03E-6) for clause:  medv(A) :- crim(A, 10).  [covers 45,0/436,0 pos, 0,0/0,0 neg]
% Gleaner: New best node found (score = -46.903,220181): medv(A) :- crim(A, 10).  [covers 45,0/436,0 pos, 0,0/0,0 neg]
%     Score = -48.969,972899 (regressionFit = 48.969,972898, penalties=1.03E-6) for clause:  medv(A) :- crim(A, 9).  [covers 32,0/436,0 pos, 0,0/0,0 neg]
%     Score = -47.265,156958 (regressionFit = 47.265,156957, penalties=1.03E-6) for clause:  medv(A) :- zn(A, 0).  [covers 307,0/436,0 pos, 0,0/0,0 neg]
%     Score = -48.829,213372 (regressionFit = 48.829,213371, penalties=1.03E-6) for clause:  medv(A) :- zn(A, 70).  [covers 3,0/436,0 pos, 0,0/0,0 neg]
%     Score = -47.620,808689 (regressionFit = 47.620,808688, penalties=1.03E-6) for clause:  medv(A) :- indus(A, 6).  [covers 36,0/436,0 pos, 0,0/0,0 neg]
%     Score = -47.549,577972 (regressionFit = 47.549,577971, penalties=1.03E-6) for clause:  medv(A) :- indus(A, 1).  [covers 48,0/436,0 pos, 0,0/0,0 neg]
%     Score = -48.024,664476 (regressionFit = 48.024,664475, penalties=1.03E-6) for clause:  medv(A) :- indus(A, 3).  [covers 47,0/436,0 pos, 0,0/0,0 neg]
%     Score = -48.451,812374 (regressionFit = 48.451,812373, penalties=1.03E-6) for clause:  medv(A) :- indus(A, 10).  [covers 90,0/436,0 pos, 0,0/0,0 neg]
%     Score = -48.932,614157 (regressionFit = 48.932,614156, penalties=1.03E-6) for clause:  medv(A) :- chas(A, 1).  [covers 35,0/436,0 pos, 0,0/0,0 neg]
%     Score = -48.932,614157 (regressionFit = 48.932,614156, penalties=1.03E-6) for clause:  medv(A) :- chas(A, 0).  [covers 401,0/436,0 pos, 0,0/0,0 neg]
%     Score = -48.895,629553 (regressionFit = 48.895,629552, penalties=1.03E-6) for clause:  medv(A) :- nox(A, 4).  [covers 48,0/436,0 pos, 0,0/0,0 neg]
%     Score = -48.890,015925 (regressionFit = 48.890,015924, penalties=1.03E-6) for clause:  medv(A) :- nox(A, 6).  [covers 48,0/436,0 pos, 0,0/0,0 neg]
%     Score = -46.714,770525 (regressionFit = 46.714,770524, penalties=1.03E-6) for clause:  medv(A) :- nox(A, 10).  [covers 42,0/436,0 pos, 0,0/0,0 neg]
% Gleaner: New best node found (score = -46.714,770525): medv(A) :- nox(A, 10).  [covers 42,0/436,0 pos, 0,0/0,0 neg]
%     Score = -48.314,500204 (regressionFit = 48.314,500203, penalties=1.03E-6) for clause:  medv(A) :- rm(A, 7).  [covers 44,0/436,0 pos, 0,0/0,0 neg]
%     Score = -45.920,971394 (regressionFit = 45.920,971393, penalties=1.03E-6) for clause:  medv(A) :- rm(A, 10).  [covers 40,0/436,0 pos, 0,0/0,0 neg]
% Gleaner: New best node found (score = -45.920,971394): medv(A) :- rm(A, 10).  [covers 40,0/436,0 pos, 0,0/0,0 neg]
%     Score = -46.642,535315 (regressionFit = 46.642,535314, penalties=1.03E-6) for clause:  medv(A) :- rm(A, 2).  [covers 44,0/436,0 pos, 0,0/0,0 neg]
%     Score = -47.177,726097 (regressionFit = 47.177,726096, penalties=1.03E-6) for clause:  medv(A) :- rm(A, 8).  [covers 45,0/436,0 pos, 0,0/0,0 neg]
%     Score = -48.747,943739 (regressionFit = 48.747,943738, penalties=1.03E-6) for clause:  medv(A) :- rm(A, 9).  [covers 44,0/436,0 pos, 0,0/0,0 neg]
%     Score = -46.722,697790 (regressionFit = 46.722,697789, penalties=1.03E-6) for clause:  medv(A) :- rm(A, 6).  [covers 43,0/436,0 pos, 0,0/0,0 neg]
%     Score = -48.946,857148 (regressionFit = 48.946,857147, penalties=1.03E-6) for clause:  medv(A) :- age(A, 1).  [covers 43,0/436,0 pos, 0,0/0,0 neg]
%     Score = -48.918,568093 (regressionFit = 48.918,568092, penalties=1.03E-6) for clause:  medv(A) :- age(A, 10).  [covers 49,0/436,0 pos, 0,0/0,0 neg]
%     Score = -48.931,615157 (regressionFit = 48.931,615156, penalties=1.03E-6) for clause:  medv(A) :- age(A, 7).  [covers 43,0/436,0 pos, 0,0/0,0 neg]
%     Score = -48.785,691495 (regressionFit = 48.785,691494, penalties=1.03E-6) for clause:  medv(A) :- age(A, 5).  [covers 41,0/436,0 pos, 0,0/0,0 neg]
%     Score = -48.905,980294 (regressionFit = 48.905,980293, penalties=1.03E-6) for clause:  medv(A) :- age(A, 6).  [covers 48,0/436,0 pos, 0,0/0,0 neg]
%     Score = -48.844,141573 (regressionFit = 48.844,141572, penalties=1.03E-6) for clause:  medv(A) :- age(A, 2).  [covers 40,0/436,0 pos, 0,0/0,0 neg]
%     Score = -48.854,336806 (regressionFit = 48.854,336805, penalties=1.03E-6) for clause:  medv(A) :- dis(A, 4).  [covers 45,0/436,0 pos, 0,0/0,0 neg]
%     Score = -48.896,723004 (regressionFit = 48.896,723003, penalties=1.03E-6) for clause:  medv(A) :- dis(A, 5).  [covers 46,0/436,0 pos, 0,0/0,0 neg]
%     Score = -48.875,333489 (regressionFit = 48.875,333488, penalties=1.03E-6) for clause:  medv(A) :- dis(A, 2).  [covers 50,0/436,0 pos, 0,0/0,0 neg]
%     Score = -48.383,339176 (regressionFit = 48.383,339175, penalties=1.03E-6) for clause:  medv(A) :- dis(A, 9).  [covers 43,0/436,0 pos, 0,0/0,0 neg]
%     Score = -48.932,410911 (regressionFit = 48.932,410910, penalties=1.03E-6) for clause:  medv(A) :- dis(A, 10).  [covers 51,0/436,0 pos, 0,0/0,0 neg]
%     Score = -48.966,336344 (regressionFit = 48.966,336343, penalties=1.03E-6) for clause:  medv(A) :- dis(A, 8).  [covers 42,0/436,0 pos, 0,0/0,0 neg]
%     Score = -48.011,130746 (regressionFit = 48.011,130745, penalties=1.03E-6) for clause:  medv(A) :- rad(A, 4).  [covers 101,0/436,0 pos, 0,0/0,0 neg]
%     Score = -48.738,459398 (regressionFit = 48.738,459397, penalties=1.03E-6) for clause:  medv(A) :- rad(A, 5).  [covers 112,0/436,0 pos, 0,0/0,0 neg]
%     Score = -48.451,812374 (regressionFit = 48.451,812373, penalties=1.03E-6) for clause:  medv(A) :- rad(A, 24).  [covers 90,0/436,0 pos, 0,0/0,0 neg]
%     Score = -47.907,593873 (regressionFit = 47.907,593872, penalties=1.03E-6) for clause:  medv(A) :- tax(A, 277).  [covers 11,0/436,0 pos, 0,0/0,0 neg]
%     Score = -48.829,213372 (regressionFit = 48.829,213371, penalties=1.03E-6) for clause:  medv(A) :- tax(A, 358).  [covers 3,0/436,0 pos, 0,0/0,0 neg]
%     Score = -48.283,561902 (regressionFit = 48.283,561901, penalties=1.03E-6) for clause:  medv(A) :- tax(A, 287).  [covers 8,0/436,0 pos, 0,0/0,0 neg]
%     Score = -48.451,812374 (regressionFit = 48.451,812373, penalties=1.03E-6) for clause:  medv(A) :- tax(A, 666).  [covers 90,0/436,0 pos, 0,0/0,0 neg]
%     Score = -48.608,185541 (regressionFit = 48.608,185540, penalties=1.03E-6) for clause:  medv(A) :- ptratio(A, 3).  [covers 51,0/436,0 pos, 0,0/0,0 neg]
%     Score = -48.634,363109 (regressionFit = 48.634,363108, penalties=1.03E-6) for clause:  medv(A) :- ptratio(A, 1).  [covers 45,0/436,0 pos, 0,0/0,0 neg]
%     Score = -47.979,639670 (regressionFit = 47.979,639669, penalties=1.03E-6) for clause:  medv(A) :- ptratio(A, 5).  [covers 42,0/436,0 pos, 0,0/0,0 neg]
%     Score = -48.683,670316 (regressionFit = 48.683,670315, penalties=1.03E-6) for clause:  medv(A) :- ptratio(A, 10).  [covers 97,0/436,0 pos, 0,0/0,0 neg]
%     Score = -48.818,275308 (regressionFit = 48.818,275307, penalties=1.03E-6) for clause:  medv(A) :- b(A, 6).  [covers 47,0/436,0 pos, 0,0/0,0 neg]
%     Score = -48.368,867301 (regressionFit = 48.368,867300, penalties=1.03E-6) for clause:  medv(A) :- b(A, 8).  [covers 46,0/436,0 pos, 0,0/0,0 neg]
%     Score = -48.482,637649 (regressionFit = 48.482,637648, penalties=1.03E-6) for clause:  medv(A) :- b(A, 3).  [covers 47,0/436,0 pos, 0,0/0,0 neg]
%     Score = -48.923,310901 (regressionFit = 48.923,310900, penalties=1.03E-6) for clause:  medv(A) :- b(A, 1).  [covers 102,0/436,0 pos, 0,0/0,0 neg]
%     Score = -48.754,043585 (regressionFit = 48.754,043584, penalties=1.03E-6) for clause:  medv(A) :- b(A, 9).  [covers 41,0/436,0 pos, 0,0/0,0 neg]
%     Score = -48.416,563038 (regressionFit = 48.416,563037, penalties=1.03E-6) for clause:  medv(A) :- b(A, 7).  [covers 40,0/436,0 pos, 0,0/0,0 neg]
%     Score = -48.655,718699 (regressionFit = 48.655,718698, penalties=1.03E-6) for clause:  medv(A) :- lstat(A, 7).  [covers 38,0/436,0 pos, 0,0/0,0 neg]
%     Score = -47.878,858642 (regressionFit = 47.878,858640, penalties=1.03E-6) for clause:  medv(A) :- lstat(A, 1).  [covers 49,0/436,0 pos, 0,0/0,0 neg]
%     Score = -48.577,908048 (regressionFit = 48.577,908047, penalties=1.03E-6) for clause:  medv(A) :- lstat(A, 5).  [covers 39,0/436,0 pos, 0,0/0,0 neg]
%     Score = -48.549,414108 (regressionFit = 48.549,414107, penalties=1.03E-6) for clause:  medv(A) :- lstat(A, 6).  [covers 44,0/436,0 pos, 0,0/0,0 neg]
%     Score = -48.361,821389 (regressionFit = 48.361,821388, penalties=1.03E-6) for clause:  medv(A) :- lstat(A, 10).  [covers 38,0/436,0 pos, 0,0/0,0 neg]

% The best node found: medv(A) :- rm(A, 10).  [covers 40,0/436,0 pos, 0,0/0,0 neg]

% The best node found: medv(A) :- rm(A, 10).  [covers 40,0/436,0 pos, 0,0/0,0 neg]
Setting 20.7175 for 
 // Learned this clause on outer loop cycle #4.  It scores=-45.920,97 and has recall=0,09, precision=1,00, and F1=0,17 (using m-estimates).
 // It covers 9,2% of the positive examples, 40 of 436,
 // So far 177 (40,6%) of the positive examples have been covered.
(medv(A) :- rm(A, 10))

% On cycle #4, the best clause found is:
%      medv(A) :- rm(A, 10).  [covers 40,0/436,0 pos, 0,0/0,0 neg]
% This clause covers 40 positive examples, of which 40 are newly covered.
% It also covers 0 negative examples, of which 0 are newly covered.
% The current set of 4 best clauses covers 40,6% of the positive examples and NaN% of the negatives.}

% Have these 10 positive seeds: 23 32 118 128 152 159 252 371 380 387

% target           = medv(A)
%     Score = -Infinity (regressionFit = Infinity, penalties=1.1E-7) for clause:  medv(_).  [covers 436,0/436,0 pos, 0,0/0,0 neg]
% Unacceptable due to being the root node.
% Most-general root: medv(_).  [covers 436,0/436,0 pos, 0,0/0,0 neg]  score = -Infinity
%     Score = -50.624,692029 (regressionFit = 50.624,692028, penalties=1.03E-6) for clause:  medv(A) :- crim(A, 2).  [covers 51,0/436,0 pos, 0,0/0,0 neg]
% Gleaner: New best node found (score = -50.624,692029): medv(A) :- crim(A, 2).  [covers 51,0/436,0 pos, 0,0/0,0 neg]
%     Score = -49.333,115589 (regressionFit = 49.333,115588, penalties=1.03E-6) for clause:  medv(A) :- crim(A, 4).  [covers 41,0/436,0 pos, 0,0/0,0 neg]
% Gleaner: New best node found (score = -49.333,115589): medv(A) :- crim(A, 4).  [covers 41,0/436,0 pos, 0,0/0,0 neg]
%     Score = -50.652,887598 (regressionFit = 50.652,887597, penalties=1.03E-6) for clause:  medv(A) :- crim(A, 6).  [covers 43,0/436,0 pos, 0,0/0,0 neg]
%     Score = -50.644,250618 (regressionFit = 50.644,250617, penalties=1.03E-6) for clause:  medv(A) :- crim(A, 9).  [covers 32,0/436,0 pos, 0,0/0,0 neg]
%     Score = -50.616,504088 (regressionFit = 50.616,504087, penalties=1.03E-6) for clause:  medv(A) :- crim(A, 3).  [covers 47,0/436,0 pos, 0,0/0,0 neg]
%     Score = -49.538,825087 (regressionFit = 49.538,825086, penalties=1.03E-6) for clause:  medv(A) :- zn(A, 0).  [covers 307,0/436,0 pos, 0,0/0,0 neg]
%     Score = -50.762,894407 (regressionFit = 50.762,894406, penalties=1.03E-6) for clause:  medv(A) :- zn(A, 30).  [covers 6,0/436,0 pos, 0,0/0,0 neg]
%     Score = -50.619,207788 (regressionFit = 50.619,207787, penalties=1.03E-6) for clause:  medv(A) :- zn(A, 22).  [covers 9,0/436,0 pos, 0,0/0,0 neg]
%     Score = -50.691,582924 (regressionFit = 50.691,582923, penalties=1.03E-6) for clause:  medv(A) :- zn(A, 21).  [covers 4,0/436,0 pos, 0,0/0,0 neg]
%     Score = -50.487,422536 (regressionFit = 50.487,422535, penalties=1.03E-6) for clause:  medv(A) :- indus(A, 8).  [covers 21,0/436,0 pos, 0,0/0,0 neg]
%     Score = -49.835,611818 (regressionFit = 49.835,611817, penalties=1.03E-6) for clause:  medv(A) :- indus(A, 6).  [covers 36,0/436,0 pos, 0,0/0,0 neg]
%     Score = -50.772,820427 (regressionFit = 50.772,820426, penalties=1.03E-6) for clause:  medv(A) :- indus(A, 7).  [covers 17,0/436,0 pos, 0,0/0,0 neg]
%     Score = -50.690,365201 (regressionFit = 50.690,365200, penalties=1.03E-6) for clause:  medv(A) :- indus(A, 5).  [covers 48,0/436,0 pos, 0,0/0,0 neg]
%     Score = -49.829,995881 (regressionFit = 49.829,995880, penalties=1.03E-6) for clause:  medv(A) :- indus(A, 4).  [covers 49,0/436,0 pos, 0,0/0,0 neg]
%     Score = -50.168,295408 (regressionFit = 50.168,295407, penalties=1.03E-6) for clause:  medv(A) :- indus(A, 10).  [covers 90,0/436,0 pos, 0,0/0,0 neg]
%     Score = -50.716,015460 (regressionFit = 50.716,015459, penalties=1.03E-6) for clause:  medv(A) :- indus(A, 2).  [covers 51,0/436,0 pos, 0,0/0,0 neg]
%     Score = -50.725,334310 (regressionFit = 50.725,334309, penalties=1.03E-6) for clause:  medv(A) :- chas(A, 0).  [covers 401,0/436,0 pos, 0,0/0,0 neg]
%     Score = -50.725,334310 (regressionFit = 50.725,334309, penalties=1.03E-6) for clause:  medv(A) :- chas(A, 1).  [covers 35,0/436,0 pos, 0,0/0,0 neg]
%     Score = -50.726,415298 (regressionFit = 50.726,415297, penalties=1.03E-6) for clause:  medv(A) :- nox(A, 7).  [covers 32,0/436,0 pos, 0,0/0,0 neg]
%     Score = -50.481,893025 (regressionFit = 50.481,893024, penalties=1.03E-6) for clause:  medv(A) :- nox(A, 8).  [covers 36,0/436,0 pos, 0,0/0,0 neg]
%     Score = -50.601,795589 (regressionFit = 50.601,795588, penalties=1.03E-6) for clause:  medv(A) :- nox(A, 4).  [covers 48,0/436,0 pos, 0,0/0,0 neg]
%     Score = -50.280,393752 (regressionFit = 50.280,393751, penalties=1.03E-6) for clause:  medv(A) :- nox(A, 1).  [covers 47,0/436,0 pos, 0,0/0,0 neg]
%     Score = -50.713,495498 (regressionFit = 50.713,495497, penalties=1.03E-6) for clause:  medv(A) :- nox(A, 5).  [covers 50,0/436,0 pos, 0,0/0,0 neg]
%     Score = -50.771,870488 (regressionFit = 50.771,870487, penalties=1.03E-6) for clause:  medv(A) :- nox(A, 2).  [covers 48,0/436,0 pos, 0,0/0,0 neg]
%     Score = -50.771,479430 (regressionFit = 50.771,479429, penalties=1.03E-6) for clause:  medv(A) :- nox(A, 9).  [covers 42,0/436,0 pos, 0,0/0,0 neg]
%     Score = -47.659,172189 (regressionFit = 47.659,172188, penalties=1.03E-6) for clause:  medv(A) :- rm(A, 8).  [covers 45,0/436,0 pos, 0,0/0,0 neg]
% Gleaner: New best node found (score = -47.659,172189): medv(A) :- rm(A, 8).  [covers 45,0/436,0 pos, 0,0/0,0 neg]
%     Score = -49.259,556450 (regressionFit = 49.259,556449, penalties=1.03E-6) for clause:  medv(A) :- rm(A, 7).  [covers 44,0/436,0 pos, 0,0/0,0 neg]
%     Score = -46.985,515646 (regressionFit = 46.985,515645, penalties=1.03E-6) for clause:  medv(A) :- rm(A, 2).  [covers 44,0/436,0 pos, 0,0/0,0 neg]
% Gleaner: New best node found (score = -46.985,515646): medv(A) :- rm(A, 2).  [covers 44,0/436,0 pos, 0,0/0,0 neg]
%     Score = -49.977,548509 (regressionFit = 49.977,548508, penalties=1.03E-6) for clause:  medv(A) :- rm(A, 9).  [covers 44,0/436,0 pos, 0,0/0,0 neg]
%     Score = -47.108,417580 (regressionFit = 47.108,417579, penalties=1.03E-6) for clause:  medv(A) :- rm(A, 6).  [covers 43,0/436,0 pos, 0,0/0,0 neg]
%     Score = -47.936,769590 (regressionFit = 47.936,769589, penalties=1.03E-6) for clause:  medv(A) :- rm(A, 5).  [covers 39,0/436,0 pos, 0,0/0,0 neg]
%     Score = -50.772,558360 (regressionFit = 50.772,558359, penalties=1.03E-6) for clause:  medv(A) :- age(A, 4).  [covers 37,0/436,0 pos, 0,0/0,0 neg]
%     Score = -50.766,215506 (regressionFit = 50.766,215505, penalties=1.03E-6) for clause:  medv(A) :- age(A, 5).  [covers 41,0/436,0 pos, 0,0/0,0 neg]
%     Score = -50.645,338487 (regressionFit = 50.645,338486, penalties=1.03E-6) for clause:  medv(A) :- age(A, 1).  [covers 43,0/436,0 pos, 0,0/0,0 neg]
%     Score = -50.772,342859 (regressionFit = 50.772,342857, penalties=1.03E-6) for clause:  medv(A) :- age(A, 10).  [covers 49,0/436,0 pos, 0,0/0,0 neg]
%     Score = -50.725,938681 (regressionFit = 50.725,938680, penalties=1.03E-6) for clause:  medv(A) :- age(A, 8).  [covers 49,0/436,0 pos, 0,0/0,0 neg]
%     Score = -50.772,749704 (regressionFit = 50.772,749703, penalties=1.03E-6) for clause:  medv(A) :- age(A, 3).  [covers 46,0/436,0 pos, 0,0/0,0 neg]
%     Score = -50.520,691167 (regressionFit = 50.520,691166, penalties=1.03E-6) for clause:  medv(A) :- dis(A, 8).  [covers 42,0/436,0 pos, 0,0/0,0 neg]
%     Score = -50.564,809983 (regressionFit = 50.564,809982, penalties=1.03E-6) for clause:  medv(A) :- dis(A, 9).  [covers 43,0/436,0 pos, 0,0/0,0 neg]
%     Score = -50.647,647970 (regressionFit = 50.647,647969, penalties=1.03E-6) for clause:  medv(A) :- dis(A, 1).  [covers 48,0/436,0 pos, 0,0/0,0 neg]
%     Score = -50.742,997796 (regressionFit = 50.742,997795, penalties=1.03E-6) for clause:  medv(A) :- dis(A, 6).  [covers 32,0/436,0 pos, 0,0/0,0 neg]
%     Score = -50.770,272830 (regressionFit = 50.770,272829, penalties=1.03E-6) for clause:  medv(A) :- dis(A, 3).  [covers 50,0/436,0 pos, 0,0/0,0 neg]
%     Score = -50.649,983473 (regressionFit = 50.649,983472, penalties=1.03E-6) for clause:  medv(A) :- dis(A, 5).  [covers 46,0/436,0 pos, 0,0/0,0 neg]
%     Score = -50.734,598389 (regressionFit = 50.734,598388, penalties=1.03E-6) for clause:  medv(A) :- rad(A, 2).  [covers 23,0/436,0 pos, 0,0/0,0 neg]
%     Score = -50.049,804421 (regressionFit = 50.049,804420, penalties=1.03E-6) for clause:  medv(A) :- rad(A, 4).  [covers 101,0/436,0 pos, 0,0/0,0 neg]
%     Score = -50.691,257556 (regressionFit = 50.691,257555, penalties=1.03E-6) for clause:  medv(A) :- rad(A, 5).  [covers 112,0/436,0 pos, 0,0/0,0 neg]
%     Score = -50.767,464572 (regressionFit = 50.767,464571, penalties=1.03E-6) for clause:  medv(A) :- rad(A, 6).  [covers 18,0/436,0 pos, 0,0/0,0 neg]
%     Score = -50.744,334291 (regressionFit = 50.744,334290, penalties=1.03E-6) for clause:  medv(A) :- rad(A, 7).  [covers 16,0/436,0 pos, 0,0/0,0 neg]
%     Score = -50.168,295408 (regressionFit = 50.168,295407, penalties=1.03E-6) for clause:  medv(A) :- rad(A, 24).  [covers 90,0/436,0 pos, 0,0/0,0 neg]
%     Score = -50.590,535464 (regressionFit = 50.590,535463, penalties=1.03E-6) for clause:  medv(A) :- rad(A, 3).  [covers 37,0/436,0 pos, 0,0/0,0 neg]
%     Score = -50.325,164797 (regressionFit = 50.325,164796, penalties=1.03E-6) for clause:  medv(A) :- tax(A, 188).  [covers 7,0/436,0 pos, 0,0/0,0 neg]
%     Score = -50.743,295093 (regressionFit = 50.743,295092, penalties=1.03E-6) for clause:  medv(A) :- tax(A, 437).  [covers 14,0/436,0 pos, 0,0/0,0 neg]
%     Score = -50.079,715755 (regressionFit = 50.079,715754, penalties=1.03E-6) for clause:  medv(A) :- tax(A, 277).  [covers 11,0/436,0 pos, 0,0/0,0 neg]
%     Score = -50.671,169452 (regressionFit = 50.671,169451, penalties=1.03E-6) for clause:  medv(A) :- tax(A, 276).  [covers 9,0/436,0 pos, 0,0/0,0 neg]
%     Score = -50.771,649625 (regressionFit = 50.771,649624, penalties=1.03E-6) for clause:  medv(A) :- tax(A, 300).  [covers 7,0/436,0 pos, 0,0/0,0 neg]
%     Score = -50.619,207788 (regressionFit = 50.619,207787, penalties=1.03E-6) for clause:  medv(A) :- tax(A, 330).  [covers 9,0/436,0 pos, 0,0/0,0 neg]
%     Score = -50.758,664951 (regressionFit = 50.758,664950, penalties=1.03E-6) for clause:  medv(A) :- tax(A, 430).  [covers 3,0/436,0 pos, 0,0/0,0 neg]
%     Score = -50.168,295408 (regressionFit = 50.168,295407, penalties=1.03E-6) for clause:  medv(A) :- tax(A, 666).  [covers 90,0/436,0 pos, 0,0/0,0 neg]
%     Score = -50.633,683570 (regressionFit = 50.633,683569, penalties=1.03E-6) for clause:  medv(A) :- tax(A, 233).  [covers 9,0/436,0 pos, 0,0/0,0 neg]
%     Score = -50.691,582924 (regressionFit = 50.691,582923, penalties=1.03E-6) for clause:  medv(A) :- tax(A, 243).  [covers 4,0/436,0 pos, 0,0/0,0 neg]
%     Score = -49.593,557183 (regressionFit = 49.593,557182, penalties=1.03E-6) for clause:  medv(A) :- ptratio(A, 5).  [covers 42,0/436,0 pos, 0,0/0,0 neg]
%     Score = -50.686,336075 (regressionFit = 50.686,336074, penalties=1.03E-6) for clause:  medv(A) :- ptratio(A, 7).  [covers 16,0/436,0 pos, 0,0/0,0 neg]
%     Score = -50.695,899249 (regressionFit = 50.695,899248, penalties=1.03E-6) for clause:  medv(A) :- ptratio(A, 3).  [covers 51,0/436,0 pos, 0,0/0,0 neg]
%     Score = -50.558,423648 (regressionFit = 50.558,423647, penalties=1.03E-6) for clause:  medv(A) :- ptratio(A, 1).  [covers 45,0/436,0 pos, 0,0/0,0 neg]
%     Score = -50.501,137526 (regressionFit = 50.501,137525, penalties=1.03E-6) for clause:  medv(A) :- ptratio(A, 6).  [covers 48,0/436,0 pos, 0,0/0,0 neg]
%     Score = -50.291,658346 (regressionFit = 50.291,658345, penalties=1.03E-6) for clause:  medv(A) :- ptratio(A, 10).  [covers 97,0/436,0 pos, 0,0/0,0 neg]
%     Score = -50.762,194548 (regressionFit = 50.762,194547, penalties=1.03E-6) for clause:  medv(A) :- ptratio(A, 2).  [covers 47,0/436,0 pos, 0,0/0,0 neg]
%     Score = -50.561,930274 (regressionFit = 50.561,930273, penalties=1.03E-6) for clause:  medv(A) :- b(A, 6).  [covers 47,0/436,0 pos, 0,0/0,0 neg]
%     Score = -50.759,147203 (regressionFit = 50.759,147202, penalties=1.03E-6) for clause:  medv(A) :- b(A, 2).  [covers 40,0/436,0 pos, 0,0/0,0 neg]
%     Score = -50.768,503602 (regressionFit = 50.768,503601, penalties=1.03E-6) for clause:  medv(A) :- b(A, 5).  [covers 46,0/436,0 pos, 0,0/0,0 neg]
%     Score = -50.531,285013 (regressionFit = 50.531,285012, penalties=1.03E-6) for clause:  medv(A) :- b(A, 8).  [covers 46,0/436,0 pos, 0,0/0,0 neg]
%     Score = -50.494,688048 (regressionFit = 50.494,688047, penalties=1.03E-6) for clause:  medv(A) :- b(A, 3).  [covers 47,0/436,0 pos, 0,0/0,0 neg]
%     Score = -49.879,360683 (regressionFit = 49.879,360682, penalties=1.03E-6) for clause:  medv(A) :- lstat(A, 10).  [covers 38,0/436,0 pos, 0,0/0,0 neg]
%     Score = -50.693,829870 (regressionFit = 50.693,829868, penalties=1.03E-6) for clause:  medv(A) :- lstat(A, 7).  [covers 38,0/436,0 pos, 0,0/0,0 neg]
%     Score = -49.869,328173 (regressionFit = 49.869,328172, penalties=1.03E-6) for clause:  medv(A) :- lstat(A, 9).  [covers 46,0/436,0 pos, 0,0/0,0 neg]
%     Score = -48.909,667935 (regressionFit = 48.909,667934, penalties=1.03E-6) for clause:  medv(A) :- lstat(A, 4).  [covers 42,0/436,0 pos, 0,0/0,0 neg]
%     Score = -49.859,626287 (regressionFit = 49.859,626286, penalties=1.03E-6) for clause:  medv(A) :- lstat(A, 2).  [covers 45,0/436,0 pos, 0,0/0,0 neg]
%     Score = -50.567,837930 (regressionFit = 50.567,837929, penalties=1.03E-6) for clause:  medv(A) :- lstat(A, 5).  [covers 39,0/436,0 pos, 0,0/0,0 neg]
%     Score = -50.482,221830 (regressionFit = 50.482,221829, penalties=1.03E-6) for clause:  medv(A) :- lstat(A, 8).  [covers 44,0/436,0 pos, 0,0/0,0 neg]

% The best node found: medv(A) :- rm(A, 2).  [covers 44,0/436,0 pos, 0,0/0,0 neg]

% The best node found: medv(A) :- rm(A, 2).  [covers 44,0/436,0 pos, 0,0/0,0 neg]
Setting 19.293181818181907 for 
 // Learned this clause on outer loop cycle #5.  It scores=-46.985,52 and has recall=0,10, precision=1,00, and F1=0,18 (using m-estimates).
 // It covers 10,1% of the positive examples, 44 of 436,
 // So far 221 (50,7%) of the positive examples have been covered.
(medv(A) :- rm(A, 2))

% On cycle #5, the best clause found is:
%      medv(A) :- rm(A, 2).  [covers 44,0/436,0 pos, 0,0/0,0 neg]
% This clause covers 44 positive examples, of which 44 are newly covered.
% It also covers 0 negative examples, of which 0 are newly covered.
% The current set of 5 best clauses covers 50,7% of the positive examples and NaN% of the negatives.}

% ******************************************

% Have stopped ILP's outer loop because have reached the maximum number of iterations (5).

% ******************************************
adding regression values
Added 39.46875000000001 to wgt = 39,4688 (medv(A) :- rm(A, 3))
Added 28.297826086956523 to wgt = 28,2978 (medv(A) :- rm(A, 4))
Added 24.67209302325581 to wgt = 24,6721 (medv(A) :- rm(A, 1))
Added 20.7175 to wgt = 20,7175 (medv(A) :- rm(A, 10))
Added 19.293181818181907 to wgt = 19,2932 (medv(A) :- rm(A, 2))
% Saving model in: data/boston_housing/train/models/bRDNs/medv.model.ckpt
% Time taken to learn 4 trees is 18,704 seconds.

% Kept 436 of the 436 positive examples.
% Kept 0 of the 0 negative examples.
% Dataset size: 436
Computing probabilities
prob time:142 milliseconds
No hidden examples for : medv
Time to build dataset: 145 milliseconds

% Have these 6 positive seeds: 27 141 162 225 245 433

% target           = medv(A)
%     Score = -Infinity (regressionFit = Infinity, penalties=1.1E-7) for clause:  medv(_).  [covers 436,0/436,0 pos, 0,0/0,0 neg]
% Unacceptable due to being the root node.
% Most-general root: medv(_).  [covers 436,0/436,0 pos, 0,0/0,0 neg]  score = -Infinity
%     Score = -37.633,240547 (regressionFit = 37.633,240546, penalties=1.03E-6) for clause:  medv(A) :- crim(A, 1).  [covers 49,0/436,0 pos, 0,0/0,0 neg]
% Gleaner: New best node found (score = -37.633,240547): medv(A) :- crim(A, 1).  [covers 49,0/436,0 pos, 0,0/0,0 neg]
%     Score = -38.808,651291 (regressionFit = 38.808,651290, penalties=1.03E-6) for clause:  medv(A) :- crim(A, 7).  [covers 47,0/436,0 pos, 0,0/0,0 neg]
%     Score = -39.500,127837 (regressionFit = 39.500,127836, penalties=1.03E-6) for clause:  medv(A) :- crim(A, 4).  [covers 41,0/436,0 pos, 0,0/0,0 neg]
%     Score = -39.272,609513 (regressionFit = 39.272,609512, penalties=1.03E-6) for clause:  medv(A) :- crim(A, 6).  [covers 43,0/436,0 pos, 0,0/0,0 neg]
%     Score = -39.638,468146 (regressionFit = 39.638,468145, penalties=1.03E-6) for clause:  medv(A) :- crim(A, 3).  [covers 47,0/436,0 pos, 0,0/0,0 neg]
%     Score = -Infinity (regressionFit = Infinity, penalties=1.03E-6) for clause:  medv(A) :- zn(A, 18).  [covers 1,0/436,0 pos, 0,0/0,0 neg]
%     Score = -34.695,562993 (regressionFit = 34.695,562992, penalties=1.03E-6) for clause:  medv(A) :- zn(A, 0).  [covers 307,0/436,0 pos, 0,0/0,0 neg]
% Gleaner: New best node found (score = -34.695,562993): medv(A) :- zn(A, 0).  [covers 307,0/436,0 pos, 0,0/0,0 neg]
%     Score = -39.571,765439 (regressionFit = 39.571,765438, penalties=1.03E-6) for clause:  medv(A) :- zn(A, 22).  [covers 9,0/436,0 pos, 0,0/0,0 neg]
%     Score = -39.356,067485 (regressionFit = 39.356,067484, penalties=1.03E-6) for clause:  medv(A) :- zn(A, 33).  [covers 4,0/436,0 pos, 0,0/0,0 neg]
%     Score = -35.626,344934 (regressionFit = 35.626,344933, penalties=1.03E-6) for clause:  medv(A) :- indus(A, 1).  [covers 48,0/436,0 pos, 0,0/0,0 neg]
%     Score = -38.605,364981 (regressionFit = 38.605,364979, penalties=1.03E-6) for clause:  medv(A) :- indus(A, 2).  [covers 51,0/436,0 pos, 0,0/0,0 neg]
%     Score = -39.638,397786 (regressionFit = 39.638,397785, penalties=1.03E-6) for clause:  medv(A) :- indus(A, 5).  [covers 48,0/436,0 pos, 0,0/0,0 neg]
%     Score = -38.847,221310 (regressionFit = 38.847,221309, penalties=1.03E-6) for clause:  medv(A) :- indus(A, 3).  [covers 47,0/436,0 pos, 0,0/0,0 neg]
%     Score = -38.577,903986 (regressionFit = 38.577,903985, penalties=1.03E-6) for clause:  medv(A) :- chas(A, 0).  [covers 401,0/436,0 pos, 0,0/0,0 neg]
%     Score = -38.737,679684 (regressionFit = 38.737,679683, penalties=1.03E-6) for clause:  medv(A) :- nox(A, 1).  [covers 47,0/436,0 pos, 0,0/0,0 neg]
%     Score = -38.164,984523 (regressionFit = 38.164,984522, penalties=1.03E-6) for clause:  medv(A) :- nox(A, 4).  [covers 48,0/436,0 pos, 0,0/0,0 neg]
%     Score = -39.428,299286 (regressionFit = 39.428,299285, penalties=1.03E-6) for clause:  medv(A) :- nox(A, 5).  [covers 50,0/436,0 pos, 0,0/0,0 neg]
%     Score = -38.931,488678 (regressionFit = 38.931,488677, penalties=1.03E-6) for clause:  medv(A) :- nox(A, 2).  [covers 48,0/436,0 pos, 0,0/0,0 neg]
%     Score = -39.337,639525 (regressionFit = 39.337,639524, penalties=1.03E-6) for clause:  medv(A) :- rm(A, 1).  [covers 43,0/436,0 pos, 0,0/0,0 neg]
%     Score = -23.480,474249 (regressionFit = 23.480,474248, penalties=1.03E-6) for clause:  medv(A) :- rm(A, 3).  [covers 48,0/436,0 pos, 0,0/0,0 neg]
% Gleaner: New best node found (score = -23.480,474249): medv(A) :- rm(A, 3).  [covers 48,0/436,0 pos, 0,0/0,0 neg]
%     Score = -39.236,069980 (regressionFit = 39.236,069979, penalties=1.03E-6) for clause:  medv(A) :- rm(A, 2).  [covers 44,0/436,0 pos, 0,0/0,0 neg]
%     Score = -37.815,121421 (regressionFit = 37.815,121420, penalties=1.03E-6) for clause:  medv(A) :- rm(A, 7).  [covers 44,0/436,0 pos, 0,0/0,0 neg]
%     Score = -39.237,214582 (regressionFit = 39.237,214581, penalties=1.03E-6) for clause:  medv(A) :- rm(A, 6).  [covers 43,0/436,0 pos, 0,0/0,0 neg]
%     Score = -39.413,493691 (regressionFit = 39.413,493690, penalties=1.03E-6) for clause:  medv(A) :- age(A, 1).  [covers 43,0/436,0 pos, 0,0/0,0 neg]
%     Score = -39.591,251021 (regressionFit = 39.591,251020, penalties=1.03E-6) for clause:  medv(A) :- age(A, 2).  [covers 40,0/436,0 pos, 0,0/0,0 neg]
%     Score = -39.446,839815 (regressionFit = 39.446,839814, penalties=1.03E-6) for clause:  medv(A) :- age(A, 3).  [covers 46,0/436,0 pos, 0,0/0,0 neg]
%     Score = -39.492,330672 (regressionFit = 39.492,330671, penalties=1.03E-6) for clause:  medv(A) :- age(A, 4).  [covers 37,0/436,0 pos, 0,0/0,0 neg]
%     Score = -39.608,466066 (regressionFit = 39.608,466065, penalties=1.03E-6) for clause:  medv(A) :- dis(A, 1).  [covers 48,0/436,0 pos, 0,0/0,0 neg]
%     Score = -39.019,388855 (regressionFit = 39.019,388854, penalties=1.03E-6) for clause:  medv(A) :- dis(A, 4).  [covers 45,0/436,0 pos, 0,0/0,0 neg]
%     Score = -39.463,716783 (regressionFit = 39.463,716782, penalties=1.03E-6) for clause:  medv(A) :- dis(A, 5).  [covers 46,0/436,0 pos, 0,0/0,0 neg]
%     Score = -38.980,541886 (regressionFit = 38.980,541884, penalties=1.03E-6) for clause:  medv(A) :- dis(A, 2).  [covers 50,0/436,0 pos, 0,0/0,0 neg]
%     Score = -39.533,010421 (regressionFit = 39.533,010420, penalties=1.03E-6) for clause:  medv(A) :- rad(A, 1).  [covers 15,0/436,0 pos, 0,0/0,0 neg]
%     Score = -38.322,758586 (regressionFit = 38.322,758585, penalties=1.03E-6) for clause:  medv(A) :- rad(A, 8).  [covers 24,0/436,0 pos, 0,0/0,0 neg]
%     Score = -39.323,052837 (regressionFit = 39.323,052836, penalties=1.03E-6) for clause:  medv(A) :- rad(A, 7).  [covers 16,0/436,0 pos, 0,0/0,0 neg]
%     Score = -38.686,454032 (regressionFit = 38.686,454031, penalties=1.03E-6) for clause:  medv(A) :- rad(A, 5).  [covers 112,0/436,0 pos, 0,0/0,0 neg]
%     Score = -39.277,358936 (regressionFit = 39.277,358935, penalties=1.03E-6) for clause:  medv(A) :- rad(A, 2).  [covers 23,0/436,0 pos, 0,0/0,0 neg]
%     Score = -39.609,412392 (regressionFit = 39.609,412391, penalties=1.03E-6) for clause:  medv(A) :- tax(A, 296).  [covers 8,0/436,0 pos, 0,0/0,0 neg]
%     Score = -39.559,309771 (regressionFit = 39.559,309770, penalties=1.03E-6) for clause:  medv(A) :- tax(A, 307).  [covers 39,0/436,0 pos, 0,0/0,0 neg]
%     Score = -39.571,765439 (regressionFit = 39.571,765438, penalties=1.03E-6) for clause:  medv(A) :- tax(A, 330).  [covers 9,0/436,0 pos, 0,0/0,0 neg]
%     Score = -39.075,442490 (regressionFit = 39.075,442489, penalties=1.03E-6) for clause:  medv(A) :- tax(A, 222).  [covers 7,0/436,0 pos, 0,0/0,0 neg]
%     Score = -39.635,702906 (regressionFit = 39.635,702905, penalties=1.03E-6) for clause:  medv(A) :- tax(A, 287).  [covers 8,0/436,0 pos, 0,0/0,0 neg]
%     Score = -39.313,124893 (regressionFit = 39.313,124892, penalties=1.03E-6) for clause:  medv(A) :- tax(A, 276).  [covers 9,0/436,0 pos, 0,0/0,0 neg]
%     Score = -38.780,620068 (regressionFit = 38.780,620067, penalties=1.03E-6) for clause:  medv(A) :- ptratio(A, 1).  [covers 45,0/436,0 pos, 0,0/0,0 neg]
%     Score = -38.628,749883 (regressionFit = 38.628,749882, penalties=1.03E-6) for clause:  medv(A) :- ptratio(A, 6).  [covers 48,0/436,0 pos, 0,0/0,0 neg]
%     Score = -39.637,264018 (regressionFit = 39.637,264017, penalties=1.03E-6) for clause:  medv(A) :- ptratio(A, 5).  [covers 42,0/436,0 pos, 0,0/0,0 neg]
%     Score = -39.612,829710 (regressionFit = 39.612,829709, penalties=1.03E-6) for clause:  medv(A) :- ptratio(A, 3).  [covers 51,0/436,0 pos, 0,0/0,0 neg]
%     Score = -38.966,688026 (regressionFit = 38.966,688025, penalties=1.03E-6) for clause:  medv(A) :- ptratio(A, 2).  [covers 47,0/436,0 pos, 0,0/0,0 neg]
%     Score = -39.157,831176 (regressionFit = 39.157,831175, penalties=1.03E-6) for clause:  medv(A) :- b(A, 1).  [covers 102,0/436,0 pos, 0,0/0,0 neg]
%     Score = -39.164,167204 (regressionFit = 39.164,167203, penalties=1.03E-6) for clause:  medv(A) :- b(A, 8).  [covers 46,0/436,0 pos, 0,0/0,0 neg]
%     Score = -39.176,403294 (regressionFit = 39.176,403293, penalties=1.03E-6) for clause:  medv(A) :- b(A, 2).  [covers 40,0/436,0 pos, 0,0/0,0 neg]
%     Score = -39.108,046443 (regressionFit = 39.108,046442, penalties=1.03E-6) for clause:  medv(A) :- b(A, 6).  [covers 47,0/436,0 pos, 0,0/0,0 neg]
%     Score = -37.918,361279 (regressionFit = 37.918,361278, penalties=1.03E-6) for clause:  medv(A) :- lstat(A, 1).  [covers 49,0/436,0 pos, 0,0/0,0 neg]
%     Score = -38.800,377461 (regressionFit = 38.800,377460, penalties=1.03E-6) for clause:  medv(A) :- lstat(A, 9).  [covers 46,0/436,0 pos, 0,0/0,0 neg]
%     Score = -39.453,241313 (regressionFit = 39.453,241312, penalties=1.03E-6) for clause:  medv(A) :- lstat(A, 2).  [covers 45,0/436,0 pos, 0,0/0,0 neg]
%     Score = -39.281,193169 (regressionFit = 39.281,193168, penalties=1.03E-6) for clause:  medv(A) :- lstat(A, 4).  [covers 42,0/436,0 pos, 0,0/0,0 neg]
%     Score = -39.589,839737 (regressionFit = 39.589,839736, penalties=1.03E-6) for clause:  medv(A) :- lstat(A, 8).  [covers 44,0/436,0 pos, 0,0/0,0 neg]
%     Score = -35.156,204547 (regressionFit = 35.156,204545, penalties=2.0500000000000003E-6) for clause:  medv(A) :- rm(A, 3), crim(A, 7).  [covers 14,0/436,0 pos, 0,0/0,0 neg]
%     Score = -33.346,996080 (regressionFit = 33.346,996078, penalties=2.0500000000000003E-6) for clause:  medv(A) :- rm(A, 3), zn(A, 0).  [covers 21,0/436,0 pos, 0,0/0,0 neg]
%     Score = -36.575,213045 (regressionFit = 36.575,213043, penalties=2.0500000000000003E-6) for clause:  medv(A) :- rm(A, 3), indus(A, 2).  [covers 12,0/436,0 pos, 0,0/0,0 neg]
%     Score = -26.196,537090 (regressionFit = 26.196,537088, penalties=2.0500000000000003E-6) for clause:  medv(A) :- rm(A, 3), chas(A, 0).  [covers 41,0/436,0 pos, 0,0/0,0 neg]
%     Score = -36.677,449626 (regressionFit = 36.677,449624, penalties=2.0500000000000003E-6) for clause:  medv(A) :- rm(A, 3), nox(A, 4).  [covers 10,0/436,0 pos, 0,0/0,0 neg]
%     Score = -38.476,125436 (regressionFit = 38.476,125434, penalties=2.0500000000000003E-6) for clause:  medv(A) :- rm(A, 3), age(A, 2).  [covers 6,0/436,0 pos, 0,0/0,0 neg]
%     Score = -37.257,983989 (regressionFit = 37.257,983987, penalties=2.0500000000000003E-6) for clause:  medv(A) :- rm(A, 3), dis(A, 4).  [covers 9,0/436,0 pos, 0,0/0,0 neg]
%     Score = -36.896,835397 (regressionFit = 36.896,835395, penalties=2.0500000000000003E-6) for clause:  medv(A) :- rm(A, 3), rad(A, 8).  [covers 9,0/436,0 pos, 0,0/0,0 neg]
%     Score = -36.896,835397 (regressionFit = 36.896,835395, penalties=2.0500000000000003E-6) for clause:  medv(A) :- rm(A, 3), tax(A, 307).  [covers 9,0/436,0 pos, 0,0/0,0 neg]
%     Score = -36.896,835397 (regressionFit = 36.896,835395, penalties=2.0500000000000003E-6) for clause:  medv(A) :- rm(A, 3), ptratio(A, 6).  [covers 9,0/436,0 pos, 0,0/0,0 neg]
%     Score = -36.703,724203 (regressionFit = 36.703,724201, penalties=2.0500000000000003E-6) for clause:  medv(A) :- rm(A, 3), b(A, 8).  [covers 7,0/436,0 pos, 0,0/0,0 neg]
%     Score = -37.849,993749 (regressionFit = 37.849,993746, penalties=2.0500000000000003E-6) for clause:  medv(A) :- rm(A, 3), lstat(A, 9).  [covers 8,0/436,0 pos, 0,0/0,0 neg]
%     Score = -39.467,483564 (regressionFit = 39.467,483562, penalties=2.0500000000000003E-6) for clause:  medv(A) :- zn(A, 0), crim(A, 7).  [covers 39,0/436,0 pos, 0,0/0,0 neg]
%     Score = -39.637,716431 (regressionFit = 39.637,716429, penalties=2.0500000000000003E-6) for clause:  medv(A) :- zn(A, 0), crim(A, 3).  [covers 30,0/436,0 pos, 0,0/0,0 neg]
%     Score = -38.714,356208 (regressionFit = 38.714,356206, penalties=2.0500000000000003E-6) for clause:  medv(A) :- zn(A, 0), indus(A, 2).  [covers 33,0/436,0 pos, 0,0/0,0 neg]
%     Score = -38.924,740761 (regressionFit = 38.924,740759, penalties=2.0500000000000003E-6) for clause:  medv(A) :- zn(A, 0), indus(A, 3).  [covers 40,0/436,0 pos, 0,0/0,0 neg]
%     Score = -37.738,858929 (regressionFit = 37.738,858927, penalties=2.0500000000000003E-6) for clause:  medv(A) :- zn(A, 0), indus(A, 1).  [covers 17,0/436,0 pos, 0,0/0,0 neg]
%     Score = -33.792,678023 (regressionFit = 33.792,678021, penalties=2.0300000000000005E-6) for clause:  medv(A) :- zn(A, 0), chas(A, 0).  [covers 279,0/436,0 pos, 0,0/0,0 neg]
%     Score = -38.491,491717 (regressionFit = 38.491,491715, penalties=2.0500000000000003E-6) for clause:  medv(A) :- zn(A, 0), nox(A, 4).  [covers 42,0/436,0 pos, 0,0/0,0 neg]
%     Score = -39.479,651838 (regressionFit = 39.479,651836, penalties=2.0500000000000003E-6) for clause:  medv(A) :- zn(A, 0), nox(A, 2).  [covers 26,0/436,0 pos, 0,0/0,0 neg]
%     Score = -33.346,996080 (regressionFit = 33.346,996078, penalties=2.0500000000000003E-6) for clause:  medv(A) :- zn(A, 0), rm(A, 3).  [covers 21,0/436,0 pos, 0,0/0,0 neg]
%     Score = -38.016,373787 (regressionFit = 38.016,373785, penalties=2.0500000000000003E-6) for clause:  medv(A) :- zn(A, 0), rm(A, 7).  [covers 38,0/436,0 pos, 0,0/0,0 neg]
%     Score = -39.163,707973 (regressionFit = 39.163,707971, penalties=2.0500000000000003E-6) for clause:  medv(A) :- zn(A, 0), rm(A, 6).  [covers 35,0/436,0 pos, 0,0/0,0 neg]
%     Score = -39.559,474586 (regressionFit = 39.559,474584, penalties=2.0500000000000003E-6) for clause:  medv(A) :- zn(A, 0), age(A, 2).  [covers 36,0/436,0 pos, 0,0/0,0 neg]
%     Score = -39.566,618831 (regressionFit = 39.566,618829, penalties=2.0500000000000003E-6) for clause:  medv(A) :- zn(A, 0), age(A, 4).  [covers 28,0/436,0 pos, 0,0/0,0 neg]
%     Score = -39.092,522156 (regressionFit = 39.092,522154, penalties=2.0500000000000003E-6) for clause:  medv(A) :- zn(A, 0), dis(A, 4).  [covers 41,0/436,0 pos, 0,0/0,0 neg]
%     Score = -39.581,364019 (regressionFit = 39.581,364017, penalties=2.0500000000000003E-6) for clause:  medv(A) :- zn(A, 0), dis(A, 2).  [covers 27,0/436,0 pos, 0,0/0,0 neg]
%     Score = -37.614,156704 (regressionFit = 37.614,156702, penalties=2.0500000000000003E-6) for clause:  medv(A) :- zn(A, 0), rad(A, 8).  [covers 18,0/436,0 pos, 0,0/0,0 neg]
%     Score = -39.615,947011 (regressionFit = 39.615,947009, penalties=2.0500000000000003E-6) for clause:  medv(A) :- zn(A, 0), rad(A, 5).  [covers 76,0/436,0 pos, 0,0/0,0 neg]
%     Score = -39.548,397532 (regressionFit = 39.548,397530, penalties=2.0500000000000003E-6) for clause:  medv(A) :- zn(A, 0), rad(A, 2).  [covers 17,0/436,0 pos, 0,0/0,0 neg]
%     Score = -39.559,309772 (regressionFit = 39.559,309770, penalties=2.0500000000000003E-6) for clause:  medv(A) :- zn(A, 0), tax(A, 307).  [covers 39,0/436,0 pos, 0,0/0,0 neg]
%     Score = -39.635,702907 (regressionFit = 39.635,702905, penalties=2.0500000000000003E-6) for clause:  medv(A) :- zn(A, 0), tax(A, 287).  [covers 8,0/436,0 pos, 0,0/0,0 neg]
%     Score = -39.313,124894 (regressionFit = 39.313,124892, penalties=2.0500000000000003E-6) for clause:  medv(A) :- zn(A, 0), tax(A, 276).  [covers 9,0/436,0 pos, 0,0/0,0 neg]
%     Score = -38.211,009588 (regressionFit = 38.211,009586, penalties=2.0500000000000003E-6) for clause:  medv(A) :- zn(A, 0), ptratio(A, 6).  [covers 28,0/436,0 pos, 0,0/0,0 neg]
%     Score = -39.567,254133 (regressionFit = 39.567,254131, penalties=2.0500000000000003E-6) for clause:  medv(A) :- zn(A, 0), ptratio(A, 5).  [covers 23,0/436,0 pos, 0,0/0,0 neg]
%     Score = -39.226,771762 (regressionFit = 39.226,771760, penalties=2.0500000000000003E-6) for clause:  medv(A) :- zn(A, 0), ptratio(A, 2).  [covers 36,0/436,0 pos, 0,0/0,0 neg]
%     Score = -39.287,243031 (regressionFit = 39.287,243029, penalties=2.0500000000000003E-6) for clause:  medv(A) :- zn(A, 0), b(A, 8).  [covers 32,0/436,0 pos, 0,0/0,0 neg]
%     Score = -39.636,587328 (regressionFit = 39.636,587326, penalties=2.0500000000000003E-6) for clause:  medv(A) :- zn(A, 0), b(A, 6).  [covers 27,0/436,0 pos, 0,0/0,0 neg]
%     Score = -39.577,288794 (regressionFit = 39.577,288792, penalties=2.0500000000000003E-6) for clause:  medv(A) :- zn(A, 0), b(A, 2).  [covers 25,0/436,0 pos, 0,0/0,0 neg]
%     Score = -39.464,126025 (regressionFit = 39.464,126023, penalties=2.0500000000000003E-6) for clause:  medv(A) :- zn(A, 0), lstat(A, 9).  [covers 20,0/436,0 pos, 0,0/0,0 neg]
%     Score = -39.418,563425 (regressionFit = 39.418,563423, penalties=2.0500000000000003E-6) for clause:  medv(A) :- zn(A, 0), lstat(A, 4).  [covers 33,0/436,0 pos, 0,0/0,0 neg]
%     Score = -39.547,739281 (regressionFit = 39.547,739279, penalties=2.0500000000000003E-6) for clause:  medv(A) :- zn(A, 0), lstat(A, 8).  [covers 38,0/436,0 pos, 0,0/0,0 neg]
%     Score = -37.720,054714 (regressionFit = 37.720,054711, penalties=2.0300000000000005E-6) for clause:  medv(A) :- indus(A, 1), crim(A, 1).  [covers 21,0/436,0 pos, 0,0/0,0 neg]
%     Score = -38.796,252598 (regressionFit = 38.796,252596, penalties=2.0500000000000003E-6) for clause:  medv(A) :- indus(A, 1), crim(A, 6).  [covers 11,0/436,0 pos, 0,0/0,0 neg]
%     Score = -39.503,867615 (regressionFit = 39.503,867613, penalties=2.0500000000000003E-6) for clause:  medv(A) :- indus(A, 1), crim(A, 3).  [covers 5,0/436,0 pos, 0,0/0,0 neg]
%     Score = -Infinity (regressionFit = Infinity, penalties=2.0500000000000003E-6) for clause:  medv(A) :- indus(A, 1), zn(A, 18).  [covers 1,0/436,0 pos, 0,0/0,0 neg]
%     Score = -39.356,067486 (regressionFit = 39.356,067484, penalties=2.0500000000000003E-6) for clause:  medv(A) :- indus(A, 1), zn(A, 33).  [covers 4,0/436,0 pos, 0,0/0,0 neg]
%     Score = -37.738,858929 (regressionFit = 37.738,858927, penalties=2.0500000000000003E-6) for clause:  medv(A) :- indus(A, 1), zn(A, 0).  [covers 17,0/436,0 pos, 0,0/0,0 neg]
%     Score = -36.064,268182 (regressionFit = 36.064,268180, penalties=2.0500000000000003E-6) for clause:  medv(A) :- indus(A, 1), chas(A, 0).  [covers 47,0/436,0 pos, 0,0/0,0 neg]
%     Score = -Infinity (regressionFit = Infinity, penalties=2.0300000000000005E-6) for clause:  medv(A) :- indus(A, 1), nox(A, 1).  [covers 1,0/436,0 pos, 0,0/0,0 neg]
%     Score = -38.012,004248 (regressionFit = 38.012,004246, penalties=2.0500000000000003E-6) for clause:  medv(A) :- indus(A, 1), nox(A, 4).  [covers 12,0/436,0 pos, 0,0/0,0 neg]
%     Score = -38.853,545150 (regressionFit = 38.853,545148, penalties=2.0500000000000003E-6) for clause:  medv(A) :- indus(A, 1), nox(A, 2).  [covers 8,0/436,0 pos, 0,0/0,0 neg]
%     Score = -39.569,880419 (regressionFit = 39.569,880417, penalties=2.0300000000000005E-6) for clause:  medv(A) :- indus(A, 1), rm(A, 1).  [covers 8,0/436,0 pos, 0,0/0,0 neg]
%     Score = -39.550,673783 (regressionFit = 39.550,673781, penalties=2.0500000000000003E-6) for clause:  medv(A) :- indus(A, 1), rm(A, 6).  [covers 4,0/436,0 pos, 0,0/0,0 neg]
%     Score = -38.860,405118 (regressionFit = 38.860,405116, penalties=2.0300000000000005E-6) for clause:  medv(A) :- indus(A, 1), age(A, 1).  [covers 10,0/436,0 pos, 0,0/0,0 neg]
%     Score = -39.383,581314 (regressionFit = 39.383,581312, penalties=2.0500000000000003E-6) for clause:  medv(A) :- indus(A, 1), age(A, 4).  [covers 5,0/436,0 pos, 0,0/0,0 neg]
%     Score = -Infinity (regressionFit = Infinity, penalties=2.0300000000000005E-6) for clause:  medv(A) :- indus(A, 1), dis(A, 1).  [covers 2,0/436,0 pos, 0,0/0,0 neg]
%     Score = -39.091,599634 (regressionFit = 39.091,599632, penalties=2.0500000000000003E-6) for clause:  medv(A) :- indus(A, 1), dis(A, 4).  [covers 7,0/436,0 pos, 0,0/0,0 neg]
%     Score = -39.527,581365 (regressionFit = 39.527,581363, penalties=2.0300000000000005E-6) for clause:  medv(A) :- indus(A, 1), rad(A, 1).  [covers 8,0/436,0 pos, 0,0/0,0 neg]
%     Score = -39.356,067486 (regressionFit = 39.356,067484, penalties=2.0500000000000003E-6) for clause:  medv(A) :- indus(A, 1), rad(A, 7).  [covers 4,0/436,0 pos, 0,0/0,0 neg]
%     Score = -38.705,292812 (regressionFit = 38.705,292810, penalties=2.0500000000000003E-6) for clause:  medv(A) :- indus(A, 1), rad(A, 2).  [covers 11,0/436,0 pos, 0,0/0,0 neg]
%     Score = -Infinity (regressionFit = Infinity, penalties=2.0500000000000003E-6) for clause:  medv(A) :- indus(A, 1), tax(A, 296).  [covers 1,0/436,0 pos, 0,0/0,0 neg]
%     Score = -39.075,442491 (regressionFit = 39.075,442489, penalties=2.0500000000000003E-6) for clause:  medv(A) :- indus(A, 1), tax(A, 222).  [covers 7,0/436,0 pos, 0,0/0,0 neg]
%     Score = -39.138,828664 (regressionFit = 39.138,828662, penalties=2.0500000000000003E-6) for clause:  medv(A) :- indus(A, 1), tax(A, 276).  [covers 5,0/436,0 pos, 0,0/0,0 neg]
%     Score = -39.598,091634 (regressionFit = 39.598,091631, penalties=2.0300000000000005E-6) for clause:  medv(A) :- indus(A, 1), ptratio(A, 1).  [covers 8,0/436,0 pos, 0,0/0,0 neg]
%     Score = -39.248,201350 (regressionFit = 39.248,201348, penalties=2.0500000000000003E-6) for clause:  medv(A) :- indus(A, 1), ptratio(A, 3).  [covers 9,0/436,0 pos, 0,0/0,0 neg]
%     Score = -37.956,960268 (regressionFit = 37.956,960266, penalties=2.0500000000000003E-6) for clause:  medv(A) :- indus(A, 1), ptratio(A, 2).  [covers 14,0/436,0 pos, 0,0/0,0 neg]
%     Score = -38.602,474469 (regressionFit = 38.602,474467, penalties=2.0300000000000005E-6) for clause:  medv(A) :- indus(A, 1), b(A, 1).  [covers 13,0/436,0 pos, 0,0/0,0 neg]
%     Score = -38.569,754157 (regressionFit = 38.569,754155, penalties=2.0500000000000003E-6) for clause:  medv(A) :- indus(A, 1), b(A, 2).  [covers 8,0/436,0 pos, 0,0/0,0 neg]
%     Score = -39.160,528657 (regressionFit = 39.160,528655, penalties=2.0300000000000005E-6) for clause:  medv(A) :- indus(A, 1), lstat(A, 1).  [covers 17,0/436,0 pos, 0,0/0,0 neg]
%     Score = -39.609,784227 (regressionFit = 39.609,784225, penalties=2.0500000000000003E-6) for clause:  medv(A) :- indus(A, 1), lstat(A, 2).  [covers 6,0/436,0 pos, 0,0/0,0 neg]
%     Score = -Infinity (regressionFit = Infinity, penalties=2.0500000000000003E-6) for clause:  medv(A) :- indus(A, 1), lstat(A, 8).  [covers 1,0/436,0 pos, 0,0/0,0 neg]
%     Score = -Infinity (regressionFit = Infinity, penalties=2.0500000000000003E-6) for clause:  medv(A) :- crim(A, 1), zn(A, 18).  [covers 1,0/436,0 pos, 0,0/0,0 neg]
%     Score = -37.720,054714 (regressionFit = 37.720,054711, penalties=2.0300000000000005E-6) for clause:  medv(A) :- crim(A, 1), indus(A, 1).  [covers 21,0/436,0 pos, 0,0/0,0 neg]
%     Score = -37.950,991809 (regressionFit = 37.950,991807, penalties=2.0500000000000003E-6) for clause:  medv(A) :- crim(A, 1), chas(A, 0).  [covers 48,0/436,0 pos, 0,0/0,0 neg]
%     Score = -Infinity (regressionFit = Infinity, penalties=2.0300000000000005E-6) for clause:  medv(A) :- crim(A, 1), nox(A, 1).  [covers 1,0/436,0 pos, 0,0/0,0 neg]
%     Score = -39.596,355371 (regressionFit = 39.596,355369, penalties=2.0300000000000005E-6) for clause:  medv(A) :- crim(A, 1), rm(A, 1).  [covers 10,0/436,0 pos, 0,0/0,0 neg]
%     Score = -39.511,510003 (regressionFit = 39.511,510001, penalties=2.0300000000000005E-6) for clause:  medv(A) :- crim(A, 1), age(A, 1).  [covers 7,0/436,0 pos, 0,0/0,0 neg]
%     Score = -Infinity (regressionFit = Infinity, penalties=2.0300000000000005E-6) for clause:  medv(A) :- crim(A, 1), dis(A, 1).  [covers 1,0/436,0 pos, 0,0/0,0 neg]
%     Score = -39.451,849774 (regressionFit = 39.451,849772, penalties=2.0300000000000005E-6) for clause:  medv(A) :- crim(A, 1), rad(A, 1).  [covers 12,0/436,0 pos, 0,0/0,0 neg]
%     Score = -Infinity (regressionFit = Infinity, penalties=2.0500000000000003E-6) for clause:  medv(A) :- crim(A, 1), tax(A, 296).  [covers 1,0/436,0 pos, 0,0/0,0 neg]
%     Score = -39.090,793551 (regressionFit = 39.090,793549, penalties=2.0300000000000005E-6) for clause:  medv(A) :- crim(A, 1), ptratio(A, 1).  [covers 14,0/436,0 pos, 0,0/0,0 neg]
%     Score = -39.610,161236 (regressionFit = 39.610,161233, penalties=2.0300000000000005E-6) for clause:  medv(A) :- crim(A, 1), b(A, 1).  [covers 11,0/436,0 pos, 0,0/0,0 neg]
%     Score = -39.485,249047 (regressionFit = 39.485,249045, penalties=2.0300000000000005E-6) for clause:  medv(A) :- crim(A, 1), lstat(A, 1).  [covers 9,0/436,0 pos, 0,0/0,0 neg]
%     Score = -39.542,836631 (regressionFit = 39.542,836629, penalties=2.0300000000000005E-6) for clause:  medv(A) :- rm(A, 7), crim(A, 7).  [covers 3,0/436,0 pos, 0,0/0,0 neg]
%     Score = -38.016,373787 (regressionFit = 38.016,373785, penalties=2.0500000000000003E-6) for clause:  medv(A) :- rm(A, 7), zn(A, 0).  [covers 38,0/436,0 pos, 0,0/0,0 neg]
%     Score = -39.162,348052 (regressionFit = 39.162,348050, penalties=2.0500000000000003E-6) for clause:  medv(A) :- rm(A, 7), indus(A, 3).  [covers 10,0/436,0 pos, 0,0/0,0 neg]
%     Score = -37.837,442519 (regressionFit = 37.837,442516, penalties=2.0500000000000003E-6) for clause:  medv(A) :- rm(A, 7), chas(A, 0).  [covers 42,0/436,0 pos, 0,0/0,0 neg]
%     Score = -39.636,459778 (regressionFit = 39.636,459776, penalties=2.0500000000000003E-6) for clause:  medv(A) :- rm(A, 7), nox(A, 4).  [covers 4,0/436,0 pos, 0,0/0,0 neg]
%     Score = -39.550,922366 (regressionFit = 39.550,922364, penalties=2.0500000000000003E-6) for clause:  medv(A) :- rm(A, 7), age(A, 4).  [covers 6,0/436,0 pos, 0,0/0,0 neg]
%     Score = -39.554,526074 (regressionFit = 39.554,526072, penalties=2.0500000000000003E-6) for clause:  medv(A) :- rm(A, 7), dis(A, 2).  [covers 4,0/436,0 pos, 0,0/0,0 neg]
%     Score = -39.442,400323 (regressionFit = 39.442,400320, penalties=2.0500000000000003E-6) for clause:  medv(A) :- rm(A, 7), rad(A, 5).  [covers 6,0/436,0 pos, 0,0/0,0 neg]
%     Score = -Infinity (regressionFit = Infinity, penalties=2.0500000000000003E-6) for clause:  medv(A) :- rm(A, 7), tax(A, 287).  [covers 1,0/436,0 pos, 0,0/0,0 neg]
%     Score = -39.510,274895 (regressionFit = 39.510,274893, penalties=2.0500000000000003E-6) for clause:  medv(A) :- rm(A, 7), ptratio(A, 5).  [covers 4,0/436,0 pos, 0,0/0,0 neg]
%     Score = -39.524,764028 (regressionFit = 39.524,764026, penalties=2.0500000000000003E-6) for clause:  medv(A) :- rm(A, 7), b(A, 6).  [covers 8,0/436,0 pos, 0,0/0,0 neg]
%     Score = -39.547,817684 (regressionFit = 39.547,817682, penalties=2.0500000000000003E-6) for clause:  medv(A) :- rm(A, 7), lstat(A, 4).  [covers 6,0/436,0 pos, 0,0/0,0 neg]
%     Score = -39.485,249047 (regressionFit = 39.485,249045, penalties=2.0300000000000005E-6) for clause:  medv(A) :- lstat(A, 1), crim(A, 1).  [covers 9,0/436,0 pos, 0,0/0,0 neg]
%     Score = -Infinity (regressionFit = Infinity, penalties=2.0500000000000003E-6) for clause:  medv(A) :- lstat(A, 1), zn(A, 18).  [covers 1,0/436,0 pos, 0,0/0,0 neg]
%     Score = -39.160,528657 (regressionFit = 39.160,528655, penalties=2.0300000000000005E-6) for clause:  medv(A) :- lstat(A, 1), indus(A, 1).  [covers 17,0/436,0 pos, 0,0/0,0 neg]
%     Score = -37.984,154818 (regressionFit = 37.984,154816, penalties=2.0500000000000003E-6) for clause:  medv(A) :- lstat(A, 1), chas(A, 0).  [covers 46,0/436,0 pos, 0,0/0,0 neg]
%     Score = -Infinity (regressionFit = Infinity, penalties=2.0300000000000005E-6) for clause:  medv(A) :- lstat(A, 1), nox(A, 1).  [covers 2,0/436,0 pos, 0,0/0,0 neg]
%     Score = -39.450,206583 (regressionFit = 39.450,206581, penalties=2.0300000000000005E-6) for clause:  medv(A) :- lstat(A, 1), rm(A, 1).  [covers 10,0/436,0 pos, 0,0/0,0 neg]
%     Score = -39.304,340586 (regressionFit = 39.304,340584, penalties=2.0300000000000005E-6) for clause:  medv(A) :- lstat(A, 1), age(A, 1).  [covers 7,0/436,0 pos, 0,0/0,0 neg]
%     Score = -39.488,817538 (regressionFit = 39.488,817536, penalties=2.0300000000000005E-6) for clause:  medv(A) :- lstat(A, 1), dis(A, 1).  [covers 3,0/436,0 pos, 0,0/0,0 neg]
%     Score = -39.545,010733 (regressionFit = 39.545,010731, penalties=2.0300000000000005E-6) for clause:  medv(A) :- lstat(A, 1), rad(A, 1).  [covers 5,0/436,0 pos, 0,0/0,0 neg]
%     Score = -39.614,148254 (regressionFit = 39.614,148252, penalties=2.0500000000000003E-6) for clause:  medv(A) :- lstat(A, 1), tax(A, 296).  [covers 3,0/436,0 pos, 0,0/0,0 neg]
%     Score = -39.013,964751 (regressionFit = 39.013,964749, penalties=2.0300000000000005E-6) for clause:  medv(A) :- lstat(A, 1), ptratio(A, 1).  [covers 12,0/436,0 pos, 0,0/0,0 neg]
%     Score = -39.140,858142 (regressionFit = 39.140,858140, penalties=2.0300000000000005E-6) for clause:  medv(A) :- lstat(A, 1), b(A, 1).  [covers 17,0/436,0 pos, 0,0/0,0 neg]
%     Score = -38.938,542622 (regressionFit = 38.938,542620, penalties=2.0500000000000003E-6) for clause:  medv(A) :- nox(A, 4), crim(A, 7).  [covers 15,0/436,0 pos, 0,0/0,0 neg]
%     Score = -39.121,225118 (regressionFit = 39.121,225116, penalties=2.0500000000000003E-6) for clause:  medv(A) :- nox(A, 4), crim(A, 6).  [covers 10,0/436,0 pos, 0,0/0,0 neg]
%     Score = -38.491,491717 (regressionFit = 38.491,491715, penalties=2.0500000000000003E-6) for clause:  medv(A) :- nox(A, 4), zn(A, 0).  [covers 42,0/436,0 pos, 0,0/0,0 neg]
%     Score = -39.356,067486 (regressionFit = 39.356,067484, penalties=2.0500000000000003E-6) for clause:  medv(A) :- nox(A, 4), zn(A, 33).  [covers 4,0/436,0 pos, 0,0/0,0 neg]
%     Score = -38.696,073359 (regressionFit = 38.696,073357, penalties=2.0500000000000003E-6) for clause:  medv(A) :- nox(A, 4), indus(A, 2).  [covers 12,0/436,0 pos, 0,0/0,0 neg]
%     Score = -38.012,004248 (regressionFit = 38.012,004246, penalties=2.0500000000000003E-6) for clause:  medv(A) :- nox(A, 4), indus(A, 1).  [covers 12,0/436,0 pos, 0,0/0,0 neg]
%     Score = -39.635,702907 (regressionFit = 39.635,702905, penalties=2.0500000000000003E-6) for clause:  medv(A) :- nox(A, 4), indus(A, 3).  [covers 8,0/436,0 pos, 0,0/0,0 neg]
%     Score = -37.909,303475 (regressionFit = 37.909,303473, penalties=2.0500000000000003E-6) for clause:  medv(A) :- nox(A, 4), chas(A, 0).  [covers 43,0/436,0 pos, 0,0/0,0 neg]
%     Score = -36.677,449626 (regressionFit = 36.677,449624, penalties=2.0500000000000003E-6) for clause:  medv(A) :- nox(A, 4), rm(A, 3).  [covers 10,0/436,0 pos, 0,0/0,0 neg]
%     Score = -39.497,291838 (regressionFit = 39.497,291836, penalties=2.0500000000000003E-6) for clause:  medv(A) :- nox(A, 4), rm(A, 1).  [covers 4,0/436,0 pos, 0,0/0,0 neg]
%     Score = -39.636,459778 (regressionFit = 39.636,459776, penalties=2.0500000000000003E-6) for clause:  medv(A) :- nox(A, 4), rm(A, 7).  [covers 4,0/436,0 pos, 0,0/0,0 neg]
%     Score = -38.273,321075 (regressionFit = 38.273,321073, penalties=2.0500000000000003E-6) for clause:  medv(A) :- nox(A, 4), age(A, 2).  [covers 4,0/436,0 pos, 0,0/0,0 neg]
%     Score = -39.236,242019 (regressionFit = 39.236,242017, penalties=2.0500000000000003E-6) for clause:  medv(A) :- nox(A, 4), age(A, 1).  [covers 10,0/436,0 pos, 0,0/0,0 neg]
%     Score = -39.590,106424 (regressionFit = 39.590,106422, penalties=2.0300000000000005E-6) for clause:  medv(A) :- nox(A, 4), age(A, 4).  [covers 9,0/436,0 pos, 0,0/0,0 neg]
%     Score = -39.347,358583 (regressionFit = 39.347,358581, penalties=2.0300000000000005E-6) for clause:  medv(A) :- nox(A, 4), dis(A, 4).  [covers 17,0/436,0 pos, 0,0/0,0 neg]
%     Score = -39.633,815389 (regressionFit = 39.633,815387, penalties=2.0500000000000003E-6) for clause:  medv(A) :- nox(A, 4), dis(A, 2).  [covers 6,0/436,0 pos, 0,0/0,0 neg]
%     Score = -38.015,021038 (regressionFit = 38.015,021036, penalties=2.0500000000000003E-6) for clause:  medv(A) :- nox(A, 4), rad(A, 8).  [covers 8,0/436,0 pos, 0,0/0,0 neg]
%     Score = -39.356,067486 (regressionFit = 39.356,067484, penalties=2.0500000000000003E-6) for clause:  medv(A) :- nox(A, 4), rad(A, 7).  [covers 4,0/436,0 pos, 0,0/0,0 neg]
%     Score = -39.637,347349 (regressionFit = 39.637,347347, penalties=2.0500000000000003E-6) for clause:  medv(A) :- nox(A, 4), rad(A, 5).  [covers 14,0/436,0 pos, 0,0/0,0 neg]
%     Score = -38.015,021038 (regressionFit = 38.015,021036, penalties=2.0500000000000003E-6) for clause:  medv(A) :- nox(A, 4), tax(A, 307).  [covers 8,0/436,0 pos, 0,0/0,0 neg]
%     Score = -39.356,067486 (regressionFit = 39.356,067484, penalties=2.0500000000000003E-6) for clause:  medv(A) :- nox(A, 4), tax(A, 222).  [covers 4,0/436,0 pos, 0,0/0,0 neg]
%     Score = -39.635,702907 (regressionFit = 39.635,702905, penalties=2.0500000000000003E-6) for clause:  medv(A) :- nox(A, 4), tax(A, 287).  [covers 8,0/436,0 pos, 0,0/0,0 neg]
%     Score = -38.015,021038 (regressionFit = 38.015,021036, penalties=2.0500000000000003E-6) for clause:  medv(A) :- nox(A, 4), ptratio(A, 6).  [covers 8,0/436,0 pos, 0,0/0,0 neg]
%     Score = -39.564,274184 (regressionFit = 39.564,274182, penalties=2.0500000000000003E-6) for clause:  medv(A) :- nox(A, 4), ptratio(A, 3).  [covers 15,0/436,0 pos, 0,0/0,0 neg]
%     Score = -39.624,614114 (regressionFit = 39.624,614112, penalties=2.0500000000000003E-6) for clause:  medv(A) :- nox(A, 4), ptratio(A, 5).  [covers 12,0/436,0 pos, 0,0/0,0 neg]
%     Score = -39.338,670966 (regressionFit = 39.338,670964, penalties=2.0500000000000003E-6) for clause:  medv(A) :- nox(A, 4), b(A, 8).  [covers 5,0/436,0 pos, 0,0/0,0 neg]
%     Score = -39.377,589408 (regressionFit = 39.377,589406, penalties=2.0500000000000003E-6) for clause:  medv(A) :- nox(A, 4), b(A, 2).  [covers 4,0/436,0 pos, 0,0/0,0 neg]
%     Score = -39.636,459778 (regressionFit = 39.636,459776, penalties=2.0500000000000003E-6) for clause:  medv(A) :- nox(A, 4), b(A, 6).  [covers 4,0/436,0 pos, 0,0/0,0 neg]
%     Score = -39.333,454558 (regressionFit = 39.333,454556, penalties=2.0500000000000003E-6) for clause:  medv(A) :- nox(A, 4), lstat(A, 9).  [covers 9,0/436,0 pos, 0,0/0,0 neg]
%     Score = -39.558,663296 (regressionFit = 39.558,663294, penalties=2.0500000000000003E-6) for clause:  medv(A) :- nox(A, 4), lstat(A, 2).  [covers 6,0/436,0 pos, 0,0/0,0 neg]
%     Score = -39.638,206084 (regressionFit = 39.638,206082, penalties=2.0300000000000005E-6) for clause:  medv(A) :- nox(A, 4), lstat(A, 4).  [covers 5,0/436,0 pos, 0,0/0,0 neg]
%     Score = -37.934,769092 (regressionFit = 37.934,769090, penalties=2.0500000000000003E-6) for clause:  medv(A) :- rad(A, 8), crim(A, 7).  [covers 15,0/436,0 pos, 0,0/0,0 neg]
%     Score = -37.614,156704 (regressionFit = 37.614,156702, penalties=2.0500000000000003E-6) for clause:  medv(A) :- rad(A, 8), zn(A, 0).  [covers 18,0/436,0 pos, 0,0/0,0 neg]
%     Score = -37.614,156704 (regressionFit = 37.614,156702, penalties=2.0500000000000003E-6) for clause:  medv(A) :- rad(A, 8), indus(A, 2).  [covers 18,0/436,0 pos, 0,0/0,0 neg]
%     Score = -38.255,242123 (regressionFit = 38.255,242121, penalties=2.0500000000000003E-6) for clause:  medv(A) :- rad(A, 8), chas(A, 0).  [covers 19,0/436,0 pos, 0,0/0,0 neg]
%     Score = -38.015,021038 (regressionFit = 38.015,021036, penalties=2.0500000000000003E-6) for clause:  medv(A) :- rad(A, 8), nox(A, 4).  [covers 8,0/436,0 pos, 0,0/0,0 neg]
%     Score = -36.896,835397 (regressionFit = 36.896,835395, penalties=2.0500000000000003E-6) for clause:  medv(A) :- rad(A, 8), rm(A, 3).  [covers 9,0/436,0 pos, 0,0/0,0 neg]
%     Score = -38.697,567179 (regressionFit = 38.697,567177, penalties=2.0500000000000003E-6) for clause:  medv(A) :- rad(A, 8), age(A, 2).  [covers 5,0/436,0 pos, 0,0/0,0 neg]
%     Score = -38.276,530026 (regressionFit = 38.276,530024, penalties=2.0500000000000003E-6) for clause:  medv(A) :- rad(A, 8), dis(A, 4).  [covers 12,0/436,0 pos, 0,0/0,0 neg]
%     Score = -37.614,156704 (regressionFit = 37.614,156702, penalties=2.0500000000000003E-6) for clause:  medv(A) :- rad(A, 8), tax(A, 307).  [covers 18,0/436,0 pos, 0,0/0,0 neg]
%     Score = -37.614,156704 (regressionFit = 37.614,156702, penalties=2.0500000000000003E-6) for clause:  medv(A) :- rad(A, 8), ptratio(A, 6).  [covers 18,0/436,0 pos, 0,0/0,0 neg]
%     Score = -39.107,521572 (regressionFit = 39.107,521570, penalties=2.0300000000000005E-6) for clause:  medv(A) :- rad(A, 8), b(A, 8).  [covers 7,0/436,0 pos, 0,0/0,0 neg]
%     Score = -39.585,033111 (regressionFit = 39.585,033109, penalties=2.0500000000000003E-6) for clause:  medv(A) :- rad(A, 8), lstat(A, 9).  [covers 4,0/436,0 pos, 0,0/0,0 neg]
%     Score = -37.950,991809 (regressionFit = 37.950,991807, penalties=2.0500000000000003E-6) for clause:  medv(A) :- chas(A, 0), crim(A, 1).  [covers 48,0/436,0 pos, 0,0/0,0 neg]
%     Score = -38.729,922182 (regressionFit = 38.729,922180, penalties=2.0500000000000003E-6) for clause:  medv(A) :- chas(A, 0), crim(A, 7).  [covers 41,0/436,0 pos, 0,0/0,0 neg]
%     Score = -39.446,968929 (regressionFit = 39.446,968927, penalties=2.0500000000000003E-6) for clause:  medv(A) :- chas(A, 0), crim(A, 4).  [covers 38,0/436,0 pos, 0,0/0,0 neg]
%     Score = -39.471,844386 (regressionFit = 39.471,844384, penalties=2.0500000000000003E-6) for clause:  medv(A) :- chas(A, 0), crim(A, 6).  [covers 39,0/436,0 pos, 0,0/0,0 neg]
%     Score = -39.636,716135 (regressionFit = 39.636,716133, penalties=2.0500000000000003E-6) for clause:  medv(A) :- chas(A, 0), crim(A, 3).  [covers 43,0/436,0 pos, 0,0/0,0 neg]
%     Score = -Infinity (regressionFit = Infinity, penalties=2.0500000000000003E-6) for clause:  medv(A) :- chas(A, 0), zn(A, 18).  [covers 1,0/436,0 pos, 0,0/0,0 neg]
%     Score = -33.792,678023 (regressionFit = 33.792,678021, penalties=2.0300000000000005E-6) for clause:  medv(A) :- chas(A, 0), zn(A, 0).  [covers 279,0/436,0 pos, 0,0/0,0 neg]
%     Score = -39.571,765440 (regressionFit = 39.571,765438, penalties=2.0500000000000003E-6) for clause:  medv(A) :- chas(A, 0), zn(A, 22).  [covers 9,0/436,0 pos, 0,0/0,0 neg]
%     Score = -39.356,067486 (regressionFit = 39.356,067484, penalties=2.0500000000000003E-6) for clause:  medv(A) :- chas(A, 0), zn(A, 33).  [covers 4,0/436,0 pos, 0,0/0,0 neg]
%     Score = -36.064,268182 (regressionFit = 36.064,268180, penalties=2.0500000000000003E-6) for clause:  medv(A) :- chas(A, 0), indus(A, 1).  [covers 47,0/436,0 pos, 0,0/0,0 neg]
%     Score = -38.925,771852 (regressionFit = 38.925,771850, penalties=2.0500000000000003E-6) for clause:  medv(A) :- chas(A, 0), indus(A, 2).  [covers 41,0/436,0 pos, 0,0/0,0 neg]
%     Score = -39.638,397787 (regressionFit = 39.638,397785, penalties=2.0500000000000003E-6) for clause:  medv(A) :- chas(A, 0), indus(A, 5).  [covers 48,0/436,0 pos, 0,0/0,0 neg]
%     Score = -38.847,221311 (regressionFit = 38.847,221309, penalties=2.0500000000000003E-6) for clause:  medv(A) :- chas(A, 0), indus(A, 3).  [covers 47,0/436,0 pos, 0,0/0,0 neg]
%     Score = -38.700,083377 (regressionFit = 38.700,083375, penalties=2.0500000000000003E-6) for clause:  medv(A) :- chas(A, 0), nox(A, 1).  [covers 44,0/436,0 pos, 0,0/0,0 neg]
%     Score = -37.909,303475 (regressionFit = 37.909,303473, penalties=2.0500000000000003E-6) for clause:  medv(A) :- chas(A, 0), nox(A, 4).  [covers 43,0/436,0 pos, 0,0/0,0 neg]
%     Score = -39.428,299287 (regressionFit = 39.428,299285, penalties=2.0500000000000003E-6) for clause:  medv(A) :- chas(A, 0), nox(A, 5).  [covers 50,0/436,0 pos, 0,0/0,0 neg]
%     Score = -39.307,125485 (regressionFit = 39.307,125483, penalties=2.0500000000000003E-6) for clause:  medv(A) :- chas(A, 0), nox(A, 2).  [covers 42,0/436,0 pos, 0,0/0,0 neg]
%     Score = -39.490,331386 (regressionFit = 39.490,331384, penalties=2.0500000000000003E-6) for clause:  medv(A) :- chas(A, 0), rm(A, 1).  [covers 40,0/436,0 pos, 0,0/0,0 neg]
%     Score = -26.196,537090 (regressionFit = 26.196,537088, penalties=2.0500000000000003E-6) for clause:  medv(A) :- chas(A, 0), rm(A, 3).  [covers 41,0/436,0 pos, 0,0/0,0 neg]
%     Score = -39.237,214583 (regressionFit = 39.237,214581, penalties=2.0500000000000003E-6) for clause:  medv(A) :- chas(A, 0), rm(A, 2).  [covers 43,0/436,0 pos, 0,0/0,0 neg]
%     Score = -37.837,442519 (regressionFit = 37.837,442516, penalties=2.0500000000000003E-6) for clause:  medv(A) :- chas(A, 0), rm(A, 7).  [covers 42,0/436,0 pos, 0,0/0,0 neg]
%     Score = -39.303,498949 (regressionFit = 39.303,498947, penalties=2.0500000000000003E-6) for clause:  medv(A) :- chas(A, 0), rm(A, 6).  [covers 39,0/436,0 pos, 0,0/0,0 neg]
%     Score = -39.383,126203 (regressionFit = 39.383,126201, penalties=2.0500000000000003E-6) for clause:  medv(A) :- chas(A, 0), age(A, 1).  [covers 39,0/436,0 pos, 0,0/0,0 neg]
%     Score = -39.598,188108 (regressionFit = 39.598,188106, penalties=2.0500000000000003E-6) for clause:  medv(A) :- chas(A, 0), age(A, 2).  [covers 36,0/436,0 pos, 0,0/0,0 neg]
%     Score = -39.588,807291 (regressionFit = 39.588,807289, penalties=2.0500000000000003E-6) for clause:  medv(A) :- chas(A, 0), age(A, 3).  [covers 43,0/436,0 pos, 0,0/0,0 neg]
%     Score = -39.516,868413 (regressionFit = 39.516,868411, penalties=2.0500000000000003E-6) for clause:  medv(A) :- chas(A, 0), age(A, 4).  [covers 35,0/436,0 pos, 0,0/0,0 neg]
%     Score = -39.554,829038 (regressionFit = 39.554,829036, penalties=2.0500000000000003E-6) for clause:  medv(A) :- chas(A, 0), dis(A, 1).  [covers 42,0/436,0 pos, 0,0/0,0 neg]
%     Score = -38.954,695984 (regressionFit = 38.954,695982, penalties=2.0500000000000003E-6) for clause:  medv(A) :- chas(A, 0), dis(A, 4).  [covers 39,0/436,0 pos, 0,0/0,0 neg]
%     Score = -39.463,716784 (regressionFit = 39.463,716782, penalties=2.0500000000000003E-6) for clause:  medv(A) :- chas(A, 0), dis(A, 5).  [covers 46,0/436,0 pos, 0,0/0,0 neg]
%     Score = -39.248,741082 (regressionFit = 39.248,741080, penalties=2.0500000000000003E-6) for clause:  medv(A) :- chas(A, 0), dis(A, 2).  [covers 47,0/436,0 pos, 0,0/0,0 neg]
%     Score = -39.627,426632 (regressionFit = 39.627,426629, penalties=2.0500000000000003E-6) for clause:  medv(A) :- chas(A, 0), rad(A, 1).  [covers 14,0/436,0 pos, 0,0/0,0 neg]
%     Score = -38.255,242123 (regressionFit = 38.255,242121, penalties=2.0500000000000003E-6) for clause:  medv(A) :- chas(A, 0), rad(A, 8).  [covers 19,0/436,0 pos, 0,0/0,0 neg]
%     Score = -39.323,052838 (regressionFit = 39.323,052836, penalties=2.0500000000000003E-6) for clause:  medv(A) :- chas(A, 0), rad(A, 7).  [covers 16,0/436,0 pos, 0,0/0,0 neg]
%     Score = -38.931,937248 (regressionFit = 38.931,937246, penalties=2.0500000000000003E-6) for clause:  medv(A) :- chas(A, 0), rad(A, 5).  [covers 101,0/436,0 pos, 0,0/0,0 neg]
%     Score = -39.277,358937 (regressionFit = 39.277,358935, penalties=2.0500000000000003E-6) for clause:  medv(A) :- chas(A, 0), rad(A, 2).  [covers 23,0/436,0 pos, 0,0/0,0 neg]
%     Score = -39.609,412393 (regressionFit = 39.609,412391, penalties=2.0500000000000003E-6) for clause:  medv(A) :- chas(A, 0), tax(A, 296).  [covers 8,0/436,0 pos, 0,0/0,0 neg]
%     Score = -39.590,393871 (regressionFit = 39.590,393868, penalties=2.0500000000000003E-6) for clause:  medv(A) :- chas(A, 0), tax(A, 307).  [covers 34,0/436,0 pos, 0,0/0,0 neg]
%     Score = -39.571,765440 (regressionFit = 39.571,765438, penalties=2.0500000000000003E-6) for clause:  medv(A) :- chas(A, 0), tax(A, 330).  [covers 9,0/436,0 pos, 0,0/0,0 neg]
%     Score = -39.075,442491 (regressionFit = 39.075,442489, penalties=2.0500000000000003E-6) for clause:  medv(A) :- chas(A, 0), tax(A, 222).  [covers 7,0/436,0 pos, 0,0/0,0 neg]
%     Score = -39.635,702907 (regressionFit = 39.635,702905, penalties=2.0500000000000003E-6) for clause:  medv(A) :- chas(A, 0), tax(A, 287).  [covers 8,0/436,0 pos, 0,0/0,0 neg]
%     Score = -39.122,913994 (regressionFit = 39.122,913992, penalties=2.0500000000000003E-6) for clause:  medv(A) :- chas(A, 0), tax(A, 276).  [covers 6,0/436,0 pos, 0,0/0,0 neg]
%     Score = -38.906,367757 (regressionFit = 38.906,367755, penalties=2.0500000000000003E-6) for clause:  medv(A) :- chas(A, 0), ptratio(A, 1).  [covers 41,0/436,0 pos, 0,0/0,0 neg]
%     Score = -38.672,611531 (regressionFit = 38.672,611529, penalties=2.0500000000000003E-6) for clause:  medv(A) :- chas(A, 0), ptratio(A, 6).  [covers 43,0/436,0 pos, 0,0/0,0 neg]
%     Score = -39.637,264019 (regressionFit = 39.637,264017, penalties=2.0500000000000003E-6) for clause:  medv(A) :- chas(A, 0), ptratio(A, 5).  [covers 42,0/436,0 pos, 0,0/0,0 neg]
%     Score = -39.611,921086 (regressionFit = 39.611,921084, penalties=2.0500000000000003E-6) for clause:  medv(A) :- chas(A, 0), ptratio(A, 3).  [covers 44,0/436,0 pos, 0,0/0,0 neg]
%     Score = -39.152,724305 (regressionFit = 39.152,724303, penalties=2.0500000000000003E-6) for clause:  medv(A) :- chas(A, 0), ptratio(A, 2).  [covers 44,0/436,0 pos, 0,0/0,0 neg]
%     Score = -39.171,016564 (regressionFit = 39.171,016562, penalties=2.0500000000000003E-6) for clause:  medv(A) :- chas(A, 0), b(A, 1).  [covers 98,0/436,0 pos, 0,0/0,0 neg]
%     Score = -39.403,752880 (regressionFit = 39.403,752878, penalties=2.0500000000000003E-6) for clause:  medv(A) :- chas(A, 0), b(A, 8).  [covers 43,0/436,0 pos, 0,0/0,0 neg]
%     Score = -39.383,658637 (regressionFit = 39.383,658635, penalties=2.0500000000000003E-6) for clause:  medv(A) :- chas(A, 0), b(A, 2).  [covers 35,0/436,0 pos, 0,0/0,0 neg]
%     Score = -39.489,922122 (regressionFit = 39.489,922120, penalties=2.0500000000000003E-6) for clause:  medv(A) :- chas(A, 0), b(A, 6).  [covers 38,0/436,0 pos, 0,0/0,0 neg]
%     Score = -37.984,154818 (regressionFit = 37.984,154816, penalties=2.0500000000000003E-6) for clause:  medv(A) :- chas(A, 0), lstat(A, 1).  [covers 46,0/436,0 pos, 0,0/0,0 neg]
%     Score = -38.891,153931 (regressionFit = 38.891,153929, penalties=2.0500000000000003E-6) for clause:  medv(A) :- chas(A, 0), lstat(A, 9).  [covers 45,0/436,0 pos, 0,0/0,0 neg]
%     Score = -39.563,859338 (regressionFit = 39.563,859336, penalties=2.0500000000000003E-6) for clause:  medv(A) :- chas(A, 0), lstat(A, 2).  [covers 43,0/436,0 pos, 0,0/0,0 neg]
%     Score = -39.318,079534 (regressionFit = 39.318,079532, penalties=2.0500000000000003E-6) for clause:  medv(A) :- chas(A, 0), lstat(A, 4).  [covers 39,0/436,0 pos, 0,0/0,0 neg]
%     Score = -39.559,623271 (regressionFit = 39.559,623269, penalties=2.0500000000000003E-6) for clause:  medv(A) :- chas(A, 0), lstat(A, 8).  [covers 40,0/436,0 pos, 0,0/0,0 neg]
%     Score = -38.079,180820 (regressionFit = 38.079,180818, penalties=2.0500000000000003E-6) for clause:  medv(A) :- indus(A, 2), crim(A, 7).  [covers 16,0/436,0 pos, 0,0/0,0 neg]
%     Score = -38.714,356208 (regressionFit = 38.714,356206, penalties=2.0500000000000003E-6) for clause:  medv(A) :- indus(A, 2), zn(A, 0).  [covers 33,0/436,0 pos, 0,0/0,0 neg]
%     Score = -38.925,771852 (regressionFit = 38.925,771850, penalties=2.0500000000000003E-6) for clause:  medv(A) :- indus(A, 2), chas(A, 0).  [covers 41,0/436,0 pos, 0,0/0,0 neg]
%     Score = -38.696,073359 (regressionFit = 38.696,073357, penalties=2.0500000000000003E-6) for clause:  medv(A) :- indus(A, 2), nox(A, 4).  [covers 12,0/436,0 pos, 0,0/0,0 neg]
%     Score = -36.575,213045 (regressionFit = 36.575,213043, penalties=2.0500000000000003E-6) for clause:  medv(A) :- indus(A, 2), rm(A, 3).  [covers 12,0/436,0 pos, 0,0/0,0 neg]
%     Score = -39.114,522491 (regressionFit = 39.114,522489, penalties=2.0300000000000005E-6) for clause:  medv(A) :- indus(A, 2), age(A, 2).  [covers 7,0/436,0 pos, 0,0/0,0 neg]
%     Score = -38.641,172408 (regressionFit = 38.641,172406, penalties=2.0500000000000003E-6) for clause:  medv(A) :- indus(A, 2), dis(A, 4).  [covers 15,0/436,0 pos, 0,0/0,0 neg]
%     Score = -37.614,156704 (regressionFit = 37.614,156702, penalties=2.0500000000000003E-6) for clause:  medv(A) :- indus(A, 2), rad(A, 8).  [covers 18,0/436,0 pos, 0,0/0,0 neg]
%     Score = -37.614,156704 (regressionFit = 37.614,156702, penalties=2.0500000000000003E-6) for clause:  medv(A) :- indus(A, 2), tax(A, 307).  [covers 18,0/436,0 pos, 0,0/0,0 neg]
%     Score = -37.995,173083 (regressionFit = 37.995,173081, penalties=2.0500000000000003E-6) for clause:  medv(A) :- indus(A, 2), ptratio(A, 6).  [covers 20,0/436,0 pos, 0,0/0,0 neg]
%     Score = -39.034,957069 (regressionFit = 39.034,957067, penalties=2.0500000000000003E-6) for clause:  medv(A) :- indus(A, 2), b(A, 8).  [covers 7,0/436,0 pos, 0,0/0,0 neg]
%     Score = -39.426,917276 (regressionFit = 39.426,917274, penalties=2.0500000000000003E-6) for clause:  medv(A) :- indus(A, 2), lstat(A, 9).  [covers 7,0/436,0 pos, 0,0/0,0 neg]

% The best node found: medv(A) :- rm(A, 3).  [covers 48,0/436,0 pos, 0,0/0,0 neg]

% The best node found: medv(A) :- rm(A, 3).  [covers 48,0/436,0 pos, 0,0/0,0 neg]
Setting 39.46875000000001 for 
 // Learned this clause on outer loop cycle #1.  It scores=-23.480,47 and has recall=0,11, precision=1,00, and F1=0,20 (using m-estimates).
 // It covers 11,0% of the positive examples, 48 of 436,
(medv(A) :- rm(A, 3))

% On cycle #1, the best clause found is:
%      medv(A) :- rm(A, 3).  [covers 48,0/436,0 pos, 0,0/0,0 neg]
% This clause covers 48 positive examples, of which 48 are newly covered.
% It also covers 0 negative examples, of which 0 are newly covered.
% The current set of 1 best clauses covers 11,0% of the positive examples and NaN% of the negatives.}

% Have these 10 positive seeds: 63 111 122 207 234 261 281 290 296 299

% target           = medv(A)
%     Score = -Infinity (regressionFit = Infinity, penalties=1.1E-7) for clause:  medv(_).  [covers 436,0/436,0 pos, 0,0/0,0 neg]
% Unacceptable due to being the root node.
% Most-general root: medv(_).  [covers 436,0/436,0 pos, 0,0/0,0 neg]  score = -Infinity
%     Score = -40.590,329314 (regressionFit = 40.590,329313, penalties=1.03E-6) for clause:  medv(A) :- crim(A, 8).  [covers 32,0/436,0 pos, 0,0/0,0 neg]
% Gleaner: New best node found (score = -40.590,329314): medv(A) :- crim(A, 8).  [covers 32,0/436,0 pos, 0,0/0,0 neg]
%     Score = -40.510,253279 (regressionFit = 40.510,253278, penalties=1.03E-6) for clause:  medv(A) :- crim(A, 5).  [covers 49,0/436,0 pos, 0,0/0,0 neg]
% Gleaner: New best node found (score = -40.510,253279): medv(A) :- crim(A, 5).  [covers 49,0/436,0 pos, 0,0/0,0 neg]
%     Score = -40.034,651146 (regressionFit = 40.034,651145, penalties=1.03E-6) for clause:  medv(A) :- crim(A, 6).  [covers 43,0/436,0 pos, 0,0/0,0 neg]
% Gleaner: New best node found (score = -40.034,651146): medv(A) :- crim(A, 6).  [covers 43,0/436,0 pos, 0,0/0,0 neg]
%     Score = -39.975,927654 (regressionFit = 39.975,927653, penalties=1.03E-6) for clause:  medv(A) :- crim(A, 7).  [covers 47,0/436,0 pos, 0,0/0,0 neg]
% Gleaner: New best node found (score = -39.975,927654): medv(A) :- crim(A, 7).  [covers 47,0/436,0 pos, 0,0/0,0 neg]
%     Score = -40.303,754500 (regressionFit = 40.303,754499, penalties=1.03E-6) for clause:  medv(A) :- crim(A, 1).  [covers 49,0/436,0 pos, 0,0/0,0 neg]
%     Score = -39.963,798924 (regressionFit = 39.963,798923, penalties=1.03E-6) for clause:  medv(A) :- crim(A, 2).  [covers 51,0/436,0 pos, 0,0/0,0 neg]
% Gleaner: New best node found (score = -39.963,798924): medv(A) :- crim(A, 2).  [covers 51,0/436,0 pos, 0,0/0,0 neg]
%     Score = -37.580,775686 (regressionFit = 37.580,775685, penalties=1.03E-6) for clause:  medv(A) :- crim(A, 10).  [covers 45,0/436,0 pos, 0,0/0,0 neg]
% Gleaner: New best node found (score = -37.580,775686): medv(A) :- crim(A, 10).  [covers 45,0/436,0 pos, 0,0/0,0 neg]
%     Score = -40.300,717411 (regressionFit = 40.300,717410, penalties=1.03E-6) for clause:  medv(A) :- zn(A, 0).  [covers 307,0/436,0 pos, 0,0/0,0 neg]
%     Score = -40.535,783366 (regressionFit = 40.535,783365, penalties=1.03E-6) for clause:  medv(A) :- zn(A, 52.5).  [covers 3,0/436,0 pos, 0,0/0,0 neg]
%     Score = -40.587,789380 (regressionFit = 40.587,789379, penalties=1.03E-6) for clause:  medv(A) :- indus(A, 9).  [covers 29,0/436,0 pos, 0,0/0,0 neg]
%     Score = -40.588,584596 (regressionFit = 40.588,584595, penalties=1.03E-6) for clause:  medv(A) :- indus(A, 3).  [covers 47,0/436,0 pos, 0,0/0,0 neg]
%     Score = -39.914,183197 (regressionFit = 39.914,183196, penalties=1.03E-6) for clause:  medv(A) :- indus(A, 5).  [covers 48,0/436,0 pos, 0,0/0,0 neg]
%     Score = -40.354,737020 (regressionFit = 40.354,737019, penalties=1.03E-6) for clause:  medv(A) :- indus(A, 6).  [covers 36,0/436,0 pos, 0,0/0,0 neg]
%     Score = -38.799,303002 (regressionFit = 38.799,303001, penalties=1.03E-6) for clause:  medv(A) :- indus(A, 10).  [covers 90,0/436,0 pos, 0,0/0,0 neg]
%     Score = -40.570,904517 (regressionFit = 40.570,904516, penalties=1.03E-6) for clause:  medv(A) :- indus(A, 2).  [covers 51,0/436,0 pos, 0,0/0,0 neg]
%     Score = -40.486,216581 (regressionFit = 40.486,216580, penalties=1.03E-6) for clause:  medv(A) :- chas(A, 0).  [covers 401,0/436,0 pos, 0,0/0,0 neg]
%     Score = -40.486,216581 (regressionFit = 40.486,216580, penalties=1.03E-6) for clause:  medv(A) :- chas(A, 1).  [covers 35,0/436,0 pos, 0,0/0,0 neg]
%     Score = -40.131,862387 (regressionFit = 40.131,862386, penalties=1.03E-6) for clause:  medv(A) :- nox(A, 9).  [covers 42,0/436,0 pos, 0,0/0,0 neg]
%     Score = -40.597,875360 (regressionFit = 40.597,875359, penalties=1.03E-6) for clause:  medv(A) :- nox(A, 1).  [covers 47,0/436,0 pos, 0,0/0,0 neg]
%     Score = -40.160,152001 (regressionFit = 40.160,152000, penalties=1.03E-6) for clause:  medv(A) :- nox(A, 6).  [covers 48,0/436,0 pos, 0,0/0,0 neg]
%     Score = -40.420,211045 (regressionFit = 40.420,211044, penalties=1.03E-6) for clause:  medv(A) :- nox(A, 3).  [covers 43,0/436,0 pos, 0,0/0,0 neg]
%     Score = -40.502,004367 (regressionFit = 40.502,004366, penalties=1.03E-6) for clause:  medv(A) :- nox(A, 4).  [covers 48,0/436,0 pos, 0,0/0,0 neg]
%     Score = -40.578,194353 (regressionFit = 40.578,194352, penalties=1.03E-6) for clause:  medv(A) :- nox(A, 8).  [covers 36,0/436,0 pos, 0,0/0,0 neg]
%     Score = -40.071,018555 (regressionFit = 40.071,018554, penalties=1.03E-6) for clause:  medv(A) :- rm(A, 9).  [covers 44,0/436,0 pos, 0,0/0,0 neg]
%     Score = -40.448,814726 (regressionFit = 40.448,814725, penalties=1.03E-6) for clause:  medv(A) :- rm(A, 7).  [covers 44,0/436,0 pos, 0,0/0,0 neg]
%     Score = -38.357,518997 (regressionFit = 38.357,518996, penalties=1.03E-6) for clause:  medv(A) :- rm(A, 1).  [covers 43,0/436,0 pos, 0,0/0,0 neg]
%     Score = -40.229,330845 (regressionFit = 40.229,330844, penalties=1.03E-6) for clause:  medv(A) :- rm(A, 10).  [covers 40,0/436,0 pos, 0,0/0,0 neg]
%     Score = -40.571,556084 (regressionFit = 40.571,556083, penalties=1.03E-6) for clause:  medv(A) :- rm(A, 5).  [covers 39,0/436,0 pos, 0,0/0,0 neg]
%     Score = -40.493,351049 (regressionFit = 40.493,351048, penalties=1.03E-6) for clause:  medv(A) :- rm(A, 2).  [covers 44,0/436,0 pos, 0,0/0,0 neg]
%     Score = -40.584,587846 (regressionFit = 40.584,587845, penalties=1.03E-6) for clause:  medv(A) :- rm(A, 8).  [covers 45,0/436,0 pos, 0,0/0,0 neg]
%     Score = -40.272,452073 (regressionFit = 40.272,452072, penalties=1.03E-6) for clause:  medv(A) :- age(A, 7).  [covers 43,0/436,0 pos, 0,0/0,0 neg]
%     Score = -40.539,970608 (regressionFit = 40.539,970607, penalties=1.03E-6) for clause:  medv(A) :- age(A, 4).  [covers 37,0/436,0 pos, 0,0/0,0 neg]
%     Score = -40.509,176246 (regressionFit = 40.509,176245, penalties=1.03E-6) for clause:  medv(A) :- age(A, 5).  [covers 41,0/436,0 pos, 0,0/0,0 neg]
%     Score = -39.303,383566 (regressionFit = 39.303,383565, penalties=1.03E-6) for clause:  medv(A) :- age(A, 10).  [covers 49,0/436,0 pos, 0,0/0,0 neg]
%     Score = -40.299,980460 (regressionFit = 40.299,980459, penalties=1.03E-6) for clause:  medv(A) :- age(A, 2).  [covers 40,0/436,0 pos, 0,0/0,0 neg]
%     Score = -39.705,871187 (regressionFit = 39.705,871186, penalties=1.03E-6) for clause:  medv(A) :- age(A, 8).  [covers 49,0/436,0 pos, 0,0/0,0 neg]
%     Score = -40.513,765765 (regressionFit = 40.513,765764, penalties=1.03E-6) for clause:  medv(A) :- age(A, 9).  [covers 40,0/436,0 pos, 0,0/0,0 neg]
%     Score = -40.422,948088 (regressionFit = 40.422,948087, penalties=1.03E-6) for clause:  medv(A) :- age(A, 1).  [covers 43,0/436,0 pos, 0,0/0,0 neg]
%     Score = -40.048,464534 (regressionFit = 40.048,464533, penalties=1.03E-6) for clause:  medv(A) :- age(A, 6).  [covers 48,0/436,0 pos, 0,0/0,0 neg]
%     Score = -38.659,735906 (regressionFit = 38.659,735905, penalties=1.03E-6) for clause:  medv(A) :- dis(A, 9).  [covers 43,0/436,0 pos, 0,0/0,0 neg]
%     Score = -40.600,131986 (regressionFit = 40.600,131985, penalties=1.03E-6) for clause:  medv(A) :- dis(A, 4).  [covers 45,0/436,0 pos, 0,0/0,0 neg]
%     Score = -40.209,397202 (regressionFit = 40.209,397201, penalties=1.03E-6) for clause:  medv(A) :- dis(A, 5).  [covers 46,0/436,0 pos, 0,0/0,0 neg]
%     Score = -40.318,643819 (regressionFit = 40.318,643818, penalties=1.03E-6) for clause:  medv(A) :- dis(A, 2).  [covers 50,0/436,0 pos, 0,0/0,0 neg]
%     Score = -40.563,052761 (regressionFit = 40.563,052760, penalties=1.03E-6) for clause:  medv(A) :- dis(A, 7).  [covers 29,0/436,0 pos, 0,0/0,0 neg]
%     Score = -40.352,277377 (regressionFit = 40.352,277376, penalties=1.03E-6) for clause:  medv(A) :- dis(A, 10).  [covers 51,0/436,0 pos, 0,0/0,0 neg]
%     Score = -40.486,717642 (regressionFit = 40.486,717641, penalties=1.03E-6) for clause:  medv(A) :- rad(A, 5).  [covers 112,0/436,0 pos, 0,0/0,0 neg]
%     Score = -40.257,618098 (regressionFit = 40.257,618097, penalties=1.03E-6) for clause:  medv(A) :- rad(A, 4).  [covers 101,0/436,0 pos, 0,0/0,0 neg]
%     Score = -40.488,929675 (regressionFit = 40.488,929674, penalties=1.03E-6) for clause:  medv(A) :- rad(A, 6).  [covers 18,0/436,0 pos, 0,0/0,0 neg]
%     Score = -38.799,303002 (regressionFit = 38.799,303001, penalties=1.03E-6) for clause:  medv(A) :- rad(A, 24).  [covers 90,0/436,0 pos, 0,0/0,0 neg]
%     Score = -40.587,789380 (regressionFit = 40.587,789379, penalties=1.03E-6) for clause:  medv(A) :- tax(A, 403).  [covers 29,0/436,0 pos, 0,0/0,0 neg]
%     Score = -40.104,119056 (regressionFit = 40.104,119055, penalties=1.03E-6) for clause:  medv(A) :- tax(A, 307).  [covers 39,0/436,0 pos, 0,0/0,0 neg]
%     Score = -40.535,783366 (regressionFit = 40.535,783365, penalties=1.03E-6) for clause:  medv(A) :- tax(A, 293).  [covers 3,0/436,0 pos, 0,0/0,0 neg]
%     Score = -40.578,664007 (regressionFit = 40.578,664006, penalties=1.03E-6) for clause:  medv(A) :- tax(A, 304).  [covers 14,0/436,0 pos, 0,0/0,0 neg]
%     Score = -40.587,502661 (regressionFit = 40.587,502660, penalties=1.03E-6) for clause:  medv(A) :- tax(A, 224).  [covers 9,0/436,0 pos, 0,0/0,0 neg]
%     Score = -38.799,303002 (regressionFit = 38.799,303001, penalties=1.03E-6) for clause:  medv(A) :- tax(A, 666).  [covers 90,0/436,0 pos, 0,0/0,0 neg]
%     Score = -40.578,197471 (regressionFit = 40.578,197470, penalties=1.03E-6) for clause:  medv(A) :- tax(A, 279).  [covers 4,0/436,0 pos, 0,0/0,0 neg]
%     Score = -39.450,897107 (regressionFit = 39.450,897106, penalties=1.03E-6) for clause:  medv(A) :- ptratio(A, 9).  [covers 50,0/436,0 pos, 0,0/0,0 neg]
%     Score = -40.590,104506 (regressionFit = 40.590,104505, penalties=1.03E-6) for clause:  medv(A) :- ptratio(A, 4).  [covers 32,0/436,0 pos, 0,0/0,0 neg]
%     Score = -40.512,992817 (regressionFit = 40.512,992816, penalties=1.03E-6) for clause:  medv(A) :- ptratio(A, 6).  [covers 48,0/436,0 pos, 0,0/0,0 neg]
%     Score = -40.182,219204 (regressionFit = 40.182,219203, penalties=1.03E-6) for clause:  medv(A) :- ptratio(A, 3).  [covers 51,0/436,0 pos, 0,0/0,0 neg]
%     Score = -38.965,259193 (regressionFit = 38.965,259192, penalties=1.03E-6) for clause:  medv(A) :- ptratio(A, 10).  [covers 97,0/436,0 pos, 0,0/0,0 neg]
%     Score = -40.008,354293 (regressionFit = 40.008,354292, penalties=1.03E-6) for clause:  medv(A) :- ptratio(A, 5).  [covers 42,0/436,0 pos, 0,0/0,0 neg]
%     Score = -39.542,529576 (regressionFit = 39.542,529575, penalties=1.03E-6) for clause:  medv(A) :- b(A, 7).  [covers 40,0/436,0 pos, 0,0/0,0 neg]
%     Score = -40.559,480536 (regressionFit = 40.559,480535, penalties=1.03E-6) for clause:  medv(A) :- b(A, 6).  [covers 47,0/436,0 pos, 0,0/0,0 neg]
%     Score = -40.502,812626 (regressionFit = 40.502,812625, penalties=1.03E-6) for clause:  medv(A) :- b(A, 8).  [covers 46,0/436,0 pos, 0,0/0,0 neg]
%     Score = -40.579,989857 (regressionFit = 40.579,989856, penalties=1.03E-6) for clause:  medv(A) :- b(A, 2).  [covers 40,0/436,0 pos, 0,0/0,0 neg]
%     Score = -40.360,349225 (regressionFit = 40.360,349224, penalties=1.03E-6) for clause:  medv(A) :- b(A, 4).  [covers 27,0/436,0 pos, 0,0/0,0 neg]
%     Score = -40.586,334504 (regressionFit = 40.586,334503, penalties=1.03E-6) for clause:  medv(A) :- b(A, 9).  [covers 41,0/436,0 pos, 0,0/0,0 neg]
%     Score = -40.590,955569 (regressionFit = 40.590,955567, penalties=1.03E-6) for clause:  medv(A) :- b(A, 1).  [covers 102,0/436,0 pos, 0,0/0,0 neg]
%     Score = -40.445,758810 (regressionFit = 40.445,758809, penalties=1.03E-6) for clause:  medv(A) :- lstat(A, 7).  [covers 38,0/436,0 pos, 0,0/0,0 neg]
%     Score = -40.482,013129 (regressionFit = 40.482,013128, penalties=1.03E-6) for clause:  medv(A) :- lstat(A, 8).  [covers 44,0/436,0 pos, 0,0/0,0 neg]
%     Score = -39.816,647521 (regressionFit = 39.816,647520, penalties=1.03E-6) for clause:  medv(A) :- lstat(A, 5).  [covers 39,0/436,0 pos, 0,0/0,0 neg]
%     Score = -39.578,437230 (regressionFit = 39.578,437229, penalties=1.03E-6) for clause:  medv(A) :- lstat(A, 2).  [covers 45,0/436,0 pos, 0,0/0,0 neg]
%     Score = -40.485,270543 (regressionFit = 40.485,270542, penalties=1.03E-6) for clause:  medv(A) :- lstat(A, 4).  [covers 42,0/436,0 pos, 0,0/0,0 neg]
%     Score = -40.481,680219 (regressionFit = 40.481,680218, penalties=1.03E-6) for clause:  medv(A) :- lstat(A, 9).  [covers 46,0/436,0 pos, 0,0/0,0 neg]
%     Score = -38.477,425501 (regressionFit = 38.477,425500, penalties=1.03E-6) for clause:  medv(A) :- lstat(A, 6).  [covers 44,0/436,0 pos, 0,0/0,0 neg]
%     Score = -37.580,775687 (regressionFit = 37.580,775685, penalties=2.0500000000000003E-6) for clause:  medv(A) :- crim(A, 10), zn(A, 0).  [covers 45,0/436,0 pos, 0,0/0,0 neg]
%     Score = -37.580,775687 (regressionFit = 37.580,775685, penalties=2.0300000000000005E-6) for clause:  medv(A) :- crim(A, 10), indus(A, 10).  [covers 45,0/436,0 pos, 0,0/0,0 neg]
%     Score = -37.580,775687 (regressionFit = 37.580,775685, penalties=2.0500000000000003E-6) for clause:  medv(A) :- crim(A, 10), chas(A, 0).  [covers 45,0/436,0 pos, 0,0/0,0 neg]
%     Score = -40.599,767911 (regressionFit = 40.599,767909, penalties=2.0500000000000003E-6) for clause:  medv(A) :- crim(A, 10), nox(A, 8).  [covers 6,0/436,0 pos, 0,0/0,0 neg]
%     Score = -39.564,708387 (regressionFit = 39.564,708385, penalties=2.0500000000000003E-6) for clause:  medv(A) :- crim(A, 10), rm(A, 9).  [covers 17,0/436,0 pos, 0,0/0,0 neg]
%     Score = -39.849,315887 (regressionFit = 39.849,315885, penalties=2.0500000000000003E-6) for clause:  medv(A) :- crim(A, 10), age(A, 6).  [covers 22,0/436,0 pos, 0,0/0,0 neg]
%     Score = -39.038,977616 (regressionFit = 39.038,977614, penalties=2.0300000000000005E-6) for clause:  medv(A) :- crim(A, 10), dis(A, 10).  [covers 26,0/436,0 pos, 0,0/0,0 neg]
%     Score = -37.580,775687 (regressionFit = 37.580,775685, penalties=2.0500000000000003E-6) for clause:  medv(A) :- crim(A, 10), rad(A, 24).  [covers 45,0/436,0 pos, 0,0/0,0 neg]
%     Score = -37.580,775687 (regressionFit = 37.580,775685, penalties=2.0500000000000003E-6) for clause:  medv(A) :- crim(A, 10), tax(A, 666).  [covers 45,0/436,0 pos, 0,0/0,0 neg]
%     Score = -37.580,775687 (regressionFit = 37.580,775685, penalties=2.0300000000000005E-6) for clause:  medv(A) :- crim(A, 10), ptratio(A, 10).  [covers 45,0/436,0 pos, 0,0/0,0 neg]
%     Score = -38.578,915410 (regressionFit = 38.578,915408, penalties=2.0500000000000003E-6) for clause:  medv(A) :- crim(A, 10), b(A, 1).  [covers 15,0/436,0 pos, 0,0/0,0 neg]
%     Score = -38.851,233326 (regressionFit = 38.851,233324, penalties=2.0500000000000003E-6) for clause:  medv(A) :- crim(A, 10), lstat(A, 6).  [covers 22,0/436,0 pos, 0,0/0,0 neg]
%     Score = -40.206,235695 (regressionFit = 40.206,235693, penalties=2.0500000000000003E-6) for clause:  medv(A) :- rm(A, 1), crim(A, 6).  [covers 7,0/436,0 pos, 0,0/0,0 neg]
%     Score = -Infinity (regressionFit = Infinity, penalties=2.0500000000000003E-6) for clause:  medv(A) :- rm(A, 1), zn(A, 52.5).  [covers 1,0/436,0 pos, 0,0/0,0 neg]
%     Score = -40.212,545960 (regressionFit = 40.212,545958, penalties=2.0500000000000003E-6) for clause:  medv(A) :- rm(A, 1), indus(A, 5).  [covers 8,0/436,0 pos, 0,0/0,0 neg]
%     Score = -38.918,512930 (regressionFit = 38.918,512928, penalties=2.0500000000000003E-6) for clause:  medv(A) :- rm(A, 1), chas(A, 0).  [covers 40,0/436,0 pos, 0,0/0,0 neg]
%     Score = -40.141,778725 (regressionFit = 40.141,778723, penalties=2.0500000000000003E-6) for clause:  medv(A) :- rm(A, 1), nox(A, 6).  [covers 7,0/436,0 pos, 0,0/0,0 neg]
%     Score = -40.013,086244 (regressionFit = 40.013,086242, penalties=2.0500000000000003E-6) for clause:  medv(A) :- rm(A, 1), age(A, 10).  [covers 7,0/436,0 pos, 0,0/0,0 neg]
%     Score = -40.331,073105 (regressionFit = 40.331,073103, penalties=2.0500000000000003E-6) for clause:  medv(A) :- rm(A, 1), dis(A, 5).  [covers 6,0/436,0 pos, 0,0/0,0 neg]
%     Score = -40.530,082859 (regressionFit = 40.530,082857, penalties=2.0500000000000003E-6) for clause:  medv(A) :- rm(A, 1), rad(A, 6).  [covers 3,0/436,0 pos, 0,0/0,0 neg]
%     Score = -Infinity (regressionFit = Infinity, penalties=2.0500000000000003E-6) for clause:  medv(A) :- rm(A, 1), tax(A, 293).  [covers 1,0/436,0 pos, 0,0/0,0 neg]
%     Score = -39.866,917431 (regressionFit = 39.866,917429, penalties=2.0500000000000003E-6) for clause:  medv(A) :- rm(A, 1), ptratio(A, 6).  [covers 10,0/436,0 pos, 0,0/0,0 neg]
%     Score = -39.898,444973 (regressionFit = 39.898,444971, penalties=2.0500000000000003E-6) for clause:  medv(A) :- rm(A, 1), b(A, 8).  [covers 4,0/436,0 pos, 0,0/0,0 neg]
%     Score = -40.364,505798 (regressionFit = 40.364,505796, penalties=2.0500000000000003E-6) for clause:  medv(A) :- rm(A, 1), lstat(A, 2).  [covers 7,0/436,0 pos, 0,0/0,0 neg]
%     Score = -38.851,233326 (regressionFit = 38.851,233324, penalties=2.0500000000000003E-6) for clause:  medv(A) :- lstat(A, 6), crim(A, 10).  [covers 22,0/436,0 pos, 0,0/0,0 neg]
%     Score = -38.468,072953 (regressionFit = 38.468,072951, penalties=2.0500000000000003E-6) for clause:  medv(A) :- lstat(A, 6), zn(A, 0).  [covers 43,0/436,0 pos, 0,0/0,0 neg]
%     Score = -38.418,002199 (regressionFit = 38.418,002197, penalties=2.0500000000000003E-6) for clause:  medv(A) :- lstat(A, 6), indus(A, 10).  [covers 29,0/436,0 pos, 0,0/0,0 neg]
%     Score = -38.462,290058 (regressionFit = 38.462,290056, penalties=2.0500000000000003E-6) for clause:  medv(A) :- lstat(A, 6), chas(A, 0).  [covers 42,0/436,0 pos, 0,0/0,0 neg]
%     Score = -40.431,516748 (regressionFit = 40.431,516746, penalties=2.0500000000000003E-6) for clause:  medv(A) :- lstat(A, 6), nox(A, 8).  [covers 6,0/436,0 pos, 0,0/0,0 neg]
%     Score = -39.518,116488 (regressionFit = 39.518,116486, penalties=2.0500000000000003E-6) for clause:  medv(A) :- lstat(A, 6), rm(A, 9).  [covers 25,0/436,0 pos, 0,0/0,0 neg]
%     Score = -39.723,683112 (regressionFit = 39.723,683110, penalties=2.0300000000000005E-6) for clause:  medv(A) :- lstat(A, 6), age(A, 6).  [covers 17,0/436,0 pos, 0,0/0,0 neg]
%     Score = -39.288,156835 (regressionFit = 39.288,156833, penalties=2.0500000000000003E-6) for clause:  medv(A) :- lstat(A, 6), dis(A, 10).  [covers 26,0/436,0 pos, 0,0/0,0 neg]
%     Score = -38.418,002199 (regressionFit = 38.418,002197, penalties=2.0500000000000003E-6) for clause:  medv(A) :- lstat(A, 6), rad(A, 24).  [covers 29,0/436,0 pos, 0,0/0,0 neg]
%     Score = -38.418,002199 (regressionFit = 38.418,002197, penalties=2.0500000000000003E-6) for clause:  medv(A) :- lstat(A, 6), tax(A, 666).  [covers 29,0/436,0 pos, 0,0/0,0 neg]
%     Score = -38.418,002199 (regressionFit = 38.418,002197, penalties=2.0500000000000003E-6) for clause:  medv(A) :- lstat(A, 6), ptratio(A, 10).  [covers 29,0/436,0 pos, 0,0/0,0 neg]
%     Score = -39.638,469900 (regressionFit = 39.638,469898, penalties=2.0500000000000003E-6) for clause:  medv(A) :- lstat(A, 6), b(A, 1).  [covers 16,0/436,0 pos, 0,0/0,0 neg]
%     Score = -40.204,100016 (regressionFit = 40.204,100014, penalties=2.0500000000000003E-6) for clause:  medv(A) :- dis(A, 9), crim(A, 8).  [covers 5,0/436,0 pos, 0,0/0,0 neg]
%     Score = -39.244,954722 (regressionFit = 39.244,954719, penalties=2.0500000000000003E-6) for clause:  medv(A) :- dis(A, 9), zn(A, 0).  [covers 40,0/436,0 pos, 0,0/0,0 neg]
%     Score = -40.499,532873 (regressionFit = 40.499,532871, penalties=2.0300000000000005E-6) for clause:  medv(A) :- dis(A, 9), indus(A, 9).  [covers 6,0/436,0 pos, 0,0/0,0 neg]
%     Score = -38.953,507767 (regressionFit = 38.953,507765, penalties=2.0500000000000003E-6) for clause:  medv(A) :- dis(A, 9), chas(A, 0).  [covers 38,0/436,0 pos, 0,0/0,0 neg]
%     Score = -39.982,513975 (regressionFit = 39.982,513973, penalties=2.0300000000000005E-6) for clause:  medv(A) :- dis(A, 9), nox(A, 9).  [covers 14,0/436,0 pos, 0,0/0,0 neg]
%     Score = -40.239,991978 (regressionFit = 40.239,991976, penalties=2.0300000000000005E-6) for clause:  medv(A) :- dis(A, 9), rm(A, 9).  [covers 7,0/436,0 pos, 0,0/0,0 neg]
%     Score = -40.407,239796 (regressionFit = 40.407,239794, penalties=2.0500000000000003E-6) for clause:  medv(A) :- dis(A, 9), age(A, 7).  [covers 9,0/436,0 pos, 0,0/0,0 neg]
%     Score = -40.511,588728 (regressionFit = 40.511,588725, penalties=2.0500000000000003E-6) for clause:  medv(A) :- dis(A, 9), rad(A, 5).  [covers 9,0/436,0 pos, 0,0/0,0 neg]
%     Score = -40.499,532873 (regressionFit = 40.499,532871, penalties=2.0500000000000003E-6) for clause:  medv(A) :- dis(A, 9), tax(A, 403).  [covers 6,0/436,0 pos, 0,0/0,0 neg]
%     Score = -40.511,588727 (regressionFit = 40.511,588725, penalties=2.0300000000000005E-6) for clause:  medv(A) :- dis(A, 9), ptratio(A, 9).  [covers 9,0/436,0 pos, 0,0/0,0 neg]
%     Score = -39.511,070401 (regressionFit = 39.511,070399, penalties=2.0500000000000003E-6) for clause:  medv(A) :- dis(A, 9), b(A, 7).  [covers 13,0/436,0 pos, 0,0/0,0 neg]
%     Score = -40.462,994965 (regressionFit = 40.462,994963, penalties=2.0500000000000003E-6) for clause:  medv(A) :- dis(A, 9), lstat(A, 7).  [covers 6,0/436,0 pos, 0,0/0,0 neg]
%     Score = -40.553,653919 (regressionFit = 40.553,653917, penalties=2.0500000000000003E-6) for clause:  medv(A) :- indus(A, 10), crim(A, 8).  [covers 13,0/436,0 pos, 0,0/0,0 neg]
%     Score = -37.580,775687 (regressionFit = 37.580,775685, penalties=2.0300000000000005E-6) for clause:  medv(A) :- indus(A, 10), crim(A, 10).  [covers 45,0/436,0 pos, 0,0/0,0 neg]
%     Score = -38.799,303003 (regressionFit = 38.799,303001, penalties=2.0500000000000003E-6) for clause:  medv(A) :- indus(A, 10), zn(A, 0).  [covers 90,0/436,0 pos, 0,0/0,0 neg]
%     Score = -40.127,829874 (regressionFit = 40.127,829872, penalties=2.0500000000000003E-6) for clause:  medv(A) :- indus(A, 10), chas(A, 1).  [covers 8,0/436,0 pos, 0,0/0,0 neg]
%     Score = -37.956,376606 (regressionFit = 37.956,376604, penalties=2.0500000000000003E-6) for clause:  medv(A) :- indus(A, 10), chas(A, 0).  [covers 82,0/436,0 pos, 0,0/0,0 neg]
%     Score = -40.230,492219 (regressionFit = 40.230,492217, penalties=2.0500000000000003E-6) for clause:  medv(A) :- indus(A, 10), nox(A, 9).  [covers 26,0/436,0 pos, 0,0/0,0 neg]
%     Score = -38.699,977862 (regressionFit = 38.699,977860, penalties=2.0500000000000003E-6) for clause:  medv(A) :- indus(A, 10), nox(A, 8).  [covers 12,0/436,0 pos, 0,0/0,0 neg]
%     Score = -40.360,329452 (regressionFit = 40.360,329450, penalties=2.0500000000000003E-6) for clause:  medv(A) :- indus(A, 10), rm(A, 2).  [covers 13,0/436,0 pos, 0,0/0,0 neg]
%     Score = -40.052,697024 (regressionFit = 40.052,697022, penalties=2.0500000000000003E-6) for clause:  medv(A) :- indus(A, 10), rm(A, 9).  [covers 25,0/436,0 pos, 0,0/0,0 neg]
%     Score = -40.596,483523 (regressionFit = 40.596,483521, penalties=2.0500000000000003E-6) for clause:  medv(A) :- indus(A, 10), age(A, 9).  [covers 15,0/436,0 pos, 0,0/0,0 neg]
%     Score = -40.156,653221 (regressionFit = 40.156,653219, penalties=2.0500000000000003E-6) for clause:  medv(A) :- indus(A, 10), age(A, 6).  [covers 33,0/436,0 pos, 0,0/0,0 neg]
%     Score = -40.596,453818 (regressionFit = 40.596,453816, penalties=2.0500000000000003E-6) for clause:  medv(A) :- indus(A, 10), dis(A, 7).  [covers 6,0/436,0 pos, 0,0/0,0 neg]
%     Score = -40.477,537534 (regressionFit = 40.477,537532, penalties=2.0300000000000005E-6) for clause:  medv(A) :- indus(A, 10), dis(A, 10).  [covers 37,0/436,0 pos, 0,0/0,0 neg]
%     Score = -38.799,303003 (regressionFit = 38.799,303001, penalties=2.0500000000000003E-6) for clause:  medv(A) :- indus(A, 10), rad(A, 24).  [covers 90,0/436,0 pos, 0,0/0,0 neg]
%     Score = -38.799,303003 (regressionFit = 38.799,303001, penalties=2.0500000000000003E-6) for clause:  medv(A) :- indus(A, 10), tax(A, 666).  [covers 90,0/436,0 pos, 0,0/0,0 neg]
%     Score = -38.799,303003 (regressionFit = 38.799,303001, penalties=2.0300000000000005E-6) for clause:  medv(A) :- indus(A, 10), ptratio(A, 10).  [covers 90,0/436,0 pos, 0,0/0,0 neg]
%     Score = -40.584,599695 (regressionFit = 40.584,599693, penalties=2.0500000000000003E-6) for clause:  medv(A) :- indus(A, 10), b(A, 6).  [covers 4,0/436,0 pos, 0,0/0,0 neg]
%     Score = -40.562,706203 (regressionFit = 40.562,706201, penalties=2.0500000000000003E-6) for clause:  medv(A) :- indus(A, 10), b(A, 9).  [covers 15,0/436,0 pos, 0,0/0,0 neg]
%     Score = -38.378,103230 (regressionFit = 38.378,103228, penalties=2.0500000000000003E-6) for clause:  medv(A) :- indus(A, 10), b(A, 1).  [covers 23,0/436,0 pos, 0,0/0,0 neg]
%     Score = -40.484,416717 (regressionFit = 40.484,416715, penalties=2.0500000000000003E-6) for clause:  medv(A) :- indus(A, 10), lstat(A, 4).  [covers 5,0/436,0 pos, 0,0/0,0 neg]
%     Score = -Infinity (regressionFit = Infinity, penalties=2.0500000000000003E-6) for clause:  medv(A) :- indus(A, 10), lstat(A, 9).  [covers 1,0/436,0 pos, 0,0/0,0 neg]
%     Score = -38.418,002199 (regressionFit = 38.418,002197, penalties=2.0500000000000003E-6) for clause:  medv(A) :- indus(A, 10), lstat(A, 6).  [covers 29,0/436,0 pos, 0,0/0,0 neg]
%     Score = -40.553,653919 (regressionFit = 40.553,653917, penalties=2.0500000000000003E-6) for clause:  medv(A) :- rad(A, 24), crim(A, 8).  [covers 13,0/436,0 pos, 0,0/0,0 neg]
%     Score = -37.580,775687 (regressionFit = 37.580,775685, penalties=2.0500000000000003E-6) for clause:  medv(A) :- rad(A, 24), crim(A, 10).  [covers 45,0/436,0 pos, 0,0/0,0 neg]
%     Score = -38.799,303003 (regressionFit = 38.799,303001, penalties=2.0500000000000003E-6) for clause:  medv(A) :- rad(A, 24), zn(A, 0).  [covers 90,0/436,0 pos, 0,0/0,0 neg]
%     Score = -38.799,303003 (regressionFit = 38.799,303001, penalties=2.0500000000000003E-6) for clause:  medv(A) :- rad(A, 24), indus(A, 10).  [covers 90,0/436,0 pos, 0,0/0,0 neg]
%     Score = -40.127,829874 (regressionFit = 40.127,829872, penalties=2.0500000000000003E-6) for clause:  medv(A) :- rad(A, 24), chas(A, 1).  [covers 8,0/436,0 pos, 0,0/0,0 neg]
%     Score = -37.956,376606 (regressionFit = 37.956,376604, penalties=2.0500000000000003E-6) for clause:  medv(A) :- rad(A, 24), chas(A, 0).  [covers 82,0/436,0 pos, 0,0/0,0 neg]
%     Score = -40.230,492219 (regressionFit = 40.230,492217, penalties=2.0500000000000003E-6) for clause:  medv(A) :- rad(A, 24), nox(A, 9).  [covers 26,0/436,0 pos, 0,0/0,0 neg]
%     Score = -38.699,977862 (regressionFit = 38.699,977860, penalties=2.0500000000000003E-6) for clause:  medv(A) :- rad(A, 24), nox(A, 8).  [covers 12,0/436,0 pos, 0,0/0,0 neg]
%     Score = -40.360,329452 (regressionFit = 40.360,329450, penalties=2.0500000000000003E-6) for clause:  medv(A) :- rad(A, 24), rm(A, 2).  [covers 13,0/436,0 pos, 0,0/0,0 neg]
%     Score = -40.052,697024 (regressionFit = 40.052,697022, penalties=2.0500000000000003E-6) for clause:  medv(A) :- rad(A, 24), rm(A, 9).  [covers 25,0/436,0 pos, 0,0/0,0 neg]
%     Score = -40.596,483523 (regressionFit = 40.596,483521, penalties=2.0500000000000003E-6) for clause:  medv(A) :- rad(A, 24), age(A, 9).  [covers 15,0/436,0 pos, 0,0/0,0 neg]
%     Score = -40.156,653221 (regressionFit = 40.156,653219, penalties=2.0500000000000003E-6) for clause:  medv(A) :- rad(A, 24), age(A, 6).  [covers 33,0/436,0 pos, 0,0/0,0 neg]
%     Score = -40.596,453818 (regressionFit = 40.596,453816, penalties=2.0500000000000003E-6) for clause:  medv(A) :- rad(A, 24), dis(A, 7).  [covers 6,0/436,0 pos, 0,0/0,0 neg]
%     Score = -40.477,537534 (regressionFit = 40.477,537532, penalties=2.0500000000000003E-6) for clause:  medv(A) :- rad(A, 24), dis(A, 10).  [covers 37,0/436,0 pos, 0,0/0,0 neg]
%     Score = -38.799,303003 (regressionFit = 38.799,303001, penalties=2.0500000000000003E-6) for clause:  medv(A) :- rad(A, 24), tax(A, 666).  [covers 90,0/436,0 pos, 0,0/0,0 neg]
%     Score = -38.799,303003 (regressionFit = 38.799,303001, penalties=2.0500000000000003E-6) for clause:  medv(A) :- rad(A, 24), ptratio(A, 10).  [covers 90,0/436,0 pos, 0,0/0,0 neg]
%     Score = -40.584,599695 (regressionFit = 40.584,599693, penalties=2.0500000000000003E-6) for clause:  medv(A) :- rad(A, 24), b(A, 6).  [covers 4,0/436,0 pos, 0,0/0,0 neg]
%     Score = -40.562,706203 (regressionFit = 40.562,706201, penalties=2.0500000000000003E-6) for clause:  medv(A) :- rad(A, 24), b(A, 9).  [covers 15,0/436,0 pos, 0,0/0,0 neg]
%     Score = -38.378,103230 (regressionFit = 38.378,103228, penalties=2.0500000000000003E-6) for clause:  medv(A) :- rad(A, 24), b(A, 1).  [covers 23,0/436,0 pos, 0,0/0,0 neg]
%     Score = -40.484,416717 (regressionFit = 40.484,416715, penalties=2.0500000000000003E-6) for clause:  medv(A) :- rad(A, 24), lstat(A, 4).  [covers 5,0/436,0 pos, 0,0/0,0 neg]
%     Score = -Infinity (regressionFit = Infinity, penalties=2.0500000000000003E-6) for clause:  medv(A) :- rad(A, 24), lstat(A, 9).  [covers 1,0/436,0 pos, 0,0/0,0 neg]
%     Score = -38.418,002199 (regressionFit = 38.418,002197, penalties=2.0500000000000003E-6) for clause:  medv(A) :- rad(A, 24), lstat(A, 6).  [covers 29,0/436,0 pos, 0,0/0,0 neg]
%     Score = -40.553,653919 (regressionFit = 40.553,653917, penalties=2.0500000000000003E-6) for clause:  medv(A) :- tax(A, 666), crim(A, 8).  [covers 13,0/436,0 pos, 0,0/0,0 neg]
%     Score = -37.580,775687 (regressionFit = 37.580,775685, penalties=2.0500000000000003E-6) for clause:  medv(A) :- tax(A, 666), crim(A, 10).  [covers 45,0/436,0 pos, 0,0/0,0 neg]
%     Score = -38.799,303003 (regressionFit = 38.799,303001, penalties=2.0500000000000003E-6) for clause:  medv(A) :- tax(A, 666), zn(A, 0).  [covers 90,0/436,0 pos, 0,0/0,0 neg]
%     Score = -38.799,303003 (regressionFit = 38.799,303001, penalties=2.0500000000000003E-6) for clause:  medv(A) :- tax(A, 666), indus(A, 10).  [covers 90,0/436,0 pos, 0,0/0,0 neg]
%     Score = -40.127,829874 (regressionFit = 40.127,829872, penalties=2.0500000000000003E-6) for clause:  medv(A) :- tax(A, 666), chas(A, 1).  [covers 8,0/436,0 pos, 0,0/0,0 neg]
%     Score = -37.956,376606 (regressionFit = 37.956,376604, penalties=2.0500000000000003E-6) for clause:  medv(A) :- tax(A, 666), chas(A, 0).  [covers 82,0/436,0 pos, 0,0/0,0 neg]
%     Score = -40.230,492219 (regressionFit = 40.230,492217, penalties=2.0500000000000003E-6) for clause:  medv(A) :- tax(A, 666), nox(A, 9).  [covers 26,0/436,0 pos, 0,0/0,0 neg]
%     Score = -38.699,977862 (regressionFit = 38.699,977860, penalties=2.0500000000000003E-6) for clause:  medv(A) :- tax(A, 666), nox(A, 8).  [covers 12,0/436,0 pos, 0,0/0,0 neg]
%     Score = -40.360,329452 (regressionFit = 40.360,329450, penalties=2.0500000000000003E-6) for clause:  medv(A) :- tax(A, 666), rm(A, 2).  [covers 13,0/436,0 pos, 0,0/0,0 neg]
%     Score = -40.052,697024 (regressionFit = 40.052,697022, penalties=2.0500000000000003E-6) for clause:  medv(A) :- tax(A, 666), rm(A, 9).  [covers 25,0/436,0 pos, 0,0/0,0 neg]
%     Score = -40.596,483523 (regressionFit = 40.596,483521, penalties=2.0500000000000003E-6) for clause:  medv(A) :- tax(A, 666), age(A, 9).  [covers 15,0/436,0 pos, 0,0/0,0 neg]
%     Score = -40.156,653221 (regressionFit = 40.156,653219, penalties=2.0500000000000003E-6) for clause:  medv(A) :- tax(A, 666), age(A, 6).  [covers 33,0/436,0 pos, 0,0/0,0 neg]
%     Score = -40.596,453818 (regressionFit = 40.596,453816, penalties=2.0500000000000003E-6) for clause:  medv(A) :- tax(A, 666), dis(A, 7).  [covers 6,0/436,0 pos, 0,0/0,0 neg]
%     Score = -40.477,537534 (regressionFit = 40.477,537532, penalties=2.0500000000000003E-6) for clause:  medv(A) :- tax(A, 666), dis(A, 10).  [covers 37,0/436,0 pos, 0,0/0,0 neg]
%     Score = -38.799,303003 (regressionFit = 38.799,303001, penalties=2.0500000000000003E-6) for clause:  medv(A) :- tax(A, 666), rad(A, 24).  [covers 90,0/436,0 pos, 0,0/0,0 neg]
%     Score = -38.799,303003 (regressionFit = 38.799,303001, penalties=2.0500000000000003E-6) for clause:  medv(A) :- tax(A, 666), ptratio(A, 10).  [covers 90,0/436,0 pos, 0,0/0,0 neg]
%     Score = -40.584,599695 (regressionFit = 40.584,599693, penalties=2.0500000000000003E-6) for clause:  medv(A) :- tax(A, 666), b(A, 6).  [covers 4,0/436,0 pos, 0,0/0,0 neg]
%     Score = -40.562,706203 (regressionFit = 40.562,706201, penalties=2.0500000000000003E-6) for clause:  medv(A) :- tax(A, 666), b(A, 9).  [covers 15,0/436,0 pos, 0,0/0,0 neg]
%     Score = -38.378,103230 (regressionFit = 38.378,103228, penalties=2.0500000000000003E-6) for clause:  medv(A) :- tax(A, 666), b(A, 1).  [covers 23,0/436,0 pos, 0,0/0,0 neg]
%     Score = -40.484,416717 (regressionFit = 40.484,416715, penalties=2.0500000000000003E-6) for clause:  medv(A) :- tax(A, 666), lstat(A, 4).  [covers 5,0/436,0 pos, 0,0/0,0 neg]
%     Score = -Infinity (regressionFit = Infinity, penalties=2.0500000000000003E-6) for clause:  medv(A) :- tax(A, 666), lstat(A, 9).  [covers 1,0/436,0 pos, 0,0/0,0 neg]
%     Score = -38.418,002199 (regressionFit = 38.418,002197, penalties=2.0500000000000003E-6) for clause:  medv(A) :- tax(A, 666), lstat(A, 6).  [covers 29,0/436,0 pos, 0,0/0,0 neg]
%     Score = -40.596,083746 (regressionFit = 40.596,083744, penalties=2.0500000000000003E-6) for clause:  medv(A) :- ptratio(A, 10), crim(A, 1).  [covers 4,0/436,0 pos, 0,0/0,0 neg]
%     Score = -40.553,653919 (regressionFit = 40.553,653917, penalties=2.0500000000000003E-6) for clause:  medv(A) :- ptratio(A, 10), crim(A, 8).  [covers 13,0/436,0 pos, 0,0/0,0 neg]
%     Score = -37.580,775687 (regressionFit = 37.580,775685, penalties=2.0300000000000005E-6) for clause:  medv(A) :- ptratio(A, 10), crim(A, 10).  [covers 45,0/436,0 pos, 0,0/0,0 neg]
%     Score = -38.965,259194 (regressionFit = 38.965,259192, penalties=2.0500000000000003E-6) for clause:  medv(A) :- ptratio(A, 10), zn(A, 0).  [covers 97,0/436,0 pos, 0,0/0,0 neg]
%     Score = -40.592,050200 (regressionFit = 40.592,050198, penalties=2.0500000000000003E-6) for clause:  medv(A) :- ptratio(A, 10), indus(A, 5).  [covers 7,0/436,0 pos, 0,0/0,0 neg]
%     Score = -38.799,303003 (regressionFit = 38.799,303001, penalties=2.0300000000000005E-6) for clause:  medv(A) :- ptratio(A, 10), indus(A, 10).  [covers 90,0/436,0 pos, 0,0/0,0 neg]
%     Score = -38.203,124240 (regressionFit = 38.203,124237, penalties=2.0500000000000003E-6) for clause:  medv(A) :- ptratio(A, 10), chas(A, 0).  [covers 89,0/436,0 pos, 0,0/0,0 neg]
%     Score = -40.127,829874 (regressionFit = 40.127,829872, penalties=2.0500000000000003E-6) for clause:  medv(A) :- ptratio(A, 10), chas(A, 1).  [covers 8,0/436,0 pos, 0,0/0,0 neg]
%     Score = -40.592,050200 (regressionFit = 40.592,050198, penalties=2.0500000000000003E-6) for clause:  medv(A) :- ptratio(A, 10), nox(A, 3).  [covers 7,0/436,0 pos, 0,0/0,0 neg]
%     Score = -40.230,492219 (regressionFit = 40.230,492217, penalties=2.0500000000000003E-6) for clause:  medv(A) :- ptratio(A, 10), nox(A, 9).  [covers 26,0/436,0 pos, 0,0/0,0 neg]
%     Score = -38.699,977862 (regressionFit = 38.699,977860, penalties=2.0500000000000003E-6) for clause:  medv(A) :- ptratio(A, 10), nox(A, 8).  [covers 12,0/436,0 pos, 0,0/0,0 neg]
%     Score = -40.532,400530 (regressionFit = 40.532,400528, penalties=2.0500000000000003E-6) for clause:  medv(A) :- ptratio(A, 10), rm(A, 5).  [covers 7,0/436,0 pos, 0,0/0,0 neg]
%     Score = -40.360,329452 (regressionFit = 40.360,329450, penalties=2.0500000000000003E-6) for clause:  medv(A) :- ptratio(A, 10), rm(A, 2).  [covers 13,0/436,0 pos, 0,0/0,0 neg]
%     Score = -40.052,697024 (regressionFit = 40.052,697022, penalties=2.0500000000000003E-6) for clause:  medv(A) :- ptratio(A, 10), rm(A, 9).  [covers 25,0/436,0 pos, 0,0/0,0 neg]
%     Score = -Infinity (regressionFit = Infinity, penalties=2.0500000000000003E-6) for clause:  medv(A) :- ptratio(A, 10), age(A, 8).  [covers 1,0/436,0 pos, 0,0/0,0 neg]
%     Score = -40.596,483523 (regressionFit = 40.596,483521, penalties=2.0500000000000003E-6) for clause:  medv(A) :- ptratio(A, 10), age(A, 9).  [covers 15,0/436,0 pos, 0,0/0,0 neg]
%     Score = -40.156,653221 (regressionFit = 40.156,653219, penalties=2.0500000000000003E-6) for clause:  medv(A) :- ptratio(A, 10), age(A, 6).  [covers 33,0/436,0 pos, 0,0/0,0 neg]
%     Score = -40.599,198137 (regressionFit = 40.599,198135, penalties=2.0500000000000003E-6) for clause:  medv(A) :- ptratio(A, 10), dis(A, 2).  [covers 5,0/436,0 pos, 0,0/0,0 neg]
%     Score = -40.596,453818 (regressionFit = 40.596,453816, penalties=2.0500000000000003E-6) for clause:  medv(A) :- ptratio(A, 10), dis(A, 7).  [covers 6,0/436,0 pos, 0,0/0,0 neg]
%     Score = -40.477,537534 (regressionFit = 40.477,537532, penalties=2.0300000000000005E-6) for clause:  medv(A) :- ptratio(A, 10), dis(A, 10).  [covers 37,0/436,0 pos, 0,0/0,0 neg]
%     Score = -40.592,050200 (regressionFit = 40.592,050198, penalties=2.0500000000000003E-6) for clause:  medv(A) :- ptratio(A, 10), rad(A, 5).  [covers 7,0/436,0 pos, 0,0/0,0 neg]
%     Score = -38.799,303003 (regressionFit = 38.799,303001, penalties=2.0500000000000003E-6) for clause:  medv(A) :- ptratio(A, 10), rad(A, 24).  [covers 90,0/436,0 pos, 0,0/0,0 neg]
%     Score = -40.592,050200 (regressionFit = 40.592,050198, penalties=2.0500000000000003E-6) for clause:  medv(A) :- ptratio(A, 10), tax(A, 224).  [covers 7,0/436,0 pos, 0,0/0,0 neg]
%     Score = -38.799,303003 (regressionFit = 38.799,303001, penalties=2.0500000000000003E-6) for clause:  medv(A) :- ptratio(A, 10), tax(A, 666).  [covers 90,0/436,0 pos, 0,0/0,0 neg]
%     Score = -Infinity (regressionFit = Infinity, penalties=2.0500000000000003E-6) for clause:  medv(A) :- ptratio(A, 10), b(A, 4).  [covers 2,0/436,0 pos, 0,0/0,0 neg]
%     Score = -40.599,060314 (regressionFit = 40.599,060312, penalties=2.0500000000000003E-6) for clause:  medv(A) :- ptratio(A, 10), b(A, 6).  [covers 6,0/436,0 pos, 0,0/0,0 neg]
%     Score = -40.562,706203 (regressionFit = 40.562,706201, penalties=2.0500000000000003E-6) for clause:  medv(A) :- ptratio(A, 10), b(A, 9).  [covers 15,0/436,0 pos, 0,0/0,0 neg]
%     Score = -38.633,648974 (regressionFit = 38.633,648972, penalties=2.0500000000000003E-6) for clause:  medv(A) :- ptratio(A, 10), b(A, 1).  [covers 26,0/436,0 pos, 0,0/0,0 neg]
%     Score = -39.602,529552 (regressionFit = 39.602,529550, penalties=2.0500000000000003E-6) for clause:  medv(A) :- ptratio(A, 10), lstat(A, 2).  [covers 5,0/436,0 pos, 0,0/0,0 neg]
%     Score = -40.484,416717 (regressionFit = 40.484,416715, penalties=2.0500000000000003E-6) for clause:  medv(A) :- ptratio(A, 10), lstat(A, 4).  [covers 5,0/436,0 pos, 0,0/0,0 neg]
%     Score = -Infinity (regressionFit = Infinity, penalties=2.0500000000000003E-6) for clause:  medv(A) :- ptratio(A, 10), lstat(A, 9).  [covers 2,0/436,0 pos, 0,0/0,0 neg]
%     Score = -38.418,002199 (regressionFit = 38.418,002197, penalties=2.0500000000000003E-6) for clause:  medv(A) :- ptratio(A, 10), lstat(A, 6).  [covers 29,0/436,0 pos, 0,0/0,0 neg]
%     Score = -40.416,624680 (regressionFit = 40.416,624678, penalties=2.0500000000000003E-6) for clause:  medv(A) :- age(A, 10), crim(A, 6).  [covers 5,0/436,0 pos, 0,0/0,0 neg]
%     Score = -Infinity (regressionFit = Infinity, penalties=2.0500000000000003E-6) for clause:  medv(A) :- age(A, 10), zn(A, 52.5).  [covers 1,0/436,0 pos, 0,0/0,0 neg]
%     Score = -40.368,348706 (regressionFit = 40.368,348704, penalties=2.0500000000000003E-6) for clause:  medv(A) :- age(A, 10), indus(A, 5).  [covers 11,0/436,0 pos, 0,0/0,0 neg]
%     Score = -39.186,052533 (regressionFit = 39.186,052531, penalties=2.0500000000000003E-6) for clause:  medv(A) :- age(A, 10), chas(A, 0).  [covers 48,0/436,0 pos, 0,0/0,0 neg]
%     Score = -40.085,023438 (regressionFit = 40.085,023436, penalties=2.0500000000000003E-6) for clause:  medv(A) :- age(A, 10), nox(A, 6).  [covers 20,0/436,0 pos, 0,0/0,0 neg]
%     Score = -40.013,086244 (regressionFit = 40.013,086242, penalties=2.0500000000000003E-6) for clause:  medv(A) :- age(A, 10), rm(A, 1).  [covers 7,0/436,0 pos, 0,0/0,0 neg]
%     Score = -40.087,216975 (regressionFit = 40.087,216973, penalties=2.0500000000000003E-6) for clause:  medv(A) :- age(A, 10), dis(A, 5).  [covers 15,0/436,0 pos, 0,0/0,0 neg]
%     Score = -40.516,902720 (regressionFit = 40.516,902718, penalties=2.0500000000000003E-6) for clause:  medv(A) :- age(A, 10), rad(A, 6).  [covers 3,0/436,0 pos, 0,0/0,0 neg]
%     Score = -Infinity (regressionFit = Infinity, penalties=2.0500000000000003E-6) for clause:  medv(A) :- age(A, 10), tax(A, 293).  [covers 1,0/436,0 pos, 0,0/0,0 neg]
%     Score = -40.263,918139 (regressionFit = 40.263,918137, penalties=2.0500000000000003E-6) for clause:  medv(A) :- age(A, 10), ptratio(A, 6).  [covers 12,0/436,0 pos, 0,0/0,0 neg]
%     Score = -40.285,047719 (regressionFit = 40.285,047717, penalties=2.0500000000000003E-6) for clause:  medv(A) :- age(A, 10), b(A, 8).  [covers 12,0/436,0 pos, 0,0/0,0 neg]
%     Score = -40.397,583953 (regressionFit = 40.397,583951, penalties=2.0500000000000003E-6) for clause:  medv(A) :- age(A, 10), lstat(A, 2).  [covers 9,0/436,0 pos, 0,0/0,0 neg]
%     Score = -40.513,775423 (regressionFit = 40.513,775421, penalties=2.0500000000000003E-6) for clause:  medv(A) :- ptratio(A, 9), crim(A, 8).  [covers 18,0/436,0 pos, 0,0/0,0 neg]
%     Score = -40.587,789381 (regressionFit = 40.587,789379, penalties=2.0500000000000003E-6) for clause:  medv(A) :- ptratio(A, 9), zn(A, 0).  [covers 29,0/436,0 pos, 0,0/0,0 neg]
%     Score = -40.587,789381 (regressionFit = 40.587,789379, penalties=2.0300000000000005E-6) for clause:  medv(A) :- ptratio(A, 9), indus(A, 9).  [covers 29,0/436,0 pos, 0,0/0,0 neg]
%     Score = -39.599,112659 (regressionFit = 39.599,112657, penalties=2.0500000000000003E-6) for clause:  medv(A) :- ptratio(A, 9), chas(A, 0).  [covers 42,0/436,0 pos, 0,0/0,0 neg]
%     Score = -40.505,274455 (regressionFit = 40.505,274453, penalties=2.0300000000000005E-6) for clause:  medv(A) :- ptratio(A, 9), nox(A, 9).  [covers 16,0/436,0 pos, 0,0/0,0 neg]
%     Score = -40.527,344994 (regressionFit = 40.527,344992, penalties=2.0300000000000005E-6) for clause:  medv(A) :- ptratio(A, 9), rm(A, 9).  [covers 9,0/436,0 pos, 0,0/0,0 neg]
%     Score = -40.502,945865 (regressionFit = 40.502,945863, penalties=2.0500000000000003E-6) for clause:  medv(A) :- ptratio(A, 9), age(A, 7).  [covers 9,0/436,0 pos, 0,0/0,0 neg]
%     Score = -40.511,588727 (regressionFit = 40.511,588725, penalties=2.0300000000000005E-6) for clause:  medv(A) :- ptratio(A, 9), dis(A, 9).  [covers 9,0/436,0 pos, 0,0/0,0 neg]
%     Score = -40.049,415694 (regressionFit = 40.049,415692, penalties=2.0500000000000003E-6) for clause:  medv(A) :- ptratio(A, 9), rad(A, 5).  [covers 41,0/436,0 pos, 0,0/0,0 neg]
%     Score = -40.587,789381 (regressionFit = 40.587,789379, penalties=2.0500000000000003E-6) for clause:  medv(A) :- ptratio(A, 9), tax(A, 403).  [covers 29,0/436,0 pos, 0,0/0,0 neg]
%     Score = -40.595,948982 (regressionFit = 40.595,948980, penalties=2.0500000000000003E-6) for clause:  medv(A) :- ptratio(A, 9), b(A, 7).  [covers 7,0/436,0 pos, 0,0/0,0 neg]
%     Score = -40.576,813206 (regressionFit = 40.576,813204, penalties=2.0500000000000003E-6) for clause:  medv(A) :- ptratio(A, 9), lstat(A, 7).  [covers 3,0/436,0 pos, 0,0/0,0 neg]

% The best node found: medv(A) :- crim(A, 10).  [covers 45,0/436,0 pos, 0,0/0,0 neg]

% The best node found: medv(A) :- crim(A, 10).  [covers 45,0/436,0 pos, 0,0/0,0 neg]
Setting 10.05847222222222 for 
 // Learned this clause on outer loop cycle #2.  It scores=-37.580,78 and has recall=0,10, precision=1,00, and F1=0,19 (using m-estimates).
 // It covers 10,3% of the positive examples, 45 of 436 (of which 44 are newly covered),
 // So far 92 (21,1%) of the positive examples have been covered.
(medv(A) :- crim(A, 10))

% On cycle #2, the best clause found is:
%      medv(A) :- crim(A, 10).  [covers 45,0/436,0 pos, 0,0/0,0 neg]
% This clause covers 45 positive examples, of which 44 are newly covered.
% It also covers 0 negative examples, of which 0 are newly covered.
% The current set of 2 best clauses covers 21,1% of the positive examples and NaN% of the negatives.}

% Have these 10 positive seeds: 39 61 82 104 132 166 217 251 278 288

% target           = medv(A)
%     Score = -Infinity (regressionFit = Infinity, penalties=1.1E-7) for clause:  medv(_).  [covers 436,0/436,0 pos, 0,0/0,0 neg]
% Unacceptable due to being the root node.
% Most-general root: medv(_).  [covers 436,0/436,0 pos, 0,0/0,0 neg]  score = -Infinity
%     Score = -51.400,791939 (regressionFit = 51.400,791938, penalties=1.03E-6) for clause:  medv(A) :- crim(A, 7).  [covers 47,0/436,0 pos, 0,0/0,0 neg]
% Gleaner: New best node found (score = -51.400,791939): medv(A) :- crim(A, 7).  [covers 47,0/436,0 pos, 0,0/0,0 neg]
%     Score = -51.702,177895 (regressionFit = 51.702,177894, penalties=1.03E-6) for clause:  medv(A) :- crim(A, 5).  [covers 49,0/436,0 pos, 0,0/0,0 neg]
%     Score = -50.608,606601 (regressionFit = 50.608,606600, penalties=1.03E-6) for clause:  medv(A) :- crim(A, 2).  [covers 51,0/436,0 pos, 0,0/0,0 neg]
% Gleaner: New best node found (score = -50.608,606601): medv(A) :- crim(A, 2).  [covers 51,0/436,0 pos, 0,0/0,0 neg]
%     Score = -51.083,764212 (regressionFit = 51.083,764211, penalties=1.03E-6) for clause:  medv(A) :- crim(A, 1).  [covers 49,0/436,0 pos, 0,0/0,0 neg]
%     Score = -51.382,183630 (regressionFit = 51.382,183629, penalties=1.03E-6) for clause:  medv(A) :- crim(A, 4).  [covers 41,0/436,0 pos, 0,0/0,0 neg]
%     Score = -51.696,554029 (regressionFit = 51.696,554028, penalties=1.03E-6) for clause:  medv(A) :- crim(A, 8).  [covers 32,0/436,0 pos, 0,0/0,0 neg]
%     Score = -50.722,043697 (regressionFit = 50.722,043696, penalties=1.03E-6) for clause:  medv(A) :- zn(A, 0).  [covers 307,0/436,0 pos, 0,0/0,0 neg]
%     Score = -51.450,319071 (regressionFit = 51.450,319070, penalties=1.03E-6) for clause:  medv(A) :- zn(A, 60).  [covers 4,0/436,0 pos, 0,0/0,0 neg]
%     Score = -51.580,002430 (regressionFit = 51.580,002429, penalties=1.03E-6) for clause:  medv(A) :- zn(A, 22).  [covers 9,0/436,0 pos, 0,0/0,0 neg]
%     Score = -51.528,256719 (regressionFit = 51.528,256718, penalties=1.03E-6) for clause:  medv(A) :- zn(A, 70).  [covers 3,0/436,0 pos, 0,0/0,0 neg]
%     Score = -51.695,448036 (regressionFit = 51.695,448034, penalties=1.03E-6) for clause:  medv(A) :- zn(A, 90).  [covers 4,0/436,0 pos, 0,0/0,0 neg]
%     Score = -51.703,644949 (regressionFit = 51.703,644948, penalties=1.03E-6) for clause:  medv(A) :- indus(A, 8).  [covers 21,0/436,0 pos, 0,0/0,0 neg]
%     Score = -51.700,187458 (regressionFit = 51.700,187457, penalties=1.03E-6) for clause:  medv(A) :- indus(A, 9).  [covers 29,0/436,0 pos, 0,0/0,0 neg]
%     Score = -51.508,831043 (regressionFit = 51.508,831042, penalties=1.03E-6) for clause:  medv(A) :- indus(A, 4).  [covers 49,0/436,0 pos, 0,0/0,0 neg]
%     Score = -51.699,175273 (regressionFit = 51.699,175272, penalties=1.03E-6) for clause:  medv(A) :- indus(A, 2).  [covers 51,0/436,0 pos, 0,0/0,0 neg]
%     Score = -50.561,772265 (regressionFit = 50.561,772264, penalties=1.03E-6) for clause:  medv(A) :- indus(A, 5).  [covers 48,0/436,0 pos, 0,0/0,0 neg]
% Gleaner: New best node found (score = -50.561,772265): medv(A) :- indus(A, 5).  [covers 48,0/436,0 pos, 0,0/0,0 neg]
%     Score = -51.554,166443 (regressionFit = 51.554,166442, penalties=1.03E-6) for clause:  medv(A) :- indus(A, 1).  [covers 48,0/436,0 pos, 0,0/0,0 neg]
%     Score = -44.490,543749 (regressionFit = 44.490,543748, penalties=1.03E-6) for clause:  medv(A) :- indus(A, 10).  [covers 90,0/436,0 pos, 0,0/0,0 neg]
% Gleaner: New best node found (score = -44.490,543749): medv(A) :- indus(A, 10).  [covers 90,0/436,0 pos, 0,0/0,0 neg]
%     Score = -51.413,574628 (regressionFit = 51.413,574627, penalties=1.03E-6) for clause:  medv(A) :- chas(A, 0).  [covers 401,0/436,0 pos, 0,0/0,0 neg]
%     Score = -51.413,574628 (regressionFit = 51.413,574627, penalties=1.03E-6) for clause:  medv(A) :- chas(A, 1).  [covers 35,0/436,0 pos, 0,0/0,0 neg]
%     Score = -51.704,833052 (regressionFit = 51.704,833051, penalties=1.03E-6) for clause:  medv(A) :- nox(A, 8).  [covers 36,0/436,0 pos, 0,0/0,0 neg]
%     Score = -51.029,709142 (regressionFit = 51.029,709141, penalties=1.03E-6) for clause:  medv(A) :- nox(A, 9).  [covers 42,0/436,0 pos, 0,0/0,0 neg]
%     Score = -51.281,520193 (regressionFit = 51.281,520192, penalties=1.03E-6) for clause:  medv(A) :- nox(A, 3).  [covers 43,0/436,0 pos, 0,0/0,0 neg]
%     Score = -50.887,257764 (regressionFit = 50.887,257763, penalties=1.03E-6) for clause:  medv(A) :- nox(A, 6).  [covers 48,0/436,0 pos, 0,0/0,0 neg]
%     Score = -50.730,274827 (regressionFit = 50.730,274826, penalties=1.03E-6) for clause:  medv(A) :- nox(A, 5).  [covers 50,0/436,0 pos, 0,0/0,0 neg]
%     Score = -51.387,946311 (regressionFit = 51.387,946310, penalties=1.03E-6) for clause:  medv(A) :- nox(A, 2).  [covers 48,0/436,0 pos, 0,0/0,0 neg]
%     Score = -51.491,084055 (regressionFit = 51.491,084054, penalties=1.03E-6) for clause:  medv(A) :- rm(A, 7).  [covers 44,0/436,0 pos, 0,0/0,0 neg]
%     Score = -51.511,586013 (regressionFit = 51.511,586012, penalties=1.03E-6) for clause:  medv(A) :- rm(A, 6).  [covers 43,0/436,0 pos, 0,0/0,0 neg]
%     Score = -51.680,598553 (regressionFit = 51.680,598552, penalties=1.03E-6) for clause:  medv(A) :- rm(A, 8).  [covers 45,0/436,0 pos, 0,0/0,0 neg]
%     Score = -49.395,098041 (regressionFit = 49.395,098040, penalties=1.03E-6) for clause:  medv(A) :- rm(A, 1).  [covers 43,0/436,0 pos, 0,0/0,0 neg]
%     Score = -45.635,291374 (regressionFit = 45.635,291373, penalties=1.03E-6) for clause:  medv(A) :- rm(A, 4).  [covers 46,0/436,0 pos, 0,0/0,0 neg]
%     Score = -51.579,821891 (regressionFit = 51.579,821890, penalties=1.03E-6) for clause:  medv(A) :- rm(A, 2).  [covers 44,0/436,0 pos, 0,0/0,0 neg]
%     Score = -51.185,026777 (regressionFit = 51.185,026776, penalties=1.03E-6) for clause:  medv(A) :- rm(A, 10).  [covers 40,0/436,0 pos, 0,0/0,0 neg]
%     Score = -51.136,083515 (regressionFit = 51.136,083514, penalties=1.03E-6) for clause:  medv(A) :- age(A, 7).  [covers 43,0/436,0 pos, 0,0/0,0 neg]
%     Score = -51.550,087499 (regressionFit = 51.550,087498, penalties=1.03E-6) for clause:  medv(A) :- age(A, 5).  [covers 41,0/436,0 pos, 0,0/0,0 neg]
%     Score = -51.696,971730 (regressionFit = 51.696,971729, penalties=1.03E-6) for clause:  medv(A) :- age(A, 4).  [covers 37,0/436,0 pos, 0,0/0,0 neg]
%     Score = -49.793,466588 (regressionFit = 49.793,466587, penalties=1.03E-6) for clause:  medv(A) :- age(A, 10).  [covers 49,0/436,0 pos, 0,0/0,0 neg]
%     Score = -51.589,722561 (regressionFit = 51.589,722560, penalties=1.03E-6) for clause:  medv(A) :- age(A, 9).  [covers 40,0/436,0 pos, 0,0/0,0 neg]
%     Score = -50.290,150047 (regressionFit = 50.290,150046, penalties=1.03E-6) for clause:  medv(A) :- age(A, 8).  [covers 49,0/436,0 pos, 0,0/0,0 neg]
%     Score = -51.564,155822 (regressionFit = 51.564,155821, penalties=1.03E-6) for clause:  medv(A) :- dis(A, 7).  [covers 29,0/436,0 pos, 0,0/0,0 neg]
%     Score = -48.165,145551 (regressionFit = 48.165,145550, penalties=1.03E-6) for clause:  medv(A) :- dis(A, 9).  [covers 43,0/436,0 pos, 0,0/0,0 neg]
%     Score = -51.386,622443 (regressionFit = 51.386,622442, penalties=1.03E-6) for clause:  medv(A) :- dis(A, 6).  [covers 32,0/436,0 pos, 0,0/0,0 neg]
%     Score = -51.014,392558 (regressionFit = 51.014,392556, penalties=1.03E-6) for clause:  medv(A) :- dis(A, 3).  [covers 50,0/436,0 pos, 0,0/0,0 neg]
%     Score = -50.964,745045 (regressionFit = 50.964,745044, penalties=1.03E-6) for clause:  medv(A) :- dis(A, 5).  [covers 46,0/436,0 pos, 0,0/0,0 neg]
%     Score = -51.101,071814 (regressionFit = 51.101,071813, penalties=1.03E-6) for clause:  medv(A) :- dis(A, 2).  [covers 50,0/436,0 pos, 0,0/0,0 neg]
%     Score = -50.780,457706 (regressionFit = 50.780,457705, penalties=1.03E-6) for clause:  medv(A) :- rad(A, 4).  [covers 101,0/436,0 pos, 0,0/0,0 neg]
%     Score = -51.157,864332 (regressionFit = 51.157,864331, penalties=1.03E-6) for clause:  medv(A) :- rad(A, 5).  [covers 112,0/436,0 pos, 0,0/0,0 neg]
%     Score = -51.589,814369 (regressionFit = 51.589,814368, penalties=1.03E-6) for clause:  medv(A) :- rad(A, 1).  [covers 15,0/436,0 pos, 0,0/0,0 neg]
%     Score = -51.580,152163 (regressionFit = 51.580,152162, penalties=1.03E-6) for clause:  medv(A) :- rad(A, 8).  [covers 24,0/436,0 pos, 0,0/0,0 neg]
%     Score = -51.614,294872 (regressionFit = 51.614,294871, penalties=1.03E-6) for clause:  medv(A) :- rad(A, 7).  [covers 16,0/436,0 pos, 0,0/0,0 neg]
%     Score = -44.490,543749 (regressionFit = 44.490,543748, penalties=1.03E-6) for clause:  medv(A) :- rad(A, 24).  [covers 90,0/436,0 pos, 0,0/0,0 neg]
%     Score = -51.702,843419 (regressionFit = 51.702,843418, penalties=1.03E-6) for clause:  medv(A) :- tax(A, 437).  [covers 14,0/436,0 pos, 0,0/0,0 neg]
%     Score = -51.700,187458 (regressionFit = 51.700,187457, penalties=1.03E-6) for clause:  medv(A) :- tax(A, 403).  [covers 29,0/436,0 pos, 0,0/0,0 neg]
%     Score = -51.274,284084 (regressionFit = 51.274,284083, penalties=1.03E-6) for clause:  medv(A) :- tax(A, 296).  [covers 8,0/436,0 pos, 0,0/0,0 neg]
%     Score = -Infinity (regressionFit = Infinity, penalties=1.03E-6) for clause:  medv(A) :- tax(A, 265).  [covers 2,0/436,0 pos, 0,0/0,0 neg]
%     Score = -51.465,725263 (regressionFit = 51.465,725262, penalties=1.03E-6) for clause:  medv(A) :- tax(A, 307).  [covers 39,0/436,0 pos, 0,0/0,0 neg]
%     Score = -51.580,002430 (regressionFit = 51.580,002429, penalties=1.03E-6) for clause:  medv(A) :- tax(A, 330).  [covers 9,0/436,0 pos, 0,0/0,0 neg]
%     Score = -51.528,256719 (regressionFit = 51.528,256718, penalties=1.03E-6) for clause:  medv(A) :- tax(A, 358).  [covers 3,0/436,0 pos, 0,0/0,0 neg]
%     Score = -51.681,811714 (regressionFit = 51.681,811713, penalties=1.03E-6) for clause:  medv(A) :- tax(A, 430).  [covers 3,0/436,0 pos, 0,0/0,0 neg]
%     Score = -Infinity (regressionFit = Infinity, penalties=1.03E-6) for clause:  medv(A) :- tax(A, 187).  [covers 1,0/436,0 pos, 0,0/0,0 neg]
%     Score = -44.490,543749 (regressionFit = 44.490,543748, penalties=1.03E-6) for clause:  medv(A) :- tax(A, 666).  [covers 90,0/436,0 pos, 0,0/0,0 neg]
%     Score = -51.705,093110 (regressionFit = 51.705,093109, penalties=1.03E-6) for clause:  medv(A) :- ptratio(A, 7).  [covers 16,0/436,0 pos, 0,0/0,0 neg]
%     Score = -51.024,125249 (regressionFit = 51.024,125248, penalties=1.03E-6) for clause:  medv(A) :- ptratio(A, 9).  [covers 50,0/436,0 pos, 0,0/0,0 neg]
%     Score = -51.417,578443 (regressionFit = 51.417,578442, penalties=1.03E-6) for clause:  medv(A) :- ptratio(A, 6).  [covers 48,0/436,0 pos, 0,0/0,0 neg]
%     Score = -50.796,561960 (regressionFit = 50.796,561959, penalties=1.03E-6) for clause:  medv(A) :- ptratio(A, 1).  [covers 45,0/436,0 pos, 0,0/0,0 neg]
%     Score = -50.719,020633 (regressionFit = 50.719,020632, penalties=1.03E-6) for clause:  medv(A) :- ptratio(A, 5).  [covers 42,0/436,0 pos, 0,0/0,0 neg]
%     Score = -45.151,010922 (regressionFit = 45.151,010921, penalties=1.03E-6) for clause:  medv(A) :- ptratio(A, 10).  [covers 97,0/436,0 pos, 0,0/0,0 neg]
%     Score = -51.705,153086 (regressionFit = 51.705,153085, penalties=1.03E-6) for clause:  medv(A) :- b(A, 6).  [covers 47,0/436,0 pos, 0,0/0,0 neg]
%     Score = -51.699,284694 (regressionFit = 51.699,284693, penalties=1.03E-6) for clause:  medv(A) :- b(A, 9).  [covers 41,0/436,0 pos, 0,0/0,0 neg]
%     Score = -51.575,701665 (regressionFit = 51.575,701664, penalties=1.03E-6) for clause:  medv(A) :- b(A, 2).  [covers 40,0/436,0 pos, 0,0/0,0 neg]
%     Score = -51.504,327026 (regressionFit = 51.504,327025, penalties=1.03E-6) for clause:  medv(A) :- b(A, 8).  [covers 46,0/436,0 pos, 0,0/0,0 neg]
%     Score = -51.674,871765 (regressionFit = 51.674,871764, penalties=1.03E-6) for clause:  medv(A) :- b(A, 5).  [covers 46,0/436,0 pos, 0,0/0,0 neg]
%     Score = -51.623,528897 (regressionFit = 51.623,528896, penalties=1.03E-6) for clause:  medv(A) :- lstat(A, 10).  [covers 38,0/436,0 pos, 0,0/0,0 neg]
%     Score = -51.431,922692 (regressionFit = 51.431,922691, penalties=1.03E-6) for clause:  medv(A) :- lstat(A, 8).  [covers 44,0/436,0 pos, 0,0/0,0 neg]
%     Score = -51.575,149560 (regressionFit = 51.575,149559, penalties=1.03E-6) for clause:  medv(A) :- lstat(A, 3).  [covers 51,0/436,0 pos, 0,0/0,0 neg]
%     Score = -50.942,999781 (regressionFit = 50.942,999780, penalties=1.03E-6) for clause:  medv(A) :- lstat(A, 1).  [covers 49,0/436,0 pos, 0,0/0,0 neg]
%     Score = -51.369,277628 (regressionFit = 51.369,277627, penalties=1.03E-6) for clause:  medv(A) :- lstat(A, 9).  [covers 46,0/436,0 pos, 0,0/0,0 neg]
%     Score = -51.592,476744 (regressionFit = 51.592,476742, penalties=2.0500000000000003E-6) for clause:  medv(A) :- indus(A, 10), crim(A, 8).  [covers 13,0/436,0 pos, 0,0/0,0 neg]
%     Score = -44.490,543750 (regressionFit = 44.490,543748, penalties=2.0500000000000003E-6) for clause:  medv(A) :- indus(A, 10), zn(A, 0).  [covers 90,0/436,0 pos, 0,0/0,0 neg]
%     Score = -51.095,339023 (regressionFit = 51.095,339021, penalties=2.0500000000000003E-6) for clause:  medv(A) :- indus(A, 10), chas(A, 1).  [covers 8,0/436,0 pos, 0,0/0,0 neg]
%     Score = -50.920,840794 (regressionFit = 50.920,840792, penalties=2.0500000000000003E-6) for clause:  medv(A) :- indus(A, 10), nox(A, 9).  [covers 26,0/436,0 pos, 0,0/0,0 neg]
%     Score = -50.843,967993 (regressionFit = 50.843,967991, penalties=2.0500000000000003E-6) for clause:  medv(A) :- indus(A, 10), rm(A, 7).  [covers 11,0/436,0 pos, 0,0/0,0 neg]
%     Score = -51.583,208431 (regressionFit = 51.583,208429, penalties=2.0500000000000003E-6) for clause:  medv(A) :- indus(A, 10), age(A, 9).  [covers 15,0/436,0 pos, 0,0/0,0 neg]
%     Score = -47.103,088057 (regressionFit = 47.103,088055, penalties=2.0500000000000003E-6) for clause:  medv(A) :- indus(A, 10), dis(A, 9).  [covers 28,0/436,0 pos, 0,0/0,0 neg]
%     Score = -44.490,543750 (regressionFit = 44.490,543748, penalties=2.0500000000000003E-6) for clause:  medv(A) :- indus(A, 10), rad(A, 24).  [covers 90,0/436,0 pos, 0,0/0,0 neg]
%     Score = -44.490,543750 (regressionFit = 44.490,543748, penalties=2.0500000000000003E-6) for clause:  medv(A) :- indus(A, 10), tax(A, 666).  [covers 90,0/436,0 pos, 0,0/0,0 neg]
%     Score = -44.490,543750 (regressionFit = 44.490,543748, penalties=2.0300000000000005E-6) for clause:  medv(A) :- indus(A, 10), ptratio(A, 10).  [covers 90,0/436,0 pos, 0,0/0,0 neg]
%     Score = -51.472,872140 (regressionFit = 51.472,872138, penalties=2.0500000000000003E-6) for clause:  medv(A) :- indus(A, 10), b(A, 9).  [covers 15,0/436,0 pos, 0,0/0,0 neg]
%     Score = -50.234,109982 (regressionFit = 50.234,109980, penalties=2.0300000000000005E-6) for clause:  medv(A) :- indus(A, 10), lstat(A, 10).  [covers 10,0/436,0 pos, 0,0/0,0 neg]
%     Score = -51.592,476744 (regressionFit = 51.592,476742, penalties=2.0500000000000003E-6) for clause:  medv(A) :- rad(A, 24), crim(A, 8).  [covers 13,0/436,0 pos, 0,0/0,0 neg]
%     Score = -44.490,543750 (regressionFit = 44.490,543748, penalties=2.0500000000000003E-6) for clause:  medv(A) :- rad(A, 24), zn(A, 0).  [covers 90,0/436,0 pos, 0,0/0,0 neg]
%     Score = -44.490,543750 (regressionFit = 44.490,543748, penalties=2.0500000000000003E-6) for clause:  medv(A) :- rad(A, 24), indus(A, 10).  [covers 90,0/436,0 pos, 0,0/0,0 neg]
%     Score = -51.095,339023 (regressionFit = 51.095,339021, penalties=2.0500000000000003E-6) for clause:  medv(A) :- rad(A, 24), chas(A, 1).  [covers 8,0/436,0 pos, 0,0/0,0 neg]
%     Score = -50.920,840794 (regressionFit = 50.920,840792, penalties=2.0500000000000003E-6) for clause:  medv(A) :- rad(A, 24), nox(A, 9).  [covers 26,0/436,0 pos, 0,0/0,0 neg]
%     Score = -50.843,967993 (regressionFit = 50.843,967991, penalties=2.0500000000000003E-6) for clause:  medv(A) :- rad(A, 24), rm(A, 7).  [covers 11,0/436,0 pos, 0,0/0,0 neg]
%     Score = -51.583,208431 (regressionFit = 51.583,208429, penalties=2.0500000000000003E-6) for clause:  medv(A) :- rad(A, 24), age(A, 9).  [covers 15,0/436,0 pos, 0,0/0,0 neg]
%     Score = -47.103,088057 (regressionFit = 47.103,088055, penalties=2.0500000000000003E-6) for clause:  medv(A) :- rad(A, 24), dis(A, 9).  [covers 28,0/436,0 pos, 0,0/0,0 neg]
%     Score = -44.490,543750 (regressionFit = 44.490,543748, penalties=2.0500000000000003E-6) for clause:  medv(A) :- rad(A, 24), tax(A, 666).  [covers 90,0/436,0 pos, 0,0/0,0 neg]
%     Score = -44.490,543750 (regressionFit = 44.490,543748, penalties=2.0500000000000003E-6) for clause:  medv(A) :- rad(A, 24), ptratio(A, 10).  [covers 90,0/436,0 pos, 0,0/0,0 neg]
%     Score = -51.472,872140 (regressionFit = 51.472,872138, penalties=2.0500000000000003E-6) for clause:  medv(A) :- rad(A, 24), b(A, 9).  [covers 15,0/436,0 pos, 0,0/0,0 neg]
%     Score = -50.234,109982 (regressionFit = 50.234,109980, penalties=2.0500000000000003E-6) for clause:  medv(A) :- rad(A, 24), lstat(A, 10).  [covers 10,0/436,0 pos, 0,0/0,0 neg]
%     Score = -51.592,476744 (regressionFit = 51.592,476742, penalties=2.0500000000000003E-6) for clause:  medv(A) :- tax(A, 666), crim(A, 8).  [covers 13,0/436,0 pos, 0,0/0,0 neg]
%     Score = -44.490,543750 (regressionFit = 44.490,543748, penalties=2.0500000000000003E-6) for clause:  medv(A) :- tax(A, 666), zn(A, 0).  [covers 90,0/436,0 pos, 0,0/0,0 neg]
%     Score = -44.490,543750 (regressionFit = 44.490,543748, penalties=2.0500000000000003E-6) for clause:  medv(A) :- tax(A, 666), indus(A, 10).  [covers 90,0/436,0 pos, 0,0/0,0 neg]
%     Score = -51.095,339023 (regressionFit = 51.095,339021, penalties=2.0500000000000003E-6) for clause:  medv(A) :- tax(A, 666), chas(A, 1).  [covers 8,0/436,0 pos, 0,0/0,0 neg]
%     Score = -50.920,840794 (regressionFit = 50.920,840792, penalties=2.0500000000000003E-6) for clause:  medv(A) :- tax(A, 666), nox(A, 9).  [covers 26,0/436,0 pos, 0,0/0,0 neg]
%     Score = -50.843,967993 (regressionFit = 50.843,967991, penalties=2.0500000000000003E-6) for clause:  medv(A) :- tax(A, 666), rm(A, 7).  [covers 11,0/436,0 pos, 0,0/0,0 neg]
%     Score = -51.583,208431 (regressionFit = 51.583,208429, penalties=2.0500000000000003E-6) for clause:  medv(A) :- tax(A, 666), age(A, 9).  [covers 15,0/436,0 pos, 0,0/0,0 neg]
%     Score = -47.103,088057 (regressionFit = 47.103,088055, penalties=2.0500000000000003E-6) for clause:  medv(A) :- tax(A, 666), dis(A, 9).  [covers 28,0/436,0 pos, 0,0/0,0 neg]
%     Score = -44.490,543750 (regressionFit = 44.490,543748, penalties=2.0500000000000003E-6) for clause:  medv(A) :- tax(A, 666), rad(A, 24).  [covers 90,0/436,0 pos, 0,0/0,0 neg]
%     Score = -44.490,543750 (regressionFit = 44.490,543748, penalties=2.0500000000000003E-6) for clause:  medv(A) :- tax(A, 666), ptratio(A, 10).  [covers 90,0/436,0 pos, 0,0/0,0 neg]
%     Score = -51.472,872140 (regressionFit = 51.472,872138, penalties=2.0500000000000003E-6) for clause:  medv(A) :- tax(A, 666), b(A, 9).  [covers 15,0/436,0 pos, 0,0/0,0 neg]
%     Score = -50.234,109982 (regressionFit = 50.234,109980, penalties=2.0500000000000003E-6) for clause:  medv(A) :- tax(A, 666), lstat(A, 10).  [covers 10,0/436,0 pos, 0,0/0,0 neg]
%     Score = -51.592,476744 (regressionFit = 51.592,476742, penalties=2.0500000000000003E-6) for clause:  medv(A) :- ptratio(A, 10), crim(A, 8).  [covers 13,0/436,0 pos, 0,0/0,0 neg]
%     Score = -45.151,010923 (regressionFit = 45.151,010921, penalties=2.0500000000000003E-6) for clause:  medv(A) :- ptratio(A, 10), zn(A, 0).  [covers 97,0/436,0 pos, 0,0/0,0 neg]
%     Score = -44.490,543750 (regressionFit = 44.490,543748, penalties=2.0300000000000005E-6) for clause:  medv(A) :- ptratio(A, 10), indus(A, 10).  [covers 90,0/436,0 pos, 0,0/0,0 neg]
%     Score = -51.095,339023 (regressionFit = 51.095,339021, penalties=2.0500000000000003E-6) for clause:  medv(A) :- ptratio(A, 10), chas(A, 1).  [covers 8,0/436,0 pos, 0,0/0,0 neg]
%     Score = -50.920,840794 (regressionFit = 50.920,840792, penalties=2.0500000000000003E-6) for clause:  medv(A) :- ptratio(A, 10), nox(A, 9).  [covers 26,0/436,0 pos, 0,0/0,0 neg]
%     Score = -50.843,967993 (regressionFit = 50.843,967991, penalties=2.0500000000000003E-6) for clause:  medv(A) :- ptratio(A, 10), rm(A, 7).  [covers 11,0/436,0 pos, 0,0/0,0 neg]
%     Score = -51.583,208431 (regressionFit = 51.583,208429, penalties=2.0500000000000003E-6) for clause:  medv(A) :- ptratio(A, 10), age(A, 9).  [covers 15,0/436,0 pos, 0,0/0,0 neg]
%     Score = -47.103,088057 (regressionFit = 47.103,088055, penalties=2.0500000000000003E-6) for clause:  medv(A) :- ptratio(A, 10), dis(A, 9).  [covers 28,0/436,0 pos, 0,0/0,0 neg]
%     Score = -44.490,543750 (regressionFit = 44.490,543748, penalties=2.0500000000000003E-6) for clause:  medv(A) :- ptratio(A, 10), rad(A, 24).  [covers 90,0/436,0 pos, 0,0/0,0 neg]
%     Score = -44.490,543750 (regressionFit = 44.490,543748, penalties=2.0500000000000003E-6) for clause:  medv(A) :- ptratio(A, 10), tax(A, 666).  [covers 90,0/436,0 pos, 0,0/0,0 neg]
%     Score = -51.472,872140 (regressionFit = 51.472,872138, penalties=2.0500000000000003E-6) for clause:  medv(A) :- ptratio(A, 10), b(A, 9).  [covers 15,0/436,0 pos, 0,0/0,0 neg]
%     Score = -50.234,109982 (regressionFit = 50.234,109980, penalties=2.0300000000000005E-6) for clause:  medv(A) :- ptratio(A, 10), lstat(A, 10).  [covers 10,0/436,0 pos, 0,0/0,0 neg]
%     Score = -Infinity (regressionFit = Infinity, penalties=2.0500000000000003E-6) for clause:  medv(A) :- rm(A, 4), crim(A, 7).  [covers 1,0/436,0 pos, 0,0/0,0 neg]
%     Score = -50.645,859682 (regressionFit = 50.645,859680, penalties=2.0500000000000003E-6) for clause:  medv(A) :- rm(A, 4), zn(A, 0).  [covers 19,0/436,0 pos, 0,0/0,0 neg]
%     Score = -50.607,448304 (regressionFit = 50.607,448302, penalties=2.0500000000000003E-6) for clause:  medv(A) :- rm(A, 4), indus(A, 2).  [covers 7,0/436,0 pos, 0,0/0,0 neg]
%     Score = -50.384,020242 (regressionFit = 50.384,020240, penalties=2.0500000000000003E-6) for clause:  medv(A) :- rm(A, 4), chas(A, 1).  [covers 5,0/436,0 pos, 0,0/0,0 neg]
%     Score = -51.311,833814 (regressionFit = 51.311,833812, penalties=2.0500000000000003E-6) for clause:  medv(A) :- rm(A, 4), nox(A, 3).  [covers 4,0/436,0 pos, 0,0/0,0 neg]
%     Score = -51.698,613201 (regressionFit = 51.698,613199, penalties=2.0500000000000003E-6) for clause:  medv(A) :- rm(A, 4), age(A, 9).  [covers 3,0/436,0 pos, 0,0/0,0 neg]
%     Score = -50.630,907721 (regressionFit = 50.630,907719, penalties=2.0500000000000003E-6) for clause:  medv(A) :- rm(A, 4), dis(A, 6).  [covers 6,0/436,0 pos, 0,0/0,0 neg]
%     Score = -51.480,722199 (regressionFit = 51.480,722197, penalties=2.0500000000000003E-6) for clause:  medv(A) :- rm(A, 4), rad(A, 8).  [covers 3,0/436,0 pos, 0,0/0,0 neg]
%     Score = -Infinity (regressionFit = Infinity, penalties=2.0500000000000003E-6) for clause:  medv(A) :- rm(A, 4), tax(A, 307).  [covers 2,0/436,0 pos, 0,0/0,0 neg]
%     Score = -50.941,368840 (regressionFit = 50.941,368838, penalties=2.0500000000000003E-6) for clause:  medv(A) :- rm(A, 4), ptratio(A, 6).  [covers 6,0/436,0 pos, 0,0/0,0 neg]
%     Score = -49.833,055805 (regressionFit = 49.833,055802, penalties=2.0500000000000003E-6) for clause:  medv(A) :- rm(A, 4), b(A, 2).  [covers 7,0/436,0 pos, 0,0/0,0 neg]
%     Score = -51.529,795149 (regressionFit = 51.529,795147, penalties=2.0500000000000003E-6) for clause:  medv(A) :- rm(A, 4), lstat(A, 8).  [covers 3,0/436,0 pos, 0,0/0,0 neg]
%     Score = -51.691,630928 (regressionFit = 51.691,630926, penalties=2.0500000000000003E-6) for clause:  medv(A) :- dis(A, 9), crim(A, 5).  [covers 6,0/436,0 pos, 0,0/0,0 neg]
%     Score = -51.396,699114 (regressionFit = 51.396,699112, penalties=2.0500000000000003E-6) for clause:  medv(A) :- dis(A, 9), crim(A, 8).  [covers 5,0/436,0 pos, 0,0/0,0 neg]
%     Score = -48.865,805647 (regressionFit = 48.865,805644, penalties=2.0500000000000003E-6) for clause:  medv(A) :- dis(A, 9), zn(A, 0).  [covers 40,0/436,0 pos, 0,0/0,0 neg]
%     Score = -51.546,709788 (regressionFit = 51.546,709786, penalties=2.0300000000000005E-6) for clause:  medv(A) :- dis(A, 9), indus(A, 9).  [covers 6,0/436,0 pos, 0,0/0,0 neg]
%     Score = -47.103,088057 (regressionFit = 47.103,088055, penalties=2.0500000000000003E-6) for clause:  medv(A) :- dis(A, 9), indus(A, 10).  [covers 28,0/436,0 pos, 0,0/0,0 neg]
%     Score = -51.522,543911 (regressionFit = 51.522,543909, penalties=2.0500000000000003E-6) for clause:  medv(A) :- dis(A, 9), chas(A, 1).  [covers 5,0/436,0 pos, 0,0/0,0 neg]
%     Score = -50.510,415830 (regressionFit = 50.510,415828, penalties=2.0300000000000005E-6) for clause:  medv(A) :- dis(A, 9), nox(A, 9).  [covers 14,0/436,0 pos, 0,0/0,0 neg]
%     Score = -51.546,835180 (regressionFit = 51.546,835178, penalties=2.0500000000000003E-6) for clause:  medv(A) :- dis(A, 9), rm(A, 6).  [covers 6,0/436,0 pos, 0,0/0,0 neg]
%     Score = -51.485,605305 (regressionFit = 51.485,605303, penalties=2.0500000000000003E-6) for clause:  medv(A) :- dis(A, 9), rm(A, 7).  [covers 7,0/436,0 pos, 0,0/0,0 neg]
%     Score = -51.535,846746 (regressionFit = 51.535,846744, penalties=2.0500000000000003E-6) for clause:  medv(A) :- dis(A, 9), age(A, 5).  [covers 11,0/436,0 pos, 0,0/0,0 neg]
%     Score = -50.952,728254 (regressionFit = 50.952,728252, penalties=2.0300000000000005E-6) for clause:  medv(A) :- dis(A, 9), age(A, 9).  [covers 7,0/436,0 pos, 0,0/0,0 neg]
%     Score = -51.666,048398 (regressionFit = 51.666,048396, penalties=2.0500000000000003E-6) for clause:  medv(A) :- dis(A, 9), rad(A, 5).  [covers 9,0/436,0 pos, 0,0/0,0 neg]
%     Score = -47.103,088057 (regressionFit = 47.103,088055, penalties=2.0500000000000003E-6) for clause:  medv(A) :- dis(A, 9), rad(A, 24).  [covers 28,0/436,0 pos, 0,0/0,0 neg]
%     Score = -51.546,709788 (regressionFit = 51.546,709786, penalties=2.0500000000000003E-6) for clause:  medv(A) :- dis(A, 9), tax(A, 403).  [covers 6,0/436,0 pos, 0,0/0,0 neg]
%     Score = -47.103,088057 (regressionFit = 47.103,088055, penalties=2.0500000000000003E-6) for clause:  medv(A) :- dis(A, 9), tax(A, 666).  [covers 28,0/436,0 pos, 0,0/0,0 neg]
%     Score = -51.666,048398 (regressionFit = 51.666,048396, penalties=2.0300000000000005E-6) for clause:  medv(A) :- dis(A, 9), ptratio(A, 9).  [covers 9,0/436,0 pos, 0,0/0,0 neg]
%     Score = -47.103,088057 (regressionFit = 47.103,088055, penalties=2.0500000000000003E-6) for clause:  medv(A) :- dis(A, 9), ptratio(A, 10).  [covers 28,0/436,0 pos, 0,0/0,0 neg]
%     Score = -51.691,773056 (regressionFit = 51.691,773053, penalties=2.0300000000000005E-6) for clause:  medv(A) :- dis(A, 9), b(A, 9).  [covers 10,0/436,0 pos, 0,0/0,0 neg]
%     Score = -51.586,845500 (regressionFit = 51.586,845498, penalties=2.0500000000000003E-6) for clause:  medv(A) :- dis(A, 9), lstat(A, 10).  [covers 9,0/436,0 pos, 0,0/0,0 neg]
%     Score = -51.142,955704 (regressionFit = 51.142,955702, penalties=2.0300000000000005E-6) for clause:  medv(A) :- rm(A, 1), crim(A, 1).  [covers 10,0/436,0 pos, 0,0/0,0 neg]
%     Score = -Infinity (regressionFit = Infinity, penalties=2.0500000000000003E-6) for clause:  medv(A) :- rm(A, 1), zn(A, 60).  [covers 2,0/436,0 pos, 0,0/0,0 neg]
%     Score = -Infinity (regressionFit = Infinity, penalties=2.0500000000000003E-6) for clause:  medv(A) :- rm(A, 1), zn(A, 90).  [covers 1,0/436,0 pos, 0,0/0,0 neg]
%     Score = -50.949,353624 (regressionFit = 50.949,353622, penalties=2.0500000000000003E-6) for clause:  medv(A) :- rm(A, 1), indus(A, 4).  [covers 7,0/436,0 pos, 0,0/0,0 neg]
%     Score = -51.145,912096 (regressionFit = 51.145,912094, penalties=2.0300000000000005E-6) for clause:  medv(A) :- rm(A, 1), indus(A, 1).  [covers 8,0/436,0 pos, 0,0/0,0 neg]
%     Score = -50.006,003215 (regressionFit = 50.006,003213, penalties=2.0500000000000003E-6) for clause:  medv(A) :- rm(A, 1), chas(A, 0).  [covers 40,0/436,0 pos, 0,0/0,0 neg]
%     Score = -51.120,654792 (regressionFit = 51.120,654789, penalties=2.0500000000000003E-6) for clause:  medv(A) :- rm(A, 1), nox(A, 6).  [covers 7,0/436,0 pos, 0,0/0,0 neg]
%     Score = -50.976,347060 (regressionFit = 50.976,347058, penalties=2.0500000000000003E-6) for clause:  medv(A) :- rm(A, 1), age(A, 10).  [covers 7,0/436,0 pos, 0,0/0,0 neg]
%     Score = -50.824,675656 (regressionFit = 50.824,675654, penalties=2.0500000000000003E-6) for clause:  medv(A) :- rm(A, 1), age(A, 8).  [covers 9,0/436,0 pos, 0,0/0,0 neg]
%     Score = -51.219,292718 (regressionFit = 51.219,292716, penalties=2.0500000000000003E-6) for clause:  medv(A) :- rm(A, 1), dis(A, 3).  [covers 8,0/436,0 pos, 0,0/0,0 neg]
%     Score = -51.345,618465 (regressionFit = 51.345,618463, penalties=2.0500000000000003E-6) for clause:  medv(A) :- rm(A, 1), dis(A, 5).  [covers 6,0/436,0 pos, 0,0/0,0 neg]
%     Score = -51.616,489312 (regressionFit = 51.616,489310, penalties=2.0300000000000005E-6) for clause:  medv(A) :- rm(A, 1), rad(A, 1).  [covers 3,0/436,0 pos, 0,0/0,0 neg]
%     Score = -50.870,262625 (regressionFit = 50.870,262622, penalties=2.0500000000000003E-6) for clause:  medv(A) :- rm(A, 1), rad(A, 5).  [covers 8,0/436,0 pos, 0,0/0,0 neg]
%     Score = -Infinity (regressionFit = Infinity, penalties=2.0500000000000003E-6) for clause:  medv(A) :- rm(A, 1), tax(A, 265).  [covers 1,0/436,0 pos, 0,0/0,0 neg]
%     Score = -Infinity (regressionFit = Infinity, penalties=2.0500000000000003E-6) for clause:  medv(A) :- rm(A, 1), tax(A, 187).  [covers 1,0/436,0 pos, 0,0/0,0 neg]
%     Score = -51.044,773329 (regressionFit = 51.044,773327, penalties=2.0300000000000005E-6) for clause:  medv(A) :- rm(A, 1), ptratio(A, 1).  [covers 9,0/436,0 pos, 0,0/0,0 neg]
%     Score = -50.781,131446 (regressionFit = 50.781,131443, penalties=2.0500000000000003E-6) for clause:  medv(A) :- rm(A, 1), ptratio(A, 6).  [covers 10,0/436,0 pos, 0,0/0,0 neg]
%     Score = -50.888,697130 (regressionFit = 50.888,697128, penalties=2.0500000000000003E-6) for clause:  medv(A) :- rm(A, 1), b(A, 8).  [covers 4,0/436,0 pos, 0,0/0,0 neg]
%     Score = -51.261,941460 (regressionFit = 51.261,941458, penalties=2.0500000000000003E-6) for clause:  medv(A) :- rm(A, 1), b(A, 5).  [covers 5,0/436,0 pos, 0,0/0,0 neg]
%     Score = -50.263,349618 (regressionFit = 50.263,349616, penalties=2.0500000000000003E-6) for clause:  medv(A) :- rm(A, 1), lstat(A, 3).  [covers 7,0/436,0 pos, 0,0/0,0 neg]
%     Score = -50.914,728782 (regressionFit = 50.914,728780, penalties=2.0500000000000003E-6) for clause:  medv(A) :- age(A, 10), crim(A, 1).  [covers 13,0/436,0 pos, 0,0/0,0 neg]
%     Score = -51.395,982520 (regressionFit = 51.395,982518, penalties=2.0500000000000003E-6) for clause:  medv(A) :- age(A, 10), crim(A, 4).  [covers 7,0/436,0 pos, 0,0/0,0 neg]
%     Score = -51.280,769235 (regressionFit = 51.280,769233, penalties=2.0500000000000003E-6) for clause:  medv(A) :- age(A, 10), crim(A, 2).  [covers 14,0/436,0 pos, 0,0/0,0 neg]
%     Score = -51.487,614327 (regressionFit = 51.487,614325, penalties=2.0500000000000003E-6) for clause:  medv(A) :- age(A, 10), zn(A, 60).  [covers 3,0/436,0 pos, 0,0/0,0 neg]
%     Score = -51.628,821617 (regressionFit = 51.628,821615, penalties=2.0500000000000003E-6) for clause:  medv(A) :- age(A, 10), zn(A, 22).  [covers 5,0/436,0 pos, 0,0/0,0 neg]
%     Score = -Infinity (regressionFit = Infinity, penalties=2.0500000000000003E-6) for clause:  medv(A) :- age(A, 10), zn(A, 70).  [covers 2,0/436,0 pos, 0,0/0,0 neg]
%     Score = -51.249,776655 (regressionFit = 51.249,776653, penalties=2.0500000000000003E-6) for clause:  medv(A) :- age(A, 10), zn(A, 0).  [covers 16,0/436,0 pos, 0,0/0,0 neg]
%     Score = -51.066,242885 (regressionFit = 51.066,242883, penalties=2.0500000000000003E-6) for clause:  medv(A) :- age(A, 10), indus(A, 4).  [covers 11,0/436,0 pos, 0,0/0,0 neg]
%     Score = -51.355,099581 (regressionFit = 51.355,099579, penalties=2.0500000000000003E-6) for clause:  medv(A) :- age(A, 10), indus(A, 5).  [covers 11,0/436,0 pos, 0,0/0,0 neg]
%     Score = -51.593,421931 (regressionFit = 51.593,421929, penalties=2.0500000000000003E-6) for clause:  medv(A) :- age(A, 10), indus(A, 1).  [covers 8,0/436,0 pos, 0,0/0,0 neg]
%     Score = -49.659,603136 (regressionFit = 49.659,603133, penalties=2.0500000000000003E-6) for clause:  medv(A) :- age(A, 10), chas(A, 0).  [covers 48,0/436,0 pos, 0,0/0,0 neg]
%     Score = -50.951,785030 (regressionFit = 50.951,785028, penalties=2.0500000000000003E-6) for clause:  medv(A) :- age(A, 10), nox(A, 6).  [covers 20,0/436,0 pos, 0,0/0,0 neg]
%     Score = -50.995,596275 (regressionFit = 50.995,596273, penalties=2.0500000000000003E-6) for clause:  medv(A) :- age(A, 10), nox(A, 5).  [covers 18,0/436,0 pos, 0,0/0,0 neg]
%     Score = -51.473,520641 (regressionFit = 51.473,520639, penalties=2.0500000000000003E-6) for clause:  medv(A) :- age(A, 10), nox(A, 2).  [covers 6,0/436,0 pos, 0,0/0,0 neg]
%     Score = -50.976,347060 (regressionFit = 50.976,347058, penalties=2.0500000000000003E-6) for clause:  medv(A) :- age(A, 10), rm(A, 1).  [covers 7,0/436,0 pos, 0,0/0,0 neg]
%     Score = -51.379,689678 (regressionFit = 51.379,689676, penalties=2.0500000000000003E-6) for clause:  medv(A) :- age(A, 10), rm(A, 2).  [covers 7,0/436,0 pos, 0,0/0,0 neg]
%     Score = -51.454,564795 (regressionFit = 51.454,564793, penalties=2.0300000000000005E-6) for clause:  medv(A) :- age(A, 10), rm(A, 10).  [covers 7,0/436,0 pos, 0,0/0,0 neg]
%     Score = -51.500,752255 (regressionFit = 51.500,752253, penalties=2.0500000000000003E-6) for clause:  medv(A) :- age(A, 10), dis(A, 3).  [covers 15,0/436,0 pos, 0,0/0,0 neg]
%     Score = -50.990,243086 (regressionFit = 50.990,243084, penalties=2.0500000000000003E-6) for clause:  medv(A) :- age(A, 10), dis(A, 5).  [covers 15,0/436,0 pos, 0,0/0,0 neg]
%     Score = -50.839,590941 (regressionFit = 50.839,590939, penalties=2.0500000000000003E-6) for clause:  medv(A) :- age(A, 10), dis(A, 2).  [covers 13,0/436,0 pos, 0,0/0,0 neg]
%     Score = -51.479,351019 (regressionFit = 51.479,351017, penalties=2.0500000000000003E-6) for clause:  medv(A) :- age(A, 10), rad(A, 1).  [covers 6,0/436,0 pos, 0,0/0,0 neg]
%     Score = -51.431,979462 (regressionFit = 51.431,979460, penalties=2.0500000000000003E-6) for clause:  medv(A) :- age(A, 10), rad(A, 7).  [covers 7,0/436,0 pos, 0,0/0,0 neg]
%     Score = -51.577,822983 (regressionFit = 51.577,822981, penalties=2.0500000000000003E-6) for clause:  medv(A) :- age(A, 10), rad(A, 5).  [covers 6,0/436,0 pos, 0,0/0,0 neg]
%     Score = -51.282,139319 (regressionFit = 51.282,139317, penalties=2.0500000000000003E-6) for clause:  medv(A) :- age(A, 10), rad(A, 4).  [covers 16,0/436,0 pos, 0,0/0,0 neg]
%     Score = -Infinity (regressionFit = Infinity, penalties=2.0500000000000003E-6) for clause:  medv(A) :- age(A, 10), tax(A, 265).  [covers 2,0/436,0 pos, 0,0/0,0 neg]
%     Score = -51.628,821617 (regressionFit = 51.628,821615, penalties=2.0500000000000003E-6) for clause:  medv(A) :- age(A, 10), tax(A, 330).  [covers 5,0/436,0 pos, 0,0/0,0 neg]
%     Score = -Infinity (regressionFit = Infinity, penalties=2.0500000000000003E-6) for clause:  medv(A) :- age(A, 10), tax(A, 358).  [covers 2,0/436,0 pos, 0,0/0,0 neg]
%     Score = -Infinity (regressionFit = Infinity, penalties=2.0500000000000003E-6) for clause:  medv(A) :- age(A, 10), tax(A, 430).  [covers 2,0/436,0 pos, 0,0/0,0 neg]
%     Score = -50.975,250062 (regressionFit = 50.975,250060, penalties=2.0500000000000003E-6) for clause:  medv(A) :- age(A, 10), ptratio(A, 1).  [covers 12,0/436,0 pos, 0,0/0,0 neg]
%     Score = -51.380,130447 (regressionFit = 51.380,130445, penalties=2.0500000000000003E-6) for clause:  medv(A) :- age(A, 10), ptratio(A, 5).  [covers 12,0/436,0 pos, 0,0/0,0 neg]
%     Score = -51.221,986226 (regressionFit = 51.221,986223, penalties=2.0500000000000003E-6) for clause:  medv(A) :- age(A, 10), ptratio(A, 6).  [covers 12,0/436,0 pos, 0,0/0,0 neg]
%     Score = -51.247,385911 (regressionFit = 51.247,385909, penalties=2.0500000000000003E-6) for clause:  medv(A) :- age(A, 10), b(A, 8).  [covers 12,0/436,0 pos, 0,0/0,0 neg]
%     Score = -51.562,621414 (regressionFit = 51.562,621412, penalties=2.0500000000000003E-6) for clause:  medv(A) :- age(A, 10), lstat(A, 3).  [covers 14,0/436,0 pos, 0,0/0,0 neg]
%     Score = -50.557,454661 (regressionFit = 50.557,454659, penalties=2.0500000000000003E-6) for clause:  medv(A) :- age(A, 10), lstat(A, 1).  [covers 14,0/436,0 pos, 0,0/0,0 neg]
%     Score = -51.362,577002 (regressionFit = 51.362,577000, penalties=2.0500000000000003E-6) for clause:  medv(A) :- age(A, 10), lstat(A, 9).  [covers 8,0/436,0 pos, 0,0/0,0 neg]
%     Score = -51.413,820638 (regressionFit = 51.413,820636, penalties=2.0500000000000003E-6) for clause:  medv(A) :- age(A, 8), crim(A, 1).  [covers 17,0/436,0 pos, 0,0/0,0 neg]
%     Score = -Infinity (regressionFit = Infinity, penalties=2.0500000000000003E-6) for clause:  medv(A) :- age(A, 8), zn(A, 90).  [covers 2,0/436,0 pos, 0,0/0,0 neg]
%     Score = -51.705,296486 (regressionFit = 51.705,296484, penalties=2.0500000000000003E-6) for clause:  medv(A) :- age(A, 8), indus(A, 1).  [covers 13,0/436,0 pos, 0,0/0,0 neg]
%     Score = -50.570,462024 (regressionFit = 50.570,462022, penalties=2.0500000000000003E-6) for clause:  medv(A) :- age(A, 8), chas(A, 0).  [covers 47,0/436,0 pos, 0,0/0,0 neg]
%     Score = -51.596,311593 (regressionFit = 51.596,311591, penalties=2.0500000000000003E-6) for clause:  medv(A) :- age(A, 8), nox(A, 6).  [covers 20,0/436,0 pos, 0,0/0,0 neg]
%     Score = -50.824,675656 (regressionFit = 50.824,675654, penalties=2.0500000000000003E-6) for clause:  medv(A) :- age(A, 8), rm(A, 1).  [covers 9,0/436,0 pos, 0,0/0,0 neg]
%     Score = -51.411,039517 (regressionFit = 51.411,039515, penalties=2.0500000000000003E-6) for clause:  medv(A) :- age(A, 8), dis(A, 5).  [covers 14,0/436,0 pos, 0,0/0,0 neg]
%     Score = -50.481,597907 (regressionFit = 50.481,597905, penalties=2.0500000000000003E-6) for clause:  medv(A) :- age(A, 8), rad(A, 5).  [covers 11,0/436,0 pos, 0,0/0,0 neg]
%     Score = -Infinity (regressionFit = Infinity, penalties=2.0500000000000003E-6) for clause:  medv(A) :- age(A, 8), tax(A, 187).  [covers 1,0/436,0 pos, 0,0/0,0 neg]
%     Score = -51.419,637767 (regressionFit = 51.419,637765, penalties=2.0500000000000003E-6) for clause:  medv(A) :- age(A, 8), ptratio(A, 6).  [covers 7,0/436,0 pos, 0,0/0,0 neg]
%     Score = -51.432,668751 (regressionFit = 51.432,668749, penalties=2.0500000000000003E-6) for clause:  medv(A) :- age(A, 8), b(A, 5).  [covers 6,0/436,0 pos, 0,0/0,0 neg]
%     Score = -51.576,965977 (regressionFit = 51.576,965975, penalties=2.0500000000000003E-6) for clause:  medv(A) :- age(A, 8), lstat(A, 3).  [covers 14,0/436,0 pos, 0,0/0,0 neg]
%     Score = -51.603,678364 (regressionFit = 51.603,678362, penalties=2.0500000000000003E-6) for clause:  medv(A) :- indus(A, 5), crim(A, 4).  [covers 7,0/436,0 pos, 0,0/0,0 neg]
%     Score = -51.580,002431 (regressionFit = 51.580,002429, penalties=2.0500000000000003E-6) for clause:  medv(A) :- indus(A, 5), zn(A, 22).  [covers 9,0/436,0 pos, 0,0/0,0 neg]
%     Score = -50.561,772266 (regressionFit = 50.561,772264, penalties=2.0500000000000003E-6) for clause:  medv(A) :- indus(A, 5), chas(A, 0).  [covers 48,0/436,0 pos, 0,0/0,0 neg]
%     Score = -51.399,337812 (regressionFit = 51.399,337810, penalties=2.0300000000000005E-6) for clause:  medv(A) :- indus(A, 5), nox(A, 5).  [covers 21,0/436,0 pos, 0,0/0,0 neg]
%     Score = -51.439,874830 (regressionFit = 51.439,874828, penalties=2.0500000000000003E-6) for clause:  medv(A) :- indus(A, 5), rm(A, 2).  [covers 7,0/436,0 pos, 0,0/0,0 neg]
%     Score = -51.355,099581 (regressionFit = 51.355,099579, penalties=2.0500000000000003E-6) for clause:  medv(A) :- indus(A, 5), age(A, 10).  [covers 11,0/436,0 pos, 0,0/0,0 neg]
%     Score = -51.388,284806 (regressionFit = 51.388,284804, penalties=2.0300000000000005E-6) for clause:  medv(A) :- indus(A, 5), dis(A, 5).  [covers 21,0/436,0 pos, 0,0/0,0 neg]
%     Score = -51.580,002431 (regressionFit = 51.580,002429, penalties=2.0500000000000003E-6) for clause:  medv(A) :- indus(A, 5), rad(A, 7).  [covers 9,0/436,0 pos, 0,0/0,0 neg]
%     Score = -51.580,002431 (regressionFit = 51.580,002429, penalties=2.0500000000000003E-6) for clause:  medv(A) :- indus(A, 5), tax(A, 330).  [covers 9,0/436,0 pos, 0,0/0,0 neg]
%     Score = -51.029,072528 (regressionFit = 51.029,072525, penalties=2.0300000000000005E-6) for clause:  medv(A) :- indus(A, 5), ptratio(A, 5).  [covers 16,0/436,0 pos, 0,0/0,0 neg]
%     Score = -51.601,299248 (regressionFit = 51.601,299246, penalties=2.0500000000000003E-6) for clause:  medv(A) :- indus(A, 5), b(A, 8).  [covers 8,0/436,0 pos, 0,0/0,0 neg]
%     Score = -51.462,486624 (regressionFit = 51.462,486622, penalties=2.0500000000000003E-6) for clause:  medv(A) :- indus(A, 5), lstat(A, 3).  [covers 5,0/436,0 pos, 0,0/0,0 neg]

% The best node found: medv(A) :- indus(A, 10).  [covers 90,0/436,0 pos, 0,0/0,0 neg]

% The best node found: medv(A) :- indus(A, 10).  [covers 90,0/436,0 pos, 0,0/0,0 neg]
Setting 8.801458333338033 for 
 // Learned this clause on outer loop cycle #3.  It scores=-44.490,54 and has recall=0,21, precision=1,00, and F1=0,34 (using m-estimates).
 // It covers 20,6% of the positive examples, 90 of 436 (of which 44 are newly covered),
 // So far 136 (31,2%) of the positive examples have been covered.
(medv(A) :- indus(A, 10))

% On cycle #3, the best clause found is:
%      medv(A) :- indus(A, 10).  [covers 90,0/436,0 pos, 0,0/0,0 neg]
% This clause covers 90 positive examples, of which 44 are newly covered.
% It also covers 0 negative examples, of which 0 are newly covered.
% The current set of 3 best clauses covers 31,2% of the positive examples and NaN% of the negatives.}

% Have these 6 positive seeds: 16 59 71 219 240 418

% target           = medv(A)
%     Score = -Infinity (regressionFit = Infinity, penalties=1.1E-7) for clause:  medv(_).  [covers 436,0/436,0 pos, 0,0/0,0 neg]
% Unacceptable due to being the root node.
% Most-general root: medv(_).  [covers 436,0/436,0 pos, 0,0/0,0 neg]  score = -Infinity
%     Score = -68.962,218598 (regressionFit = 68.962,218597, penalties=1.03E-6) for clause:  medv(A) :- crim(A, 4).  [covers 41,0/436,0 pos, 0,0/0,0 neg]
% Gleaner: New best node found (score = -68.962,218598): medv(A) :- crim(A, 4).  [covers 41,0/436,0 pos, 0,0/0,0 neg]
%     Score = -69.736,579662 (regressionFit = 69.736,579661, penalties=1.03E-6) for clause:  medv(A) :- crim(A, 5).  [covers 49,0/436,0 pos, 0,0/0,0 neg]
%     Score = -69.819,725457 (regressionFit = 69.819,725456, penalties=1.03E-6) for clause:  medv(A) :- crim(A, 8).  [covers 32,0/436,0 pos, 0,0/0,0 neg]
%     Score = -67.981,879837 (regressionFit = 67.981,879836, penalties=1.03E-6) for clause:  medv(A) :- crim(A, 6).  [covers 43,0/436,0 pos, 0,0/0,0 neg]
% Gleaner: New best node found (score = -67.981,879837): medv(A) :- crim(A, 6).  [covers 43,0/436,0 pos, 0,0/0,0 neg]
%     Score = -69.855,951246 (regressionFit = 69.855,951245, penalties=1.03E-6) for clause:  medv(A) :- crim(A, 7).  [covers 47,0/436,0 pos, 0,0/0,0 neg]
%     Score = -66.743,920113 (regressionFit = 66.743,920112, penalties=1.03E-6) for clause:  medv(A) :- zn(A, 0).  [covers 307,0/436,0 pos, 0,0/0,0 neg]
% Gleaner: New best node found (score = -66.743,920113): medv(A) :- zn(A, 0).  [covers 307,0/436,0 pos, 0,0/0,0 neg]
%     Score = -69.603,072446 (regressionFit = 69.603,072445, penalties=1.03E-6) for clause:  medv(A) :- zn(A, 70).  [covers 3,0/436,0 pos, 0,0/0,0 neg]
%     Score = -69.444,457020 (regressionFit = 69.444,457019, penalties=1.03E-6) for clause:  medv(A) :- zn(A, 25).  [covers 10,0/436,0 pos, 0,0/0,0 neg]
%     Score = -68.748,453289 (regressionFit = 68.748,453288, penalties=1.03E-6) for clause:  medv(A) :- indus(A, 6).  [covers 36,0/436,0 pos, 0,0/0,0 neg]
%     Score = -69.720,614252 (regressionFit = 69.720,614251, penalties=1.03E-6) for clause:  medv(A) :- indus(A, 9).  [covers 29,0/436,0 pos, 0,0/0,0 neg]
%     Score = -69.216,861859 (regressionFit = 69.216,861858, penalties=1.03E-6) for clause:  medv(A) :- indus(A, 1).  [covers 48,0/436,0 pos, 0,0/0,0 neg]
%     Score = -67.650,121486 (regressionFit = 67.650,121485, penalties=1.03E-6) for clause:  medv(A) :- indus(A, 5).  [covers 48,0/436,0 pos, 0,0/0,0 neg]
%     Score = -69.622,030989 (regressionFit = 69.622,030988, penalties=1.03E-6) for clause:  medv(A) :- chas(A, 0).  [covers 401,0/436,0 pos, 0,0/0,0 neg]
%     Score = -69.622,030989 (regressionFit = 69.622,030988, penalties=1.03E-6) for clause:  medv(A) :- chas(A, 1).  [covers 35,0/436,0 pos, 0,0/0,0 neg]
%     Score = -69.379,292047 (regressionFit = 69.379,292046, penalties=1.03E-6) for clause:  medv(A) :- nox(A, 1).  [covers 47,0/436,0 pos, 0,0/0,0 neg]
%     Score = -67.298,446211 (regressionFit = 67.298,446210, penalties=1.03E-6) for clause:  medv(A) :- nox(A, 9).  [covers 42,0/436,0 pos, 0,0/0,0 neg]
%     Score = -69.645,045536 (regressionFit = 69.645,045535, penalties=1.03E-6) for clause:  medv(A) :- nox(A, 7).  [covers 32,0/436,0 pos, 0,0/0,0 neg]
%     Score = -68.114,765867 (regressionFit = 68.114,765866, penalties=1.03E-6) for clause:  medv(A) :- nox(A, 6).  [covers 48,0/436,0 pos, 0,0/0,0 neg]
%     Score = -69.644,392582 (regressionFit = 69.644,392581, penalties=1.03E-6) for clause:  medv(A) :- rm(A, 6).  [covers 43,0/436,0 pos, 0,0/0,0 neg]
%     Score = -65.622,810644 (regressionFit = 65.622,810643, penalties=1.03E-6) for clause:  medv(A) :- rm(A, 9).  [covers 44,0/436,0 pos, 0,0/0,0 neg]
% Gleaner: New best node found (score = -65.622,810644): medv(A) :- rm(A, 9).  [covers 44,0/436,0 pos, 0,0/0,0 neg]
%     Score = -69.783,347228 (regressionFit = 69.783,347227, penalties=1.03E-6) for clause:  medv(A) :- rm(A, 8).  [covers 45,0/436,0 pos, 0,0/0,0 neg]
%     Score = -63.258,864513 (regressionFit = 63.258,864512, penalties=1.03E-6) for clause:  medv(A) :- rm(A, 4).  [covers 46,0/436,0 pos, 0,0/0,0 neg]
% Gleaner: New best node found (score = -63.258,864513): medv(A) :- rm(A, 4).  [covers 46,0/436,0 pos, 0,0/0,0 neg]
%     Score = -67.007,117061 (regressionFit = 67.007,117060, penalties=1.03E-6) for clause:  medv(A) :- rm(A, 1).  [covers 43,0/436,0 pos, 0,0/0,0 neg]
%     Score = -68.992,723555 (regressionFit = 68.992,723554, penalties=1.03E-6) for clause:  medv(A) :- age(A, 7).  [covers 43,0/436,0 pos, 0,0/0,0 neg]
%     Score = -69.449,865660 (regressionFit = 69.449,865659, penalties=1.03E-6) for clause:  medv(A) :- age(A, 9).  [covers 40,0/436,0 pos, 0,0/0,0 neg]
%     Score = -69.372,073397 (regressionFit = 69.372,073396, penalties=1.03E-6) for clause:  medv(A) :- age(A, 3).  [covers 46,0/436,0 pos, 0,0/0,0 neg]
%     Score = -68.973,956630 (regressionFit = 68.973,956629, penalties=1.03E-6) for clause:  medv(A) :- age(A, 1).  [covers 43,0/436,0 pos, 0,0/0,0 neg]
%     Score = -69.842,333641 (regressionFit = 69.842,333640, penalties=1.03E-6) for clause:  medv(A) :- age(A, 4).  [covers 37,0/436,0 pos, 0,0/0,0 neg]
%     Score = -69.733,529353 (regressionFit = 69.733,529352, penalties=1.03E-6) for clause:  medv(A) :- dis(A, 7).  [covers 29,0/436,0 pos, 0,0/0,0 neg]
%     Score = -63.224,403324 (regressionFit = 63.224,403323, penalties=1.03E-6) for clause:  medv(A) :- dis(A, 10).  [covers 51,0/436,0 pos, 0,0/0,0 neg]
% Gleaner: New best node found (score = -63.224,403324): medv(A) :- dis(A, 10).  [covers 51,0/436,0 pos, 0,0/0,0 neg]
%     Score = -68.254,710632 (regressionFit = 68.254,710631, penalties=1.03E-6) for clause:  medv(A) :- dis(A, 5).  [covers 46,0/436,0 pos, 0,0/0,0 neg]
%     Score = -69.016,659131 (regressionFit = 69.016,659130, penalties=1.03E-6) for clause:  medv(A) :- dis(A, 1).  [covers 48,0/436,0 pos, 0,0/0,0 neg]
%     Score = -68.412,229832 (regressionFit = 68.412,229831, penalties=1.03E-6) for clause:  medv(A) :- dis(A, 2).  [covers 50,0/436,0 pos, 0,0/0,0 neg]
%     Score = -69.348,855099 (regressionFit = 69.348,855098, penalties=1.03E-6) for clause:  medv(A) :- rad(A, 6).  [covers 18,0/436,0 pos, 0,0/0,0 neg]
%     Score = -67.785,460233 (regressionFit = 67.785,460231, penalties=1.03E-6) for clause:  medv(A) :- rad(A, 5).  [covers 112,0/436,0 pos, 0,0/0,0 neg]
%     Score = -67.248,435354 (regressionFit = 67.248,435353, penalties=1.03E-6) for clause:  medv(A) :- rad(A, 4).  [covers 101,0/436,0 pos, 0,0/0,0 neg]
%     Score = -69.746,397965 (regressionFit = 69.746,397964, penalties=1.03E-6) for clause:  medv(A) :- tax(A, 432).  [covers 9,0/436,0 pos, 0,0/0,0 neg]
%     Score = -69.720,614252 (regressionFit = 69.720,614251, penalties=1.03E-6) for clause:  medv(A) :- tax(A, 403).  [covers 29,0/436,0 pos, 0,0/0,0 neg]
%     Score = -69.603,072446 (regressionFit = 69.603,072445, penalties=1.03E-6) for clause:  medv(A) :- tax(A, 358).  [covers 3,0/436,0 pos, 0,0/0,0 neg]
%     Score = -69.633,933014 (regressionFit = 69.633,933013, penalties=1.03E-6) for clause:  medv(A) :- tax(A, 304).  [covers 14,0/436,0 pos, 0,0/0,0 neg]
%     Score = -69.551,524909 (regressionFit = 69.551,524908, penalties=1.03E-6) for clause:  medv(A) :- tax(A, 281).  [covers 4,0/436,0 pos, 0,0/0,0 neg]
%     Score = -68.612,953710 (regressionFit = 68.612,953709, penalties=1.03E-6) for clause:  medv(A) :- ptratio(A, 2).  [covers 47,0/436,0 pos, 0,0/0,0 neg]
%     Score = -69.719,229932 (regressionFit = 69.719,229931, penalties=1.03E-6) for clause:  medv(A) :- ptratio(A, 9).  [covers 50,0/436,0 pos, 0,0/0,0 neg]
%     Score = -68.023,818292 (regressionFit = 68.023,818291, penalties=1.03E-6) for clause:  medv(A) :- ptratio(A, 1).  [covers 45,0/436,0 pos, 0,0/0,0 neg]
%     Score = -68.098,234121 (regressionFit = 68.098,234120, penalties=1.03E-6) for clause:  medv(A) :- ptratio(A, 3).  [covers 51,0/436,0 pos, 0,0/0,0 neg]
%     Score = -67.956,458421 (regressionFit = 67.956,458420, penalties=1.03E-6) for clause:  medv(A) :- ptratio(A, 5).  [covers 42,0/436,0 pos, 0,0/0,0 neg]
%     Score = -69.772,813926 (regressionFit = 69.772,813925, penalties=1.03E-6) for clause:  medv(A) :- b(A, 1).  [covers 102,0/436,0 pos, 0,0/0,0 neg]
%     Score = -69.825,347629 (regressionFit = 69.825,347628, penalties=1.03E-6) for clause:  medv(A) :- b(A, 9).  [covers 41,0/436,0 pos, 0,0/0,0 neg]
%     Score = -69.158,655675 (regressionFit = 69.158,655673, penalties=1.03E-6) for clause:  medv(A) :- b(A, 3).  [covers 47,0/436,0 pos, 0,0/0,0 neg]
%     Score = -69.820,105171 (regressionFit = 69.820,105170, penalties=1.03E-6) for clause:  medv(A) :- b(A, 6).  [covers 47,0/436,0 pos, 0,0/0,0 neg]
%     Score = -69.029,951892 (regressionFit = 69.029,951891, penalties=1.03E-6) for clause:  medv(A) :- b(A, 4).  [covers 27,0/436,0 pos, 0,0/0,0 neg]
%     Score = -69.529,744952 (regressionFit = 69.529,744951, penalties=1.03E-6) for clause:  medv(A) :- lstat(A, 7).  [covers 38,0/436,0 pos, 0,0/0,0 neg]
%     Score = -69.483,074251 (regressionFit = 69.483,074250, penalties=1.03E-6) for clause:  medv(A) :- lstat(A, 4).  [covers 42,0/436,0 pos, 0,0/0,0 neg]
%     Score = -68.292,140644 (regressionFit = 68.292,140643, penalties=1.03E-6) for clause:  medv(A) :- lstat(A, 1).  [covers 49,0/436,0 pos, 0,0/0,0 neg]
%     Score = -68.974,863174 (regressionFit = 68.974,863173, penalties=1.03E-6) for clause:  medv(A) :- lstat(A, 9).  [covers 46,0/436,0 pos, 0,0/0,0 neg]
%     Score = -69.861,919910 (regressionFit = 69.861,919908, penalties=2.0500000000000003E-6) for clause:  medv(A) :- dis(A, 10), crim(A, 5).  [covers 4,0/436,0 pos, 0,0/0,0 neg]
%     Score = -63.224,403325 (regressionFit = 63.224,403323, penalties=2.0500000000000003E-6) for clause:  medv(A) :- dis(A, 10), zn(A, 0).  [covers 51,0/436,0 pos, 0,0/0,0 neg]
%     Score = -69.873,691023 (regressionFit = 69.873,691021, penalties=2.0500000000000003E-6) for clause:  medv(A) :- dis(A, 10), indus(A, 9).  [covers 12,0/436,0 pos, 0,0/0,0 neg]
%     Score = -68.810,909722 (regressionFit = 68.810,909720, penalties=2.0500000000000003E-6) for clause:  medv(A) :- dis(A, 10), chas(A, 1).  [covers 5,0/436,0 pos, 0,0/0,0 neg]
%     Score = -69.872,143176 (regressionFit = 69.872,143174, penalties=2.0500000000000003E-6) for clause:  medv(A) :- dis(A, 10), nox(A, 9).  [covers 13,0/436,0 pos, 0,0/0,0 neg]
%     Score = -66.019,406892 (regressionFit = 66.019,406890, penalties=2.0500000000000003E-6) for clause:  medv(A) :- dis(A, 10), rm(A, 9).  [covers 25,0/436,0 pos, 0,0/0,0 neg]
%     Score = -69.736,036666 (regressionFit = 69.736,036664, penalties=2.0500000000000003E-6) for clause:  medv(A) :- dis(A, 10), age(A, 9).  [covers 5,0/436,0 pos, 0,0/0,0 neg]
%     Score = -69.873,691023 (regressionFit = 69.873,691021, penalties=2.0500000000000003E-6) for clause:  medv(A) :- dis(A, 10), rad(A, 5).  [covers 12,0/436,0 pos, 0,0/0,0 neg]
%     Score = -69.873,691023 (regressionFit = 69.873,691021, penalties=2.0500000000000003E-6) for clause:  medv(A) :- dis(A, 10), tax(A, 403).  [covers 12,0/436,0 pos, 0,0/0,0 neg]
%     Score = -69.873,691023 (regressionFit = 69.873,691021, penalties=2.0500000000000003E-6) for clause:  medv(A) :- dis(A, 10), ptratio(A, 9).  [covers 12,0/436,0 pos, 0,0/0,0 neg]
%     Score = -69.659,681718 (regressionFit = 69.659,681716, penalties=2.0500000000000003E-6) for clause:  medv(A) :- dis(A, 10), b(A, 9).  [covers 11,0/436,0 pos, 0,0/0,0 neg]
%     Score = -69.812,237906 (regressionFit = 69.812,237904, penalties=2.0500000000000003E-6) for clause:  medv(A) :- dis(A, 10), lstat(A, 4).  [covers 4,0/436,0 pos, 0,0/0,0 neg]
%     Score = -68.139,393662 (regressionFit = 68.139,393660, penalties=2.0500000000000003E-6) for clause:  medv(A) :- rm(A, 4), crim(A, 6).  [covers 9,0/436,0 pos, 0,0/0,0 neg]
%     Score = -Infinity (regressionFit = Infinity, penalties=2.0500000000000003E-6) for clause:  medv(A) :- rm(A, 4), zn(A, 70).  [covers 2,0/436,0 pos, 0,0/0,0 neg]
%     Score = -66.732,528516 (regressionFit = 66.732,528514, penalties=2.0500000000000003E-6) for clause:  medv(A) :- rm(A, 4), indus(A, 1).  [covers 12,0/436,0 pos, 0,0/0,0 neg]
%     Score = -64.647,125736 (regressionFit = 64.647,125734, penalties=2.0500000000000003E-6) for clause:  medv(A) :- rm(A, 4), chas(A, 0).  [covers 41,0/436,0 pos, 0,0/0,0 neg]
%     Score = -67.478,482127 (regressionFit = 67.478,482125, penalties=2.0500000000000003E-6) for clause:  medv(A) :- rm(A, 4), nox(A, 6).  [covers 10,0/436,0 pos, 0,0/0,0 neg]
%     Score = -68.708,930705 (regressionFit = 68.708,930703, penalties=2.0500000000000003E-6) for clause:  medv(A) :- rm(A, 4), age(A, 3).  [covers 6,0/436,0 pos, 0,0/0,0 neg]
%     Score = -67.944,931523 (regressionFit = 67.944,931520, penalties=2.0500000000000003E-6) for clause:  medv(A) :- rm(A, 4), dis(A, 5).  [covers 10,0/436,0 pos, 0,0/0,0 neg]
%     Score = -66.473,090330 (regressionFit = 66.473,090328, penalties=2.0500000000000003E-6) for clause:  medv(A) :- rm(A, 4), rad(A, 5).  [covers 13,0/436,0 pos, 0,0/0,0 neg]
%     Score = -Infinity (regressionFit = Infinity, penalties=2.0500000000000003E-6) for clause:  medv(A) :- rm(A, 4), tax(A, 358).  [covers 2,0/436,0 pos, 0,0/0,0 neg]
%     Score = -67.198,277490 (regressionFit = 67.198,277488, penalties=2.0500000000000003E-6) for clause:  medv(A) :- rm(A, 4), ptratio(A, 1).  [covers 10,0/436,0 pos, 0,0/0,0 neg]
%     Score = -69.089,580370 (regressionFit = 69.089,580368, penalties=2.0500000000000003E-6) for clause:  medv(A) :- rm(A, 4), b(A, 6).  [covers 6,0/436,0 pos, 0,0/0,0 neg]
%     Score = -66.721,277370 (regressionFit = 66.721,277368, penalties=2.0500000000000003E-6) for clause:  medv(A) :- rm(A, 4), lstat(A, 1).  [covers 13,0/436,0 pos, 0,0/0,0 neg]
%     Score = -69.856,770874 (regressionFit = 69.856,770872, penalties=2.0500000000000003E-6) for clause:  medv(A) :- rm(A, 9), crim(A, 5).  [covers 6,0/436,0 pos, 0,0/0,0 neg]
%     Score = -65.257,853417 (regressionFit = 65.257,853415, penalties=2.0500000000000003E-6) for clause:  medv(A) :- rm(A, 9), zn(A, 0).  [covers 42,0/436,0 pos, 0,0/0,0 neg]
%     Score = -69.868,778189 (regressionFit = 69.868,778187, penalties=2.0300000000000005E-6) for clause:  medv(A) :- rm(A, 9), indus(A, 9).  [covers 8,0/436,0 pos, 0,0/0,0 neg]
%     Score = -69.869,772387 (regressionFit = 69.869,772385, penalties=2.0500000000000003E-6) for clause:  medv(A) :- rm(A, 9), chas(A, 1).  [covers 4,0/436,0 pos, 0,0/0,0 neg]
%     Score = -69.863,711099 (regressionFit = 69.863,711097, penalties=2.0300000000000005E-6) for clause:  medv(A) :- rm(A, 9), nox(A, 9).  [covers 11,0/436,0 pos, 0,0/0,0 neg]
%     Score = -69.282,420259 (regressionFit = 69.282,420257, penalties=2.0300000000000005E-6) for clause:  medv(A) :- rm(A, 9), age(A, 9).  [covers 8,0/436,0 pos, 0,0/0,0 neg]
%     Score = -66.019,406892 (regressionFit = 66.019,406890, penalties=2.0500000000000003E-6) for clause:  medv(A) :- rm(A, 9), dis(A, 10).  [covers 25,0/436,0 pos, 0,0/0,0 neg]
%     Score = -69.868,386228 (regressionFit = 69.868,386226, penalties=2.0500000000000003E-6) for clause:  medv(A) :- rm(A, 9), rad(A, 5).  [covers 10,0/436,0 pos, 0,0/0,0 neg]
%     Score = -69.868,778189 (regressionFit = 69.868,778187, penalties=2.0500000000000003E-6) for clause:  medv(A) :- rm(A, 9), tax(A, 403).  [covers 8,0/436,0 pos, 0,0/0,0 neg]
%     Score = -69.874,119264 (regressionFit = 69.874,119262, penalties=2.0300000000000005E-6) for clause:  medv(A) :- rm(A, 9), ptratio(A, 9).  [covers 9,0/436,0 pos, 0,0/0,0 neg]
%     Score = -69.850,066173 (regressionFit = 69.850,066171, penalties=2.0300000000000005E-6) for clause:  medv(A) :- rm(A, 9), b(A, 9).  [covers 8,0/436,0 pos, 0,0/0,0 neg]
%     Score = -69.872,879782 (regressionFit = 69.872,879780, penalties=2.0500000000000003E-6) for clause:  medv(A) :- rm(A, 9), lstat(A, 4).  [covers 6,0/436,0 pos, 0,0/0,0 neg]
%     Score = -69.186,768481 (regressionFit = 69.186,768479, penalties=2.0500000000000003E-6) for clause:  medv(A) :- zn(A, 0), crim(A, 4).  [covers 28,0/436,0 pos, 0,0/0,0 neg]
%     Score = -69.629,555419 (regressionFit = 69.629,555417, penalties=2.0500000000000003E-6) for clause:  medv(A) :- zn(A, 0), crim(A, 5).  [covers 42,0/436,0 pos, 0,0/0,0 neg]
%     Score = -69.819,725458 (regressionFit = 69.819,725456, penalties=2.0500000000000003E-6) for clause:  medv(A) :- zn(A, 0), crim(A, 8).  [covers 32,0/436,0 pos, 0,0/0,0 neg]
%     Score = -69.822,101706 (regressionFit = 69.822,101704, penalties=2.0500000000000003E-6) for clause:  medv(A) :- zn(A, 0), crim(A, 7).  [covers 39,0/436,0 pos, 0,0/0,0 neg]
%     Score = -68.748,453290 (regressionFit = 68.748,453288, penalties=2.0500000000000003E-6) for clause:  medv(A) :- zn(A, 0), indus(A, 6).  [covers 36,0/436,0 pos, 0,0/0,0 neg]
%     Score = -69.720,614253 (regressionFit = 69.720,614251, penalties=2.0500000000000003E-6) for clause:  medv(A) :- zn(A, 0), indus(A, 9).  [covers 29,0/436,0 pos, 0,0/0,0 neg]
%     Score = -65.767,684193 (regressionFit = 65.767,684191, penalties=2.0300000000000005E-6) for clause:  medv(A) :- zn(A, 0), chas(A, 0).  [covers 279,0/436,0 pos, 0,0/0,0 neg]
%     Score = -69.419,990642 (regressionFit = 69.419,990640, penalties=2.0500000000000003E-6) for clause:  medv(A) :- zn(A, 0), chas(A, 1).  [covers 28,0/436,0 pos, 0,0/0,0 neg]
%     Score = -69.424,550021 (regressionFit = 69.424,550019, penalties=2.0500000000000003E-6) for clause:  medv(A) :- zn(A, 0), nox(A, 1).  [covers 46,0/436,0 pos, 0,0/0,0 neg]
%     Score = -67.298,446212 (regressionFit = 67.298,446210, penalties=2.0500000000000003E-6) for clause:  medv(A) :- zn(A, 0), nox(A, 9).  [covers 42,0/436,0 pos, 0,0/0,0 neg]
%     Score = -69.722,616705 (regressionFit = 69.722,616703, penalties=2.0500000000000003E-6) for clause:  medv(A) :- zn(A, 0), nox(A, 7).  [covers 30,0/436,0 pos, 0,0/0,0 neg]
%     Score = -69.829,630895 (regressionFit = 69.829,630893, penalties=2.0500000000000003E-6) for clause:  medv(A) :- zn(A, 0), rm(A, 6).  [covers 35,0/436,0 pos, 0,0/0,0 neg]
%     Score = -65.257,853417 (regressionFit = 65.257,853415, penalties=2.0500000000000003E-6) for clause:  medv(A) :- zn(A, 0), rm(A, 9).  [covers 42,0/436,0 pos, 0,0/0,0 neg]
%     Score = -69.867,017375 (regressionFit = 69.867,017373, penalties=2.0500000000000003E-6) for clause:  medv(A) :- zn(A, 0), rm(A, 8).  [covers 35,0/436,0 pos, 0,0/0,0 neg]
%     Score = -69.174,051506 (regressionFit = 69.174,051504, penalties=2.0500000000000003E-6) for clause:  medv(A) :- zn(A, 0), age(A, 7).  [covers 40,0/436,0 pos, 0,0/0,0 neg]
%     Score = -69.676,291222 (regressionFit = 69.676,291220, penalties=2.0500000000000003E-6) for clause:  medv(A) :- zn(A, 0), age(A, 9).  [covers 36,0/436,0 pos, 0,0/0,0 neg]
%     Score = -69.246,491833 (regressionFit = 69.246,491831, penalties=2.0500000000000003E-6) for clause:  medv(A) :- zn(A, 0), age(A, 1).  [covers 30,0/436,0 pos, 0,0/0,0 neg]
%     Score = -69.659,364627 (regressionFit = 69.659,364625, penalties=2.0500000000000003E-6) for clause:  medv(A) :- zn(A, 0), dis(A, 7).  [covers 27,0/436,0 pos, 0,0/0,0 neg]
%     Score = -63.224,403325 (regressionFit = 63.224,403323, penalties=2.0500000000000003E-6) for clause:  medv(A) :- zn(A, 0), dis(A, 10).  [covers 51,0/436,0 pos, 0,0/0,0 neg]
%     Score = -69.370,497904 (regressionFit = 69.370,497902, penalties=2.0500000000000003E-6) for clause:  medv(A) :- zn(A, 0), dis(A, 1).  [covers 37,0/436,0 pos, 0,0/0,0 neg]
%     Score = -69.746,397966 (regressionFit = 69.746,397964, penalties=2.0500000000000003E-6) for clause:  medv(A) :- zn(A, 0), rad(A, 6).  [covers 9,0/436,0 pos, 0,0/0,0 neg]
%     Score = -67.902,817720 (regressionFit = 67.902,817718, penalties=2.0500000000000003E-6) for clause:  medv(A) :- zn(A, 0), rad(A, 5).  [covers 76,0/436,0 pos, 0,0/0,0 neg]
%     Score = -68.794,664783 (regressionFit = 68.794,664781, penalties=2.0500000000000003E-6) for clause:  medv(A) :- zn(A, 0), rad(A, 4).  [covers 70,0/436,0 pos, 0,0/0,0 neg]
%     Score = -69.746,397966 (regressionFit = 69.746,397964, penalties=2.0500000000000003E-6) for clause:  medv(A) :- zn(A, 0), tax(A, 432).  [covers 9,0/436,0 pos, 0,0/0,0 neg]
%     Score = -69.720,614253 (regressionFit = 69.720,614251, penalties=2.0500000000000003E-6) for clause:  medv(A) :- zn(A, 0), tax(A, 403).  [covers 29,0/436,0 pos, 0,0/0,0 neg]
%     Score = -69.638,194022 (regressionFit = 69.638,194020, penalties=2.0500000000000003E-6) for clause:  medv(A) :- zn(A, 0), tax(A, 304).  [covers 12,0/436,0 pos, 0,0/0,0 neg]
%     Score = -69.289,097948 (regressionFit = 69.289,097946, penalties=2.0500000000000003E-6) for clause:  medv(A) :- zn(A, 0), ptratio(A, 2).  [covers 36,0/436,0 pos, 0,0/0,0 neg]
%     Score = -69.720,614253 (regressionFit = 69.720,614251, penalties=2.0500000000000003E-6) for clause:  medv(A) :- zn(A, 0), ptratio(A, 9).  [covers 29,0/436,0 pos, 0,0/0,0 neg]
%     Score = -68.106,849213 (regressionFit = 68.106,849211, penalties=2.0500000000000003E-6) for clause:  medv(A) :- zn(A, 0), ptratio(A, 3).  [covers 38,0/436,0 pos, 0,0/0,0 neg]
%     Score = -68.431,118507 (regressionFit = 68.431,118505, penalties=2.0500000000000003E-6) for clause:  medv(A) :- zn(A, 0), b(A, 1).  [covers 69,0/436,0 pos, 0,0/0,0 neg]
%     Score = -69.754,248054 (regressionFit = 69.754,248052, penalties=2.0500000000000003E-6) for clause:  medv(A) :- zn(A, 0), b(A, 9).  [covers 38,0/436,0 pos, 0,0/0,0 neg]
%     Score = -69.151,453385 (regressionFit = 69.151,453383, penalties=2.0500000000000003E-6) for clause:  medv(A) :- zn(A, 0), b(A, 3).  [covers 31,0/436,0 pos, 0,0/0,0 neg]
%     Score = -69.635,398326 (regressionFit = 69.635,398324, penalties=2.0500000000000003E-6) for clause:  medv(A) :- zn(A, 0), b(A, 4).  [covers 16,0/436,0 pos, 0,0/0,0 neg]
%     Score = -69.452,708004 (regressionFit = 69.452,708002, penalties=2.0500000000000003E-6) for clause:  medv(A) :- zn(A, 0), lstat(A, 7).  [covers 36,0/436,0 pos, 0,0/0,0 neg]
%     Score = -69.599,205433 (regressionFit = 69.599,205431, penalties=2.0500000000000003E-6) for clause:  medv(A) :- zn(A, 0), lstat(A, 4).  [covers 33,0/436,0 pos, 0,0/0,0 neg]
%     Score = -69.119,897910 (regressionFit = 69.119,897908, penalties=2.0500000000000003E-6) for clause:  medv(A) :- rm(A, 1), crim(A, 6).  [covers 7,0/436,0 pos, 0,0/0,0 neg]
%     Score = -Infinity (regressionFit = Infinity, penalties=2.0500000000000003E-6) for clause:  medv(A) :- rm(A, 1), zn(A, 25).  [covers 2,0/436,0 pos, 0,0/0,0 neg]
%     Score = -69.099,122378 (regressionFit = 69.099,122376, penalties=2.0500000000000003E-6) for clause:  medv(A) :- rm(A, 1), indus(A, 5).  [covers 8,0/436,0 pos, 0,0/0,0 neg]
%     Score = -67.623,704070 (regressionFit = 67.623,704068, penalties=2.0500000000000003E-6) for clause:  medv(A) :- rm(A, 1), chas(A, 0).  [covers 40,0/436,0 pos, 0,0/0,0 neg]
%     Score = -69.031,648277 (regressionFit = 69.031,648275, penalties=2.0500000000000003E-6) for clause:  medv(A) :- rm(A, 1), nox(A, 6).  [covers 7,0/436,0 pos, 0,0/0,0 neg]
%     Score = -69.569,672126 (regressionFit = 69.569,672124, penalties=2.0500000000000003E-6) for clause:  medv(A) :- rm(A, 1), age(A, 4).  [covers 3,0/436,0 pos, 0,0/0,0 neg]
%     Score = -69.123,743597 (regressionFit = 69.123,743595, penalties=2.0500000000000003E-6) for clause:  medv(A) :- rm(A, 1), dis(A, 2).  [covers 6,0/436,0 pos, 0,0/0,0 neg]
%     Score = -68.869,576440 (regressionFit = 68.869,576438, penalties=2.0500000000000003E-6) for clause:  medv(A) :- rm(A, 1), rad(A, 4).  [covers 12,0/436,0 pos, 0,0/0,0 neg]
%     Score = -Infinity (regressionFit = Infinity, penalties=2.0500000000000003E-6) for clause:  medv(A) :- rm(A, 1), tax(A, 281).  [covers 2,0/436,0 pos, 0,0/0,0 neg]
%     Score = -69.425,706762 (regressionFit = 69.425,706760, penalties=2.0500000000000003E-6) for clause:  medv(A) :- rm(A, 1), ptratio(A, 5).  [covers 4,0/436,0 pos, 0,0/0,0 neg]
%     Score = -69.491,349146 (regressionFit = 69.491,349144, penalties=2.0500000000000003E-6) for clause:  medv(A) :- rm(A, 1), b(A, 4).  [covers 5,0/436,0 pos, 0,0/0,0 neg]
%     Score = -68.851,142176 (regressionFit = 68.851,142174, penalties=2.0500000000000003E-6) for clause:  medv(A) :- rm(A, 1), lstat(A, 9).  [covers 11,0/436,0 pos, 0,0/0,0 neg]
%     Score = -69.610,823360 (regressionFit = 69.610,823358, penalties=2.0500000000000003E-6) for clause:  medv(A) :- rad(A, 4), crim(A, 7).  [covers 18,0/436,0 pos, 0,0/0,0 neg]
%     Score = -68.911,802189 (regressionFit = 68.911,802187, penalties=2.0500000000000003E-6) for clause:  medv(A) :- rad(A, 4), crim(A, 6).  [covers 12,0/436,0 pos, 0,0/0,0 neg]
%     Score = -68.794,664783 (regressionFit = 68.794,664781, penalties=2.0500000000000003E-6) for clause:  medv(A) :- rad(A, 4), zn(A, 0).  [covers 70,0/436,0 pos, 0,0/0,0 neg]
%     Score = -69.551,524910 (regressionFit = 69.551,524908, penalties=2.0500000000000003E-6) for clause:  medv(A) :- rad(A, 4), zn(A, 25).  [covers 4,0/436,0 pos, 0,0/0,0 neg]
%     Score = -68.872,685986 (regressionFit = 68.872,685984, penalties=2.0500000000000003E-6) for clause:  medv(A) :- rad(A, 4), indus(A, 6).  [covers 27,0/436,0 pos, 0,0/0,0 neg]
%     Score = -68.819,647066 (regressionFit = 68.819,647064, penalties=2.0500000000000003E-6) for clause:  medv(A) :- rad(A, 4), indus(A, 5).  [covers 11,0/436,0 pos, 0,0/0,0 neg]
%     Score = -67.553,434223 (regressionFit = 67.553,434221, penalties=2.0500000000000003E-6) for clause:  medv(A) :- rad(A, 4), chas(A, 0).  [covers 93,0/436,0 pos, 0,0/0,0 neg]
%     Score = -69.714,411090 (regressionFit = 69.714,411088, penalties=2.0500000000000003E-6) for clause:  medv(A) :- rad(A, 4), nox(A, 1).  [covers 33,0/436,0 pos, 0,0/0,0 neg]
%     Score = -69.054,394453 (regressionFit = 69.054,394451, penalties=2.0500000000000003E-6) for clause:  medv(A) :- rad(A, 4), nox(A, 6).  [covers 22,0/436,0 pos, 0,0/0,0 neg]
%     Score = -69.700,623635 (regressionFit = 69.700,623633, penalties=2.0500000000000003E-6) for clause:  medv(A) :- rad(A, 4), rm(A, 6).  [covers 11,0/436,0 pos, 0,0/0,0 neg]
%     Score = -68.869,576440 (regressionFit = 68.869,576438, penalties=2.0500000000000003E-6) for clause:  medv(A) :- rad(A, 4), rm(A, 1).  [covers 12,0/436,0 pos, 0,0/0,0 neg]
%     Score = -69.587,608798 (regressionFit = 69.587,608796, penalties=2.0500000000000003E-6) for clause:  medv(A) :- rad(A, 4), age(A, 1).  [covers 9,0/436,0 pos, 0,0/0,0 neg]
%     Score = -69.700,693903 (regressionFit = 69.700,693901, penalties=2.0300000000000005E-6) for clause:  medv(A) :- rad(A, 4), age(A, 4).  [covers 6,0/436,0 pos, 0,0/0,0 neg]
%     Score = -69.258,544802 (regressionFit = 69.258,544800, penalties=2.0500000000000003E-6) for clause:  medv(A) :- rad(A, 4), dis(A, 1).  [covers 28,0/436,0 pos, 0,0/0,0 neg]
%     Score = -69.140,205301 (regressionFit = 69.140,205299, penalties=2.0500000000000003E-6) for clause:  medv(A) :- rad(A, 4), dis(A, 2).  [covers 21,0/436,0 pos, 0,0/0,0 neg]
%     Score = -69.638,194022 (regressionFit = 69.638,194020, penalties=2.0500000000000003E-6) for clause:  medv(A) :- rad(A, 4), tax(A, 304).  [covers 12,0/436,0 pos, 0,0/0,0 neg]
%     Score = -69.551,524910 (regressionFit = 69.551,524908, penalties=2.0500000000000003E-6) for clause:  medv(A) :- rad(A, 4), tax(A, 281).  [covers 4,0/436,0 pos, 0,0/0,0 neg]
%     Score = -69.021,112650 (regressionFit = 69.021,112648, penalties=2.0500000000000003E-6) for clause:  medv(A) :- rad(A, 4), ptratio(A, 3).  [covers 25,0/436,0 pos, 0,0/0,0 neg]
%     Score = -68.771,194542 (regressionFit = 68.771,194540, penalties=2.0500000000000003E-6) for clause:  medv(A) :- rad(A, 4), ptratio(A, 5).  [covers 14,0/436,0 pos, 0,0/0,0 neg]
%     Score = -69.601,694584 (regressionFit = 69.601,694582, penalties=2.0300000000000005E-6) for clause:  medv(A) :- rad(A, 4), b(A, 4).  [covers 10,0/436,0 pos, 0,0/0,0 neg]
%     Score = -69.803,947350 (regressionFit = 69.803,947348, penalties=2.0300000000000005E-6) for clause:  medv(A) :- rad(A, 4), lstat(A, 4).  [covers 11,0/436,0 pos, 0,0/0,0 neg]
%     Score = -69.141,726873 (regressionFit = 69.141,726871, penalties=2.0500000000000003E-6) for clause:  medv(A) :- rad(A, 4), lstat(A, 9).  [covers 10,0/436,0 pos, 0,0/0,0 neg]
%     Score = -69.816,370596 (regressionFit = 69.816,370594, penalties=2.0500000000000003E-6) for clause:  medv(A) :- nox(A, 9), crim(A, 5).  [covers 5,0/436,0 pos, 0,0/0,0 neg]
%     Score = -67.298,446212 (regressionFit = 67.298,446210, penalties=2.0500000000000003E-6) for clause:  medv(A) :- nox(A, 9), zn(A, 0).  [covers 42,0/436,0 pos, 0,0/0,0 neg]
%     Score = -69.870,551934 (regressionFit = 69.870,551932, penalties=2.0300000000000005E-6) for clause:  medv(A) :- nox(A, 9), indus(A, 9).  [covers 16,0/436,0 pos, 0,0/0,0 neg]
%     Score = -69.395,947559 (regressionFit = 69.395,947557, penalties=2.0500000000000003E-6) for clause:  medv(A) :- nox(A, 9), chas(A, 1).  [covers 9,0/436,0 pos, 0,0/0,0 neg]
%     Score = -69.863,711099 (regressionFit = 69.863,711097, penalties=2.0300000000000005E-6) for clause:  medv(A) :- nox(A, 9), rm(A, 9).  [covers 11,0/436,0 pos, 0,0/0,0 neg]
%     Score = -69.640,287017 (regressionFit = 69.640,287015, penalties=2.0300000000000005E-6) for clause:  medv(A) :- nox(A, 9), age(A, 9).  [covers 8,0/436,0 pos, 0,0/0,0 neg]
%     Score = -69.872,143176 (regressionFit = 69.872,143174, penalties=2.0500000000000003E-6) for clause:  medv(A) :- nox(A, 9), dis(A, 10).  [covers 13,0/436,0 pos, 0,0/0,0 neg]
%     Score = -69.870,551934 (regressionFit = 69.870,551932, penalties=2.0500000000000003E-6) for clause:  medv(A) :- nox(A, 9), rad(A, 5).  [covers 16,0/436,0 pos, 0,0/0,0 neg]
%     Score = -69.870,551934 (regressionFit = 69.870,551932, penalties=2.0500000000000003E-6) for clause:  medv(A) :- nox(A, 9), tax(A, 403).  [covers 16,0/436,0 pos, 0,0/0,0 neg]
%     Score = -69.870,551934 (regressionFit = 69.870,551932, penalties=2.0300000000000005E-6) for clause:  medv(A) :- nox(A, 9), ptratio(A, 9).  [covers 16,0/436,0 pos, 0,0/0,0 neg]
%     Score = -69.387,695450 (regressionFit = 69.387,695448, penalties=2.0300000000000005E-6) for clause:  medv(A) :- nox(A, 9), b(A, 9).  [covers 14,0/436,0 pos, 0,0/0,0 neg]
%     Score = -69.870,379442 (regressionFit = 69.870,379440, penalties=2.0500000000000003E-6) for clause:  medv(A) :- nox(A, 9), lstat(A, 4).  [covers 5,0/436,0 pos, 0,0/0,0 neg]
%     Score = -69.158,769261 (regressionFit = 69.158,769259, penalties=2.0500000000000003E-6) for clause:  medv(A) :- indus(A, 5), crim(A, 6).  [covers 15,0/436,0 pos, 0,0/0,0 neg]
%     Score = -69.444,457021 (regressionFit = 69.444,457019, penalties=2.0500000000000003E-6) for clause:  medv(A) :- indus(A, 5), zn(A, 25).  [covers 10,0/436,0 pos, 0,0/0,0 neg]
%     Score = -67.650,121487 (regressionFit = 67.650,121485, penalties=2.0500000000000003E-6) for clause:  medv(A) :- indus(A, 5), chas(A, 0).  [covers 48,0/436,0 pos, 0,0/0,0 neg]
%     Score = -68.767,279322 (regressionFit = 68.767,279320, penalties=2.0500000000000003E-6) for clause:  medv(A) :- indus(A, 5), nox(A, 6).  [covers 10,0/436,0 pos, 0,0/0,0 neg]
%     Score = -69.099,122378 (regressionFit = 69.099,122376, penalties=2.0500000000000003E-6) for clause:  medv(A) :- indus(A, 5), rm(A, 1).  [covers 8,0/436,0 pos, 0,0/0,0 neg]
%     Score = -69.784,085702 (regressionFit = 69.784,085700, penalties=2.0500000000000003E-6) for clause:  medv(A) :- indus(A, 5), age(A, 4).  [covers 5,0/436,0 pos, 0,0/0,0 neg]
%     Score = -68.983,066054 (regressionFit = 68.983,066052, penalties=2.0500000000000003E-6) for clause:  medv(A) :- indus(A, 5), dis(A, 2).  [covers 13,0/436,0 pos, 0,0/0,0 neg]
%     Score = -68.819,647066 (regressionFit = 68.819,647064, penalties=2.0500000000000003E-6) for clause:  medv(A) :- indus(A, 5), rad(A, 4).  [covers 11,0/436,0 pos, 0,0/0,0 neg]
%     Score = -69.551,524910 (regressionFit = 69.551,524908, penalties=2.0500000000000003E-6) for clause:  medv(A) :- indus(A, 5), tax(A, 281).  [covers 4,0/436,0 pos, 0,0/0,0 neg]
%     Score = -68.757,971858 (regressionFit = 68.757,971856, penalties=2.0300000000000005E-6) for clause:  medv(A) :- indus(A, 5), ptratio(A, 5).  [covers 16,0/436,0 pos, 0,0/0,0 neg]
%     Score = -69.599,181847 (regressionFit = 69.599,181845, penalties=2.0500000000000003E-6) for clause:  medv(A) :- indus(A, 5), b(A, 4).  [covers 6,0/436,0 pos, 0,0/0,0 neg]
%     Score = -69.155,564924 (regressionFit = 69.155,564922, penalties=2.0500000000000003E-6) for clause:  medv(A) :- indus(A, 5), lstat(A, 9).  [covers 12,0/436,0 pos, 0,0/0,0 neg]
%     Score = -69.812,185387 (regressionFit = 69.812,185385, penalties=2.0300000000000005E-6) for clause:  medv(A) :- rad(A, 5), crim(A, 5).  [covers 18,0/436,0 pos, 0,0/0,0 neg]
%     Score = -69.864,682227 (regressionFit = 69.864,682225, penalties=2.0500000000000003E-6) for clause:  medv(A) :- rad(A, 5), crim(A, 8).  [covers 18,0/436,0 pos, 0,0/0,0 neg]
%     Score = -69.632,145370 (regressionFit = 69.632,145368, penalties=2.0500000000000003E-6) for clause:  medv(A) :- rad(A, 5), crim(A, 6).  [covers 10,0/436,0 pos, 0,0/0,0 neg]
%     Score = -67.902,817720 (regressionFit = 67.902,817718, penalties=2.0500000000000003E-6) for clause:  medv(A) :- rad(A, 5), zn(A, 0).  [covers 76,0/436,0 pos, 0,0/0,0 neg]
%     Score = -69.603,072447 (regressionFit = 69.603,072445, penalties=2.0500000000000003E-6) for clause:  medv(A) :- rad(A, 5), zn(A, 70).  [covers 3,0/436,0 pos, 0,0/0,0 neg]
%     Score = -69.720,614253 (regressionFit = 69.720,614251, penalties=2.0500000000000003E-6) for clause:  medv(A) :- rad(A, 5), indus(A, 9).  [covers 29,0/436,0 pos, 0,0/0,0 neg]
%     Score = -69.188,901421 (regressionFit = 69.188,901419, penalties=2.0500000000000003E-6) for clause:  medv(A) :- rad(A, 5), indus(A, 1).  [covers 5,0/436,0 pos, 0,0/0,0 neg]
%     Score = -69.867,974102 (regressionFit = 69.867,974100, penalties=2.0500000000000003E-6) for clause:  medv(A) :- rad(A, 5), chas(A, 1).  [covers 11,0/436,0 pos, 0,0/0,0 neg]
%     Score = -67.720,508105 (regressionFit = 67.720,508103, penalties=2.0500000000000003E-6) for clause:  medv(A) :- rad(A, 5), chas(A, 0).  [covers 101,0/436,0 pos, 0,0/0,0 neg]
%     Score = -69.870,551934 (regressionFit = 69.870,551932, penalties=2.0500000000000003E-6) for clause:  medv(A) :- rad(A, 5), nox(A, 9).  [covers 16,0/436,0 pos, 0,0/0,0 neg]
%     Score = -69.765,437982 (regressionFit = 69.765,437980, penalties=2.0500000000000003E-6) for clause:  medv(A) :- rad(A, 5), nox(A, 7).  [covers 15,0/436,0 pos, 0,0/0,0 neg]
%     Score = -69.188,901421 (regressionFit = 69.188,901419, penalties=2.0500000000000003E-6) for clause:  medv(A) :- rad(A, 5), nox(A, 6).  [covers 5,0/436,0 pos, 0,0/0,0 neg]
%     Score = -69.868,386228 (regressionFit = 69.868,386226, penalties=2.0500000000000003E-6) for clause:  medv(A) :- rad(A, 5), rm(A, 9).  [covers 10,0/436,0 pos, 0,0/0,0 neg]
%     Score = -69.532,043287 (regressionFit = 69.532,043285, penalties=2.0500000000000003E-6) for clause:  medv(A) :- rad(A, 5), rm(A, 8).  [covers 15,0/436,0 pos, 0,0/0,0 neg]
%     Score = -66.473,090330 (regressionFit = 66.473,090328, penalties=2.0500000000000003E-6) for clause:  medv(A) :- rad(A, 5), rm(A, 4).  [covers 13,0/436,0 pos, 0,0/0,0 neg]
%     Score = -69.817,645710 (regressionFit = 69.817,645708, penalties=2.0500000000000003E-6) for clause:  medv(A) :- rad(A, 5), age(A, 9).  [covers 11,0/436,0 pos, 0,0/0,0 neg]
%     Score = -69.465,534971 (regressionFit = 69.465,534969, penalties=2.0500000000000003E-6) for clause:  medv(A) :- rad(A, 5), age(A, 3).  [covers 18,0/436,0 pos, 0,0/0,0 neg]
%     Score = -69.873,691023 (regressionFit = 69.873,691021, penalties=2.0500000000000003E-6) for clause:  medv(A) :- rad(A, 5), dis(A, 10).  [covers 12,0/436,0 pos, 0,0/0,0 neg]
%     Score = -69.729,840475 (regressionFit = 69.729,840473, penalties=2.0500000000000003E-6) for clause:  medv(A) :- rad(A, 5), dis(A, 7).  [covers 12,0/436,0 pos, 0,0/0,0 neg]
%     Score = -69.188,901421 (regressionFit = 69.188,901419, penalties=2.0300000000000005E-6) for clause:  medv(A) :- rad(A, 5), dis(A, 5).  [covers 5,0/436,0 pos, 0,0/0,0 neg]
%     Score = -69.720,614253 (regressionFit = 69.720,614251, penalties=2.0500000000000003E-6) for clause:  medv(A) :- rad(A, 5), tax(A, 403).  [covers 29,0/436,0 pos, 0,0/0,0 neg]
%     Score = -69.603,072447 (regressionFit = 69.603,072445, penalties=2.0500000000000003E-6) for clause:  medv(A) :- rad(A, 5), tax(A, 358).  [covers 3,0/436,0 pos, 0,0/0,0 neg]
%     Score = -69.855,962511 (regressionFit = 69.855,962509, penalties=2.0500000000000003E-6) for clause:  medv(A) :- rad(A, 5), ptratio(A, 9).  [covers 41,0/436,0 pos, 0,0/0,0 neg]
%     Score = -68.906,500151 (regressionFit = 68.906,500148, penalties=2.0500000000000003E-6) for clause:  medv(A) :- rad(A, 5), ptratio(A, 1).  [covers 25,0/436,0 pos, 0,0/0,0 neg]
%     Score = -69.480,542978 (regressionFit = 69.480,542976, penalties=2.0500000000000003E-6) for clause:  medv(A) :- rad(A, 5), b(A, 9).  [covers 12,0/436,0 pos, 0,0/0,0 neg]
%     Score = -69.291,598809 (regressionFit = 69.291,598807, penalties=2.0500000000000003E-6) for clause:  medv(A) :- rad(A, 5), b(A, 3).  [covers 11,0/436,0 pos, 0,0/0,0 neg]
%     Score = -69.860,836189 (regressionFit = 69.860,836187, penalties=2.0500000000000003E-6) for clause:  medv(A) :- rad(A, 5), b(A, 6).  [covers 15,0/436,0 pos, 0,0/0,0 neg]
%     Score = -69.569,817776 (regressionFit = 69.569,817774, penalties=2.0500000000000003E-6) for clause:  medv(A) :- rad(A, 5), lstat(A, 4).  [covers 15,0/436,0 pos, 0,0/0,0 neg]
%     Score = -69.021,691089 (regressionFit = 69.021,691087, penalties=2.0500000000000003E-6) for clause:  medv(A) :- rad(A, 5), lstat(A, 1).  [covers 16,0/436,0 pos, 0,0/0,0 neg]
%     Score = -69.662,558915 (regressionFit = 69.662,558913, penalties=2.0500000000000003E-6) for clause:  medv(A) :- ptratio(A, 5), crim(A, 6).  [covers 4,0/436,0 pos, 0,0/0,0 neg]
%     Score = -69.551,524910 (regressionFit = 69.551,524908, penalties=2.0500000000000003E-6) for clause:  medv(A) :- ptratio(A, 5), zn(A, 25).  [covers 4,0/436,0 pos, 0,0/0,0 neg]
%     Score = -68.757,971858 (regressionFit = 68.757,971856, penalties=2.0300000000000005E-6) for clause:  medv(A) :- ptratio(A, 5), indus(A, 5).  [covers 16,0/436,0 pos, 0,0/0,0 neg]
%     Score = -67.956,458422 (regressionFit = 67.956,458420, penalties=2.0500000000000003E-6) for clause:  medv(A) :- ptratio(A, 5), chas(A, 0).  [covers 42,0/436,0 pos, 0,0/0,0 neg]
%     Score = -68.771,194542 (regressionFit = 68.771,194540, penalties=2.0500000000000003E-6) for clause:  medv(A) :- ptratio(A, 5), nox(A, 6).  [covers 14,0/436,0 pos, 0,0/0,0 neg]
%     Score = -69.425,706762 (regressionFit = 69.425,706760, penalties=2.0500000000000003E-6) for clause:  medv(A) :- ptratio(A, 5), rm(A, 1).  [covers 4,0/436,0 pos, 0,0/0,0 neg]
%     Score = -69.779,722763 (regressionFit = 69.779,722761, penalties=2.0500000000000003E-6) for clause:  medv(A) :- ptratio(A, 5), age(A, 4).  [covers 6,0/436,0 pos, 0,0/0,0 neg]
%     Score = -68.537,564849 (regressionFit = 68.537,564847, penalties=2.0500000000000003E-6) for clause:  medv(A) :- ptratio(A, 5), dis(A, 2).  [covers 17,0/436,0 pos, 0,0/0,0 neg]
%     Score = -68.771,194542 (regressionFit = 68.771,194540, penalties=2.0500000000000003E-6) for clause:  medv(A) :- ptratio(A, 5), rad(A, 4).  [covers 14,0/436,0 pos, 0,0/0,0 neg]
%     Score = -69.551,524910 (regressionFit = 69.551,524908, penalties=2.0500000000000003E-6) for clause:  medv(A) :- ptratio(A, 5), tax(A, 281).  [covers 4,0/436,0 pos, 0,0/0,0 neg]
%     Score = -69.705,449237 (regressionFit = 69.705,449235, penalties=2.0500000000000003E-6) for clause:  medv(A) :- ptratio(A, 5), b(A, 4).  [covers 3,0/436,0 pos, 0,0/0,0 neg]
%     Score = -69.333,133579 (regressionFit = 69.333,133577, penalties=2.0500000000000003E-6) for clause:  medv(A) :- ptratio(A, 5), lstat(A, 9).  [covers 9,0/436,0 pos, 0,0/0,0 neg]

% The best node found: medv(A) :- dis(A, 10).  [covers 51,0/436,0 pos, 0,0/0,0 neg]

% The best node found: medv(A) :- dis(A, 10).  [covers 51,0/436,0 pos, 0,0/0,0 neg]
Setting 4.230529689618479 for 
 // Learned this clause on outer loop cycle #4.  It scores=-63.224,40 and has recall=0,12, precision=1,00, and F1=0,21 (using m-estimates).
 // It covers 11,7% of the positive examples, 51 of 436 (of which 14 are newly covered),
 // So far 150 (34,4%) of the positive examples have been covered.
(medv(A) :- dis(A, 10))

% On cycle #4, the best clause found is:
%      medv(A) :- dis(A, 10).  [covers 51,0/436,0 pos, 0,0/0,0 neg]
% This clause covers 51 positive examples, of which 14 are newly covered.
% It also covers 0 negative examples, of which 0 are newly covered.
% The current set of 4 best clauses covers 34,4% of the positive examples and NaN% of the negatives.}

% ******************************************

% Have stopped ILP's outer loop because have reached the maximum number of iterations (4).

% ******************************************
adding regression values
Added 39.46875000000001 to wgt = 39,4688 (medv(A) :- rm(A, 3))
Added 10.05847222222222 to wgt = 10,0585 (medv(A) :- crim(A, 10))
Added 8.801458333338033 to wgt = 8,8015 (medv(A) :- indus(A, 10))
Added 4.230529689618479 to wgt = 4,2305 (medv(A) :- dis(A, 10))
% Saving model in: data/boston_housing/train/models/bRDNs/medv.model.ckpt
% Time taken to learn 5 trees is 21,825 seconds.

% Kept 436 of the 436 positive examples.
% Kept 0 of the 0 negative examples.
% Dataset size: 436
Computing probabilities
prob time:261 milliseconds
No hidden examples for : medv
Time to build dataset: 266 milliseconds

% Have these 10 positive seeds: 10 13 23 34 44 108 150 262 308 329

% target           = medv(A)
%     Score = -Infinity (regressionFit = Infinity, penalties=1.1E-7) for clause:  medv(_).  [covers 436,0/436,0 pos, 0,0/0,0 neg]
% Unacceptable due to being the root node.
% Most-general root: medv(_).  [covers 436,0/436,0 pos, 0,0/0,0 neg]  score = -Infinity
%     Score = -39.638,468149 (regressionFit = 39.638,468148, penalties=1.03E-6) for clause:  medv(A) :- crim(A, 3).  [covers 47,0/436,0 pos, 0,0/0,0 neg]
% Gleaner: New best node found (score = -39.638,468149): medv(A) :- crim(A, 3).  [covers 47,0/436,0 pos, 0,0/0,0 neg]
%     Score = -39.500,127840 (regressionFit = 39.500,127839, penalties=1.03E-6) for clause:  medv(A) :- crim(A, 4).  [covers 41,0/436,0 pos, 0,0/0,0 neg]
% Gleaner: New best node found (score = -39.500,127840): medv(A) :- crim(A, 4).  [covers 41,0/436,0 pos, 0,0/0,0 neg]
%     Score = -38.882,625329 (regressionFit = 38.882,625328, penalties=1.03E-6) for clause:  medv(A) :- crim(A, 2).  [covers 51,0/436,0 pos, 0,0/0,0 neg]
% Gleaner: New best node found (score = -38.882,625329): medv(A) :- crim(A, 2).  [covers 51,0/436,0 pos, 0,0/0,0 neg]
%     Score = -39.638,483796 (regressionFit = 39.638,483795, penalties=1.03E-6) for clause:  medv(A) :- crim(A, 5).  [covers 49,0/436,0 pos, 0,0/0,0 neg]
%     Score = -38.808,651294 (regressionFit = 38.808,651293, penalties=1.03E-6) for clause:  medv(A) :- crim(A, 7).  [covers 47,0/436,0 pos, 0,0/0,0 neg]
% Gleaner: New best node found (score = -38.808,651294): medv(A) :- crim(A, 7).  [covers 47,0/436,0 pos, 0,0/0,0 neg]
%     Score = -37.633,240550 (regressionFit = 37.633,240549, penalties=1.03E-6) for clause:  medv(A) :- crim(A, 1).  [covers 49,0/436,0 pos, 0,0/0,0 neg]
% Gleaner: New best node found (score = -37.633,240550): medv(A) :- crim(A, 1).  [covers 49,0/436,0 pos, 0,0/0,0 neg]
%     Score = -39.272,609516 (regressionFit = 39.272,609515, penalties=1.03E-6) for clause:  medv(A) :- crim(A, 6).  [covers 43,0/436,0 pos, 0,0/0,0 neg]
%     Score = -33.315,657778 (regressionFit = 33.315,657777, penalties=1.03E-6) for clause:  medv(A) :- crim(A, 10).  [covers 45,0/436,0 pos, 0,0/0,0 neg]
% Gleaner: New best node found (score = -33.315,657778): medv(A) :- crim(A, 10).  [covers 45,0/436,0 pos, 0,0/0,0 neg]
%     Score = -34.695,562995 (regressionFit = 34.695,562994, penalties=1.03E-6) for clause:  medv(A) :- zn(A, 0).  [covers 307,0/436,0 pos, 0,0/0,0 neg]
%     Score = -39.544,486810 (regressionFit = 39.544,486809, penalties=1.03E-6) for clause:  medv(A) :- zn(A, 12.5).  [covers 10,0/436,0 pos, 0,0/0,0 neg]
%     Score = -39.291,723114 (regressionFit = 39.291,723113, penalties=1.03E-6) for clause:  medv(A) :- zn(A, 80).  [covers 14,0/436,0 pos, 0,0/0,0 neg]
%     Score = -38.847,221314 (regressionFit = 38.847,221313, penalties=1.03E-6) for clause:  medv(A) :- indus(A, 3).  [covers 47,0/436,0 pos, 0,0/0,0 neg]
%     Score = -39.062,758156 (regressionFit = 39.062,758155, penalties=1.03E-6) for clause:  medv(A) :- indus(A, 8).  [covers 21,0/436,0 pos, 0,0/0,0 neg]
%     Score = -35.626,344937 (regressionFit = 35.626,344936, penalties=1.03E-6) for clause:  medv(A) :- indus(A, 1).  [covers 48,0/436,0 pos, 0,0/0,0 neg]
%     Score = -38.605,364984 (regressionFit = 38.605,364983, penalties=1.03E-6) for clause:  medv(A) :- indus(A, 2).  [covers 51,0/436,0 pos, 0,0/0,0 neg]
%     Score = -39.638,397790 (regressionFit = 39.638,397788, penalties=1.03E-6) for clause:  medv(A) :- indus(A, 5).  [covers 48,0/436,0 pos, 0,0/0,0 neg]
%     Score = -33.338,864426 (regressionFit = 33.338,864425, penalties=1.03E-6) for clause:  medv(A) :- indus(A, 10).  [covers 90,0/436,0 pos, 0,0/0,0 neg]
%     Score = -38.577,903989 (regressionFit = 38.577,903988, penalties=1.03E-6) for clause:  medv(A) :- chas(A, 0).  [covers 401,0/436,0 pos, 0,0/0,0 neg]
%     Score = -38.577,903989 (regressionFit = 38.577,903988, penalties=1.03E-6) for clause:  medv(A) :- chas(A, 1).  [covers 35,0/436,0 pos, 0,0/0,0 neg]
%     Score = -39.632,627127 (regressionFit = 39.632,627126, penalties=1.03E-6) for clause:  medv(A) :- nox(A, 3).  [covers 43,0/436,0 pos, 0,0/0,0 neg]
%     Score = -39.461,939132 (regressionFit = 39.461,939131, penalties=1.03E-6) for clause:  medv(A) :- nox(A, 7).  [covers 32,0/436,0 pos, 0,0/0,0 neg]
%     Score = -38.985,899918 (regressionFit = 38.985,899917, penalties=1.03E-6) for clause:  medv(A) :- nox(A, 8).  [covers 36,0/436,0 pos, 0,0/0,0 neg]
%     Score = -38.241,492644 (regressionFit = 38.241,492643, penalties=1.03E-6) for clause:  medv(A) :- nox(A, 6).  [covers 48,0/436,0 pos, 0,0/0,0 neg]
%     Score = -32.266,679031 (regressionFit = 32.266,679030, penalties=1.03E-6) for clause:  medv(A) :- nox(A, 10).  [covers 42,0/436,0 pos, 0,0/0,0 neg]
% Gleaner: New best node found (score = -32.266,679031): medv(A) :- nox(A, 10).  [covers 42,0/436,0 pos, 0,0/0,0 neg]
%     Score = -39.236,069984 (regressionFit = 39.236,069983, penalties=1.03E-6) for clause:  medv(A) :- rm(A, 2).  [covers 44,0/436,0 pos, 0,0/0,0 neg]
%     Score = -38.918,693666 (regressionFit = 38.918,693665, penalties=1.03E-6) for clause:  medv(A) :- rm(A, 8).  [covers 45,0/436,0 pos, 0,0/0,0 neg]
%     Score = -37.815,121422 (regressionFit = 37.815,121421, penalties=1.03E-6) for clause:  medv(A) :- rm(A, 7).  [covers 44,0/436,0 pos, 0,0/0,0 neg]
%     Score = -39.237,214586 (regressionFit = 39.237,214585, penalties=1.03E-6) for clause:  medv(A) :- rm(A, 6).  [covers 43,0/436,0 pos, 0,0/0,0 neg]
%     Score = -23.480,474251 (regressionFit = 23.480,474250, penalties=1.03E-6) for clause:  medv(A) :- rm(A, 3).  [covers 48,0/436,0 pos, 0,0/0,0 neg]
% Gleaner: New best node found (score = -23.480,474251): medv(A) :- rm(A, 3).  [covers 48,0/436,0 pos, 0,0/0,0 neg]
%     Score = -39.337,639529 (regressionFit = 39.337,639528, penalties=1.03E-6) for clause:  medv(A) :- rm(A, 1).  [covers 43,0/436,0 pos, 0,0/0,0 neg]
%     Score = -39.105,555471 (regressionFit = 39.105,555470, penalties=1.03E-6) for clause:  medv(A) :- rm(A, 5).  [covers 39,0/436,0 pos, 0,0/0,0 neg]
%     Score = -39.546,760668 (regressionFit = 39.546,760667, penalties=1.03E-6) for clause:  medv(A) :- rm(A, 10).  [covers 40,0/436,0 pos, 0,0/0,0 neg]
%     Score = -39.264,324981 (regressionFit = 39.264,324980, penalties=1.03E-6) for clause:  medv(A) :- age(A, 5).  [covers 41,0/436,0 pos, 0,0/0,0 neg]
%     Score = -38.382,788094 (regressionFit = 38.382,788093, penalties=1.03E-6) for clause:  medv(A) :- age(A, 7).  [covers 43,0/436,0 pos, 0,0/0,0 neg]
%     Score = -39.492,330675 (regressionFit = 39.492,330674, penalties=1.03E-6) for clause:  medv(A) :- age(A, 4).  [covers 37,0/436,0 pos, 0,0/0,0 neg]
%     Score = -39.446,839819 (regressionFit = 39.446,839818, penalties=1.03E-6) for clause:  medv(A) :- age(A, 3).  [covers 46,0/436,0 pos, 0,0/0,0 neg]
%     Score = -37.201,871585 (regressionFit = 37.201,871584, penalties=1.03E-6) for clause:  medv(A) :- age(A, 6).  [covers 48,0/436,0 pos, 0,0/0,0 neg]
%     Score = -39.629,781173 (regressionFit = 39.629,781172, penalties=1.03E-6) for clause:  medv(A) :- dis(A, 7).  [covers 29,0/436,0 pos, 0,0/0,0 neg]
%     Score = -39.398,550866 (regressionFit = 39.398,550865, penalties=1.03E-6) for clause:  medv(A) :- dis(A, 3).  [covers 50,0/436,0 pos, 0,0/0,0 neg]
%     Score = -39.604,062451 (regressionFit = 39.604,062450, penalties=1.03E-6) for clause:  medv(A) :- dis(A, 8).  [covers 42,0/436,0 pos, 0,0/0,0 neg]
%     Score = -37.266,455861 (regressionFit = 37.266,455860, penalties=1.03E-6) for clause:  medv(A) :- dis(A, 9).  [covers 43,0/436,0 pos, 0,0/0,0 neg]
%     Score = -39.463,716786 (regressionFit = 39.463,716785, penalties=1.03E-6) for clause:  medv(A) :- dis(A, 5).  [covers 46,0/436,0 pos, 0,0/0,0 neg]
%     Score = -39.608,466069 (regressionFit = 39.608,466068, penalties=1.03E-6) for clause:  medv(A) :- dis(A, 1).  [covers 48,0/436,0 pos, 0,0/0,0 neg]
%     Score = -38.980,541889 (regressionFit = 38.980,541888, penalties=1.03E-6) for clause:  medv(A) :- dis(A, 2).  [covers 50,0/436,0 pos, 0,0/0,0 neg]
%     Score = -37.799,267508 (regressionFit = 37.799,267507, penalties=1.03E-6) for clause:  medv(A) :- dis(A, 10).  [covers 51,0/436,0 pos, 0,0/0,0 neg]
%     Score = -38.686,454037 (regressionFit = 38.686,454036, penalties=1.03E-6) for clause:  medv(A) :- rad(A, 5).  [covers 112,0/436,0 pos, 0,0/0,0 neg]
%     Score = -39.277,358940 (regressionFit = 39.277,358939, penalties=1.03E-6) for clause:  medv(A) :- rad(A, 2).  [covers 23,0/436,0 pos, 0,0/0,0 neg]
%     Score = -39.459,259945 (regressionFit = 39.459,259944, penalties=1.03E-6) for clause:  medv(A) :- rad(A, 4).  [covers 101,0/436,0 pos, 0,0/0,0 neg]
%     Score = -38.322,758590 (regressionFit = 38.322,758589, penalties=1.03E-6) for clause:  medv(A) :- rad(A, 8).  [covers 24,0/436,0 pos, 0,0/0,0 neg]
%     Score = -33.338,864426 (regressionFit = 33.338,864425, penalties=1.03E-6) for clause:  medv(A) :- rad(A, 24).  [covers 90,0/436,0 pos, 0,0/0,0 neg]
%     Score = -39.591,417199 (regressionFit = 39.591,417198, penalties=1.03E-6) for clause:  medv(A) :- tax(A, 384).  [covers 11,0/436,0 pos, 0,0/0,0 neg]
%     Score = -39.573,704031 (regressionFit = 39.573,704030, penalties=1.03E-6) for clause:  medv(A) :- tax(A, 311).  [covers 7,0/436,0 pos, 0,0/0,0 neg]
%     Score = -39.539,402667 (regressionFit = 39.539,402666, penalties=1.03E-6) for clause:  medv(A) :- tax(A, 188).  [covers 7,0/436,0 pos, 0,0/0,0 neg]
%     Score = -39.152,503129 (regressionFit = 39.152,503128, penalties=1.03E-6) for clause:  medv(A) :- tax(A, 437).  [covers 14,0/436,0 pos, 0,0/0,0 neg]
%     Score = -39.358,079268 (regressionFit = 39.358,079267, penalties=1.03E-6) for clause:  medv(A) :- tax(A, 329).  [covers 6,0/436,0 pos, 0,0/0,0 neg]
%     Score = -39.559,309774 (regressionFit = 39.559,309773, penalties=1.03E-6) for clause:  medv(A) :- tax(A, 307).  [covers 39,0/436,0 pos, 0,0/0,0 neg]
%     Score = -39.541,413374 (regressionFit = 39.541,413373, penalties=1.03E-6) for clause:  medv(A) :- tax(A, 224).  [covers 9,0/436,0 pos, 0,0/0,0 neg]
%     Score = -33.338,864426 (regressionFit = 33.338,864425, penalties=1.03E-6) for clause:  medv(A) :- tax(A, 666).  [covers 90,0/436,0 pos, 0,0/0,0 neg]
%     Score = -38.814,127987 (regressionFit = 38.814,127986, penalties=1.03E-6) for clause:  medv(A) :- ptratio(A, 4).  [covers 32,0/436,0 pos, 0,0/0,0 neg]
%     Score = -38.780,620072 (regressionFit = 38.780,620071, penalties=1.03E-6) for clause:  medv(A) :- ptratio(A, 1).  [covers 45,0/436,0 pos, 0,0/0,0 neg]
%     Score = -39.637,264022 (regressionFit = 39.637,264021, penalties=1.03E-6) for clause:  medv(A) :- ptratio(A, 5).  [covers 42,0/436,0 pos, 0,0/0,0 neg]
%     Score = -39.136,375467 (regressionFit = 39.136,375466, penalties=1.03E-6) for clause:  medv(A) :- ptratio(A, 7).  [covers 16,0/436,0 pos, 0,0/0,0 neg]
%     Score = -36.925,257023 (regressionFit = 36.925,257022, penalties=1.03E-6) for clause:  medv(A) :- ptratio(A, 9).  [covers 50,0/436,0 pos, 0,0/0,0 neg]
%     Score = -38.628,749887 (regressionFit = 38.628,749886, penalties=1.03E-6) for clause:  medv(A) :- ptratio(A, 6).  [covers 48,0/436,0 pos, 0,0/0,0 neg]
%     Score = -33.258,024644 (regressionFit = 33.258,024643, penalties=1.03E-6) for clause:  medv(A) :- ptratio(A, 10).  [covers 97,0/436,0 pos, 0,0/0,0 neg]
%     Score = -39.618,244991 (regressionFit = 39.618,244990, penalties=1.03E-6) for clause:  medv(A) :- b(A, 3).  [covers 47,0/436,0 pos, 0,0/0,0 neg]
%     Score = -39.176,403297 (regressionFit = 39.176,403296, penalties=1.03E-6) for clause:  medv(A) :- b(A, 2).  [covers 40,0/436,0 pos, 0,0/0,0 neg]
%     Score = -39.108,046447 (regressionFit = 39.108,046446, penalties=1.03E-6) for clause:  medv(A) :- b(A, 6).  [covers 47,0/436,0 pos, 0,0/0,0 neg]
%     Score = -39.157,831180 (regressionFit = 39.157,831179, penalties=1.03E-6) for clause:  medv(A) :- b(A, 1).  [covers 102,0/436,0 pos, 0,0/0,0 neg]
%     Score = -39.281,193173 (regressionFit = 39.281,193172, penalties=1.03E-6) for clause:  medv(A) :- lstat(A, 4).  [covers 42,0/436,0 pos, 0,0/0,0 neg]
%     Score = -36.454,238096 (regressionFit = 36.454,238095, penalties=1.03E-6) for clause:  medv(A) :- lstat(A, 5).  [covers 39,0/436,0 pos, 0,0/0,0 neg]
%     Score = -38.918,740579 (regressionFit = 38.918,740578, penalties=1.03E-6) for clause:  medv(A) :- lstat(A, 10).  [covers 38,0/436,0 pos, 0,0/0,0 neg]
%     Score = -38.800,377464 (regressionFit = 38.800,377463, penalties=1.03E-6) for clause:  medv(A) :- lstat(A, 9).  [covers 46,0/436,0 pos, 0,0/0,0 neg]
%     Score = -39.589,839740 (regressionFit = 39.589,839739, penalties=1.03E-6) for clause:  medv(A) :- lstat(A, 8).  [covers 44,0/436,0 pos, 0,0/0,0 neg]
%     Score = -35.520,322587 (regressionFit = 35.520,322585, penalties=2.0500000000000003E-6) for clause:  medv(A) :- rm(A, 3), crim(A, 1).  [covers 10,0/436,0 pos, 0,0/0,0 neg]
%     Score = -38.851,662022 (regressionFit = 38.851,662020, penalties=2.0500000000000003E-6) for clause:  medv(A) :- rm(A, 3), zn(A, 80).  [covers 3,0/436,0 pos, 0,0/0,0 neg]
%     Score = -34.642,988279 (regressionFit = 34.642,988277, penalties=2.0500000000000003E-6) for clause:  medv(A) :- rm(A, 3), indus(A, 1).  [covers 15,0/436,0 pos, 0,0/0,0 neg]
%     Score = -26.196,537093 (regressionFit = 26.196,537091, penalties=2.0500000000000003E-6) for clause:  medv(A) :- rm(A, 3), chas(A, 0).  [covers 41,0/436,0 pos, 0,0/0,0 neg]
%     Score = -36.069,593881 (regressionFit = 36.069,593879, penalties=2.0500000000000003E-6) for clause:  medv(A) :- rm(A, 3), nox(A, 6).  [covers 8,0/436,0 pos, 0,0/0,0 neg]
%     Score = -38.447,412438 (regressionFit = 38.447,412436, penalties=2.0300000000000005E-6) for clause:  medv(A) :- rm(A, 3), age(A, 3).  [covers 7,0/436,0 pos, 0,0/0,0 neg]
%     Score = -38.988,470522 (regressionFit = 38.988,470520, penalties=2.0500000000000003E-6) for clause:  medv(A) :- rm(A, 3), dis(A, 5).  [covers 4,0/436,0 pos, 0,0/0,0 neg]
%     Score = -38.230,575721 (regressionFit = 38.230,575719, penalties=2.0500000000000003E-6) for clause:  medv(A) :- rm(A, 3), rad(A, 2).  [covers 7,0/436,0 pos, 0,0/0,0 neg]
%     Score = -Infinity (regressionFit = Infinity, penalties=2.0500000000000003E-6) for clause:  medv(A) :- rm(A, 3), tax(A, 329).  [covers 2,0/436,0 pos, 0,0/0,0 neg]
%     Score = -30.474,209275 (regressionFit = 30.474,209273, penalties=2.0500000000000003E-6) for clause:  medv(A) :- rm(A, 3), ptratio(A, 9).  [covers 20,0/436,0 pos, 0,0/0,0 neg]
%     Score = -37.742,535135 (regressionFit = 37.742,535133, penalties=2.0500000000000003E-6) for clause:  medv(A) :- rm(A, 3), b(A, 2).  [covers 7,0/436,0 pos, 0,0/0,0 neg]
%     Score = -37.849,993752 (regressionFit = 37.849,993750, penalties=2.0500000000000003E-6) for clause:  medv(A) :- rm(A, 3), lstat(A, 9).  [covers 8,0/436,0 pos, 0,0/0,0 neg]
%     Score = -34.388,308568 (regressionFit = 34.388,308566, penalties=2.0300000000000005E-6) for clause:  medv(A) :- nox(A, 10), crim(A, 10).  [covers 26,0/436,0 pos, 0,0/0,0 neg]
%     Score = -32.266,679032 (regressionFit = 32.266,679030, penalties=2.0500000000000003E-6) for clause:  medv(A) :- nox(A, 10), zn(A, 0).  [covers 42,0/436,0 pos, 0,0/0,0 neg]
%     Score = -32.266,679032 (regressionFit = 32.266,679030, penalties=2.0300000000000005E-6) for clause:  medv(A) :- nox(A, 10), indus(A, 10).  [covers 42,0/436,0 pos, 0,0/0,0 neg]
%     Score = -32.266,679032 (regressionFit = 32.266,679030, penalties=2.0500000000000003E-6) for clause:  medv(A) :- nox(A, 10), chas(A, 0).  [covers 42,0/436,0 pos, 0,0/0,0 neg]
%     Score = -Infinity (regressionFit = Infinity, penalties=2.0500000000000003E-6) for clause:  medv(A) :- nox(A, 10), rm(A, 1).  [covers 2,0/436,0 pos, 0,0/0,0 neg]
%     Score = -Infinity (regressionFit = Infinity, penalties=2.0300000000000005E-6) for clause:  medv(A) :- nox(A, 10), rm(A, 10).  [covers 2,0/436,0 pos, 0,0/0,0 neg]
%     Score = -36.097,599162 (regressionFit = 36.097,599160, penalties=2.0500000000000003E-6) for clause:  medv(A) :- nox(A, 10), age(A, 6).  [covers 18,0/436,0 pos, 0,0/0,0 neg]
%     Score = -35.786,624489 (regressionFit = 35.786,624487, penalties=2.0300000000000005E-6) for clause:  medv(A) :- nox(A, 10), dis(A, 10).  [covers 20,0/436,0 pos, 0,0/0,0 neg]
%     Score = -32.266,679032 (regressionFit = 32.266,679030, penalties=2.0500000000000003E-6) for clause:  medv(A) :- nox(A, 10), rad(A, 24).  [covers 42,0/436,0 pos, 0,0/0,0 neg]
%     Score = -32.266,679032 (regressionFit = 32.266,679030, penalties=2.0500000000000003E-6) for clause:  medv(A) :- nox(A, 10), tax(A, 666).  [covers 42,0/436,0 pos, 0,0/0,0 neg]
%     Score = -32.266,679032 (regressionFit = 32.266,679030, penalties=2.0300000000000005E-6) for clause:  medv(A) :- nox(A, 10), ptratio(A, 10).  [covers 42,0/436,0 pos, 0,0/0,0 neg]
%     Score = -36.326,062580 (regressionFit = 36.326,062578, penalties=2.0500000000000003E-6) for clause:  medv(A) :- nox(A, 10), b(A, 1).  [covers 20,0/436,0 pos, 0,0/0,0 neg]
%     Score = -37.564,264739 (regressionFit = 37.564,264737, penalties=2.0500000000000003E-6) for clause:  medv(A) :- nox(A, 10), lstat(A, 5).  [covers 14,0/436,0 pos, 0,0/0,0 neg]
%     Score = -39.607,680190 (regressionFit = 39.607,680188, penalties=2.0500000000000003E-6) for clause:  medv(A) :- ptratio(A, 10), crim(A, 6).  [covers 3,0/436,0 pos, 0,0/0,0 neg]
%     Score = -33.315,657779 (regressionFit = 33.315,657777, penalties=2.0300000000000005E-6) for clause:  medv(A) :- ptratio(A, 10), crim(A, 10).  [covers 45,0/436,0 pos, 0,0/0,0 neg]
%     Score = -33.258,024645 (regressionFit = 33.258,024643, penalties=2.0500000000000003E-6) for clause:  medv(A) :- ptratio(A, 10), zn(A, 0).  [covers 97,0/436,0 pos, 0,0/0,0 neg]
%     Score = -39.562,191825 (regressionFit = 39.562,191823, penalties=2.0500000000000003E-6) for clause:  medv(A) :- ptratio(A, 10), indus(A, 5).  [covers 7,0/436,0 pos, 0,0/0,0 neg]
%     Score = -33.338,864427 (regressionFit = 33.338,864425, penalties=2.0300000000000005E-6) for clause:  medv(A) :- ptratio(A, 10), indus(A, 10).  [covers 90,0/436,0 pos, 0,0/0,0 neg]
%     Score = -31.498,871178 (regressionFit = 31.498,871176, penalties=2.0500000000000003E-6) for clause:  medv(A) :- ptratio(A, 10), chas(A, 0).  [covers 89,0/436,0 pos, 0,0/0,0 neg]
%     Score = -39.562,191825 (regressionFit = 39.562,191823, penalties=2.0500000000000003E-6) for clause:  medv(A) :- ptratio(A, 10), nox(A, 3).  [covers 7,0/436,0 pos, 0,0/0,0 neg]
%     Score = -32.266,679032 (regressionFit = 32.266,679030, penalties=2.0300000000000005E-6) for clause:  medv(A) :- ptratio(A, 10), nox(A, 10).  [covers 42,0/436,0 pos, 0,0/0,0 neg]
%     Score = -39.245,526070 (regressionFit = 39.245,526068, penalties=2.0500000000000003E-6) for clause:  medv(A) :- ptratio(A, 10), rm(A, 5).  [covers 7,0/436,0 pos, 0,0/0,0 neg]
%     Score = -39.616,599962 (regressionFit = 39.616,599960, penalties=2.0500000000000003E-6) for clause:  medv(A) :- ptratio(A, 10), rm(A, 1).  [covers 5,0/436,0 pos, 0,0/0,0 neg]
%     Score = -39.437,981756 (regressionFit = 39.437,981754, penalties=2.0300000000000005E-6) for clause:  medv(A) :- ptratio(A, 10), rm(A, 10).  [covers 11,0/436,0 pos, 0,0/0,0 neg]
%     Score = -39.606,604781 (regressionFit = 39.606,604779, penalties=2.0500000000000003E-6) for clause:  medv(A) :- ptratio(A, 10), age(A, 3).  [covers 4,0/436,0 pos, 0,0/0,0 neg]
%     Score = -37.427,286319 (regressionFit = 37.427,286317, penalties=2.0500000000000003E-6) for clause:  medv(A) :- ptratio(A, 10), age(A, 6).  [covers 33,0/436,0 pos, 0,0/0,0 neg]
%     Score = -39.561,536305 (regressionFit = 39.561,536303, penalties=2.0500000000000003E-6) for clause:  medv(A) :- ptratio(A, 10), dis(A, 2).  [covers 5,0/436,0 pos, 0,0/0,0 neg]
%     Score = -38.619,522862 (regressionFit = 38.619,522860, penalties=2.0300000000000005E-6) for clause:  medv(A) :- ptratio(A, 10), dis(A, 10).  [covers 37,0/436,0 pos, 0,0/0,0 neg]
%     Score = -39.562,191825 (regressionFit = 39.562,191823, penalties=2.0500000000000003E-6) for clause:  medv(A) :- ptratio(A, 10), rad(A, 5).  [covers 7,0/436,0 pos, 0,0/0,0 neg]
%     Score = -33.338,864427 (regressionFit = 33.338,864425, penalties=2.0500000000000003E-6) for clause:  medv(A) :- ptratio(A, 10), rad(A, 24).  [covers 90,0/436,0 pos, 0,0/0,0 neg]
%     Score = -39.562,191825 (regressionFit = 39.562,191823, penalties=2.0500000000000003E-6) for clause:  medv(A) :- ptratio(A, 10), tax(A, 224).  [covers 7,0/436,0 pos, 0,0/0,0 neg]
%     Score = -33.338,864427 (regressionFit = 33.338,864425, penalties=2.0500000000000003E-6) for clause:  medv(A) :- ptratio(A, 10), tax(A, 666).  [covers 90,0/436,0 pos, 0,0/0,0 neg]
%     Score = -36.132,491233 (regressionFit = 36.132,491231, penalties=2.0500000000000003E-6) for clause:  medv(A) :- ptratio(A, 10), b(A, 1).  [covers 26,0/436,0 pos, 0,0/0,0 neg]
%     Score = -39.531,435656 (regressionFit = 39.531,435654, penalties=2.0500000000000003E-6) for clause:  medv(A) :- ptratio(A, 10), lstat(A, 8).  [covers 5,0/436,0 pos, 0,0/0,0 neg]
%     Score = -37.064,760783 (regressionFit = 37.064,760781, penalties=2.0500000000000003E-6) for clause:  medv(A) :- ptratio(A, 10), lstat(A, 5).  [covers 23,0/436,0 pos, 0,0/0,0 neg]
%     Score = -33.315,657779 (regressionFit = 33.315,657777, penalties=2.0500000000000003E-6) for clause:  medv(A) :- crim(A, 10), zn(A, 0).  [covers 45,0/436,0 pos, 0,0/0,0 neg]
%     Score = -33.315,657779 (regressionFit = 33.315,657777, penalties=2.0300000000000005E-6) for clause:  medv(A) :- crim(A, 10), indus(A, 10).  [covers 45,0/436,0 pos, 0,0/0,0 neg]
%     Score = -33.315,657779 (regressionFit = 33.315,657777, penalties=2.0500000000000003E-6) for clause:  medv(A) :- crim(A, 10), chas(A, 0).  [covers 45,0/436,0 pos, 0,0/0,0 neg]
%     Score = -34.388,308568 (regressionFit = 34.388,308566, penalties=2.0300000000000005E-6) for clause:  medv(A) :- crim(A, 10), nox(A, 10).  [covers 26,0/436,0 pos, 0,0/0,0 neg]
%     Score = -39.288,526078 (regressionFit = 39.288,526076, penalties=2.0500000000000003E-6) for clause:  medv(A) :- crim(A, 10), rm(A, 1).  [covers 4,0/436,0 pos, 0,0/0,0 neg]
%     Score = -Infinity (regressionFit = Infinity, penalties=2.0300000000000005E-6) for clause:  medv(A) :- crim(A, 10), rm(A, 10).  [covers 2,0/436,0 pos, 0,0/0,0 neg]
%     Score = -37.303,924712 (regressionFit = 37.303,924710, penalties=2.0500000000000003E-6) for clause:  medv(A) :- crim(A, 10), age(A, 6).  [covers 22,0/436,0 pos, 0,0/0,0 neg]
%     Score = -36.681,527593 (regressionFit = 36.681,527591, penalties=2.0300000000000005E-6) for clause:  medv(A) :- crim(A, 10), dis(A, 10).  [covers 26,0/436,0 pos, 0,0/0,0 neg]
%     Score = -33.315,657779 (regressionFit = 33.315,657777, penalties=2.0500000000000003E-6) for clause:  medv(A) :- crim(A, 10), rad(A, 24).  [covers 45,0/436,0 pos, 0,0/0,0 neg]
%     Score = -33.315,657779 (regressionFit = 33.315,657777, penalties=2.0500000000000003E-6) for clause:  medv(A) :- crim(A, 10), tax(A, 666).  [covers 45,0/436,0 pos, 0,0/0,0 neg]
%     Score = -33.315,657779 (regressionFit = 33.315,657777, penalties=2.0300000000000005E-6) for clause:  medv(A) :- crim(A, 10), ptratio(A, 10).  [covers 45,0/436,0 pos, 0,0/0,0 neg]
%     Score = -36.964,169623 (regressionFit = 36.964,169621, penalties=2.0500000000000003E-6) for clause:  medv(A) :- crim(A, 10), b(A, 1).  [covers 15,0/436,0 pos, 0,0/0,0 neg]
%     Score = -38.193,644109 (regressionFit = 38.193,644107, penalties=2.0500000000000003E-6) for clause:  medv(A) :- crim(A, 10), lstat(A, 5).  [covers 11,0/436,0 pos, 0,0/0,0 neg]
%     Score = -33.315,657779 (regressionFit = 33.315,657777, penalties=2.0300000000000005E-6) for clause:  medv(A) :- indus(A, 10), crim(A, 10).  [covers 45,0/436,0 pos, 0,0/0,0 neg]
%     Score = -33.338,864427 (regressionFit = 33.338,864425, penalties=2.0500000000000003E-6) for clause:  medv(A) :- indus(A, 10), zn(A, 0).  [covers 90,0/436,0 pos, 0,0/0,0 neg]
%     Score = -31.493,744840 (regressionFit = 31.493,744838, penalties=2.0500000000000003E-6) for clause:  medv(A) :- indus(A, 10), chas(A, 0).  [covers 82,0/436,0 pos, 0,0/0,0 neg]
%     Score = -32.266,679032 (regressionFit = 32.266,679030, penalties=2.0300000000000005E-6) for clause:  medv(A) :- indus(A, 10), nox(A, 10).  [covers 42,0/436,0 pos, 0,0/0,0 neg]
%     Score = -39.616,599962 (regressionFit = 39.616,599960, penalties=2.0500000000000003E-6) for clause:  medv(A) :- indus(A, 10), rm(A, 1).  [covers 5,0/436,0 pos, 0,0/0,0 neg]
%     Score = -39.429,241291 (regressionFit = 39.429,241289, penalties=2.0300000000000005E-6) for clause:  medv(A) :- indus(A, 10), rm(A, 10).  [covers 9,0/436,0 pos, 0,0/0,0 neg]
%     Score = -37.427,286319 (regressionFit = 37.427,286317, penalties=2.0500000000000003E-6) for clause:  medv(A) :- indus(A, 10), age(A, 6).  [covers 33,0/436,0 pos, 0,0/0,0 neg]
%     Score = -38.619,522862 (regressionFit = 38.619,522860, penalties=2.0300000000000005E-6) for clause:  medv(A) :- indus(A, 10), dis(A, 10).  [covers 37,0/436,0 pos, 0,0/0,0 neg]
%     Score = -33.338,864427 (regressionFit = 33.338,864425, penalties=2.0500000000000003E-6) for clause:  medv(A) :- indus(A, 10), rad(A, 24).  [covers 90,0/436,0 pos, 0,0/0,0 neg]
%     Score = -33.338,864427 (regressionFit = 33.338,864425, penalties=2.0500000000000003E-6) for clause:  medv(A) :- indus(A, 10), tax(A, 666).  [covers 90,0/436,0 pos, 0,0/0,0 neg]
%     Score = -33.338,864427 (regressionFit = 33.338,864425, penalties=2.0300000000000005E-6) for clause:  medv(A) :- indus(A, 10), ptratio(A, 10).  [covers 90,0/436,0 pos, 0,0/0,0 neg]
%     Score = -36.027,162962 (regressionFit = 36.027,162960, penalties=2.0500000000000003E-6) for clause:  medv(A) :- indus(A, 10), b(A, 1).  [covers 23,0/436,0 pos, 0,0/0,0 neg]
%     Score = -37.064,760783 (regressionFit = 37.064,760781, penalties=2.0500000000000003E-6) for clause:  medv(A) :- indus(A, 10), lstat(A, 5).  [covers 23,0/436,0 pos, 0,0/0,0 neg]
%     Score = -33.315,657779 (regressionFit = 33.315,657777, penalties=2.0500000000000003E-6) for clause:  medv(A) :- rad(A, 24), crim(A, 10).  [covers 45,0/436,0 pos, 0,0/0,0 neg]
%     Score = -33.338,864427 (regressionFit = 33.338,864425, penalties=2.0500000000000003E-6) for clause:  medv(A) :- rad(A, 24), zn(A, 0).  [covers 90,0/436,0 pos, 0,0/0,0 neg]
%     Score = -33.338,864427 (regressionFit = 33.338,864425, penalties=2.0500000000000003E-6) for clause:  medv(A) :- rad(A, 24), indus(A, 10).  [covers 90,0/436,0 pos, 0,0/0,0 neg]
%     Score = -31.493,744840 (regressionFit = 31.493,744838, penalties=2.0500000000000003E-6) for clause:  medv(A) :- rad(A, 24), chas(A, 0).  [covers 82,0/436,0 pos, 0,0/0,0 neg]
%     Score = -32.266,679032 (regressionFit = 32.266,679030, penalties=2.0500000000000003E-6) for clause:  medv(A) :- rad(A, 24), nox(A, 10).  [covers 42,0/436,0 pos, 0,0/0,0 neg]
%     Score = -39.616,599962 (regressionFit = 39.616,599960, penalties=2.0500000000000003E-6) for clause:  medv(A) :- rad(A, 24), rm(A, 1).  [covers 5,0/436,0 pos, 0,0/0,0 neg]
%     Score = -39.429,241291 (regressionFit = 39.429,241289, penalties=2.0500000000000003E-6) for clause:  medv(A) :- rad(A, 24), rm(A, 10).  [covers 9,0/436,0 pos, 0,0/0,0 neg]
%     Score = -37.427,286319 (regressionFit = 37.427,286317, penalties=2.0500000000000003E-6) for clause:  medv(A) :- rad(A, 24), age(A, 6).  [covers 33,0/436,0 pos, 0,0/0,0 neg]
%     Score = -38.619,522862 (regressionFit = 38.619,522860, penalties=2.0500000000000003E-6) for clause:  medv(A) :- rad(A, 24), dis(A, 10).  [covers 37,0/436,0 pos, 0,0/0,0 neg]
%     Score = -33.338,864427 (regressionFit = 33.338,864425, penalties=2.0500000000000003E-6) for clause:  medv(A) :- rad(A, 24), tax(A, 666).  [covers 90,0/436,0 pos, 0,0/0,0 neg]
%     Score = -33.338,864427 (regressionFit = 33.338,864425, penalties=2.0500000000000003E-6) for clause:  medv(A) :- rad(A, 24), ptratio(A, 10).  [covers 90,0/436,0 pos, 0,0/0,0 neg]
%     Score = -36.027,162962 (regressionFit = 36.027,162960, penalties=2.0500000000000003E-6) for clause:  medv(A) :- rad(A, 24), b(A, 1).  [covers 23,0/436,0 pos, 0,0/0,0 neg]
%     Score = -37.064,760783 (regressionFit = 37.064,760781, penalties=2.0500000000000003E-6) for clause:  medv(A) :- rad(A, 24), lstat(A, 5).  [covers 23,0/436,0 pos, 0,0/0,0 neg]
%     Score = -33.315,657779 (regressionFit = 33.315,657777, penalties=2.0500000000000003E-6) for clause:  medv(A) :- tax(A, 666), crim(A, 10).  [covers 45,0/436,0 pos, 0,0/0,0 neg]
%     Score = -33.338,864427 (regressionFit = 33.338,864425, penalties=2.0500000000000003E-6) for clause:  medv(A) :- tax(A, 666), zn(A, 0).  [covers 90,0/436,0 pos, 0,0/0,0 neg]
%     Score = -33.338,864427 (regressionFit = 33.338,864425, penalties=2.0500000000000003E-6) for clause:  medv(A) :- tax(A, 666), indus(A, 10).  [covers 90,0/436,0 pos, 0,0/0,0 neg]
%     Score = -31.493,744840 (regressionFit = 31.493,744838, penalties=2.0500000000000003E-6) for clause:  medv(A) :- tax(A, 666), chas(A, 0).  [covers 82,0/436,0 pos, 0,0/0,0 neg]
%     Score = -32.266,679032 (regressionFit = 32.266,679030, penalties=2.0500000000000003E-6) for clause:  medv(A) :- tax(A, 666), nox(A, 10).  [covers 42,0/436,0 pos, 0,0/0,0 neg]
%     Score = -39.616,599962 (regressionFit = 39.616,599960, penalties=2.0500000000000003E-6) for clause:  medv(A) :- tax(A, 666), rm(A, 1).  [covers 5,0/436,0 pos, 0,0/0,0 neg]
%     Score = -39.429,241291 (regressionFit = 39.429,241289, penalties=2.0500000000000003E-6) for clause:  medv(A) :- tax(A, 666), rm(A, 10).  [covers 9,0/436,0 pos, 0,0/0,0 neg]
%     Score = -37.427,286319 (regressionFit = 37.427,286317, penalties=2.0500000000000003E-6) for clause:  medv(A) :- tax(A, 666), age(A, 6).  [covers 33,0/436,0 pos, 0,0/0,0 neg]
%     Score = -38.619,522862 (regressionFit = 38.619,522860, penalties=2.0500000000000003E-6) for clause:  medv(A) :- tax(A, 666), dis(A, 10).  [covers 37,0/436,0 pos, 0,0/0,0 neg]
%     Score = -33.338,864427 (regressionFit = 33.338,864425, penalties=2.0500000000000003E-6) for clause:  medv(A) :- tax(A, 666), rad(A, 24).  [covers 90,0/436,0 pos, 0,0/0,0 neg]
%     Score = -33.338,864427 (regressionFit = 33.338,864425, penalties=2.0500000000000003E-6) for clause:  medv(A) :- tax(A, 666), ptratio(A, 10).  [covers 90,0/436,0 pos, 0,0/0,0 neg]
%     Score = -36.027,162962 (regressionFit = 36.027,162960, penalties=2.0500000000000003E-6) for clause:  medv(A) :- tax(A, 666), b(A, 1).  [covers 23,0/436,0 pos, 0,0/0,0 neg]
%     Score = -37.064,760783 (regressionFit = 37.064,760781, penalties=2.0500000000000003E-6) for clause:  medv(A) :- tax(A, 666), lstat(A, 5).  [covers 23,0/436,0 pos, 0,0/0,0 neg]
%     Score = -39.637,716435 (regressionFit = 39.637,716433, penalties=2.0500000000000003E-6) for clause:  medv(A) :- zn(A, 0), crim(A, 3).  [covers 30,0/436,0 pos, 0,0/0,0 neg]
%     Score = -39.397,941736 (regressionFit = 39.397,941734, penalties=2.0500000000000003E-6) for clause:  medv(A) :- zn(A, 0), crim(A, 2).  [covers 30,0/436,0 pos, 0,0/0,0 neg]
%     Score = -39.436,070624 (regressionFit = 39.436,070622, penalties=2.0500000000000003E-6) for clause:  medv(A) :- zn(A, 0), crim(A, 5).  [covers 42,0/436,0 pos, 0,0/0,0 neg]
%     Score = -39.467,483568 (regressionFit = 39.467,483566, penalties=2.0500000000000003E-6) for clause:  medv(A) :- zn(A, 0), crim(A, 7).  [covers 39,0/436,0 pos, 0,0/0,0 neg]
%     Score = -39.567,001749 (regressionFit = 39.567,001747, penalties=2.0500000000000003E-6) for clause:  medv(A) :- zn(A, 0), crim(A, 6).  [covers 19,0/436,0 pos, 0,0/0,0 neg]
%     Score = -33.315,657779 (regressionFit = 33.315,657777, penalties=2.0500000000000003E-6) for clause:  medv(A) :- zn(A, 0), crim(A, 10).  [covers 45,0/436,0 pos, 0,0/0,0 neg]
%     Score = -38.924,740765 (regressionFit = 38.924,740763, penalties=2.0500000000000003E-6) for clause:  medv(A) :- zn(A, 0), indus(A, 3).  [covers 40,0/436,0 pos, 0,0/0,0 neg]
%     Score = -39.062,758157 (regressionFit = 39.062,758155, penalties=2.0500000000000003E-6) for clause:  medv(A) :- zn(A, 0), indus(A, 8).  [covers 21,0/436,0 pos, 0,0/0,0 neg]
%     Score = -38.714,356211 (regressionFit = 38.714,356209, penalties=2.0500000000000003E-6) for clause:  medv(A) :- zn(A, 0), indus(A, 2).  [covers 33,0/436,0 pos, 0,0/0,0 neg]
%     Score = -39.557,359328 (regressionFit = 39.557,359326, penalties=2.0500000000000003E-6) for clause:  medv(A) :- zn(A, 0), indus(A, 5).  [covers 13,0/436,0 pos, 0,0/0,0 neg]
%     Score = -33.338,864427 (regressionFit = 33.338,864425, penalties=2.0500000000000003E-6) for clause:  medv(A) :- zn(A, 0), indus(A, 10).  [covers 90,0/436,0 pos, 0,0/0,0 neg]
%     Score = -33.792,678026 (regressionFit = 33.792,678024, penalties=2.0300000000000005E-6) for clause:  medv(A) :- zn(A, 0), chas(A, 0).  [covers 279,0/436,0 pos, 0,0/0,0 neg]
%     Score = -39.284,579966 (regressionFit = 39.284,579964, penalties=2.0500000000000003E-6) for clause:  medv(A) :- zn(A, 0), chas(A, 1).  [covers 28,0/436,0 pos, 0,0/0,0 neg]
%     Score = -39.598,795965 (regressionFit = 39.598,795963, penalties=2.0500000000000003E-6) for clause:  medv(A) :- zn(A, 0), nox(A, 3).  [covers 36,0/436,0 pos, 0,0/0,0 neg]
%     Score = -39.615,809374 (regressionFit = 39.615,809372, penalties=2.0500000000000003E-6) for clause:  medv(A) :- zn(A, 0), nox(A, 7).  [covers 30,0/436,0 pos, 0,0/0,0 neg]
%     Score = -39.628,520577 (regressionFit = 39.628,520575, penalties=2.0500000000000003E-6) for clause:  medv(A) :- zn(A, 0), nox(A, 8).  [covers 26,0/436,0 pos, 0,0/0,0 neg]
%     Score = -32.266,679032 (regressionFit = 32.266,679030, penalties=2.0500000000000003E-6) for clause:  medv(A) :- zn(A, 0), nox(A, 10).  [covers 42,0/436,0 pos, 0,0/0,0 neg]
%     Score = -39.039,045294 (regressionFit = 39.039,045292, penalties=2.0500000000000003E-6) for clause:  medv(A) :- zn(A, 0), rm(A, 2).  [covers 31,0/436,0 pos, 0,0/0,0 neg]
%     Score = -38.995,875697 (regressionFit = 38.995,875695, penalties=2.0500000000000003E-6) for clause:  medv(A) :- zn(A, 0), rm(A, 8).  [covers 35,0/436,0 pos, 0,0/0,0 neg]
%     Score = -38.016,373788 (regressionFit = 38.016,373786, penalties=2.0500000000000003E-6) for clause:  medv(A) :- zn(A, 0), rm(A, 7).  [covers 38,0/436,0 pos, 0,0/0,0 neg]
%     Score = -39.163,707977 (regressionFit = 39.163,707975, penalties=2.0500000000000003E-6) for clause:  medv(A) :- zn(A, 0), rm(A, 6).  [covers 35,0/436,0 pos, 0,0/0,0 neg]
%     Score = -39.535,365028 (regressionFit = 39.535,365026, penalties=2.0500000000000003E-6) for clause:  medv(A) :- zn(A, 0), rm(A, 1).  [covers 23,0/436,0 pos, 0,0/0,0 neg]
%     Score = -39.195,232697 (regressionFit = 39.195,232695, penalties=2.0500000000000003E-6) for clause:  medv(A) :- zn(A, 0), rm(A, 5).  [covers 32,0/436,0 pos, 0,0/0,0 neg]
%     Score = -39.521,337693 (regressionFit = 39.521,337690, penalties=2.0500000000000003E-6) for clause:  medv(A) :- zn(A, 0), rm(A, 10).  [covers 31,0/436,0 pos, 0,0/0,0 neg]
%     Score = -39.229,946419 (regressionFit = 39.229,946417, penalties=2.0500000000000003E-6) for clause:  medv(A) :- zn(A, 0), age(A, 5).  [covers 40,0/436,0 pos, 0,0/0,0 neg]
%     Score = -39.566,618835 (regressionFit = 39.566,618832, penalties=2.0500000000000003E-6) for clause:  medv(A) :- zn(A, 0), age(A, 4).  [covers 28,0/436,0 pos, 0,0/0,0 neg]
%     Score = -38.388,167339 (regressionFit = 38.388,167337, penalties=2.0500000000000003E-6) for clause:  medv(A) :- zn(A, 0), age(A, 7).  [covers 40,0/436,0 pos, 0,0/0,0 neg]
%     Score = -39.625,565802 (regressionFit = 39.625,565800, penalties=2.0500000000000003E-6) for clause:  medv(A) :- zn(A, 0), age(A, 3).  [covers 22,0/436,0 pos, 0,0/0,0 neg]
%     Score = -36.845,372266 (regressionFit = 36.845,372264, penalties=2.0500000000000003E-6) for clause:  medv(A) :- zn(A, 0), age(A, 6).  [covers 45,0/436,0 pos, 0,0/0,0 neg]
%     Score = -39.456,786908 (regressionFit = 39.456,786906, penalties=2.0500000000000003E-6) for clause:  medv(A) :- zn(A, 0), dis(A, 7).  [covers 27,0/436,0 pos, 0,0/0,0 neg]
%     Score = -39.400,347212 (regressionFit = 39.400,347210, penalties=2.0500000000000003E-6) for clause:  medv(A) :- zn(A, 0), dis(A, 8).  [covers 36,0/436,0 pos, 0,0/0,0 neg]
%     Score = -36.145,526541 (regressionFit = 36.145,526539, penalties=2.0500000000000003E-6) for clause:  medv(A) :- zn(A, 0), dis(A, 9).  [covers 40,0/436,0 pos, 0,0/0,0 neg]
%     Score = -39.364,338772 (regressionFit = 39.364,338770, penalties=2.0500000000000003E-6) for clause:  medv(A) :- zn(A, 0), dis(A, 1).  [covers 37,0/436,0 pos, 0,0/0,0 neg]
%     Score = -39.581,364023 (regressionFit = 39.581,364021, penalties=2.0500000000000003E-6) for clause:  medv(A) :- zn(A, 0), dis(A, 2).  [covers 27,0/436,0 pos, 0,0/0,0 neg]
%     Score = -37.799,267509 (regressionFit = 37.799,267507, penalties=2.0500000000000003E-6) for clause:  medv(A) :- zn(A, 0), dis(A, 10).  [covers 51,0/436,0 pos, 0,0/0,0 neg]
%     Score = -39.615,947015 (regressionFit = 39.615,947012, penalties=2.0500000000000003E-6) for clause:  medv(A) :- zn(A, 0), rad(A, 5).  [covers 76,0/436,0 pos, 0,0/0,0 neg]
%     Score = -39.548,397535 (regressionFit = 39.548,397533, penalties=2.0500000000000003E-6) for clause:  medv(A) :- zn(A, 0), rad(A, 2).  [covers 17,0/436,0 pos, 0,0/0,0 neg]
%     Score = -38.556,464824 (regressionFit = 38.556,464822, penalties=2.0500000000000003E-6) for clause:  medv(A) :- zn(A, 0), rad(A, 4).  [covers 70,0/436,0 pos, 0,0/0,0 neg]
%     Score = -37.614,156708 (regressionFit = 37.614,156706, penalties=2.0500000000000003E-6) for clause:  medv(A) :- zn(A, 0), rad(A, 8).  [covers 18,0/436,0 pos, 0,0/0,0 neg]
%     Score = -33.338,864427 (regressionFit = 33.338,864425, penalties=2.0500000000000003E-6) for clause:  medv(A) :- zn(A, 0), rad(A, 24).  [covers 90,0/436,0 pos, 0,0/0,0 neg]
%     Score = -39.591,417200 (regressionFit = 39.591,417198, penalties=2.0500000000000003E-6) for clause:  medv(A) :- zn(A, 0), tax(A, 384).  [covers 11,0/436,0 pos, 0,0/0,0 neg]
%     Score = -39.539,402668 (regressionFit = 39.539,402666, penalties=2.0500000000000003E-6) for clause:  medv(A) :- zn(A, 0), tax(A, 188).  [covers 7,0/436,0 pos, 0,0/0,0 neg]
%     Score = -39.152,503130 (regressionFit = 39.152,503128, penalties=2.0500000000000003E-6) for clause:  medv(A) :- zn(A, 0), tax(A, 437).  [covers 14,0/436,0 pos, 0,0/0,0 neg]
%     Score = -39.559,309775 (regressionFit = 39.559,309773, penalties=2.0500000000000003E-6) for clause:  medv(A) :- zn(A, 0), tax(A, 307).  [covers 39,0/436,0 pos, 0,0/0,0 neg]
%     Score = -39.562,191825 (regressionFit = 39.562,191823, penalties=2.0500000000000003E-6) for clause:  medv(A) :- zn(A, 0), tax(A, 224).  [covers 7,0/436,0 pos, 0,0/0,0 neg]
%     Score = -33.338,864427 (regressionFit = 33.338,864425, penalties=2.0500000000000003E-6) for clause:  medv(A) :- zn(A, 0), tax(A, 666).  [covers 90,0/436,0 pos, 0,0/0,0 neg]
%     Score = -38.814,127988 (regressionFit = 38.814,127986, penalties=2.0500000000000003E-6) for clause:  medv(A) :- zn(A, 0), ptratio(A, 4).  [covers 32,0/436,0 pos, 0,0/0,0 neg]
%     Score = -39.567,254137 (regressionFit = 39.567,254135, penalties=2.0500000000000003E-6) for clause:  medv(A) :- zn(A, 0), ptratio(A, 5).  [covers 23,0/436,0 pos, 0,0/0,0 neg]
%     Score = -39.152,503130 (regressionFit = 39.152,503128, penalties=2.0500000000000003E-6) for clause:  medv(A) :- zn(A, 0), ptratio(A, 7).  [covers 14,0/436,0 pos, 0,0/0,0 neg]
%     Score = -38.211,009591 (regressionFit = 38.211,009589, penalties=2.0500000000000003E-6) for clause:  medv(A) :- zn(A, 0), ptratio(A, 6).  [covers 28,0/436,0 pos, 0,0/0,0 neg]
%     Score = -33.258,024645 (regressionFit = 33.258,024643, penalties=2.0500000000000003E-6) for clause:  medv(A) :- zn(A, 0), ptratio(A, 10).  [covers 97,0/436,0 pos, 0,0/0,0 neg]
%     Score = -39.575,820025 (regressionFit = 39.575,820023, penalties=2.0500000000000003E-6) for clause:  medv(A) :- zn(A, 0), b(A, 3).  [covers 31,0/436,0 pos, 0,0/0,0 neg]
%     Score = -39.636,587332 (regressionFit = 39.636,587330, penalties=2.0500000000000003E-6) for clause:  medv(A) :- zn(A, 0), b(A, 6).  [covers 27,0/436,0 pos, 0,0/0,0 neg]
%     Score = -37.934,491154 (regressionFit = 37.934,491152, penalties=2.0500000000000003E-6) for clause:  medv(A) :- zn(A, 0), b(A, 1).  [covers 69,0/436,0 pos, 0,0/0,0 neg]
%     Score = -39.418,563429 (regressionFit = 39.418,563427, penalties=2.0500000000000003E-6) for clause:  medv(A) :- zn(A, 0), lstat(A, 4).  [covers 33,0/436,0 pos, 0,0/0,0 neg]
%     Score = -38.918,391522 (regressionFit = 38.918,391520, penalties=2.0500000000000003E-6) for clause:  medv(A) :- zn(A, 0), lstat(A, 10).  [covers 33,0/436,0 pos, 0,0/0,0 neg]
%     Score = -36.393,237771 (regressionFit = 36.393,237769, penalties=2.0500000000000003E-6) for clause:  medv(A) :- zn(A, 0), lstat(A, 5).  [covers 36,0/436,0 pos, 0,0/0,0 neg]
%     Score = -39.547,739285 (regressionFit = 39.547,739283, penalties=2.0500000000000003E-6) for clause:  medv(A) :- zn(A, 0), lstat(A, 8).  [covers 38,0/436,0 pos, 0,0/0,0 neg]
%     Score = -37.720,054717 (regressionFit = 37.720,054715, penalties=2.0300000000000005E-6) for clause:  medv(A) :- indus(A, 1), crim(A, 1).  [covers 21,0/436,0 pos, 0,0/0,0 neg]
%     Score = -39.256,788282 (regressionFit = 39.256,788280, penalties=2.0500000000000003E-6) for clause:  medv(A) :- indus(A, 1), zn(A, 80).  [covers 7,0/436,0 pos, 0,0/0,0 neg]
%     Score = -36.064,268185 (regressionFit = 36.064,268183, penalties=2.0500000000000003E-6) for clause:  medv(A) :- indus(A, 1), chas(A, 0).  [covers 47,0/436,0 pos, 0,0/0,0 neg]
%     Score = -37.920,149545 (regressionFit = 37.920,149543, penalties=2.0500000000000003E-6) for clause:  medv(A) :- indus(A, 1), nox(A, 6).  [covers 22,0/436,0 pos, 0,0/0,0 neg]
%     Score = -34.642,988279 (regressionFit = 34.642,988277, penalties=2.0500000000000003E-6) for clause:  medv(A) :- indus(A, 1), rm(A, 3).  [covers 15,0/436,0 pos, 0,0/0,0 neg]
%     Score = -39.254,513565 (regressionFit = 39.254,513563, penalties=2.0500000000000003E-6) for clause:  medv(A) :- indus(A, 1), age(A, 3).  [covers 8,0/436,0 pos, 0,0/0,0 neg]
%     Score = -39.323,062774 (regressionFit = 39.323,062772, penalties=2.0500000000000003E-6) for clause:  medv(A) :- indus(A, 1), dis(A, 5).  [covers 20,0/436,0 pos, 0,0/0,0 neg]
%     Score = -38.705,292816 (regressionFit = 38.705,292814, penalties=2.0500000000000003E-6) for clause:  medv(A) :- indus(A, 1), rad(A, 2).  [covers 11,0/436,0 pos, 0,0/0,0 neg]
%     Score = -39.361,693354 (regressionFit = 39.361,693352, penalties=2.0500000000000003E-6) for clause:  medv(A) :- indus(A, 1), tax(A, 329).  [covers 3,0/436,0 pos, 0,0/0,0 neg]
%     Score = -36.924,981369 (regressionFit = 36.924,981367, penalties=2.0500000000000003E-6) for clause:  medv(A) :- indus(A, 1), ptratio(A, 9).  [covers 9,0/436,0 pos, 0,0/0,0 neg]
%     Score = -38.569,754161 (regressionFit = 38.569,754159, penalties=2.0500000000000003E-6) for clause:  medv(A) :- indus(A, 1), b(A, 2).  [covers 8,0/436,0 pos, 0,0/0,0 neg]
%     Score = -39.071,820077 (regressionFit = 39.071,820075, penalties=2.0500000000000003E-6) for clause:  medv(A) :- indus(A, 1), lstat(A, 9).  [covers 7,0/436,0 pos, 0,0/0,0 neg]
%     Score = -39.504,523855 (regressionFit = 39.504,523853, penalties=2.0500000000000003E-6) for clause:  medv(A) :- lstat(A, 5), crim(A, 4).  [covers 4,0/436,0 pos, 0,0/0,0 neg]
%     Score = -39.084,332609 (regressionFit = 39.084,332607, penalties=2.0300000000000005E-6) for clause:  medv(A) :- lstat(A, 5), crim(A, 5).  [covers 6,0/436,0 pos, 0,0/0,0 neg]
%     Score = -39.579,101564 (regressionFit = 39.579,101562, penalties=2.0500000000000003E-6) for clause:  medv(A) :- lstat(A, 5), crim(A, 7).  [covers 4,0/436,0 pos, 0,0/0,0 neg]
%     Score = -38.193,644109 (regressionFit = 38.193,644107, penalties=2.0500000000000003E-6) for clause:  medv(A) :- lstat(A, 5), crim(A, 10).  [covers 11,0/436,0 pos, 0,0/0,0 neg]
%     Score = -Infinity (regressionFit = Infinity, penalties=2.0500000000000003E-6) for clause:  medv(A) :- lstat(A, 5), zn(A, 12.5).  [covers 2,0/436,0 pos, 0,0/0,0 neg]
%     Score = -36.393,237771 (regressionFit = 36.393,237769, penalties=2.0500000000000003E-6) for clause:  medv(A) :- lstat(A, 5), zn(A, 0).  [covers 36,0/436,0 pos, 0,0/0,0 neg]
%     Score = -39.235,079550 (regressionFit = 39.235,079548, penalties=2.0500000000000003E-6) for clause:  medv(A) :- lstat(A, 5), indus(A, 3).  [covers 8,0/436,0 pos, 0,0/0,0 neg]
%     Score = -Infinity (regressionFit = Infinity, penalties=2.0500000000000003E-6) for clause:  medv(A) :- lstat(A, 5), indus(A, 8).  [covers 2,0/436,0 pos, 0,0/0,0 neg]
%     Score = -37.064,760783 (regressionFit = 37.064,760781, penalties=2.0500000000000003E-6) for clause:  medv(A) :- lstat(A, 5), indus(A, 10).  [covers 23,0/436,0 pos, 0,0/0,0 neg]
%     Score = -36.390,104061 (regressionFit = 36.390,104059, penalties=2.0500000000000003E-6) for clause:  medv(A) :- lstat(A, 5), chas(A, 0).  [covers 37,0/436,0 pos, 0,0/0,0 neg]
%     Score = -39.616,473786 (regressionFit = 39.616,473784, penalties=2.0500000000000003E-6) for clause:  medv(A) :- lstat(A, 5), nox(A, 3).  [covers 4,0/436,0 pos, 0,0/0,0 neg]
%     Score = -Infinity (regressionFit = Infinity, penalties=2.0500000000000003E-6) for clause:  medv(A) :- lstat(A, 5), nox(A, 8).  [covers 2,0/436,0 pos, 0,0/0,0 neg]
%     Score = -37.564,264739 (regressionFit = 37.564,264737, penalties=2.0500000000000003E-6) for clause:  medv(A) :- lstat(A, 5), nox(A, 10).  [covers 14,0/436,0 pos, 0,0/0,0 neg]
%     Score = -39.252,061540 (regressionFit = 39.252,061538, penalties=2.0500000000000003E-6) for clause:  medv(A) :- lstat(A, 5), rm(A, 2).  [covers 5,0/436,0 pos, 0,0/0,0 neg]
%     Score = -38.510,673357 (regressionFit = 38.510,673355, penalties=2.0500000000000003E-6) for clause:  medv(A) :- lstat(A, 5), rm(A, 7).  [covers 11,0/436,0 pos, 0,0/0,0 neg]
%     Score = -39.445,839114 (regressionFit = 39.445,839112, penalties=2.0500000000000003E-6) for clause:  medv(A) :- lstat(A, 5), rm(A, 6).  [covers 6,0/436,0 pos, 0,0/0,0 neg]
%     Score = -Infinity (regressionFit = Infinity, penalties=2.0500000000000003E-6) for clause:  medv(A) :- lstat(A, 5), rm(A, 1).  [covers 2,0/436,0 pos, 0,0/0,0 neg]
%     Score = -Infinity (regressionFit = Infinity, penalties=2.0500000000000003E-6) for clause:  medv(A) :- lstat(A, 5), rm(A, 10).  [covers 2,0/436,0 pos, 0,0/0,0 neg]
%     Score = -38.893,269570 (regressionFit = 38.893,269568, penalties=2.0500000000000003E-6) for clause:  medv(A) :- lstat(A, 5), age(A, 7).  [covers 9,0/436,0 pos, 0,0/0,0 neg]
%     Score = -39.160,223237 (regressionFit = 39.160,223235, penalties=2.0300000000000005E-6) for clause:  medv(A) :- lstat(A, 5), age(A, 5).  [covers 8,0/436,0 pos, 0,0/0,0 neg]
%     Score = -38.105,458018 (regressionFit = 38.105,458016, penalties=2.0500000000000003E-6) for clause:  medv(A) :- lstat(A, 5), age(A, 6).  [covers 15,0/436,0 pos, 0,0/0,0 neg]
%     Score = -39.599,477881 (regressionFit = 39.599,477878, penalties=2.0500000000000003E-6) for clause:  medv(A) :- lstat(A, 5), dis(A, 3).  [covers 3,0/436,0 pos, 0,0/0,0 neg]
%     Score = -39.427,147394 (regressionFit = 39.427,147392, penalties=2.0500000000000003E-6) for clause:  medv(A) :- lstat(A, 5), dis(A, 8).  [covers 6,0/436,0 pos, 0,0/0,0 neg]
%     Score = -37.999,472469 (regressionFit = 37.999,472467, penalties=2.0500000000000003E-6) for clause:  medv(A) :- lstat(A, 5), dis(A, 9).  [covers 11,0/436,0 pos, 0,0/0,0 neg]
%     Score = -38.810,156851 (regressionFit = 38.810,156849, penalties=2.0500000000000003E-6) for clause:  medv(A) :- lstat(A, 5), dis(A, 10).  [covers 9,0/436,0 pos, 0,0/0,0 neg]
%     Score = -39.576,756078 (regressionFit = 39.576,756076, penalties=2.0300000000000005E-6) for clause:  medv(A) :- lstat(A, 5), rad(A, 5).  [covers 4,0/436,0 pos, 0,0/0,0 neg]
%     Score = -39.064,211632 (regressionFit = 39.064,211630, penalties=2.0500000000000003E-6) for clause:  medv(A) :- lstat(A, 5), rad(A, 4).  [covers 9,0/436,0 pos, 0,0/0,0 neg]
%     Score = -37.064,760783 (regressionFit = 37.064,760781, penalties=2.0500000000000003E-6) for clause:  medv(A) :- lstat(A, 5), rad(A, 24).  [covers 23,0/436,0 pos, 0,0/0,0 neg]
%     Score = -Infinity (regressionFit = Infinity, penalties=2.0500000000000003E-6) for clause:  medv(A) :- lstat(A, 5), tax(A, 311).  [covers 2,0/436,0 pos, 0,0/0,0 neg]
%     Score = -Infinity (regressionFit = Infinity, penalties=2.0500000000000003E-6) for clause:  medv(A) :- lstat(A, 5), tax(A, 437).  [covers 2,0/436,0 pos, 0,0/0,0 neg]
%     Score = -37.064,760783 (regressionFit = 37.064,760781, penalties=2.0500000000000003E-6) for clause:  medv(A) :- lstat(A, 5), tax(A, 666).  [covers 23,0/436,0 pos, 0,0/0,0 neg]
%     Score = -Infinity (regressionFit = Infinity, penalties=2.0500000000000003E-6) for clause:  medv(A) :- lstat(A, 5), ptratio(A, 1).  [covers 2,0/436,0 pos, 0,0/0,0 neg]
%     Score = -Infinity (regressionFit = Infinity, penalties=2.0500000000000003E-6) for clause:  medv(A) :- lstat(A, 5), ptratio(A, 7).  [covers 2,0/436,0 pos, 0,0/0,0 neg]
%     Score = -37.064,760783 (regressionFit = 37.064,760781, penalties=2.0500000000000003E-6) for clause:  medv(A) :- lstat(A, 5), ptratio(A, 10).  [covers 23,0/436,0 pos, 0,0/0,0 neg]
%     Score = -39.348,731552 (regressionFit = 39.348,731550, penalties=2.0500000000000003E-6) for clause:  medv(A) :- lstat(A, 5), b(A, 2).  [covers 3,0/436,0 pos, 0,0/0,0 neg]
%     Score = -38.636,594119 (regressionFit = 38.636,594117, penalties=2.0500000000000003E-6) for clause:  medv(A) :- lstat(A, 5), b(A, 1).  [covers 12,0/436,0 pos, 0,0/0,0 neg]

% The best node found: medv(A) :- rm(A, 3).  [covers 48,0/436,0 pos, 0,0/0,0 neg]

% The best node found: medv(A) :- rm(A, 3).  [covers 48,0/436,0 pos, 0,0/0,0 neg]
Setting 39.46875000000001 for 
 // Learned this clause on outer loop cycle #1.  It scores=-23.480,47 and has recall=0,11, precision=1,00, and F1=0,20 (using m-estimates).
 // It covers 11,0% of the positive examples, 48 of 436,
(medv(A) :- rm(A, 3))

% On cycle #1, the best clause found is:
%      medv(A) :- rm(A, 3).  [covers 48,0/436,0 pos, 0,0/0,0 neg]
% This clause covers 48 positive examples, of which 48 are newly covered.
% It also covers 0 negative examples, of which 0 are newly covered.
% The current set of 1 best clauses covers 11,0% of the positive examples and NaN% of the negatives.}

% Have these 8 positive seeds: 10 47 150 153 251 259 367 408

% target           = medv(A)
%     Score = -Infinity (regressionFit = Infinity, penalties=1.1E-7) for clause:  medv(_).  [covers 436,0/436,0 pos, 0,0/0,0 neg]
% Unacceptable due to being the root node.
% Most-general root: medv(_).  [covers 436,0/436,0 pos, 0,0/0,0 neg]  score = -Infinity
%     Score = -40.219,012172 (regressionFit = 40.219,012170, penalties=1.03E-6) for clause:  medv(A) :- crim(A, 3).  [covers 47,0/436,0 pos, 0,0/0,0 neg]
% Gleaner: New best node found (score = -40.219,012172): medv(A) :- crim(A, 3).  [covers 47,0/436,0 pos, 0,0/0,0 neg]
%     Score = -40.510,253280 (regressionFit = 40.510,253279, penalties=1.03E-6) for clause:  medv(A) :- crim(A, 5).  [covers 49,0/436,0 pos, 0,0/0,0 neg]
%     Score = -39.975,927656 (regressionFit = 39.975,927655, penalties=1.03E-6) for clause:  medv(A) :- crim(A, 7).  [covers 47,0/436,0 pos, 0,0/0,0 neg]
% Gleaner: New best node found (score = -39.975,927656): medv(A) :- crim(A, 7).  [covers 47,0/436,0 pos, 0,0/0,0 neg]
%     Score = -39.963,798925 (regressionFit = 39.963,798924, penalties=1.03E-6) for clause:  medv(A) :- crim(A, 2).  [covers 51,0/436,0 pos, 0,0/0,0 neg]
% Gleaner: New best node found (score = -39.963,798925): medv(A) :- crim(A, 2).  [covers 51,0/436,0 pos, 0,0/0,0 neg]
%     Score = -40.303,754501 (regressionFit = 40.303,754500, penalties=1.03E-6) for clause:  medv(A) :- crim(A, 1).  [covers 49,0/436,0 pos, 0,0/0,0 neg]
%     Score = -37.580,775688 (regressionFit = 37.580,775687, penalties=1.03E-6) for clause:  medv(A) :- crim(A, 10).  [covers 45,0/436,0 pos, 0,0/0,0 neg]
% Gleaner: New best node found (score = -37.580,775688): medv(A) :- crim(A, 10).  [covers 45,0/436,0 pos, 0,0/0,0 neg]
%     Score = -40.300,717412 (regressionFit = 40.300,717410, penalties=1.03E-6) for clause:  medv(A) :- zn(A, 0).  [covers 307,0/436,0 pos, 0,0/0,0 neg]
%     Score = -40.517,611586 (regressionFit = 40.517,611585, penalties=1.03E-6) for clause:  medv(A) :- zn(A, 30).  [covers 6,0/436,0 pos, 0,0/0,0 neg]
%     Score = -40.582,514942 (regressionFit = 40.582,514941, penalties=1.03E-6) for clause:  medv(A) :- zn(A, 12.5).  [covers 10,0/436,0 pos, 0,0/0,0 neg]
%     Score = -40.588,584597 (regressionFit = 40.588,584596, penalties=1.03E-6) for clause:  medv(A) :- indus(A, 3).  [covers 47,0/436,0 pos, 0,0/0,0 neg]
%     Score = -40.587,345623 (regressionFit = 40.587,345622, penalties=1.03E-6) for clause:  medv(A) :- indus(A, 8).  [covers 21,0/436,0 pos, 0,0/0,0 neg]
%     Score = -40.570,904518 (regressionFit = 40.570,904517, penalties=1.03E-6) for clause:  medv(A) :- indus(A, 2).  [covers 51,0/436,0 pos, 0,0/0,0 neg]
%     Score = -39.914,183198 (regressionFit = 39.914,183197, penalties=1.03E-6) for clause:  medv(A) :- indus(A, 5).  [covers 48,0/436,0 pos, 0,0/0,0 neg]
%     Score = -40.560,458881 (regressionFit = 40.560,458880, penalties=1.03E-6) for clause:  medv(A) :- indus(A, 4).  [covers 49,0/436,0 pos, 0,0/0,0 neg]
%     Score = -38.799,303004 (regressionFit = 38.799,303003, penalties=1.03E-6) for clause:  medv(A) :- indus(A, 10).  [covers 90,0/436,0 pos, 0,0/0,0 neg]
%     Score = -40.486,216582 (regressionFit = 40.486,216581, penalties=1.03E-6) for clause:  medv(A) :- chas(A, 0).  [covers 401,0/436,0 pos, 0,0/0,0 neg]
%     Score = -40.486,216582 (regressionFit = 40.486,216581, penalties=1.03E-6) for clause:  medv(A) :- chas(A, 1).  [covers 35,0/436,0 pos, 0,0/0,0 neg]
%     Score = -40.420,211046 (regressionFit = 40.420,211045, penalties=1.03E-6) for clause:  medv(A) :- nox(A, 3).  [covers 43,0/436,0 pos, 0,0/0,0 neg]
%     Score = -40.578,194354 (regressionFit = 40.578,194353, penalties=1.03E-6) for clause:  medv(A) :- nox(A, 8).  [covers 36,0/436,0 pos, 0,0/0,0 neg]
%     Score = -40.051,521084 (regressionFit = 40.051,521083, penalties=1.03E-6) for clause:  medv(A) :- nox(A, 5).  [covers 50,0/436,0 pos, 0,0/0,0 neg]
%     Score = -40.496,353419 (regressionFit = 40.496,353418, penalties=1.03E-6) for clause:  medv(A) :- nox(A, 2).  [covers 48,0/436,0 pos, 0,0/0,0 neg]
%     Score = -40.131,862387 (regressionFit = 40.131,862386, penalties=1.03E-6) for clause:  medv(A) :- nox(A, 9).  [covers 42,0/436,0 pos, 0,0/0,0 neg]
%     Score = -40.493,351050 (regressionFit = 40.493,351049, penalties=1.03E-6) for clause:  medv(A) :- rm(A, 2).  [covers 44,0/436,0 pos, 0,0/0,0 neg]
%     Score = -40.071,018556 (regressionFit = 40.071,018555, penalties=1.03E-6) for clause:  medv(A) :- rm(A, 9).  [covers 44,0/436,0 pos, 0,0/0,0 neg]
%     Score = -38.357,518997 (regressionFit = 38.357,518996, penalties=1.03E-6) for clause:  medv(A) :- rm(A, 1).  [covers 43,0/436,0 pos, 0,0/0,0 neg]
%     Score = -40.229,330846 (regressionFit = 40.229,330845, penalties=1.03E-6) for clause:  medv(A) :- rm(A, 10).  [covers 40,0/436,0 pos, 0,0/0,0 neg]
%     Score = -40.584,587847 (regressionFit = 40.584,587846, penalties=1.03E-6) for clause:  medv(A) :- rm(A, 8).  [covers 45,0/436,0 pos, 0,0/0,0 neg]
%     Score = -40.571,556085 (regressionFit = 40.571,556084, penalties=1.03E-6) for clause:  medv(A) :- rm(A, 5).  [covers 39,0/436,0 pos, 0,0/0,0 neg]
%     Score = -40.509,176247 (regressionFit = 40.509,176246, penalties=1.03E-6) for clause:  medv(A) :- age(A, 5).  [covers 41,0/436,0 pos, 0,0/0,0 neg]
%     Score = -40.048,464535 (regressionFit = 40.048,464534, penalties=1.03E-6) for clause:  medv(A) :- age(A, 6).  [covers 48,0/436,0 pos, 0,0/0,0 neg]
%     Score = -40.539,970609 (regressionFit = 40.539,970608, penalties=1.03E-6) for clause:  medv(A) :- age(A, 4).  [covers 37,0/436,0 pos, 0,0/0,0 neg]
%     Score = -40.596,459406 (regressionFit = 40.596,459405, penalties=1.03E-6) for clause:  medv(A) :- age(A, 3).  [covers 46,0/436,0 pos, 0,0/0,0 neg]
%     Score = -39.303,383566 (regressionFit = 39.303,383565, penalties=1.03E-6) for clause:  medv(A) :- age(A, 10).  [covers 49,0/436,0 pos, 0,0/0,0 neg]
%     Score = -40.272,452074 (regressionFit = 40.272,452073, penalties=1.03E-6) for clause:  medv(A) :- age(A, 7).  [covers 43,0/436,0 pos, 0,0/0,0 neg]
%     Score = -40.563,052762 (regressionFit = 40.563,052761, penalties=1.03E-6) for clause:  medv(A) :- dis(A, 7).  [covers 29,0/436,0 pos, 0,0/0,0 neg]
%     Score = -40.352,277377 (regressionFit = 40.352,277376, penalties=1.03E-6) for clause:  medv(A) :- dis(A, 10).  [covers 51,0/436,0 pos, 0,0/0,0 neg]
%     Score = -40.531,056213 (regressionFit = 40.531,056212, penalties=1.03E-6) for clause:  medv(A) :- dis(A, 1).  [covers 48,0/436,0 pos, 0,0/0,0 neg]
%     Score = -40.258,553719 (regressionFit = 40.258,553718, penalties=1.03E-6) for clause:  medv(A) :- dis(A, 3).  [covers 50,0/436,0 pos, 0,0/0,0 neg]
%     Score = -40.318,643820 (regressionFit = 40.318,643819, penalties=1.03E-6) for clause:  medv(A) :- dis(A, 2).  [covers 50,0/436,0 pos, 0,0/0,0 neg]
%     Score = -40.155,359003 (regressionFit = 40.155,359002, penalties=1.03E-6) for clause:  medv(A) :- dis(A, 8).  [covers 42,0/436,0 pos, 0,0/0,0 neg]
%     Score = -40.486,717644 (regressionFit = 40.486,717643, penalties=1.03E-6) for clause:  medv(A) :- rad(A, 5).  [covers 112,0/436,0 pos, 0,0/0,0 neg]
%     Score = -40.257,618099 (regressionFit = 40.257,618098, penalties=1.03E-6) for clause:  medv(A) :- rad(A, 4).  [covers 101,0/436,0 pos, 0,0/0,0 neg]
%     Score = -40.330,600428 (regressionFit = 40.330,600427, penalties=1.03E-6) for clause:  medv(A) :- rad(A, 8).  [covers 24,0/436,0 pos, 0,0/0,0 neg]
%     Score = -40.488,929676 (regressionFit = 40.488,929675, penalties=1.03E-6) for clause:  medv(A) :- rad(A, 6).  [covers 18,0/436,0 pos, 0,0/0,0 neg]
%     Score = -38.799,303004 (regressionFit = 38.799,303003, penalties=1.03E-6) for clause:  medv(A) :- rad(A, 24).  [covers 90,0/436,0 pos, 0,0/0,0 neg]
%     Score = -40.540,366684 (regressionFit = 40.540,366683, penalties=1.03E-6) for clause:  medv(A) :- tax(A, 384).  [covers 11,0/436,0 pos, 0,0/0,0 neg]
%     Score = -40.569,730548 (regressionFit = 40.569,730547, penalties=1.03E-6) for clause:  medv(A) :- tax(A, 437).  [covers 14,0/436,0 pos, 0,0/0,0 neg]
%     Score = -40.104,119057 (regressionFit = 40.104,119056, penalties=1.03E-6) for clause:  medv(A) :- tax(A, 307).  [covers 39,0/436,0 pos, 0,0/0,0 neg]
%     Score = -40.507,330973 (regressionFit = 40.507,330972, penalties=1.03E-6) for clause:  medv(A) :- tax(A, 300).  [covers 7,0/436,0 pos, 0,0/0,0 neg]
%     Score = -40.590,934591 (regressionFit = 40.590,934590, penalties=1.03E-6) for clause:  medv(A) :- tax(A, 430).  [covers 3,0/436,0 pos, 0,0/0,0 neg]
%     Score = -40.587,502662 (regressionFit = 40.587,502661, penalties=1.03E-6) for clause:  medv(A) :- tax(A, 224).  [covers 9,0/436,0 pos, 0,0/0,0 neg]
%     Score = -38.799,303004 (regressionFit = 38.799,303003, penalties=1.03E-6) for clause:  medv(A) :- tax(A, 666).  [covers 90,0/436,0 pos, 0,0/0,0 neg]
%     Score = -40.587,664506 (regressionFit = 40.587,664505, penalties=1.03E-6) for clause:  medv(A) :- tax(A, 311).  [covers 7,0/436,0 pos, 0,0/0,0 neg]
%     Score = -40.590,104507 (regressionFit = 40.590,104506, penalties=1.03E-6) for clause:  medv(A) :- ptratio(A, 4).  [covers 32,0/436,0 pos, 0,0/0,0 neg]
%     Score = -40.578,112526 (regressionFit = 40.578,112525, penalties=1.03E-6) for clause:  medv(A) :- ptratio(A, 7).  [covers 16,0/436,0 pos, 0,0/0,0 neg]
%     Score = -40.512,992818 (regressionFit = 40.512,992817, penalties=1.03E-6) for clause:  medv(A) :- ptratio(A, 6).  [covers 48,0/436,0 pos, 0,0/0,0 neg]
%     Score = -38.965,259195 (regressionFit = 38.965,259194, penalties=1.03E-6) for clause:  medv(A) :- ptratio(A, 10).  [covers 97,0/436,0 pos, 0,0/0,0 neg]
%     Score = -40.080,741565 (regressionFit = 40.080,741564, penalties=1.03E-6) for clause:  medv(A) :- ptratio(A, 1).  [covers 45,0/436,0 pos, 0,0/0,0 neg]
%     Score = -40.464,290457 (regressionFit = 40.464,290456, penalties=1.03E-6) for clause:  medv(A) :- b(A, 3).  [covers 47,0/436,0 pos, 0,0/0,0 neg]
%     Score = -40.590,955570 (regressionFit = 40.590,955569, penalties=1.03E-6) for clause:  medv(A) :- b(A, 1).  [covers 102,0/436,0 pos, 0,0/0,0 neg]
%     Score = -40.559,480537 (regressionFit = 40.559,480536, penalties=1.03E-6) for clause:  medv(A) :- b(A, 6).  [covers 47,0/436,0 pos, 0,0/0,0 neg]
%     Score = -40.600,067950 (regressionFit = 40.600,067949, penalties=1.03E-6) for clause:  medv(A) :- b(A, 5).  [covers 46,0/436,0 pos, 0,0/0,0 neg]
%     Score = -40.502,812627 (regressionFit = 40.502,812626, penalties=1.03E-6) for clause:  medv(A) :- b(A, 8).  [covers 46,0/436,0 pos, 0,0/0,0 neg]
%     Score = -39.542,529576 (regressionFit = 39.542,529575, penalties=1.03E-6) for clause:  medv(A) :- b(A, 7).  [covers 40,0/436,0 pos, 0,0/0,0 neg]
%     Score = -40.360,349226 (regressionFit = 40.360,349225, penalties=1.03E-6) for clause:  medv(A) :- b(A, 4).  [covers 27,0/436,0 pos, 0,0/0,0 neg]
%     Score = -40.485,270544 (regressionFit = 40.485,270543, penalties=1.03E-6) for clause:  medv(A) :- lstat(A, 4).  [covers 42,0/436,0 pos, 0,0/0,0 neg]
%     Score = -38.477,425503 (regressionFit = 38.477,425502, penalties=1.03E-6) for clause:  medv(A) :- lstat(A, 6).  [covers 44,0/436,0 pos, 0,0/0,0 neg]
%     Score = -40.482,013130 (regressionFit = 40.482,013129, penalties=1.03E-6) for clause:  medv(A) :- lstat(A, 8).  [covers 44,0/436,0 pos, 0,0/0,0 neg]
%     Score = -40.481,680220 (regressionFit = 40.481,680219, penalties=1.03E-6) for clause:  medv(A) :- lstat(A, 9).  [covers 46,0/436,0 pos, 0,0/0,0 neg]
%     Score = -40.445,758811 (regressionFit = 40.445,758810, penalties=1.03E-6) for clause:  medv(A) :- lstat(A, 7).  [covers 38,0/436,0 pos, 0,0/0,0 neg]
%     Score = -37.580,775689 (regressionFit = 37.580,775687, penalties=2.0500000000000003E-6) for clause:  medv(A) :- crim(A, 10), zn(A, 0).  [covers 45,0/436,0 pos, 0,0/0,0 neg]
%     Score = -37.580,775689 (regressionFit = 37.580,775687, penalties=2.0300000000000005E-6) for clause:  medv(A) :- crim(A, 10), indus(A, 10).  [covers 45,0/436,0 pos, 0,0/0,0 neg]
%     Score = -37.580,775689 (regressionFit = 37.580,775687, penalties=2.0500000000000003E-6) for clause:  medv(A) :- crim(A, 10), chas(A, 0).  [covers 45,0/436,0 pos, 0,0/0,0 neg]
%     Score = -40.178,251413 (regressionFit = 40.178,251411, penalties=2.0500000000000003E-6) for clause:  medv(A) :- crim(A, 10), nox(A, 9).  [covers 7,0/436,0 pos, 0,0/0,0 neg]
%     Score = -40.392,912288 (regressionFit = 40.392,912286, penalties=2.0500000000000003E-6) for clause:  medv(A) :- crim(A, 10), rm(A, 2).  [covers 4,0/436,0 pos, 0,0/0,0 neg]
%     Score = -40.141,407269 (regressionFit = 40.141,407267, penalties=2.0500000000000003E-6) for clause:  medv(A) :- crim(A, 10), age(A, 7).  [covers 8,0/436,0 pos, 0,0/0,0 neg]
%     Score = -40.437,266630 (regressionFit = 40.437,266628, penalties=2.0500000000000003E-6) for clause:  medv(A) :- crim(A, 10), dis(A, 8).  [covers 5,0/436,0 pos, 0,0/0,0 neg]
%     Score = -37.580,775689 (regressionFit = 37.580,775687, penalties=2.0500000000000003E-6) for clause:  medv(A) :- crim(A, 10), rad(A, 24).  [covers 45,0/436,0 pos, 0,0/0,0 neg]
%     Score = -37.580,775689 (regressionFit = 37.580,775687, penalties=2.0500000000000003E-6) for clause:  medv(A) :- crim(A, 10), tax(A, 666).  [covers 45,0/436,0 pos, 0,0/0,0 neg]
%     Score = -37.580,775689 (regressionFit = 37.580,775687, penalties=2.0300000000000005E-6) for clause:  medv(A) :- crim(A, 10), ptratio(A, 10).  [covers 45,0/436,0 pos, 0,0/0,0 neg]
%     Score = -39.775,981443 (regressionFit = 39.775,981441, penalties=2.0500000000000003E-6) for clause:  medv(A) :- crim(A, 10), b(A, 7).  [covers 20,0/436,0 pos, 0,0/0,0 neg]
%     Score = -40.410,924738 (regressionFit = 40.410,924736, penalties=2.0500000000000003E-6) for clause:  medv(A) :- crim(A, 10), lstat(A, 7).  [covers 3,0/436,0 pos, 0,0/0,0 neg]
%     Score = -40.306,167512 (regressionFit = 40.306,167510, penalties=2.0500000000000003E-6) for clause:  medv(A) :- rm(A, 1), crim(A, 7).  [covers 5,0/436,0 pos, 0,0/0,0 neg]
%     Score = -40.244,628319 (regressionFit = 40.244,628317, penalties=2.0500000000000003E-6) for clause:  medv(A) :- rm(A, 1), crim(A, 2).  [covers 5,0/436,0 pos, 0,0/0,0 neg]
%     Score = -39.603,742495 (regressionFit = 39.603,742493, penalties=2.0500000000000003E-6) for clause:  medv(A) :- rm(A, 1), zn(A, 0).  [covers 23,0/436,0 pos, 0,0/0,0 neg]
%     Score = -Infinity (regressionFit = Infinity, penalties=2.0500000000000003E-6) for clause:  medv(A) :- rm(A, 1), zn(A, 30).  [covers 1,0/436,0 pos, 0,0/0,0 neg]
%     Score = -40.191,020874 (regressionFit = 40.191,020872, penalties=2.0500000000000003E-6) for clause:  medv(A) :- rm(A, 1), indus(A, 2).  [covers 6,0/436,0 pos, 0,0/0,0 neg]
%     Score = -40.212,545961 (regressionFit = 40.212,545959, penalties=2.0500000000000003E-6) for clause:  medv(A) :- rm(A, 1), indus(A, 5).  [covers 8,0/436,0 pos, 0,0/0,0 neg]
%     Score = -39.838,009819 (regressionFit = 39.838,009817, penalties=2.0300000000000005E-6) for clause:  medv(A) :- rm(A, 1), chas(A, 1).  [covers 3,0/436,0 pos, 0,0/0,0 neg]
%     Score = -38.918,512931 (regressionFit = 38.918,512929, penalties=2.0500000000000003E-6) for clause:  medv(A) :- rm(A, 1), chas(A, 0).  [covers 40,0/436,0 pos, 0,0/0,0 neg]
%     Score = -40.262,438316 (regressionFit = 40.262,438314, penalties=2.0500000000000003E-6) for clause:  medv(A) :- rm(A, 1), nox(A, 3).  [covers 6,0/436,0 pos, 0,0/0,0 neg]
%     Score = -39.943,260889 (regressionFit = 39.943,260887, penalties=2.0500000000000003E-6) for clause:  medv(A) :- rm(A, 1), nox(A, 5).  [covers 11,0/436,0 pos, 0,0/0,0 neg]
%     Score = -40.444,277256 (regressionFit = 40.444,277254, penalties=2.0500000000000003E-6) for clause:  medv(A) :- rm(A, 1), age(A, 4).  [covers 3,0/436,0 pos, 0,0/0,0 neg]
%     Score = -40.514,774315 (regressionFit = 40.514,774313, penalties=2.0500000000000003E-6) for clause:  medv(A) :- rm(A, 1), age(A, 3).  [covers 3,0/436,0 pos, 0,0/0,0 neg]
%     Score = -40.452,464997 (regressionFit = 40.452,464995, penalties=2.0300000000000005E-6) for clause:  medv(A) :- rm(A, 1), dis(A, 1).  [covers 5,0/436,0 pos, 0,0/0,0 neg]
%     Score = -40.236,065739 (regressionFit = 40.236,065737, penalties=2.0500000000000003E-6) for clause:  medv(A) :- rm(A, 1), dis(A, 3).  [covers 8,0/436,0 pos, 0,0/0,0 neg]
%     Score = -40.187,611710 (regressionFit = 40.187,611708, penalties=2.0500000000000003E-6) for clause:  medv(A) :- rm(A, 1), rad(A, 8).  [covers 4,0/436,0 pos, 0,0/0,0 neg]
%     Score = -40.530,082860 (regressionFit = 40.530,082858, penalties=2.0500000000000003E-6) for clause:  medv(A) :- rm(A, 1), rad(A, 6).  [covers 3,0/436,0 pos, 0,0/0,0 neg]
%     Score = -40.232,654843 (regressionFit = 40.232,654841, penalties=2.0500000000000003E-6) for clause:  medv(A) :- rm(A, 1), tax(A, 307).  [covers 5,0/436,0 pos, 0,0/0,0 neg]
%     Score = -Infinity (regressionFit = Infinity, penalties=2.0500000000000003E-6) for clause:  medv(A) :- rm(A, 1), tax(A, 300).  [covers 1,0/436,0 pos, 0,0/0,0 neg]
%     Score = -39.866,917432 (regressionFit = 39.866,917430, penalties=2.0500000000000003E-6) for clause:  medv(A) :- rm(A, 1), ptratio(A, 6).  [covers 10,0/436,0 pos, 0,0/0,0 neg]
%     Score = -40.394,029711 (regressionFit = 40.394,029709, penalties=2.0500000000000003E-6) for clause:  medv(A) :- rm(A, 1), b(A, 6).  [covers 5,0/436,0 pos, 0,0/0,0 neg]
%     Score = -40.249,699113 (regressionFit = 40.249,699111, penalties=2.0500000000000003E-6) for clause:  medv(A) :- rm(A, 1), b(A, 5).  [covers 5,0/436,0 pos, 0,0/0,0 neg]
%     Score = -40.463,875100 (regressionFit = 40.463,875098, penalties=2.0500000000000003E-6) for clause:  medv(A) :- rm(A, 1), lstat(A, 8).  [covers 3,0/436,0 pos, 0,0/0,0 neg]
%     Score = -40.098,721509 (regressionFit = 40.098,721507, penalties=2.0500000000000003E-6) for clause:  medv(A) :- rm(A, 1), lstat(A, 9).  [covers 11,0/436,0 pos, 0,0/0,0 neg]
%     Score = -Infinity (regressionFit = Infinity, penalties=2.0500000000000003E-6) for clause:  medv(A) :- lstat(A, 6), crim(A, 5).  [covers 2,0/436,0 pos, 0,0/0,0 neg]
%     Score = -38.468,072954 (regressionFit = 38.468,072952, penalties=2.0500000000000003E-6) for clause:  medv(A) :- lstat(A, 6), zn(A, 0).  [covers 43,0/436,0 pos, 0,0/0,0 neg]
%     Score = -40.551,710808 (regressionFit = 40.551,710805, penalties=2.0500000000000003E-6) for clause:  medv(A) :- lstat(A, 6), indus(A, 8).  [covers 4,0/436,0 pos, 0,0/0,0 neg]
%     Score = -38.462,290059 (regressionFit = 38.462,290057, penalties=2.0500000000000003E-6) for clause:  medv(A) :- lstat(A, 6), chas(A, 0).  [covers 42,0/436,0 pos, 0,0/0,0 neg]
%     Score = -40.431,516750 (regressionFit = 40.431,516747, penalties=2.0500000000000003E-6) for clause:  medv(A) :- lstat(A, 6), nox(A, 8).  [covers 6,0/436,0 pos, 0,0/0,0 neg]
%     Score = -39.518,116490 (regressionFit = 39.518,116487, penalties=2.0500000000000003E-6) for clause:  medv(A) :- lstat(A, 6), rm(A, 9).  [covers 25,0/436,0 pos, 0,0/0,0 neg]
%     Score = -39.723,683113 (regressionFit = 39.723,683111, penalties=2.0300000000000005E-6) for clause:  medv(A) :- lstat(A, 6), age(A, 6).  [covers 17,0/436,0 pos, 0,0/0,0 neg]
%     Score = -39.288,156836 (regressionFit = 39.288,156834, penalties=2.0500000000000003E-6) for clause:  medv(A) :- lstat(A, 6), dis(A, 10).  [covers 26,0/436,0 pos, 0,0/0,0 neg]
%     Score = -40.582,022212 (regressionFit = 40.582,022210, penalties=2.0500000000000003E-6) for clause:  medv(A) :- lstat(A, 6), rad(A, 4).  [covers 5,0/436,0 pos, 0,0/0,0 neg]
%     Score = -Infinity (regressionFit = Infinity, penalties=2.0500000000000003E-6) for clause:  medv(A) :- lstat(A, 6), tax(A, 437).  [covers 2,0/436,0 pos, 0,0/0,0 neg]
%     Score = -Infinity (regressionFit = Infinity, penalties=2.0500000000000003E-6) for clause:  medv(A) :- lstat(A, 6), ptratio(A, 7).  [covers 2,0/436,0 pos, 0,0/0,0 neg]
%     Score = -39.638,469901 (regressionFit = 39.638,469899, penalties=2.0500000000000003E-6) for clause:  medv(A) :- lstat(A, 6), b(A, 1).  [covers 16,0/436,0 pos, 0,0/0,0 neg]
%     Score = -37.580,775689 (regressionFit = 37.580,775687, penalties=2.0300000000000005E-6) for clause:  medv(A) :- indus(A, 10), crim(A, 10).  [covers 45,0/436,0 pos, 0,0/0,0 neg]
%     Score = -38.799,303005 (regressionFit = 38.799,303003, penalties=2.0500000000000003E-6) for clause:  medv(A) :- indus(A, 10), zn(A, 0).  [covers 90,0/436,0 pos, 0,0/0,0 neg]
%     Score = -37.956,376608 (regressionFit = 37.956,376606, penalties=2.0500000000000003E-6) for clause:  medv(A) :- indus(A, 10), chas(A, 0).  [covers 82,0/436,0 pos, 0,0/0,0 neg]
%     Score = -40.230,492221 (regressionFit = 40.230,492219, penalties=2.0500000000000003E-6) for clause:  medv(A) :- indus(A, 10), nox(A, 9).  [covers 26,0/436,0 pos, 0,0/0,0 neg]
%     Score = -40.360,329454 (regressionFit = 40.360,329452, penalties=2.0500000000000003E-6) for clause:  medv(A) :- indus(A, 10), rm(A, 2).  [covers 13,0/436,0 pos, 0,0/0,0 neg]
%     Score = -39.994,503463 (regressionFit = 39.994,503461, penalties=2.0500000000000003E-6) for clause:  medv(A) :- indus(A, 10), age(A, 7).  [covers 13,0/436,0 pos, 0,0/0,0 neg]
%     Score = -40.337,884472 (regressionFit = 40.337,884470, penalties=2.0500000000000003E-6) for clause:  medv(A) :- indus(A, 10), dis(A, 8).  [covers 18,0/436,0 pos, 0,0/0,0 neg]
%     Score = -38.799,303005 (regressionFit = 38.799,303003, penalties=2.0500000000000003E-6) for clause:  medv(A) :- indus(A, 10), rad(A, 24).  [covers 90,0/436,0 pos, 0,0/0,0 neg]
%     Score = -38.799,303005 (regressionFit = 38.799,303003, penalties=2.0500000000000003E-6) for clause:  medv(A) :- indus(A, 10), tax(A, 666).  [covers 90,0/436,0 pos, 0,0/0,0 neg]
%     Score = -38.799,303005 (regressionFit = 38.799,303003, penalties=2.0300000000000005E-6) for clause:  medv(A) :- indus(A, 10), ptratio(A, 10).  [covers 90,0/436,0 pos, 0,0/0,0 neg]
%     Score = -39.395,899872 (regressionFit = 39.395,899870, penalties=2.0500000000000003E-6) for clause:  medv(A) :- indus(A, 10), b(A, 7).  [covers 28,0/436,0 pos, 0,0/0,0 neg]
%     Score = -40.262,081052 (regressionFit = 40.262,081050, penalties=2.0500000000000003E-6) for clause:  medv(A) :- indus(A, 10), lstat(A, 7).  [covers 13,0/436,0 pos, 0,0/0,0 neg]
%     Score = -37.580,775689 (regressionFit = 37.580,775687, penalties=2.0500000000000003E-6) for clause:  medv(A) :- rad(A, 24), crim(A, 10).  [covers 45,0/436,0 pos, 0,0/0,0 neg]
%     Score = -38.799,303005 (regressionFit = 38.799,303003, penalties=2.0500000000000003E-6) for clause:  medv(A) :- rad(A, 24), zn(A, 0).  [covers 90,0/436,0 pos, 0,0/0,0 neg]
%     Score = -38.799,303005 (regressionFit = 38.799,303003, penalties=2.0500000000000003E-6) for clause:  medv(A) :- rad(A, 24), indus(A, 10).  [covers 90,0/436,0 pos, 0,0/0,0 neg]
%     Score = -37.956,376608 (regressionFit = 37.956,376606, penalties=2.0500000000000003E-6) for clause:  medv(A) :- rad(A, 24), chas(A, 0).  [covers 82,0/436,0 pos, 0,0/0,0 neg]
%     Score = -40.230,492221 (regressionFit = 40.230,492219, penalties=2.0500000000000003E-6) for clause:  medv(A) :- rad(A, 24), nox(A, 9).  [covers 26,0/436,0 pos, 0,0/0,0 neg]
%     Score = -40.360,329454 (regressionFit = 40.360,329452, penalties=2.0500000000000003E-6) for clause:  medv(A) :- rad(A, 24), rm(A, 2).  [covers 13,0/436,0 pos, 0,0/0,0 neg]
%     Score = -39.994,503463 (regressionFit = 39.994,503461, penalties=2.0500000000000003E-6) for clause:  medv(A) :- rad(A, 24), age(A, 7).  [covers 13,0/436,0 pos, 0,0/0,0 neg]
%     Score = -40.337,884472 (regressionFit = 40.337,884470, penalties=2.0500000000000003E-6) for clause:  medv(A) :- rad(A, 24), dis(A, 8).  [covers 18,0/436,0 pos, 0,0/0,0 neg]
%     Score = -38.799,303005 (regressionFit = 38.799,303003, penalties=2.0500000000000003E-6) for clause:  medv(A) :- rad(A, 24), tax(A, 666).  [covers 90,0/436,0 pos, 0,0/0,0 neg]
%     Score = -38.799,303005 (regressionFit = 38.799,303003, penalties=2.0500000000000003E-6) for clause:  medv(A) :- rad(A, 24), ptratio(A, 10).  [covers 90,0/436,0 pos, 0,0/0,0 neg]
%     Score = -39.395,899872 (regressionFit = 39.395,899870, penalties=2.0500000000000003E-6) for clause:  medv(A) :- rad(A, 24), b(A, 7).  [covers 28,0/436,0 pos, 0,0/0,0 neg]
%     Score = -40.262,081052 (regressionFit = 40.262,081050, penalties=2.0500000000000003E-6) for clause:  medv(A) :- rad(A, 24), lstat(A, 7).  [covers 13,0/436,0 pos, 0,0/0,0 neg]
%     Score = -37.580,775689 (regressionFit = 37.580,775687, penalties=2.0500000000000003E-6) for clause:  medv(A) :- tax(A, 666), crim(A, 10).  [covers 45,0/436,0 pos, 0,0/0,0 neg]
%     Score = -38.799,303005 (regressionFit = 38.799,303003, penalties=2.0500000000000003E-6) for clause:  medv(A) :- tax(A, 666), zn(A, 0).  [covers 90,0/436,0 pos, 0,0/0,0 neg]
%     Score = -38.799,303005 (regressionFit = 38.799,303003, penalties=2.0500000000000003E-6) for clause:  medv(A) :- tax(A, 666), indus(A, 10).  [covers 90,0/436,0 pos, 0,0/0,0 neg]
%     Score = -37.956,376608 (regressionFit = 37.956,376606, penalties=2.0500000000000003E-6) for clause:  medv(A) :- tax(A, 666), chas(A, 0).  [covers 82,0/436,0 pos, 0,0/0,0 neg]
%     Score = -40.230,492221 (regressionFit = 40.230,492219, penalties=2.0500000000000003E-6) for clause:  medv(A) :- tax(A, 666), nox(A, 9).  [covers 26,0/436,0 pos, 0,0/0,0 neg]
%     Score = -40.360,329454 (regressionFit = 40.360,329452, penalties=2.0500000000000003E-6) for clause:  medv(A) :- tax(A, 666), rm(A, 2).  [covers 13,0/436,0 pos, 0,0/0,0 neg]
%     Score = -39.994,503463 (regressionFit = 39.994,503461, penalties=2.0500000000000003E-6) for clause:  medv(A) :- tax(A, 666), age(A, 7).  [covers 13,0/436,0 pos, 0,0/0,0 neg]
%     Score = -40.337,884472 (regressionFit = 40.337,884470, penalties=2.0500000000000003E-6) for clause:  medv(A) :- tax(A, 666), dis(A, 8).  [covers 18,0/436,0 pos, 0,0/0,0 neg]
%     Score = -38.799,303005 (regressionFit = 38.799,303003, penalties=2.0500000000000003E-6) for clause:  medv(A) :- tax(A, 666), rad(A, 24).  [covers 90,0/436,0 pos, 0,0/0,0 neg]
%     Score = -38.799,303005 (regressionFit = 38.799,303003, penalties=2.0500000000000003E-6) for clause:  medv(A) :- tax(A, 666), ptratio(A, 10).  [covers 90,0/436,0 pos, 0,0/0,0 neg]
%     Score = -39.395,899872 (regressionFit = 39.395,899870, penalties=2.0500000000000003E-6) for clause:  medv(A) :- tax(A, 666), b(A, 7).  [covers 28,0/436,0 pos, 0,0/0,0 neg]
%     Score = -40.262,081052 (regressionFit = 40.262,081050, penalties=2.0500000000000003E-6) for clause:  medv(A) :- tax(A, 666), lstat(A, 7).  [covers 13,0/436,0 pos, 0,0/0,0 neg]
%     Score = -40.596,083747 (regressionFit = 40.596,083745, penalties=2.0500000000000003E-6) for clause:  medv(A) :- ptratio(A, 10), crim(A, 1).  [covers 4,0/436,0 pos, 0,0/0,0 neg]
%     Score = -37.580,775689 (regressionFit = 37.580,775687, penalties=2.0300000000000005E-6) for clause:  medv(A) :- ptratio(A, 10), crim(A, 10).  [covers 45,0/436,0 pos, 0,0/0,0 neg]
%     Score = -38.965,259196 (regressionFit = 38.965,259194, penalties=2.0500000000000003E-6) for clause:  medv(A) :- ptratio(A, 10), zn(A, 0).  [covers 97,0/436,0 pos, 0,0/0,0 neg]
%     Score = -40.592,050201 (regressionFit = 40.592,050199, penalties=2.0500000000000003E-6) for clause:  medv(A) :- ptratio(A, 10), indus(A, 5).  [covers 7,0/436,0 pos, 0,0/0,0 neg]
%     Score = -38.799,303005 (regressionFit = 38.799,303003, penalties=2.0300000000000005E-6) for clause:  medv(A) :- ptratio(A, 10), indus(A, 10).  [covers 90,0/436,0 pos, 0,0/0,0 neg]
%     Score = -38.203,124241 (regressionFit = 38.203,124239, penalties=2.0500000000000003E-6) for clause:  medv(A) :- ptratio(A, 10), chas(A, 0).  [covers 89,0/436,0 pos, 0,0/0,0 neg]
%     Score = -40.592,050201 (regressionFit = 40.592,050199, penalties=2.0500000000000003E-6) for clause:  medv(A) :- ptratio(A, 10), nox(A, 3).  [covers 7,0/436,0 pos, 0,0/0,0 neg]
%     Score = -40.230,492221 (regressionFit = 40.230,492219, penalties=2.0500000000000003E-6) for clause:  medv(A) :- ptratio(A, 10), nox(A, 9).  [covers 26,0/436,0 pos, 0,0/0,0 neg]
%     Score = -40.567,497923 (regressionFit = 40.567,497921, penalties=2.0500000000000003E-6) for clause:  medv(A) :- ptratio(A, 10), rm(A, 8).  [covers 8,0/436,0 pos, 0,0/0,0 neg]
%     Score = -40.360,329454 (regressionFit = 40.360,329452, penalties=2.0500000000000003E-6) for clause:  medv(A) :- ptratio(A, 10), rm(A, 2).  [covers 13,0/436,0 pos, 0,0/0,0 neg]
%     Score = -40.590,692288 (regressionFit = 40.590,692286, penalties=2.0500000000000003E-6) for clause:  medv(A) :- ptratio(A, 10), age(A, 3).  [covers 4,0/436,0 pos, 0,0/0,0 neg]
%     Score = -39.994,503463 (regressionFit = 39.994,503461, penalties=2.0500000000000003E-6) for clause:  medv(A) :- ptratio(A, 10), age(A, 7).  [covers 13,0/436,0 pos, 0,0/0,0 neg]
%     Score = -40.599,198138 (regressionFit = 40.599,198136, penalties=2.0500000000000003E-6) for clause:  medv(A) :- ptratio(A, 10), dis(A, 2).  [covers 5,0/436,0 pos, 0,0/0,0 neg]
%     Score = -40.337,884472 (regressionFit = 40.337,884470, penalties=2.0500000000000003E-6) for clause:  medv(A) :- ptratio(A, 10), dis(A, 8).  [covers 18,0/436,0 pos, 0,0/0,0 neg]
%     Score = -40.592,050201 (regressionFit = 40.592,050199, penalties=2.0500000000000003E-6) for clause:  medv(A) :- ptratio(A, 10), rad(A, 5).  [covers 7,0/436,0 pos, 0,0/0,0 neg]
%     Score = -38.799,303005 (regressionFit = 38.799,303003, penalties=2.0500000000000003E-6) for clause:  medv(A) :- ptratio(A, 10), rad(A, 24).  [covers 90,0/436,0 pos, 0,0/0,0 neg]
%     Score = -40.592,050201 (regressionFit = 40.592,050199, penalties=2.0500000000000003E-6) for clause:  medv(A) :- ptratio(A, 10), tax(A, 224).  [covers 7,0/436,0 pos, 0,0/0,0 neg]
%     Score = -38.799,303005 (regressionFit = 38.799,303003, penalties=2.0500000000000003E-6) for clause:  medv(A) :- ptratio(A, 10), tax(A, 666).  [covers 90,0/436,0 pos, 0,0/0,0 neg]
%     Score = -38.633,648975 (regressionFit = 38.633,648973, penalties=2.0500000000000003E-6) for clause:  medv(A) :- ptratio(A, 10), b(A, 1).  [covers 26,0/436,0 pos, 0,0/0,0 neg]
%     Score = -39.395,899872 (regressionFit = 39.395,899870, penalties=2.0500000000000003E-6) for clause:  medv(A) :- ptratio(A, 10), b(A, 7).  [covers 28,0/436,0 pos, 0,0/0,0 neg]
%     Score = -40.599,866630 (regressionFit = 40.599,866628, penalties=2.0500000000000003E-6) for clause:  medv(A) :- ptratio(A, 10), lstat(A, 8).  [covers 5,0/436,0 pos, 0,0/0,0 neg]
%     Score = -40.262,081052 (regressionFit = 40.262,081050, penalties=2.0500000000000003E-6) for clause:  medv(A) :- ptratio(A, 10), lstat(A, 7).  [covers 13,0/436,0 pos, 0,0/0,0 neg]
%     Score = -40.322,769420 (regressionFit = 40.322,769418, penalties=2.0500000000000003E-6) for clause:  medv(A) :- age(A, 10), crim(A, 2).  [covers 14,0/436,0 pos, 0,0/0,0 neg]
%     Score = -40.307,364545 (regressionFit = 40.307,364543, penalties=2.0500000000000003E-6) for clause:  medv(A) :- age(A, 10), zn(A, 0).  [covers 16,0/436,0 pos, 0,0/0,0 neg]
%     Score = -40.125,287643 (regressionFit = 40.125,287641, penalties=2.0500000000000003E-6) for clause:  medv(A) :- age(A, 10), indus(A, 4).  [covers 11,0/436,0 pos, 0,0/0,0 neg]
%     Score = -39.186,052533 (regressionFit = 39.186,052531, penalties=2.0500000000000003E-6) for clause:  medv(A) :- age(A, 10), chas(A, 0).  [covers 48,0/436,0 pos, 0,0/0,0 neg]
%     Score = -40.439,817401 (regressionFit = 40.439,817399, penalties=2.0500000000000003E-6) for clause:  medv(A) :- age(A, 10), nox(A, 2).  [covers 6,0/436,0 pos, 0,0/0,0 neg]
%     Score = -40.429,476029 (regressionFit = 40.429,476027, penalties=2.0300000000000005E-6) for clause:  medv(A) :- age(A, 10), rm(A, 10).  [covers 7,0/436,0 pos, 0,0/0,0 neg]
%     Score = -39.943,659951 (regressionFit = 39.943,659948, penalties=2.0500000000000003E-6) for clause:  medv(A) :- age(A, 10), dis(A, 2).  [covers 13,0/436,0 pos, 0,0/0,0 neg]
%     Score = -40.333,193693 (regressionFit = 40.333,193691, penalties=2.0500000000000003E-6) for clause:  medv(A) :- age(A, 10), rad(A, 4).  [covers 16,0/436,0 pos, 0,0/0,0 neg]
%     Score = -Infinity (regressionFit = Infinity, penalties=2.0500000000000003E-6) for clause:  medv(A) :- age(A, 10), tax(A, 430).  [covers 2,0/436,0 pos, 0,0/0,0 neg]
%     Score = -40.263,918141 (regressionFit = 40.263,918138, penalties=2.0500000000000003E-6) for clause:  medv(A) :- age(A, 10), ptratio(A, 6).  [covers 12,0/436,0 pos, 0,0/0,0 neg]
%     Score = -40.285,047720 (regressionFit = 40.285,047718, penalties=2.0500000000000003E-6) for clause:  medv(A) :- age(A, 10), b(A, 8).  [covers 12,0/436,0 pos, 0,0/0,0 neg]
%     Score = -40.358,410540 (regressionFit = 40.358,410538, penalties=2.0500000000000003E-6) for clause:  medv(A) :- age(A, 10), lstat(A, 9).  [covers 8,0/436,0 pos, 0,0/0,0 neg]
%     Score = -39.775,981443 (regressionFit = 39.775,981441, penalties=2.0500000000000003E-6) for clause:  medv(A) :- b(A, 7), crim(A, 10).  [covers 20,0/436,0 pos, 0,0/0,0 neg]
%     Score = -39.542,529577 (regressionFit = 39.542,529575, penalties=2.0500000000000003E-6) for clause:  medv(A) :- b(A, 7), zn(A, 0).  [covers 40,0/436,0 pos, 0,0/0,0 neg]
%     Score = -39.395,899872 (regressionFit = 39.395,899870, penalties=2.0500000000000003E-6) for clause:  medv(A) :- b(A, 7), indus(A, 10).  [covers 28,0/436,0 pos, 0,0/0,0 neg]
%     Score = -39.553,351467 (regressionFit = 39.553,351465, penalties=2.0500000000000003E-6) for clause:  medv(A) :- b(A, 7), chas(A, 0).  [covers 39,0/436,0 pos, 0,0/0,0 neg]
%     Score = -40.180,649038 (regressionFit = 40.180,649036, penalties=2.0500000000000003E-6) for clause:  medv(A) :- b(A, 7), nox(A, 9).  [covers 11,0/436,0 pos, 0,0/0,0 neg]
%     Score = -40.385,469618 (regressionFit = 40.385,469616, penalties=2.0500000000000003E-6) for clause:  medv(A) :- b(A, 7), rm(A, 2).  [covers 5,0/436,0 pos, 0,0/0,0 neg]
%     Score = -40.358,970178 (regressionFit = 40.358,970176, penalties=2.0300000000000005E-6) for clause:  medv(A) :- b(A, 7), age(A, 7).  [covers 8,0/436,0 pos, 0,0/0,0 neg]
%     Score = -40.206,064995 (regressionFit = 40.206,064993, penalties=2.0500000000000003E-6) for clause:  medv(A) :- b(A, 7), dis(A, 8).  [covers 9,0/436,0 pos, 0,0/0,0 neg]
%     Score = -39.395,899872 (regressionFit = 39.395,899870, penalties=2.0500000000000003E-6) for clause:  medv(A) :- b(A, 7), rad(A, 24).  [covers 28,0/436,0 pos, 0,0/0,0 neg]
%     Score = -39.395,899872 (regressionFit = 39.395,899870, penalties=2.0500000000000003E-6) for clause:  medv(A) :- b(A, 7), tax(A, 666).  [covers 28,0/436,0 pos, 0,0/0,0 neg]
%     Score = -39.395,899872 (regressionFit = 39.395,899870, penalties=2.0500000000000003E-6) for clause:  medv(A) :- b(A, 7), ptratio(A, 10).  [covers 28,0/436,0 pos, 0,0/0,0 neg]
%     Score = -40.428,457281 (regressionFit = 40.428,457279, penalties=2.0300000000000005E-6) for clause:  medv(A) :- b(A, 7), lstat(A, 7).  [covers 8,0/436,0 pos, 0,0/0,0 neg]
%     Score = -40.289,088920 (regressionFit = 40.289,088918, penalties=2.0500000000000003E-6) for clause:  medv(A) :- indus(A, 5), crim(A, 2).  [covers 6,0/436,0 pos, 0,0/0,0 neg]
%     Score = -40.487,196663 (regressionFit = 40.487,196661, penalties=2.0500000000000003E-6) for clause:  medv(A) :- indus(A, 5), crim(A, 1).  [covers 9,0/436,0 pos, 0,0/0,0 neg]
%     Score = -40.517,611587 (regressionFit = 40.517,611585, penalties=2.0500000000000003E-6) for clause:  medv(A) :- indus(A, 5), zn(A, 30).  [covers 6,0/436,0 pos, 0,0/0,0 neg]
%     Score = -40.552,615651 (regressionFit = 40.552,615649, penalties=2.0500000000000003E-6) for clause:  medv(A) :- indus(A, 5), zn(A, 0).  [covers 13,0/436,0 pos, 0,0/0,0 neg]
%     Score = -39.914,183199 (regressionFit = 39.914,183197, penalties=2.0500000000000003E-6) for clause:  medv(A) :- indus(A, 5), chas(A, 0).  [covers 48,0/436,0 pos, 0,0/0,0 neg]
%     Score = -40.441,036784 (regressionFit = 40.441,036782, penalties=2.0300000000000005E-6) for clause:  medv(A) :- indus(A, 5), nox(A, 5).  [covers 21,0/436,0 pos, 0,0/0,0 neg]
%     Score = -40.592,050201 (regressionFit = 40.592,050199, penalties=2.0500000000000003E-6) for clause:  medv(A) :- indus(A, 5), nox(A, 3).  [covers 7,0/436,0 pos, 0,0/0,0 neg]
%     Score = -40.212,545961 (regressionFit = 40.212,545959, penalties=2.0500000000000003E-6) for clause:  medv(A) :- indus(A, 5), rm(A, 1).  [covers 8,0/436,0 pos, 0,0/0,0 neg]
%     Score = -40.600,143122 (regressionFit = 40.600,143120, penalties=2.0500000000000003E-6) for clause:  medv(A) :- indus(A, 5), rm(A, 8).  [covers 4,0/436,0 pos, 0,0/0,0 neg]
%     Score = -40.502,764462 (regressionFit = 40.502,764459, penalties=2.0500000000000003E-6) for clause:  medv(A) :- indus(A, 5), age(A, 3).  [covers 15,0/436,0 pos, 0,0/0,0 neg]
%     Score = -40.518,327507 (regressionFit = 40.518,327505, penalties=2.0500000000000003E-6) for clause:  medv(A) :- indus(A, 5), dis(A, 3).  [covers 11,0/436,0 pos, 0,0/0,0 neg]
%     Score = -40.223,834419 (regressionFit = 40.223,834417, penalties=2.0500000000000003E-6) for clause:  medv(A) :- indus(A, 5), dis(A, 2).  [covers 13,0/436,0 pos, 0,0/0,0 neg]
%     Score = -40.453,491496 (regressionFit = 40.453,491494, penalties=2.0500000000000003E-6) for clause:  medv(A) :- indus(A, 5), rad(A, 6).  [covers 9,0/436,0 pos, 0,0/0,0 neg]
%     Score = -40.592,050201 (regressionFit = 40.592,050199, penalties=2.0300000000000005E-6) for clause:  medv(A) :- indus(A, 5), rad(A, 5).  [covers 7,0/436,0 pos, 0,0/0,0 neg]
%     Score = -40.517,611587 (regressionFit = 40.517,611585, penalties=2.0500000000000003E-6) for clause:  medv(A) :- indus(A, 5), tax(A, 300).  [covers 6,0/436,0 pos, 0,0/0,0 neg]
%     Score = -40.592,050201 (regressionFit = 40.592,050199, penalties=2.0500000000000003E-6) for clause:  medv(A) :- indus(A, 5), tax(A, 224).  [covers 7,0/436,0 pos, 0,0/0,0 neg]
%     Score = -40.407,511974 (regressionFit = 40.407,511972, penalties=2.0500000000000003E-6) for clause:  medv(A) :- indus(A, 5), ptratio(A, 6).  [covers 13,0/436,0 pos, 0,0/0,0 neg]
%     Score = -40.592,050201 (regressionFit = 40.592,050199, penalties=2.0500000000000003E-6) for clause:  medv(A) :- indus(A, 5), ptratio(A, 10).  [covers 7,0/436,0 pos, 0,0/0,0 neg]
%     Score = -40.510,661710 (regressionFit = 40.510,661708, penalties=2.0300000000000005E-6) for clause:  medv(A) :- indus(A, 5), b(A, 5).  [covers 4,0/436,0 pos, 0,0/0,0 neg]
%     Score = -40.321,146652 (regressionFit = 40.321,146650, penalties=2.0500000000000003E-6) for clause:  medv(A) :- indus(A, 5), b(A, 1).  [covers 16,0/436,0 pos, 0,0/0,0 neg]
%     Score = -40.318,719812 (regressionFit = 40.318,719810, penalties=2.0500000000000003E-6) for clause:  medv(A) :- indus(A, 5), lstat(A, 9).  [covers 12,0/436,0 pos, 0,0/0,0 neg]
%     Score = -40.582,976289 (regressionFit = 40.582,976287, penalties=2.0500000000000003E-6) for clause:  medv(A) :- indus(A, 5), lstat(A, 8).  [covers 7,0/436,0 pos, 0,0/0,0 neg]

% The best node found: medv(A) :- crim(A, 10).  [covers 45,0/436,0 pos, 0,0/0,0 neg]

% The best node found: medv(A) :- crim(A, 10).  [covers 45,0/436,0 pos, 0,0/0,0 neg]
Setting 10.05847222222222 for 
 // Learned this clause on outer loop cycle #2.  It scores=-37.580,78 and has recall=0,10, precision=1,00, and F1=0,19 (using m-estimates).
 // It covers 10,3% of the positive examples, 45 of 436 (of which 44 are newly covered),
 // So far 92 (21,1%) of the positive examples have been covered.
(medv(A) :- crim(A, 10))

% On cycle #2, the best clause found is:
%      medv(A) :- crim(A, 10).  [covers 45,0/436,0 pos, 0,0/0,0 neg]
% This clause covers 45 positive examples, of which 44 are newly covered.
% It also covers 0 negative examples, of which 0 are newly covered.
% The current set of 2 best clauses covers 21,1% of the positive examples and NaN% of the negatives.}

% Have these 10 positive seeds: 30 63 65 67 111 130 199 223 230 240

% target           = medv(A)
%     Score = -Infinity (regressionFit = Infinity, penalties=1.1E-7) for clause:  medv(_).  [covers 436,0/436,0 pos, 0,0/0,0 neg]
% Unacceptable due to being the root node.
% Most-general root: medv(_).  [covers 436,0/436,0 pos, 0,0/0,0 neg]  score = -Infinity
%     Score = -51.382,183631 (regressionFit = 51.382,183630, penalties=1.03E-6) for clause:  medv(A) :- crim(A, 4).  [covers 41,0/436,0 pos, 0,0/0,0 neg]
% Gleaner: New best node found (score = -51.382,183631): medv(A) :- crim(A, 4).  [covers 41,0/436,0 pos, 0,0/0,0 neg]
%     Score = -51.696,554030 (regressionFit = 51.696,554029, penalties=1.03E-6) for clause:  medv(A) :- crim(A, 8).  [covers 32,0/436,0 pos, 0,0/0,0 neg]
%     Score = -51.702,177896 (regressionFit = 51.702,177895, penalties=1.03E-6) for clause:  medv(A) :- crim(A, 5).  [covers 49,0/436,0 pos, 0,0/0,0 neg]
%     Score = -50.973,132795 (regressionFit = 50.973,132794, penalties=1.03E-6) for clause:  medv(A) :- crim(A, 3).  [covers 47,0/436,0 pos, 0,0/0,0 neg]
% Gleaner: New best node found (score = -50.973,132795): medv(A) :- crim(A, 3).  [covers 47,0/436,0 pos, 0,0/0,0 neg]
%     Score = -51.083,764212 (regressionFit = 51.083,764211, penalties=1.03E-6) for clause:  medv(A) :- crim(A, 1).  [covers 49,0/436,0 pos, 0,0/0,0 neg]
%     Score = -50.608,606601 (regressionFit = 50.608,606600, penalties=1.03E-6) for clause:  medv(A) :- crim(A, 2).  [covers 51,0/436,0 pos, 0,0/0,0 neg]
% Gleaner: New best node found (score = -50.608,606601): medv(A) :- crim(A, 2).  [covers 51,0/436,0 pos, 0,0/0,0 neg]
%     Score = -51.400,791939 (regressionFit = 51.400,791938, penalties=1.03E-6) for clause:  medv(A) :- crim(A, 7).  [covers 47,0/436,0 pos, 0,0/0,0 neg]
%     Score = -50.722,043697 (regressionFit = 50.722,043696, penalties=1.03E-6) for clause:  medv(A) :- zn(A, 0).  [covers 307,0/436,0 pos, 0,0/0,0 neg]
%     Score = -51.183,267039 (regressionFit = 51.183,267038, penalties=1.03E-6) for clause:  medv(A) :- zn(A, 20).  [covers 21,0/436,0 pos, 0,0/0,0 neg]
%     Score = -51.439,008117 (regressionFit = 51.439,008116, penalties=1.03E-6) for clause:  medv(A) :- zn(A, 34).  [covers 3,0/436,0 pos, 0,0/0,0 neg]
%     Score = -51.703,644950 (regressionFit = 51.703,644949, penalties=1.03E-6) for clause:  medv(A) :- indus(A, 8).  [covers 21,0/436,0 pos, 0,0/0,0 neg]
%     Score = -51.700,187459 (regressionFit = 51.700,187458, penalties=1.03E-6) for clause:  medv(A) :- indus(A, 9).  [covers 29,0/436,0 pos, 0,0/0,0 neg]
%     Score = -51.585,572720 (regressionFit = 51.585,572719, penalties=1.03E-6) for clause:  medv(A) :- indus(A, 3).  [covers 47,0/436,0 pos, 0,0/0,0 neg]
%     Score = -51.191,911960 (regressionFit = 51.191,911959, penalties=1.03E-6) for clause:  medv(A) :- indus(A, 7).  [covers 17,0/436,0 pos, 0,0/0,0 neg]
%     Score = -51.508,831044 (regressionFit = 51.508,831043, penalties=1.03E-6) for clause:  medv(A) :- indus(A, 4).  [covers 49,0/436,0 pos, 0,0/0,0 neg]
%     Score = -51.699,175274 (regressionFit = 51.699,175273, penalties=1.03E-6) for clause:  medv(A) :- indus(A, 2).  [covers 51,0/436,0 pos, 0,0/0,0 neg]
%     Score = -51.213,790553 (regressionFit = 51.213,790552, penalties=1.03E-6) for clause:  medv(A) :- indus(A, 6).  [covers 36,0/436,0 pos, 0,0/0,0 neg]
%     Score = -51.413,574628 (regressionFit = 51.413,574627, penalties=1.03E-6) for clause:  medv(A) :- chas(A, 0).  [covers 401,0/436,0 pos, 0,0/0,0 neg]
%     Score = -51.413,574628 (regressionFit = 51.413,574627, penalties=1.03E-6) for clause:  medv(A) :- chas(A, 1).  [covers 35,0/436,0 pos, 0,0/0,0 neg]
%     Score = -51.612,209386 (regressionFit = 51.612,209385, penalties=1.03E-6) for clause:  medv(A) :- nox(A, 7).  [covers 32,0/436,0 pos, 0,0/0,0 neg]
%     Score = -51.029,709140 (regressionFit = 51.029,709139, penalties=1.03E-6) for clause:  medv(A) :- nox(A, 9).  [covers 42,0/436,0 pos, 0,0/0,0 neg]
%     Score = -51.623,254750 (regressionFit = 51.623,254749, penalties=1.03E-6) for clause:  medv(A) :- nox(A, 1).  [covers 47,0/436,0 pos, 0,0/0,0 neg]
%     Score = -51.387,946311 (regressionFit = 51.387,946310, penalties=1.03E-6) for clause:  medv(A) :- nox(A, 2).  [covers 48,0/436,0 pos, 0,0/0,0 neg]
%     Score = -50.730,274827 (regressionFit = 50.730,274826, penalties=1.03E-6) for clause:  medv(A) :- nox(A, 5).  [covers 50,0/436,0 pos, 0,0/0,0 neg]
%     Score = -51.628,397591 (regressionFit = 51.628,397590, penalties=1.03E-6) for clause:  medv(A) :- rm(A, 5).  [covers 39,0/436,0 pos, 0,0/0,0 neg]
%     Score = -49.862,499307 (regressionFit = 49.862,499306, penalties=1.03E-6) for clause:  medv(A) :- rm(A, 9).  [covers 44,0/436,0 pos, 0,0/0,0 neg]
% Gleaner: New best node found (score = -49.862,499307): medv(A) :- rm(A, 9).  [covers 44,0/436,0 pos, 0,0/0,0 neg]
%     Score = -49.395,098041 (regressionFit = 49.395,098040, penalties=1.03E-6) for clause:  medv(A) :- rm(A, 1).  [covers 43,0/436,0 pos, 0,0/0,0 neg]
% Gleaner: New best node found (score = -49.395,098041): medv(A) :- rm(A, 1).  [covers 43,0/436,0 pos, 0,0/0,0 neg]
%     Score = -51.491,084054 (regressionFit = 51.491,084053, penalties=1.03E-6) for clause:  medv(A) :- rm(A, 7).  [covers 44,0/436,0 pos, 0,0/0,0 neg]
%     Score = -51.680,598554 (regressionFit = 51.680,598553, penalties=1.03E-6) for clause:  medv(A) :- rm(A, 8).  [covers 45,0/436,0 pos, 0,0/0,0 neg]
%     Score = -45.635,291374 (regressionFit = 45.635,291373, penalties=1.03E-6) for clause:  medv(A) :- rm(A, 4).  [covers 46,0/436,0 pos, 0,0/0,0 neg]
% Gleaner: New best node found (score = -45.635,291374): medv(A) :- rm(A, 4).  [covers 46,0/436,0 pos, 0,0/0,0 neg]
%     Score = -51.511,586013 (regressionFit = 51.511,586012, penalties=1.03E-6) for clause:  medv(A) :- rm(A, 6).  [covers 43,0/436,0 pos, 0,0/0,0 neg]
%     Score = -51.589,722562 (regressionFit = 51.589,722561, penalties=1.03E-6) for clause:  medv(A) :- age(A, 9).  [covers 40,0/436,0 pos, 0,0/0,0 neg]
%     Score = -51.136,083515 (regressionFit = 51.136,083514, penalties=1.03E-6) for clause:  medv(A) :- age(A, 7).  [covers 43,0/436,0 pos, 0,0/0,0 neg]
%     Score = -49.232,976262 (regressionFit = 49.232,976261, penalties=1.03E-6) for clause:  medv(A) :- age(A, 6).  [covers 48,0/436,0 pos, 0,0/0,0 neg]
%     Score = -51.349,304386 (regressionFit = 51.349,304385, penalties=1.03E-6) for clause:  medv(A) :- age(A, 1).  [covers 43,0/436,0 pos, 0,0/0,0 neg]
%     Score = -51.696,971730 (regressionFit = 51.696,971729, penalties=1.03E-6) for clause:  medv(A) :- age(A, 4).  [covers 37,0/436,0 pos, 0,0/0,0 neg]
%     Score = -50.290,150047 (regressionFit = 50.290,150046, penalties=1.03E-6) for clause:  medv(A) :- age(A, 8).  [covers 49,0/436,0 pos, 0,0/0,0 neg]
%     Score = -49.793,466588 (regressionFit = 49.793,466587, penalties=1.03E-6) for clause:  medv(A) :- age(A, 10).  [covers 49,0/436,0 pos, 0,0/0,0 neg]
%     Score = -51.213,486827 (regressionFit = 51.213,486825, penalties=1.03E-6) for clause:  medv(A) :- dis(A, 8).  [covers 42,0/436,0 pos, 0,0/0,0 neg]
%     Score = -48.165,145552 (regressionFit = 48.165,145551, penalties=1.03E-6) for clause:  medv(A) :- dis(A, 9).  [covers 43,0/436,0 pos, 0,0/0,0 neg]
%     Score = -51.451,244783 (regressionFit = 51.451,244782, penalties=1.03E-6) for clause:  medv(A) :- dis(A, 1).  [covers 48,0/436,0 pos, 0,0/0,0 neg]
%     Score = -51.654,919358 (regressionFit = 51.654,919357, penalties=1.03E-6) for clause:  medv(A) :- dis(A, 4).  [covers 45,0/436,0 pos, 0,0/0,0 neg]
%     Score = -51.386,622443 (regressionFit = 51.386,622442, penalties=1.03E-6) for clause:  medv(A) :- dis(A, 6).  [covers 32,0/436,0 pos, 0,0/0,0 neg]
%     Score = -51.101,071814 (regressionFit = 51.101,071813, penalties=1.03E-6) for clause:  medv(A) :- dis(A, 2).  [covers 50,0/436,0 pos, 0,0/0,0 neg]
%     Score = -51.564,155822 (regressionFit = 51.564,155821, penalties=1.03E-6) for clause:  medv(A) :- dis(A, 7).  [covers 29,0/436,0 pos, 0,0/0,0 neg]
%     Score = -51.518,699956 (regressionFit = 51.518,699955, penalties=1.03E-6) for clause:  medv(A) :- rad(A, 2).  [covers 23,0/436,0 pos, 0,0/0,0 neg]
%     Score = -51.157,864333 (regressionFit = 51.157,864332, penalties=1.03E-6) for clause:  medv(A) :- rad(A, 5).  [covers 112,0/436,0 pos, 0,0/0,0 neg]
%     Score = -50.780,457707 (regressionFit = 50.780,457706, penalties=1.03E-6) for clause:  medv(A) :- rad(A, 4).  [covers 101,0/436,0 pos, 0,0/0,0 neg]
%     Score = -51.614,294873 (regressionFit = 51.614,294872, penalties=1.03E-6) for clause:  medv(A) :- rad(A, 7).  [covers 16,0/436,0 pos, 0,0/0,0 neg]
%     Score = -51.685,917816 (regressionFit = 51.685,917815, penalties=1.03E-6) for clause:  medv(A) :- tax(A, 188).  [covers 7,0/436,0 pos, 0,0/0,0 neg]
%     Score = -51.700,187459 (regressionFit = 51.700,187458, penalties=1.03E-6) for clause:  medv(A) :- tax(A, 403).  [covers 29,0/436,0 pos, 0,0/0,0 neg]
%     Score = -51.465,725263 (regressionFit = 51.465,725262, penalties=1.03E-6) for clause:  medv(A) :- tax(A, 307).  [covers 39,0/436,0 pos, 0,0/0,0 neg]
%     Score = -51.674,785934 (regressionFit = 51.674,785933, penalties=1.03E-6) for clause:  medv(A) :- tax(A, 276).  [covers 9,0/436,0 pos, 0,0/0,0 neg]
%     Score = -51.669,865791 (regressionFit = 51.669,865790, penalties=1.03E-6) for clause:  medv(A) :- tax(A, 216).  [covers 4,0/436,0 pos, 0,0/0,0 neg]
%     Score = -51.699,425562 (regressionFit = 51.699,425561, penalties=1.03E-6) for clause:  medv(A) :- tax(A, 329).  [covers 6,0/436,0 pos, 0,0/0,0 neg]
%     Score = -51.631,547454 (regressionFit = 51.631,547453, penalties=1.03E-6) for clause:  medv(A) :- tax(A, 304).  [covers 14,0/436,0 pos, 0,0/0,0 neg]
%     Score = -50.719,020633 (regressionFit = 50.719,020632, penalties=1.03E-6) for clause:  medv(A) :- ptratio(A, 5).  [covers 42,0/436,0 pos, 0,0/0,0 neg]
%     Score = -51.024,125247 (regressionFit = 51.024,125246, penalties=1.03E-6) for clause:  medv(A) :- ptratio(A, 9).  [covers 50,0/436,0 pos, 0,0/0,0 neg]
%     Score = -51.696,763367 (regressionFit = 51.696,763366, penalties=1.03E-6) for clause:  medv(A) :- ptratio(A, 4).  [covers 32,0/436,0 pos, 0,0/0,0 neg]
%     Score = -50.796,561960 (regressionFit = 50.796,561959, penalties=1.03E-6) for clause:  medv(A) :- ptratio(A, 1).  [covers 45,0/436,0 pos, 0,0/0,0 neg]
%     Score = -50.902,489915 (regressionFit = 50.902,489914, penalties=1.03E-6) for clause:  medv(A) :- ptratio(A, 3).  [covers 51,0/436,0 pos, 0,0/0,0 neg]
%     Score = -51.674,871766 (regressionFit = 51.674,871765, penalties=1.03E-6) for clause:  medv(A) :- b(A, 5).  [covers 46,0/436,0 pos, 0,0/0,0 neg]
%     Score = -48.223,385566 (regressionFit = 48.223,385565, penalties=1.03E-6) for clause:  medv(A) :- b(A, 7).  [covers 40,0/436,0 pos, 0,0/0,0 neg]
%     Score = -51.699,284694 (regressionFit = 51.699,284693, penalties=1.03E-6) for clause:  medv(A) :- b(A, 9).  [covers 41,0/436,0 pos, 0,0/0,0 neg]
%     Score = -51.261,932613 (regressionFit = 51.261,932612, penalties=1.03E-6) for clause:  medv(A) :- b(A, 4).  [covers 27,0/436,0 pos, 0,0/0,0 neg]
%     Score = -51.705,153086 (regressionFit = 51.705,153085, penalties=1.03E-6) for clause:  medv(A) :- b(A, 6).  [covers 47,0/436,0 pos, 0,0/0,0 neg]
%     Score = -51.639,228866 (regressionFit = 51.639,228865, penalties=1.03E-6) for clause:  medv(A) :- b(A, 1).  [covers 102,0/436,0 pos, 0,0/0,0 neg]
%     Score = -51.575,701665 (regressionFit = 51.575,701664, penalties=1.03E-6) for clause:  medv(A) :- b(A, 2).  [covers 40,0/436,0 pos, 0,0/0,0 neg]
%     Score = -51.623,528898 (regressionFit = 51.623,528897, penalties=1.03E-6) for clause:  medv(A) :- lstat(A, 10).  [covers 38,0/436,0 pos, 0,0/0,0 neg]
%     Score = -51.587,531963 (regressionFit = 51.587,531962, penalties=1.03E-6) for clause:  medv(A) :- lstat(A, 7).  [covers 38,0/436,0 pos, 0,0/0,0 neg]
%     Score = -51.369,277628 (regressionFit = 51.369,277627, penalties=1.03E-6) for clause:  medv(A) :- lstat(A, 9).  [covers 46,0/436,0 pos, 0,0/0,0 neg]
%     Score = -50.159,336470 (regressionFit = 50.159,336469, penalties=1.03E-6) for clause:  medv(A) :- lstat(A, 2).  [covers 45,0/436,0 pos, 0,0/0,0 neg]
%     Score = -51.431,922692 (regressionFit = 51.431,922691, penalties=1.03E-6) for clause:  medv(A) :- lstat(A, 8).  [covers 44,0/436,0 pos, 0,0/0,0 neg]
%     Score = -51.575,149560 (regressionFit = 51.575,149559, penalties=1.03E-6) for clause:  medv(A) :- lstat(A, 3).  [covers 51,0/436,0 pos, 0,0/0,0 neg]
%     Score = -50.942,999781 (regressionFit = 50.942,999780, penalties=1.03E-6) for clause:  medv(A) :- lstat(A, 1).  [covers 49,0/436,0 pos, 0,0/0,0 neg]
%     Score = -51.494,119769 (regressionFit = 51.494,119768, penalties=1.03E-6) for clause:  medv(A) :- lstat(A, 4).  [covers 42,0/436,0 pos, 0,0/0,0 neg]
%     Score = -49.402,159583 (regressionFit = 49.402,159581, penalties=2.0500000000000003E-6) for clause:  medv(A) :- rm(A, 4), crim(A, 1).  [covers 11,0/436,0 pos, 0,0/0,0 neg]
%     Score = -49.319,865913 (regressionFit = 49.319,865911, penalties=2.0500000000000003E-6) for clause:  medv(A) :- rm(A, 4), crim(A, 2).  [covers 9,0/436,0 pos, 0,0/0,0 neg]
%     Score = -50.791,211445 (regressionFit = 50.791,211443, penalties=2.0500000000000003E-6) for clause:  medv(A) :- rm(A, 4), zn(A, 20).  [covers 4,0/436,0 pos, 0,0/0,0 neg]
%     Score = -Infinity (regressionFit = Infinity, penalties=2.0500000000000003E-6) for clause:  medv(A) :- rm(A, 4), zn(A, 34).  [covers 1,0/436,0 pos, 0,0/0,0 neg]
%     Score = -49.113,720566 (regressionFit = 49.113,720564, penalties=2.0300000000000005E-6) for clause:  medv(A) :- rm(A, 4), indus(A, 4).  [covers 13,0/436,0 pos, 0,0/0,0 neg]
%     Score = -50.607,448305 (regressionFit = 50.607,448303, penalties=2.0500000000000003E-6) for clause:  medv(A) :- rm(A, 4), indus(A, 2).  [covers 7,0/436,0 pos, 0,0/0,0 neg]
%     Score = -46.980,027427 (regressionFit = 46.980,027425, penalties=2.0500000000000003E-6) for clause:  medv(A) :- rm(A, 4), chas(A, 0).  [covers 41,0/436,0 pos, 0,0/0,0 neg]
%     Score = -49.811,395824 (regressionFit = 49.811,395822, penalties=2.0500000000000003E-6) for clause:  medv(A) :- rm(A, 4), nox(A, 2).  [covers 9,0/436,0 pos, 0,0/0,0 neg]
%     Score = -50.509,399906 (regressionFit = 50.509,399904, penalties=2.0500000000000003E-6) for clause:  medv(A) :- rm(A, 4), nox(A, 5).  [covers 7,0/436,0 pos, 0,0/0,0 neg]
%     Score = -49.790,818381 (regressionFit = 49.790,818379, penalties=2.0500000000000003E-6) for clause:  medv(A) :- rm(A, 4), age(A, 8).  [covers 9,0/436,0 pos, 0,0/0,0 neg]
%     Score = -49.597,000246 (regressionFit = 49.597,000244, penalties=2.0500000000000003E-6) for clause:  medv(A) :- rm(A, 4), age(A, 10).  [covers 10,0/436,0 pos, 0,0/0,0 neg]
%     Score = -50.159,691039 (regressionFit = 50.159,691037, penalties=2.0500000000000003E-6) for clause:  medv(A) :- rm(A, 4), dis(A, 2).  [covers 6,0/436,0 pos, 0,0/0,0 neg]
%     Score = -49.035,735879 (regressionFit = 49.035,735877, penalties=2.0500000000000003E-6) for clause:  medv(A) :- rm(A, 4), rad(A, 5).  [covers 13,0/436,0 pos, 0,0/0,0 neg]
%     Score = -51.231,610487 (regressionFit = 51.231,610485, penalties=2.0500000000000003E-6) for clause:  medv(A) :- rm(A, 4), rad(A, 7).  [covers 3,0/436,0 pos, 0,0/0,0 neg]
%     Score = -Infinity (regressionFit = Infinity, penalties=2.0500000000000003E-6) for clause:  medv(A) :- rm(A, 4), tax(A, 216).  [covers 2,0/436,0 pos, 0,0/0,0 neg]
%     Score = -Infinity (regressionFit = Infinity, penalties=2.0500000000000003E-6) for clause:  medv(A) :- rm(A, 4), tax(A, 329).  [covers 2,0/436,0 pos, 0,0/0,0 neg]
%     Score = -49.597,000246 (regressionFit = 49.597,000244, penalties=2.0500000000000003E-6) for clause:  medv(A) :- rm(A, 4), ptratio(A, 1).  [covers 10,0/436,0 pos, 0,0/0,0 neg]
%     Score = -49.833,055805 (regressionFit = 49.833,055803, penalties=2.0500000000000003E-6) for clause:  medv(A) :- rm(A, 4), b(A, 2).  [covers 7,0/436,0 pos, 0,0/0,0 neg]
%     Score = -51.151,714480 (regressionFit = 51.151,714478, penalties=2.0500000000000003E-6) for clause:  medv(A) :- rm(A, 4), b(A, 6).  [covers 6,0/436,0 pos, 0,0/0,0 neg]
%     Score = -47.326,499023 (regressionFit = 47.326,499020, penalties=2.0500000000000003E-6) for clause:  medv(A) :- rm(A, 4), lstat(A, 3).  [covers 15,0/436,0 pos, 0,0/0,0 neg]
%     Score = -49.255,084098 (regressionFit = 49.255,084096, penalties=2.0500000000000003E-6) for clause:  medv(A) :- rm(A, 4), lstat(A, 1).  [covers 13,0/436,0 pos, 0,0/0,0 neg]
%     Score = -51.396,699115 (regressionFit = 51.396,699113, penalties=2.0500000000000003E-6) for clause:  medv(A) :- dis(A, 9), crim(A, 8).  [covers 5,0/436,0 pos, 0,0/0,0 neg]
%     Score = -51.691,630928 (regressionFit = 51.691,630926, penalties=2.0500000000000003E-6) for clause:  medv(A) :- dis(A, 9), crim(A, 5).  [covers 6,0/436,0 pos, 0,0/0,0 neg]
%     Score = -48.865,805648 (regressionFit = 48.865,805646, penalties=2.0500000000000003E-6) for clause:  medv(A) :- dis(A, 9), zn(A, 0).  [covers 40,0/436,0 pos, 0,0/0,0 neg]
%     Score = -51.546,709788 (regressionFit = 51.546,709786, penalties=2.0300000000000005E-6) for clause:  medv(A) :- dis(A, 9), indus(A, 9).  [covers 6,0/436,0 pos, 0,0/0,0 neg]
%     Score = -48.365,536974 (regressionFit = 48.365,536972, penalties=2.0500000000000003E-6) for clause:  medv(A) :- dis(A, 9), chas(A, 0).  [covers 38,0/436,0 pos, 0,0/0,0 neg]
%     Score = -50.510,415831 (regressionFit = 50.510,415829, penalties=2.0300000000000005E-6) for clause:  medv(A) :- dis(A, 9), nox(A, 9).  [covers 14,0/436,0 pos, 0,0/0,0 neg]
%     Score = -50.710,501698 (regressionFit = 50.710,501696, penalties=2.0300000000000005E-6) for clause:  medv(A) :- dis(A, 9), rm(A, 9).  [covers 7,0/436,0 pos, 0,0/0,0 neg]
%     Score = -Infinity (regressionFit = Infinity, penalties=2.0500000000000003E-6) for clause:  medv(A) :- dis(A, 9), rm(A, 1).  [covers 1,0/436,0 pos, 0,0/0,0 neg]
%     Score = -51.268,178905 (regressionFit = 51.268,178903, penalties=2.0500000000000003E-6) for clause:  medv(A) :- dis(A, 9), age(A, 7).  [covers 9,0/436,0 pos, 0,0/0,0 neg]
%     Score = -50.513,298545 (regressionFit = 50.513,298543, penalties=2.0500000000000003E-6) for clause:  medv(A) :- dis(A, 9), age(A, 6).  [covers 11,0/436,0 pos, 0,0/0,0 neg]
%     Score = -51.666,048399 (regressionFit = 51.666,048397, penalties=2.0500000000000003E-6) for clause:  medv(A) :- dis(A, 9), rad(A, 5).  [covers 9,0/436,0 pos, 0,0/0,0 neg]
%     Score = -51.546,709788 (regressionFit = 51.546,709786, penalties=2.0500000000000003E-6) for clause:  medv(A) :- dis(A, 9), tax(A, 403).  [covers 6,0/436,0 pos, 0,0/0,0 neg]
%     Score = -51.666,048399 (regressionFit = 51.666,048397, penalties=2.0300000000000005E-6) for clause:  medv(A) :- dis(A, 9), ptratio(A, 9).  [covers 9,0/436,0 pos, 0,0/0,0 neg]
%     Score = -48.714,085903 (regressionFit = 48.714,085901, penalties=2.0500000000000003E-6) for clause:  medv(A) :- dis(A, 9), b(A, 7).  [covers 13,0/436,0 pos, 0,0/0,0 neg]
%     Score = -51.691,773056 (regressionFit = 51.691,773054, penalties=2.0300000000000005E-6) for clause:  medv(A) :- dis(A, 9), b(A, 9).  [covers 10,0/436,0 pos, 0,0/0,0 neg]
%     Score = -51.528,751521 (regressionFit = 51.528,751519, penalties=2.0500000000000003E-6) for clause:  medv(A) :- dis(A, 9), lstat(A, 7).  [covers 6,0/436,0 pos, 0,0/0,0 neg]
%     Score = -Infinity (regressionFit = Infinity, penalties=2.0300000000000005E-6) for clause:  medv(A) :- dis(A, 9), lstat(A, 9).  [covers 1,0/436,0 pos, 0,0/0,0 neg]
%     Score = -51.696,833222 (regressionFit = 51.696,833220, penalties=2.0500000000000003E-6) for clause:  medv(A) :- b(A, 7), crim(A, 8).  [covers 7,0/436,0 pos, 0,0/0,0 neg]
%     Score = -48.223,385568 (regressionFit = 48.223,385565, penalties=2.0500000000000003E-6) for clause:  medv(A) :- b(A, 7), zn(A, 0).  [covers 40,0/436,0 pos, 0,0/0,0 neg]
%     Score = -51.704,811458 (regressionFit = 51.704,811456, penalties=2.0500000000000003E-6) for clause:  medv(A) :- b(A, 7), indus(A, 9).  [covers 7,0/436,0 pos, 0,0/0,0 neg]
%     Score = -48.186,584176 (regressionFit = 48.186,584174, penalties=2.0500000000000003E-6) for clause:  medv(A) :- b(A, 7), chas(A, 0).  [covers 39,0/436,0 pos, 0,0/0,0 neg]
%     Score = -50.658,520885 (regressionFit = 50.658,520883, penalties=2.0500000000000003E-6) for clause:  medv(A) :- b(A, 7), nox(A, 9).  [covers 11,0/436,0 pos, 0,0/0,0 neg]
%     Score = -50.748,218755 (regressionFit = 50.748,218753, penalties=2.0500000000000003E-6) for clause:  medv(A) :- b(A, 7), rm(A, 9).  [covers 9,0/436,0 pos, 0,0/0,0 neg]
%     Score = -50.980,356832 (regressionFit = 50.980,356830, penalties=2.0300000000000005E-6) for clause:  medv(A) :- b(A, 7), age(A, 7).  [covers 8,0/436,0 pos, 0,0/0,0 neg]
%     Score = -48.714,085903 (regressionFit = 48.714,085901, penalties=2.0500000000000003E-6) for clause:  medv(A) :- b(A, 7), dis(A, 9).  [covers 13,0/436,0 pos, 0,0/0,0 neg]
%     Score = -51.704,397739 (regressionFit = 51.704,397737, penalties=2.0500000000000003E-6) for clause:  medv(A) :- b(A, 7), rad(A, 5).  [covers 8,0/436,0 pos, 0,0/0,0 neg]
%     Score = -51.704,811458 (regressionFit = 51.704,811456, penalties=2.0500000000000003E-6) for clause:  medv(A) :- b(A, 7), tax(A, 403).  [covers 7,0/436,0 pos, 0,0/0,0 neg]
%     Score = -51.704,811458 (regressionFit = 51.704,811456, penalties=2.0500000000000003E-6) for clause:  medv(A) :- b(A, 7), ptratio(A, 9).  [covers 7,0/436,0 pos, 0,0/0,0 neg]
%     Score = -51.516,782976 (regressionFit = 51.516,782974, penalties=2.0300000000000005E-6) for clause:  medv(A) :- b(A, 7), lstat(A, 7).  [covers 8,0/436,0 pos, 0,0/0,0 neg]
%     Score = -51.686,075009 (regressionFit = 51.686,075007, penalties=2.0500000000000003E-6) for clause:  medv(A) :- age(A, 6), crim(A, 5).  [covers 7,0/436,0 pos, 0,0/0,0 neg]
%     Score = -49.250,103033 (regressionFit = 49.250,103031, penalties=2.0500000000000003E-6) for clause:  medv(A) :- age(A, 6), zn(A, 0).  [covers 45,0/436,0 pos, 0,0/0,0 neg]
%     Score = -51.700,448974 (regressionFit = 51.700,448972, penalties=2.0500000000000003E-6) for clause:  medv(A) :- age(A, 6), indus(A, 9).  [covers 6,0/436,0 pos, 0,0/0,0 neg]
%     Score = -49.172,638783 (regressionFit = 49.172,638781, penalties=2.0500000000000003E-6) for clause:  medv(A) :- age(A, 6), chas(A, 0).  [covers 46,0/436,0 pos, 0,0/0,0 neg]
%     Score = -51.667,502718 (regressionFit = 51.667,502715, penalties=2.0500000000000003E-6) for clause:  medv(A) :- age(A, 6), nox(A, 9).  [covers 9,0/436,0 pos, 0,0/0,0 neg]
%     Score = -51.542,132604 (regressionFit = 51.542,132602, penalties=2.0500000000000003E-6) for clause:  medv(A) :- age(A, 6), rm(A, 1).  [covers 3,0/436,0 pos, 0,0/0,0 neg]
%     Score = -50.513,298545 (regressionFit = 50.513,298543, penalties=2.0500000000000003E-6) for clause:  medv(A) :- age(A, 6), dis(A, 9).  [covers 11,0/436,0 pos, 0,0/0,0 neg]
%     Score = -51.677,823542 (regressionFit = 51.677,823540, penalties=2.0500000000000003E-6) for clause:  medv(A) :- age(A, 6), rad(A, 5).  [covers 9,0/436,0 pos, 0,0/0,0 neg]
%     Score = -51.700,448974 (regressionFit = 51.700,448972, penalties=2.0500000000000003E-6) for clause:  medv(A) :- age(A, 6), tax(A, 403).  [covers 6,0/436,0 pos, 0,0/0,0 neg]
%     Score = -51.679,315929 (regressionFit = 51.679,315927, penalties=2.0500000000000003E-6) for clause:  medv(A) :- age(A, 6), ptratio(A, 9).  [covers 8,0/436,0 pos, 0,0/0,0 neg]
%     Score = -51.701,808271 (regressionFit = 51.701,808269, penalties=2.0500000000000003E-6) for clause:  medv(A) :- age(A, 6), b(A, 9).  [covers 4,0/436,0 pos, 0,0/0,0 neg]
%     Score = -Infinity (regressionFit = Infinity, penalties=2.0500000000000003E-6) for clause:  medv(A) :- age(A, 6), lstat(A, 9).  [covers 2,0/436,0 pos, 0,0/0,0 neg]
%     Score = -51.556,338966 (regressionFit = 51.556,338964, penalties=2.0500000000000003E-6) for clause:  medv(A) :- rm(A, 1), crim(A, 5).  [covers 3,0/436,0 pos, 0,0/0,0 neg]
%     Score = -50.917,813690 (regressionFit = 50.917,813688, penalties=2.0500000000000003E-6) for clause:  medv(A) :- rm(A, 1), zn(A, 0).  [covers 23,0/436,0 pos, 0,0/0,0 neg]
%     Score = -Infinity (regressionFit = Infinity, penalties=2.0500000000000003E-6) for clause:  medv(A) :- rm(A, 1), indus(A, 9).  [covers 1,0/436,0 pos, 0,0/0,0 neg]
%     Score = -50.006,003216 (regressionFit = 50.006,003214, penalties=2.0500000000000003E-6) for clause:  medv(A) :- rm(A, 1), chas(A, 0).  [covers 40,0/436,0 pos, 0,0/0,0 neg]
%     Score = -Infinity (regressionFit = Infinity, penalties=2.0500000000000003E-6) for clause:  medv(A) :- rm(A, 1), nox(A, 9).  [covers 2,0/436,0 pos, 0,0/0,0 neg]
%     Score = -51.542,132604 (regressionFit = 51.542,132602, penalties=2.0500000000000003E-6) for clause:  medv(A) :- rm(A, 1), age(A, 6).  [covers 3,0/436,0 pos, 0,0/0,0 neg]
%     Score = -Infinity (regressionFit = Infinity, penalties=2.0500000000000003E-6) for clause:  medv(A) :- rm(A, 1), dis(A, 9).  [covers 1,0/436,0 pos, 0,0/0,0 neg]
%     Score = -50.870,262625 (regressionFit = 50.870,262623, penalties=2.0500000000000003E-6) for clause:  medv(A) :- rm(A, 1), rad(A, 5).  [covers 8,0/436,0 pos, 0,0/0,0 neg]
%     Score = -Infinity (regressionFit = Infinity, penalties=2.0500000000000003E-6) for clause:  medv(A) :- rm(A, 1), tax(A, 403).  [covers 1,0/436,0 pos, 0,0/0,0 neg]
%     Score = -Infinity (regressionFit = Infinity, penalties=2.0500000000000003E-6) for clause:  medv(A) :- rm(A, 1), ptratio(A, 9).  [covers 1,0/436,0 pos, 0,0/0,0 neg]
%     Score = -51.659,792174 (regressionFit = 51.659,792172, penalties=2.0500000000000003E-6) for clause:  medv(A) :- rm(A, 1), b(A, 9).  [covers 4,0/436,0 pos, 0,0/0,0 neg]
%     Score = -51.035,483256 (regressionFit = 51.035,483254, penalties=2.0500000000000003E-6) for clause:  medv(A) :- rm(A, 1), lstat(A, 9).  [covers 11,0/436,0 pos, 0,0/0,0 neg]
%     Score = -51.280,769236 (regressionFit = 51.280,769234, penalties=2.0500000000000003E-6) for clause:  medv(A) :- age(A, 10), crim(A, 2).  [covers 14,0/436,0 pos, 0,0/0,0 neg]
%     Score = -Infinity (regressionFit = Infinity, penalties=2.0500000000000003E-6) for clause:  medv(A) :- age(A, 10), zn(A, 34).  [covers 2,0/436,0 pos, 0,0/0,0 neg]
%     Score = -51.290,582405 (regressionFit = 51.290,582403, penalties=2.0500000000000003E-6) for clause:  medv(A) :- age(A, 10), indus(A, 2).  [covers 10,0/436,0 pos, 0,0/0,0 neg]
%     Score = -49.659,603136 (regressionFit = 49.659,603134, penalties=2.0500000000000003E-6) for clause:  medv(A) :- age(A, 10), chas(A, 0).  [covers 48,0/436,0 pos, 0,0/0,0 neg]
%     Score = -50.995,596276 (regressionFit = 50.995,596274, penalties=2.0500000000000003E-6) for clause:  medv(A) :- age(A, 10), nox(A, 5).  [covers 18,0/436,0 pos, 0,0/0,0 neg]
%     Score = -49.597,000246 (regressionFit = 49.597,000244, penalties=2.0500000000000003E-6) for clause:  medv(A) :- age(A, 10), rm(A, 4).  [covers 10,0/436,0 pos, 0,0/0,0 neg]
%     Score = -50.839,590941 (regressionFit = 50.839,590939, penalties=2.0500000000000003E-6) for clause:  medv(A) :- age(A, 10), dis(A, 2).  [covers 13,0/436,0 pos, 0,0/0,0 neg]
%     Score = -51.431,979463 (regressionFit = 51.431,979461, penalties=2.0500000000000003E-6) for clause:  medv(A) :- age(A, 10), rad(A, 7).  [covers 7,0/436,0 pos, 0,0/0,0 neg]
%     Score = -Infinity (regressionFit = Infinity, penalties=2.0500000000000003E-6) for clause:  medv(A) :- age(A, 10), tax(A, 329).  [covers 2,0/436,0 pos, 0,0/0,0 neg]
%     Score = -50.975,250063 (regressionFit = 50.975,250061, penalties=2.0500000000000003E-6) for clause:  medv(A) :- age(A, 10), ptratio(A, 1).  [covers 12,0/436,0 pos, 0,0/0,0 neg]
%     Score = -51.705,228305 (regressionFit = 51.705,228302, penalties=2.0500000000000003E-6) for clause:  medv(A) :- age(A, 10), b(A, 6).  [covers 3,0/436,0 pos, 0,0/0,0 neg]
%     Score = -50.557,454662 (regressionFit = 50.557,454659, penalties=2.0500000000000003E-6) for clause:  medv(A) :- age(A, 10), lstat(A, 1).  [covers 14,0/436,0 pos, 0,0/0,0 neg]
%     Score = -51.637,082432 (regressionFit = 51.637,082430, penalties=2.0500000000000003E-6) for clause:  medv(A) :- rm(A, 9), crim(A, 8).  [covers 11,0/436,0 pos, 0,0/0,0 neg]
%     Score = -49.714,992535 (regressionFit = 49.714,992532, penalties=2.0500000000000003E-6) for clause:  medv(A) :- rm(A, 9), zn(A, 0).  [covers 42,0/436,0 pos, 0,0/0,0 neg]
%     Score = -51.649,052286 (regressionFit = 51.649,052284, penalties=2.0300000000000005E-6) for clause:  medv(A) :- rm(A, 9), indus(A, 9).  [covers 8,0/436,0 pos, 0,0/0,0 neg]
%     Score = -51.689,203997 (regressionFit = 51.689,203995, penalties=2.0500000000000003E-6) for clause:  medv(A) :- rm(A, 9), indus(A, 6).  [covers 4,0/436,0 pos, 0,0/0,0 neg]
%     Score = -49.744,650824 (regressionFit = 49.744,650822, penalties=2.0500000000000003E-6) for clause:  medv(A) :- rm(A, 9), chas(A, 0).  [covers 40,0/436,0 pos, 0,0/0,0 neg]
%     Score = -51.703,704860 (regressionFit = 51.703,704858, penalties=2.0300000000000005E-6) for clause:  medv(A) :- rm(A, 9), nox(A, 9).  [covers 11,0/436,0 pos, 0,0/0,0 neg]
%     Score = -51.701,358361 (regressionFit = 51.701,358359, penalties=2.0500000000000003E-6) for clause:  medv(A) :- rm(A, 9), nox(A, 1).  [covers 3,0/436,0 pos, 0,0/0,0 neg]
%     Score = -51.683,657346 (regressionFit = 51.683,657344, penalties=2.0500000000000003E-6) for clause:  medv(A) :- rm(A, 9), age(A, 7).  [covers 3,0/436,0 pos, 0,0/0,0 neg]
%     Score = -Infinity (regressionFit = Infinity, penalties=2.0500000000000003E-6) for clause:  medv(A) :- rm(A, 9), age(A, 8).  [covers 2,0/436,0 pos, 0,0/0,0 neg]
%     Score = -50.710,501698 (regressionFit = 50.710,501696, penalties=2.0300000000000005E-6) for clause:  medv(A) :- rm(A, 9), dis(A, 9).  [covers 7,0/436,0 pos, 0,0/0,0 neg]
%     Score = -Infinity (regressionFit = Infinity, penalties=2.0500000000000003E-6) for clause:  medv(A) :- rm(A, 9), dis(A, 7).  [covers 2,0/436,0 pos, 0,0/0,0 neg]
%     Score = -51.693,650587 (regressionFit = 51.693,650585, penalties=2.0500000000000003E-6) for clause:  medv(A) :- rm(A, 9), rad(A, 5).  [covers 10,0/436,0 pos, 0,0/0,0 neg]
%     Score = -51.704,126797 (regressionFit = 51.704,126795, penalties=2.0500000000000003E-6) for clause:  medv(A) :- rm(A, 9), rad(A, 4).  [covers 7,0/436,0 pos, 0,0/0,0 neg]
%     Score = -51.649,052286 (regressionFit = 51.649,052284, penalties=2.0500000000000003E-6) for clause:  medv(A) :- rm(A, 9), tax(A, 403).  [covers 8,0/436,0 pos, 0,0/0,0 neg]
%     Score = -Infinity (regressionFit = Infinity, penalties=2.0500000000000003E-6) for clause:  medv(A) :- rm(A, 9), tax(A, 304).  [covers 1,0/436,0 pos, 0,0/0,0 neg]
%     Score = -51.676,279278 (regressionFit = 51.676,279276, penalties=2.0300000000000005E-6) for clause:  medv(A) :- rm(A, 9), ptratio(A, 9).  [covers 9,0/436,0 pos, 0,0/0,0 neg]
%     Score = -51.689,203997 (regressionFit = 51.689,203995, penalties=2.0500000000000003E-6) for clause:  medv(A) :- rm(A, 9), ptratio(A, 3).  [covers 4,0/436,0 pos, 0,0/0,0 neg]
%     Score = -50.748,218755 (regressionFit = 50.748,218753, penalties=2.0500000000000003E-6) for clause:  medv(A) :- rm(A, 9), b(A, 7).  [covers 9,0/436,0 pos, 0,0/0,0 neg]
%     Score = -51.704,863446 (regressionFit = 51.704,863444, penalties=2.0300000000000005E-6) for clause:  medv(A) :- rm(A, 9), b(A, 9).  [covers 8,0/436,0 pos, 0,0/0,0 neg]
%     Score = -Infinity (regressionFit = Infinity, penalties=2.0500000000000003E-6) for clause:  medv(A) :- rm(A, 9), lstat(A, 7).  [covers 2,0/436,0 pos, 0,0/0,0 neg]
%     Score = -51.701,381309 (regressionFit = 51.701,381307, penalties=2.0500000000000003E-6) for clause:  medv(A) :- rm(A, 9), lstat(A, 4).  [covers 6,0/436,0 pos, 0,0/0,0 neg]
%     Score = -51.613,921607 (regressionFit = 51.613,921605, penalties=2.0500000000000003E-6) for clause:  medv(A) :- lstat(A, 2), crim(A, 5).  [covers 3,0/436,0 pos, 0,0/0,0 neg]
%     Score = -50.253,703408 (regressionFit = 50.253,703406, penalties=2.0500000000000003E-6) for clause:  medv(A) :- lstat(A, 2), zn(A, 0).  [covers 24,0/436,0 pos, 0,0/0,0 neg]
%     Score = -51.635,058256 (regressionFit = 51.635,058254, penalties=2.0500000000000003E-6) for clause:  medv(A) :- lstat(A, 2), indus(A, 3).  [covers 3,0/436,0 pos, 0,0/0,0 neg]
%     Score = -50.606,916285 (regressionFit = 50.606,916283, penalties=2.0500000000000003E-6) for clause:  medv(A) :- lstat(A, 2), chas(A, 0).  [covers 43,0/436,0 pos, 0,0/0,0 neg]
%     Score = -51.651,601376 (regressionFit = 51.651,601373, penalties=2.0500000000000003E-6) for clause:  medv(A) :- lstat(A, 2), nox(A, 1).  [covers 4,0/436,0 pos, 0,0/0,0 neg]
%     Score = -Infinity (regressionFit = Infinity, penalties=2.0500000000000003E-6) for clause:  medv(A) :- lstat(A, 2), rm(A, 7).  [covers 1,0/436,0 pos, 0,0/0,0 neg]
%     Score = -51.468,336591 (regressionFit = 51.468,336589, penalties=2.0500000000000003E-6) for clause:  medv(A) :- lstat(A, 2), age(A, 1).  [covers 9,0/436,0 pos, 0,0/0,0 neg]
%     Score = -51.562,843975 (regressionFit = 51.562,843972, penalties=2.0500000000000003E-6) for clause:  medv(A) :- lstat(A, 2), dis(A, 1).  [covers 6,0/436,0 pos, 0,0/0,0 neg]
%     Score = -51.422,403218 (regressionFit = 51.422,403216, penalties=2.0500000000000003E-6) for clause:  medv(A) :- lstat(A, 2), rad(A, 4).  [covers 14,0/436,0 pos, 0,0/0,0 neg]
%     Score = -51.619,735176 (regressionFit = 51.619,735173, penalties=2.0500000000000003E-6) for clause:  medv(A) :- lstat(A, 2), tax(A, 307).  [covers 3,0/436,0 pos, 0,0/0,0 neg]
%     Score = -51.635,058256 (regressionFit = 51.635,058254, penalties=2.0500000000000003E-6) for clause:  medv(A) :- lstat(A, 2), ptratio(A, 4).  [covers 3,0/436,0 pos, 0,0/0,0 neg]
%     Score = -51.581,876572 (regressionFit = 51.581,876570, penalties=2.0500000000000003E-6) for clause:  medv(A) :- lstat(A, 2), b(A, 4).  [covers 7,0/436,0 pos, 0,0/0,0 neg]
%     Score = -51.413,820639 (regressionFit = 51.413,820637, penalties=2.0500000000000003E-6) for clause:  medv(A) :- age(A, 8), crim(A, 1).  [covers 17,0/436,0 pos, 0,0/0,0 neg]
%     Score = -Infinity (regressionFit = Infinity, penalties=2.0300000000000005E-6) for clause:  medv(A) :- age(A, 8), crim(A, 8).  [covers 1,0/436,0 pos, 0,0/0,0 neg]
%     Score = -Infinity (regressionFit = Infinity, penalties=2.0500000000000003E-6) for clause:  medv(A) :- age(A, 8), zn(A, 20).  [covers 2,0/436,0 pos, 0,0/0,0 neg]
%     Score = -51.530,667279 (regressionFit = 51.530,667277, penalties=2.0500000000000003E-6) for clause:  medv(A) :- age(A, 8), zn(A, 0).  [covers 14,0/436,0 pos, 0,0/0,0 neg]
%     Score = -51.038,148124 (regressionFit = 51.038,148122, penalties=2.0500000000000003E-6) for clause:  medv(A) :- age(A, 8), indus(A, 4).  [covers 11,0/436,0 pos, 0,0/0,0 neg]
%     Score = -Infinity (regressionFit = Infinity, penalties=2.0500000000000003E-6) for clause:  medv(A) :- age(A, 8), indus(A, 6).  [covers 2,0/436,0 pos, 0,0/0,0 neg]
%     Score = -50.570,462024 (regressionFit = 50.570,462022, penalties=2.0500000000000003E-6) for clause:  medv(A) :- age(A, 8), chas(A, 0).  [covers 47,0/436,0 pos, 0,0/0,0 neg]
%     Score = -51.089,193539 (regressionFit = 51.089,193537, penalties=2.0500000000000003E-6) for clause:  medv(A) :- age(A, 8), nox(A, 2).  [covers 11,0/436,0 pos, 0,0/0,0 neg]
%     Score = -51.692,955450 (regressionFit = 51.692,955448, penalties=2.0500000000000003E-6) for clause:  medv(A) :- age(A, 8), nox(A, 1).  [covers 3,0/436,0 pos, 0,0/0,0 neg]
%     Score = -49.790,818381 (regressionFit = 49.790,818379, penalties=2.0500000000000003E-6) for clause:  medv(A) :- age(A, 8), rm(A, 4).  [covers 9,0/436,0 pos, 0,0/0,0 neg]
%     Score = -Infinity (regressionFit = Infinity, penalties=2.0500000000000003E-6) for clause:  medv(A) :- age(A, 8), rm(A, 9).  [covers 2,0/436,0 pos, 0,0/0,0 neg]
%     Score = -51.087,740520 (regressionFit = 51.087,740518, penalties=2.0500000000000003E-6) for clause:  medv(A) :- age(A, 8), dis(A, 2).  [covers 13,0/436,0 pos, 0,0/0,0 neg]
%     Score = -Infinity (regressionFit = Infinity, penalties=2.0500000000000003E-6) for clause:  medv(A) :- age(A, 8), dis(A, 7).  [covers 1,0/436,0 pos, 0,0/0,0 neg]
%     Score = -50.481,597907 (regressionFit = 50.481,597905, penalties=2.0500000000000003E-6) for clause:  medv(A) :- age(A, 8), rad(A, 5).  [covers 11,0/436,0 pos, 0,0/0,0 neg]
%     Score = -50.991,428545 (regressionFit = 50.991,428543, penalties=2.0500000000000003E-6) for clause:  medv(A) :- age(A, 8), rad(A, 4).  [covers 23,0/436,0 pos, 0,0/0,0 neg]
%     Score = -Infinity (regressionFit = Infinity, penalties=2.0500000000000003E-6) for clause:  medv(A) :- age(A, 8), tax(A, 216).  [covers 2,0/436,0 pos, 0,0/0,0 neg]
%     Score = -Infinity (regressionFit = Infinity, penalties=2.0500000000000003E-6) for clause:  medv(A) :- age(A, 8), tax(A, 304).  [covers 2,0/436,0 pos, 0,0/0,0 neg]
%     Score = -51.192,455404 (regressionFit = 51.192,455402, penalties=2.0500000000000003E-6) for clause:  medv(A) :- age(A, 8), ptratio(A, 1).  [covers 9,0/436,0 pos, 0,0/0,0 neg]
%     Score = -51.628,127738 (regressionFit = 51.628,127736, penalties=2.0500000000000003E-6) for clause:  medv(A) :- age(A, 8), ptratio(A, 3).  [covers 4,0/436,0 pos, 0,0/0,0 neg]
%     Score = -51.598,524832 (regressionFit = 51.598,524830, penalties=2.0500000000000003E-6) for clause:  medv(A) :- age(A, 8), b(A, 2).  [covers 7,0/436,0 pos, 0,0/0,0 neg]
%     Score = -51.647,116519 (regressionFit = 51.647,116517, penalties=2.0500000000000003E-6) for clause:  medv(A) :- age(A, 8), b(A, 9).  [covers 3,0/436,0 pos, 0,0/0,0 neg]
%     Score = -51.576,965978 (regressionFit = 51.576,965976, penalties=2.0500000000000003E-6) for clause:  medv(A) :- age(A, 8), lstat(A, 3).  [covers 14,0/436,0 pos, 0,0/0,0 neg]
%     Score = -51.704,492959 (regressionFit = 51.704,492957, penalties=2.0500000000000003E-6) for clause:  medv(A) :- age(A, 8), lstat(A, 4).  [covers 5,0/436,0 pos, 0,0/0,0 neg]
%     Score = -Infinity (regressionFit = Infinity, penalties=2.0500000000000003E-6) for clause:  medv(A) :- crim(A, 2), zn(A, 34).  [covers 2,0/436,0 pos, 0,0/0,0 neg]
%     Score = -51.219,290946 (regressionFit = 51.219,290944, penalties=2.0300000000000005E-6) for clause:  medv(A) :- crim(A, 2), indus(A, 2).  [covers 7,0/436,0 pos, 0,0/0,0 neg]
%     Score = -50.618,722840 (regressionFit = 50.618,722838, penalties=2.0500000000000003E-6) for clause:  medv(A) :- crim(A, 2), chas(A, 0).  [covers 50,0/436,0 pos, 0,0/0,0 neg]
%     Score = -51.336,284176 (regressionFit = 51.336,284174, penalties=2.0500000000000003E-6) for clause:  medv(A) :- crim(A, 2), nox(A, 5).  [covers 17,0/436,0 pos, 0,0/0,0 neg]
%     Score = -49.319,865913 (regressionFit = 49.319,865911, penalties=2.0500000000000003E-6) for clause:  medv(A) :- crim(A, 2), rm(A, 4).  [covers 9,0/436,0 pos, 0,0/0,0 neg]
%     Score = -51.280,769236 (regressionFit = 51.280,769234, penalties=2.0500000000000003E-6) for clause:  medv(A) :- crim(A, 2), age(A, 10).  [covers 14,0/436,0 pos, 0,0/0,0 neg]
%     Score = -51.417,027051 (regressionFit = 51.417,027049, penalties=2.0300000000000005E-6) for clause:  medv(A) :- crim(A, 2), dis(A, 2).  [covers 12,0/436,0 pos, 0,0/0,0 neg]
%     Score = -51.669,453390 (regressionFit = 51.669,453388, penalties=2.0500000000000003E-6) for clause:  medv(A) :- crim(A, 2), rad(A, 7).  [covers 4,0/436,0 pos, 0,0/0,0 neg]
%     Score = -Infinity (regressionFit = Infinity, penalties=2.0500000000000003E-6) for clause:  medv(A) :- crim(A, 2), tax(A, 329).  [covers 2,0/436,0 pos, 0,0/0,0 neg]
%     Score = -51.403,909080 (regressionFit = 51.403,909078, penalties=2.0500000000000003E-6) for clause:  medv(A) :- crim(A, 2), ptratio(A, 1).  [covers 13,0/436,0 pos, 0,0/0,0 neg]
%     Score = -51.388,273813 (regressionFit = 51.388,273811, penalties=2.0500000000000003E-6) for clause:  medv(A) :- crim(A, 2), b(A, 6).  [covers 10,0/436,0 pos, 0,0/0,0 neg]
%     Score = -51.285,276802 (regressionFit = 51.285,276800, penalties=2.0500000000000003E-6) for clause:  medv(A) :- crim(A, 2), lstat(A, 1).  [covers 11,0/436,0 pos, 0,0/0,0 neg]

% The best node found: medv(A) :- rm(A, 4).  [covers 46,0/436,0 pos, 0,0/0,0 neg]

% The best node found: medv(A) :- rm(A, 4).  [covers 46,0/436,0 pos, 0,0/0,0 neg]
Setting 27.641838768115942 for 
 // Learned this clause on outer loop cycle #3.  It scores=-45.635,29 and has recall=0,11, precision=1,00, and F1=0,19 (using m-estimates).
 // It covers 10,6% of the positive examples, 46 of 436 (of which 43 are newly covered),
 // So far 135 (31,0%) of the positive examples have been covered.
(medv(A) :- rm(A, 4))

% On cycle #3, the best clause found is:
%      medv(A) :- rm(A, 4).  [covers 46,0/436,0 pos, 0,0/0,0 neg]
% This clause covers 46 positive examples, of which 43 are newly covered.
% It also covers 0 negative examples, of which 0 are newly covered.
% The current set of 3 best clauses covers 31,0% of the positive examples and NaN% of the negatives.}

% ******************************************

% Have stopped ILP's outer loop because have reached the maximum number of iterations (3).

% ******************************************
adding regression values
Added 39.46875000000001 to wgt = 39,4688 (medv(A) :- rm(A, 3))
Added 10.05847222222222 to wgt = 10,0585 (medv(A) :- crim(A, 10))
Added 27.641838768115942 to wgt = 27,6418 (medv(A) :- rm(A, 4))
% Saving model in: data/boston_housing/train/models/bRDNs/medv.model.ckpt
% Time taken to learn 6 trees is 24,186 seconds.

% Kept 436 of the 436 positive examples.
% Kept 0 of the 0 negative examples.
% Dataset size: 436
Computing probabilities
prob time:255 milliseconds
No hidden examples for : medv
Time to build dataset: 259 milliseconds

% Have these 10 positive seeds: 15 56 105 167 169 211 212 213 232 364

% target           = medv(A)
%     Score = -Infinity (regressionFit = Infinity, penalties=1.1E-7) for clause:  medv(_).  [covers 436,0/436,0 pos, 0,0/0,0 neg]
% Unacceptable due to being the root node.
% Most-general root: medv(_).  [covers 436,0/436,0 pos, 0,0/0,0 neg]  score = -Infinity
%     Score = -39.638,468149 (regressionFit = 39.638,468148, penalties=1.03E-6) for clause:  medv(A) :- crim(A, 3).  [covers 47,0/436,0 pos, 0,0/0,0 neg]
% Gleaner: New best node found (score = -39.638,468149): medv(A) :- crim(A, 3).  [covers 47,0/436,0 pos, 0,0/0,0 neg]
%     Score = -39.638,483796 (regressionFit = 39.638,483795, penalties=1.03E-6) for clause:  medv(A) :- crim(A, 5).  [covers 49,0/436,0 pos, 0,0/0,0 neg]
%     Score = -37.633,240550 (regressionFit = 37.633,240549, penalties=1.03E-6) for clause:  medv(A) :- crim(A, 1).  [covers 49,0/436,0 pos, 0,0/0,0 neg]
% Gleaner: New best node found (score = -37.633,240550): medv(A) :- crim(A, 1).  [covers 49,0/436,0 pos, 0,0/0,0 neg]
%     Score = -38.882,625329 (regressionFit = 38.882,625328, penalties=1.03E-6) for clause:  medv(A) :- crim(A, 2).  [covers 51,0/436,0 pos, 0,0/0,0 neg]
%     Score = -39.272,609516 (regressionFit = 39.272,609515, penalties=1.03E-6) for clause:  medv(A) :- crim(A, 6).  [covers 43,0/436,0 pos, 0,0/0,0 neg]
%     Score = -39.590,451585 (regressionFit = 39.590,451584, penalties=1.03E-6) for clause:  medv(A) :- crim(A, 8).  [covers 32,0/436,0 pos, 0,0/0,0 neg]
%     Score = -34.695,562995 (regressionFit = 34.695,562994, penalties=1.03E-6) for clause:  medv(A) :- zn(A, 0).  [covers 307,0/436,0 pos, 0,0/0,0 neg]
% Gleaner: New best node found (score = -34.695,562995): medv(A) :- zn(A, 0).  [covers 307,0/436,0 pos, 0,0/0,0 neg]
%     Score = -39.291,723114 (regressionFit = 39.291,723113, penalties=1.03E-6) for clause:  medv(A) :- zn(A, 80).  [covers 14,0/436,0 pos, 0,0/0,0 neg]
%     Score = -39.571,765443 (regressionFit = 39.571,765442, penalties=1.03E-6) for clause:  medv(A) :- zn(A, 22).  [covers 9,0/436,0 pos, 0,0/0,0 neg]
%     Score = -39.505,053764 (regressionFit = 39.505,053763, penalties=1.03E-6) for clause:  medv(A) :- indus(A, 6).  [covers 36,0/436,0 pos, 0,0/0,0 neg]
%     Score = -39.631,729714 (regressionFit = 39.631,729712, penalties=1.03E-6) for clause:  medv(A) :- indus(A, 9).  [covers 29,0/436,0 pos, 0,0/0,0 neg]
%     Score = -35.626,344937 (regressionFit = 35.626,344936, penalties=1.03E-6) for clause:  medv(A) :- indus(A, 1).  [covers 48,0/436,0 pos, 0,0/0,0 neg]
%     Score = -39.638,397790 (regressionFit = 39.638,397788, penalties=1.03E-6) for clause:  medv(A) :- indus(A, 5).  [covers 48,0/436,0 pos, 0,0/0,0 neg]
%     Score = -36.297,050037 (regressionFit = 36.297,050036, penalties=1.03E-6) for clause:  medv(A) :- indus(A, 4).  [covers 49,0/436,0 pos, 0,0/0,0 neg]
%     Score = -39.638,499051 (regressionFit = 39.638,499050, penalties=1.03E-6) for clause:  medv(A) :- indus(A, 7).  [covers 17,0/436,0 pos, 0,0/0,0 neg]
%     Score = -33.338,864426 (regressionFit = 33.338,864425, penalties=1.03E-6) for clause:  medv(A) :- indus(A, 10).  [covers 90,0/436,0 pos, 0,0/0,0 neg]
% Gleaner: New best node found (score = -33.338,864426): medv(A) :- indus(A, 10).  [covers 90,0/436,0 pos, 0,0/0,0 neg]
%     Score = -38.577,903989 (regressionFit = 38.577,903988, penalties=1.03E-6) for clause:  medv(A) :- chas(A, 0).  [covers 401,0/436,0 pos, 0,0/0,0 neg]
%     Score = -38.737,679687 (regressionFit = 38.737,679686, penalties=1.03E-6) for clause:  medv(A) :- nox(A, 1).  [covers 47,0/436,0 pos, 0,0/0,0 neg]
%     Score = -37.626,311273 (regressionFit = 37.626,311271, penalties=1.03E-6) for clause:  medv(A) :- nox(A, 9).  [covers 42,0/436,0 pos, 0,0/0,0 neg]
%     Score = -38.241,492644 (regressionFit = 38.241,492643, penalties=1.03E-6) for clause:  medv(A) :- nox(A, 6).  [covers 48,0/436,0 pos, 0,0/0,0 neg]
%     Score = -39.428,299289 (regressionFit = 39.428,299288, penalties=1.03E-6) for clause:  medv(A) :- nox(A, 5).  [covers 50,0/436,0 pos, 0,0/0,0 neg]
%     Score = -32.266,679031 (regressionFit = 32.266,679030, penalties=1.03E-6) for clause:  medv(A) :- nox(A, 10).  [covers 42,0/436,0 pos, 0,0/0,0 neg]
% Gleaner: New best node found (score = -32.266,679031): medv(A) :- nox(A, 10).  [covers 42,0/436,0 pos, 0,0/0,0 neg]
%     Score = -38.918,693666 (regressionFit = 38.918,693665, penalties=1.03E-6) for clause:  medv(A) :- rm(A, 8).  [covers 45,0/436,0 pos, 0,0/0,0 neg]
%     Score = -39.237,214586 (regressionFit = 39.237,214585, penalties=1.03E-6) for clause:  medv(A) :- rm(A, 6).  [covers 43,0/436,0 pos, 0,0/0,0 neg]
%     Score = -23.480,474251 (regressionFit = 23.480,474250, penalties=1.03E-6) for clause:  medv(A) :- rm(A, 3).  [covers 48,0/436,0 pos, 0,0/0,0 neg]
% Gleaner: New best node found (score = -23.480,474251): medv(A) :- rm(A, 3).  [covers 48,0/436,0 pos, 0,0/0,0 neg]
%     Score = -37.701,638080 (regressionFit = 37.701,638079, penalties=1.03E-6) for clause:  medv(A) :- rm(A, 4).  [covers 46,0/436,0 pos, 0,0/0,0 neg]
%     Score = -39.337,639529 (regressionFit = 39.337,639528, penalties=1.03E-6) for clause:  medv(A) :- rm(A, 1).  [covers 43,0/436,0 pos, 0,0/0,0 neg]
%     Score = -39.105,555471 (regressionFit = 39.105,555470, penalties=1.03E-6) for clause:  medv(A) :- rm(A, 5).  [covers 39,0/436,0 pos, 0,0/0,0 neg]
%     Score = -39.236,069984 (regressionFit = 39.236,069983, penalties=1.03E-6) for clause:  medv(A) :- rm(A, 2).  [covers 44,0/436,0 pos, 0,0/0,0 neg]
%     Score = -38.382,788094 (regressionFit = 38.382,788093, penalties=1.03E-6) for clause:  medv(A) :- age(A, 7).  [covers 43,0/436,0 pos, 0,0/0,0 neg]
%     Score = -39.264,324981 (regressionFit = 39.264,324980, penalties=1.03E-6) for clause:  medv(A) :- age(A, 5).  [covers 41,0/436,0 pos, 0,0/0,0 neg]
%     Score = -38.514,302063 (regressionFit = 38.514,302062, penalties=1.03E-6) for clause:  medv(A) :- age(A, 8).  [covers 49,0/436,0 pos, 0,0/0,0 neg]
%     Score = -38.506,152846 (regressionFit = 38.506,152845, penalties=1.03E-6) for clause:  medv(A) :- age(A, 10).  [covers 49,0/436,0 pos, 0,0/0,0 neg]
%     Score = -39.446,839819 (regressionFit = 39.446,839818, penalties=1.03E-6) for clause:  medv(A) :- age(A, 3).  [covers 46,0/436,0 pos, 0,0/0,0 neg]
%     Score = -39.413,493695 (regressionFit = 39.413,493694, penalties=1.03E-6) for clause:  medv(A) :- age(A, 1).  [covers 43,0/436,0 pos, 0,0/0,0 neg]
%     Score = -39.637,162580 (regressionFit = 39.637,162579, penalties=1.03E-6) for clause:  medv(A) :- age(A, 9).  [covers 40,0/436,0 pos, 0,0/0,0 neg]
%     Score = -39.629,781173 (regressionFit = 39.629,781172, penalties=1.03E-6) for clause:  medv(A) :- dis(A, 7).  [covers 29,0/436,0 pos, 0,0/0,0 neg]
%     Score = -37.799,267508 (regressionFit = 37.799,267507, penalties=1.03E-6) for clause:  medv(A) :- dis(A, 10).  [covers 51,0/436,0 pos, 0,0/0,0 neg]
%     Score = -39.398,550866 (regressionFit = 39.398,550865, penalties=1.03E-6) for clause:  medv(A) :- dis(A, 3).  [covers 50,0/436,0 pos, 0,0/0,0 neg]
%     Score = -39.463,716786 (regressionFit = 39.463,716785, penalties=1.03E-6) for clause:  medv(A) :- dis(A, 5).  [covers 46,0/436,0 pos, 0,0/0,0 neg]
%     Score = -38.980,541889 (regressionFit = 38.980,541888, penalties=1.03E-6) for clause:  medv(A) :- dis(A, 2).  [covers 50,0/436,0 pos, 0,0/0,0 neg]
%     Score = -39.569,949869 (regressionFit = 39.569,949868, penalties=1.03E-6) for clause:  medv(A) :- rad(A, 6).  [covers 18,0/436,0 pos, 0,0/0,0 neg]
%     Score = -38.686,454037 (regressionFit = 38.686,454036, penalties=1.03E-6) for clause:  medv(A) :- rad(A, 5).  [covers 112,0/436,0 pos, 0,0/0,0 neg]
%     Score = -39.459,259945 (regressionFit = 39.459,259944, penalties=1.03E-6) for clause:  medv(A) :- rad(A, 4).  [covers 101,0/436,0 pos, 0,0/0,0 neg]
%     Score = -39.323,052840 (regressionFit = 39.323,052839, penalties=1.03E-6) for clause:  medv(A) :- rad(A, 7).  [covers 16,0/436,0 pos, 0,0/0,0 neg]
%     Score = -39.533,010424 (regressionFit = 39.533,010423, penalties=1.03E-6) for clause:  medv(A) :- rad(A, 1).  [covers 15,0/436,0 pos, 0,0/0,0 neg]
%     Score = -33.338,864426 (regressionFit = 33.338,864425, penalties=1.03E-6) for clause:  medv(A) :- rad(A, 24).  [covers 90,0/436,0 pos, 0,0/0,0 neg]
%     Score = -39.527,726489 (regressionFit = 39.527,726488, penalties=1.03E-6) for clause:  medv(A) :- tax(A, 432).  [covers 9,0/436,0 pos, 0,0/0,0 neg]
%     Score = -39.631,729714 (regressionFit = 39.631,729712, penalties=1.03E-6) for clause:  medv(A) :- tax(A, 403).  [covers 29,0/436,0 pos, 0,0/0,0 neg]
%     Score = -Infinity (regressionFit = Infinity, penalties=1.03E-6) for clause:  medv(A) :- tax(A, 255).  [covers 1,0/436,0 pos, 0,0/0,0 neg]
%     Score = -39.571,765443 (regressionFit = 39.571,765442, penalties=1.03E-6) for clause:  medv(A) :- tax(A, 330).  [covers 9,0/436,0 pos, 0,0/0,0 neg]
%     Score = -Infinity (regressionFit = Infinity, penalties=1.03E-6) for clause:  medv(A) :- tax(A, 315).  [covers 2,0/436,0 pos, 0,0/0,0 neg]
%     Score = -39.441,646471 (regressionFit = 39.441,646470, penalties=1.03E-6) for clause:  medv(A) :- tax(A, 245).  [covers 3,0/436,0 pos, 0,0/0,0 neg]
%     Score = -39.631,702420 (regressionFit = 39.631,702419, penalties=1.03E-6) for clause:  medv(A) :- tax(A, 289).  [covers 5,0/436,0 pos, 0,0/0,0 neg]
%     Score = -39.497,238956 (regressionFit = 39.497,238955, penalties=1.03E-6) for clause:  medv(A) :- tax(A, 304).  [covers 14,0/436,0 pos, 0,0/0,0 neg]
%     Score = -33.338,864426 (regressionFit = 33.338,864425, penalties=1.03E-6) for clause:  medv(A) :- tax(A, 666).  [covers 90,0/436,0 pos, 0,0/0,0 neg]
%     Score = -38.966,688030 (regressionFit = 38.966,688029, penalties=1.03E-6) for clause:  medv(A) :- ptratio(A, 2).  [covers 47,0/436,0 pos, 0,0/0,0 neg]
%     Score = -36.925,257023 (regressionFit = 36.925,257022, penalties=1.03E-6) for clause:  medv(A) :- ptratio(A, 9).  [covers 50,0/436,0 pos, 0,0/0,0 neg]
%     Score = -39.637,264022 (regressionFit = 39.637,264021, penalties=1.03E-6) for clause:  medv(A) :- ptratio(A, 5).  [covers 42,0/436,0 pos, 0,0/0,0 neg]
%     Score = -38.780,620072 (regressionFit = 38.780,620071, penalties=1.03E-6) for clause:  medv(A) :- ptratio(A, 1).  [covers 45,0/436,0 pos, 0,0/0,0 neg]
%     Score = -39.612,829713 (regressionFit = 39.612,829712, penalties=1.03E-6) for clause:  medv(A) :- ptratio(A, 3).  [covers 51,0/436,0 pos, 0,0/0,0 neg]
%     Score = -33.258,024644 (regressionFit = 33.258,024643, penalties=1.03E-6) for clause:  medv(A) :- ptratio(A, 10).  [covers 97,0/436,0 pos, 0,0/0,0 neg]
%     Score = -39.618,244991 (regressionFit = 39.618,244990, penalties=1.03E-6) for clause:  medv(A) :- b(A, 3).  [covers 47,0/436,0 pos, 0,0/0,0 neg]
%     Score = -39.164,167208 (regressionFit = 39.164,167207, penalties=1.03E-6) for clause:  medv(A) :- b(A, 8).  [covers 46,0/436,0 pos, 0,0/0,0 neg]
%     Score = -38.737,874017 (regressionFit = 38.737,874016, penalties=1.03E-6) for clause:  medv(A) :- b(A, 5).  [covers 46,0/436,0 pos, 0,0/0,0 neg]
%     Score = -39.176,403297 (regressionFit = 39.176,403296, penalties=1.03E-6) for clause:  medv(A) :- b(A, 2).  [covers 40,0/436,0 pos, 0,0/0,0 neg]
%     Score = -39.157,831180 (regressionFit = 39.157,831179, penalties=1.03E-6) for clause:  medv(A) :- b(A, 1).  [covers 102,0/436,0 pos, 0,0/0,0 neg]
%     Score = -35.873,729853 (regressionFit = 35.873,729852, penalties=1.03E-6) for clause:  medv(A) :- b(A, 7).  [covers 40,0/436,0 pos, 0,0/0,0 neg]
%     Score = -38.001,294500 (regressionFit = 38.001,294499, penalties=1.03E-6) for clause:  medv(A) :- lstat(A, 7).  [covers 38,0/436,0 pos, 0,0/0,0 neg]
%     Score = -38.918,740579 (regressionFit = 38.918,740578, penalties=1.03E-6) for clause:  medv(A) :- lstat(A, 10).  [covers 38,0/436,0 pos, 0,0/0,0 neg]
%     Score = -24.407,574434 (regressionFit = 24.407,574433, penalties=1.03E-6) for clause:  medv(A) :- lstat(A, 3).  [covers 51,0/436,0 pos, 0,0/0,0 neg]
%     Score = -38.800,377464 (regressionFit = 38.800,377463, penalties=1.03E-6) for clause:  medv(A) :- lstat(A, 9).  [covers 46,0/436,0 pos, 0,0/0,0 neg]
%     Score = -37.918,361282 (regressionFit = 37.918,361281, penalties=1.03E-6) for clause:  medv(A) :- lstat(A, 1).  [covers 49,0/436,0 pos, 0,0/0,0 neg]
%     Score = -39.453,241317 (regressionFit = 39.453,241316, penalties=1.03E-6) for clause:  medv(A) :- lstat(A, 2).  [covers 45,0/436,0 pos, 0,0/0,0 neg]
%     Score = -39.589,839740 (regressionFit = 39.589,839739, penalties=1.03E-6) for clause:  medv(A) :- lstat(A, 8).  [covers 44,0/436,0 pos, 0,0/0,0 neg]
%     Score = -35.520,322587 (regressionFit = 35.520,322585, penalties=2.0500000000000003E-6) for clause:  medv(A) :- rm(A, 3), crim(A, 1).  [covers 10,0/436,0 pos, 0,0/0,0 neg]
%     Score = -38.851,662022 (regressionFit = 38.851,662020, penalties=2.0500000000000003E-6) for clause:  medv(A) :- rm(A, 3), zn(A, 80).  [covers 3,0/436,0 pos, 0,0/0,0 neg]
%     Score = -34.642,988279 (regressionFit = 34.642,988277, penalties=2.0500000000000003E-6) for clause:  medv(A) :- rm(A, 3), indus(A, 1).  [covers 15,0/436,0 pos, 0,0/0,0 neg]
%     Score = -26.196,537093 (regressionFit = 26.196,537091, penalties=2.0500000000000003E-6) for clause:  medv(A) :- rm(A, 3), chas(A, 0).  [covers 41,0/436,0 pos, 0,0/0,0 neg]
%     Score = -36.069,593881 (regressionFit = 36.069,593879, penalties=2.0500000000000003E-6) for clause:  medv(A) :- rm(A, 3), nox(A, 6).  [covers 8,0/436,0 pos, 0,0/0,0 neg]
%     Score = -36.754,547393 (regressionFit = 36.754,547391, penalties=2.0500000000000003E-6) for clause:  medv(A) :- rm(A, 3), age(A, 8).  [covers 6,0/436,0 pos, 0,0/0,0 neg]
%     Score = -37.326,631805 (regressionFit = 37.326,631803, penalties=2.0300000000000005E-6) for clause:  medv(A) :- rm(A, 3), dis(A, 3).  [covers 5,0/436,0 pos, 0,0/0,0 neg]
%     Score = -37.637,358231 (regressionFit = 37.637,358229, penalties=2.0500000000000003E-6) for clause:  medv(A) :- rm(A, 3), rad(A, 4).  [covers 4,0/436,0 pos, 0,0/0,0 neg]
%     Score = -Infinity (regressionFit = Infinity, penalties=2.0500000000000003E-6) for clause:  medv(A) :- rm(A, 3), tax(A, 255).  [covers 1,0/436,0 pos, 0,0/0,0 neg]
%     Score = -30.474,209275 (regressionFit = 30.474,209273, penalties=2.0500000000000003E-6) for clause:  medv(A) :- rm(A, 3), ptratio(A, 9).  [covers 20,0/436,0 pos, 0,0/0,0 neg]
%     Score = -38.456,065175 (regressionFit = 38.456,065173, penalties=2.0300000000000005E-6) for clause:  medv(A) :- rm(A, 3), b(A, 3).  [covers 4,0/436,0 pos, 0,0/0,0 neg]
%     Score = -26.520,951356 (regressionFit = 26.520,951354, penalties=2.0300000000000005E-6) for clause:  medv(A) :- rm(A, 3), lstat(A, 3).  [covers 26,0/436,0 pos, 0,0/0,0 neg]
%     Score = -35.588,974890 (regressionFit = 35.588,974888, penalties=2.0500000000000003E-6) for clause:  medv(A) :- lstat(A, 3), crim(A, 1).  [covers 20,0/436,0 pos, 0,0/0,0 neg]
%     Score = -38.827,924463 (regressionFit = 38.827,924461, penalties=2.0500000000000003E-6) for clause:  medv(A) :- lstat(A, 3), crim(A, 2).  [covers 5,0/436,0 pos, 0,0/0,0 neg]
%     Score = -38.985,855461 (regressionFit = 38.985,855459, penalties=2.0500000000000003E-6) for clause:  medv(A) :- lstat(A, 3), zn(A, 80).  [covers 5,0/436,0 pos, 0,0/0,0 neg]
%     Score = -39.380,635463 (regressionFit = 39.380,635461, penalties=2.0500000000000003E-6) for clause:  medv(A) :- lstat(A, 3), zn(A, 22).  [covers 3,0/436,0 pos, 0,0/0,0 neg]
%     Score = -35.199,748302 (regressionFit = 35.199,748299, penalties=2.0500000000000003E-6) for clause:  medv(A) :- lstat(A, 3), indus(A, 1).  [covers 14,0/436,0 pos, 0,0/0,0 neg]
%     Score = -39.187,836788 (regressionFit = 39.187,836786, penalties=2.0500000000000003E-6) for clause:  medv(A) :- lstat(A, 3), indus(A, 5).  [covers 5,0/436,0 pos, 0,0/0,0 neg]
%     Score = -28.671,125490 (regressionFit = 28.671,125488, penalties=2.0500000000000003E-6) for clause:  medv(A) :- lstat(A, 3), chas(A, 0).  [covers 43,0/436,0 pos, 0,0/0,0 neg]
%     Score = -36.339,615889 (regressionFit = 36.339,615887, penalties=2.0500000000000003E-6) for clause:  medv(A) :- lstat(A, 3), nox(A, 6).  [covers 15,0/436,0 pos, 0,0/0,0 neg]
%     Score = -38.987,244952 (regressionFit = 38.987,244950, penalties=2.0500000000000003E-6) for clause:  medv(A) :- lstat(A, 3), nox(A, 5).  [covers 7,0/436,0 pos, 0,0/0,0 neg]
%     Score = -26.520,951356 (regressionFit = 26.520,951354, penalties=2.0300000000000005E-6) for clause:  medv(A) :- lstat(A, 3), rm(A, 3).  [covers 26,0/436,0 pos, 0,0/0,0 neg]
%     Score = -37.617,557694 (regressionFit = 37.617,557692, penalties=2.0500000000000003E-6) for clause:  medv(A) :- lstat(A, 3), rm(A, 4).  [covers 15,0/436,0 pos, 0,0/0,0 neg]
%     Score = -36.592,879202 (regressionFit = 36.592,879200, penalties=2.0500000000000003E-6) for clause:  medv(A) :- lstat(A, 3), age(A, 8).  [covers 14,0/436,0 pos, 0,0/0,0 neg]
%     Score = -37.606,162370 (regressionFit = 37.606,162368, penalties=2.0500000000000003E-6) for clause:  medv(A) :- lstat(A, 3), age(A, 10).  [covers 14,0/436,0 pos, 0,0/0,0 neg]
%     Score = -37.678,043831 (regressionFit = 37.678,043829, penalties=2.0300000000000005E-6) for clause:  medv(A) :- lstat(A, 3), dis(A, 3).  [covers 9,0/436,0 pos, 0,0/0,0 neg]
%     Score = -38.927,688658 (regressionFit = 38.927,688656, penalties=2.0500000000000003E-6) for clause:  medv(A) :- lstat(A, 3), dis(A, 5).  [covers 8,0/436,0 pos, 0,0/0,0 neg]
%     Score = -38.000,912277 (regressionFit = 38.000,912275, penalties=2.0500000000000003E-6) for clause:  medv(A) :- lstat(A, 3), rad(A, 4).  [covers 10,0/436,0 pos, 0,0/0,0 neg]
%     Score = -39.380,635463 (regressionFit = 39.380,635461, penalties=2.0500000000000003E-6) for clause:  medv(A) :- lstat(A, 3), rad(A, 7).  [covers 3,0/436,0 pos, 0,0/0,0 neg]
%     Score = -Infinity (regressionFit = Infinity, penalties=2.0500000000000003E-6) for clause:  medv(A) :- lstat(A, 3), tax(A, 255).  [covers 1,0/436,0 pos, 0,0/0,0 neg]
%     Score = -39.380,635463 (regressionFit = 39.380,635461, penalties=2.0500000000000003E-6) for clause:  medv(A) :- lstat(A, 3), tax(A, 330).  [covers 3,0/436,0 pos, 0,0/0,0 neg]
%     Score = -32.873,600981 (regressionFit = 32.873,600979, penalties=2.0500000000000003E-6) for clause:  medv(A) :- lstat(A, 3), ptratio(A, 9).  [covers 12,0/436,0 pos, 0,0/0,0 neg]
%     Score = -39.187,836788 (regressionFit = 39.187,836786, penalties=2.0500000000000003E-6) for clause:  medv(A) :- lstat(A, 3), ptratio(A, 5).  [covers 5,0/436,0 pos, 0,0/0,0 neg]
%     Score = -38.577,725302 (regressionFit = 38.577,725300, penalties=2.0300000000000005E-6) for clause:  medv(A) :- lstat(A, 3), b(A, 3).  [covers 3,0/436,0 pos, 0,0/0,0 neg]
%     Score = -37.142,427766 (regressionFit = 37.142,427764, penalties=2.0500000000000003E-6) for clause:  medv(A) :- lstat(A, 3), b(A, 5).  [covers 12,0/436,0 pos, 0,0/0,0 neg]
%     Score = -Infinity (regressionFit = Infinity, penalties=2.0500000000000003E-6) for clause:  medv(A) :- nox(A, 10), crim(A, 8).  [covers 2,0/436,0 pos, 0,0/0,0 neg]
%     Score = -32.266,679032 (regressionFit = 32.266,679030, penalties=2.0500000000000003E-6) for clause:  medv(A) :- nox(A, 10), zn(A, 0).  [covers 42,0/436,0 pos, 0,0/0,0 neg]
%     Score = -32.266,679032 (regressionFit = 32.266,679030, penalties=2.0300000000000005E-6) for clause:  medv(A) :- nox(A, 10), indus(A, 10).  [covers 42,0/436,0 pos, 0,0/0,0 neg]
%     Score = -32.266,679032 (regressionFit = 32.266,679030, penalties=2.0500000000000003E-6) for clause:  medv(A) :- nox(A, 10), chas(A, 0).  [covers 42,0/436,0 pos, 0,0/0,0 neg]
%     Score = -38.887,467455 (regressionFit = 38.887,467453, penalties=2.0500000000000003E-6) for clause:  medv(A) :- nox(A, 10), rm(A, 2).  [covers 6,0/436,0 pos, 0,0/0,0 neg]
%     Score = -38.719,300936 (regressionFit = 38.719,300934, penalties=2.0500000000000003E-6) for clause:  medv(A) :- nox(A, 10), age(A, 9).  [covers 5,0/436,0 pos, 0,0/0,0 neg]
%     Score = -Infinity (regressionFit = Infinity, penalties=2.0500000000000003E-6) for clause:  medv(A) :- nox(A, 10), dis(A, 7).  [covers 2,0/436,0 pos, 0,0/0,0 neg]
%     Score = -32.266,679032 (regressionFit = 32.266,679030, penalties=2.0500000000000003E-6) for clause:  medv(A) :- nox(A, 10), rad(A, 24).  [covers 42,0/436,0 pos, 0,0/0,0 neg]
%     Score = -32.266,679032 (regressionFit = 32.266,679030, penalties=2.0500000000000003E-6) for clause:  medv(A) :- nox(A, 10), tax(A, 666).  [covers 42,0/436,0 pos, 0,0/0,0 neg]
%     Score = -32.266,679032 (regressionFit = 32.266,679030, penalties=2.0300000000000005E-6) for clause:  medv(A) :- nox(A, 10), ptratio(A, 10).  [covers 42,0/436,0 pos, 0,0/0,0 neg]
%     Score = -37.571,639831 (regressionFit = 37.571,639829, penalties=2.0500000000000003E-6) for clause:  medv(A) :- nox(A, 10), b(A, 7).  [covers 11,0/436,0 pos, 0,0/0,0 neg]
%     Score = -39.128,565159 (regressionFit = 39.128,565157, penalties=2.0500000000000003E-6) for clause:  medv(A) :- nox(A, 10), lstat(A, 7).  [covers 5,0/436,0 pos, 0,0/0,0 neg]
%     Score = -39.634,377811 (regressionFit = 39.634,377809, penalties=2.0500000000000003E-6) for clause:  medv(A) :- ptratio(A, 10), crim(A, 8).  [covers 13,0/436,0 pos, 0,0/0,0 neg]
%     Score = -33.258,024645 (regressionFit = 33.258,024643, penalties=2.0500000000000003E-6) for clause:  medv(A) :- ptratio(A, 10), zn(A, 0).  [covers 97,0/436,0 pos, 0,0/0,0 neg]
%     Score = -33.338,864427 (regressionFit = 33.338,864425, penalties=2.0300000000000005E-6) for clause:  medv(A) :- ptratio(A, 10), indus(A, 10).  [covers 90,0/436,0 pos, 0,0/0,0 neg]
%     Score = -31.498,871178 (regressionFit = 31.498,871176, penalties=2.0500000000000003E-6) for clause:  medv(A) :- ptratio(A, 10), chas(A, 0).  [covers 89,0/436,0 pos, 0,0/0,0 neg]
%     Score = -32.266,679032 (regressionFit = 32.266,679030, penalties=2.0300000000000005E-6) for clause:  medv(A) :- ptratio(A, 10), nox(A, 10).  [covers 42,0/436,0 pos, 0,0/0,0 neg]
%     Score = -38.652,956109 (regressionFit = 38.652,956107, penalties=2.0500000000000003E-6) for clause:  medv(A) :- ptratio(A, 10), rm(A, 2).  [covers 13,0/436,0 pos, 0,0/0,0 neg]
%     Score = -39.275,480392 (regressionFit = 39.275,480390, penalties=2.0500000000000003E-6) for clause:  medv(A) :- ptratio(A, 10), age(A, 9).  [covers 15,0/436,0 pos, 0,0/0,0 neg]
%     Score = -39.561,362897 (regressionFit = 39.561,362895, penalties=2.0500000000000003E-6) for clause:  medv(A) :- ptratio(A, 10), dis(A, 7).  [covers 6,0/436,0 pos, 0,0/0,0 neg]
%     Score = -33.338,864427 (regressionFit = 33.338,864425, penalties=2.0500000000000003E-6) for clause:  medv(A) :- ptratio(A, 10), rad(A, 24).  [covers 90,0/436,0 pos, 0,0/0,0 neg]
%     Score = -33.338,864427 (regressionFit = 33.338,864425, penalties=2.0500000000000003E-6) for clause:  medv(A) :- ptratio(A, 10), tax(A, 666).  [covers 90,0/436,0 pos, 0,0/0,0 neg]
%     Score = -36.219,594166 (regressionFit = 36.219,594164, penalties=2.0500000000000003E-6) for clause:  medv(A) :- ptratio(A, 10), b(A, 7).  [covers 28,0/436,0 pos, 0,0/0,0 neg]
%     Score = -38.462,446005 (regressionFit = 38.462,446003, penalties=2.0500000000000003E-6) for clause:  medv(A) :- ptratio(A, 10), lstat(A, 7).  [covers 13,0/436,0 pos, 0,0/0,0 neg]
%     Score = -39.634,377811 (regressionFit = 39.634,377809, penalties=2.0500000000000003E-6) for clause:  medv(A) :- indus(A, 10), crim(A, 8).  [covers 13,0/436,0 pos, 0,0/0,0 neg]
%     Score = -33.338,864427 (regressionFit = 33.338,864425, penalties=2.0500000000000003E-6) for clause:  medv(A) :- indus(A, 10), zn(A, 0).  [covers 90,0/436,0 pos, 0,0/0,0 neg]
%     Score = -31.493,744840 (regressionFit = 31.493,744838, penalties=2.0500000000000003E-6) for clause:  medv(A) :- indus(A, 10), chas(A, 0).  [covers 82,0/436,0 pos, 0,0/0,0 neg]
%     Score = -32.266,679032 (regressionFit = 32.266,679030, penalties=2.0300000000000005E-6) for clause:  medv(A) :- indus(A, 10), nox(A, 10).  [covers 42,0/436,0 pos, 0,0/0,0 neg]
%     Score = -38.652,956109 (regressionFit = 38.652,956107, penalties=2.0500000000000003E-6) for clause:  medv(A) :- indus(A, 10), rm(A, 2).  [covers 13,0/436,0 pos, 0,0/0,0 neg]
%     Score = -39.275,480392 (regressionFit = 39.275,480390, penalties=2.0500000000000003E-6) for clause:  medv(A) :- indus(A, 10), age(A, 9).  [covers 15,0/436,0 pos, 0,0/0,0 neg]
%     Score = -39.561,362897 (regressionFit = 39.561,362895, penalties=2.0500000000000003E-6) for clause:  medv(A) :- indus(A, 10), dis(A, 7).  [covers 6,0/436,0 pos, 0,0/0,0 neg]
%     Score = -33.338,864427 (regressionFit = 33.338,864425, penalties=2.0500000000000003E-6) for clause:  medv(A) :- indus(A, 10), rad(A, 24).  [covers 90,0/436,0 pos, 0,0/0,0 neg]
%     Score = -33.338,864427 (regressionFit = 33.338,864425, penalties=2.0500000000000003E-6) for clause:  medv(A) :- indus(A, 10), tax(A, 666).  [covers 90,0/436,0 pos, 0,0/0,0 neg]
%     Score = -33.338,864427 (regressionFit = 33.338,864425, penalties=2.0300000000000005E-6) for clause:  medv(A) :- indus(A, 10), ptratio(A, 10).  [covers 90,0/436,0 pos, 0,0/0,0 neg]
%     Score = -36.219,594166 (regressionFit = 36.219,594164, penalties=2.0500000000000003E-6) for clause:  medv(A) :- indus(A, 10), b(A, 7).  [covers 28,0/436,0 pos, 0,0/0,0 neg]
%     Score = -38.462,446005 (regressionFit = 38.462,446003, penalties=2.0500000000000003E-6) for clause:  medv(A) :- indus(A, 10), lstat(A, 7).  [covers 13,0/436,0 pos, 0,0/0,0 neg]
%     Score = -39.634,377811 (regressionFit = 39.634,377809, penalties=2.0500000000000003E-6) for clause:  medv(A) :- rad(A, 24), crim(A, 8).  [covers 13,0/436,0 pos, 0,0/0,0 neg]
%     Score = -33.338,864427 (regressionFit = 33.338,864425, penalties=2.0500000000000003E-6) for clause:  medv(A) :- rad(A, 24), zn(A, 0).  [covers 90,0/436,0 pos, 0,0/0,0 neg]
%     Score = -33.338,864427 (regressionFit = 33.338,864425, penalties=2.0500000000000003E-6) for clause:  medv(A) :- rad(A, 24), indus(A, 10).  [covers 90,0/436,0 pos, 0,0/0,0 neg]
%     Score = -31.493,744840 (regressionFit = 31.493,744838, penalties=2.0500000000000003E-6) for clause:  medv(A) :- rad(A, 24), chas(A, 0).  [covers 82,0/436,0 pos, 0,0/0,0 neg]
%     Score = -32.266,679032 (regressionFit = 32.266,679030, penalties=2.0500000000000003E-6) for clause:  medv(A) :- rad(A, 24), nox(A, 10).  [covers 42,0/436,0 pos, 0,0/0,0 neg]
%     Score = -38.652,956109 (regressionFit = 38.652,956107, penalties=2.0500000000000003E-6) for clause:  medv(A) :- rad(A, 24), rm(A, 2).  [covers 13,0/436,0 pos, 0,0/0,0 neg]
%     Score = -39.275,480392 (regressionFit = 39.275,480390, penalties=2.0500000000000003E-6) for clause:  medv(A) :- rad(A, 24), age(A, 9).  [covers 15,0/436,0 pos, 0,0/0,0 neg]
%     Score = -39.561,362897 (regressionFit = 39.561,362895, penalties=2.0500000000000003E-6) for clause:  medv(A) :- rad(A, 24), dis(A, 7).  [covers 6,0/436,0 pos, 0,0/0,0 neg]
%     Score = -33.338,864427 (regressionFit = 33.338,864425, penalties=2.0500000000000003E-6) for clause:  medv(A) :- rad(A, 24), tax(A, 666).  [covers 90,0/436,0 pos, 0,0/0,0 neg]
%     Score = -33.338,864427 (regressionFit = 33.338,864425, penalties=2.0500000000000003E-6) for clause:  medv(A) :- rad(A, 24), ptratio(A, 10).  [covers 90,0/436,0 pos, 0,0/0,0 neg]
%     Score = -36.219,594166 (regressionFit = 36.219,594164, penalties=2.0500000000000003E-6) for clause:  medv(A) :- rad(A, 24), b(A, 7).  [covers 28,0/436,0 pos, 0,0/0,0 neg]
%     Score = -38.462,446005 (regressionFit = 38.462,446003, penalties=2.0500000000000003E-6) for clause:  medv(A) :- rad(A, 24), lstat(A, 7).  [covers 13,0/436,0 pos, 0,0/0,0 neg]
%     Score = -39.634,377811 (regressionFit = 39.634,377809, penalties=2.0500000000000003E-6) for clause:  medv(A) :- tax(A, 666), crim(A, 8).  [covers 13,0/436,0 pos, 0,0/0,0 neg]
%     Score = -33.338,864427 (regressionFit = 33.338,864425, penalties=2.0500000000000003E-6) for clause:  medv(A) :- tax(A, 666), zn(A, 0).  [covers 90,0/436,0 pos, 0,0/0,0 neg]
%     Score = -33.338,864427 (regressionFit = 33.338,864425, penalties=2.0500000000000003E-6) for clause:  medv(A) :- tax(A, 666), indus(A, 10).  [covers 90,0/436,0 pos, 0,0/0,0 neg]
%     Score = -31.493,744840 (regressionFit = 31.493,744838, penalties=2.0500000000000003E-6) for clause:  medv(A) :- tax(A, 666), chas(A, 0).  [covers 82,0/436,0 pos, 0,0/0,0 neg]
%     Score = -32.266,679032 (regressionFit = 32.266,679030, penalties=2.0500000000000003E-6) for clause:  medv(A) :- tax(A, 666), nox(A, 10).  [covers 42,0/436,0 pos, 0,0/0,0 neg]
%     Score = -38.652,956109 (regressionFit = 38.652,956107, penalties=2.0500000000000003E-6) for clause:  medv(A) :- tax(A, 666), rm(A, 2).  [covers 13,0/436,0 pos, 0,0/0,0 neg]
%     Score = -39.275,480392 (regressionFit = 39.275,480390, penalties=2.0500000000000003E-6) for clause:  medv(A) :- tax(A, 666), age(A, 9).  [covers 15,0/436,0 pos, 0,0/0,0 neg]
%     Score = -39.561,362897 (regressionFit = 39.561,362895, penalties=2.0500000000000003E-6) for clause:  medv(A) :- tax(A, 666), dis(A, 7).  [covers 6,0/436,0 pos, 0,0/0,0 neg]
%     Score = -33.338,864427 (regressionFit = 33.338,864425, penalties=2.0500000000000003E-6) for clause:  medv(A) :- tax(A, 666), rad(A, 24).  [covers 90,0/436,0 pos, 0,0/0,0 neg]
%     Score = -33.338,864427 (regressionFit = 33.338,864425, penalties=2.0500000000000003E-6) for clause:  medv(A) :- tax(A, 666), ptratio(A, 10).  [covers 90,0/436,0 pos, 0,0/0,0 neg]
%     Score = -36.219,594166 (regressionFit = 36.219,594164, penalties=2.0500000000000003E-6) for clause:  medv(A) :- tax(A, 666), b(A, 7).  [covers 28,0/436,0 pos, 0,0/0,0 neg]
%     Score = -38.462,446005 (regressionFit = 38.462,446003, penalties=2.0500000000000003E-6) for clause:  medv(A) :- tax(A, 666), lstat(A, 7).  [covers 13,0/436,0 pos, 0,0/0,0 neg]
%     Score = -39.637,716435 (regressionFit = 39.637,716433, penalties=2.0500000000000003E-6) for clause:  medv(A) :- zn(A, 0), crim(A, 3).  [covers 30,0/436,0 pos, 0,0/0,0 neg]
%     Score = -39.436,070624 (regressionFit = 39.436,070622, penalties=2.0500000000000003E-6) for clause:  medv(A) :- zn(A, 0), crim(A, 5).  [covers 42,0/436,0 pos, 0,0/0,0 neg]
%     Score = -39.397,941736 (regressionFit = 39.397,941734, penalties=2.0500000000000003E-6) for clause:  medv(A) :- zn(A, 0), crim(A, 2).  [covers 30,0/436,0 pos, 0,0/0,0 neg]
%     Score = -39.590,451586 (regressionFit = 39.590,451584, penalties=2.0500000000000003E-6) for clause:  medv(A) :- zn(A, 0), crim(A, 8).  [covers 32,0/436,0 pos, 0,0/0,0 neg]
%     Score = -39.505,053765 (regressionFit = 39.505,053763, penalties=2.0500000000000003E-6) for clause:  medv(A) :- zn(A, 0), indus(A, 6).  [covers 36,0/436,0 pos, 0,0/0,0 neg]
%     Score = -39.631,729715 (regressionFit = 39.631,729712, penalties=2.0500000000000003E-6) for clause:  medv(A) :- zn(A, 0), indus(A, 9).  [covers 29,0/436,0 pos, 0,0/0,0 neg]
%     Score = -39.638,341548 (regressionFit = 39.638,341546, penalties=2.0500000000000003E-6) for clause:  medv(A) :- zn(A, 0), indus(A, 7).  [covers 15,0/436,0 pos, 0,0/0,0 neg]
%     Score = -33.338,864427 (regressionFit = 33.338,864425, penalties=2.0500000000000003E-6) for clause:  medv(A) :- zn(A, 0), indus(A, 10).  [covers 90,0/436,0 pos, 0,0/0,0 neg]
%     Score = -33.792,678026 (regressionFit = 33.792,678024, penalties=2.0300000000000005E-6) for clause:  medv(A) :- zn(A, 0), chas(A, 0).  [covers 279,0/436,0 pos, 0,0/0,0 neg]
%     Score = -38.712,511439 (regressionFit = 38.712,511437, penalties=2.0500000000000003E-6) for clause:  medv(A) :- zn(A, 0), nox(A, 1).  [covers 46,0/436,0 pos, 0,0/0,0 neg]
%     Score = -37.626,311274 (regressionFit = 37.626,311271, penalties=2.0500000000000003E-6) for clause:  medv(A) :- zn(A, 0), nox(A, 9).  [covers 42,0/436,0 pos, 0,0/0,0 neg]
%     Score = -39.615,611919 (regressionFit = 39.615,611917, penalties=2.0500000000000003E-6) for clause:  medv(A) :- zn(A, 0), nox(A, 5).  [covers 13,0/436,0 pos, 0,0/0,0 neg]
%     Score = -32.266,679032 (regressionFit = 32.266,679030, penalties=2.0500000000000003E-6) for clause:  medv(A) :- zn(A, 0), nox(A, 10).  [covers 42,0/436,0 pos, 0,0/0,0 neg]
%     Score = -38.995,875697 (regressionFit = 38.995,875695, penalties=2.0500000000000003E-6) for clause:  medv(A) :- zn(A, 0), rm(A, 8).  [covers 35,0/436,0 pos, 0,0/0,0 neg]
%     Score = -39.163,707977 (regressionFit = 39.163,707975, penalties=2.0500000000000003E-6) for clause:  medv(A) :- zn(A, 0), rm(A, 6).  [covers 35,0/436,0 pos, 0,0/0,0 neg]
%     Score = -39.195,232697 (regressionFit = 39.195,232695, penalties=2.0500000000000003E-6) for clause:  medv(A) :- zn(A, 0), rm(A, 5).  [covers 32,0/436,0 pos, 0,0/0,0 neg]
%     Score = -39.039,045294 (regressionFit = 39.039,045292, penalties=2.0500000000000003E-6) for clause:  medv(A) :- zn(A, 0), rm(A, 2).  [covers 31,0/436,0 pos, 0,0/0,0 neg]
%     Score = -38.388,167339 (regressionFit = 38.388,167337, penalties=2.0500000000000003E-6) for clause:  medv(A) :- zn(A, 0), age(A, 7).  [covers 40,0/436,0 pos, 0,0/0,0 neg]
%     Score = -39.229,946419 (regressionFit = 39.229,946417, penalties=2.0500000000000003E-6) for clause:  medv(A) :- zn(A, 0), age(A, 5).  [covers 40,0/436,0 pos, 0,0/0,0 neg]
%     Score = -39.549,063984 (regressionFit = 39.549,063982, penalties=2.0500000000000003E-6) for clause:  medv(A) :- zn(A, 0), age(A, 10).  [covers 16,0/436,0 pos, 0,0/0,0 neg]
%     Score = -39.625,565802 (regressionFit = 39.625,565800, penalties=2.0500000000000003E-6) for clause:  medv(A) :- zn(A, 0), age(A, 3).  [covers 22,0/436,0 pos, 0,0/0,0 neg]
%     Score = -39.535,363561 (regressionFit = 39.535,363559, penalties=2.0500000000000003E-6) for clause:  medv(A) :- zn(A, 0), age(A, 1).  [covers 30,0/436,0 pos, 0,0/0,0 neg]
%     Score = -39.450,548187 (regressionFit = 39.450,548185, penalties=2.0500000000000003E-6) for clause:  medv(A) :- zn(A, 0), age(A, 9).  [covers 36,0/436,0 pos, 0,0/0,0 neg]
%     Score = -39.456,786908 (regressionFit = 39.456,786906, penalties=2.0500000000000003E-6) for clause:  medv(A) :- zn(A, 0), dis(A, 7).  [covers 27,0/436,0 pos, 0,0/0,0 neg]
%     Score = -37.799,267509 (regressionFit = 37.799,267507, penalties=2.0500000000000003E-6) for clause:  medv(A) :- zn(A, 0), dis(A, 10).  [covers 51,0/436,0 pos, 0,0/0,0 neg]
%     Score = -39.581,364023 (regressionFit = 39.581,364021, penalties=2.0500000000000003E-6) for clause:  medv(A) :- zn(A, 0), dis(A, 2).  [covers 27,0/436,0 pos, 0,0/0,0 neg]
%     Score = -39.527,726490 (regressionFit = 39.527,726488, penalties=2.0500000000000003E-6) for clause:  medv(A) :- zn(A, 0), rad(A, 6).  [covers 9,0/436,0 pos, 0,0/0,0 neg]
%     Score = -39.615,947015 (regressionFit = 39.615,947012, penalties=2.0500000000000003E-6) for clause:  medv(A) :- zn(A, 0), rad(A, 5).  [covers 76,0/436,0 pos, 0,0/0,0 neg]
%     Score = -38.556,464824 (regressionFit = 38.556,464822, penalties=2.0500000000000003E-6) for clause:  medv(A) :- zn(A, 0), rad(A, 4).  [covers 70,0/436,0 pos, 0,0/0,0 neg]
%     Score = -33.338,864427 (regressionFit = 33.338,864425, penalties=2.0500000000000003E-6) for clause:  medv(A) :- zn(A, 0), rad(A, 24).  [covers 90,0/436,0 pos, 0,0/0,0 neg]
%     Score = -39.527,726490 (regressionFit = 39.527,726488, penalties=2.0500000000000003E-6) for clause:  medv(A) :- zn(A, 0), tax(A, 432).  [covers 9,0/436,0 pos, 0,0/0,0 neg]
%     Score = -39.631,729715 (regressionFit = 39.631,729712, penalties=2.0500000000000003E-6) for clause:  medv(A) :- zn(A, 0), tax(A, 403).  [covers 29,0/436,0 pos, 0,0/0,0 neg]
%     Score = -39.631,702421 (regressionFit = 39.631,702419, penalties=2.0500000000000003E-6) for clause:  medv(A) :- zn(A, 0), tax(A, 289).  [covers 5,0/436,0 pos, 0,0/0,0 neg]
%     Score = -39.539,850784 (regressionFit = 39.539,850782, penalties=2.0500000000000003E-6) for clause:  medv(A) :- zn(A, 0), tax(A, 304).  [covers 12,0/436,0 pos, 0,0/0,0 neg]
%     Score = -33.338,864427 (regressionFit = 33.338,864425, penalties=2.0500000000000003E-6) for clause:  medv(A) :- zn(A, 0), tax(A, 666).  [covers 90,0/436,0 pos, 0,0/0,0 neg]
%     Score = -39.226,771765 (regressionFit = 39.226,771763, penalties=2.0500000000000003E-6) for clause:  medv(A) :- zn(A, 0), ptratio(A, 2).  [covers 36,0/436,0 pos, 0,0/0,0 neg]
%     Score = -39.631,729715 (regressionFit = 39.631,729712, penalties=2.0500000000000003E-6) for clause:  medv(A) :- zn(A, 0), ptratio(A, 9).  [covers 29,0/436,0 pos, 0,0/0,0 neg]
%     Score = -39.637,582980 (regressionFit = 39.637,582978, penalties=2.0500000000000003E-6) for clause:  medv(A) :- zn(A, 0), ptratio(A, 1).  [covers 10,0/436,0 pos, 0,0/0,0 neg]
%     Score = -39.618,996915 (regressionFit = 39.618,996913, penalties=2.0500000000000003E-6) for clause:  medv(A) :- zn(A, 0), ptratio(A, 3).  [covers 38,0/436,0 pos, 0,0/0,0 neg]
%     Score = -33.258,024645 (regressionFit = 33.258,024643, penalties=2.0500000000000003E-6) for clause:  medv(A) :- zn(A, 0), ptratio(A, 10).  [covers 97,0/436,0 pos, 0,0/0,0 neg]
%     Score = -39.575,820025 (regressionFit = 39.575,820023, penalties=2.0500000000000003E-6) for clause:  medv(A) :- zn(A, 0), b(A, 3).  [covers 31,0/436,0 pos, 0,0/0,0 neg]
%     Score = -39.287,243035 (regressionFit = 39.287,243033, penalties=2.0500000000000003E-6) for clause:  medv(A) :- zn(A, 0), b(A, 8).  [covers 32,0/436,0 pos, 0,0/0,0 neg]
%     Score = -37.934,491154 (regressionFit = 37.934,491152, penalties=2.0500000000000003E-6) for clause:  medv(A) :- zn(A, 0), b(A, 1).  [covers 69,0/436,0 pos, 0,0/0,0 neg]
%     Score = -35.873,729854 (regressionFit = 35.873,729852, penalties=2.0500000000000003E-6) for clause:  medv(A) :- zn(A, 0), b(A, 7).  [covers 40,0/436,0 pos, 0,0/0,0 neg]
%     Score = -38.000,555968 (regressionFit = 38.000,555966, penalties=2.0500000000000003E-6) for clause:  medv(A) :- zn(A, 0), lstat(A, 7).  [covers 36,0/436,0 pos, 0,0/0,0 neg]
%     Score = -38.918,391522 (regressionFit = 38.918,391520, penalties=2.0500000000000003E-6) for clause:  medv(A) :- zn(A, 0), lstat(A, 10).  [covers 33,0/436,0 pos, 0,0/0,0 neg]
%     Score = -39.518,160512 (regressionFit = 39.518,160510, penalties=2.0500000000000003E-6) for clause:  medv(A) :- zn(A, 0), lstat(A, 2).  [covers 24,0/436,0 pos, 0,0/0,0 neg]
%     Score = -39.547,739285 (regressionFit = 39.547,739283, penalties=2.0500000000000003E-6) for clause:  medv(A) :- zn(A, 0), lstat(A, 8).  [covers 38,0/436,0 pos, 0,0/0,0 neg]
%     Score = -39.066,819249 (regressionFit = 39.066,819247, penalties=2.0500000000000003E-6) for clause:  medv(A) :- zn(A, 0), lstat(A, 1).  [covers 23,0/436,0 pos, 0,0/0,0 neg]
%     Score = -37.720,054717 (regressionFit = 37.720,054715, penalties=2.0300000000000005E-6) for clause:  medv(A) :- indus(A, 1), crim(A, 1).  [covers 21,0/436,0 pos, 0,0/0,0 neg]
%     Score = -39.256,788282 (regressionFit = 39.256,788280, penalties=2.0500000000000003E-6) for clause:  medv(A) :- indus(A, 1), zn(A, 80).  [covers 7,0/436,0 pos, 0,0/0,0 neg]
%     Score = -36.064,268185 (regressionFit = 36.064,268183, penalties=2.0500000000000003E-6) for clause:  medv(A) :- indus(A, 1), chas(A, 0).  [covers 47,0/436,0 pos, 0,0/0,0 neg]
%     Score = -37.920,149545 (regressionFit = 37.920,149543, penalties=2.0500000000000003E-6) for clause:  medv(A) :- indus(A, 1), nox(A, 6).  [covers 22,0/436,0 pos, 0,0/0,0 neg]
%     Score = -34.642,988279 (regressionFit = 34.642,988277, penalties=2.0500000000000003E-6) for clause:  medv(A) :- indus(A, 1), rm(A, 3).  [covers 15,0/436,0 pos, 0,0/0,0 neg]
%     Score = -38.361,491625 (regressionFit = 38.361,491623, penalties=2.0500000000000003E-6) for clause:  medv(A) :- indus(A, 1), age(A, 8).  [covers 13,0/436,0 pos, 0,0/0,0 neg]
%     Score = -38.467,074079 (regressionFit = 38.467,074077, penalties=2.0500000000000003E-6) for clause:  medv(A) :- indus(A, 1), dis(A, 3).  [covers 8,0/436,0 pos, 0,0/0,0 neg]
%     Score = -38.839,694103 (regressionFit = 38.839,694101, penalties=2.0500000000000003E-6) for clause:  medv(A) :- indus(A, 1), rad(A, 4).  [covers 7,0/436,0 pos, 0,0/0,0 neg]
%     Score = -Infinity (regressionFit = Infinity, penalties=2.0500000000000003E-6) for clause:  medv(A) :- indus(A, 1), tax(A, 255).  [covers 1,0/436,0 pos, 0,0/0,0 neg]
%     Score = -36.924,981369 (regressionFit = 36.924,981367, penalties=2.0500000000000003E-6) for clause:  medv(A) :- indus(A, 1), ptratio(A, 9).  [covers 9,0/436,0 pos, 0,0/0,0 neg]
%     Score = -38.532,088187 (regressionFit = 38.532,088185, penalties=2.0500000000000003E-6) for clause:  medv(A) :- indus(A, 1), b(A, 3).  [covers 9,0/436,0 pos, 0,0/0,0 neg]
%     Score = -35.199,748302 (regressionFit = 35.199,748299, penalties=2.0500000000000003E-6) for clause:  medv(A) :- indus(A, 1), lstat(A, 3).  [covers 14,0/436,0 pos, 0,0/0,0 neg]
%     Score = -39.340,225204 (regressionFit = 39.340,225202, penalties=2.0500000000000003E-6) for clause:  medv(A) :- b(A, 7), crim(A, 8).  [covers 7,0/436,0 pos, 0,0/0,0 neg]
%     Score = -35.873,729854 (regressionFit = 35.873,729852, penalties=2.0500000000000003E-6) for clause:  medv(A) :- b(A, 7), zn(A, 0).  [covers 40,0/436,0 pos, 0,0/0,0 neg]
%     Score = -36.219,594166 (regressionFit = 36.219,594164, penalties=2.0500000000000003E-6) for clause:  medv(A) :- b(A, 7), indus(A, 10).  [covers 28,0/436,0 pos, 0,0/0,0 neg]
%     Score = -35.942,795942 (regressionFit = 35.942,795940, penalties=2.0500000000000003E-6) for clause:  medv(A) :- b(A, 7), chas(A, 0).  [covers 39,0/436,0 pos, 0,0/0,0 neg]
%     Score = -37.571,639831 (regressionFit = 37.571,639829, penalties=2.0500000000000003E-6) for clause:  medv(A) :- b(A, 7), nox(A, 10).  [covers 11,0/436,0 pos, 0,0/0,0 neg]
%     Score = -39.041,874607 (regressionFit = 39.041,874605, penalties=2.0500000000000003E-6) for clause:  medv(A) :- b(A, 7), rm(A, 2).  [covers 5,0/436,0 pos, 0,0/0,0 neg]
%     Score = -38.686,277687 (regressionFit = 38.686,277685, penalties=2.0500000000000003E-6) for clause:  medv(A) :- b(A, 7), age(A, 9).  [covers 6,0/436,0 pos, 0,0/0,0 neg]
%     Score = -39.589,446657 (regressionFit = 39.589,446655, penalties=2.0300000000000005E-6) for clause:  medv(A) :- b(A, 7), dis(A, 7).  [covers 4,0/436,0 pos, 0,0/0,0 neg]
%     Score = -36.219,594166 (regressionFit = 36.219,594164, penalties=2.0500000000000003E-6) for clause:  medv(A) :- b(A, 7), rad(A, 24).  [covers 28,0/436,0 pos, 0,0/0,0 neg]
%     Score = -36.219,594166 (regressionFit = 36.219,594164, penalties=2.0500000000000003E-6) for clause:  medv(A) :- b(A, 7), tax(A, 666).  [covers 28,0/436,0 pos, 0,0/0,0 neg]
%     Score = -36.219,594166 (regressionFit = 36.219,594164, penalties=2.0500000000000003E-6) for clause:  medv(A) :- b(A, 7), ptratio(A, 10).  [covers 28,0/436,0 pos, 0,0/0,0 neg]
%     Score = -38.987,774127 (regressionFit = 38.987,774125, penalties=2.0300000000000005E-6) for clause:  medv(A) :- b(A, 7), lstat(A, 7).  [covers 8,0/436,0 pos, 0,0/0,0 neg]

% The best node found: medv(A) :- rm(A, 3).  [covers 48,0/436,0 pos, 0,0/0,0 neg]

% The best node found: medv(A) :- rm(A, 3).  [covers 48,0/436,0 pos, 0,0/0,0 neg]
Setting 39.46875000000001 for 
 // Learned this clause on outer loop cycle #1.  It scores=-23.480,47 and has recall=0,11, precision=1,00, and F1=0,20 (using m-estimates).
 // It covers 11,0% of the positive examples, 48 of 436,
(medv(A) :- rm(A, 3))

% On cycle #1, the best clause found is:
%      medv(A) :- rm(A, 3).  [covers 48,0/436,0 pos, 0,0/0,0 neg]
% This clause covers 48 positive examples, of which 48 are newly covered.
% It also covers 0 negative examples, of which 0 are newly covered.
% The current set of 1 best clauses covers 11,0% of the positive examples and NaN% of the negatives.}

% Have these 8 positive seeds: 26 75 121 176 250 255 341 367

% target           = medv(A)
%     Score = -Infinity (regressionFit = Infinity, penalties=1.1E-7) for clause:  medv(_).  [covers 436,0/436,0 pos, 0,0/0,0 neg]
% Unacceptable due to being the root node.
% Most-general root: medv(_).  [covers 436,0/436,0 pos, 0,0/0,0 neg]  score = -Infinity
%     Score = -39.963,798925 (regressionFit = 39.963,798924, penalties=1.03E-6) for clause:  medv(A) :- crim(A, 2).  [covers 51,0/436,0 pos, 0,0/0,0 neg]
% Gleaner: New best node found (score = -39.963,798925): medv(A) :- crim(A, 2).  [covers 51,0/436,0 pos, 0,0/0,0 neg]
%     Score = -40.590,329314 (regressionFit = 40.590,329313, penalties=1.03E-6) for clause:  medv(A) :- crim(A, 8).  [covers 32,0/436,0 pos, 0,0/0,0 neg]
%     Score = -40.479,374282 (regressionFit = 40.479,374281, penalties=1.03E-6) for clause:  medv(A) :- crim(A, 4).  [covers 41,0/436,0 pos, 0,0/0,0 neg]
%     Score = -40.510,253280 (regressionFit = 40.510,253279, penalties=1.03E-6) for clause:  medv(A) :- crim(A, 5).  [covers 49,0/436,0 pos, 0,0/0,0 neg]
%     Score = -40.303,754501 (regressionFit = 40.303,754500, penalties=1.03E-6) for clause:  medv(A) :- crim(A, 1).  [covers 49,0/436,0 pos, 0,0/0,0 neg]
%     Score = -37.580,775688 (regressionFit = 37.580,775687, penalties=1.03E-6) for clause:  medv(A) :- crim(A, 10).  [covers 45,0/436,0 pos, 0,0/0,0 neg]
% Gleaner: New best node found (score = -37.580,775688): medv(A) :- crim(A, 10).  [covers 45,0/436,0 pos, 0,0/0,0 neg]
%     Score = -40.300,717412 (regressionFit = 40.300,717410, penalties=1.03E-6) for clause:  medv(A) :- zn(A, 0).  [covers 307,0/436,0 pos, 0,0/0,0 neg]
%     Score = -40.360,642077 (regressionFit = 40.360,642076, penalties=1.03E-6) for clause:  medv(A) :- zn(A, 35).  [covers 3,0/436,0 pos, 0,0/0,0 neg]
%     Score = -40.587,345623 (regressionFit = 40.587,345622, penalties=1.03E-6) for clause:  medv(A) :- indus(A, 8).  [covers 21,0/436,0 pos, 0,0/0,0 neg]
%     Score = -40.587,789381 (regressionFit = 40.587,789380, penalties=1.03E-6) for clause:  medv(A) :- indus(A, 9).  [covers 29,0/436,0 pos, 0,0/0,0 neg]
%     Score = -40.354,737021 (regressionFit = 40.354,737020, penalties=1.03E-6) for clause:  medv(A) :- indus(A, 6).  [covers 36,0/436,0 pos, 0,0/0,0 neg]
%     Score = -40.588,584597 (regressionFit = 40.588,584596, penalties=1.03E-6) for clause:  medv(A) :- indus(A, 3).  [covers 47,0/436,0 pos, 0,0/0,0 neg]
%     Score = -40.560,458881 (regressionFit = 40.560,458880, penalties=1.03E-6) for clause:  medv(A) :- indus(A, 4).  [covers 49,0/436,0 pos, 0,0/0,0 neg]
%     Score = -40.570,904518 (regressionFit = 40.570,904517, penalties=1.03E-6) for clause:  medv(A) :- indus(A, 2).  [covers 51,0/436,0 pos, 0,0/0,0 neg]
%     Score = -38.799,303004 (regressionFit = 38.799,303003, penalties=1.03E-6) for clause:  medv(A) :- indus(A, 10).  [covers 90,0/436,0 pos, 0,0/0,0 neg]
%     Score = -40.486,216582 (regressionFit = 40.486,216581, penalties=1.03E-6) for clause:  medv(A) :- chas(A, 0).  [covers 401,0/436,0 pos, 0,0/0,0 neg]
%     Score = -40.486,216582 (regressionFit = 40.486,216581, penalties=1.03E-6) for clause:  medv(A) :- chas(A, 1).  [covers 35,0/436,0 pos, 0,0/0,0 neg]
%     Score = -40.578,419037 (regressionFit = 40.578,419036, penalties=1.03E-6) for clause:  medv(A) :- nox(A, 7).  [covers 32,0/436,0 pos, 0,0/0,0 neg]
%     Score = -40.502,004368 (regressionFit = 40.502,004367, penalties=1.03E-6) for clause:  medv(A) :- nox(A, 4).  [covers 48,0/436,0 pos, 0,0/0,0 neg]
%     Score = -40.597,875361 (regressionFit = 40.597,875360, penalties=1.03E-6) for clause:  medv(A) :- nox(A, 1).  [covers 47,0/436,0 pos, 0,0/0,0 neg]
%     Score = -40.496,353419 (regressionFit = 40.496,353418, penalties=1.03E-6) for clause:  medv(A) :- nox(A, 2).  [covers 48,0/436,0 pos, 0,0/0,0 neg]
%     Score = -40.051,521084 (regressionFit = 40.051,521083, penalties=1.03E-6) for clause:  medv(A) :- nox(A, 5).  [covers 50,0/436,0 pos, 0,0/0,0 neg]
%     Score = -40.131,862387 (regressionFit = 40.131,862386, penalties=1.03E-6) for clause:  medv(A) :- nox(A, 9).  [covers 42,0/436,0 pos, 0,0/0,0 neg]
%     Score = -40.571,556085 (regressionFit = 40.571,556084, penalties=1.03E-6) for clause:  medv(A) :- rm(A, 5).  [covers 39,0/436,0 pos, 0,0/0,0 neg]
%     Score = -40.229,330846 (regressionFit = 40.229,330845, penalties=1.03E-6) for clause:  medv(A) :- rm(A, 10).  [covers 40,0/436,0 pos, 0,0/0,0 neg]
%     Score = -40.448,814726 (regressionFit = 40.448,814725, penalties=1.03E-6) for clause:  medv(A) :- rm(A, 7).  [covers 44,0/436,0 pos, 0,0/0,0 neg]
%     Score = -40.584,587847 (regressionFit = 40.584,587846, penalties=1.03E-6) for clause:  medv(A) :- rm(A, 8).  [covers 45,0/436,0 pos, 0,0/0,0 neg]
%     Score = -40.071,018556 (regressionFit = 40.071,018555, penalties=1.03E-6) for clause:  medv(A) :- rm(A, 9).  [covers 44,0/436,0 pos, 0,0/0,0 neg]
%     Score = -40.493,351050 (regressionFit = 40.493,351049, penalties=1.03E-6) for clause:  medv(A) :- rm(A, 2).  [covers 44,0/436,0 pos, 0,0/0,0 neg]
%     Score = -40.272,452074 (regressionFit = 40.272,452073, penalties=1.03E-6) for clause:  medv(A) :- age(A, 7).  [covers 43,0/436,0 pos, 0,0/0,0 neg]
%     Score = -40.509,176247 (regressionFit = 40.509,176246, penalties=1.03E-6) for clause:  medv(A) :- age(A, 5).  [covers 41,0/436,0 pos, 0,0/0,0 neg]
%     Score = -40.299,980461 (regressionFit = 40.299,980460, penalties=1.03E-6) for clause:  medv(A) :- age(A, 2).  [covers 40,0/436,0 pos, 0,0/0,0 neg]
%     Score = -39.303,383566 (regressionFit = 39.303,383565, penalties=1.03E-6) for clause:  medv(A) :- age(A, 10).  [covers 49,0/436,0 pos, 0,0/0,0 neg]
%     Score = -40.048,464535 (regressionFit = 40.048,464534, penalties=1.03E-6) for clause:  medv(A) :- age(A, 6).  [covers 48,0/436,0 pos, 0,0/0,0 neg]
%     Score = -40.155,359003 (regressionFit = 40.155,359002, penalties=1.03E-6) for clause:  medv(A) :- dis(A, 8).  [covers 42,0/436,0 pos, 0,0/0,0 neg]
%     Score = -40.531,056213 (regressionFit = 40.531,056212, penalties=1.03E-6) for clause:  medv(A) :- dis(A, 1).  [covers 48,0/436,0 pos, 0,0/0,0 neg]
%     Score = -40.318,643820 (regressionFit = 40.318,643819, penalties=1.03E-6) for clause:  medv(A) :- dis(A, 2).  [covers 50,0/436,0 pos, 0,0/0,0 neg]
%     Score = -40.258,553719 (regressionFit = 40.258,553718, penalties=1.03E-6) for clause:  medv(A) :- dis(A, 3).  [covers 50,0/436,0 pos, 0,0/0,0 neg]
%     Score = -40.352,277377 (regressionFit = 40.352,277376, penalties=1.03E-6) for clause:  medv(A) :- dis(A, 10).  [covers 51,0/436,0 pos, 0,0/0,0 neg]
%     Score = -40.247,653334 (regressionFit = 40.247,653332, penalties=1.03E-6) for clause:  medv(A) :- rad(A, 2).  [covers 23,0/436,0 pos, 0,0/0,0 neg]
%     Score = -40.486,717644 (regressionFit = 40.486,717643, penalties=1.03E-6) for clause:  medv(A) :- rad(A, 5).  [covers 112,0/436,0 pos, 0,0/0,0 neg]
%     Score = -40.257,618099 (regressionFit = 40.257,618098, penalties=1.03E-6) for clause:  medv(A) :- rad(A, 4).  [covers 101,0/436,0 pos, 0,0/0,0 neg]
%     Score = -40.555,904181 (regressionFit = 40.555,904180, penalties=1.03E-6) for clause:  medv(A) :- rad(A, 1).  [covers 15,0/436,0 pos, 0,0/0,0 neg]
%     Score = -38.799,303004 (regressionFit = 38.799,303003, penalties=1.03E-6) for clause:  medv(A) :- rad(A, 24).  [covers 90,0/436,0 pos, 0,0/0,0 neg]
%     Score = -40.597,523980 (regressionFit = 40.597,523979, penalties=1.03E-6) for clause:  medv(A) :- tax(A, 188).  [covers 7,0/436,0 pos, 0,0/0,0 neg]
%     Score = -40.587,789381 (regressionFit = 40.587,789380, penalties=1.03E-6) for clause:  medv(A) :- tax(A, 403).  [covers 29,0/436,0 pos, 0,0/0,0 neg]
%     Score = -40.393,053709 (regressionFit = 40.393,053708, penalties=1.03E-6) for clause:  medv(A) :- tax(A, 277).  [covers 11,0/436,0 pos, 0,0/0,0 neg]
%     Score = -40.104,119057 (regressionFit = 40.104,119056, penalties=1.03E-6) for clause:  medv(A) :- tax(A, 307).  [covers 39,0/436,0 pos, 0,0/0,0 neg]
%     Score = -40.590,934591 (regressionFit = 40.590,934590, penalties=1.03E-6) for clause:  medv(A) :- tax(A, 430).  [covers 3,0/436,0 pos, 0,0/0,0 neg]
%     Score = -40.578,664008 (regressionFit = 40.578,664007, penalties=1.03E-6) for clause:  medv(A) :- tax(A, 304).  [covers 14,0/436,0 pos, 0,0/0,0 neg]
%     Score = -38.799,303004 (regressionFit = 38.799,303003, penalties=1.03E-6) for clause:  medv(A) :- tax(A, 666).  [covers 90,0/436,0 pos, 0,0/0,0 neg]
%     Score = -40.008,354294 (regressionFit = 40.008,354293, penalties=1.03E-6) for clause:  medv(A) :- ptratio(A, 5).  [covers 42,0/436,0 pos, 0,0/0,0 neg]
%     Score = -39.450,897106 (regressionFit = 39.450,897105, penalties=1.03E-6) for clause:  medv(A) :- ptratio(A, 9).  [covers 50,0/436,0 pos, 0,0/0,0 neg]
%     Score = -40.182,219205 (regressionFit = 40.182,219204, penalties=1.03E-6) for clause:  medv(A) :- ptratio(A, 3).  [covers 51,0/436,0 pos, 0,0/0,0 neg]
%     Score = -40.590,104507 (regressionFit = 40.590,104506, penalties=1.03E-6) for clause:  medv(A) :- ptratio(A, 4).  [covers 32,0/436,0 pos, 0,0/0,0 neg]
%     Score = -40.512,992818 (regressionFit = 40.512,992817, penalties=1.03E-6) for clause:  medv(A) :- ptratio(A, 6).  [covers 48,0/436,0 pos, 0,0/0,0 neg]
%     Score = -38.965,259195 (regressionFit = 38.965,259194, penalties=1.03E-6) for clause:  medv(A) :- ptratio(A, 10).  [covers 97,0/436,0 pos, 0,0/0,0 neg]
%     Score = -40.502,812627 (regressionFit = 40.502,812626, penalties=1.03E-6) for clause:  medv(A) :- b(A, 8).  [covers 46,0/436,0 pos, 0,0/0,0 neg]
%     Score = -40.586,334505 (regressionFit = 40.586,334504, penalties=1.03E-6) for clause:  medv(A) :- b(A, 9).  [covers 41,0/436,0 pos, 0,0/0,0 neg]
%     Score = -40.579,989858 (regressionFit = 40.579,989857, penalties=1.03E-6) for clause:  medv(A) :- b(A, 2).  [covers 40,0/436,0 pos, 0,0/0,0 neg]
%     Score = -40.600,067950 (regressionFit = 40.600,067949, penalties=1.03E-6) for clause:  medv(A) :- b(A, 5).  [covers 46,0/436,0 pos, 0,0/0,0 neg]
%     Score = -39.542,529576 (regressionFit = 39.542,529575, penalties=1.03E-6) for clause:  medv(A) :- b(A, 7).  [covers 40,0/436,0 pos, 0,0/0,0 neg]
%     Score = -40.445,758811 (regressionFit = 40.445,758810, penalties=1.03E-6) for clause:  medv(A) :- lstat(A, 7).  [covers 38,0/436,0 pos, 0,0/0,0 neg]
%     Score = -40.482,013130 (regressionFit = 40.482,013129, penalties=1.03E-6) for clause:  medv(A) :- lstat(A, 8).  [covers 44,0/436,0 pos, 0,0/0,0 neg]
%     Score = -39.578,437231 (regressionFit = 39.578,437230, penalties=1.03E-6) for clause:  medv(A) :- lstat(A, 2).  [covers 45,0/436,0 pos, 0,0/0,0 neg]
%     Score = -38.477,425503 (regressionFit = 38.477,425502, penalties=1.03E-6) for clause:  medv(A) :- lstat(A, 6).  [covers 44,0/436,0 pos, 0,0/0,0 neg]
%     Score = -37.580,775689 (regressionFit = 37.580,775687, penalties=2.0500000000000003E-6) for clause:  medv(A) :- crim(A, 10), zn(A, 0).  [covers 45,0/436,0 pos, 0,0/0,0 neg]
%     Score = -37.580,775689 (regressionFit = 37.580,775687, penalties=2.0300000000000005E-6) for clause:  medv(A) :- crim(A, 10), indus(A, 10).  [covers 45,0/436,0 pos, 0,0/0,0 neg]
%     Score = -37.580,775689 (regressionFit = 37.580,775687, penalties=2.0500000000000003E-6) for clause:  medv(A) :- crim(A, 10), chas(A, 0).  [covers 45,0/436,0 pos, 0,0/0,0 neg]
%     Score = -40.587,129401 (regressionFit = 40.587,129399, penalties=2.0500000000000003E-6) for clause:  medv(A) :- crim(A, 10), nox(A, 7).  [covers 6,0/436,0 pos, 0,0/0,0 neg]
%     Score = -40.178,251413 (regressionFit = 40.178,251411, penalties=2.0500000000000003E-6) for clause:  medv(A) :- crim(A, 10), nox(A, 9).  [covers 7,0/436,0 pos, 0,0/0,0 neg]
%     Score = -39.564,708389 (regressionFit = 39.564,708387, penalties=2.0500000000000003E-6) for clause:  medv(A) :- crim(A, 10), rm(A, 9).  [covers 17,0/436,0 pos, 0,0/0,0 neg]
%     Score = -40.392,912288 (regressionFit = 40.392,912286, penalties=2.0500000000000003E-6) for clause:  medv(A) :- crim(A, 10), rm(A, 2).  [covers 4,0/436,0 pos, 0,0/0,0 neg]
%     Score = -39.849,315888 (regressionFit = 39.849,315886, penalties=2.0500000000000003E-6) for clause:  medv(A) :- crim(A, 10), age(A, 6).  [covers 22,0/436,0 pos, 0,0/0,0 neg]
%     Score = -40.141,407269 (regressionFit = 40.141,407267, penalties=2.0500000000000003E-6) for clause:  medv(A) :- crim(A, 10), age(A, 7).  [covers 8,0/436,0 pos, 0,0/0,0 neg]
%     Score = -39.038,977618 (regressionFit = 39.038,977616, penalties=2.0300000000000005E-6) for clause:  medv(A) :- crim(A, 10), dis(A, 10).  [covers 26,0/436,0 pos, 0,0/0,0 neg]
%     Score = -40.437,266630 (regressionFit = 40.437,266628, penalties=2.0500000000000003E-6) for clause:  medv(A) :- crim(A, 10), dis(A, 8).  [covers 5,0/436,0 pos, 0,0/0,0 neg]
%     Score = -37.580,775689 (regressionFit = 37.580,775687, penalties=2.0500000000000003E-6) for clause:  medv(A) :- crim(A, 10), rad(A, 24).  [covers 45,0/436,0 pos, 0,0/0,0 neg]
%     Score = -37.580,775689 (regressionFit = 37.580,775687, penalties=2.0500000000000003E-6) for clause:  medv(A) :- crim(A, 10), tax(A, 666).  [covers 45,0/436,0 pos, 0,0/0,0 neg]
%     Score = -37.580,775689 (regressionFit = 37.580,775687, penalties=2.0300000000000005E-6) for clause:  medv(A) :- crim(A, 10), ptratio(A, 10).  [covers 45,0/436,0 pos, 0,0/0,0 neg]
%     Score = -39.775,981443 (regressionFit = 39.775,981441, penalties=2.0500000000000003E-6) for clause:  medv(A) :- crim(A, 10), b(A, 7).  [covers 20,0/436,0 pos, 0,0/0,0 neg]
%     Score = -38.851,233327 (regressionFit = 38.851,233325, penalties=2.0500000000000003E-6) for clause:  medv(A) :- crim(A, 10), lstat(A, 6).  [covers 22,0/436,0 pos, 0,0/0,0 neg]
%     Score = -40.410,924738 (regressionFit = 40.410,924736, penalties=2.0500000000000003E-6) for clause:  medv(A) :- crim(A, 10), lstat(A, 7).  [covers 3,0/436,0 pos, 0,0/0,0 neg]
%     Score = -38.851,233327 (regressionFit = 38.851,233325, penalties=2.0500000000000003E-6) for clause:  medv(A) :- lstat(A, 6), crim(A, 10).  [covers 22,0/436,0 pos, 0,0/0,0 neg]
%     Score = -38.468,072954 (regressionFit = 38.468,072952, penalties=2.0500000000000003E-6) for clause:  medv(A) :- lstat(A, 6), zn(A, 0).  [covers 43,0/436,0 pos, 0,0/0,0 neg]
%     Score = -38.418,002201 (regressionFit = 38.418,002199, penalties=2.0500000000000003E-6) for clause:  medv(A) :- lstat(A, 6), indus(A, 10).  [covers 29,0/436,0 pos, 0,0/0,0 neg]
%     Score = -38.462,290059 (regressionFit = 38.462,290057, penalties=2.0500000000000003E-6) for clause:  medv(A) :- lstat(A, 6), chas(A, 0).  [covers 42,0/436,0 pos, 0,0/0,0 neg]
%     Score = -40.587,253377 (regressionFit = 40.587,253375, penalties=2.0500000000000003E-6) for clause:  medv(A) :- lstat(A, 6), nox(A, 7).  [covers 4,0/436,0 pos, 0,0/0,0 neg]
%     Score = -39.518,116490 (regressionFit = 39.518,116487, penalties=2.0500000000000003E-6) for clause:  medv(A) :- lstat(A, 6), rm(A, 9).  [covers 25,0/436,0 pos, 0,0/0,0 neg]
%     Score = -39.723,683113 (regressionFit = 39.723,683111, penalties=2.0300000000000005E-6) for clause:  medv(A) :- lstat(A, 6), age(A, 6).  [covers 17,0/436,0 pos, 0,0/0,0 neg]
%     Score = -39.288,156836 (regressionFit = 39.288,156834, penalties=2.0500000000000003E-6) for clause:  medv(A) :- lstat(A, 6), dis(A, 10).  [covers 26,0/436,0 pos, 0,0/0,0 neg]
%     Score = -38.418,002201 (regressionFit = 38.418,002199, penalties=2.0500000000000003E-6) for clause:  medv(A) :- lstat(A, 6), rad(A, 24).  [covers 29,0/436,0 pos, 0,0/0,0 neg]
%     Score = -38.418,002201 (regressionFit = 38.418,002199, penalties=2.0500000000000003E-6) for clause:  medv(A) :- lstat(A, 6), tax(A, 666).  [covers 29,0/436,0 pos, 0,0/0,0 neg]
%     Score = -38.418,002201 (regressionFit = 38.418,002199, penalties=2.0500000000000003E-6) for clause:  medv(A) :- lstat(A, 6), ptratio(A, 10).  [covers 29,0/436,0 pos, 0,0/0,0 neg]
%     Score = -39.682,416913 (regressionFit = 39.682,416911, penalties=2.0500000000000003E-6) for clause:  medv(A) :- lstat(A, 6), b(A, 7).  [covers 14,0/436,0 pos, 0,0/0,0 neg]
%     Score = -37.580,775689 (regressionFit = 37.580,775687, penalties=2.0300000000000005E-6) for clause:  medv(A) :- indus(A, 10), crim(A, 10).  [covers 45,0/436,0 pos, 0,0/0,0 neg]
%     Score = -38.799,303005 (regressionFit = 38.799,303003, penalties=2.0500000000000003E-6) for clause:  medv(A) :- indus(A, 10), zn(A, 0).  [covers 90,0/436,0 pos, 0,0/0,0 neg]
%     Score = -37.956,376608 (regressionFit = 37.956,376606, penalties=2.0500000000000003E-6) for clause:  medv(A) :- indus(A, 10), chas(A, 0).  [covers 82,0/436,0 pos, 0,0/0,0 neg]
%     Score = -40.528,019704 (regressionFit = 40.528,019702, penalties=2.0500000000000003E-6) for clause:  medv(A) :- indus(A, 10), nox(A, 7).  [covers 10,0/436,0 pos, 0,0/0,0 neg]
%     Score = -40.230,492221 (regressionFit = 40.230,492219, penalties=2.0500000000000003E-6) for clause:  medv(A) :- indus(A, 10), nox(A, 9).  [covers 26,0/436,0 pos, 0,0/0,0 neg]
%     Score = -40.052,697025 (regressionFit = 40.052,697023, penalties=2.0500000000000003E-6) for clause:  medv(A) :- indus(A, 10), rm(A, 9).  [covers 25,0/436,0 pos, 0,0/0,0 neg]
%     Score = -40.360,329454 (regressionFit = 40.360,329452, penalties=2.0500000000000003E-6) for clause:  medv(A) :- indus(A, 10), rm(A, 2).  [covers 13,0/436,0 pos, 0,0/0,0 neg]
%     Score = -40.156,653223 (regressionFit = 40.156,653221, penalties=2.0500000000000003E-6) for clause:  medv(A) :- indus(A, 10), age(A, 6).  [covers 33,0/436,0 pos, 0,0/0,0 neg]
%     Score = -39.994,503463 (regressionFit = 39.994,503461, penalties=2.0500000000000003E-6) for clause:  medv(A) :- indus(A, 10), age(A, 7).  [covers 13,0/436,0 pos, 0,0/0,0 neg]
%     Score = -40.477,537535 (regressionFit = 40.477,537533, penalties=2.0300000000000005E-6) for clause:  medv(A) :- indus(A, 10), dis(A, 10).  [covers 37,0/436,0 pos, 0,0/0,0 neg]
%     Score = -40.337,884472 (regressionFit = 40.337,884470, penalties=2.0500000000000003E-6) for clause:  medv(A) :- indus(A, 10), dis(A, 8).  [covers 18,0/436,0 pos, 0,0/0,0 neg]
%     Score = -38.799,303005 (regressionFit = 38.799,303003, penalties=2.0500000000000003E-6) for clause:  medv(A) :- indus(A, 10), rad(A, 24).  [covers 90,0/436,0 pos, 0,0/0,0 neg]
%     Score = -38.799,303005 (regressionFit = 38.799,303003, penalties=2.0500000000000003E-6) for clause:  medv(A) :- indus(A, 10), tax(A, 666).  [covers 90,0/436,0 pos, 0,0/0,0 neg]
%     Score = -38.799,303005 (regressionFit = 38.799,303003, penalties=2.0300000000000005E-6) for clause:  medv(A) :- indus(A, 10), ptratio(A, 10).  [covers 90,0/436,0 pos, 0,0/0,0 neg]
%     Score = -39.395,899872 (regressionFit = 39.395,899870, penalties=2.0500000000000003E-6) for clause:  medv(A) :- indus(A, 10), b(A, 7).  [covers 28,0/436,0 pos, 0,0/0,0 neg]
%     Score = -38.418,002201 (regressionFit = 38.418,002199, penalties=2.0500000000000003E-6) for clause:  medv(A) :- indus(A, 10), lstat(A, 6).  [covers 29,0/436,0 pos, 0,0/0,0 neg]
%     Score = -40.262,081052 (regressionFit = 40.262,081050, penalties=2.0500000000000003E-6) for clause:  medv(A) :- indus(A, 10), lstat(A, 7).  [covers 13,0/436,0 pos, 0,0/0,0 neg]
%     Score = -37.580,775689 (regressionFit = 37.580,775687, penalties=2.0500000000000003E-6) for clause:  medv(A) :- rad(A, 24), crim(A, 10).  [covers 45,0/436,0 pos, 0,0/0,0 neg]
%     Score = -38.799,303005 (regressionFit = 38.799,303003, penalties=2.0500000000000003E-6) for clause:  medv(A) :- rad(A, 24), zn(A, 0).  [covers 90,0/436,0 pos, 0,0/0,0 neg]
%     Score = -38.799,303005 (regressionFit = 38.799,303003, penalties=2.0500000000000003E-6) for clause:  medv(A) :- rad(A, 24), indus(A, 10).  [covers 90,0/436,0 pos, 0,0/0,0 neg]
%     Score = -37.956,376608 (regressionFit = 37.956,376606, penalties=2.0500000000000003E-6) for clause:  medv(A) :- rad(A, 24), chas(A, 0).  [covers 82,0/436,0 pos, 0,0/0,0 neg]
%     Score = -40.528,019704 (regressionFit = 40.528,019702, penalties=2.0500000000000003E-6) for clause:  medv(A) :- rad(A, 24), nox(A, 7).  [covers 10,0/436,0 pos, 0,0/0,0 neg]
%     Score = -40.230,492221 (regressionFit = 40.230,492219, penalties=2.0500000000000003E-6) for clause:  medv(A) :- rad(A, 24), nox(A, 9).  [covers 26,0/436,0 pos, 0,0/0,0 neg]
%     Score = -40.052,697025 (regressionFit = 40.052,697023, penalties=2.0500000000000003E-6) for clause:  medv(A) :- rad(A, 24), rm(A, 9).  [covers 25,0/436,0 pos, 0,0/0,0 neg]
%     Score = -40.360,329454 (regressionFit = 40.360,329452, penalties=2.0500000000000003E-6) for clause:  medv(A) :- rad(A, 24), rm(A, 2).  [covers 13,0/436,0 pos, 0,0/0,0 neg]
%     Score = -40.156,653223 (regressionFit = 40.156,653221, penalties=2.0500000000000003E-6) for clause:  medv(A) :- rad(A, 24), age(A, 6).  [covers 33,0/436,0 pos, 0,0/0,0 neg]
%     Score = -39.994,503463 (regressionFit = 39.994,503461, penalties=2.0500000000000003E-6) for clause:  medv(A) :- rad(A, 24), age(A, 7).  [covers 13,0/436,0 pos, 0,0/0,0 neg]
%     Score = -40.477,537536 (regressionFit = 40.477,537533, penalties=2.0500000000000003E-6) for clause:  medv(A) :- rad(A, 24), dis(A, 10).  [covers 37,0/436,0 pos, 0,0/0,0 neg]
%     Score = -40.337,884472 (regressionFit = 40.337,884470, penalties=2.0500000000000003E-6) for clause:  medv(A) :- rad(A, 24), dis(A, 8).  [covers 18,0/436,0 pos, 0,0/0,0 neg]
%     Score = -38.799,303005 (regressionFit = 38.799,303003, penalties=2.0500000000000003E-6) for clause:  medv(A) :- rad(A, 24), tax(A, 666).  [covers 90,0/436,0 pos, 0,0/0,0 neg]
%     Score = -38.799,303005 (regressionFit = 38.799,303003, penalties=2.0500000000000003E-6) for clause:  medv(A) :- rad(A, 24), ptratio(A, 10).  [covers 90,0/436,0 pos, 0,0/0,0 neg]
%     Score = -39.395,899872 (regressionFit = 39.395,899870, penalties=2.0500000000000003E-6) for clause:  medv(A) :- rad(A, 24), b(A, 7).  [covers 28,0/436,0 pos, 0,0/0,0 neg]
%     Score = -38.418,002201 (regressionFit = 38.418,002199, penalties=2.0500000000000003E-6) for clause:  medv(A) :- rad(A, 24), lstat(A, 6).  [covers 29,0/436,0 pos, 0,0/0,0 neg]
%     Score = -40.262,081052 (regressionFit = 40.262,081050, penalties=2.0500000000000003E-6) for clause:  medv(A) :- rad(A, 24), lstat(A, 7).  [covers 13,0/436,0 pos, 0,0/0,0 neg]
%     Score = -37.580,775689 (regressionFit = 37.580,775687, penalties=2.0500000000000003E-6) for clause:  medv(A) :- tax(A, 666), crim(A, 10).  [covers 45,0/436,0 pos, 0,0/0,0 neg]
%     Score = -38.799,303005 (regressionFit = 38.799,303003, penalties=2.0500000000000003E-6) for clause:  medv(A) :- tax(A, 666), zn(A, 0).  [covers 90,0/436,0 pos, 0,0/0,0 neg]
%     Score = -38.799,303005 (regressionFit = 38.799,303003, penalties=2.0500000000000003E-6) for clause:  medv(A) :- tax(A, 666), indus(A, 10).  [covers 90,0/436,0 pos, 0,0/0,0 neg]
%     Score = -37.956,376608 (regressionFit = 37.956,376606, penalties=2.0500000000000003E-6) for clause:  medv(A) :- tax(A, 666), chas(A, 0).  [covers 82,0/436,0 pos, 0,0/0,0 neg]
%     Score = -40.528,019704 (regressionFit = 40.528,019702, penalties=2.0500000000000003E-6) for clause:  medv(A) :- tax(A, 666), nox(A, 7).  [covers 10,0/436,0 pos, 0,0/0,0 neg]
%     Score = -40.230,492221 (regressionFit = 40.230,492219, penalties=2.0500000000000003E-6) for clause:  medv(A) :- tax(A, 666), nox(A, 9).  [covers 26,0/436,0 pos, 0,0/0,0 neg]
%     Score = -40.052,697025 (regressionFit = 40.052,697023, penalties=2.0500000000000003E-6) for clause:  medv(A) :- tax(A, 666), rm(A, 9).  [covers 25,0/436,0 pos, 0,0/0,0 neg]
%     Score = -40.360,329454 (regressionFit = 40.360,329452, penalties=2.0500000000000003E-6) for clause:  medv(A) :- tax(A, 666), rm(A, 2).  [covers 13,0/436,0 pos, 0,0/0,0 neg]
%     Score = -40.156,653223 (regressionFit = 40.156,653221, penalties=2.0500000000000003E-6) for clause:  medv(A) :- tax(A, 666), age(A, 6).  [covers 33,0/436,0 pos, 0,0/0,0 neg]
%     Score = -39.994,503463 (regressionFit = 39.994,503461, penalties=2.0500000000000003E-6) for clause:  medv(A) :- tax(A, 666), age(A, 7).  [covers 13,0/436,0 pos, 0,0/0,0 neg]
%     Score = -40.477,537536 (regressionFit = 40.477,537533, penalties=2.0500000000000003E-6) for clause:  medv(A) :- tax(A, 666), dis(A, 10).  [covers 37,0/436,0 pos, 0,0/0,0 neg]
%     Score = -40.337,884472 (regressionFit = 40.337,884470, penalties=2.0500000000000003E-6) for clause:  medv(A) :- tax(A, 666), dis(A, 8).  [covers 18,0/436,0 pos, 0,0/0,0 neg]
%     Score = -38.799,303005 (regressionFit = 38.799,303003, penalties=2.0500000000000003E-6) for clause:  medv(A) :- tax(A, 666), rad(A, 24).  [covers 90,0/436,0 pos, 0,0/0,0 neg]
%     Score = -38.799,303005 (regressionFit = 38.799,303003, penalties=2.0500000000000003E-6) for clause:  medv(A) :- tax(A, 666), ptratio(A, 10).  [covers 90,0/436,0 pos, 0,0/0,0 neg]
%     Score = -39.395,899872 (regressionFit = 39.395,899870, penalties=2.0500000000000003E-6) for clause:  medv(A) :- tax(A, 666), b(A, 7).  [covers 28,0/436,0 pos, 0,0/0,0 neg]
%     Score = -38.418,002201 (regressionFit = 38.418,002199, penalties=2.0500000000000003E-6) for clause:  medv(A) :- tax(A, 666), lstat(A, 6).  [covers 29,0/436,0 pos, 0,0/0,0 neg]
%     Score = -40.262,081052 (regressionFit = 40.262,081050, penalties=2.0500000000000003E-6) for clause:  medv(A) :- tax(A, 666), lstat(A, 7).  [covers 13,0/436,0 pos, 0,0/0,0 neg]
%     Score = -37.580,775689 (regressionFit = 37.580,775687, penalties=2.0300000000000005E-6) for clause:  medv(A) :- ptratio(A, 10), crim(A, 10).  [covers 45,0/436,0 pos, 0,0/0,0 neg]
%     Score = -38.965,259196 (regressionFit = 38.965,259194, penalties=2.0500000000000003E-6) for clause:  medv(A) :- ptratio(A, 10), zn(A, 0).  [covers 97,0/436,0 pos, 0,0/0,0 neg]
%     Score = -38.799,303005 (regressionFit = 38.799,303003, penalties=2.0300000000000005E-6) for clause:  medv(A) :- ptratio(A, 10), indus(A, 10).  [covers 90,0/436,0 pos, 0,0/0,0 neg]
%     Score = -38.203,124241 (regressionFit = 38.203,124239, penalties=2.0500000000000003E-6) for clause:  medv(A) :- ptratio(A, 10), chas(A, 0).  [covers 89,0/436,0 pos, 0,0/0,0 neg]
%     Score = -40.528,019704 (regressionFit = 40.528,019702, penalties=2.0500000000000003E-6) for clause:  medv(A) :- ptratio(A, 10), nox(A, 7).  [covers 10,0/436,0 pos, 0,0/0,0 neg]
%     Score = -40.230,492221 (regressionFit = 40.230,492219, penalties=2.0500000000000003E-6) for clause:  medv(A) :- ptratio(A, 10), nox(A, 9).  [covers 26,0/436,0 pos, 0,0/0,0 neg]
%     Score = -40.052,697025 (regressionFit = 40.052,697023, penalties=2.0500000000000003E-6) for clause:  medv(A) :- ptratio(A, 10), rm(A, 9).  [covers 25,0/436,0 pos, 0,0/0,0 neg]
%     Score = -40.360,329454 (regressionFit = 40.360,329452, penalties=2.0500000000000003E-6) for clause:  medv(A) :- ptratio(A, 10), rm(A, 2).  [covers 13,0/436,0 pos, 0,0/0,0 neg]
%     Score = -40.156,653223 (regressionFit = 40.156,653221, penalties=2.0500000000000003E-6) for clause:  medv(A) :- ptratio(A, 10), age(A, 6).  [covers 33,0/436,0 pos, 0,0/0,0 neg]
%     Score = -39.994,503463 (regressionFit = 39.994,503461, penalties=2.0500000000000003E-6) for clause:  medv(A) :- ptratio(A, 10), age(A, 7).  [covers 13,0/436,0 pos, 0,0/0,0 neg]
%     Score = -40.477,537535 (regressionFit = 40.477,537533, penalties=2.0300000000000005E-6) for clause:  medv(A) :- ptratio(A, 10), dis(A, 10).  [covers 37,0/436,0 pos, 0,0/0,0 neg]
%     Score = -40.337,884472 (regressionFit = 40.337,884470, penalties=2.0500000000000003E-6) for clause:  medv(A) :- ptratio(A, 10), dis(A, 8).  [covers 18,0/436,0 pos, 0,0/0,0 neg]
%     Score = -38.799,303005 (regressionFit = 38.799,303003, penalties=2.0500000000000003E-6) for clause:  medv(A) :- ptratio(A, 10), rad(A, 24).  [covers 90,0/436,0 pos, 0,0/0,0 neg]
%     Score = -38.799,303005 (regressionFit = 38.799,303003, penalties=2.0500000000000003E-6) for clause:  medv(A) :- ptratio(A, 10), tax(A, 666).  [covers 90,0/436,0 pos, 0,0/0,0 neg]
%     Score = -39.395,899872 (regressionFit = 39.395,899870, penalties=2.0500000000000003E-6) for clause:  medv(A) :- ptratio(A, 10), b(A, 7).  [covers 28,0/436,0 pos, 0,0/0,0 neg]
%     Score = -38.418,002201 (regressionFit = 38.418,002199, penalties=2.0500000000000003E-6) for clause:  medv(A) :- ptratio(A, 10), lstat(A, 6).  [covers 29,0/436,0 pos, 0,0/0,0 neg]
%     Score = -40.262,081052 (regressionFit = 40.262,081050, penalties=2.0500000000000003E-6) for clause:  medv(A) :- ptratio(A, 10), lstat(A, 7).  [covers 13,0/436,0 pos, 0,0/0,0 neg]
%     Score = -40.322,769420 (regressionFit = 40.322,769418, penalties=2.0500000000000003E-6) for clause:  medv(A) :- age(A, 10), crim(A, 2).  [covers 14,0/436,0 pos, 0,0/0,0 neg]
%     Score = -40.008,873076 (regressionFit = 40.008,873074, penalties=2.0500000000000003E-6) for clause:  medv(A) :- age(A, 10), crim(A, 1).  [covers 13,0/436,0 pos, 0,0/0,0 neg]
%     Score = -40.307,364545 (regressionFit = 40.307,364543, penalties=2.0500000000000003E-6) for clause:  medv(A) :- age(A, 10), zn(A, 0).  [covers 16,0/436,0 pos, 0,0/0,0 neg]
%     Score = -Infinity (regressionFit = Infinity, penalties=2.0500000000000003E-6) for clause:  medv(A) :- age(A, 10), zn(A, 35).  [covers 1,0/436,0 pos, 0,0/0,0 neg]
%     Score = -40.125,287643 (regressionFit = 40.125,287641, penalties=2.0500000000000003E-6) for clause:  medv(A) :- age(A, 10), indus(A, 4).  [covers 11,0/436,0 pos, 0,0/0,0 neg]
%     Score = -40.309,708876 (regressionFit = 40.309,708874, penalties=2.0500000000000003E-6) for clause:  medv(A) :- age(A, 10), indus(A, 2).  [covers 10,0/436,0 pos, 0,0/0,0 neg]
%     Score = -39.186,052533 (regressionFit = 39.186,052531, penalties=2.0500000000000003E-6) for clause:  medv(A) :- age(A, 10), chas(A, 0).  [covers 48,0/436,0 pos, 0,0/0,0 neg]
%     Score = -40.439,817401 (regressionFit = 40.439,817399, penalties=2.0500000000000003E-6) for clause:  medv(A) :- age(A, 10), nox(A, 2).  [covers 6,0/436,0 pos, 0,0/0,0 neg]
%     Score = -40.109,920440 (regressionFit = 40.109,920438, penalties=2.0500000000000003E-6) for clause:  medv(A) :- age(A, 10), nox(A, 5).  [covers 18,0/436,0 pos, 0,0/0,0 neg]
%     Score = -40.579,351432 (regressionFit = 40.579,351430, penalties=2.0500000000000003E-6) for clause:  medv(A) :- age(A, 10), rm(A, 8).  [covers 6,0/436,0 pos, 0,0/0,0 neg]
%     Score = -40.563,635599 (regressionFit = 40.563,635597, penalties=2.0500000000000003E-6) for clause:  medv(A) :- age(A, 10), rm(A, 5).  [covers 4,0/436,0 pos, 0,0/0,0 neg]
%     Score = -39.943,659951 (regressionFit = 39.943,659948, penalties=2.0500000000000003E-6) for clause:  medv(A) :- age(A, 10), dis(A, 2).  [covers 13,0/436,0 pos, 0,0/0,0 neg]
%     Score = -40.495,937871 (regressionFit = 40.495,937869, penalties=2.0500000000000003E-6) for clause:  medv(A) :- age(A, 10), dis(A, 3).  [covers 15,0/436,0 pos, 0,0/0,0 neg]
%     Score = -40.333,193693 (regressionFit = 40.333,193691, penalties=2.0500000000000003E-6) for clause:  medv(A) :- age(A, 10), rad(A, 4).  [covers 16,0/436,0 pos, 0,0/0,0 neg]
%     Score = -40.444,660937 (regressionFit = 40.444,660935, penalties=2.0500000000000003E-6) for clause:  medv(A) :- age(A, 10), rad(A, 1).  [covers 6,0/436,0 pos, 0,0/0,0 neg]
%     Score = -Infinity (regressionFit = Infinity, penalties=2.0500000000000003E-6) for clause:  medv(A) :- age(A, 10), tax(A, 430).  [covers 2,0/436,0 pos, 0,0/0,0 neg]
%     Score = -Infinity (regressionFit = Infinity, penalties=2.0500000000000003E-6) for clause:  medv(A) :- age(A, 10), tax(A, 304).  [covers 1,0/436,0 pos, 0,0/0,0 neg]
%     Score = -40.263,918141 (regressionFit = 40.263,918138, penalties=2.0500000000000003E-6) for clause:  medv(A) :- age(A, 10), ptratio(A, 6).  [covers 12,0/436,0 pos, 0,0/0,0 neg]
%     Score = -40.041,738802 (regressionFit = 40.041,738800, penalties=2.0500000000000003E-6) for clause:  medv(A) :- age(A, 10), b(A, 5).  [covers 9,0/436,0 pos, 0,0/0,0 neg]
%     Score = -Infinity (regressionFit = Infinity, penalties=2.0500000000000003E-6) for clause:  medv(A) :- age(A, 10), b(A, 9).  [covers 2,0/436,0 pos, 0,0/0,0 neg]
%     Score = -40.583,022752 (regressionFit = 40.583,022750, penalties=2.0500000000000003E-6) for clause:  medv(A) :- age(A, 10), lstat(A, 8).  [covers 3,0/436,0 pos, 0,0/0,0 neg]
%     Score = -40.397,583955 (regressionFit = 40.397,583953, penalties=2.0500000000000003E-6) for clause:  medv(A) :- age(A, 10), lstat(A, 2).  [covers 9,0/436,0 pos, 0,0/0,0 neg]
%     Score = -40.513,775423 (regressionFit = 40.513,775421, penalties=2.0500000000000003E-6) for clause:  medv(A) :- ptratio(A, 9), crim(A, 8).  [covers 18,0/436,0 pos, 0,0/0,0 neg]
%     Score = -40.587,789382 (regressionFit = 40.587,789380, penalties=2.0500000000000003E-6) for clause:  medv(A) :- ptratio(A, 9), zn(A, 0).  [covers 29,0/436,0 pos, 0,0/0,0 neg]
%     Score = -40.587,789382 (regressionFit = 40.587,789380, penalties=2.0300000000000005E-6) for clause:  medv(A) :- ptratio(A, 9), indus(A, 9).  [covers 29,0/436,0 pos, 0,0/0,0 neg]
%     Score = -39.599,112658 (regressionFit = 39.599,112656, penalties=2.0500000000000003E-6) for clause:  medv(A) :- ptratio(A, 9), chas(A, 0).  [covers 42,0/436,0 pos, 0,0/0,0 neg]
%     Score = -40.599,513543 (regressionFit = 40.599,513541, penalties=2.0500000000000003E-6) for clause:  medv(A) :- ptratio(A, 9), nox(A, 7).  [covers 15,0/436,0 pos, 0,0/0,0 neg]
%     Score = -Infinity (regressionFit = Infinity, penalties=2.0500000000000003E-6) for clause:  medv(A) :- ptratio(A, 9), rm(A, 10).  [covers 2,0/436,0 pos, 0,0/0,0 neg]
%     Score = -40.599,994588 (regressionFit = 40.599,994586, penalties=2.0500000000000003E-6) for clause:  medv(A) :- ptratio(A, 9), age(A, 5).  [covers 10,0/436,0 pos, 0,0/0,0 neg]
%     Score = -40.169,551768 (regressionFit = 40.169,551766, penalties=2.0500000000000003E-6) for clause:  medv(A) :- ptratio(A, 9), dis(A, 8).  [covers 11,0/436,0 pos, 0,0/0,0 neg]
%     Score = -40.049,415693 (regressionFit = 40.049,415691, penalties=2.0500000000000003E-6) for clause:  medv(A) :- ptratio(A, 9), rad(A, 5).  [covers 41,0/436,0 pos, 0,0/0,0 neg]
%     Score = -40.587,789382 (regressionFit = 40.587,789380, penalties=2.0500000000000003E-6) for clause:  medv(A) :- ptratio(A, 9), tax(A, 403).  [covers 29,0/436,0 pos, 0,0/0,0 neg]
%     Score = -40.439,660241 (regressionFit = 40.439,660239, penalties=2.0300000000000005E-6) for clause:  medv(A) :- ptratio(A, 9), b(A, 9).  [covers 13,0/436,0 pos, 0,0/0,0 neg]
%     Score = -40.414,699628 (regressionFit = 40.414,699626, penalties=2.0500000000000003E-6) for clause:  medv(A) :- ptratio(A, 9), lstat(A, 8).  [covers 6,0/436,0 pos, 0,0/0,0 neg]
%     Score = -39.775,981443 (regressionFit = 39.775,981441, penalties=2.0500000000000003E-6) for clause:  medv(A) :- b(A, 7), crim(A, 10).  [covers 20,0/436,0 pos, 0,0/0,0 neg]
%     Score = -39.542,529577 (regressionFit = 39.542,529575, penalties=2.0500000000000003E-6) for clause:  medv(A) :- b(A, 7), zn(A, 0).  [covers 40,0/436,0 pos, 0,0/0,0 neg]
%     Score = -39.395,899872 (regressionFit = 39.395,899870, penalties=2.0500000000000003E-6) for clause:  medv(A) :- b(A, 7), indus(A, 10).  [covers 28,0/436,0 pos, 0,0/0,0 neg]
%     Score = -39.553,351467 (regressionFit = 39.553,351465, penalties=2.0500000000000003E-6) for clause:  medv(A) :- b(A, 7), chas(A, 0).  [covers 39,0/436,0 pos, 0,0/0,0 neg]
%     Score = -40.582,509376 (regressionFit = 40.582,509374, penalties=2.0300000000000005E-6) for clause:  medv(A) :- b(A, 7), nox(A, 7).  [covers 11,0/436,0 pos, 0,0/0,0 neg]
%     Score = -40.180,649038 (regressionFit = 40.180,649036, penalties=2.0500000000000003E-6) for clause:  medv(A) :- b(A, 7), nox(A, 9).  [covers 11,0/436,0 pos, 0,0/0,0 neg]
%     Score = -40.410,964719 (regressionFit = 40.410,964717, penalties=2.0500000000000003E-6) for clause:  medv(A) :- b(A, 7), rm(A, 9).  [covers 9,0/436,0 pos, 0,0/0,0 neg]
%     Score = -40.385,469618 (regressionFit = 40.385,469616, penalties=2.0500000000000003E-6) for clause:  medv(A) :- b(A, 7), rm(A, 2).  [covers 5,0/436,0 pos, 0,0/0,0 neg]
%     Score = -40.468,546322 (regressionFit = 40.468,546320, penalties=2.0500000000000003E-6) for clause:  medv(A) :- b(A, 7), age(A, 6).  [covers 11,0/436,0 pos, 0,0/0,0 neg]
%     Score = -40.358,970178 (regressionFit = 40.358,970176, penalties=2.0300000000000005E-6) for clause:  medv(A) :- b(A, 7), age(A, 7).  [covers 8,0/436,0 pos, 0,0/0,0 neg]
%     Score = -40.581,389281 (regressionFit = 40.581,389279, penalties=2.0500000000000003E-6) for clause:  medv(A) :- b(A, 7), dis(A, 10).  [covers 10,0/436,0 pos, 0,0/0,0 neg]
%     Score = -40.206,064995 (regressionFit = 40.206,064993, penalties=2.0500000000000003E-6) for clause:  medv(A) :- b(A, 7), dis(A, 8).  [covers 9,0/436,0 pos, 0,0/0,0 neg]
%     Score = -39.395,899872 (regressionFit = 39.395,899870, penalties=2.0500000000000003E-6) for clause:  medv(A) :- b(A, 7), rad(A, 24).  [covers 28,0/436,0 pos, 0,0/0,0 neg]
%     Score = -39.395,899872 (regressionFit = 39.395,899870, penalties=2.0500000000000003E-6) for clause:  medv(A) :- b(A, 7), tax(A, 666).  [covers 28,0/436,0 pos, 0,0/0,0 neg]
%     Score = -39.395,899872 (regressionFit = 39.395,899870, penalties=2.0500000000000003E-6) for clause:  medv(A) :- b(A, 7), ptratio(A, 10).  [covers 28,0/436,0 pos, 0,0/0,0 neg]
%     Score = -39.682,416913 (regressionFit = 39.682,416911, penalties=2.0500000000000003E-6) for clause:  medv(A) :- b(A, 7), lstat(A, 6).  [covers 14,0/436,0 pos, 0,0/0,0 neg]
%     Score = -40.428,457281 (regressionFit = 40.428,457279, penalties=2.0300000000000005E-6) for clause:  medv(A) :- b(A, 7), lstat(A, 7).  [covers 8,0/436,0 pos, 0,0/0,0 neg]
%     Score = -40.522,666113 (regressionFit = 40.522,666110, penalties=2.0500000000000003E-6) for clause:  medv(A) :- lstat(A, 2), crim(A, 1).  [covers 8,0/436,0 pos, 0,0/0,0 neg]
%     Score = -Infinity (regressionFit = Infinity, penalties=2.0500000000000003E-6) for clause:  medv(A) :- lstat(A, 2), zn(A, 35).  [covers 1,0/436,0 pos, 0,0/0,0 neg]
%     Score = -40.471,629886 (regressionFit = 40.471,629884, penalties=2.0300000000000005E-6) for clause:  medv(A) :- lstat(A, 2), indus(A, 2).  [covers 8,0/436,0 pos, 0,0/0,0 neg]
%     Score = -39.925,666267 (regressionFit = 39.925,666265, penalties=2.0500000000000003E-6) for clause:  medv(A) :- lstat(A, 2), chas(A, 0).  [covers 43,0/436,0 pos, 0,0/0,0 neg]
%     Score = -40.452,842380 (regressionFit = 40.452,842378, penalties=2.0500000000000003E-6) for clause:  medv(A) :- lstat(A, 2), nox(A, 5).  [covers 10,0/436,0 pos, 0,0/0,0 neg]
%     Score = -40.588,400599 (regressionFit = 40.588,400597, penalties=2.0500000000000003E-6) for clause:  medv(A) :- lstat(A, 2), rm(A, 5).  [covers 4,0/436,0 pos, 0,0/0,0 neg]
%     Score = -40.397,583955 (regressionFit = 40.397,583953, penalties=2.0500000000000003E-6) for clause:  medv(A) :- lstat(A, 2), age(A, 10).  [covers 9,0/436,0 pos, 0,0/0,0 neg]
%     Score = -40.583,291081 (regressionFit = 40.583,291078, penalties=2.0500000000000003E-6) for clause:  medv(A) :- lstat(A, 2), dis(A, 3).  [covers 7,0/436,0 pos, 0,0/0,0 neg]
%     Score = -40.542,261730 (regressionFit = 40.542,261728, penalties=2.0500000000000003E-6) for clause:  medv(A) :- lstat(A, 2), rad(A, 1).  [covers 5,0/436,0 pos, 0,0/0,0 neg]
%     Score = -40.576,777210 (regressionFit = 40.576,777207, penalties=2.0500000000000003E-6) for clause:  medv(A) :- lstat(A, 2), tax(A, 304).  [covers 3,0/436,0 pos, 0,0/0,0 neg]
%     Score = -40.479,848923 (regressionFit = 40.479,848921, penalties=2.0500000000000003E-6) for clause:  medv(A) :- lstat(A, 2), ptratio(A, 6).  [covers 7,0/436,0 pos, 0,0/0,0 neg]
%     Score = -39.879,692265 (regressionFit = 39.879,692263, penalties=2.0500000000000003E-6) for clause:  medv(A) :- lstat(A, 2), b(A, 9).  [covers 4,0/436,0 pos, 0,0/0,0 neg]

% The best node found: medv(A) :- crim(A, 10).  [covers 45,0/436,0 pos, 0,0/0,0 neg]

% The best node found: medv(A) :- crim(A, 10).  [covers 45,0/436,0 pos, 0,0/0,0 neg]
Setting 10.05847222222222 for 
 // Learned this clause on outer loop cycle #2.  It scores=-37.580,78 and has recall=0,10, precision=1,00, and F1=0,19 (using m-estimates).
 // It covers 10,3% of the positive examples, 45 of 436 (of which 44 are newly covered),
 // So far 92 (21,1%) of the positive examples have been covered.
(medv(A) :- crim(A, 10))

% On cycle #2, the best clause found is:
%      medv(A) :- crim(A, 10).  [covers 45,0/436,0 pos, 0,0/0,0 neg]
% This clause covers 45 positive examples, of which 44 are newly covered.
% It also covers 0 negative examples, of which 0 are newly covered.
% The current set of 2 best clauses covers 21,1% of the positive examples and NaN% of the negatives.}

% ******************************************

% Have stopped ILP's outer loop because have reached the maximum number of iterations (2).

% ******************************************
adding regression values
Added 39.46875000000001 to wgt = 39,4688 (medv(A) :- rm(A, 3))
Added 10.05847222222222 to wgt = 10,0585 (medv(A) :- crim(A, 10))
% Saving model in: data/boston_housing/train/models/bRDNs/medv.model.ckpt
% Time taken to learn 7 trees is 25,835 seconds.

% Kept 436 of the 436 positive examples.
% Kept 0 of the 0 negative examples.
% Dataset size: 436
Computing probabilities
prob time:236 milliseconds
No hidden examples for : medv
Time to build dataset: 239 milliseconds

% Have these 6 positive seeds: 25 29 263 264 273 389

% target           = medv(A)
%     Score = -Infinity (regressionFit = Infinity, penalties=1.1E-7) for clause:  medv(_).  [covers 436,0/436,0 pos, 0,0/0,0 neg]
% Unacceptable due to being the root node.
% Most-general root: medv(_).  [covers 436,0/436,0 pos, 0,0/0,0 neg]  score = -Infinity
%     Score = -38.882,625329 (regressionFit = 38.882,625328, penalties=1.03E-6) for clause:  medv(A) :- crim(A, 2).  [covers 51,0/436,0 pos, 0,0/0,0 neg]
% Gleaner: New best node found (score = -38.882,625329): medv(A) :- crim(A, 2).  [covers 51,0/436,0 pos, 0,0/0,0 neg]
%     Score = -39.272,609516 (regressionFit = 39.272,609515, penalties=1.03E-6) for clause:  medv(A) :- crim(A, 6).  [covers 43,0/436,0 pos, 0,0/0,0 neg]
%     Score = -39.638,483796 (regressionFit = 39.638,483795, penalties=1.03E-6) for clause:  medv(A) :- crim(A, 5).  [covers 49,0/436,0 pos, 0,0/0,0 neg]
%     Score = -37.633,240550 (regressionFit = 37.633,240549, penalties=1.03E-6) for clause:  medv(A) :- crim(A, 1).  [covers 49,0/436,0 pos, 0,0/0,0 neg]
% Gleaner: New best node found (score = -37.633,240550): medv(A) :- crim(A, 1).  [covers 49,0/436,0 pos, 0,0/0,0 neg]
%     Score = -34.695,562995 (regressionFit = 34.695,562994, penalties=1.03E-6) for clause:  medv(A) :- zn(A, 0).  [covers 307,0/436,0 pos, 0,0/0,0 neg]
% Gleaner: New best node found (score = -34.695,562995): medv(A) :- zn(A, 0).  [covers 307,0/436,0 pos, 0,0/0,0 neg]
%     Score = -39.315,392203 (regressionFit = 39.315,392202, penalties=1.03E-6) for clause:  medv(A) :- zn(A, 40).  [covers 7,0/436,0 pos, 0,0/0,0 neg]
%     Score = -39.062,758156 (regressionFit = 39.062,758155, penalties=1.03E-6) for clause:  medv(A) :- indus(A, 8).  [covers 21,0/436,0 pos, 0,0/0,0 neg]
%     Score = -39.638,397790 (regressionFit = 39.638,397788, penalties=1.03E-6) for clause:  medv(A) :- indus(A, 5).  [covers 48,0/436,0 pos, 0,0/0,0 neg]
%     Score = -38.847,221314 (regressionFit = 38.847,221313, penalties=1.03E-6) for clause:  medv(A) :- indus(A, 3).  [covers 47,0/436,0 pos, 0,0/0,0 neg]
%     Score = -35.626,344937 (regressionFit = 35.626,344936, penalties=1.03E-6) for clause:  medv(A) :- indus(A, 1).  [covers 48,0/436,0 pos, 0,0/0,0 neg]
%     Score = -38.577,903989 (regressionFit = 38.577,903988, penalties=1.03E-6) for clause:  medv(A) :- chas(A, 0).  [covers 401,0/436,0 pos, 0,0/0,0 neg]
%     Score = -39.461,939132 (regressionFit = 39.461,939131, penalties=1.03E-6) for clause:  medv(A) :- nox(A, 7).  [covers 32,0/436,0 pos, 0,0/0,0 neg]
%     Score = -39.632,627127 (regressionFit = 39.632,627126, penalties=1.03E-6) for clause:  medv(A) :- nox(A, 3).  [covers 43,0/436,0 pos, 0,0/0,0 neg]
%     Score = -38.737,679687 (regressionFit = 38.737,679686, penalties=1.03E-6) for clause:  medv(A) :- nox(A, 1).  [covers 47,0/436,0 pos, 0,0/0,0 neg]
%     Score = -39.428,299289 (regressionFit = 39.428,299288, penalties=1.03E-6) for clause:  medv(A) :- nox(A, 5).  [covers 50,0/436,0 pos, 0,0/0,0 neg]
%     Score = -38.931,488682 (regressionFit = 38.931,488680, penalties=1.03E-6) for clause:  medv(A) :- nox(A, 2).  [covers 48,0/436,0 pos, 0,0/0,0 neg]
%     Score = -39.105,555471 (regressionFit = 39.105,555470, penalties=1.03E-6) for clause:  medv(A) :- rm(A, 5).  [covers 39,0/436,0 pos, 0,0/0,0 neg]
%     Score = -38.918,693666 (regressionFit = 38.918,693665, penalties=1.03E-6) for clause:  medv(A) :- rm(A, 8).  [covers 45,0/436,0 pos, 0,0/0,0 neg]
%     Score = -37.815,121422 (regressionFit = 37.815,121421, penalties=1.03E-6) for clause:  medv(A) :- rm(A, 7).  [covers 44,0/436,0 pos, 0,0/0,0 neg]
%     Score = -37.701,638080 (regressionFit = 37.701,638079, penalties=1.03E-6) for clause:  medv(A) :- rm(A, 4).  [covers 46,0/436,0 pos, 0,0/0,0 neg]
%     Score = -39.591,251024 (regressionFit = 39.591,251023, penalties=1.03E-6) for clause:  medv(A) :- age(A, 2).  [covers 40,0/436,0 pos, 0,0/0,0 neg]
%     Score = -39.264,324981 (regressionFit = 39.264,324980, penalties=1.03E-6) for clause:  medv(A) :- age(A, 5).  [covers 41,0/436,0 pos, 0,0/0,0 neg]
%     Score = -39.413,493695 (regressionFit = 39.413,493694, penalties=1.03E-6) for clause:  medv(A) :- age(A, 1).  [covers 43,0/436,0 pos, 0,0/0,0 neg]
%     Score = -38.382,788094 (regressionFit = 38.382,788093, penalties=1.03E-6) for clause:  medv(A) :- age(A, 7).  [covers 43,0/436,0 pos, 0,0/0,0 neg]
%     Score = -38.514,302063 (regressionFit = 38.514,302062, penalties=1.03E-6) for clause:  medv(A) :- age(A, 8).  [covers 49,0/436,0 pos, 0,0/0,0 neg]
%     Score = -39.604,062451 (regressionFit = 39.604,062450, penalties=1.03E-6) for clause:  medv(A) :- dis(A, 8).  [covers 42,0/436,0 pos, 0,0/0,0 neg]
%     Score = -38.980,541889 (regressionFit = 38.980,541888, penalties=1.03E-6) for clause:  medv(A) :- dis(A, 2).  [covers 50,0/436,0 pos, 0,0/0,0 neg]
%     Score = -39.019,388858 (regressionFit = 39.019,388857, penalties=1.03E-6) for clause:  medv(A) :- dis(A, 4).  [covers 45,0/436,0 pos, 0,0/0,0 neg]
%     Score = -39.463,716786 (regressionFit = 39.463,716785, penalties=1.03E-6) for clause:  medv(A) :- dis(A, 5).  [covers 46,0/436,0 pos, 0,0/0,0 neg]
%     Score = -39.398,550866 (regressionFit = 39.398,550865, penalties=1.03E-6) for clause:  medv(A) :- dis(A, 3).  [covers 50,0/436,0 pos, 0,0/0,0 neg]
%     Score = -39.277,358940 (regressionFit = 39.277,358939, penalties=1.03E-6) for clause:  medv(A) :- rad(A, 2).  [covers 23,0/436,0 pos, 0,0/0,0 neg]
%     Score = -38.686,454037 (regressionFit = 38.686,454036, penalties=1.03E-6) for clause:  medv(A) :- rad(A, 5).  [covers 112,0/436,0 pos, 0,0/0,0 neg]
%     Score = -39.459,259945 (regressionFit = 39.459,259944, penalties=1.03E-6) for clause:  medv(A) :- rad(A, 4).  [covers 101,0/436,0 pos, 0,0/0,0 neg]
%     Score = -39.533,010424 (regressionFit = 39.533,010423, penalties=1.03E-6) for clause:  medv(A) :- rad(A, 1).  [covers 15,0/436,0 pos, 0,0/0,0 neg]
%     Score = -38.771,365953 (regressionFit = 38.771,365952, penalties=1.03E-6) for clause:  medv(A) :- rad(A, 3).  [covers 37,0/436,0 pos, 0,0/0,0 neg]
%     Score = -39.539,402667 (regressionFit = 39.539,402666, penalties=1.03E-6) for clause:  medv(A) :- tax(A, 188).  [covers 7,0/436,0 pos, 0,0/0,0 neg]
%     Score = -39.541,413374 (regressionFit = 39.541,413373, penalties=1.03E-6) for clause:  medv(A) :- tax(A, 224).  [covers 9,0/436,0 pos, 0,0/0,0 neg]
%     Score = -39.559,309774 (regressionFit = 39.559,309773, penalties=1.03E-6) for clause:  medv(A) :- tax(A, 307).  [covers 39,0/436,0 pos, 0,0/0,0 neg]
%     Score = -Infinity (regressionFit = Infinity, penalties=1.03E-6) for clause:  medv(A) :- tax(A, 335).  [covers 2,0/436,0 pos, 0,0/0,0 neg]
%     Score = -39.075,442493 (regressionFit = 39.075,442492, penalties=1.03E-6) for clause:  medv(A) :- tax(A, 222).  [covers 7,0/436,0 pos, 0,0/0,0 neg]
%     Score = -39.637,264022 (regressionFit = 39.637,264021, penalties=1.03E-6) for clause:  medv(A) :- ptratio(A, 5).  [covers 42,0/436,0 pos, 0,0/0,0 neg]
%     Score = -33.258,024644 (regressionFit = 33.258,024643, penalties=1.03E-6) for clause:  medv(A) :- ptratio(A, 10).  [covers 97,0/436,0 pos, 0,0/0,0 neg]
% Gleaner: New best node found (score = -33.258,024644): medv(A) :- ptratio(A, 10).  [covers 97,0/436,0 pos, 0,0/0,0 neg]
%     Score = -38.814,127987 (regressionFit = 38.814,127986, penalties=1.03E-6) for clause:  medv(A) :- ptratio(A, 4).  [covers 32,0/436,0 pos, 0,0/0,0 neg]
%     Score = -39.623,130141 (regressionFit = 39.623,130140, penalties=1.03E-6) for clause:  medv(A) :- ptratio(A, 8).  [covers 8,0/436,0 pos, 0,0/0,0 neg]
%     Score = -39.612,829713 (regressionFit = 39.612,829712, penalties=1.03E-6) for clause:  medv(A) :- ptratio(A, 3).  [covers 51,0/436,0 pos, 0,0/0,0 neg]
%     Score = -39.164,167208 (regressionFit = 39.164,167207, penalties=1.03E-6) for clause:  medv(A) :- b(A, 8).  [covers 46,0/436,0 pos, 0,0/0,0 neg]
%     Score = -38.737,874017 (regressionFit = 38.737,874016, penalties=1.03E-6) for clause:  medv(A) :- b(A, 5).  [covers 46,0/436,0 pos, 0,0/0,0 neg]
%     Score = -39.157,831180 (regressionFit = 39.157,831179, penalties=1.03E-6) for clause:  medv(A) :- b(A, 1).  [covers 102,0/436,0 pos, 0,0/0,0 neg]
%     Score = -39.276,288518 (regressionFit = 39.276,288517, penalties=1.03E-6) for clause:  medv(A) :- b(A, 9).  [covers 41,0/436,0 pos, 0,0/0,0 neg]
%     Score = -39.108,046447 (regressionFit = 39.108,046446, penalties=1.03E-6) for clause:  medv(A) :- b(A, 6).  [covers 47,0/436,0 pos, 0,0/0,0 neg]
%     Score = -38.918,740579 (regressionFit = 38.918,740578, penalties=1.03E-6) for clause:  medv(A) :- lstat(A, 10).  [covers 38,0/436,0 pos, 0,0/0,0 neg]
%     Score = -38.001,294500 (regressionFit = 38.001,294499, penalties=1.03E-6) for clause:  medv(A) :- lstat(A, 7).  [covers 38,0/436,0 pos, 0,0/0,0 neg]
%     Score = -39.453,241317 (regressionFit = 39.453,241316, penalties=1.03E-6) for clause:  medv(A) :- lstat(A, 2).  [covers 45,0/436,0 pos, 0,0/0,0 neg]
%     Score = -36.454,238096 (regressionFit = 36.454,238095, penalties=1.03E-6) for clause:  medv(A) :- lstat(A, 5).  [covers 39,0/436,0 pos, 0,0/0,0 neg]
%     Score = -37.918,361282 (regressionFit = 37.918,361281, penalties=1.03E-6) for clause:  medv(A) :- lstat(A, 1).  [covers 49,0/436,0 pos, 0,0/0,0 neg]
%     Score = -39.607,680190 (regressionFit = 39.607,680188, penalties=2.0500000000000003E-6) for clause:  medv(A) :- ptratio(A, 10), crim(A, 6).  [covers 3,0/436,0 pos, 0,0/0,0 neg]
%     Score = -33.258,024645 (regressionFit = 33.258,024643, penalties=2.0500000000000003E-6) for clause:  medv(A) :- ptratio(A, 10), zn(A, 0).  [covers 97,0/436,0 pos, 0,0/0,0 neg]
%     Score = -39.562,191825 (regressionFit = 39.562,191823, penalties=2.0500000000000003E-6) for clause:  medv(A) :- ptratio(A, 10), indus(A, 5).  [covers 7,0/436,0 pos, 0,0/0,0 neg]
%     Score = -31.498,871178 (regressionFit = 31.498,871176, penalties=2.0500000000000003E-6) for clause:  medv(A) :- ptratio(A, 10), chas(A, 0).  [covers 89,0/436,0 pos, 0,0/0,0 neg]
% Gleaner: New best node found (score = -31.498,871178): medv(A) :- ptratio(A, 10), chas(A, 0).  [covers 89,0/436,0 pos, 0,0/0,0 neg]
%     Score = -39.562,191825 (regressionFit = 39.562,191823, penalties=2.0500000000000003E-6) for clause:  medv(A) :- ptratio(A, 10), nox(A, 3).  [covers 7,0/436,0 pos, 0,0/0,0 neg]
%     Score = -39.245,526070 (regressionFit = 39.245,526068, penalties=2.0500000000000003E-6) for clause:  medv(A) :- ptratio(A, 10), rm(A, 5).  [covers 7,0/436,0 pos, 0,0/0,0 neg]
%     Score = -39.474,829920 (regressionFit = 39.474,829918, penalties=2.0500000000000003E-6) for clause:  medv(A) :- ptratio(A, 10), age(A, 1).  [covers 3,0/436,0 pos, 0,0/0,0 neg]
%     Score = -39.561,536305 (regressionFit = 39.561,536303, penalties=2.0500000000000003E-6) for clause:  medv(A) :- ptratio(A, 10), dis(A, 2).  [covers 5,0/436,0 pos, 0,0/0,0 neg]
%     Score = -39.562,191825 (regressionFit = 39.562,191823, penalties=2.0500000000000003E-6) for clause:  medv(A) :- ptratio(A, 10), rad(A, 5).  [covers 7,0/436,0 pos, 0,0/0,0 neg]
%     Score = -39.562,191825 (regressionFit = 39.562,191823, penalties=2.0500000000000003E-6) for clause:  medv(A) :- ptratio(A, 10), tax(A, 224).  [covers 7,0/436,0 pos, 0,0/0,0 neg]
%     Score = -36.132,491233 (regressionFit = 36.132,491231, penalties=2.0500000000000003E-6) for clause:  medv(A) :- ptratio(A, 10), b(A, 1).  [covers 26,0/436,0 pos, 0,0/0,0 neg]
%     Score = -39.162,668185 (regressionFit = 39.162,668183, penalties=2.0500000000000003E-6) for clause:  medv(A) :- ptratio(A, 10), lstat(A, 2).  [covers 5,0/436,0 pos, 0,0/0,0 neg]
%     Score = -39.397,941736 (regressionFit = 39.397,941734, penalties=2.0500000000000003E-6) for clause:  medv(A) :- zn(A, 0), crim(A, 2).  [covers 30,0/436,0 pos, 0,0/0,0 neg]
%     Score = -39.567,001749 (regressionFit = 39.567,001747, penalties=2.0500000000000003E-6) for clause:  medv(A) :- zn(A, 0), crim(A, 6).  [covers 19,0/436,0 pos, 0,0/0,0 neg]
%     Score = -39.436,070624 (regressionFit = 39.436,070622, penalties=2.0500000000000003E-6) for clause:  medv(A) :- zn(A, 0), crim(A, 5).  [covers 42,0/436,0 pos, 0,0/0,0 neg]
%     Score = -39.062,758157 (regressionFit = 39.062,758155, penalties=2.0500000000000003E-6) for clause:  medv(A) :- zn(A, 0), indus(A, 8).  [covers 21,0/436,0 pos, 0,0/0,0 neg]
%     Score = -39.557,359328 (regressionFit = 39.557,359326, penalties=2.0500000000000003E-6) for clause:  medv(A) :- zn(A, 0), indus(A, 5).  [covers 13,0/436,0 pos, 0,0/0,0 neg]
%     Score = -38.924,740765 (regressionFit = 38.924,740763, penalties=2.0500000000000003E-6) for clause:  medv(A) :- zn(A, 0), indus(A, 3).  [covers 40,0/436,0 pos, 0,0/0,0 neg]
%     Score = -37.738,858932 (regressionFit = 37.738,858930, penalties=2.0500000000000003E-6) for clause:  medv(A) :- zn(A, 0), indus(A, 1).  [covers 17,0/436,0 pos, 0,0/0,0 neg]
%     Score = -33.792,678026 (regressionFit = 33.792,678024, penalties=2.0300000000000005E-6) for clause:  medv(A) :- zn(A, 0), chas(A, 0).  [covers 279,0/436,0 pos, 0,0/0,0 neg]
%     Score = -39.615,809374 (regressionFit = 39.615,809372, penalties=2.0500000000000003E-6) for clause:  medv(A) :- zn(A, 0), nox(A, 7).  [covers 30,0/436,0 pos, 0,0/0,0 neg]
%     Score = -39.598,795965 (regressionFit = 39.598,795963, penalties=2.0500000000000003E-6) for clause:  medv(A) :- zn(A, 0), nox(A, 3).  [covers 36,0/436,0 pos, 0,0/0,0 neg]
%     Score = -38.712,511439 (regressionFit = 38.712,511437, penalties=2.0500000000000003E-6) for clause:  medv(A) :- zn(A, 0), nox(A, 1).  [covers 46,0/436,0 pos, 0,0/0,0 neg]
%     Score = -39.479,651842 (regressionFit = 39.479,651840, penalties=2.0500000000000003E-6) for clause:  medv(A) :- zn(A, 0), nox(A, 2).  [covers 26,0/436,0 pos, 0,0/0,0 neg]
%     Score = -39.195,232697 (regressionFit = 39.195,232695, penalties=2.0500000000000003E-6) for clause:  medv(A) :- zn(A, 0), rm(A, 5).  [covers 32,0/436,0 pos, 0,0/0,0 neg]
%     Score = -38.995,875697 (regressionFit = 38.995,875695, penalties=2.0500000000000003E-6) for clause:  medv(A) :- zn(A, 0), rm(A, 8).  [covers 35,0/436,0 pos, 0,0/0,0 neg]
%     Score = -38.016,373788 (regressionFit = 38.016,373786, penalties=2.0500000000000003E-6) for clause:  medv(A) :- zn(A, 0), rm(A, 7).  [covers 38,0/436,0 pos, 0,0/0,0 neg]
%     Score = -39.394,080659 (regressionFit = 39.394,080657, penalties=2.0500000000000003E-6) for clause:  medv(A) :- zn(A, 0), rm(A, 4).  [covers 19,0/436,0 pos, 0,0/0,0 neg]
%     Score = -39.559,474590 (regressionFit = 39.559,474588, penalties=2.0500000000000003E-6) for clause:  medv(A) :- zn(A, 0), age(A, 2).  [covers 36,0/436,0 pos, 0,0/0,0 neg]
%     Score = -39.229,946419 (regressionFit = 39.229,946417, penalties=2.0500000000000003E-6) for clause:  medv(A) :- zn(A, 0), age(A, 5).  [covers 40,0/436,0 pos, 0,0/0,0 neg]
%     Score = -39.535,363561 (regressionFit = 39.535,363559, penalties=2.0500000000000003E-6) for clause:  medv(A) :- zn(A, 0), age(A, 1).  [covers 30,0/436,0 pos, 0,0/0,0 neg]
%     Score = -38.388,167339 (regressionFit = 38.388,167337, penalties=2.0500000000000003E-6) for clause:  medv(A) :- zn(A, 0), age(A, 7).  [covers 40,0/436,0 pos, 0,0/0,0 neg]
%     Score = -39.400,347212 (regressionFit = 39.400,347210, penalties=2.0500000000000003E-6) for clause:  medv(A) :- zn(A, 0), dis(A, 8).  [covers 36,0/436,0 pos, 0,0/0,0 neg]
%     Score = -39.581,364023 (regressionFit = 39.581,364021, penalties=2.0500000000000003E-6) for clause:  medv(A) :- zn(A, 0), dis(A, 2).  [covers 27,0/436,0 pos, 0,0/0,0 neg]
%     Score = -39.092,522159 (regressionFit = 39.092,522157, penalties=2.0500000000000003E-6) for clause:  medv(A) :- zn(A, 0), dis(A, 4).  [covers 41,0/436,0 pos, 0,0/0,0 neg]
%     Score = -39.634,614377 (regressionFit = 39.634,614375, penalties=2.0500000000000003E-6) for clause:  medv(A) :- zn(A, 0), dis(A, 3).  [covers 17,0/436,0 pos, 0,0/0,0 neg]
%     Score = -39.548,397535 (regressionFit = 39.548,397533, penalties=2.0500000000000003E-6) for clause:  medv(A) :- zn(A, 0), rad(A, 2).  [covers 17,0/436,0 pos, 0,0/0,0 neg]
%     Score = -39.615,947015 (regressionFit = 39.615,947012, penalties=2.0500000000000003E-6) for clause:  medv(A) :- zn(A, 0), rad(A, 5).  [covers 76,0/436,0 pos, 0,0/0,0 neg]
%     Score = -38.556,464824 (regressionFit = 38.556,464822, penalties=2.0500000000000003E-6) for clause:  medv(A) :- zn(A, 0), rad(A, 4).  [covers 70,0/436,0 pos, 0,0/0,0 neg]
%     Score = -39.203,575925 (regressionFit = 39.203,575922, penalties=2.0500000000000003E-6) for clause:  medv(A) :- zn(A, 0), rad(A, 3).  [covers 26,0/436,0 pos, 0,0/0,0 neg]
%     Score = -39.539,402668 (regressionFit = 39.539,402666, penalties=2.0500000000000003E-6) for clause:  medv(A) :- zn(A, 0), tax(A, 188).  [covers 7,0/436,0 pos, 0,0/0,0 neg]
%     Score = -39.562,191825 (regressionFit = 39.562,191823, penalties=2.0500000000000003E-6) for clause:  medv(A) :- zn(A, 0), tax(A, 224).  [covers 7,0/436,0 pos, 0,0/0,0 neg]
%     Score = -39.559,309775 (regressionFit = 39.559,309773, penalties=2.0500000000000003E-6) for clause:  medv(A) :- zn(A, 0), tax(A, 307).  [covers 39,0/436,0 pos, 0,0/0,0 neg]
%     Score = -39.359,762222 (regressionFit = 39.359,762220, penalties=2.0500000000000003E-6) for clause:  medv(A) :- zn(A, 0), tax(A, 222).  [covers 3,0/436,0 pos, 0,0/0,0 neg]
%     Score = -39.567,254137 (regressionFit = 39.567,254135, penalties=2.0500000000000003E-6) for clause:  medv(A) :- zn(A, 0), ptratio(A, 5).  [covers 23,0/436,0 pos, 0,0/0,0 neg]
%     Score = -33.258,024645 (regressionFit = 33.258,024643, penalties=2.0500000000000003E-6) for clause:  medv(A) :- zn(A, 0), ptratio(A, 10).  [covers 97,0/436,0 pos, 0,0/0,0 neg]
%     Score = -38.814,127988 (regressionFit = 38.814,127986, penalties=2.0500000000000003E-6) for clause:  medv(A) :- zn(A, 0), ptratio(A, 4).  [covers 32,0/436,0 pos, 0,0/0,0 neg]
%     Score = -39.618,996915 (regressionFit = 39.618,996913, penalties=2.0500000000000003E-6) for clause:  medv(A) :- zn(A, 0), ptratio(A, 3).  [covers 38,0/436,0 pos, 0,0/0,0 neg]
%     Score = -39.287,243035 (regressionFit = 39.287,243033, penalties=2.0500000000000003E-6) for clause:  medv(A) :- zn(A, 0), b(A, 8).  [covers 32,0/436,0 pos, 0,0/0,0 neg]
%     Score = -39.599,631900 (regressionFit = 39.599,631898, penalties=2.0500000000000003E-6) for clause:  medv(A) :- zn(A, 0), b(A, 5).  [covers 29,0/436,0 pos, 0,0/0,0 neg]
%     Score = -37.934,491154 (regressionFit = 37.934,491152, penalties=2.0500000000000003E-6) for clause:  medv(A) :- zn(A, 0), b(A, 1).  [covers 69,0/436,0 pos, 0,0/0,0 neg]
%     Score = -39.248,511374 (regressionFit = 39.248,511372, penalties=2.0500000000000003E-6) for clause:  medv(A) :- zn(A, 0), b(A, 9).  [covers 38,0/436,0 pos, 0,0/0,0 neg]
%     Score = -38.918,391522 (regressionFit = 38.918,391520, penalties=2.0500000000000003E-6) for clause:  medv(A) :- zn(A, 0), lstat(A, 10).  [covers 33,0/436,0 pos, 0,0/0,0 neg]
%     Score = -38.000,555968 (regressionFit = 38.000,555966, penalties=2.0500000000000003E-6) for clause:  medv(A) :- zn(A, 0), lstat(A, 7).  [covers 36,0/436,0 pos, 0,0/0,0 neg]
%     Score = -39.518,160512 (regressionFit = 39.518,160510, penalties=2.0500000000000003E-6) for clause:  medv(A) :- zn(A, 0), lstat(A, 2).  [covers 24,0/436,0 pos, 0,0/0,0 neg]
%     Score = -36.393,237771 (regressionFit = 36.393,237769, penalties=2.0500000000000003E-6) for clause:  medv(A) :- zn(A, 0), lstat(A, 5).  [covers 36,0/436,0 pos, 0,0/0,0 neg]
%     Score = -39.066,819249 (regressionFit = 39.066,819247, penalties=2.0500000000000003E-6) for clause:  medv(A) :- zn(A, 0), lstat(A, 1).  [covers 23,0/436,0 pos, 0,0/0,0 neg]
%     Score = -37.720,054717 (regressionFit = 37.720,054715, penalties=2.0300000000000005E-6) for clause:  medv(A) :- indus(A, 1), crim(A, 1).  [covers 21,0/436,0 pos, 0,0/0,0 neg]
%     Score = -38.754,990258 (regressionFit = 38.754,990256, penalties=2.0500000000000003E-6) for clause:  medv(A) :- indus(A, 1), crim(A, 2).  [covers 11,0/436,0 pos, 0,0/0,0 neg]
%     Score = -Infinity (regressionFit = Infinity, penalties=2.0500000000000003E-6) for clause:  medv(A) :- indus(A, 1), zn(A, 40).  [covers 2,0/436,0 pos, 0,0/0,0 neg]
%     Score = -37.738,858932 (regressionFit = 37.738,858930, penalties=2.0500000000000003E-6) for clause:  medv(A) :- indus(A, 1), zn(A, 0).  [covers 17,0/436,0 pos, 0,0/0,0 neg]
%     Score = -36.064,268185 (regressionFit = 36.064,268183, penalties=2.0500000000000003E-6) for clause:  medv(A) :- indus(A, 1), chas(A, 0).  [covers 47,0/436,0 pos, 0,0/0,0 neg]
%     Score = -39.588,642953 (regressionFit = 39.588,642951, penalties=2.0500000000000003E-6) for clause:  medv(A) :- indus(A, 1), nox(A, 5).  [covers 4,0/436,0 pos, 0,0/0,0 neg]
%     Score = -38.853,545154 (regressionFit = 38.853,545152, penalties=2.0500000000000003E-6) for clause:  medv(A) :- indus(A, 1), nox(A, 2).  [covers 8,0/436,0 pos, 0,0/0,0 neg]
%     Score = -38.692,475313 (regressionFit = 38.692,475311, penalties=2.0500000000000003E-6) for clause:  medv(A) :- indus(A, 1), rm(A, 4).  [covers 12,0/436,0 pos, 0,0/0,0 neg]
%     Score = -38.361,491625 (regressionFit = 38.361,491623, penalties=2.0500000000000003E-6) for clause:  medv(A) :- indus(A, 1), age(A, 8).  [covers 13,0/436,0 pos, 0,0/0,0 neg]
%     Score = -38.860,405122 (regressionFit = 38.860,405120, penalties=2.0300000000000005E-6) for clause:  medv(A) :- indus(A, 1), age(A, 1).  [covers 10,0/436,0 pos, 0,0/0,0 neg]
%     Score = -39.323,062774 (regressionFit = 39.323,062772, penalties=2.0500000000000003E-6) for clause:  medv(A) :- indus(A, 1), dis(A, 5).  [covers 20,0/436,0 pos, 0,0/0,0 neg]
%     Score = -38.467,074079 (regressionFit = 38.467,074077, penalties=2.0500000000000003E-6) for clause:  medv(A) :- indus(A, 1), dis(A, 3).  [covers 8,0/436,0 pos, 0,0/0,0 neg]
%     Score = -39.527,581368 (regressionFit = 39.527,581366, penalties=2.0300000000000005E-6) for clause:  medv(A) :- indus(A, 1), rad(A, 1).  [covers 8,0/436,0 pos, 0,0/0,0 neg]
%     Score = -37.743,202842 (regressionFit = 37.743,202840, penalties=2.0500000000000003E-6) for clause:  medv(A) :- indus(A, 1), rad(A, 3).  [covers 13,0/436,0 pos, 0,0/0,0 neg]
%     Score = -Infinity (regressionFit = Infinity, penalties=2.0500000000000003E-6) for clause:  medv(A) :- indus(A, 1), tax(A, 335).  [covers 2,0/436,0 pos, 0,0/0,0 neg]
%     Score = -39.075,442494 (regressionFit = 39.075,442492, penalties=2.0500000000000003E-6) for clause:  medv(A) :- indus(A, 1), tax(A, 222).  [covers 7,0/436,0 pos, 0,0/0,0 neg]
%     Score = -Infinity (regressionFit = Infinity, penalties=2.0500000000000003E-6) for clause:  medv(A) :- indus(A, 1), ptratio(A, 8).  [covers 2,0/436,0 pos, 0,0/0,0 neg]
%     Score = -39.248,201354 (regressionFit = 39.248,201352, penalties=2.0500000000000003E-6) for clause:  medv(A) :- indus(A, 1), ptratio(A, 3).  [covers 9,0/436,0 pos, 0,0/0,0 neg]
%     Score = -39.488,071486 (regressionFit = 39.488,071484, penalties=2.0500000000000003E-6) for clause:  medv(A) :- indus(A, 1), b(A, 6).  [covers 6,0/436,0 pos, 0,0/0,0 neg]
%     Score = -38.602,474473 (regressionFit = 38.602,474471, penalties=2.0300000000000005E-6) for clause:  medv(A) :- indus(A, 1), b(A, 1).  [covers 13,0/436,0 pos, 0,0/0,0 neg]
%     Score = -39.160,528661 (regressionFit = 39.160,528659, penalties=2.0300000000000005E-6) for clause:  medv(A) :- indus(A, 1), lstat(A, 1).  [covers 17,0/436,0 pos, 0,0/0,0 neg]
%     Score = -39.084,332609 (regressionFit = 39.084,332607, penalties=2.0300000000000005E-6) for clause:  medv(A) :- lstat(A, 5), crim(A, 5).  [covers 6,0/436,0 pos, 0,0/0,0 neg]
%     Score = -36.393,237771 (regressionFit = 36.393,237769, penalties=2.0500000000000003E-6) for clause:  medv(A) :- lstat(A, 5), zn(A, 0).  [covers 36,0/436,0 pos, 0,0/0,0 neg]
%     Score = -39.235,079550 (regressionFit = 39.235,079548, penalties=2.0500000000000003E-6) for clause:  medv(A) :- lstat(A, 5), indus(A, 3).  [covers 8,0/436,0 pos, 0,0/0,0 neg]
%     Score = -36.390,104061 (regressionFit = 36.390,104059, penalties=2.0500000000000003E-6) for clause:  medv(A) :- lstat(A, 5), chas(A, 0).  [covers 37,0/436,0 pos, 0,0/0,0 neg]
%     Score = -39.150,003460 (regressionFit = 39.150,003458, penalties=2.0500000000000003E-6) for clause:  medv(A) :- lstat(A, 5), nox(A, 1).  [covers 6,0/436,0 pos, 0,0/0,0 neg]
%     Score = -38.510,673357 (regressionFit = 38.510,673355, penalties=2.0500000000000003E-6) for clause:  medv(A) :- lstat(A, 5), rm(A, 7).  [covers 11,0/436,0 pos, 0,0/0,0 neg]
%     Score = -38.893,269570 (regressionFit = 38.893,269568, penalties=2.0500000000000003E-6) for clause:  medv(A) :- lstat(A, 5), age(A, 7).  [covers 9,0/436,0 pos, 0,0/0,0 neg]
%     Score = -39.372,923857 (regressionFit = 39.372,923855, penalties=2.0500000000000003E-6) for clause:  medv(A) :- lstat(A, 5), dis(A, 4).  [covers 4,0/436,0 pos, 0,0/0,0 neg]
%     Score = -39.064,211632 (regressionFit = 39.064,211630, penalties=2.0500000000000003E-6) for clause:  medv(A) :- lstat(A, 5), rad(A, 4).  [covers 9,0/436,0 pos, 0,0/0,0 neg]
%     Score = -39.218,302436 (regressionFit = 39.218,302434, penalties=2.0500000000000003E-6) for clause:  medv(A) :- lstat(A, 5), tax(A, 307).  [covers 6,0/436,0 pos, 0,0/0,0 neg]
%     Score = -39.180,406839 (regressionFit = 39.180,406837, penalties=2.0500000000000003E-6) for clause:  medv(A) :- lstat(A, 5), ptratio(A, 4).  [covers 6,0/436,0 pos, 0,0/0,0 neg]
%     Score = -39.370,021764 (regressionFit = 39.370,021762, penalties=2.0500000000000003E-6) for clause:  medv(A) :- lstat(A, 5), b(A, 9).  [covers 3,0/436,0 pos, 0,0/0,0 neg]
%     Score = -Infinity (regressionFit = Infinity, penalties=2.0500000000000003E-6) for clause:  medv(A) :- crim(A, 1), zn(A, 40).  [covers 1,0/436,0 pos, 0,0/0,0 neg]
%     Score = -37.720,054717 (regressionFit = 37.720,054715, penalties=2.0300000000000005E-6) for clause:  medv(A) :- crim(A, 1), indus(A, 1).  [covers 21,0/436,0 pos, 0,0/0,0 neg]
%     Score = -37.950,991812 (regressionFit = 37.950,991810, penalties=2.0500000000000003E-6) for clause:  medv(A) :- crim(A, 1), chas(A, 0).  [covers 48,0/436,0 pos, 0,0/0,0 neg]
%     Score = -39.578,205850 (regressionFit = 39.578,205848, penalties=2.0500000000000003E-6) for clause:  medv(A) :- crim(A, 1), nox(A, 5).  [covers 9,0/436,0 pos, 0,0/0,0 neg]
%     Score = -38.744,063892 (regressionFit = 38.744,063890, penalties=2.0500000000000003E-6) for clause:  medv(A) :- crim(A, 1), rm(A, 4).  [covers 11,0/436,0 pos, 0,0/0,0 neg]
%     Score = -38.516,874779 (regressionFit = 38.516,874777, penalties=2.0500000000000003E-6) for clause:  medv(A) :- crim(A, 1), age(A, 8).  [covers 17,0/436,0 pos, 0,0/0,0 neg]
%     Score = -39.429,711651 (regressionFit = 39.429,711649, penalties=2.0500000000000003E-6) for clause:  medv(A) :- crim(A, 1), dis(A, 5).  [covers 16,0/436,0 pos, 0,0/0,0 neg]
%     Score = -39.451,849778 (regressionFit = 39.451,849776, penalties=2.0300000000000005E-6) for clause:  medv(A) :- crim(A, 1), rad(A, 1).  [covers 12,0/436,0 pos, 0,0/0,0 neg]
%     Score = -Infinity (regressionFit = Infinity, penalties=2.0500000000000003E-6) for clause:  medv(A) :- crim(A, 1), tax(A, 335).  [covers 1,0/436,0 pos, 0,0/0,0 neg]
%     Score = -Infinity (regressionFit = Infinity, penalties=2.0500000000000003E-6) for clause:  medv(A) :- crim(A, 1), ptratio(A, 8).  [covers 1,0/436,0 pos, 0,0/0,0 neg]
%     Score = -39.554,947951 (regressionFit = 39.554,947949, penalties=2.0500000000000003E-6) for clause:  medv(A) :- crim(A, 1), b(A, 6).  [covers 6,0/436,0 pos, 0,0/0,0 neg]
%     Score = -39.485,249051 (regressionFit = 39.485,249049, penalties=2.0300000000000005E-6) for clause:  medv(A) :- crim(A, 1), lstat(A, 1).  [covers 9,0/436,0 pos, 0,0/0,0 neg]
%     Score = -38.744,063892 (regressionFit = 38.744,063890, penalties=2.0500000000000003E-6) for clause:  medv(A) :- rm(A, 4), crim(A, 1).  [covers 11,0/436,0 pos, 0,0/0,0 neg]
%     Score = -38.580,835905 (regressionFit = 38.580,835903, penalties=2.0500000000000003E-6) for clause:  medv(A) :- rm(A, 4), crim(A, 2).  [covers 9,0/436,0 pos, 0,0/0,0 neg]
%     Score = -39.388,824897 (regressionFit = 39.388,824895, penalties=2.0500000000000003E-6) for clause:  medv(A) :- rm(A, 4), zn(A, 40).  [covers 4,0/436,0 pos, 0,0/0,0 neg]
%     Score = -39.394,080659 (regressionFit = 39.394,080657, penalties=2.0500000000000003E-6) for clause:  medv(A) :- rm(A, 4), zn(A, 0).  [covers 19,0/436,0 pos, 0,0/0,0 neg]
%     Score = -38.692,475313 (regressionFit = 38.692,475311, penalties=2.0500000000000003E-6) for clause:  medv(A) :- rm(A, 4), indus(A, 1).  [covers 12,0/436,0 pos, 0,0/0,0 neg]
%     Score = -38.233,978240 (regressionFit = 38.233,978238, penalties=2.0500000000000003E-6) for clause:  medv(A) :- rm(A, 4), chas(A, 0).  [covers 41,0/436,0 pos, 0,0/0,0 neg]
%     Score = -39.229,517832 (regressionFit = 39.229,517830, penalties=2.0500000000000003E-6) for clause:  medv(A) :- rm(A, 4), nox(A, 5).  [covers 7,0/436,0 pos, 0,0/0,0 neg]
%     Score = -38.898,667110 (regressionFit = 38.898,667108, penalties=2.0500000000000003E-6) for clause:  medv(A) :- rm(A, 4), nox(A, 2).  [covers 9,0/436,0 pos, 0,0/0,0 neg]
%     Score = -38.885,785179 (regressionFit = 38.885,785177, penalties=2.0500000000000003E-6) for clause:  medv(A) :- rm(A, 4), age(A, 8).  [covers 9,0/436,0 pos, 0,0/0,0 neg]
%     Score = -39.388,824897 (regressionFit = 39.388,824895, penalties=2.0500000000000003E-6) for clause:  medv(A) :- rm(A, 4), age(A, 1).  [covers 4,0/436,0 pos, 0,0/0,0 neg]
%     Score = -39.202,184953 (regressionFit = 39.202,184950, penalties=2.0500000000000003E-6) for clause:  medv(A) :- rm(A, 4), dis(A, 5).  [covers 10,0/436,0 pos, 0,0/0,0 neg]
%     Score = -39.193,303134 (regressionFit = 39.193,303132, penalties=2.0500000000000003E-6) for clause:  medv(A) :- rm(A, 4), dis(A, 3).  [covers 7,0/436,0 pos, 0,0/0,0 neg]
%     Score = -39.498,576264 (regressionFit = 39.498,576262, penalties=2.0500000000000003E-6) for clause:  medv(A) :- rm(A, 4), rad(A, 1).  [covers 3,0/436,0 pos, 0,0/0,0 neg]
%     Score = -38.636,344733 (regressionFit = 38.636,344731, penalties=2.0500000000000003E-6) for clause:  medv(A) :- rm(A, 4), rad(A, 3).  [covers 8,0/436,0 pos, 0,0/0,0 neg]
%     Score = -Infinity (regressionFit = Infinity, penalties=2.0500000000000003E-6) for clause:  medv(A) :- rm(A, 4), tax(A, 335).  [covers 1,0/436,0 pos, 0,0/0,0 neg]
%     Score = -39.369,350752 (regressionFit = 39.369,350750, penalties=2.0500000000000003E-6) for clause:  medv(A) :- rm(A, 4), tax(A, 222).  [covers 3,0/436,0 pos, 0,0/0,0 neg]
%     Score = -Infinity (regressionFit = Infinity, penalties=2.0500000000000003E-6) for clause:  medv(A) :- rm(A, 4), ptratio(A, 8).  [covers 2,0/436,0 pos, 0,0/0,0 neg]
%     Score = -39.233,646657 (regressionFit = 39.233,646655, penalties=2.0500000000000003E-6) for clause:  medv(A) :- rm(A, 4), ptratio(A, 3).  [covers 4,0/436,0 pos, 0,0/0,0 neg]
%     Score = -39.533,424974 (regressionFit = 39.533,424972, penalties=2.0500000000000003E-6) for clause:  medv(A) :- rm(A, 4), b(A, 6).  [covers 6,0/436,0 pos, 0,0/0,0 neg]
%     Score = -39.204,447930 (regressionFit = 39.204,447928, penalties=2.0500000000000003E-6) for clause:  medv(A) :- rm(A, 4), b(A, 1).  [covers 12,0/436,0 pos, 0,0/0,0 neg]
%     Score = -38.750,822118 (regressionFit = 38.750,822116, penalties=2.0500000000000003E-6) for clause:  medv(A) :- rm(A, 4), lstat(A, 1).  [covers 13,0/436,0 pos, 0,0/0,0 neg]
%     Score = -39.088,171900 (regressionFit = 39.088,171898, penalties=2.0500000000000003E-6) for clause:  medv(A) :- rm(A, 7), crim(A, 5).  [covers 9,0/436,0 pos, 0,0/0,0 neg]
%     Score = -38.016,373788 (regressionFit = 38.016,373786, penalties=2.0500000000000003E-6) for clause:  medv(A) :- rm(A, 7), zn(A, 0).  [covers 38,0/436,0 pos, 0,0/0,0 neg]
%     Score = -39.162,348056 (regressionFit = 39.162,348054, penalties=2.0500000000000003E-6) for clause:  medv(A) :- rm(A, 7), indus(A, 3).  [covers 10,0/436,0 pos, 0,0/0,0 neg]
%     Score = -37.837,442519 (regressionFit = 37.837,442517, penalties=2.0500000000000003E-6) for clause:  medv(A) :- rm(A, 7), chas(A, 0).  [covers 42,0/436,0 pos, 0,0/0,0 neg]
%     Score = -39.173,451981 (regressionFit = 39.173,451978, penalties=2.0500000000000003E-6) for clause:  medv(A) :- rm(A, 7), nox(A, 1).  [covers 10,0/436,0 pos, 0,0/0,0 neg]
%     Score = -38.982,383545 (regressionFit = 38.982,383543, penalties=2.0300000000000005E-6) for clause:  medv(A) :- rm(A, 7), age(A, 7).  [covers 9,0/436,0 pos, 0,0/0,0 neg]
%     Score = -39.554,896665 (regressionFit = 39.554,896663, penalties=2.0500000000000003E-6) for clause:  medv(A) :- rm(A, 7), dis(A, 4).  [covers 3,0/436,0 pos, 0,0/0,0 neg]
%     Score = -38.993,597629 (regressionFit = 38.993,597627, penalties=2.0500000000000003E-6) for clause:  medv(A) :- rm(A, 7), rad(A, 4).  [covers 18,0/436,0 pos, 0,0/0,0 neg]
%     Score = -39.227,188653 (regressionFit = 39.227,188651, penalties=2.0500000000000003E-6) for clause:  medv(A) :- rm(A, 7), tax(A, 307).  [covers 7,0/436,0 pos, 0,0/0,0 neg]
%     Score = -39.226,432962 (regressionFit = 39.226,432960, penalties=2.0500000000000003E-6) for clause:  medv(A) :- rm(A, 7), ptratio(A, 4).  [covers 8,0/436,0 pos, 0,0/0,0 neg]
%     Score = -39.295,964793 (regressionFit = 39.295,964790, penalties=2.0500000000000003E-6) for clause:  medv(A) :- rm(A, 7), b(A, 9).  [covers 9,0/436,0 pos, 0,0/0,0 neg]
%     Score = -38.510,673357 (regressionFit = 38.510,673355, penalties=2.0500000000000003E-6) for clause:  medv(A) :- rm(A, 7), lstat(A, 5).  [covers 11,0/436,0 pos, 0,0/0,0 neg]
%     Score = -39.485,249051 (regressionFit = 39.485,249049, penalties=2.0300000000000005E-6) for clause:  medv(A) :- lstat(A, 1), crim(A, 1).  [covers 9,0/436,0 pos, 0,0/0,0 neg]
%     Score = -38.935,331969 (regressionFit = 38.935,331967, penalties=2.0500000000000003E-6) for clause:  medv(A) :- lstat(A, 1), crim(A, 2).  [covers 11,0/436,0 pos, 0,0/0,0 neg]
%     Score = -39.579,860329 (regressionFit = 39.579,860327, penalties=2.0500000000000003E-6) for clause:  medv(A) :- lstat(A, 1), zn(A, 40).  [covers 3,0/436,0 pos, 0,0/0,0 neg]
%     Score = -39.066,819249 (regressionFit = 39.066,819247, penalties=2.0500000000000003E-6) for clause:  medv(A) :- lstat(A, 1), zn(A, 0).  [covers 23,0/436,0 pos, 0,0/0,0 neg]
%     Score = -39.160,528661 (regressionFit = 39.160,528659, penalties=2.0300000000000005E-6) for clause:  medv(A) :- lstat(A, 1), indus(A, 1).  [covers 17,0/436,0 pos, 0,0/0,0 neg]
%     Score = -37.984,154821 (regressionFit = 37.984,154819, penalties=2.0500000000000003E-6) for clause:  medv(A) :- lstat(A, 1), chas(A, 0).  [covers 46,0/436,0 pos, 0,0/0,0 neg]
%     Score = -39.265,557742 (regressionFit = 39.265,557740, penalties=2.0500000000000003E-6) for clause:  medv(A) :- lstat(A, 1), nox(A, 5).  [covers 12,0/436,0 pos, 0,0/0,0 neg]
%     Score = -39.209,936217 (regressionFit = 39.209,936215, penalties=2.0500000000000003E-6) for clause:  medv(A) :- lstat(A, 1), nox(A, 2).  [covers 8,0/436,0 pos, 0,0/0,0 neg]
%     Score = -38.750,822118 (regressionFit = 38.750,822116, penalties=2.0500000000000003E-6) for clause:  medv(A) :- lstat(A, 1), rm(A, 4).  [covers 13,0/436,0 pos, 0,0/0,0 neg]
%     Score = -39.451,891314 (regressionFit = 39.451,891312, penalties=2.0500000000000003E-6) for clause:  medv(A) :- lstat(A, 1), age(A, 8).  [covers 11,0/436,0 pos, 0,0/0,0 neg]
%     Score = -39.304,340589 (regressionFit = 39.304,340587, penalties=2.0300000000000005E-6) for clause:  medv(A) :- lstat(A, 1), age(A, 1).  [covers 7,0/436,0 pos, 0,0/0,0 neg]
%     Score = -39.594,845006 (regressionFit = 39.594,845004, penalties=2.0500000000000003E-6) for clause:  medv(A) :- lstat(A, 1), dis(A, 5).  [covers 12,0/436,0 pos, 0,0/0,0 neg]
%     Score = -39.275,040051 (regressionFit = 39.275,040049, penalties=2.0500000000000003E-6) for clause:  medv(A) :- lstat(A, 1), dis(A, 3).  [covers 10,0/436,0 pos, 0,0/0,0 neg]
%     Score = -39.545,010737 (regressionFit = 39.545,010735, penalties=2.0300000000000005E-6) for clause:  medv(A) :- lstat(A, 1), rad(A, 1).  [covers 5,0/436,0 pos, 0,0/0,0 neg]
%     Score = -39.075,442494 (regressionFit = 39.075,442492, penalties=2.0500000000000003E-6) for clause:  medv(A) :- lstat(A, 1), rad(A, 3).  [covers 7,0/436,0 pos, 0,0/0,0 neg]
%     Score = -Infinity (regressionFit = Infinity, penalties=2.0500000000000003E-6) for clause:  medv(A) :- lstat(A, 1), tax(A, 335).  [covers 2,0/436,0 pos, 0,0/0,0 neg]
%     Score = -Infinity (regressionFit = Infinity, penalties=2.0500000000000003E-6) for clause:  medv(A) :- lstat(A, 1), tax(A, 222).  [covers 2,0/436,0 pos, 0,0/0,0 neg]
%     Score = -Infinity (regressionFit = Infinity, penalties=2.0500000000000003E-6) for clause:  medv(A) :- lstat(A, 1), ptratio(A, 8).  [covers 2,0/436,0 pos, 0,0/0,0 neg]
%     Score = -39.552,546657 (regressionFit = 39.552,546654, penalties=2.0500000000000003E-6) for clause:  medv(A) :- lstat(A, 1), ptratio(A, 3).  [covers 4,0/436,0 pos, 0,0/0,0 neg]
%     Score = -39.130,120632 (regressionFit = 39.130,120630, penalties=2.0500000000000003E-6) for clause:  medv(A) :- lstat(A, 1), b(A, 6).  [covers 11,0/436,0 pos, 0,0/0,0 neg]
%     Score = -39.140,858145 (regressionFit = 39.140,858143, penalties=2.0300000000000005E-6) for clause:  medv(A) :- lstat(A, 1), b(A, 1).  [covers 17,0/436,0 pos, 0,0/0,0 neg]
%     Score = -39.614,349797 (regressionFit = 39.614,349795, penalties=2.0500000000000003E-6) for clause:  medv(A) :- lstat(A, 7), crim(A, 2).  [covers 3,0/436,0 pos, 0,0/0,0 neg]
%     Score = -38.000,555968 (regressionFit = 38.000,555966, penalties=2.0500000000000003E-6) for clause:  medv(A) :- lstat(A, 7), zn(A, 0).  [covers 36,0/436,0 pos, 0,0/0,0 neg]
%     Score = -39.461,484603 (regressionFit = 39.461,484601, penalties=2.0500000000000003E-6) for clause:  medv(A) :- lstat(A, 7), indus(A, 8).  [covers 6,0/436,0 pos, 0,0/0,0 neg]
%     Score = -37.964,694826 (regressionFit = 37.964,694824, penalties=2.0500000000000003E-6) for clause:  medv(A) :- lstat(A, 7), chas(A, 0).  [covers 34,0/436,0 pos, 0,0/0,0 neg]
%     Score = -39.452,606656 (regressionFit = 39.452,606654, penalties=2.0300000000000005E-6) for clause:  medv(A) :- lstat(A, 7), nox(A, 7).  [covers 4,0/436,0 pos, 0,0/0,0 neg]
%     Score = -39.417,383992 (regressionFit = 39.417,383990, penalties=2.0500000000000003E-6) for clause:  medv(A) :- lstat(A, 7), rm(A, 8).  [covers 9,0/436,0 pos, 0,0/0,0 neg]
%     Score = -39.224,406587 (regressionFit = 39.224,406585, penalties=2.0500000000000003E-6) for clause:  medv(A) :- lstat(A, 7), age(A, 5).  [covers 10,0/436,0 pos, 0,0/0,0 neg]
%     Score = -39.031,994117 (regressionFit = 39.031,994115, penalties=2.0500000000000003E-6) for clause:  medv(A) :- lstat(A, 7), dis(A, 8).  [covers 12,0/436,0 pos, 0,0/0,0 neg]
%     Score = -Infinity (regressionFit = Infinity, penalties=2.0500000000000003E-6) for clause:  medv(A) :- lstat(A, 7), rad(A, 2).  [covers 2,0/436,0 pos, 0,0/0,0 neg]
%     Score = -Infinity (regressionFit = Infinity, penalties=2.0500000000000003E-6) for clause:  medv(A) :- lstat(A, 7), tax(A, 188).  [covers 2,0/436,0 pos, 0,0/0,0 neg]
%     Score = -Infinity (regressionFit = Infinity, penalties=2.0500000000000003E-6) for clause:  medv(A) :- lstat(A, 7), ptratio(A, 5).  [covers 2,0/436,0 pos, 0,0/0,0 neg]
%     Score = -Infinity (regressionFit = Infinity, penalties=2.0500000000000003E-6) for clause:  medv(A) :- lstat(A, 7), b(A, 5).  [covers 2,0/436,0 pos, 0,0/0,0 neg]
%     Score = -39.629,417508 (regressionFit = 39.629,417506, penalties=2.0500000000000003E-6) for clause:  medv(A) :- age(A, 7), crim(A, 5).  [covers 9,0/436,0 pos, 0,0/0,0 neg]
%     Score = -38.388,167339 (regressionFit = 38.388,167337, penalties=2.0500000000000003E-6) for clause:  medv(A) :- age(A, 7), zn(A, 0).  [covers 40,0/436,0 pos, 0,0/0,0 neg]
%     Score = -39.301,371023 (regressionFit = 39.301,371021, penalties=2.0500000000000003E-6) for clause:  medv(A) :- age(A, 7), indus(A, 3).  [covers 6,0/436,0 pos, 0,0/0,0 neg]
%     Score = -37.865,302606 (regressionFit = 37.865,302604, penalties=2.0500000000000003E-6) for clause:  medv(A) :- age(A, 7), chas(A, 0).  [covers 38,0/436,0 pos, 0,0/0,0 neg]
%     Score = -39.397,699361 (regressionFit = 39.397,699359, penalties=2.0500000000000003E-6) for clause:  medv(A) :- age(A, 7), nox(A, 1).  [covers 8,0/436,0 pos, 0,0/0,0 neg]
%     Score = -38.982,383545 (regressionFit = 38.982,383543, penalties=2.0300000000000005E-6) for clause:  medv(A) :- age(A, 7), rm(A, 7).  [covers 9,0/436,0 pos, 0,0/0,0 neg]
%     Score = -Infinity (regressionFit = Infinity, penalties=2.0500000000000003E-6) for clause:  medv(A) :- age(A, 7), dis(A, 4).  [covers 2,0/436,0 pos, 0,0/0,0 neg]
%     Score = -39.190,388476 (regressionFit = 39.190,388474, penalties=2.0500000000000003E-6) for clause:  medv(A) :- age(A, 7), rad(A, 4).  [covers 9,0/436,0 pos, 0,0/0,0 neg]
%     Score = -39.366,334784 (regressionFit = 39.366,334782, penalties=2.0500000000000003E-6) for clause:  medv(A) :- age(A, 7), tax(A, 307).  [covers 4,0/436,0 pos, 0,0/0,0 neg]
%     Score = -39.368,900670 (regressionFit = 39.368,900668, penalties=2.0500000000000003E-6) for clause:  medv(A) :- age(A, 7), ptratio(A, 4).  [covers 5,0/436,0 pos, 0,0/0,0 neg]
%     Score = -39.243,706589 (regressionFit = 39.243,706587, penalties=2.0500000000000003E-6) for clause:  medv(A) :- age(A, 7), b(A, 9).  [covers 10,0/436,0 pos, 0,0/0,0 neg]
%     Score = -38.893,269570 (regressionFit = 38.893,269568, penalties=2.0500000000000003E-6) for clause:  medv(A) :- age(A, 7), lstat(A, 5).  [covers 9,0/436,0 pos, 0,0/0,0 neg]

% The best node found: medv(A) :- ptratio(A, 10), chas(A, 0).  [covers 89,0/436,0 pos, 0,0/0,0 neg]

% The best node found: medv(A) :- ptratio(A, 10), chas(A, 0).  [covers 89,0/436,0 pos, 0,0/0,0 neg]
Setting 13.629213483146067 for 
 // Learned this clause on outer loop cycle #1.  It scores=-31.498,87 and has recall=0,20, precision=1,00, and F1=0,34 (using m-estimates).
 // It covers 20,4% of the positive examples, 89 of 436,
(medv(A) :- ptratio(A, 10), chas(A, 0))

% On cycle #1, the best clause found is:
%      medv(A) :- ptratio(A, 10), chas(A, 0).  [covers 89,0/436,0 pos, 0,0/0,0 neg]
% This clause covers 89 positive examples, of which 89 are newly covered.
% It also covers 0 negative examples, of which 0 are newly covered.
% The current set of 1 best clauses covers 20,4% of the positive examples and NaN% of the negatives.}

% Have these 10 positive seeds: 40 79 150 166 188 208 224 226 233 249

% target           = medv(A)
%     Score = -Infinity (regressionFit = Infinity, penalties=1.1E-7) for clause:  medv(_).  [covers 436,0/436,0 pos, 0,0/0,0 neg]
% Unacceptable due to being the root node.
% Most-general root: medv(_).  [covers 436,0/436,0 pos, 0,0/0,0 neg]  score = -Infinity
%     Score = -73.061,161021 (regressionFit = 73.061,161020, penalties=1.03E-6) for clause:  medv(A) :- crim(A, 5).  [covers 49,0/436,0 pos, 0,0/0,0 neg]
% Gleaner: New best node found (score = -73.061,161021): medv(A) :- crim(A, 5).  [covers 49,0/436,0 pos, 0,0/0,0 neg]
%     Score = -71.092,649277 (regressionFit = 71.092,649276, penalties=1.03E-6) for clause:  medv(A) :- crim(A, 7).  [covers 47,0/436,0 pos, 0,0/0,0 neg]
% Gleaner: New best node found (score = -71.092,649277): medv(A) :- crim(A, 7).  [covers 47,0/436,0 pos, 0,0/0,0 neg]
%     Score = -73.445,274675 (regressionFit = 73.445,274674, penalties=1.03E-6) for clause:  medv(A) :- crim(A, 4).  [covers 41,0/436,0 pos, 0,0/0,0 neg]
%     Score = -70.223,540324 (regressionFit = 70.223,540323, penalties=1.03E-6) for clause:  medv(A) :- crim(A, 1).  [covers 49,0/436,0 pos, 0,0/0,0 neg]
% Gleaner: New best node found (score = -70.223,540324): medv(A) :- crim(A, 1).  [covers 49,0/436,0 pos, 0,0/0,0 neg]
%     Score = -72.483,879623 (regressionFit = 72.483,879622, penalties=1.03E-6) for clause:  medv(A) :- crim(A, 6).  [covers 43,0/436,0 pos, 0,0/0,0 neg]
%     Score = -71.128,112496 (regressionFit = 71.128,112495, penalties=1.03E-6) for clause:  medv(A) :- crim(A, 2).  [covers 51,0/436,0 pos, 0,0/0,0 neg]
%     Score = -61.837,648871 (regressionFit = 61.837,648870, penalties=1.03E-6) for clause:  medv(A) :- zn(A, 0).  [covers 307,0/436,0 pos, 0,0/0,0 neg]
% Gleaner: New best node found (score = -61.837,648871): medv(A) :- zn(A, 0).  [covers 307,0/436,0 pos, 0,0/0,0 neg]
%     Score = -73.217,959001 (regressionFit = 73.217,959000, penalties=1.03E-6) for clause:  medv(A) :- zn(A, 22).  [covers 9,0/436,0 pos, 0,0/0,0 neg]
%     Score = -68.471,105068 (regressionFit = 68.471,105066, penalties=1.03E-6) for clause:  medv(A) :- zn(A, 20).  [covers 21,0/436,0 pos, 0,0/0,0 neg]
%     Score = -72.640,806594 (regressionFit = 72.640,806593, penalties=1.03E-6) for clause:  medv(A) :- zn(A, 80).  [covers 14,0/436,0 pos, 0,0/0,0 neg]
%     Score = -72.992,051446 (regressionFit = 72.992,051445, penalties=1.03E-6) for clause:  medv(A) :- zn(A, 33).  [covers 4,0/436,0 pos, 0,0/0,0 neg]
%     Score = -73.374,220999 (regressionFit = 73.374,220998, penalties=1.03E-6) for clause:  medv(A) :- indus(A, 8).  [covers 21,0/436,0 pos, 0,0/0,0 neg]
%     Score = -73.430,618266 (regressionFit = 73.430,618265, penalties=1.03E-6) for clause:  medv(A) :- indus(A, 3).  [covers 47,0/436,0 pos, 0,0/0,0 neg]
%     Score = -70.654,251631 (regressionFit = 70.654,251630, penalties=1.03E-6) for clause:  medv(A) :- indus(A, 2).  [covers 51,0/436,0 pos, 0,0/0,0 neg]
%     Score = -73.455,746669 (regressionFit = 73.455,746668, penalties=1.03E-6) for clause:  medv(A) :- indus(A, 5).  [covers 48,0/436,0 pos, 0,0/0,0 neg]
%     Score = -66.475,514657 (regressionFit = 66.475,514656, penalties=1.03E-6) for clause:  medv(A) :- indus(A, 1).  [covers 48,0/436,0 pos, 0,0/0,0 neg]
%     Score = -73.459,090813 (regressionFit = 73.459,090812, penalties=1.03E-6) for clause:  medv(A) :- indus(A, 6).  [covers 36,0/436,0 pos, 0,0/0,0 neg]
%     Score = -71.020,618663 (regressionFit = 71.020,618662, penalties=1.03E-6) for clause:  medv(A) :- chas(A, 0).  [covers 401,0/436,0 pos, 0,0/0,0 neg]
%     Score = -71.020,618663 (regressionFit = 71.020,618662, penalties=1.03E-6) for clause:  medv(A) :- chas(A, 1).  [covers 35,0/436,0 pos, 0,0/0,0 neg]
%     Score = -73.025,771764 (regressionFit = 73.025,771763, penalties=1.03E-6) for clause:  medv(A) :- nox(A, 8).  [covers 36,0/436,0 pos, 0,0/0,0 neg]
%     Score = -73.397,161987 (regressionFit = 73.397,161986, penalties=1.03E-6) for clause:  medv(A) :- nox(A, 1).  [covers 47,0/436,0 pos, 0,0/0,0 neg]
%     Score = -73.453,741521 (regressionFit = 73.453,741520, penalties=1.03E-6) for clause:  medv(A) :- nox(A, 3).  [covers 43,0/436,0 pos, 0,0/0,0 neg]
%     Score = -72.240,023442 (regressionFit = 72.240,023441, penalties=1.03E-6) for clause:  medv(A) :- nox(A, 5).  [covers 50,0/436,0 pos, 0,0/0,0 neg]
%     Score = -71.282,527474 (regressionFit = 71.282,527473, penalties=1.03E-6) for clause:  medv(A) :- nox(A, 2).  [covers 48,0/436,0 pos, 0,0/0,0 neg]
%     Score = -70.151,724735 (regressionFit = 70.151,724734, penalties=1.03E-6) for clause:  medv(A) :- nox(A, 6).  [covers 48,0/436,0 pos, 0,0/0,0 neg]
%     Score = -70.033,949607 (regressionFit = 70.033,949606, penalties=1.03E-6) for clause:  medv(A) :- nox(A, 4).  [covers 48,0/436,0 pos, 0,0/0,0 neg]
%     Score = -71.476,912497 (regressionFit = 71.476,912496, penalties=1.03E-6) for clause:  medv(A) :- rm(A, 7).  [covers 44,0/436,0 pos, 0,0/0,0 neg]
%     Score = -73.003,449263 (regressionFit = 73.003,449262, penalties=1.03E-6) for clause:  medv(A) :- rm(A, 8).  [covers 45,0/436,0 pos, 0,0/0,0 neg]
%     Score = -72.720,541138 (regressionFit = 72.720,541137, penalties=1.03E-6) for clause:  medv(A) :- rm(A, 1).  [covers 43,0/436,0 pos, 0,0/0,0 neg]
%     Score = -72.785,992437 (regressionFit = 72.785,992435, penalties=1.03E-6) for clause:  medv(A) :- rm(A, 2).  [covers 44,0/436,0 pos, 0,0/0,0 neg]
%     Score = -73.305,185233 (regressionFit = 73.305,185232, penalties=1.03E-6) for clause:  medv(A) :- rm(A, 10).  [covers 40,0/436,0 pos, 0,0/0,0 neg]
%     Score = -70.870,904718 (regressionFit = 70.870,904716, penalties=1.03E-6) for clause:  medv(A) :- rm(A, 4).  [covers 46,0/436,0 pos, 0,0/0,0 neg]
%     Score = -52.334,592371 (regressionFit = 52.334,592370, penalties=1.03E-6) for clause:  medv(A) :- rm(A, 3).  [covers 48,0/436,0 pos, 0,0/0,0 neg]
% Gleaner: New best node found (score = -52.334,592371): medv(A) :- rm(A, 3).  [covers 48,0/436,0 pos, 0,0/0,0 neg]
%     Score = -73.057,321915 (regressionFit = 73.057,321914, penalties=1.03E-6) for clause:  medv(A) :- rm(A, 5).  [covers 39,0/436,0 pos, 0,0/0,0 neg]
%     Score = -72.473,745354 (regressionFit = 72.473,745353, penalties=1.03E-6) for clause:  medv(A) :- age(A, 5).  [covers 41,0/436,0 pos, 0,0/0,0 neg]
%     Score = -70.775,727799 (regressionFit = 70.775,727798, penalties=1.03E-6) for clause:  medv(A) :- age(A, 8).  [covers 49,0/436,0 pos, 0,0/0,0 neg]
%     Score = -72.863,818420 (regressionFit = 72.863,818419, penalties=1.03E-6) for clause:  medv(A) :- age(A, 4).  [covers 37,0/436,0 pos, 0,0/0,0 neg]
%     Score = -70.542,813020 (regressionFit = 70.542,813019, penalties=1.03E-6) for clause:  medv(A) :- age(A, 10).  [covers 49,0/436,0 pos, 0,0/0,0 neg]
%     Score = -72.853,718454 (regressionFit = 72.853,718453, penalties=1.03E-6) for clause:  medv(A) :- age(A, 3).  [covers 46,0/436,0 pos, 0,0/0,0 neg]
%     Score = -73.437,137977 (regressionFit = 73.437,137976, penalties=1.03E-6) for clause:  medv(A) :- age(A, 9).  [covers 40,0/436,0 pos, 0,0/0,0 neg]
%     Score = -73.493,320344 (regressionFit = 73.493,320343, penalties=1.03E-6) for clause:  medv(A) :- dis(A, 7).  [covers 29,0/436,0 pos, 0,0/0,0 neg]
%     Score = -73.270,045066 (regressionFit = 73.270,045065, penalties=1.03E-6) for clause:  medv(A) :- dis(A, 1).  [covers 48,0/436,0 pos, 0,0/0,0 neg]
%     Score = -72.393,266477 (regressionFit = 72.393,266476, penalties=1.03E-6) for clause:  medv(A) :- dis(A, 5).  [covers 46,0/436,0 pos, 0,0/0,0 neg]
%     Score = -72.174,762202 (regressionFit = 72.174,762201, penalties=1.03E-6) for clause:  medv(A) :- dis(A, 2).  [covers 50,0/436,0 pos, 0,0/0,0 neg]
%     Score = -71.372,570880 (regressionFit = 71.372,570879, penalties=1.03E-6) for clause:  medv(A) :- dis(A, 6).  [covers 32,0/436,0 pos, 0,0/0,0 neg]
%     Score = -73.151,017423 (regressionFit = 73.151,017422, penalties=1.03E-6) for clause:  medv(A) :- rad(A, 4).  [covers 101,0/436,0 pos, 0,0/0,0 neg]
%     Score = -70.964,129435 (regressionFit = 70.964,129434, penalties=1.03E-6) for clause:  medv(A) :- rad(A, 8).  [covers 24,0/436,0 pos, 0,0/0,0 neg]
%     Score = -72.646,849747 (regressionFit = 72.646,849746, penalties=1.03E-6) for clause:  medv(A) :- rad(A, 7).  [covers 16,0/436,0 pos, 0,0/0,0 neg]
%     Score = -71.271,690905 (regressionFit = 71.271,690904, penalties=1.03E-6) for clause:  medv(A) :- rad(A, 3).  [covers 37,0/436,0 pos, 0,0/0,0 neg]
%     Score = -70.517,624209 (regressionFit = 70.517,624208, penalties=1.03E-6) for clause:  medv(A) :- rad(A, 5).  [covers 112,0/436,0 pos, 0,0/0,0 neg]
%     Score = -73.362,184239 (regressionFit = 73.362,184238, penalties=1.03E-6) for clause:  medv(A) :- tax(A, 437).  [covers 14,0/436,0 pos, 0,0/0,0 neg]
%     Score = -72.758,851655 (regressionFit = 72.758,851654, penalties=1.03E-6) for clause:  medv(A) :- tax(A, 307).  [covers 39,0/436,0 pos, 0,0/0,0 neg]
%     Score = -73.217,959001 (regressionFit = 73.217,959000, penalties=1.03E-6) for clause:  medv(A) :- tax(A, 330).  [covers 9,0/436,0 pos, 0,0/0,0 neg]
%     Score = -73.370,115658 (regressionFit = 73.370,115657, penalties=1.03E-6) for clause:  medv(A) :- tax(A, 223).  [covers 5,0/436,0 pos, 0,0/0,0 neg]
%     Score = -73.137,695509 (regressionFit = 73.137,695508, penalties=1.03E-6) for clause:  medv(A) :- tax(A, 245).  [covers 3,0/436,0 pos, 0,0/0,0 neg]
%     Score = -72.523,330552 (regressionFit = 72.523,330551, penalties=1.03E-6) for clause:  medv(A) :- tax(A, 222).  [covers 7,0/436,0 pos, 0,0/0,0 neg]
%     Score = -73.491,914380 (regressionFit = 73.491,914379, penalties=1.03E-6) for clause:  medv(A) :- tax(A, 304).  [covers 14,0/436,0 pos, 0,0/0,0 neg]
%     Score = -73.454,303407 (regressionFit = 73.454,303406, penalties=1.03E-6) for clause:  medv(A) :- tax(A, 287).  [covers 8,0/436,0 pos, 0,0/0,0 neg]
%     Score = -73.371,077610 (regressionFit = 73.371,077609, penalties=1.03E-6) for clause:  medv(A) :- ptratio(A, 7).  [covers 16,0/436,0 pos, 0,0/0,0 neg]
%     Score = -73.340,785104 (regressionFit = 73.340,785103, penalties=1.03E-6) for clause:  medv(A) :- ptratio(A, 4).  [covers 32,0/436,0 pos, 0,0/0,0 neg]
%     Score = -70.767,826308 (regressionFit = 70.767,826307, penalties=1.03E-6) for clause:  medv(A) :- ptratio(A, 6).  [covers 48,0/436,0 pos, 0,0/0,0 neg]
%     Score = -73.090,479848 (regressionFit = 73.090,479847, penalties=1.03E-6) for clause:  medv(A) :- ptratio(A, 5).  [covers 42,0/436,0 pos, 0,0/0,0 neg]
%     Score = -72.806,662335 (regressionFit = 72.806,662334, penalties=1.03E-6) for clause:  medv(A) :- ptratio(A, 3).  [covers 51,0/436,0 pos, 0,0/0,0 neg]
%     Score = -62.213,466379 (regressionFit = 62.213,466378, penalties=1.03E-6) for clause:  medv(A) :- b(A, 7).  [covers 40,0/436,0 pos, 0,0/0,0 neg]
%     Score = -71.774,477159 (regressionFit = 71.774,477158, penalties=1.03E-6) for clause:  medv(A) :- b(A, 5).  [covers 46,0/436,0 pos, 0,0/0,0 neg]
%     Score = -72.424,284198 (regressionFit = 72.424,284197, penalties=1.03E-6) for clause:  medv(A) :- b(A, 6).  [covers 47,0/436,0 pos, 0,0/0,0 neg]
%     Score = -72.772,313678 (regressionFit = 72.772,313677, penalties=1.03E-6) for clause:  medv(A) :- b(A, 8).  [covers 46,0/436,0 pos, 0,0/0,0 neg]
%     Score = -72.599,055127 (regressionFit = 72.599,055126, penalties=1.03E-6) for clause:  medv(A) :- b(A, 1).  [covers 102,0/436,0 pos, 0,0/0,0 neg]
%     Score = -73.155,829722 (regressionFit = 73.155,829721, penalties=1.03E-6) for clause:  medv(A) :- b(A, 3).  [covers 47,0/436,0 pos, 0,0/0,0 neg]
%     Score = -73.191,901233 (regressionFit = 73.191,901232, penalties=1.03E-6) for clause:  medv(A) :- b(A, 4).  [covers 27,0/436,0 pos, 0,0/0,0 neg]
%     Score = -70.965,400704 (regressionFit = 70.965,400703, penalties=1.03E-6) for clause:  medv(A) :- lstat(A, 7).  [covers 38,0/436,0 pos, 0,0/0,0 neg]
%     Score = -71.499,827022 (regressionFit = 71.499,827021, penalties=1.03E-6) for clause:  medv(A) :- lstat(A, 9).  [covers 46,0/436,0 pos, 0,0/0,0 neg]
%     Score = -73.490,885527 (regressionFit = 73.490,885526, penalties=1.03E-6) for clause:  medv(A) :- lstat(A, 8).  [covers 44,0/436,0 pos, 0,0/0,0 neg]
%     Score = -53.179,965718 (regressionFit = 53.179,965717, penalties=1.03E-6) for clause:  medv(A) :- lstat(A, 3).  [covers 51,0/436,0 pos, 0,0/0,0 neg]
%     Score = -73.450,416589 (regressionFit = 73.450,416588, penalties=1.03E-6) for clause:  medv(A) :- lstat(A, 4).  [covers 42,0/436,0 pos, 0,0/0,0 neg]
%     Score = -71.718,140127 (regressionFit = 71.718,140125, penalties=2.0500000000000003E-6) for clause:  medv(A) :- rm(A, 3), crim(A, 6).  [covers 4,0/436,0 pos, 0,0/0,0 neg]
%     Score = -71.829,685489 (regressionFit = 71.829,685487, penalties=2.0500000000000003E-6) for clause:  medv(A) :- rm(A, 3), crim(A, 2).  [covers 6,0/436,0 pos, 0,0/0,0 neg]
%     Score = -Infinity (regressionFit = Infinity, penalties=2.0500000000000003E-6) for clause:  medv(A) :- rm(A, 3), zn(A, 33).  [covers 2,0/436,0 pos, 0,0/0,0 neg]
%     Score = -66.827,828813 (regressionFit = 66.827,828811, penalties=2.0500000000000003E-6) for clause:  medv(A) :- rm(A, 3), indus(A, 1).  [covers 15,0/436,0 pos, 0,0/0,0 neg]
%     Score = -55.958,792438 (regressionFit = 55.958,792436, penalties=2.0500000000000003E-6) for clause:  medv(A) :- rm(A, 3), chas(A, 0).  [covers 41,0/436,0 pos, 0,0/0,0 neg]
%     Score = -69.484,700533 (regressionFit = 69.484,700531, penalties=2.0500000000000003E-6) for clause:  medv(A) :- rm(A, 3), nox(A, 4).  [covers 10,0/436,0 pos, 0,0/0,0 neg]
%     Score = -71.735,263667 (regressionFit = 71.735,263665, penalties=2.0300000000000005E-6) for clause:  medv(A) :- rm(A, 3), age(A, 3).  [covers 7,0/436,0 pos, 0,0/0,0 neg]
%     Score = -70.938,908302 (regressionFit = 70.938,908300, penalties=2.0500000000000003E-6) for clause:  medv(A) :- rm(A, 3), age(A, 4).  [covers 7,0/436,0 pos, 0,0/0,0 neg]
%     Score = -72.910,977311 (regressionFit = 72.910,977309, penalties=2.0500000000000003E-6) for clause:  medv(A) :- rm(A, 3), dis(A, 1).  [covers 3,0/436,0 pos, 0,0/0,0 neg]
%     Score = -70.217,797117 (regressionFit = 70.217,797115, penalties=2.0500000000000003E-6) for clause:  medv(A) :- rm(A, 3), dis(A, 6).  [covers 6,0/436,0 pos, 0,0/0,0 neg]
%     Score = -72.614,985394 (regressionFit = 72.614,985392, penalties=2.0500000000000003E-6) for clause:  medv(A) :- rm(A, 3), rad(A, 7).  [covers 3,0/436,0 pos, 0,0/0,0 neg]
%     Score = -Infinity (regressionFit = Infinity, penalties=2.0500000000000003E-6) for clause:  medv(A) :- rm(A, 3), tax(A, 222).  [covers 2,0/436,0 pos, 0,0/0,0 neg]
%     Score = -72.856,625610 (regressionFit = 72.856,625608, penalties=2.0300000000000005E-6) for clause:  medv(A) :- rm(A, 3), ptratio(A, 3).  [covers 3,0/436,0 pos, 0,0/0,0 neg]
%     Score = -71.895,498206 (regressionFit = 71.895,498204, penalties=2.0300000000000005E-6) for clause:  medv(A) :- rm(A, 3), b(A, 3).  [covers 4,0/436,0 pos, 0,0/0,0 neg]
%     Score = -72.676,494584 (regressionFit = 72.676,494582, penalties=2.0500000000000003E-6) for clause:  medv(A) :- rm(A, 3), b(A, 1).  [covers 7,0/436,0 pos, 0,0/0,0 neg]
%     Score = -70.970,269016 (regressionFit = 70.970,269014, penalties=2.0500000000000003E-6) for clause:  medv(A) :- rm(A, 3), lstat(A, 9).  [covers 8,0/436,0 pos, 0,0/0,0 neg]
%     Score = -Infinity (regressionFit = Infinity, penalties=2.0500000000000003E-6) for clause:  medv(A) :- lstat(A, 3), crim(A, 4).  [covers 1,0/436,0 pos, 0,0/0,0 neg]
%     Score = -67.660,715863 (regressionFit = 67.660,715861, penalties=2.0500000000000003E-6) for clause:  medv(A) :- lstat(A, 3), crim(A, 1).  [covers 20,0/436,0 pos, 0,0/0,0 neg]
%     Score = -73.057,074801 (regressionFit = 73.057,074799, penalties=2.0500000000000003E-6) for clause:  medv(A) :- lstat(A, 3), zn(A, 22).  [covers 3,0/436,0 pos, 0,0/0,0 neg]
%     Score = -72.482,129951 (regressionFit = 72.482,129949, penalties=2.0500000000000003E-6) for clause:  medv(A) :- lstat(A, 3), zn(A, 80).  [covers 5,0/436,0 pos, 0,0/0,0 neg]
%     Score = -72.738,147473 (regressionFit = 72.738,147471, penalties=2.0500000000000003E-6) for clause:  medv(A) :- lstat(A, 3), indus(A, 5).  [covers 5,0/436,0 pos, 0,0/0,0 neg]
%     Score = -58.670,137083 (regressionFit = 58.670,137081, penalties=2.0500000000000003E-6) for clause:  medv(A) :- lstat(A, 3), chas(A, 0).  [covers 43,0/436,0 pos, 0,0/0,0 neg]
%     Score = -72.408,554456 (regressionFit = 72.408,554454, penalties=2.0500000000000003E-6) for clause:  medv(A) :- lstat(A, 3), nox(A, 5).  [covers 7,0/436,0 pos, 0,0/0,0 neg]
%     Score = -68.814,884927 (regressionFit = 68.814,884925, penalties=2.0500000000000003E-6) for clause:  medv(A) :- lstat(A, 3), nox(A, 6).  [covers 15,0/436,0 pos, 0,0/0,0 neg]
%     Score = -Infinity (regressionFit = Infinity, penalties=2.0500000000000003E-6) for clause:  medv(A) :- lstat(A, 3), rm(A, 2).  [covers 1,0/436,0 pos, 0,0/0,0 neg]
%     Score = -70.366,544072 (regressionFit = 70.366,544070, penalties=2.0500000000000003E-6) for clause:  medv(A) :- lstat(A, 3), rm(A, 4).  [covers 15,0/436,0 pos, 0,0/0,0 neg]
%     Score = -70.395,311254 (regressionFit = 70.395,311252, penalties=2.0500000000000003E-6) for clause:  medv(A) :- lstat(A, 3), age(A, 10).  [covers 14,0/436,0 pos, 0,0/0,0 neg]
%     Score = -69.168,172161 (regressionFit = 69.168,172159, penalties=2.0500000000000003E-6) for clause:  medv(A) :- lstat(A, 3), age(A, 8).  [covers 14,0/436,0 pos, 0,0/0,0 neg]
%     Score = -72.296,232147 (regressionFit = 72.296,232145, penalties=2.0500000000000003E-6) for clause:  medv(A) :- lstat(A, 3), dis(A, 5).  [covers 8,0/436,0 pos, 0,0/0,0 neg]
%     Score = -69.719,788419 (regressionFit = 69.719,788417, penalties=2.0500000000000003E-6) for clause:  medv(A) :- lstat(A, 3), dis(A, 2).  [covers 12,0/436,0 pos, 0,0/0,0 neg]
%     Score = -73.057,074801 (regressionFit = 73.057,074799, penalties=2.0500000000000003E-6) for clause:  medv(A) :- lstat(A, 3), rad(A, 7).  [covers 3,0/436,0 pos, 0,0/0,0 neg]
%     Score = -71.056,458016 (regressionFit = 71.056,458014, penalties=2.0500000000000003E-6) for clause:  medv(A) :- lstat(A, 3), rad(A, 4).  [covers 10,0/436,0 pos, 0,0/0,0 neg]
%     Score = -73.057,074801 (regressionFit = 73.057,074799, penalties=2.0500000000000003E-6) for clause:  medv(A) :- lstat(A, 3), tax(A, 330).  [covers 3,0/436,0 pos, 0,0/0,0 neg]
%     Score = -Infinity (regressionFit = Infinity, penalties=2.0500000000000003E-6) for clause:  medv(A) :- lstat(A, 3), tax(A, 245).  [covers 2,0/436,0 pos, 0,0/0,0 neg]
%     Score = -72.738,147473 (regressionFit = 72.738,147471, penalties=2.0500000000000003E-6) for clause:  medv(A) :- lstat(A, 3), ptratio(A, 5).  [covers 5,0/436,0 pos, 0,0/0,0 neg]
%     Score = -69.051,966767 (regressionFit = 69.051,966765, penalties=2.0500000000000003E-6) for clause:  medv(A) :- lstat(A, 3), b(A, 8).  [covers 9,0/436,0 pos, 0,0/0,0 neg]
%     Score = -71.959,937904 (regressionFit = 71.959,937901, penalties=2.0500000000000003E-6) for clause:  medv(A) :- lstat(A, 3), b(A, 1).  [covers 10,0/436,0 pos, 0,0/0,0 neg]
%     Score = -73.471,157006 (regressionFit = 73.471,157004, penalties=2.0500000000000003E-6) for clause:  medv(A) :- zn(A, 0), crim(A, 5).  [covers 42,0/436,0 pos, 0,0/0,0 neg]
%     Score = -72.514,865753 (regressionFit = 72.514,865751, penalties=2.0500000000000003E-6) for clause:  medv(A) :- zn(A, 0), crim(A, 7).  [covers 39,0/436,0 pos, 0,0/0,0 neg]
%     Score = -73.489,410153 (regressionFit = 73.489,410151, penalties=2.0500000000000003E-6) for clause:  medv(A) :- zn(A, 0), crim(A, 4).  [covers 28,0/436,0 pos, 0,0/0,0 neg]
%     Score = -73.374,221000 (regressionFit = 73.374,220998, penalties=2.0500000000000003E-6) for clause:  medv(A) :- zn(A, 0), indus(A, 8).  [covers 21,0/436,0 pos, 0,0/0,0 neg]
%     Score = -73.425,497742 (regressionFit = 73.425,497740, penalties=2.0500000000000003E-6) for clause:  medv(A) :- zn(A, 0), indus(A, 3).  [covers 40,0/436,0 pos, 0,0/0,0 neg]
%     Score = -71.282,433909 (regressionFit = 71.282,433906, penalties=2.0500000000000003E-6) for clause:  medv(A) :- zn(A, 0), indus(A, 2).  [covers 33,0/436,0 pos, 0,0/0,0 neg]
%     Score = -73.459,090814 (regressionFit = 73.459,090812, penalties=2.0500000000000003E-6) for clause:  medv(A) :- zn(A, 0), indus(A, 6).  [covers 36,0/436,0 pos, 0,0/0,0 neg]
%     Score = -59.085,029891 (regressionFit = 59.085,029889, penalties=2.0300000000000005E-6) for clause:  medv(A) :- zn(A, 0), chas(A, 0).  [covers 279,0/436,0 pos, 0,0/0,0 neg]
%     Score = -72.335,502839 (regressionFit = 72.335,502837, penalties=2.0500000000000003E-6) for clause:  medv(A) :- zn(A, 0), chas(A, 1).  [covers 28,0/436,0 pos, 0,0/0,0 neg]
%     Score = -73.444,344050 (regressionFit = 73.444,344048, penalties=2.0500000000000003E-6) for clause:  medv(A) :- zn(A, 0), nox(A, 8).  [covers 26,0/436,0 pos, 0,0/0,0 neg]
%     Score = -73.383,804717 (regressionFit = 73.383,804715, penalties=2.0500000000000003E-6) for clause:  medv(A) :- zn(A, 0), nox(A, 1).  [covers 46,0/436,0 pos, 0,0/0,0 neg]
%     Score = -73.442,809564 (regressionFit = 73.442,809562, penalties=2.0500000000000003E-6) for clause:  medv(A) :- zn(A, 0), nox(A, 3).  [covers 36,0/436,0 pos, 0,0/0,0 neg]
%     Score = -70.702,152217 (regressionFit = 70.702,152215, penalties=2.0500000000000003E-6) for clause:  medv(A) :- zn(A, 0), nox(A, 4).  [covers 42,0/436,0 pos, 0,0/0,0 neg]
%     Score = -71.426,421685 (regressionFit = 71.426,421683, penalties=2.0500000000000003E-6) for clause:  medv(A) :- zn(A, 0), rm(A, 7).  [covers 38,0/436,0 pos, 0,0/0,0 neg]
%     Score = -72.868,469838 (regressionFit = 72.868,469836, penalties=2.0500000000000003E-6) for clause:  medv(A) :- zn(A, 0), rm(A, 8).  [covers 35,0/436,0 pos, 0,0/0,0 neg]
%     Score = -73.345,147888 (regressionFit = 73.345,147886, penalties=2.0500000000000003E-6) for clause:  medv(A) :- zn(A, 0), rm(A, 1).  [covers 23,0/436,0 pos, 0,0/0,0 neg]
%     Score = -72.999,665356 (regressionFit = 72.999,665354, penalties=2.0500000000000003E-6) for clause:  medv(A) :- zn(A, 0), rm(A, 5).  [covers 32,0/436,0 pos, 0,0/0,0 neg]
%     Score = -72.377,627722 (regressionFit = 72.377,627720, penalties=2.0500000000000003E-6) for clause:  medv(A) :- zn(A, 0), age(A, 5).  [covers 40,0/436,0 pos, 0,0/0,0 neg]
%     Score = -73.386,661355 (regressionFit = 73.386,661353, penalties=2.0500000000000003E-6) for clause:  medv(A) :- zn(A, 0), age(A, 8).  [covers 14,0/436,0 pos, 0,0/0,0 neg]
%     Score = -73.156,108778 (regressionFit = 73.156,108776, penalties=2.0500000000000003E-6) for clause:  medv(A) :- zn(A, 0), age(A, 4).  [covers 28,0/436,0 pos, 0,0/0,0 neg]
%     Score = -72.881,522770 (regressionFit = 72.881,522768, penalties=2.0500000000000003E-6) for clause:  medv(A) :- zn(A, 0), age(A, 9).  [covers 36,0/436,0 pos, 0,0/0,0 neg]
%     Score = -73.489,067277 (regressionFit = 73.489,067275, penalties=2.0500000000000003E-6) for clause:  medv(A) :- zn(A, 0), age(A, 3).  [covers 22,0/436,0 pos, 0,0/0,0 neg]
%     Score = -73.347,327850 (regressionFit = 73.347,327848, penalties=2.0500000000000003E-6) for clause:  medv(A) :- zn(A, 0), dis(A, 7).  [covers 27,0/436,0 pos, 0,0/0,0 neg]
%     Score = -73.492,333396 (regressionFit = 73.492,333394, penalties=2.0500000000000003E-6) for clause:  medv(A) :- zn(A, 0), dis(A, 1).  [covers 37,0/436,0 pos, 0,0/0,0 neg]
%     Score = -71.913,557128 (regressionFit = 71.913,557126, penalties=2.0500000000000003E-6) for clause:  medv(A) :- zn(A, 0), dis(A, 6).  [covers 29,0/436,0 pos, 0,0/0,0 neg]
%     Score = -73.455,501528 (regressionFit = 73.455,501526, penalties=2.0500000000000003E-6) for clause:  medv(A) :- zn(A, 0), dis(A, 2).  [covers 27,0/436,0 pos, 0,0/0,0 neg]
%     Score = -73.437,532149 (regressionFit = 73.437,532147, penalties=2.0500000000000003E-6) for clause:  medv(A) :- zn(A, 0), rad(A, 4).  [covers 70,0/436,0 pos, 0,0/0,0 neg]
%     Score = -70.239,181044 (regressionFit = 70.239,181042, penalties=2.0500000000000003E-6) for clause:  medv(A) :- zn(A, 0), rad(A, 8).  [covers 18,0/436,0 pos, 0,0/0,0 neg]
%     Score = -73.395,624601 (regressionFit = 73.395,624599, penalties=2.0500000000000003E-6) for clause:  medv(A) :- zn(A, 0), rad(A, 5).  [covers 76,0/436,0 pos, 0,0/0,0 neg]
%     Score = -73.362,184240 (regressionFit = 73.362,184238, penalties=2.0500000000000003E-6) for clause:  medv(A) :- zn(A, 0), tax(A, 437).  [covers 14,0/436,0 pos, 0,0/0,0 neg]
%     Score = -72.758,851656 (regressionFit = 72.758,851654, penalties=2.0500000000000003E-6) for clause:  medv(A) :- zn(A, 0), tax(A, 307).  [covers 39,0/436,0 pos, 0,0/0,0 neg]
%     Score = -73.493,590305 (regressionFit = 73.493,590303, penalties=2.0500000000000003E-6) for clause:  medv(A) :- zn(A, 0), tax(A, 304).  [covers 12,0/436,0 pos, 0,0/0,0 neg]
%     Score = -73.454,303408 (regressionFit = 73.454,303406, penalties=2.0500000000000003E-6) for clause:  medv(A) :- zn(A, 0), tax(A, 287).  [covers 8,0/436,0 pos, 0,0/0,0 neg]
%     Score = -73.362,184240 (regressionFit = 73.362,184238, penalties=2.0500000000000003E-6) for clause:  medv(A) :- zn(A, 0), ptratio(A, 7).  [covers 14,0/436,0 pos, 0,0/0,0 neg]
%     Score = -73.340,785105 (regressionFit = 73.340,785103, penalties=2.0500000000000003E-6) for clause:  medv(A) :- zn(A, 0), ptratio(A, 4).  [covers 32,0/436,0 pos, 0,0/0,0 neg]
%     Score = -70.684,568249 (regressionFit = 70.684,568247, penalties=2.0500000000000003E-6) for clause:  medv(A) :- zn(A, 0), ptratio(A, 6).  [covers 28,0/436,0 pos, 0,0/0,0 neg]
%     Score = -73.310,446895 (regressionFit = 73.310,446893, penalties=2.0500000000000003E-6) for clause:  medv(A) :- zn(A, 0), ptratio(A, 3).  [covers 38,0/436,0 pos, 0,0/0,0 neg]
%     Score = -73.465,860317 (regressionFit = 73.465,860314, penalties=2.0500000000000003E-6) for clause:  medv(A) :- zn(A, 0), ptratio(A, 5).  [covers 23,0/436,0 pos, 0,0/0,0 neg]
%     Score = -62.213,466380 (regressionFit = 62.213,466378, penalties=2.0500000000000003E-6) for clause:  medv(A) :- zn(A, 0), b(A, 7).  [covers 40,0/436,0 pos, 0,0/0,0 neg]
%     Score = -73.366,758542 (regressionFit = 73.366,758540, penalties=2.0500000000000003E-6) for clause:  medv(A) :- zn(A, 0), b(A, 5).  [covers 29,0/436,0 pos, 0,0/0,0 neg]
%     Score = -73.485,954547 (regressionFit = 73.485,954545, penalties=2.0500000000000003E-6) for clause:  medv(A) :- zn(A, 0), b(A, 6).  [covers 27,0/436,0 pos, 0,0/0,0 neg]
%     Score = -73.485,789522 (regressionFit = 73.485,789520, penalties=2.0500000000000003E-6) for clause:  medv(A) :- zn(A, 0), b(A, 4).  [covers 16,0/436,0 pos, 0,0/0,0 neg]
%     Score = -69.576,324923 (regressionFit = 69.576,324921, penalties=2.0500000000000003E-6) for clause:  medv(A) :- zn(A, 0), b(A, 1).  [covers 69,0/436,0 pos, 0,0/0,0 neg]
%     Score = -70.841,108482 (regressionFit = 70.841,108480, penalties=2.0500000000000003E-6) for clause:  medv(A) :- zn(A, 0), lstat(A, 7).  [covers 36,0/436,0 pos, 0,0/0,0 neg]
%     Score = -73.105,422054 (regressionFit = 73.105,422051, penalties=2.0500000000000003E-6) for clause:  medv(A) :- zn(A, 0), lstat(A, 9).  [covers 20,0/436,0 pos, 0,0/0,0 neg]
%     Score = -73.483,711244 (regressionFit = 73.483,711241, penalties=2.0500000000000003E-6) for clause:  medv(A) :- zn(A, 0), lstat(A, 8).  [covers 38,0/436,0 pos, 0,0/0,0 neg]
%     Score = -73.462,142879 (regressionFit = 73.462,142877, penalties=2.0500000000000003E-6) for clause:  medv(A) :- zn(A, 0), lstat(A, 4).  [covers 33,0/436,0 pos, 0,0/0,0 neg]
%     Score = -73.444,421005 (regressionFit = 73.444,421003, penalties=2.0500000000000003E-6) for clause:  medv(A) :- b(A, 7), crim(A, 5).  [covers 5,0/436,0 pos, 0,0/0,0 neg]
%     Score = -62.213,466380 (regressionFit = 62.213,466378, penalties=2.0500000000000003E-6) for clause:  medv(A) :- b(A, 7), zn(A, 0).  [covers 40,0/436,0 pos, 0,0/0,0 neg]
%     Score = -Infinity (regressionFit = Infinity, penalties=2.0500000000000003E-6) for clause:  medv(A) :- b(A, 7), indus(A, 8).  [covers 1,0/436,0 pos, 0,0/0,0 neg]
%     Score = -62.125,020790 (regressionFit = 62.125,020788, penalties=2.0500000000000003E-6) for clause:  medv(A) :- b(A, 7), chas(A, 0).  [covers 39,0/436,0 pos, 0,0/0,0 neg]
%     Score = -73.051,478074 (regressionFit = 73.051,478072, penalties=2.0500000000000003E-6) for clause:  medv(A) :- b(A, 7), nox(A, 8).  [covers 3,0/436,0 pos, 0,0/0,0 neg]
%     Score = -72.917,729074 (regressionFit = 72.917,729072, penalties=2.0300000000000005E-6) for clause:  medv(A) :- b(A, 7), rm(A, 7).  [covers 5,0/436,0 pos, 0,0/0,0 neg]
%     Score = -73.169,445475 (regressionFit = 73.169,445473, penalties=2.0500000000000003E-6) for clause:  medv(A) :- b(A, 7), age(A, 5).  [covers 4,0/436,0 pos, 0,0/0,0 neg]
%     Score = -73.425,389340 (regressionFit = 73.425,389338, penalties=2.0300000000000005E-6) for clause:  medv(A) :- b(A, 7), dis(A, 7).  [covers 4,0/436,0 pos, 0,0/0,0 neg]
%     Score = -73.402,389225 (regressionFit = 73.402,389223, penalties=2.0500000000000003E-6) for clause:  medv(A) :- b(A, 7), rad(A, 4).  [covers 4,0/436,0 pos, 0,0/0,0 neg]
%     Score = -Infinity (regressionFit = Infinity, penalties=2.0500000000000003E-6) for clause:  medv(A) :- b(A, 7), tax(A, 437).  [covers 1,0/436,0 pos, 0,0/0,0 neg]
%     Score = -Infinity (regressionFit = Infinity, penalties=2.0300000000000005E-6) for clause:  medv(A) :- b(A, 7), ptratio(A, 7).  [covers 1,0/436,0 pos, 0,0/0,0 neg]
%     Score = -72.123,058271 (regressionFit = 72.123,058269, penalties=2.0300000000000005E-6) for clause:  medv(A) :- b(A, 7), lstat(A, 7).  [covers 8,0/436,0 pos, 0,0/0,0 neg]
%     Score = -72.021,562063 (regressionFit = 72.021,562061, penalties=2.0500000000000003E-6) for clause:  medv(A) :- indus(A, 1), crim(A, 6).  [covers 11,0/436,0 pos, 0,0/0,0 neg]
%     Score = -71.967,170778 (regressionFit = 71.967,170776, penalties=2.0500000000000003E-6) for clause:  medv(A) :- indus(A, 1), crim(A, 2).  [covers 11,0/436,0 pos, 0,0/0,0 neg]
%     Score = -72.992,051447 (regressionFit = 72.992,051445, penalties=2.0500000000000003E-6) for clause:  medv(A) :- indus(A, 1), zn(A, 33).  [covers 4,0/436,0 pos, 0,0/0,0 neg]
%     Score = -67.097,223494 (regressionFit = 67.097,223492, penalties=2.0500000000000003E-6) for clause:  medv(A) :- indus(A, 1), chas(A, 0).  [covers 47,0/436,0 pos, 0,0/0,0 neg]
%     Score = -70.983,328207 (regressionFit = 70.983,328204, penalties=2.0500000000000003E-6) for clause:  medv(A) :- indus(A, 1), nox(A, 4).  [covers 12,0/436,0 pos, 0,0/0,0 neg]
%     Score = -66.827,828813 (regressionFit = 66.827,828811, penalties=2.0500000000000003E-6) for clause:  medv(A) :- indus(A, 1), rm(A, 3).  [covers 15,0/436,0 pos, 0,0/0,0 neg]
%     Score = -72.735,287895 (regressionFit = 72.735,287893, penalties=2.0500000000000003E-6) for clause:  medv(A) :- indus(A, 1), age(A, 3).  [covers 8,0/436,0 pos, 0,0/0,0 neg]
%     Score = -72.999,748615 (regressionFit = 72.999,748613, penalties=2.0500000000000003E-6) for clause:  medv(A) :- indus(A, 1), age(A, 4).  [covers 5,0/436,0 pos, 0,0/0,0 neg]
%     Score = -Infinity (regressionFit = Infinity, penalties=2.0300000000000005E-6) for clause:  medv(A) :- indus(A, 1), dis(A, 1).  [covers 2,0/436,0 pos, 0,0/0,0 neg]
%     Score = -71.586,806586 (regressionFit = 71.586,806584, penalties=2.0500000000000003E-6) for clause:  medv(A) :- indus(A, 1), dis(A, 6).  [covers 8,0/436,0 pos, 0,0/0,0 neg]
%     Score = -72.992,051447 (regressionFit = 72.992,051445, penalties=2.0500000000000003E-6) for clause:  medv(A) :- indus(A, 1), rad(A, 7).  [covers 4,0/436,0 pos, 0,0/0,0 neg]
%     Score = -72.523,330553 (regressionFit = 72.523,330551, penalties=2.0500000000000003E-6) for clause:  medv(A) :- indus(A, 1), tax(A, 222).  [covers 7,0/436,0 pos, 0,0/0,0 neg]
%     Score = -72.698,951352 (regressionFit = 72.698,951349, penalties=2.0500000000000003E-6) for clause:  medv(A) :- indus(A, 1), ptratio(A, 3).  [covers 9,0/436,0 pos, 0,0/0,0 neg]
%     Score = -71.755,010082 (regressionFit = 71.755,010080, penalties=2.0500000000000003E-6) for clause:  medv(A) :- indus(A, 1), b(A, 3).  [covers 9,0/436,0 pos, 0,0/0,0 neg]
%     Score = -71.698,283912 (regressionFit = 71.698,283910, penalties=2.0300000000000005E-6) for clause:  medv(A) :- indus(A, 1), b(A, 1).  [covers 13,0/436,0 pos, 0,0/0,0 neg]
%     Score = -72.518,577133 (regressionFit = 72.518,577131, penalties=2.0500000000000003E-6) for clause:  medv(A) :- indus(A, 1), lstat(A, 9).  [covers 7,0/436,0 pos, 0,0/0,0 neg]
%     Score = -73.097,260498 (regressionFit = 73.097,260496, penalties=2.0500000000000003E-6) for clause:  medv(A) :- zn(A, 20), crim(A, 4).  [covers 3,0/436,0 pos, 0,0/0,0 neg]
%     Score = -73.370,115659 (regressionFit = 73.370,115657, penalties=2.0500000000000003E-6) for clause:  medv(A) :- zn(A, 20), indus(A, 2).  [covers 5,0/436,0 pos, 0,0/0,0 neg]
%     Score = -69.076,690858 (regressionFit = 69.076,690856, penalties=2.0500000000000003E-6) for clause:  medv(A) :- zn(A, 20), chas(A, 0).  [covers 18,0/436,0 pos, 0,0/0,0 neg]
%     Score = -72.240,603779 (regressionFit = 72.240,603777, penalties=2.0500000000000003E-6) for clause:  medv(A) :- zn(A, 20), nox(A, 2).  [covers 9,0/436,0 pos, 0,0/0,0 neg]
%     Score = -Infinity (regressionFit = Infinity, penalties=2.0500000000000003E-6) for clause:  medv(A) :- zn(A, 20), rm(A, 10).  [covers 1,0/436,0 pos, 0,0/0,0 neg]
%     Score = -Infinity (regressionFit = Infinity, penalties=2.0500000000000003E-6) for clause:  medv(A) :- zn(A, 20), age(A, 10).  [covers 1,0/436,0 pos, 0,0/0,0 neg]
%     Score = -73.230,906109 (regressionFit = 73.230,906107, penalties=2.0500000000000003E-6) for clause:  medv(A) :- zn(A, 20), dis(A, 1).  [covers 6,0/436,0 pos, 0,0/0,0 neg]
%     Score = -73.370,115659 (regressionFit = 73.370,115657, penalties=2.0500000000000003E-6) for clause:  medv(A) :- zn(A, 20), rad(A, 3).  [covers 5,0/436,0 pos, 0,0/0,0 neg]
%     Score = -73.370,115659 (regressionFit = 73.370,115657, penalties=2.0500000000000003E-6) for clause:  medv(A) :- zn(A, 20), tax(A, 223).  [covers 5,0/436,0 pos, 0,0/0,0 neg]
%     Score = -73.370,115659 (regressionFit = 73.370,115657, penalties=2.0500000000000003E-6) for clause:  medv(A) :- zn(A, 20), ptratio(A, 3).  [covers 5,0/436,0 pos, 0,0/0,0 neg]
%     Score = -Infinity (regressionFit = Infinity, penalties=2.0500000000000003E-6) for clause:  medv(A) :- zn(A, 20), b(A, 1).  [covers 2,0/436,0 pos, 0,0/0,0 neg]
%     Score = -72.251,643164 (regressionFit = 72.251,643162, penalties=2.0500000000000003E-6) for clause:  medv(A) :- zn(A, 20), lstat(A, 9).  [covers 6,0/436,0 pos, 0,0/0,0 neg]
%     Score = -72.492,264758 (regressionFit = 72.492,264756, penalties=2.0500000000000003E-6) for clause:  medv(A) :- nox(A, 4), crim(A, 6).  [covers 10,0/436,0 pos, 0,0/0,0 neg]
%     Score = -72.739,929001 (regressionFit = 72.739,928999, penalties=2.0500000000000003E-6) for clause:  medv(A) :- nox(A, 4), crim(A, 2).  [covers 7,0/436,0 pos, 0,0/0,0 neg]
%     Score = -73.397,698298 (regressionFit = 73.397,698295, penalties=2.0300000000000005E-6) for clause:  medv(A) :- nox(A, 4), crim(A, 4).  [covers 10,0/436,0 pos, 0,0/0,0 neg]
%     Score = -72.992,051447 (regressionFit = 72.992,051445, penalties=2.0500000000000003E-6) for clause:  medv(A) :- nox(A, 4), zn(A, 33).  [covers 4,0/436,0 pos, 0,0/0,0 neg]
%     Score = -70.702,152217 (regressionFit = 70.702,152215, penalties=2.0500000000000003E-6) for clause:  medv(A) :- nox(A, 4), zn(A, 0).  [covers 42,0/436,0 pos, 0,0/0,0 neg]
%     Score = -70.983,328207 (regressionFit = 70.983,328204, penalties=2.0500000000000003E-6) for clause:  medv(A) :- nox(A, 4), indus(A, 1).  [covers 12,0/436,0 pos, 0,0/0,0 neg]
%     Score = -73.454,303408 (regressionFit = 73.454,303406, penalties=2.0500000000000003E-6) for clause:  medv(A) :- nox(A, 4), indus(A, 3).  [covers 8,0/436,0 pos, 0,0/0,0 neg]
%     Score = -69.797,064475 (regressionFit = 69.797,064473, penalties=2.0500000000000003E-6) for clause:  medv(A) :- nox(A, 4), chas(A, 0).  [covers 43,0/436,0 pos, 0,0/0,0 neg]
%     Score = -69.484,700533 (regressionFit = 69.484,700531, penalties=2.0500000000000003E-6) for clause:  medv(A) :- nox(A, 4), rm(A, 3).  [covers 10,0/436,0 pos, 0,0/0,0 neg]
%     Score = -73.453,391690 (regressionFit = 73.453,391688, penalties=2.0500000000000003E-6) for clause:  medv(A) :- nox(A, 4), rm(A, 5).  [covers 6,0/436,0 pos, 0,0/0,0 neg]
%     Score = -73.338,779425 (regressionFit = 73.338,779423, penalties=2.0500000000000003E-6) for clause:  medv(A) :- nox(A, 4), age(A, 3).  [covers 8,0/436,0 pos, 0,0/0,0 neg]
%     Score = -73.256,753381 (regressionFit = 73.256,753379, penalties=2.0300000000000005E-6) for clause:  medv(A) :- nox(A, 4), age(A, 4).  [covers 9,0/436,0 pos, 0,0/0,0 neg]
%     Score = -73.273,926636 (regressionFit = 73.273,926634, penalties=2.0500000000000003E-6) for clause:  medv(A) :- nox(A, 4), dis(A, 1).  [covers 11,0/436,0 pos, 0,0/0,0 neg]
%     Score = -70.537,551471 (regressionFit = 70.537,551469, penalties=2.0500000000000003E-6) for clause:  medv(A) :- nox(A, 4), dis(A, 6).  [covers 11,0/436,0 pos, 0,0/0,0 neg]
%     Score = -73.471,545489 (regressionFit = 73.471,545487, penalties=2.0500000000000003E-6) for clause:  medv(A) :- nox(A, 4), dis(A, 2).  [covers 6,0/436,0 pos, 0,0/0,0 neg]
%     Score = -72.992,051447 (regressionFit = 72.992,051445, penalties=2.0500000000000003E-6) for clause:  medv(A) :- nox(A, 4), rad(A, 7).  [covers 4,0/436,0 pos, 0,0/0,0 neg]
%     Score = -73.403,219933 (regressionFit = 73.403,219931, penalties=2.0500000000000003E-6) for clause:  medv(A) :- nox(A, 4), rad(A, 5).  [covers 14,0/436,0 pos, 0,0/0,0 neg]
%     Score = -72.992,051447 (regressionFit = 72.992,051445, penalties=2.0500000000000003E-6) for clause:  medv(A) :- nox(A, 4), tax(A, 222).  [covers 4,0/436,0 pos, 0,0/0,0 neg]
%     Score = -73.454,303408 (regressionFit = 73.454,303406, penalties=2.0500000000000003E-6) for clause:  medv(A) :- nox(A, 4), tax(A, 287).  [covers 8,0/436,0 pos, 0,0/0,0 neg]
%     Score = -73.110,210209 (regressionFit = 73.110,210207, penalties=2.0500000000000003E-6) for clause:  medv(A) :- nox(A, 4), ptratio(A, 3).  [covers 15,0/436,0 pos, 0,0/0,0 neg]
%     Score = -73.457,053638 (regressionFit = 73.457,053636, penalties=2.0500000000000003E-6) for clause:  medv(A) :- nox(A, 4), ptratio(A, 5).  [covers 12,0/436,0 pos, 0,0/0,0 neg]
%     Score = -73.177,663280 (regressionFit = 73.177,663278, penalties=2.0500000000000003E-6) for clause:  medv(A) :- nox(A, 4), b(A, 3).  [covers 7,0/436,0 pos, 0,0/0,0 neg]
%     Score = -73.013,523739 (regressionFit = 73.013,523737, penalties=2.0500000000000003E-6) for clause:  medv(A) :- nox(A, 4), b(A, 1).  [covers 17,0/436,0 pos, 0,0/0,0 neg]
%     Score = -72.822,838752 (regressionFit = 72.822,838750, penalties=2.0500000000000003E-6) for clause:  medv(A) :- nox(A, 4), lstat(A, 9).  [covers 9,0/436,0 pos, 0,0/0,0 neg]
%     Score = -73.460,949255 (regressionFit = 73.460,949253, penalties=2.0300000000000005E-6) for clause:  medv(A) :- nox(A, 4), lstat(A, 4).  [covers 5,0/436,0 pos, 0,0/0,0 neg]
%     Score = -69.921,712433 (regressionFit = 69.921,712431, penalties=2.0500000000000003E-6) for clause:  medv(A) :- nox(A, 6), crim(A, 1).  [covers 25,0/436,0 pos, 0,0/0,0 neg]
%     Score = -72.646,284687 (regressionFit = 72.646,284685, penalties=2.0500000000000003E-6) for clause:  medv(A) :- nox(A, 6), zn(A, 80).  [covers 13,0/436,0 pos, 0,0/0,0 neg]
%     Score = -73.127,454354 (regressionFit = 73.127,454352, penalties=2.0500000000000003E-6) for clause:  medv(A) :- nox(A, 6), indus(A, 5).  [covers 10,0/436,0 pos, 0,0/0,0 neg]
%     Score = -70.602,251085 (regressionFit = 70.602,251083, penalties=2.0500000000000003E-6) for clause:  medv(A) :- nox(A, 6), chas(A, 0).  [covers 47,0/436,0 pos, 0,0/0,0 neg]
%     Score = -72.281,787969 (regressionFit = 72.281,787967, penalties=2.0500000000000003E-6) for clause:  medv(A) :- nox(A, 6), rm(A, 4).  [covers 10,0/436,0 pos, 0,0/0,0 neg]
%     Score = -71.583,339905 (regressionFit = 71.583,339903, penalties=2.0500000000000003E-6) for clause:  medv(A) :- nox(A, 6), age(A, 8).  [covers 20,0/436,0 pos, 0,0/0,0 neg]
%     Score = -72.371,258871 (regressionFit = 72.371,258869, penalties=2.0500000000000003E-6) for clause:  medv(A) :- nox(A, 6), dis(A, 2).  [covers 13,0/436,0 pos, 0,0/0,0 neg]
%     Score = -72.386,618864 (regressionFit = 72.386,618862, penalties=2.0500000000000003E-6) for clause:  medv(A) :- nox(A, 6), rad(A, 4).  [covers 22,0/436,0 pos, 0,0/0,0 neg]
%     Score = -73.137,695510 (regressionFit = 73.137,695508, penalties=2.0500000000000003E-6) for clause:  medv(A) :- nox(A, 6), tax(A, 245).  [covers 3,0/436,0 pos, 0,0/0,0 neg]
%     Score = -73.224,400150 (regressionFit = 73.224,400148, penalties=2.0500000000000003E-6) for clause:  medv(A) :- nox(A, 6), ptratio(A, 5).  [covers 14,0/436,0 pos, 0,0/0,0 neg]
%     Score = -73.059,227444 (regressionFit = 73.059,227442, penalties=2.0500000000000003E-6) for clause:  medv(A) :- nox(A, 6), b(A, 1).  [covers 15,0/436,0 pos, 0,0/0,0 neg]
%     Score = -68.814,884927 (regressionFit = 68.814,884925, penalties=2.0500000000000003E-6) for clause:  medv(A) :- nox(A, 6), lstat(A, 3).  [covers 15,0/436,0 pos, 0,0/0,0 neg]
%     Score = -72.922,503175 (regressionFit = 72.922,503173, penalties=2.0500000000000003E-6) for clause:  medv(A) :- crim(A, 1), zn(A, 80).  [covers 8,0/436,0 pos, 0,0/0,0 neg]
%     Score = -73.338,089504 (regressionFit = 73.338,089502, penalties=2.0500000000000003E-6) for clause:  medv(A) :- crim(A, 1), indus(A, 5).  [covers 9,0/436,0 pos, 0,0/0,0 neg]
%     Score = -70.666,519130 (regressionFit = 70.666,519128, penalties=2.0500000000000003E-6) for clause:  medv(A) :- crim(A, 1), chas(A, 0).  [covers 48,0/436,0 pos, 0,0/0,0 neg]
%     Score = -69.921,712433 (regressionFit = 69.921,712431, penalties=2.0500000000000003E-6) for clause:  medv(A) :- crim(A, 1), nox(A, 6).  [covers 25,0/436,0 pos, 0,0/0,0 neg]
%     Score = -71.952,819471 (regressionFit = 71.952,819469, penalties=2.0500000000000003E-6) for clause:  medv(A) :- crim(A, 1), rm(A, 4).  [covers 11,0/436,0 pos, 0,0/0,0 neg]
%     Score = -71.744,701060 (regressionFit = 71.744,701058, penalties=2.0500000000000003E-6) for clause:  medv(A) :- crim(A, 1), age(A, 8).  [covers 17,0/436,0 pos, 0,0/0,0 neg]
%     Score = -72.574,007963 (regressionFit = 72.574,007961, penalties=2.0500000000000003E-6) for clause:  medv(A) :- crim(A, 1), dis(A, 2).  [covers 16,0/436,0 pos, 0,0/0,0 neg]
%     Score = -72.047,226487 (regressionFit = 72.047,226485, penalties=2.0500000000000003E-6) for clause:  medv(A) :- crim(A, 1), rad(A, 4).  [covers 11,0/436,0 pos, 0,0/0,0 neg]
%     Score = -Infinity (regressionFit = Infinity, penalties=2.0500000000000003E-6) for clause:  medv(A) :- crim(A, 1), tax(A, 245).  [covers 2,0/436,0 pos, 0,0/0,0 neg]
%     Score = -73.364,910706 (regressionFit = 73.364,910704, penalties=2.0500000000000003E-6) for clause:  medv(A) :- crim(A, 1), ptratio(A, 5).  [covers 4,0/436,0 pos, 0,0/0,0 neg]
%     Score = -73.383,218333 (regressionFit = 73.383,218331, penalties=2.0300000000000005E-6) for clause:  medv(A) :- crim(A, 1), b(A, 1).  [covers 11,0/436,0 pos, 0,0/0,0 neg]
%     Score = -67.660,715863 (regressionFit = 67.660,715861, penalties=2.0500000000000003E-6) for clause:  medv(A) :- crim(A, 1), lstat(A, 3).  [covers 20,0/436,0 pos, 0,0/0,0 neg]
%     Score = -73.469,556634 (regressionFit = 73.469,556632, penalties=2.0500000000000003E-6) for clause:  medv(A) :- rad(A, 5), crim(A, 4).  [covers 12,0/436,0 pos, 0,0/0,0 neg]
%     Score = -73.395,624601 (regressionFit = 73.395,624599, penalties=2.0500000000000003E-6) for clause:  medv(A) :- rad(A, 5), zn(A, 0).  [covers 76,0/436,0 pos, 0,0/0,0 neg]
%     Score = -73.469,949655 (regressionFit = 73.469,949653, penalties=2.0500000000000003E-6) for clause:  medv(A) :- rad(A, 5), indus(A, 3).  [covers 26,0/436,0 pos, 0,0/0,0 neg]
%     Score = -71.223,220598 (regressionFit = 71.223,220596, penalties=2.0500000000000003E-6) for clause:  medv(A) :- rad(A, 5), chas(A, 0).  [covers 101,0/436,0 pos, 0,0/0,0 neg]
%     Score = -73.403,219933 (regressionFit = 73.403,219931, penalties=2.0500000000000003E-6) for clause:  medv(A) :- rad(A, 5), nox(A, 4).  [covers 14,0/436,0 pos, 0,0/0,0 neg]
%     Score = -73.366,987959 (regressionFit = 73.366,987957, penalties=2.0300000000000005E-6) for clause:  medv(A) :- rad(A, 5), rm(A, 5).  [covers 10,0/436,0 pos, 0,0/0,0 neg]
%     Score = -73.445,327164 (regressionFit = 73.445,327162, penalties=2.0500000000000003E-6) for clause:  medv(A) :- rad(A, 5), age(A, 3).  [covers 18,0/436,0 pos, 0,0/0,0 neg]
%     Score = -73.437,408870 (regressionFit = 73.437,408868, penalties=2.0500000000000003E-6) for clause:  medv(A) :- rad(A, 5), dis(A, 2).  [covers 19,0/436,0 pos, 0,0/0,0 neg]
%     Score = -73.454,303408 (regressionFit = 73.454,303406, penalties=2.0500000000000003E-6) for clause:  medv(A) :- rad(A, 5), tax(A, 287).  [covers 8,0/436,0 pos, 0,0/0,0 neg]
%     Score = -73.457,053638 (regressionFit = 73.457,053636, penalties=2.0300000000000005E-6) for clause:  medv(A) :- rad(A, 5), ptratio(A, 5).  [covers 12,0/436,0 pos, 0,0/0,0 neg]
%     Score = -73.489,617459 (regressionFit = 73.489,617457, penalties=2.0500000000000003E-6) for clause:  medv(A) :- rad(A, 5), b(A, 1).  [covers 21,0/436,0 pos, 0,0/0,0 neg]
%     Score = -73.493,614674 (regressionFit = 73.493,614672, penalties=2.0500000000000003E-6) for clause:  medv(A) :- rad(A, 5), lstat(A, 4).  [covers 15,0/436,0 pos, 0,0/0,0 neg]

% The best node found: medv(A) :- rm(A, 3).  [covers 48,0/436,0 pos, 0,0/0,0 neg]

% The best node found: medv(A) :- rm(A, 3).  [covers 48,0/436,0 pos, 0,0/0,0 neg]
Setting 39.18480805243446 for 
 // Learned this clause on outer loop cycle #2.  It scores=-52.334,59 and has recall=0,11, precision=1,00, and F1=0,20 (using m-estimates).
 // It covers 11,0% of the positive examples, 48 of 436 (of which 47 are newly covered),
 // So far 136 (31,2%) of the positive examples have been covered.
(medv(A) :- rm(A, 3))

% On cycle #2, the best clause found is:
%      medv(A) :- rm(A, 3).  [covers 48,0/436,0 pos, 0,0/0,0 neg]
% This clause covers 48 positive examples, of which 47 are newly covered.
% It also covers 0 negative examples, of which 0 are newly covered.
% The current set of 2 best clauses covers 31,2% of the positive examples and NaN% of the negatives.}

% ******************************************

% Have stopped ILP's outer loop because have reached the maximum number of iterations (2).

% ******************************************
adding regression values
Added 13.629213483146067 to wgt = 13,6292 (medv(A) :- ptratio(A, 10), chas(A, 0))
Added 39.18480805243446 to wgt = 39,1848 (medv(A) :- rm(A, 3))
% Saving model in: data/boston_housing/train/models/bRDNs/medv.model.ckpt
% Time taken to learn 8 trees is 27,455 seconds.

% Kept 436 of the 436 positive examples.
% Kept 0 of the 0 negative examples.
% Dataset size: 436
Computing probabilities
prob time:650 milliseconds
No hidden examples for : medv
Time to build dataset: 655 milliseconds

% Have these 7 positive seeds: 58 70 93 179 225 318 422

% target           = medv(A)
%     Score = -Infinity (regressionFit = Infinity, penalties=1.1E-7) for clause:  medv(_).  [covers 436,0/436,0 pos, 0,0/0,0 neg]
% Unacceptable due to being the root node.
% Most-general root: medv(_).  [covers 436,0/436,0 pos, 0,0/0,0 neg]  score = -Infinity
%     Score = -39.638,483796 (regressionFit = 39.638,483795, penalties=1.03E-6) for clause:  medv(A) :- crim(A, 5).  [covers 49,0/436,0 pos, 0,0/0,0 neg]
% Gleaner: New best node found (score = -39.638,483796): medv(A) :- crim(A, 5).  [covers 49,0/436,0 pos, 0,0/0,0 neg]
%     Score = -38.882,625329 (regressionFit = 38.882,625328, penalties=1.03E-6) for clause:  medv(A) :- crim(A, 2).  [covers 51,0/436,0 pos, 0,0/0,0 neg]
% Gleaner: New best node found (score = -38.882,625329): medv(A) :- crim(A, 2).  [covers 51,0/436,0 pos, 0,0/0,0 neg]
%     Score = -39.272,609516 (regressionFit = 39.272,609515, penalties=1.03E-6) for clause:  medv(A) :- crim(A, 6).  [covers 43,0/436,0 pos, 0,0/0,0 neg]
%     Score = -39.590,451585 (regressionFit = 39.590,451584, penalties=1.03E-6) for clause:  medv(A) :- crim(A, 8).  [covers 32,0/436,0 pos, 0,0/0,0 neg]
%     Score = -34.695,562995 (regressionFit = 34.695,562994, penalties=1.03E-6) for clause:  medv(A) :- zn(A, 0).  [covers 307,0/436,0 pos, 0,0/0,0 neg]
% Gleaner: New best node found (score = -34.695,562995): medv(A) :- zn(A, 0).  [covers 307,0/436,0 pos, 0,0/0,0 neg]
%     Score = -36.297,445114 (regressionFit = 36.297,445113, penalties=1.03E-6) for clause:  medv(A) :- zn(A, 20).  [covers 21,0/436,0 pos, 0,0/0,0 neg]
%     Score = -39.356,067489 (regressionFit = 39.356,067488, penalties=1.03E-6) for clause:  medv(A) :- zn(A, 33).  [covers 4,0/436,0 pos, 0,0/0,0 neg]
%     Score = -39.631,729714 (regressionFit = 39.631,729712, penalties=1.03E-6) for clause:  medv(A) :- indus(A, 9).  [covers 29,0/436,0 pos, 0,0/0,0 neg]
%     Score = -35.626,344937 (regressionFit = 35.626,344936, penalties=1.03E-6) for clause:  medv(A) :- indus(A, 1).  [covers 48,0/436,0 pos, 0,0/0,0 neg]
%     Score = -36.297,050037 (regressionFit = 36.297,050036, penalties=1.03E-6) for clause:  medv(A) :- indus(A, 4).  [covers 49,0/436,0 pos, 0,0/0,0 neg]
%     Score = -33.338,864426 (regressionFit = 33.338,864425, penalties=1.03E-6) for clause:  medv(A) :- indus(A, 10).  [covers 90,0/436,0 pos, 0,0/0,0 neg]
% Gleaner: New best node found (score = -33.338,864426): medv(A) :- indus(A, 10).  [covers 90,0/436,0 pos, 0,0/0,0 neg]
%     Score = -39.638,397790 (regressionFit = 39.638,397788, penalties=1.03E-6) for clause:  medv(A) :- indus(A, 5).  [covers 48,0/436,0 pos, 0,0/0,0 neg]
%     Score = -38.577,903989 (regressionFit = 38.577,903988, penalties=1.03E-6) for clause:  medv(A) :- chas(A, 0).  [covers 401,0/436,0 pos, 0,0/0,0 neg]
%     Score = -38.577,903989 (regressionFit = 38.577,903988, penalties=1.03E-6) for clause:  medv(A) :- chas(A, 1).  [covers 35,0/436,0 pos, 0,0/0,0 neg]
%     Score = -37.626,311273 (regressionFit = 37.626,311271, penalties=1.03E-6) for clause:  medv(A) :- nox(A, 9).  [covers 42,0/436,0 pos, 0,0/0,0 neg]
%     Score = -39.461,939132 (regressionFit = 39.461,939131, penalties=1.03E-6) for clause:  medv(A) :- nox(A, 7).  [covers 32,0/436,0 pos, 0,0/0,0 neg]
%     Score = -38.164,984526 (regressionFit = 38.164,984525, penalties=1.03E-6) for clause:  medv(A) :- nox(A, 4).  [covers 48,0/436,0 pos, 0,0/0,0 neg]
%     Score = -38.985,899918 (regressionFit = 38.985,899917, penalties=1.03E-6) for clause:  medv(A) :- nox(A, 8).  [covers 36,0/436,0 pos, 0,0/0,0 neg]
%     Score = -32.266,679031 (regressionFit = 32.266,679030, penalties=1.03E-6) for clause:  medv(A) :- nox(A, 10).  [covers 42,0/436,0 pos, 0,0/0,0 neg]
% Gleaner: New best node found (score = -32.266,679031): medv(A) :- nox(A, 10).  [covers 42,0/436,0 pos, 0,0/0,0 neg]
%     Score = -38.931,488682 (regressionFit = 38.931,488680, penalties=1.03E-6) for clause:  medv(A) :- nox(A, 2).  [covers 48,0/436,0 pos, 0,0/0,0 neg]
%     Score = -36.786,815806 (regressionFit = 36.786,815805, penalties=1.03E-6) for clause:  medv(A) :- rm(A, 9).  [covers 44,0/436,0 pos, 0,0/0,0 neg]
%     Score = -23.480,474251 (regressionFit = 23.480,474250, penalties=1.03E-6) for clause:  medv(A) :- rm(A, 3).  [covers 48,0/436,0 pos, 0,0/0,0 neg]
% Gleaner: New best node found (score = -23.480,474251): medv(A) :- rm(A, 3).  [covers 48,0/436,0 pos, 0,0/0,0 neg]
%     Score = -37.815,121422 (regressionFit = 37.815,121421, penalties=1.03E-6) for clause:  medv(A) :- rm(A, 7).  [covers 44,0/436,0 pos, 0,0/0,0 neg]
%     Score = -39.337,639529 (regressionFit = 39.337,639528, penalties=1.03E-6) for clause:  medv(A) :- rm(A, 1).  [covers 43,0/436,0 pos, 0,0/0,0 neg]
%     Score = -39.105,555471 (regressionFit = 39.105,555470, penalties=1.03E-6) for clause:  medv(A) :- rm(A, 5).  [covers 39,0/436,0 pos, 0,0/0,0 neg]
%     Score = -39.236,069984 (regressionFit = 39.236,069983, penalties=1.03E-6) for clause:  medv(A) :- rm(A, 2).  [covers 44,0/436,0 pos, 0,0/0,0 neg]
%     Score = -37.201,871585 (regressionFit = 37.201,871584, penalties=1.03E-6) for clause:  medv(A) :- age(A, 6).  [covers 48,0/436,0 pos, 0,0/0,0 neg]
%     Score = -38.382,788094 (regressionFit = 38.382,788093, penalties=1.03E-6) for clause:  medv(A) :- age(A, 7).  [covers 43,0/436,0 pos, 0,0/0,0 neg]
%     Score = -39.637,162580 (regressionFit = 39.637,162579, penalties=1.03E-6) for clause:  medv(A) :- age(A, 9).  [covers 40,0/436,0 pos, 0,0/0,0 neg]
%     Score = -39.413,493695 (regressionFit = 39.413,493694, penalties=1.03E-6) for clause:  medv(A) :- age(A, 1).  [covers 43,0/436,0 pos, 0,0/0,0 neg]
%     Score = -39.591,251024 (regressionFit = 39.591,251023, penalties=1.03E-6) for clause:  medv(A) :- age(A, 2).  [covers 40,0/436,0 pos, 0,0/0,0 neg]
%     Score = -39.446,839819 (regressionFit = 39.446,839818, penalties=1.03E-6) for clause:  medv(A) :- age(A, 3).  [covers 46,0/436,0 pos, 0,0/0,0 neg]
%     Score = -37.799,267508 (regressionFit = 37.799,267507, penalties=1.03E-6) for clause:  medv(A) :- dis(A, 10).  [covers 51,0/436,0 pos, 0,0/0,0 neg]
%     Score = -39.604,062451 (regressionFit = 39.604,062450, penalties=1.03E-6) for clause:  medv(A) :- dis(A, 8).  [covers 42,0/436,0 pos, 0,0/0,0 neg]
%     Score = -38.756,088514 (regressionFit = 38.756,088513, penalties=1.03E-6) for clause:  medv(A) :- dis(A, 6).  [covers 32,0/436,0 pos, 0,0/0,0 neg]
%     Score = -39.019,388858 (regressionFit = 39.019,388857, penalties=1.03E-6) for clause:  medv(A) :- dis(A, 4).  [covers 45,0/436,0 pos, 0,0/0,0 neg]
%     Score = -38.980,541889 (regressionFit = 38.980,541888, penalties=1.03E-6) for clause:  medv(A) :- dis(A, 2).  [covers 50,0/436,0 pos, 0,0/0,0 neg]
%     Score = -38.686,454037 (regressionFit = 38.686,454036, penalties=1.03E-6) for clause:  medv(A) :- rad(A, 5).  [covers 112,0/436,0 pos, 0,0/0,0 neg]
%     Score = -38.771,365953 (regressionFit = 38.771,365952, penalties=1.03E-6) for clause:  medv(A) :- rad(A, 3).  [covers 37,0/436,0 pos, 0,0/0,0 neg]
%     Score = -39.323,052840 (regressionFit = 39.323,052839, penalties=1.03E-6) for clause:  medv(A) :- rad(A, 7).  [covers 16,0/436,0 pos, 0,0/0,0 neg]
%     Score = -33.338,864426 (regressionFit = 33.338,864425, penalties=1.03E-6) for clause:  medv(A) :- rad(A, 24).  [covers 90,0/436,0 pos, 0,0/0,0 neg]
%     Score = -39.631,729714 (regressionFit = 39.631,729712, penalties=1.03E-6) for clause:  medv(A) :- tax(A, 403).  [covers 29,0/436,0 pos, 0,0/0,0 neg]
%     Score = -38.252,905480 (regressionFit = 38.252,905479, penalties=1.03E-6) for clause:  medv(A) :- tax(A, 193).  [covers 8,0/436,0 pos, 0,0/0,0 neg]
%     Score = -36.912,120886 (regressionFit = 36.912,120885, penalties=1.03E-6) for clause:  medv(A) :- tax(A, 264).  [covers 12,0/436,0 pos, 0,0/0,0 neg]
%     Score = -39.075,442493 (regressionFit = 39.075,442492, penalties=1.03E-6) for clause:  medv(A) :- tax(A, 222).  [covers 7,0/436,0 pos, 0,0/0,0 neg]
%     Score = -33.338,864426 (regressionFit = 33.338,864425, penalties=1.03E-6) for clause:  medv(A) :- tax(A, 666).  [covers 90,0/436,0 pos, 0,0/0,0 neg]
%     Score = -39.636,849780 (regressionFit = 39.636,849779, penalties=1.03E-6) for clause:  medv(A) :- tax(A, 247).  [covers 4,0/436,0 pos, 0,0/0,0 neg]
%     Score = -36.925,257023 (regressionFit = 36.925,257022, penalties=1.03E-6) for clause:  medv(A) :- ptratio(A, 9).  [covers 50,0/436,0 pos, 0,0/0,0 neg]
%     Score = -38.966,688030 (regressionFit = 38.966,688029, penalties=1.03E-6) for clause:  medv(A) :- ptratio(A, 2).  [covers 47,0/436,0 pos, 0,0/0,0 neg]
%     Score = -39.612,829713 (regressionFit = 39.612,829712, penalties=1.03E-6) for clause:  medv(A) :- ptratio(A, 3).  [covers 51,0/436,0 pos, 0,0/0,0 neg]
%     Score = -33.258,024644 (regressionFit = 33.258,024643, penalties=1.03E-6) for clause:  medv(A) :- ptratio(A, 10).  [covers 97,0/436,0 pos, 0,0/0,0 neg]
%     Score = -39.276,288518 (regressionFit = 39.276,288517, penalties=1.03E-6) for clause:  medv(A) :- b(A, 9).  [covers 41,0/436,0 pos, 0,0/0,0 neg]
%     Score = -39.108,046447 (regressionFit = 39.108,046446, penalties=1.03E-6) for clause:  medv(A) :- b(A, 6).  [covers 47,0/436,0 pos, 0,0/0,0 neg]
%     Score = -39.176,403297 (regressionFit = 39.176,403296, penalties=1.03E-6) for clause:  medv(A) :- b(A, 2).  [covers 40,0/436,0 pos, 0,0/0,0 neg]
%     Score = -39.164,167208 (regressionFit = 39.164,167207, penalties=1.03E-6) for clause:  medv(A) :- b(A, 8).  [covers 46,0/436,0 pos, 0,0/0,0 neg]
%     Score = -39.157,831180 (regressionFit = 39.157,831179, penalties=1.03E-6) for clause:  medv(A) :- b(A, 1).  [covers 102,0/436,0 pos, 0,0/0,0 neg]
%     Score = -39.281,193173 (regressionFit = 39.281,193172, penalties=1.03E-6) for clause:  medv(A) :- lstat(A, 4).  [covers 42,0/436,0 pos, 0,0/0,0 neg]
%     Score = -24.407,574434 (regressionFit = 24.407,574433, penalties=1.03E-6) for clause:  medv(A) :- lstat(A, 3).  [covers 51,0/436,0 pos, 0,0/0,0 neg]
%     Score = -38.918,740579 (regressionFit = 38.918,740578, penalties=1.03E-6) for clause:  medv(A) :- lstat(A, 10).  [covers 38,0/436,0 pos, 0,0/0,0 neg]
%     Score = -39.589,839740 (regressionFit = 39.589,839739, penalties=1.03E-6) for clause:  medv(A) :- lstat(A, 8).  [covers 44,0/436,0 pos, 0,0/0,0 neg]
%     Score = -39.453,241317 (regressionFit = 39.453,241316, penalties=1.03E-6) for clause:  medv(A) :- lstat(A, 2).  [covers 45,0/436,0 pos, 0,0/0,0 neg]
%     Score = -36.454,238096 (regressionFit = 36.454,238095, penalties=1.03E-6) for clause:  medv(A) :- lstat(A, 5).  [covers 39,0/436,0 pos, 0,0/0,0 neg]
%     Score = -36.519,263254 (regressionFit = 36.519,263252, penalties=2.0500000000000003E-6) for clause:  medv(A) :- rm(A, 3), crim(A, 5).  [covers 7,0/436,0 pos, 0,0/0,0 neg]
%     Score = -33.346,996083 (regressionFit = 33.346,996081, penalties=2.0500000000000003E-6) for clause:  medv(A) :- rm(A, 3), zn(A, 0).  [covers 21,0/436,0 pos, 0,0/0,0 neg]
%     Score = -35.439,174818 (regressionFit = 35.439,174816, penalties=2.0500000000000003E-6) for clause:  medv(A) :- rm(A, 3), zn(A, 20).  [covers 12,0/436,0 pos, 0,0/0,0 neg]
%     Score = -36.730,444967 (regressionFit = 36.730,444965, penalties=2.0500000000000003E-6) for clause:  medv(A) :- rm(A, 3), indus(A, 9).  [covers 4,0/436,0 pos, 0,0/0,0 neg]
%     Score = -34.834,156115 (regressionFit = 34.834,156113, penalties=2.0500000000000003E-6) for clause:  medv(A) :- rm(A, 3), indus(A, 4).  [covers 14,0/436,0 pos, 0,0/0,0 neg]
%     Score = -37.399,797333 (regressionFit = 37.399,797331, penalties=2.0500000000000003E-6) for clause:  medv(A) :- rm(A, 3), chas(A, 1).  [covers 7,0/436,0 pos, 0,0/0,0 neg]
%     Score = -26.196,537093 (regressionFit = 26.196,537091, penalties=2.0500000000000003E-6) for clause:  medv(A) :- rm(A, 3), chas(A, 0).  [covers 41,0/436,0 pos, 0,0/0,0 neg]
%     Score = -35.602,767487 (regressionFit = 35.602,767484, penalties=2.0500000000000003E-6) for clause:  medv(A) :- rm(A, 3), nox(A, 7).  [covers 6,0/436,0 pos, 0,0/0,0 neg]
%     Score = -37.648,485531 (regressionFit = 37.648,485529, penalties=2.0500000000000003E-6) for clause:  medv(A) :- rm(A, 3), nox(A, 8).  [covers 7,0/436,0 pos, 0,0/0,0 neg]
%     Score = -Infinity (regressionFit = Infinity, penalties=2.0500000000000003E-6) for clause:  medv(A) :- rm(A, 3), age(A, 7).  [covers 2,0/436,0 pos, 0,0/0,0 neg]
%     Score = -36.553,219751 (regressionFit = 36.553,219749, penalties=2.0500000000000003E-6) for clause:  medv(A) :- rm(A, 3), dis(A, 8).  [covers 7,0/436,0 pos, 0,0/0,0 neg]
%     Score = -32.493,059592 (regressionFit = 32.493,059590, penalties=2.0500000000000003E-6) for clause:  medv(A) :- rm(A, 3), rad(A, 5).  [covers 17,0/436,0 pos, 0,0/0,0 neg]
%     Score = -36.730,444967 (regressionFit = 36.730,444965, penalties=2.0500000000000003E-6) for clause:  medv(A) :- rm(A, 3), tax(A, 403).  [covers 4,0/436,0 pos, 0,0/0,0 neg]
%     Score = -36.577,645226 (regressionFit = 36.577,645224, penalties=2.0500000000000003E-6) for clause:  medv(A) :- rm(A, 3), tax(A, 264).  [covers 9,0/436,0 pos, 0,0/0,0 neg]
%     Score = -30.474,209275 (regressionFit = 30.474,209273, penalties=2.0500000000000003E-6) for clause:  medv(A) :- rm(A, 3), ptratio(A, 9).  [covers 20,0/436,0 pos, 0,0/0,0 neg]
%     Score = -35.893,330305 (regressionFit = 35.893,330303, penalties=2.0500000000000003E-6) for clause:  medv(A) :- rm(A, 3), b(A, 6).  [covers 10,0/436,0 pos, 0,0/0,0 neg]
%     Score = -37.742,535135 (regressionFit = 37.742,535133, penalties=2.0500000000000003E-6) for clause:  medv(A) :- rm(A, 3), b(A, 2).  [covers 7,0/436,0 pos, 0,0/0,0 neg]
%     Score = -26.520,951356 (regressionFit = 26.520,951354, penalties=2.0300000000000005E-6) for clause:  medv(A) :- rm(A, 3), lstat(A, 3).  [covers 26,0/436,0 pos, 0,0/0,0 neg]
%     Score = -Infinity (regressionFit = Infinity, penalties=2.0500000000000003E-6) for clause:  medv(A) :- rm(A, 3), lstat(A, 8).  [covers 2,0/436,0 pos, 0,0/0,0 neg]
%     Score = -37.578,508856 (regressionFit = 37.578,508854, penalties=2.0500000000000003E-6) for clause:  medv(A) :- lstat(A, 3), crim(A, 5).  [covers 4,0/436,0 pos, 0,0/0,0 neg]
%     Score = -30.434,448019 (regressionFit = 30.434,448017, penalties=2.0500000000000003E-6) for clause:  medv(A) :- lstat(A, 3), zn(A, 0).  [covers 21,0/436,0 pos, 0,0/0,0 neg]
%     Score = -36.452,103823 (regressionFit = 36.452,103821, penalties=2.0500000000000003E-6) for clause:  medv(A) :- lstat(A, 3), indus(A, 9).  [covers 5,0/436,0 pos, 0,0/0,0 neg]
%     Score = -35.684,538367 (regressionFit = 35.684,538365, penalties=2.0500000000000003E-6) for clause:  medv(A) :- lstat(A, 3), chas(A, 1).  [covers 8,0/436,0 pos, 0,0/0,0 neg]
%     Score = -36.044,382184 (regressionFit = 36.044,382182, penalties=2.0500000000000003E-6) for clause:  medv(A) :- lstat(A, 3), nox(A, 7).  [covers 6,0/436,0 pos, 0,0/0,0 neg]
%     Score = -Infinity (regressionFit = Infinity, penalties=2.0500000000000003E-6) for clause:  medv(A) :- lstat(A, 3), age(A, 7).  [covers 1,0/436,0 pos, 0,0/0,0 neg]
%     Score = -36.730,444967 (regressionFit = 36.730,444965, penalties=2.0500000000000003E-6) for clause:  medv(A) :- lstat(A, 3), dis(A, 8).  [covers 4,0/436,0 pos, 0,0/0,0 neg]
%     Score = -35.156,204551 (regressionFit = 35.156,204549, penalties=2.0500000000000003E-6) for clause:  medv(A) :- lstat(A, 3), rad(A, 5).  [covers 14,0/436,0 pos, 0,0/0,0 neg]
%     Score = -36.452,103823 (regressionFit = 36.452,103821, penalties=2.0500000000000003E-6) for clause:  medv(A) :- lstat(A, 3), tax(A, 403).  [covers 5,0/436,0 pos, 0,0/0,0 neg]
%     Score = -32.873,600981 (regressionFit = 32.873,600979, penalties=2.0500000000000003E-6) for clause:  medv(A) :- lstat(A, 3), ptratio(A, 9).  [covers 12,0/436,0 pos, 0,0/0,0 neg]
%     Score = -37.004,711285 (regressionFit = 37.004,711283, penalties=2.0500000000000003E-6) for clause:  medv(A) :- lstat(A, 3), b(A, 6).  [covers 5,0/436,0 pos, 0,0/0,0 neg]
%     Score = -37.215,733999 (regressionFit = 37.215,733996, penalties=3.0700000000000003E-6) for clause:  medv(A) :- rm(A, 3), chas(A, 0), crim(A, 5).  [covers 6,0/436,0 pos, 0,0/0,0 neg]
%     Score = -36.078,923546 (regressionFit = 36.078,923542, penalties=3.0700000000000003E-6) for clause:  medv(A) :- rm(A, 3), chas(A, 0), zn(A, 20).  [covers 10,0/436,0 pos, 0,0/0,0 neg]
%     Score = -35.359,540923 (regressionFit = 35.359,540920, penalties=3.0700000000000003E-6) for clause:  medv(A) :- rm(A, 3), chas(A, 0), indus(A, 4).  [covers 13,0/436,0 pos, 0,0/0,0 neg]
%     Score = -37.648,485532 (regressionFit = 37.648,485529, penalties=3.0700000000000003E-6) for clause:  medv(A) :- rm(A, 3), chas(A, 0), nox(A, 8).  [covers 7,0/436,0 pos, 0,0/0,0 neg]
%     Score = -Infinity (regressionFit = Infinity, penalties=3.0700000000000003E-6) for clause:  medv(A) :- rm(A, 3), chas(A, 0), age(A, 7).  [covers 1,0/436,0 pos, 0,0/0,0 neg]
%     Score = -37.922,481866 (regressionFit = 37.922,481863, penalties=3.0700000000000003E-6) for clause:  medv(A) :- rm(A, 3), chas(A, 0), dis(A, 8).  [covers 5,0/436,0 pos, 0,0/0,0 neg]
%     Score = -34.450,185229 (regressionFit = 34.450,185226, penalties=3.0700000000000003E-6) for clause:  medv(A) :- rm(A, 3), chas(A, 0), rad(A, 5).  [covers 14,0/436,0 pos, 0,0/0,0 neg]
%     Score = -36.577,645227 (regressionFit = 36.577,645224, penalties=3.0700000000000003E-6) for clause:  medv(A) :- rm(A, 3), chas(A, 0), tax(A, 264).  [covers 9,0/436,0 pos, 0,0/0,0 neg]
%     Score = -32.659,388051 (regressionFit = 32.659,388047, penalties=3.0700000000000003E-6) for clause:  medv(A) :- rm(A, 3), chas(A, 0), ptratio(A, 9).  [covers 17,0/436,0 pos, 0,0/0,0 neg]
%     Score = -37.742,535136 (regressionFit = 37.742,535133, penalties=3.0700000000000003E-6) for clause:  medv(A) :- rm(A, 3), chas(A, 0), b(A, 2).  [covers 7,0/436,0 pos, 0,0/0,0 neg]
%     Score = -Infinity (regressionFit = Infinity, penalties=3.0700000000000003E-6) for clause:  medv(A) :- rm(A, 3), chas(A, 0), lstat(A, 8).  [covers 2,0/436,0 pos, 0,0/0,0 neg]
%     Score = -37.887,991046 (regressionFit = 37.887,991043, penalties=3.0500000000000004E-6) for clause:  medv(A) :- rm(A, 3), lstat(A, 3), crim(A, 5).  [covers 3,0/436,0 pos, 0,0/0,0 neg]
%     Score = -32.452,423049 (regressionFit = 32.452,423046, penalties=3.0500000000000004E-6) for clause:  medv(A) :- rm(A, 3), lstat(A, 3), zn(A, 0).  [covers 14,0/436,0 pos, 0,0/0,0 neg]
%     Score = -36.730,444968 (regressionFit = 36.730,444965, penalties=3.0500000000000004E-6) for clause:  medv(A) :- rm(A, 3), lstat(A, 3), indus(A, 9).  [covers 4,0/436,0 pos, 0,0/0,0 neg]
%     Score = -36.943,109783 (regressionFit = 36.943,109780, penalties=3.0500000000000004E-6) for clause:  medv(A) :- rm(A, 3), lstat(A, 3), chas(A, 1).  [covers 4,0/436,0 pos, 0,0/0,0 neg]
%     Score = -36.339,406859 (regressionFit = 36.339,406856, penalties=3.0500000000000004E-6) for clause:  medv(A) :- rm(A, 3), lstat(A, 3), nox(A, 7).  [covers 5,0/436,0 pos, 0,0/0,0 neg]
%     Score = -Infinity (regressionFit = Infinity, penalties=3.0500000000000004E-6) for clause:  medv(A) :- rm(A, 3), lstat(A, 3), age(A, 7).  [covers 1,0/436,0 pos, 0,0/0,0 neg]
%     Score = -36.730,444968 (regressionFit = 36.730,444965, penalties=3.0500000000000004E-6) for clause:  medv(A) :- rm(A, 3), lstat(A, 3), dis(A, 8).  [covers 4,0/436,0 pos, 0,0/0,0 neg]
%     Score = -35.232,515657 (regressionFit = 35.232,515654, penalties=3.0500000000000004E-6) for clause:  medv(A) :- rm(A, 3), lstat(A, 3), rad(A, 5).  [covers 8,0/436,0 pos, 0,0/0,0 neg]
%     Score = -36.730,444968 (regressionFit = 36.730,444965, penalties=3.0500000000000004E-6) for clause:  medv(A) :- rm(A, 3), lstat(A, 3), tax(A, 403).  [covers 4,0/436,0 pos, 0,0/0,0 neg]
%     Score = -33.195,924912 (regressionFit = 33.195,924909, penalties=3.0500000000000004E-6) for clause:  medv(A) :- rm(A, 3), lstat(A, 3), ptratio(A, 9).  [covers 11,0/436,0 pos, 0,0/0,0 neg]
%     Score = -37.004,711286 (regressionFit = 37.004,711283, penalties=3.0500000000000004E-6) for clause:  medv(A) :- rm(A, 3), lstat(A, 3), b(A, 6).  [covers 5,0/436,0 pos, 0,0/0,0 neg]
%     Score = -37.578,508857 (regressionFit = 37.578,508854, penalties=3.0700000000000003E-6) for clause:  medv(A) :- lstat(A, 3), zn(A, 0), crim(A, 5).  [covers 4,0/436,0 pos, 0,0/0,0 neg]
%     Score = -36.452,103824 (regressionFit = 36.452,103821, penalties=3.0700000000000003E-6) for clause:  medv(A) :- lstat(A, 3), zn(A, 0), indus(A, 9).  [covers 5,0/436,0 pos, 0,0/0,0 neg]
%     Score = -36.730,444968 (regressionFit = 36.730,444965, penalties=3.0700000000000003E-6) for clause:  medv(A) :- lstat(A, 3), zn(A, 0), chas(A, 1).  [covers 4,0/436,0 pos, 0,0/0,0 neg]
%     Score = -36.452,103824 (regressionFit = 36.452,103821, penalties=3.0700000000000003E-6) for clause:  medv(A) :- lstat(A, 3), zn(A, 0), nox(A, 7).  [covers 5,0/436,0 pos, 0,0/0,0 neg]
%     Score = -32.452,423049 (regressionFit = 32.452,423046, penalties=3.0500000000000004E-6) for clause:  medv(A) :- lstat(A, 3), zn(A, 0), rm(A, 3).  [covers 14,0/436,0 pos, 0,0/0,0 neg]
%     Score = -Infinity (regressionFit = Infinity, penalties=3.0700000000000003E-6) for clause:  medv(A) :- lstat(A, 3), zn(A, 0), age(A, 7).  [covers 1,0/436,0 pos, 0,0/0,0 neg]
%     Score = -36.730,444968 (regressionFit = 36.730,444965, penalties=3.0700000000000003E-6) for clause:  medv(A) :- lstat(A, 3), zn(A, 0), dis(A, 8).  [covers 4,0/436,0 pos, 0,0/0,0 neg]
%     Score = -36.452,103824 (regressionFit = 36.452,103821, penalties=3.0700000000000003E-6) for clause:  medv(A) :- lstat(A, 3), zn(A, 0), rad(A, 5).  [covers 5,0/436,0 pos, 0,0/0,0 neg]
%     Score = -36.452,103824 (regressionFit = 36.452,103821, penalties=3.0700000000000003E-6) for clause:  medv(A) :- lstat(A, 3), zn(A, 0), tax(A, 403).  [covers 5,0/436,0 pos, 0,0/0,0 neg]
%     Score = -36.452,103824 (regressionFit = 36.452,103821, penalties=3.0700000000000003E-6) for clause:  medv(A) :- lstat(A, 3), zn(A, 0), ptratio(A, 9).  [covers 5,0/436,0 pos, 0,0/0,0 neg]
%     Score = -Infinity (regressionFit = Infinity, penalties=3.0700000000000003E-6) for clause:  medv(A) :- lstat(A, 3), zn(A, 0), b(A, 6).  [covers 2,0/436,0 pos, 0,0/0,0 neg]
%     Score = -36.868,202061 (regressionFit = 36.868,202058, penalties=3.0700000000000003E-6) for clause:  medv(A) :- rm(A, 3), ptratio(A, 9), crim(A, 5).  [covers 6,0/436,0 pos, 0,0/0,0 neg]
%     Score = -36.730,444968 (regressionFit = 36.730,444965, penalties=3.0700000000000003E-6) for clause:  medv(A) :- rm(A, 3), ptratio(A, 9), zn(A, 0).  [covers 4,0/436,0 pos, 0,0/0,0 neg]
%     Score = -36.577,645227 (regressionFit = 36.577,645224, penalties=3.0700000000000003E-6) for clause:  medv(A) :- rm(A, 3), ptratio(A, 9), zn(A, 20).  [covers 9,0/436,0 pos, 0,0/0,0 neg]
%     Score = -36.730,444968 (regressionFit = 36.730,444965, penalties=3.0500000000000004E-6) for clause:  medv(A) :- rm(A, 3), ptratio(A, 9), indus(A, 9).  [covers 4,0/436,0 pos, 0,0/0,0 neg]
%     Score = -36.577,645227 (regressionFit = 36.577,645224, penalties=3.0700000000000003E-6) for clause:  medv(A) :- rm(A, 3), ptratio(A, 9), indus(A, 4).  [covers 9,0/436,0 pos, 0,0/0,0 neg]
%     Score = -37.462,495603 (regressionFit = 37.462,495600, penalties=3.0700000000000003E-6) for clause:  medv(A) :- rm(A, 3), ptratio(A, 9), chas(A, 1).  [covers 3,0/436,0 pos, 0,0/0,0 neg]
%     Score = -32.659,388051 (regressionFit = 32.659,388047, penalties=3.0700000000000003E-6) for clause:  medv(A) :- rm(A, 3), ptratio(A, 9), chas(A, 0).  [covers 17,0/436,0 pos, 0,0/0,0 neg]
%     Score = -35.602,767488 (regressionFit = 35.602,767484, penalties=3.0700000000000003E-6) for clause:  medv(A) :- rm(A, 3), ptratio(A, 9), nox(A, 7).  [covers 6,0/436,0 pos, 0,0/0,0 neg]
%     Score = -37.648,485532 (regressionFit = 37.648,485529, penalties=3.0700000000000003E-6) for clause:  medv(A) :- rm(A, 3), ptratio(A, 9), nox(A, 8).  [covers 7,0/436,0 pos, 0,0/0,0 neg]
%     Score = -Infinity (regressionFit = Infinity, penalties=3.0700000000000003E-6) for clause:  medv(A) :- rm(A, 3), ptratio(A, 9), age(A, 7).  [covers 2,0/436,0 pos, 0,0/0,0 neg]
%     Score = -36.553,219752 (regressionFit = 36.553,219749, penalties=3.0700000000000003E-6) for clause:  medv(A) :- rm(A, 3), ptratio(A, 9), dis(A, 8).  [covers 7,0/436,0 pos, 0,0/0,0 neg]
%     Score = -33.789,334758 (regressionFit = 33.789,334755, penalties=3.0700000000000003E-6) for clause:  medv(A) :- rm(A, 3), ptratio(A, 9), rad(A, 5).  [covers 13,0/436,0 pos, 0,0/0,0 neg]
%     Score = -36.730,444968 (regressionFit = 36.730,444965, penalties=3.0700000000000003E-6) for clause:  medv(A) :- rm(A, 3), ptratio(A, 9), tax(A, 403).  [covers 4,0/436,0 pos, 0,0/0,0 neg]
%     Score = -36.577,645227 (regressionFit = 36.577,645224, penalties=3.0700000000000003E-6) for clause:  medv(A) :- rm(A, 3), ptratio(A, 9), tax(A, 264).  [covers 9,0/436,0 pos, 0,0/0,0 neg]
%     Score = -35.955,112511 (regressionFit = 35.955,112508, penalties=3.0700000000000003E-6) for clause:  medv(A) :- rm(A, 3), ptratio(A, 9), b(A, 6).  [covers 6,0/436,0 pos, 0,0/0,0 neg]
%     Score = -38.868,100732 (regressionFit = 38.868,100729, penalties=3.0700000000000003E-6) for clause:  medv(A) :- rm(A, 3), ptratio(A, 9), b(A, 2).  [covers 4,0/436,0 pos, 0,0/0,0 neg]
%     Score = -33.195,924912 (regressionFit = 33.195,924909, penalties=3.0500000000000004E-6) for clause:  medv(A) :- rm(A, 3), ptratio(A, 9), lstat(A, 3).  [covers 11,0/436,0 pos, 0,0/0,0 neg]
%     Score = -Infinity (regressionFit = Infinity, penalties=3.0700000000000003E-6) for clause:  medv(A) :- rm(A, 3), ptratio(A, 9), lstat(A, 8).  [covers 2,0/436,0 pos, 0,0/0,0 neg]
%     Score = -Infinity (regressionFit = Infinity, penalties=2.0500000000000003E-6) for clause:  medv(A) :- nox(A, 10), crim(A, 8).  [covers 2,0/436,0 pos, 0,0/0,0 neg]
%     Score = -32.266,679032 (regressionFit = 32.266,679030, penalties=2.0500000000000003E-6) for clause:  medv(A) :- nox(A, 10), zn(A, 0).  [covers 42,0/436,0 pos, 0,0/0,0 neg]
%     Score = -32.266,679032 (regressionFit = 32.266,679030, penalties=2.0300000000000005E-6) for clause:  medv(A) :- nox(A, 10), indus(A, 10).  [covers 42,0/436,0 pos, 0,0/0,0 neg]
%     Score = -32.266,679032 (regressionFit = 32.266,679030, penalties=2.0500000000000003E-6) for clause:  medv(A) :- nox(A, 10), chas(A, 0).  [covers 42,0/436,0 pos, 0,0/0,0 neg]
%     Score = -39.297,323931 (regressionFit = 39.297,323929, penalties=2.0500000000000003E-6) for clause:  medv(A) :- nox(A, 10), rm(A, 5).  [covers 3,0/436,0 pos, 0,0/0,0 neg]
%     Score = -39.006,198987 (regressionFit = 39.006,198985, penalties=2.0500000000000003E-6) for clause:  medv(A) :- nox(A, 10), age(A, 2).  [covers 5,0/436,0 pos, 0,0/0,0 neg]
%     Score = -Infinity (regressionFit = Infinity, penalties=2.0500000000000003E-6) for clause:  medv(A) :- nox(A, 10), dis(A, 8).  [covers 2,0/436,0 pos, 0,0/0,0 neg]
%     Score = -32.266,679032 (regressionFit = 32.266,679030, penalties=2.0500000000000003E-6) for clause:  medv(A) :- nox(A, 10), rad(A, 24).  [covers 42,0/436,0 pos, 0,0/0,0 neg]
%     Score = -32.266,679032 (regressionFit = 32.266,679030, penalties=2.0500000000000003E-6) for clause:  medv(A) :- nox(A, 10), tax(A, 666).  [covers 42,0/436,0 pos, 0,0/0,0 neg]
%     Score = -32.266,679032 (regressionFit = 32.266,679030, penalties=2.0300000000000005E-6) for clause:  medv(A) :- nox(A, 10), ptratio(A, 10).  [covers 42,0/436,0 pos, 0,0/0,0 neg]
%     Score = -39.445,453492 (regressionFit = 39.445,453490, penalties=2.0500000000000003E-6) for clause:  medv(A) :- nox(A, 10), b(A, 8).  [covers 3,0/436,0 pos, 0,0/0,0 neg]
%     Score = -37.564,264739 (regressionFit = 37.564,264737, penalties=2.0500000000000003E-6) for clause:  medv(A) :- nox(A, 10), lstat(A, 5).  [covers 14,0/436,0 pos, 0,0/0,0 neg]
%     Score = -Infinity (regressionFit = Infinity, penalties=3.0500000000000004E-6) for clause:  medv(A) :- nox(A, 10), indus(A, 10), crim(A, 8).  [covers 2,0/436,0 pos, 0,0/0,0 neg]
%     Score = -32.266,679033 (regressionFit = 32.266,679030, penalties=3.0500000000000004E-6) for clause:  medv(A) :- nox(A, 10), indus(A, 10), zn(A, 0).  [covers 42,0/436,0 pos, 0,0/0,0 neg]
%     Score = -32.266,679033 (regressionFit = 32.266,679030, penalties=3.0500000000000004E-6) for clause:  medv(A) :- nox(A, 10), indus(A, 10), chas(A, 0).  [covers 42,0/436,0 pos, 0,0/0,0 neg]
%     Score = -39.297,323932 (regressionFit = 39.297,323929, penalties=3.0500000000000004E-6) for clause:  medv(A) :- nox(A, 10), indus(A, 10), rm(A, 5).  [covers 3,0/436,0 pos, 0,0/0,0 neg]
%     Score = -39.006,198988 (regressionFit = 39.006,198985, penalties=3.0500000000000004E-6) for clause:  medv(A) :- nox(A, 10), indus(A, 10), age(A, 2).  [covers 5,0/436,0 pos, 0,0/0,0 neg]
%     Score = -Infinity (regressionFit = Infinity, penalties=3.0500000000000004E-6) for clause:  medv(A) :- nox(A, 10), indus(A, 10), dis(A, 8).  [covers 2,0/436,0 pos, 0,0/0,0 neg]
%     Score = -32.266,679033 (regressionFit = 32.266,679030, penalties=3.0500000000000004E-6) for clause:  medv(A) :- nox(A, 10), indus(A, 10), rad(A, 24).  [covers 42,0/436,0 pos, 0,0/0,0 neg]
%     Score = -32.266,679033 (regressionFit = 32.266,679030, penalties=3.0500000000000004E-6) for clause:  medv(A) :- nox(A, 10), indus(A, 10), tax(A, 666).  [covers 42,0/436,0 pos, 0,0/0,0 neg]
%     Score = -32.266,679033 (regressionFit = 32.266,679030, penalties=3.0300000000000006E-6) for clause:  medv(A) :- nox(A, 10), indus(A, 10), ptratio(A, 10).  [covers 42,0/436,0 pos, 0,0/0,0 neg]
%     Score = -39.445,453493 (regressionFit = 39.445,453490, penalties=3.0500000000000004E-6) for clause:  medv(A) :- nox(A, 10), indus(A, 10), b(A, 8).  [covers 3,0/436,0 pos, 0,0/0,0 neg]
%     Score = -37.564,264740 (regressionFit = 37.564,264737, penalties=3.0500000000000004E-6) for clause:  medv(A) :- nox(A, 10), indus(A, 10), lstat(A, 5).  [covers 14,0/436,0 pos, 0,0/0,0 neg]
%     Score = -Infinity (regressionFit = Infinity, penalties=3.0500000000000004E-6) for clause:  medv(A) :- nox(A, 10), ptratio(A, 10), crim(A, 8).  [covers 2,0/436,0 pos, 0,0/0,0 neg]
%     Score = -32.266,679033 (regressionFit = 32.266,679030, penalties=3.0500000000000004E-6) for clause:  medv(A) :- nox(A, 10), ptratio(A, 10), zn(A, 0).  [covers 42,0/436,0 pos, 0,0/0,0 neg]
%     Score = -32.266,679033 (regressionFit = 32.266,679030, penalties=3.0300000000000006E-6) for clause:  medv(A) :- nox(A, 10), ptratio(A, 10), indus(A, 10).  [covers 42,0/436,0 pos, 0,0/0,0 neg]
%     Score = -32.266,679033 (regressionFit = 32.266,679030, penalties=3.0500000000000004E-6) for clause:  medv(A) :- nox(A, 10), ptratio(A, 10), chas(A, 0).  [covers 42,0/436,0 pos, 0,0/0,0 neg]
%     Score = -39.297,323932 (regressionFit = 39.297,323929, penalties=3.0500000000000004E-6) for clause:  medv(A) :- nox(A, 10), ptratio(A, 10), rm(A, 5).  [covers 3,0/436,0 pos, 0,0/0,0 neg]
%     Score = -39.006,198988 (regressionFit = 39.006,198985, penalties=3.0500000000000004E-6) for clause:  medv(A) :- nox(A, 10), ptratio(A, 10), age(A, 2).  [covers 5,0/436,0 pos, 0,0/0,0 neg]
%     Score = -Infinity (regressionFit = Infinity, penalties=3.0500000000000004E-6) for clause:  medv(A) :- nox(A, 10), ptratio(A, 10), dis(A, 8).  [covers 2,0/436,0 pos, 0,0/0,0 neg]
%     Score = -32.266,679033 (regressionFit = 32.266,679030, penalties=3.0500000000000004E-6) for clause:  medv(A) :- nox(A, 10), ptratio(A, 10), rad(A, 24).  [covers 42,0/436,0 pos, 0,0/0,0 neg]
%     Score = -32.266,679033 (regressionFit = 32.266,679030, penalties=3.0500000000000004E-6) for clause:  medv(A) :- nox(A, 10), ptratio(A, 10), tax(A, 666).  [covers 42,0/436,0 pos, 0,0/0,0 neg]
%     Score = -39.445,453493 (regressionFit = 39.445,453490, penalties=3.0500000000000004E-6) for clause:  medv(A) :- nox(A, 10), ptratio(A, 10), b(A, 8).  [covers 3,0/436,0 pos, 0,0/0,0 neg]
%     Score = -37.564,264740 (regressionFit = 37.564,264737, penalties=3.0500000000000004E-6) for clause:  medv(A) :- nox(A, 10), ptratio(A, 10), lstat(A, 5).  [covers 14,0/436,0 pos, 0,0/0,0 neg]
%     Score = -Infinity (regressionFit = Infinity, penalties=3.0700000000000003E-6) for clause:  medv(A) :- nox(A, 10), zn(A, 0), crim(A, 8).  [covers 2,0/436,0 pos, 0,0/0,0 neg]
%     Score = -32.266,679033 (regressionFit = 32.266,679030, penalties=3.0500000000000004E-6) for clause:  medv(A) :- nox(A, 10), zn(A, 0), indus(A, 10).  [covers 42,0/436,0 pos, 0,0/0,0 neg]
%     Score = -32.266,679033 (regressionFit = 32.266,679030, penalties=3.0500000000000004E-6) for clause:  medv(A) :- nox(A, 10), zn(A, 0), chas(A, 0).  [covers 42,0/436,0 pos, 0,0/0,0 neg]
%     Score = -39.297,323932 (regressionFit = 39.297,323929, penalties=3.0700000000000003E-6) for clause:  medv(A) :- nox(A, 10), zn(A, 0), rm(A, 5).  [covers 3,0/436,0 pos, 0,0/0,0 neg]
%     Score = -39.006,198988 (regressionFit = 39.006,198985, penalties=3.0700000000000003E-6) for clause:  medv(A) :- nox(A, 10), zn(A, 0), age(A, 2).  [covers 5,0/436,0 pos, 0,0/0,0 neg]
%     Score = -Infinity (regressionFit = Infinity, penalties=3.0700000000000003E-6) for clause:  medv(A) :- nox(A, 10), zn(A, 0), dis(A, 8).  [covers 2,0/436,0 pos, 0,0/0,0 neg]
%     Score = -32.266,679033 (regressionFit = 32.266,679030, penalties=3.0700000000000003E-6) for clause:  medv(A) :- nox(A, 10), zn(A, 0), rad(A, 24).  [covers 42,0/436,0 pos, 0,0/0,0 neg]
%     Score = -32.266,679033 (regressionFit = 32.266,679030, penalties=3.0700000000000003E-6) for clause:  medv(A) :- nox(A, 10), zn(A, 0), tax(A, 666).  [covers 42,0/436,0 pos, 0,0/0,0 neg]
%     Score = -32.266,679033 (regressionFit = 32.266,679030, penalties=3.0500000000000004E-6) for clause:  medv(A) :- nox(A, 10), zn(A, 0), ptratio(A, 10).  [covers 42,0/436,0 pos, 0,0/0,0 neg]
%     Score = -39.445,453493 (regressionFit = 39.445,453490, penalties=3.0700000000000003E-6) for clause:  medv(A) :- nox(A, 10), zn(A, 0), b(A, 8).  [covers 3,0/436,0 pos, 0,0/0,0 neg]
%     Score = -37.564,264740 (regressionFit = 37.564,264737, penalties=3.0700000000000003E-6) for clause:  medv(A) :- nox(A, 10), zn(A, 0), lstat(A, 5).  [covers 14,0/436,0 pos, 0,0/0,0 neg]
%     Score = -Infinity (regressionFit = Infinity, penalties=3.0700000000000003E-6) for clause:  medv(A) :- nox(A, 10), chas(A, 0), crim(A, 8).  [covers 2,0/436,0 pos, 0,0/0,0 neg]
%     Score = -32.266,679033 (regressionFit = 32.266,679030, penalties=3.0500000000000004E-6) for clause:  medv(A) :- nox(A, 10), chas(A, 0), zn(A, 0).  [covers 42,0/436,0 pos, 0,0/0,0 neg]
%     Score = -32.266,679033 (regressionFit = 32.266,679030, penalties=3.0500000000000004E-6) for clause:  medv(A) :- nox(A, 10), chas(A, 0), indus(A, 10).  [covers 42,0/436,0 pos, 0,0/0,0 neg]
%     Score = -39.297,323932 (regressionFit = 39.297,323929, penalties=3.0700000000000003E-6) for clause:  medv(A) :- nox(A, 10), chas(A, 0), rm(A, 5).  [covers 3,0/436,0 pos, 0,0/0,0 neg]
%     Score = -39.006,198988 (regressionFit = 39.006,198985, penalties=3.0700000000000003E-6) for clause:  medv(A) :- nox(A, 10), chas(A, 0), age(A, 2).  [covers 5,0/436,0 pos, 0,0/0,0 neg]
%     Score = -Infinity (regressionFit = Infinity, penalties=3.0700000000000003E-6) for clause:  medv(A) :- nox(A, 10), chas(A, 0), dis(A, 8).  [covers 2,0/436,0 pos, 0,0/0,0 neg]
%     Score = -32.266,679033 (regressionFit = 32.266,679030, penalties=3.0700000000000003E-6) for clause:  medv(A) :- nox(A, 10), chas(A, 0), rad(A, 24).  [covers 42,0/436,0 pos, 0,0/0,0 neg]
%     Score = -32.266,679033 (regressionFit = 32.266,679030, penalties=3.0700000000000003E-6) for clause:  medv(A) :- nox(A, 10), chas(A, 0), tax(A, 666).  [covers 42,0/436,0 pos, 0,0/0,0 neg]
%     Score = -32.266,679033 (regressionFit = 32.266,679030, penalties=3.0500000000000004E-6) for clause:  medv(A) :- nox(A, 10), chas(A, 0), ptratio(A, 10).  [covers 42,0/436,0 pos, 0,0/0,0 neg]
%     Score = -39.445,453493 (regressionFit = 39.445,453490, penalties=3.0700000000000003E-6) for clause:  medv(A) :- nox(A, 10), chas(A, 0), b(A, 8).  [covers 3,0/436,0 pos, 0,0/0,0 neg]
%     Score = -37.564,264740 (regressionFit = 37.564,264737, penalties=3.0700000000000003E-6) for clause:  medv(A) :- nox(A, 10), chas(A, 0), lstat(A, 5).  [covers 14,0/436,0 pos, 0,0/0,0 neg]
%     Score = -Infinity (regressionFit = Infinity, penalties=3.0700000000000003E-6) for clause:  medv(A) :- nox(A, 10), rad(A, 24), crim(A, 8).  [covers 2,0/436,0 pos, 0,0/0,0 neg]
%     Score = -32.266,679033 (regressionFit = 32.266,679030, penalties=3.0700000000000003E-6) for clause:  medv(A) :- nox(A, 10), rad(A, 24), zn(A, 0).  [covers 42,0/436,0 pos, 0,0/0,0 neg]
%     Score = -32.266,679033 (regressionFit = 32.266,679030, penalties=3.0500000000000004E-6) for clause:  medv(A) :- nox(A, 10), rad(A, 24), indus(A, 10).  [covers 42,0/436,0 pos, 0,0/0,0 neg]
%     Score = -32.266,679033 (regressionFit = 32.266,679030, penalties=3.0700000000000003E-6) for clause:  medv(A) :- nox(A, 10), rad(A, 24), chas(A, 0).  [covers 42,0/436,0 pos, 0,0/0,0 neg]
%     Score = -39.297,323932 (regressionFit = 39.297,323929, penalties=3.0700000000000003E-6) for clause:  medv(A) :- nox(A, 10), rad(A, 24), rm(A, 5).  [covers 3,0/436,0 pos, 0,0/0,0 neg]
%     Score = -39.006,198988 (regressionFit = 39.006,198985, penalties=3.0700000000000003E-6) for clause:  medv(A) :- nox(A, 10), rad(A, 24), age(A, 2).  [covers 5,0/436,0 pos, 0,0/0,0 neg]
%     Score = -Infinity (regressionFit = Infinity, penalties=3.0700000000000003E-6) for clause:  medv(A) :- nox(A, 10), rad(A, 24), dis(A, 8).  [covers 2,0/436,0 pos, 0,0/0,0 neg]
%     Score = -32.266,679033 (regressionFit = 32.266,679030, penalties=3.0700000000000003E-6) for clause:  medv(A) :- nox(A, 10), rad(A, 24), tax(A, 666).  [covers 42,0/436,0 pos, 0,0/0,0 neg]
%     Score = -32.266,679033 (regressionFit = 32.266,679030, penalties=3.0500000000000004E-6) for clause:  medv(A) :- nox(A, 10), rad(A, 24), ptratio(A, 10).  [covers 42,0/436,0 pos, 0,0/0,0 neg]
%     Score = -39.445,453493 (regressionFit = 39.445,453490, penalties=3.0700000000000003E-6) for clause:  medv(A) :- nox(A, 10), rad(A, 24), b(A, 8).  [covers 3,0/436,0 pos, 0,0/0,0 neg]
%     Score = -37.564,264740 (regressionFit = 37.564,264737, penalties=3.0700000000000003E-6) for clause:  medv(A) :- nox(A, 10), rad(A, 24), lstat(A, 5).  [covers 14,0/436,0 pos, 0,0/0,0 neg]
%     Score = -Infinity (regressionFit = Infinity, penalties=3.0700000000000003E-6) for clause:  medv(A) :- nox(A, 10), tax(A, 666), crim(A, 8).  [covers 2,0/436,0 pos, 0,0/0,0 neg]
%     Score = -32.266,679033 (regressionFit = 32.266,679030, penalties=3.0700000000000003E-6) for clause:  medv(A) :- nox(A, 10), tax(A, 666), zn(A, 0).  [covers 42,0/436,0 pos, 0,0/0,0 neg]
%     Score = -32.266,679033 (regressionFit = 32.266,679030, penalties=3.0500000000000004E-6) for clause:  medv(A) :- nox(A, 10), tax(A, 666), indus(A, 10).  [covers 42,0/436,0 pos, 0,0/0,0 neg]
%     Score = -32.266,679033 (regressionFit = 32.266,679030, penalties=3.0700000000000003E-6) for clause:  medv(A) :- nox(A, 10), tax(A, 666), chas(A, 0).  [covers 42,0/436,0 pos, 0,0/0,0 neg]
%     Score = -39.297,323932 (regressionFit = 39.297,323929, penalties=3.0700000000000003E-6) for clause:  medv(A) :- nox(A, 10), tax(A, 666), rm(A, 5).  [covers 3,0/436,0 pos, 0,0/0,0 neg]
%     Score = -39.006,198988 (regressionFit = 39.006,198985, penalties=3.0700000000000003E-6) for clause:  medv(A) :- nox(A, 10), tax(A, 666), age(A, 2).  [covers 5,0/436,0 pos, 0,0/0,0 neg]
%     Score = -Infinity (regressionFit = Infinity, penalties=3.0700000000000003E-6) for clause:  medv(A) :- nox(A, 10), tax(A, 666), dis(A, 8).  [covers 2,0/436,0 pos, 0,0/0,0 neg]
%     Score = -32.266,679033 (regressionFit = 32.266,679030, penalties=3.0700000000000003E-6) for clause:  medv(A) :- nox(A, 10), tax(A, 666), rad(A, 24).  [covers 42,0/436,0 pos, 0,0/0,0 neg]
%     Score = -32.266,679033 (regressionFit = 32.266,679030, penalties=3.0500000000000004E-6) for clause:  medv(A) :- nox(A, 10), tax(A, 666), ptratio(A, 10).  [covers 42,0/436,0 pos, 0,0/0,0 neg]
%     Score = -39.445,453493 (regressionFit = 39.445,453490, penalties=3.0700000000000003E-6) for clause:  medv(A) :- nox(A, 10), tax(A, 666), b(A, 8).  [covers 3,0/436,0 pos, 0,0/0,0 neg]
%     Score = -37.564,264740 (regressionFit = 37.564,264737, penalties=3.0700000000000003E-6) for clause:  medv(A) :- nox(A, 10), tax(A, 666), lstat(A, 5).  [covers 14,0/436,0 pos, 0,0/0,0 neg]
%     Score = -36.868,202061 (regressionFit = 36.868,202058, penalties=3.0500000000000004E-6) for clause:  medv(A) :- rm(A, 3), rad(A, 5), crim(A, 5).  [covers 6,0/436,0 pos, 0,0/0,0 neg]
%     Score = -36.730,444968 (regressionFit = 36.730,444965, penalties=3.0700000000000003E-6) for clause:  medv(A) :- rm(A, 3), rad(A, 5), zn(A, 0).  [covers 4,0/436,0 pos, 0,0/0,0 neg]
%     Score = -35.551,790259 (regressionFit = 35.551,790256, penalties=3.0700000000000003E-6) for clause:  medv(A) :- rm(A, 3), rad(A, 5), zn(A, 20).  [covers 11,0/436,0 pos, 0,0/0,0 neg]
%     Score = -36.730,444968 (regressionFit = 36.730,444965, penalties=3.0700000000000003E-6) for clause:  medv(A) :- rm(A, 3), rad(A, 5), indus(A, 9).  [covers 4,0/436,0 pos, 0,0/0,0 neg]
%     Score = -35.285,547033 (regressionFit = 35.285,547030, penalties=3.0700000000000003E-6) for clause:  medv(A) :- rm(A, 3), rad(A, 5), indus(A, 4).  [covers 13,0/436,0 pos, 0,0/0,0 neg]
%     Score = -37.673,326704 (regressionFit = 37.673,326701, penalties=3.0700000000000003E-6) for clause:  medv(A) :- rm(A, 3), rad(A, 5), chas(A, 1).  [covers 3,0/436,0 pos, 0,0/0,0 neg]
%     Score = -34.450,185229 (regressionFit = 34.450,185226, penalties=3.0700000000000003E-6) for clause:  medv(A) :- rm(A, 3), rad(A, 5), chas(A, 0).  [covers 14,0/436,0 pos, 0,0/0,0 neg]
%     Score = -35.602,767488 (regressionFit = 35.602,767484, penalties=3.0700000000000003E-6) for clause:  medv(A) :- rm(A, 3), rad(A, 5), nox(A, 7).  [covers 6,0/436,0 pos, 0,0/0,0 neg]
%     Score = -37.648,485532 (regressionFit = 37.648,485529, penalties=3.0700000000000003E-6) for clause:  medv(A) :- rm(A, 3), rad(A, 5), nox(A, 8).  [covers 7,0/436,0 pos, 0,0/0,0 neg]
%     Score = -Infinity (regressionFit = Infinity, penalties=3.0700000000000003E-6) for clause:  medv(A) :- rm(A, 3), rad(A, 5), age(A, 7).  [covers 2,0/436,0 pos, 0,0/0,0 neg]
%     Score = -36.553,219752 (regressionFit = 36.553,219749, penalties=3.0700000000000003E-6) for clause:  medv(A) :- rm(A, 3), rad(A, 5), dis(A, 8).  [covers 7,0/436,0 pos, 0,0/0,0 neg]
%     Score = -36.730,444968 (regressionFit = 36.730,444965, penalties=3.0700000000000003E-6) for clause:  medv(A) :- rm(A, 3), rad(A, 5), tax(A, 403).  [covers 4,0/436,0 pos, 0,0/0,0 neg]
%     Score = -36.577,645227 (regressionFit = 36.577,645224, penalties=3.0700000000000003E-6) for clause:  medv(A) :- rm(A, 3), rad(A, 5), tax(A, 264).  [covers 9,0/436,0 pos, 0,0/0,0 neg]
%     Score = -33.789,334758 (regressionFit = 33.789,334755, penalties=3.0700000000000003E-6) for clause:  medv(A) :- rm(A, 3), rad(A, 5), ptratio(A, 9).  [covers 13,0/436,0 pos, 0,0/0,0 neg]
%     Score = -36.602,474619 (regressionFit = 36.602,474616, penalties=3.0700000000000003E-6) for clause:  medv(A) :- rm(A, 3), rad(A, 5), b(A, 6).  [covers 6,0/436,0 pos, 0,0/0,0 neg]
%     Score = -Infinity (regressionFit = Infinity, penalties=3.0700000000000003E-6) for clause:  medv(A) :- rm(A, 3), rad(A, 5), b(A, 2).  [covers 2,0/436,0 pos, 0,0/0,0 neg]
%     Score = -35.232,515657 (regressionFit = 35.232,515654, penalties=3.0500000000000004E-6) for clause:  medv(A) :- rm(A, 3), rad(A, 5), lstat(A, 3).  [covers 8,0/436,0 pos, 0,0/0,0 neg]
%     Score = -Infinity (regressionFit = Infinity, penalties=3.0700000000000003E-6) for clause:  medv(A) :- rm(A, 3), rad(A, 5), lstat(A, 8).  [covers 2,0/436,0 pos, 0,0/0,0 neg]
%     Score = -37.907,328813 (regressionFit = 37.907,328810, penalties=3.0700000000000003E-6) for clause:  medv(A) :- lstat(A, 3), ptratio(A, 9), crim(A, 5).  [covers 3,0/436,0 pos, 0,0/0,0 neg]
%     Score = -36.452,103824 (regressionFit = 36.452,103821, penalties=3.0700000000000003E-6) for clause:  medv(A) :- lstat(A, 3), ptratio(A, 9), zn(A, 0).  [covers 5,0/436,0 pos, 0,0/0,0 neg]
%     Score = -36.452,103824 (regressionFit = 36.452,103821, penalties=3.0500000000000004E-6) for clause:  medv(A) :- lstat(A, 3), ptratio(A, 9), indus(A, 9).  [covers 5,0/436,0 pos, 0,0/0,0 neg]
%     Score = -37.462,495603 (regressionFit = 37.462,495600, penalties=3.0700000000000003E-6) for clause:  medv(A) :- lstat(A, 3), ptratio(A, 9), chas(A, 1).  [covers 3,0/436,0 pos, 0,0/0,0 neg]
%     Score = -36.044,382185 (regressionFit = 36.044,382182, penalties=3.0700000000000003E-6) for clause:  medv(A) :- lstat(A, 3), ptratio(A, 9), nox(A, 7).  [covers 6,0/436,0 pos, 0,0/0,0 neg]
%     Score = -33.195,924912 (regressionFit = 33.195,924909, penalties=3.0500000000000004E-6) for clause:  medv(A) :- lstat(A, 3), ptratio(A, 9), rm(A, 3).  [covers 11,0/436,0 pos, 0,0/0,0 neg]
%     Score = -Infinity (regressionFit = Infinity, penalties=3.0700000000000003E-6) for clause:  medv(A) :- lstat(A, 3), ptratio(A, 9), age(A, 7).  [covers 1,0/436,0 pos, 0,0/0,0 neg]
%     Score = -36.730,444968 (regressionFit = 36.730,444965, penalties=3.0700000000000003E-6) for clause:  medv(A) :- lstat(A, 3), ptratio(A, 9), dis(A, 8).  [covers 4,0/436,0 pos, 0,0/0,0 neg]
%     Score = -36.044,382185 (regressionFit = 36.044,382182, penalties=3.0700000000000003E-6) for clause:  medv(A) :- lstat(A, 3), ptratio(A, 9), rad(A, 5).  [covers 6,0/436,0 pos, 0,0/0,0 neg]
%     Score = -36.452,103824 (regressionFit = 36.452,103821, penalties=3.0700000000000003E-6) for clause:  medv(A) :- lstat(A, 3), ptratio(A, 9), tax(A, 403).  [covers 5,0/436,0 pos, 0,0/0,0 neg]
%     Score = -37.071,925176 (regressionFit = 37.071,925173, penalties=3.0700000000000003E-6) for clause:  medv(A) :- lstat(A, 3), ptratio(A, 9), b(A, 6).  [covers 4,0/436,0 pos, 0,0/0,0 neg]
%     Score = -39.634,377811 (regressionFit = 39.634,377809, penalties=2.0500000000000003E-6) for clause:  medv(A) :- ptratio(A, 10), crim(A, 8).  [covers 13,0/436,0 pos, 0,0/0,0 neg]
%     Score = -33.258,024645 (regressionFit = 33.258,024643, penalties=2.0500000000000003E-6) for clause:  medv(A) :- ptratio(A, 10), zn(A, 0).  [covers 97,0/436,0 pos, 0,0/0,0 neg]
%     Score = -33.338,864427 (regressionFit = 33.338,864425, penalties=2.0300000000000005E-6) for clause:  medv(A) :- ptratio(A, 10), indus(A, 10).  [covers 90,0/436,0 pos, 0,0/0,0 neg]
%     Score = -31.498,871178 (regressionFit = 31.498,871176, penalties=2.0500000000000003E-6) for clause:  medv(A) :- ptratio(A, 10), chas(A, 0).  [covers 89,0/436,0 pos, 0,0/0,0 neg]
%     Score = -39.245,526070 (regressionFit = 39.245,526068, penalties=2.0500000000000003E-6) for clause:  medv(A) :- ptratio(A, 10), rm(A, 5).  [covers 7,0/436,0 pos, 0,0/0,0 neg]
%     Score = -39.114,709675 (regressionFit = 39.114,709673, penalties=2.0500000000000003E-6) for clause:  medv(A) :- ptratio(A, 10), age(A, 2).  [covers 9,0/436,0 pos, 0,0/0,0 neg]
%     Score = -38.411,828349 (regressionFit = 38.411,828347, penalties=2.0500000000000003E-6) for clause:  medv(A) :- ptratio(A, 10), dis(A, 8).  [covers 18,0/436,0 pos, 0,0/0,0 neg]
%     Score = -33.338,864427 (regressionFit = 33.338,864425, penalties=2.0500000000000003E-6) for clause:  medv(A) :- ptratio(A, 10), rad(A, 24).  [covers 90,0/436,0 pos, 0,0/0,0 neg]
%     Score = -33.338,864427 (regressionFit = 33.338,864425, penalties=2.0500000000000003E-6) for clause:  medv(A) :- ptratio(A, 10), tax(A, 666).  [covers 90,0/436,0 pos, 0,0/0,0 neg]
%     Score = -39.440,715353 (regressionFit = 39.440,715351, penalties=2.0500000000000003E-6) for clause:  medv(A) :- ptratio(A, 10), b(A, 8).  [covers 9,0/436,0 pos, 0,0/0,0 neg]
%     Score = -37.064,760783 (regressionFit = 37.064,760781, penalties=2.0500000000000003E-6) for clause:  medv(A) :- ptratio(A, 10), lstat(A, 5).  [covers 23,0/436,0 pos, 0,0/0,0 neg]
%     Score = -39.606,657326 (regressionFit = 39.606,657323, penalties=3.0700000000000003E-6) for clause:  medv(A) :- ptratio(A, 10), chas(A, 0), crim(A, 8).  [covers 9,0/436,0 pos, 0,0/0,0 neg]
%     Score = -31.498,871179 (regressionFit = 31.498,871176, penalties=3.0500000000000004E-6) for clause:  medv(A) :- ptratio(A, 10), chas(A, 0), zn(A, 0).  [covers 89,0/436,0 pos, 0,0/0,0 neg]
%     Score = -31.493,744841 (regressionFit = 31.493,744838, penalties=3.0500000000000004E-6) for clause:  medv(A) :- ptratio(A, 10), chas(A, 0), indus(A, 10).  [covers 82,0/436,0 pos, 0,0/0,0 neg]
%     Score = -32.266,679033 (regressionFit = 32.266,679030, penalties=3.0500000000000004E-6) for clause:  medv(A) :- ptratio(A, 10), chas(A, 0), nox(A, 10).  [covers 42,0/436,0 pos, 0,0/0,0 neg]
%     Score = -39.245,526071 (regressionFit = 39.245,526068, penalties=3.0700000000000003E-6) for clause:  medv(A) :- ptratio(A, 10), chas(A, 0), rm(A, 5).  [covers 7,0/436,0 pos, 0,0/0,0 neg]
%     Score = -39.001,731506 (regressionFit = 39.001,731503, penalties=3.0700000000000003E-6) for clause:  medv(A) :- ptratio(A, 10), chas(A, 0), age(A, 2).  [covers 7,0/436,0 pos, 0,0/0,0 neg]
%     Score = -38.436,495150 (regressionFit = 38.436,495147, penalties=3.0700000000000003E-6) for clause:  medv(A) :- ptratio(A, 10), chas(A, 0), dis(A, 8).  [covers 17,0/436,0 pos, 0,0/0,0 neg]
%     Score = -31.493,744841 (regressionFit = 31.493,744838, penalties=3.0700000000000003E-6) for clause:  medv(A) :- ptratio(A, 10), chas(A, 0), rad(A, 24).  [covers 82,0/436,0 pos, 0,0/0,0 neg]
%     Score = -31.493,744841 (regressionFit = 31.493,744838, penalties=3.0700000000000003E-6) for clause:  medv(A) :- ptratio(A, 10), chas(A, 0), tax(A, 666).  [covers 82,0/436,0 pos, 0,0/0,0 neg]
%     Score = -39.578,818719 (regressionFit = 39.578,818716, penalties=3.0700000000000003E-6) for clause:  medv(A) :- ptratio(A, 10), chas(A, 0), b(A, 8).  [covers 7,0/436,0 pos, 0,0/0,0 neg]
%     Score = -37.064,760784 (regressionFit = 37.064,760781, penalties=3.0700000000000003E-6) for clause:  medv(A) :- ptratio(A, 10), chas(A, 0), lstat(A, 5).  [covers 23,0/436,0 pos, 0,0/0,0 neg]
%     Score = -39.634,377812 (regressionFit = 39.634,377809, penalties=3.0700000000000003E-6) for clause:  medv(A) :- ptratio(A, 10), zn(A, 0), crim(A, 8).  [covers 13,0/436,0 pos, 0,0/0,0 neg]
%     Score = -33.338,864428 (regressionFit = 33.338,864425, penalties=3.0500000000000004E-6) for clause:  medv(A) :- ptratio(A, 10), zn(A, 0), indus(A, 10).  [covers 90,0/436,0 pos, 0,0/0,0 neg]
%     Score = -31.498,871179 (regressionFit = 31.498,871176, penalties=3.0500000000000004E-6) for clause:  medv(A) :- ptratio(A, 10), zn(A, 0), chas(A, 0).  [covers 89,0/436,0 pos, 0,0/0,0 neg]
%     Score = -32.266,679033 (regressionFit = 32.266,679030, penalties=3.0500000000000004E-6) for clause:  medv(A) :- ptratio(A, 10), zn(A, 0), nox(A, 10).  [covers 42,0/436,0 pos, 0,0/0,0 neg]
%     Score = -39.245,526071 (regressionFit = 39.245,526068, penalties=3.0700000000000003E-6) for clause:  medv(A) :- ptratio(A, 10), zn(A, 0), rm(A, 5).  [covers 7,0/436,0 pos, 0,0/0,0 neg]
%     Score = -39.114,709676 (regressionFit = 39.114,709673, penalties=3.0700000000000003E-6) for clause:  medv(A) :- ptratio(A, 10), zn(A, 0), age(A, 2).  [covers 9,0/436,0 pos, 0,0/0,0 neg]
%     Score = -38.411,828350 (regressionFit = 38.411,828347, penalties=3.0700000000000003E-6) for clause:  medv(A) :- ptratio(A, 10), zn(A, 0), dis(A, 8).  [covers 18,0/436,0 pos, 0,0/0,0 neg]
%     Score = -33.338,864428 (regressionFit = 33.338,864425, penalties=3.0700000000000003E-6) for clause:  medv(A) :- ptratio(A, 10), zn(A, 0), rad(A, 24).  [covers 90,0/436,0 pos, 0,0/0,0 neg]
%     Score = -33.338,864428 (regressionFit = 33.338,864425, penalties=3.0700000000000003E-6) for clause:  medv(A) :- ptratio(A, 10), zn(A, 0), tax(A, 666).  [covers 90,0/436,0 pos, 0,0/0,0 neg]
%     Score = -39.440,715354 (regressionFit = 39.440,715351, penalties=3.0700000000000003E-6) for clause:  medv(A) :- ptratio(A, 10), zn(A, 0), b(A, 8).  [covers 9,0/436,0 pos, 0,0/0,0 neg]
%     Score = -37.064,760784 (regressionFit = 37.064,760781, penalties=3.0700000000000003E-6) for clause:  medv(A) :- ptratio(A, 10), zn(A, 0), lstat(A, 5).  [covers 23,0/436,0 pos, 0,0/0,0 neg]
%     Score = -39.634,377811 (regressionFit = 39.634,377809, penalties=2.0500000000000003E-6) for clause:  medv(A) :- indus(A, 10), crim(A, 8).  [covers 13,0/436,0 pos, 0,0/0,0 neg]
%     Score = -33.338,864427 (regressionFit = 33.338,864425, penalties=2.0500000000000003E-6) for clause:  medv(A) :- indus(A, 10), zn(A, 0).  [covers 90,0/436,0 pos, 0,0/0,0 neg]
%     Score = -31.493,744840 (regressionFit = 31.493,744838, penalties=2.0500000000000003E-6) for clause:  medv(A) :- indus(A, 10), chas(A, 0).  [covers 82,0/436,0 pos, 0,0/0,0 neg]
%     Score = -39.217,597744 (regressionFit = 39.217,597742, penalties=2.0500000000000003E-6) for clause:  medv(A) :- indus(A, 10), rm(A, 5).  [covers 4,0/436,0 pos, 0,0/0,0 neg]
%     Score = -39.114,709675 (regressionFit = 39.114,709673, penalties=2.0500000000000003E-6) for clause:  medv(A) :- indus(A, 10), age(A, 2).  [covers 9,0/436,0 pos, 0,0/0,0 neg]
%     Score = -38.411,828349 (regressionFit = 38.411,828347, penalties=2.0500000000000003E-6) for clause:  medv(A) :- indus(A, 10), dis(A, 8).  [covers 18,0/436,0 pos, 0,0/0,0 neg]
%     Score = -33.338,864427 (regressionFit = 33.338,864425, penalties=2.0500000000000003E-6) for clause:  medv(A) :- indus(A, 10), rad(A, 24).  [covers 90,0/436,0 pos, 0,0/0,0 neg]
%     Score = -33.338,864427 (regressionFit = 33.338,864425, penalties=2.0500000000000003E-6) for clause:  medv(A) :- indus(A, 10), tax(A, 666).  [covers 90,0/436,0 pos, 0,0/0,0 neg]
%     Score = -39.440,715353 (regressionFit = 39.440,715351, penalties=2.0500000000000003E-6) for clause:  medv(A) :- indus(A, 10), b(A, 8).  [covers 9,0/436,0 pos, 0,0/0,0 neg]
%     Score = -37.064,760783 (regressionFit = 37.064,760781, penalties=2.0500000000000003E-6) for clause:  medv(A) :- indus(A, 10), lstat(A, 5).  [covers 23,0/436,0 pos, 0,0/0,0 neg]
%     Score = -39.606,657326 (regressionFit = 39.606,657323, penalties=3.0700000000000003E-6) for clause:  medv(A) :- indus(A, 10), chas(A, 0), crim(A, 8).  [covers 9,0/436,0 pos, 0,0/0,0 neg]
%     Score = -31.493,744841 (regressionFit = 31.493,744838, penalties=3.0500000000000004E-6) for clause:  medv(A) :- indus(A, 10), chas(A, 0), zn(A, 0).  [covers 82,0/436,0 pos, 0,0/0,0 neg]
%     Score = -32.266,679033 (regressionFit = 32.266,679030, penalties=3.0500000000000004E-6) for clause:  medv(A) :- indus(A, 10), chas(A, 0), nox(A, 10).  [covers 42,0/436,0 pos, 0,0/0,0 neg]
%     Score = -39.217,597745 (regressionFit = 39.217,597742, penalties=3.0700000000000003E-6) for clause:  medv(A) :- indus(A, 10), chas(A, 0), rm(A, 5).  [covers 4,0/436,0 pos, 0,0/0,0 neg]
%     Score = -39.001,731506 (regressionFit = 39.001,731503, penalties=3.0700000000000003E-6) for clause:  medv(A) :- indus(A, 10), chas(A, 0), age(A, 2).  [covers 7,0/436,0 pos, 0,0/0,0 neg]
%     Score = -38.436,495150 (regressionFit = 38.436,495147, penalties=3.0700000000000003E-6) for clause:  medv(A) :- indus(A, 10), chas(A, 0), dis(A, 8).  [covers 17,0/436,0 pos, 0,0/0,0 neg]
%     Score = -31.493,744841 (regressionFit = 31.493,744838, penalties=3.0700000000000003E-6) for clause:  medv(A) :- indus(A, 10), chas(A, 0), rad(A, 24).  [covers 82,0/436,0 pos, 0,0/0,0 neg]
%     Score = -31.493,744841 (regressionFit = 31.493,744838, penalties=3.0700000000000003E-6) for clause:  medv(A) :- indus(A, 10), chas(A, 0), tax(A, 666).  [covers 82,0/436,0 pos, 0,0/0,0 neg]
%     Score = -31.493,744841 (regressionFit = 31.493,744838, penalties=3.0500000000000004E-6) for clause:  medv(A) :- indus(A, 10), chas(A, 0), ptratio(A, 10).  [covers 82,0/436,0 pos, 0,0/0,0 neg]
%     Score = -39.578,818719 (regressionFit = 39.578,818716, penalties=3.0700000000000003E-6) for clause:  medv(A) :- indus(A, 10), chas(A, 0), b(A, 8).  [covers 7,0/436,0 pos, 0,0/0,0 neg]
%     Score = -37.064,760784 (regressionFit = 37.064,760781, penalties=3.0700000000000003E-6) for clause:  medv(A) :- indus(A, 10), chas(A, 0), lstat(A, 5).  [covers 23,0/436,0 pos, 0,0/0,0 neg]
%     Score = -39.634,377812 (regressionFit = 39.634,377809, penalties=3.0500000000000004E-6) for clause:  medv(A) :- ptratio(A, 10), indus(A, 10), crim(A, 8).  [covers 13,0/436,0 pos, 0,0/0,0 neg]
%     Score = -33.338,864428 (regressionFit = 33.338,864425, penalties=3.0500000000000004E-6) for clause:  medv(A) :- ptratio(A, 10), indus(A, 10), zn(A, 0).  [covers 90,0/436,0 pos, 0,0/0,0 neg]
%     Score = -31.493,744841 (regressionFit = 31.493,744838, penalties=3.0500000000000004E-6) for clause:  medv(A) :- ptratio(A, 10), indus(A, 10), chas(A, 0).  [covers 82,0/436,0 pos, 0,0/0,0 neg]
%     Score = -32.266,679033 (regressionFit = 32.266,679030, penalties=3.0300000000000006E-6) for clause:  medv(A) :- ptratio(A, 10), indus(A, 10), nox(A, 10).  [covers 42,0/436,0 pos, 0,0/0,0 neg]
%     Score = -39.217,597745 (regressionFit = 39.217,597742, penalties=3.0500000000000004E-6) for clause:  medv(A) :- ptratio(A, 10), indus(A, 10), rm(A, 5).  [covers 4,0/436,0 pos, 0,0/0,0 neg]
%     Score = -39.114,709676 (regressionFit = 39.114,709673, penalties=3.0500000000000004E-6) for clause:  medv(A) :- ptratio(A, 10), indus(A, 10), age(A, 2).  [covers 9,0/436,0 pos, 0,0/0,0 neg]
%     Score = -38.411,828350 (regressionFit = 38.411,828347, penalties=3.0500000000000004E-6) for clause:  medv(A) :- ptratio(A, 10), indus(A, 10), dis(A, 8).  [covers 18,0/436,0 pos, 0,0/0,0 neg]
%     Score = -33.338,864428 (regressionFit = 33.338,864425, penalties=3.0500000000000004E-6) for clause:  medv(A) :- ptratio(A, 10), indus(A, 10), rad(A, 24).  [covers 90,0/436,0 pos, 0,0/0,0 neg]
%     Score = -33.338,864428 (regressionFit = 33.338,864425, penalties=3.0500000000000004E-6) for clause:  medv(A) :- ptratio(A, 10), indus(A, 10), tax(A, 666).  [covers 90,0/436,0 pos, 0,0/0,0 neg]
%     Score = -39.440,715354 (regressionFit = 39.440,715351, penalties=3.0500000000000004E-6) for clause:  medv(A) :- ptratio(A, 10), indus(A, 10), b(A, 8).  [covers 9,0/436,0 pos, 0,0/0,0 neg]
%     Score = -37.064,760784 (regressionFit = 37.064,760781, penalties=3.0500000000000004E-6) for clause:  medv(A) :- ptratio(A, 10), indus(A, 10), lstat(A, 5).  [covers 23,0/436,0 pos, 0,0/0,0 neg]
%     Score = -39.634,377812 (regressionFit = 39.634,377809, penalties=3.0700000000000003E-6) for clause:  medv(A) :- ptratio(A, 10), rad(A, 24), crim(A, 8).  [covers 13,0/436,0 pos, 0,0/0,0 neg]
%     Score = -33.338,864428 (regressionFit = 33.338,864425, penalties=3.0700000000000003E-6) for clause:  medv(A) :- ptratio(A, 10), rad(A, 24), zn(A, 0).  [covers 90,0/436,0 pos, 0,0/0,0 neg]
%     Score = -33.338,864428 (regressionFit = 33.338,864425, penalties=3.0500000000000004E-6) for clause:  medv(A) :- ptratio(A, 10), rad(A, 24), indus(A, 10).  [covers 90,0/436,0 pos, 0,0/0,0 neg]
%     Score = -31.493,744841 (regressionFit = 31.493,744838, penalties=3.0700000000000003E-6) for clause:  medv(A) :- ptratio(A, 10), rad(A, 24), chas(A, 0).  [covers 82,0/436,0 pos, 0,0/0,0 neg]
%     Score = -32.266,679033 (regressionFit = 32.266,679030, penalties=3.0500000000000004E-6) for clause:  medv(A) :- ptratio(A, 10), rad(A, 24), nox(A, 10).  [covers 42,0/436,0 pos, 0,0/0,0 neg]
%     Score = -39.217,597745 (regressionFit = 39.217,597742, penalties=3.0700000000000003E-6) for clause:  medv(A) :- ptratio(A, 10), rad(A, 24), rm(A, 5).  [covers 4,0/436,0 pos, 0,0/0,0 neg]
%     Score = -39.114,709676 (regressionFit = 39.114,709673, penalties=3.0700000000000003E-6) for clause:  medv(A) :- ptratio(A, 10), rad(A, 24), age(A, 2).  [covers 9,0/436,0 pos, 0,0/0,0 neg]
%     Score = -38.411,828350 (regressionFit = 38.411,828347, penalties=3.0700000000000003E-6) for clause:  medv(A) :- ptratio(A, 10), rad(A, 24), dis(A, 8).  [covers 18,0/436,0 pos, 0,0/0,0 neg]
%     Score = -33.338,864428 (regressionFit = 33.338,864425, penalties=3.0700000000000003E-6) for clause:  medv(A) :- ptratio(A, 10), rad(A, 24), tax(A, 666).  [covers 90,0/436,0 pos, 0,0/0,0 neg]
%     Score = -39.440,715354 (regressionFit = 39.440,715351, penalties=3.0700000000000003E-6) for clause:  medv(A) :- ptratio(A, 10), rad(A, 24), b(A, 8).  [covers 9,0/436,0 pos, 0,0/0,0 neg]
%     Score = -37.064,760784 (regressionFit = 37.064,760781, penalties=3.0700000000000003E-6) for clause:  medv(A) :- ptratio(A, 10), rad(A, 24), lstat(A, 5).  [covers 23,0/436,0 pos, 0,0/0,0 neg]
%     Score = -39.634,377812 (regressionFit = 39.634,377809, penalties=3.0700000000000003E-6) for clause:  medv(A) :- ptratio(A, 10), tax(A, 666), crim(A, 8).  [covers 13,0/436,0 pos, 0,0/0,0 neg]
%     Score = -33.338,864428 (regressionFit = 33.338,864425, penalties=3.0700000000000003E-6) for clause:  medv(A) :- ptratio(A, 10), tax(A, 666), zn(A, 0).  [covers 90,0/436,0 pos, 0,0/0,0 neg]
%     Score = -33.338,864428 (regressionFit = 33.338,864425, penalties=3.0500000000000004E-6) for clause:  medv(A) :- ptratio(A, 10), tax(A, 666), indus(A, 10).  [covers 90,0/436,0 pos, 0,0/0,0 neg]
%     Score = -31.493,744841 (regressionFit = 31.493,744838, penalties=3.0700000000000003E-6) for clause:  medv(A) :- ptratio(A, 10), tax(A, 666), chas(A, 0).  [covers 82,0/436,0 pos, 0,0/0,0 neg]
%     Score = -32.266,679033 (regressionFit = 32.266,679030, penalties=3.0500000000000004E-6) for clause:  medv(A) :- ptratio(A, 10), tax(A, 666), nox(A, 10).  [covers 42,0/436,0 pos, 0,0/0,0 neg]
%     Score = -39.217,597745 (regressionFit = 39.217,597742, penalties=3.0700000000000003E-6) for clause:  medv(A) :- ptratio(A, 10), tax(A, 666), rm(A, 5).  [covers 4,0/436,0 pos, 0,0/0,0 neg]
%     Score = -39.114,709676 (regressionFit = 39.114,709673, penalties=3.0700000000000003E-6) for clause:  medv(A) :- ptratio(A, 10), tax(A, 666), age(A, 2).  [covers 9,0/436,0 pos, 0,0/0,0 neg]
%     Score = -38.411,828350 (regressionFit = 38.411,828347, penalties=3.0700000000000003E-6) for clause:  medv(A) :- ptratio(A, 10), tax(A, 666), dis(A, 8).  [covers 18,0/436,0 pos, 0,0/0,0 neg]
%     Score = -33.338,864428 (regressionFit = 33.338,864425, penalties=3.0700000000000003E-6) for clause:  medv(A) :- ptratio(A, 10), tax(A, 666), rad(A, 24).  [covers 90,0/436,0 pos, 0,0/0,0 neg]
%     Score = -39.440,715354 (regressionFit = 39.440,715351, penalties=3.0700000000000003E-6) for clause:  medv(A) :- ptratio(A, 10), tax(A, 666), b(A, 8).  [covers 9,0/436,0 pos, 0,0/0,0 neg]
%     Score = -37.064,760784 (regressionFit = 37.064,760781, penalties=3.0700000000000003E-6) for clause:  medv(A) :- ptratio(A, 10), tax(A, 666), lstat(A, 5).  [covers 23,0/436,0 pos, 0,0/0,0 neg]
%     Score = -39.634,377812 (regressionFit = 39.634,377809, penalties=3.0700000000000003E-6) for clause:  medv(A) :- indus(A, 10), zn(A, 0), crim(A, 8).  [covers 13,0/436,0 pos, 0,0/0,0 neg]
%     Score = -31.493,744841 (regressionFit = 31.493,744838, penalties=3.0500000000000004E-6) for clause:  medv(A) :- indus(A, 10), zn(A, 0), chas(A, 0).  [covers 82,0/436,0 pos, 0,0/0,0 neg]
%     Score = -32.266,679033 (regressionFit = 32.266,679030, penalties=3.0500000000000004E-6) for clause:  medv(A) :- indus(A, 10), zn(A, 0), nox(A, 10).  [covers 42,0/436,0 pos, 0,0/0,0 neg]
%     Score = -39.217,597745 (regressionFit = 39.217,597742, penalties=3.0700000000000003E-6) for clause:  medv(A) :- indus(A, 10), zn(A, 0), rm(A, 5).  [covers 4,0/436,0 pos, 0,0/0,0 neg]
%     Score = -39.114,709676 (regressionFit = 39.114,709673, penalties=3.0700000000000003E-6) for clause:  medv(A) :- indus(A, 10), zn(A, 0), age(A, 2).  [covers 9,0/436,0 pos, 0,0/0,0 neg]
%     Score = -38.411,828350 (regressionFit = 38.411,828347, penalties=3.0700000000000003E-6) for clause:  medv(A) :- indus(A, 10), zn(A, 0), dis(A, 8).  [covers 18,0/436,0 pos, 0,0/0,0 neg]
%     Score = -33.338,864428 (regressionFit = 33.338,864425, penalties=3.0700000000000003E-6) for clause:  medv(A) :- indus(A, 10), zn(A, 0), rad(A, 24).  [covers 90,0/436,0 pos, 0,0/0,0 neg]
%     Score = -33.338,864428 (regressionFit = 33.338,864425, penalties=3.0700000000000003E-6) for clause:  medv(A) :- indus(A, 10), zn(A, 0), tax(A, 666).  [covers 90,0/436,0 pos, 0,0/0,0 neg]
%     Score = -33.338,864428 (regressionFit = 33.338,864425, penalties=3.0500000000000004E-6) for clause:  medv(A) :- indus(A, 10), zn(A, 0), ptratio(A, 10).  [covers 90,0/436,0 pos, 0,0/0,0 neg]
%     Score = -39.440,715354 (regressionFit = 39.440,715351, penalties=3.0700000000000003E-6) for clause:  medv(A) :- indus(A, 10), zn(A, 0), b(A, 8).  [covers 9,0/436,0 pos, 0,0/0,0 neg]
%     Score = -37.064,760784 (regressionFit = 37.064,760781, penalties=3.0700000000000003E-6) for clause:  medv(A) :- indus(A, 10), zn(A, 0), lstat(A, 5).  [covers 23,0/436,0 pos, 0,0/0,0 neg]
%     Score = -39.634,377812 (regressionFit = 39.634,377809, penalties=3.0700000000000003E-6) for clause:  medv(A) :- indus(A, 10), rad(A, 24), crim(A, 8).  [covers 13,0/436,0 pos, 0,0/0,0 neg]
%     Score = -33.338,864428 (regressionFit = 33.338,864425, penalties=3.0700000000000003E-6) for clause:  medv(A) :- indus(A, 10), rad(A, 24), zn(A, 0).  [covers 90,0/436,0 pos, 0,0/0,0 neg]
%     Score = -31.493,744841 (regressionFit = 31.493,744838, penalties=3.0700000000000003E-6) for clause:  medv(A) :- indus(A, 10), rad(A, 24), chas(A, 0).  [covers 82,0/436,0 pos, 0,0/0,0 neg]
%     Score = -32.266,679033 (regressionFit = 32.266,679030, penalties=3.0500000000000004E-6) for clause:  medv(A) :- indus(A, 10), rad(A, 24), nox(A, 10).  [covers 42,0/436,0 pos, 0,0/0,0 neg]
%     Score = -39.217,597745 (regressionFit = 39.217,597742, penalties=3.0700000000000003E-6) for clause:  medv(A) :- indus(A, 10), rad(A, 24), rm(A, 5).  [covers 4,0/436,0 pos, 0,0/0,0 neg]
%     Score = -39.114,709676 (regressionFit = 39.114,709673, penalties=3.0700000000000003E-6) for clause:  medv(A) :- indus(A, 10), rad(A, 24), age(A, 2).  [covers 9,0/436,0 pos, 0,0/0,0 neg]
%     Score = -38.411,828350 (regressionFit = 38.411,828347, penalties=3.0700000000000003E-6) for clause:  medv(A) :- indus(A, 10), rad(A, 24), dis(A, 8).  [covers 18,0/436,0 pos, 0,0/0,0 neg]
%     Score = -33.338,864428 (regressionFit = 33.338,864425, penalties=3.0700000000000003E-6) for clause:  medv(A) :- indus(A, 10), rad(A, 24), tax(A, 666).  [covers 90,0/436,0 pos, 0,0/0,0 neg]
%     Score = -33.338,864428 (regressionFit = 33.338,864425, penalties=3.0500000000000004E-6) for clause:  medv(A) :- indus(A, 10), rad(A, 24), ptratio(A, 10).  [covers 90,0/436,0 pos, 0,0/0,0 neg]
%     Score = -39.440,715354 (regressionFit = 39.440,715351, penalties=3.0700000000000003E-6) for clause:  medv(A) :- indus(A, 10), rad(A, 24), b(A, 8).  [covers 9,0/436,0 pos, 0,0/0,0 neg]
%     Score = -37.064,760784 (regressionFit = 37.064,760781, penalties=3.0700000000000003E-6) for clause:  medv(A) :- indus(A, 10), rad(A, 24), lstat(A, 5).  [covers 23,0/436,0 pos, 0,0/0,0 neg]
%     Score = -39.634,377812 (regressionFit = 39.634,377809, penalties=3.0700000000000003E-6) for clause:  medv(A) :- indus(A, 10), tax(A, 666), crim(A, 8).  [covers 13,0/436,0 pos, 0,0/0,0 neg]
%     Score = -33.338,864428 (regressionFit = 33.338,864425, penalties=3.0700000000000003E-6) for clause:  medv(A) :- indus(A, 10), tax(A, 666), zn(A, 0).  [covers 90,0/436,0 pos, 0,0/0,0 neg]
%     Score = -31.493,744841 (regressionFit = 31.493,744838, penalties=3.0700000000000003E-6) for clause:  medv(A) :- indus(A, 10), tax(A, 666), chas(A, 0).  [covers 82,0/436,0 pos, 0,0/0,0 neg]
%     Score = -32.266,679033 (regressionFit = 32.266,679030, penalties=3.0500000000000004E-6) for clause:  medv(A) :- indus(A, 10), tax(A, 666), nox(A, 10).  [covers 42,0/436,0 pos, 0,0/0,0 neg]
%     Score = -39.217,597745 (regressionFit = 39.217,597742, penalties=3.0700000000000003E-6) for clause:  medv(A) :- indus(A, 10), tax(A, 666), rm(A, 5).  [covers 4,0/436,0 pos, 0,0/0,0 neg]
%     Score = -39.114,709676 (regressionFit = 39.114,709673, penalties=3.0700000000000003E-6) for clause:  medv(A) :- indus(A, 10), tax(A, 666), age(A, 2).  [covers 9,0/436,0 pos, 0,0/0,0 neg]
%     Score = -38.411,828350 (regressionFit = 38.411,828347, penalties=3.0700000000000003E-6) for clause:  medv(A) :- indus(A, 10), tax(A, 666), dis(A, 8).  [covers 18,0/436,0 pos, 0,0/0,0 neg]
%     Score = -33.338,864428 (regressionFit = 33.338,864425, penalties=3.0700000000000003E-6) for clause:  medv(A) :- indus(A, 10), tax(A, 666), rad(A, 24).  [covers 90,0/436,0 pos, 0,0/0,0 neg]
%     Score = -33.338,864428 (regressionFit = 33.338,864425, penalties=3.0500000000000004E-6) for clause:  medv(A) :- indus(A, 10), tax(A, 666), ptratio(A, 10).  [covers 90,0/436,0 pos, 0,0/0,0 neg]
%     Score = -39.440,715354 (regressionFit = 39.440,715351, penalties=3.0700000000000003E-6) for clause:  medv(A) :- indus(A, 10), tax(A, 666), b(A, 8).  [covers 9,0/436,0 pos, 0,0/0,0 neg]
%     Score = -37.064,760784 (regressionFit = 37.064,760781, penalties=3.0700000000000003E-6) for clause:  medv(A) :- indus(A, 10), tax(A, 666), lstat(A, 5).  [covers 23,0/436,0 pos, 0,0/0,0 neg]
%     Score = -Infinity (regressionFit = Infinity, penalties=3.0700000000000003E-6) for clause:  medv(A) :- ptratio(A, 10), lstat(A, 5), crim(A, 8).  [covers 1,0/436,0 pos, 0,0/0,0 neg]
%     Score = -37.064,760784 (regressionFit = 37.064,760781, penalties=3.0700000000000003E-6) for clause:  medv(A) :- ptratio(A, 10), lstat(A, 5), zn(A, 0).  [covers 23,0/436,0 pos, 0,0/0,0 neg]
%     Score = -37.064,760784 (regressionFit = 37.064,760781, penalties=3.0500000000000004E-6) for clause:  medv(A) :- ptratio(A, 10), lstat(A, 5), indus(A, 10).  [covers 23,0/436,0 pos, 0,0/0,0 neg]
%     Score = -37.064,760784 (regressionFit = 37.064,760781, penalties=3.0700000000000003E-6) for clause:  medv(A) :- ptratio(A, 10), lstat(A, 5), chas(A, 0).  [covers 23,0/436,0 pos, 0,0/0,0 neg]
%     Score = -37.564,264740 (regressionFit = 37.564,264737, penalties=3.0500000000000004E-6) for clause:  medv(A) :- ptratio(A, 10), lstat(A, 5), nox(A, 10).  [covers 14,0/436,0 pos, 0,0/0,0 neg]
%     Score = -Infinity (regressionFit = Infinity, penalties=3.0500000000000004E-6) for clause:  medv(A) :- ptratio(A, 10), lstat(A, 5), rm(A, 5).  [covers 2,0/436,0 pos, 0,0/0,0 neg]
%     Score = -Infinity (regressionFit = Infinity, penalties=3.0700000000000003E-6) for clause:  medv(A) :- ptratio(A, 10), lstat(A, 5), age(A, 2).  [covers 2,0/436,0 pos, 0,0/0,0 neg]
%     Score = -39.506,839412 (regressionFit = 39.506,839409, penalties=3.0700000000000003E-6) for clause:  medv(A) :- ptratio(A, 10), lstat(A, 5), dis(A, 8).  [covers 4,0/436,0 pos, 0,0/0,0 neg]
%     Score = -37.064,760784 (regressionFit = 37.064,760781, penalties=3.0700000000000003E-6) for clause:  medv(A) :- ptratio(A, 10), lstat(A, 5), rad(A, 24).  [covers 23,0/436,0 pos, 0,0/0,0 neg]
%     Score = -37.064,760784 (regressionFit = 37.064,760781, penalties=3.0700000000000003E-6) for clause:  medv(A) :- ptratio(A, 10), lstat(A, 5), tax(A, 666).  [covers 23,0/436,0 pos, 0,0/0,0 neg]
%     Score = -Infinity (regressionFit = Infinity, penalties=3.0700000000000003E-6) for clause:  medv(A) :- ptratio(A, 10), lstat(A, 5), b(A, 8).  [covers 2,0/436,0 pos, 0,0/0,0 neg]
%     Score = -Infinity (regressionFit = Infinity, penalties=3.0700000000000003E-6) for clause:  medv(A) :- indus(A, 10), lstat(A, 5), crim(A, 8).  [covers 1,0/436,0 pos, 0,0/0,0 neg]
%     Score = -37.064,760784 (regressionFit = 37.064,760781, penalties=3.0700000000000003E-6) for clause:  medv(A) :- indus(A, 10), lstat(A, 5), zn(A, 0).  [covers 23,0/436,0 pos, 0,0/0,0 neg]
%     Score = -37.064,760784 (regressionFit = 37.064,760781, penalties=3.0700000000000003E-6) for clause:  medv(A) :- indus(A, 10), lstat(A, 5), chas(A, 0).  [covers 23,0/436,0 pos, 0,0/0,0 neg]
%     Score = -37.564,264740 (regressionFit = 37.564,264737, penalties=3.0500000000000004E-6) for clause:  medv(A) :- indus(A, 10), lstat(A, 5), nox(A, 10).  [covers 14,0/436,0 pos, 0,0/0,0 neg]
%     Score = -Infinity (regressionFit = Infinity, penalties=3.0500000000000004E-6) for clause:  medv(A) :- indus(A, 10), lstat(A, 5), rm(A, 5).  [covers 2,0/436,0 pos, 0,0/0,0 neg]
%     Score = -Infinity (regressionFit = Infinity, penalties=3.0700000000000003E-6) for clause:  medv(A) :- indus(A, 10), lstat(A, 5), age(A, 2).  [covers 2,0/436,0 pos, 0,0/0,0 neg]
%     Score = -39.506,839412 (regressionFit = 39.506,839409, penalties=3.0700000000000003E-6) for clause:  medv(A) :- indus(A, 10), lstat(A, 5), dis(A, 8).  [covers 4,0/436,0 pos, 0,0/0,0 neg]
%     Score = -37.064,760784 (regressionFit = 37.064,760781, penalties=3.0700000000000003E-6) for clause:  medv(A) :- indus(A, 10), lstat(A, 5), rad(A, 24).  [covers 23,0/436,0 pos, 0,0/0,0 neg]
%     Score = -37.064,760784 (regressionFit = 37.064,760781, penalties=3.0700000000000003E-6) for clause:  medv(A) :- indus(A, 10), lstat(A, 5), tax(A, 666).  [covers 23,0/436,0 pos, 0,0/0,0 neg]
%     Score = -37.064,760784 (regressionFit = 37.064,760781, penalties=3.0500000000000004E-6) for clause:  medv(A) :- indus(A, 10), lstat(A, 5), ptratio(A, 10).  [covers 23,0/436,0 pos, 0,0/0,0 neg]
%     Score = -Infinity (regressionFit = Infinity, penalties=3.0700000000000003E-6) for clause:  medv(A) :- indus(A, 10), lstat(A, 5), b(A, 8).  [covers 2,0/436,0 pos, 0,0/0,0 neg]
%     Score = -Infinity (regressionFit = Infinity, penalties=3.0500000000000004E-6) for clause:  medv(A) :- ptratio(A, 10), dis(A, 8), crim(A, 8).  [covers 2,0/436,0 pos, 0,0/0,0 neg]
%     Score = -38.411,828350 (regressionFit = 38.411,828347, penalties=3.0700000000000003E-6) for clause:  medv(A) :- ptratio(A, 10), dis(A, 8), zn(A, 0).  [covers 18,0/436,0 pos, 0,0/0,0 neg]
%     Score = -38.411,828350 (regressionFit = 38.411,828347, penalties=3.0500000000000004E-6) for clause:  medv(A) :- ptratio(A, 10), dis(A, 8), indus(A, 10).  [covers 18,0/436,0 pos, 0,0/0,0 neg]
%     Score = -38.436,495150 (regressionFit = 38.436,495147, penalties=3.0700000000000003E-6) for clause:  medv(A) :- ptratio(A, 10), dis(A, 8), chas(A, 0).  [covers 17,0/436,0 pos, 0,0/0,0 neg]
%     Score = -Infinity (regressionFit = Infinity, penalties=3.0500000000000004E-6) for clause:  medv(A) :- ptratio(A, 10), dis(A, 8), nox(A, 10).  [covers 2,0/436,0 pos, 0,0/0,0 neg]
%     Score = -Infinity (regressionFit = Infinity, penalties=3.0700000000000003E-6) for clause:  medv(A) :- ptratio(A, 10), dis(A, 8), rm(A, 5).  [covers 1,0/436,0 pos, 0,0/0,0 neg]
%     Score = -Infinity (regressionFit = Infinity, penalties=3.0700000000000003E-6) for clause:  medv(A) :- ptratio(A, 10), dis(A, 8), age(A, 2).  [covers 2,0/436,0 pos, 0,0/0,0 neg]
%     Score = -38.411,828350 (regressionFit = 38.411,828347, penalties=3.0700000000000003E-6) for clause:  medv(A) :- ptratio(A, 10), dis(A, 8), rad(A, 24).  [covers 18,0/436,0 pos, 0,0/0,0 neg]
%     Score = -38.411,828350 (regressionFit = 38.411,828347, penalties=3.0700000000000003E-6) for clause:  medv(A) :- ptratio(A, 10), dis(A, 8), tax(A, 666).  [covers 18,0/436,0 pos, 0,0/0,0 neg]
%     Score = -Infinity (regressionFit = Infinity, penalties=3.0500000000000004E-6) for clause:  medv(A) :- ptratio(A, 10), dis(A, 8), b(A, 8).  [covers 2,0/436,0 pos, 0,0/0,0 neg]
%     Score = -39.506,839412 (regressionFit = 39.506,839409, penalties=3.0700000000000003E-6) for clause:  medv(A) :- ptratio(A, 10), dis(A, 8), lstat(A, 5).  [covers 4,0/436,0 pos, 0,0/0,0 neg]

% The best node found: medv(A) :- rm(A, 3).  [covers 48,0/436,0 pos, 0,0/0,0 neg]

% The best node found: medv(A) :- rm(A, 3).  [covers 48,0/436,0 pos, 0,0/0,0 neg]
Setting 39.46875000000001 for 
 // Learned this clause on outer loop cycle #1.  It scores=-23.480,47 and has recall=0,11, precision=1,00, and F1=0,20 (using m-estimates).
 // It covers 11,0% of the positive examples, 48 of 436,
(medv(A) :- rm(A, 3))

% On cycle #1, the best clause found is:
%      medv(A) :- rm(A, 3).  [covers 48,0/436,0 pos, 0,0/0,0 neg]
% This clause covers 48 positive examples, of which 48 are newly covered.
% It also covers 0 negative examples, of which 0 are newly covered.
% The current set of 1 best clauses covers 11,0% of the positive examples and NaN% of the negatives.}

% Have these 10 positive seeds: 15 64 126 203 236 285 296 316 345 423

% target           = medv(A)
%     Score = -Infinity (regressionFit = Infinity, penalties=1.1E-7) for clause:  medv(_).  [covers 436,0/436,0 pos, 0,0/0,0 neg]
% Unacceptable due to being the root node.
% Most-general root: medv(_).  [covers 436,0/436,0 pos, 0,0/0,0 neg]  score = -Infinity
%     Score = -40.219,012172 (regressionFit = 40.219,012170, penalties=1.03E-6) for clause:  medv(A) :- crim(A, 3).  [covers 47,0/436,0 pos, 0,0/0,0 neg]
% Gleaner: New best node found (score = -40.219,012172): medv(A) :- crim(A, 3).  [covers 47,0/436,0 pos, 0,0/0,0 neg]
%     Score = -40.510,253280 (regressionFit = 40.510,253279, penalties=1.03E-6) for clause:  medv(A) :- crim(A, 5).  [covers 49,0/436,0 pos, 0,0/0,0 neg]
%     Score = -39.975,927656 (regressionFit = 39.975,927655, penalties=1.03E-6) for clause:  medv(A) :- crim(A, 7).  [covers 47,0/436,0 pos, 0,0/0,0 neg]
% Gleaner: New best node found (score = -39.975,927656): medv(A) :- crim(A, 7).  [covers 47,0/436,0 pos, 0,0/0,0 neg]
%     Score = -40.303,754501 (regressionFit = 40.303,754500, penalties=1.03E-6) for clause:  medv(A) :- crim(A, 1).  [covers 49,0/436,0 pos, 0,0/0,0 neg]
%     Score = -40.479,374282 (regressionFit = 40.479,374281, penalties=1.03E-6) for clause:  medv(A) :- crim(A, 4).  [covers 41,0/436,0 pos, 0,0/0,0 neg]
%     Score = -40.034,651147 (regressionFit = 40.034,651146, penalties=1.03E-6) for clause:  medv(A) :- crim(A, 6).  [covers 43,0/436,0 pos, 0,0/0,0 neg]
%     Score = -39.963,798925 (regressionFit = 39.963,798924, penalties=1.03E-6) for clause:  medv(A) :- crim(A, 2).  [covers 51,0/436,0 pos, 0,0/0,0 neg]
% Gleaner: New best node found (score = -39.963,798925): medv(A) :- crim(A, 2).  [covers 51,0/436,0 pos, 0,0/0,0 neg]
%     Score = -40.561,670085 (regressionFit = 40.561,670084, penalties=1.03E-6) for clause:  medv(A) :- crim(A, 9).  [covers 32,0/436,0 pos, 0,0/0,0 neg]
%     Score = -37.580,775688 (regressionFit = 37.580,775687, penalties=1.03E-6) for clause:  medv(A) :- crim(A, 10).  [covers 45,0/436,0 pos, 0,0/0,0 neg]
% Gleaner: New best node found (score = -37.580,775688): medv(A) :- crim(A, 10).  [covers 45,0/436,0 pos, 0,0/0,0 neg]
%     Score = -40.300,717412 (regressionFit = 40.300,717410, penalties=1.03E-6) for clause:  medv(A) :- zn(A, 0).  [covers 307,0/436,0 pos, 0,0/0,0 neg]
%     Score = -40.457,026908 (regressionFit = 40.457,026907, penalties=1.03E-6) for clause:  medv(A) :- zn(A, 55).  [covers 3,0/436,0 pos, 0,0/0,0 neg]
%     Score = -40.354,737021 (regressionFit = 40.354,737020, penalties=1.03E-6) for clause:  medv(A) :- indus(A, 6).  [covers 36,0/436,0 pos, 0,0/0,0 neg]
%     Score = -40.587,789381 (regressionFit = 40.587,789380, penalties=1.03E-6) for clause:  medv(A) :- indus(A, 9).  [covers 29,0/436,0 pos, 0,0/0,0 neg]
%     Score = -40.578,390555 (regressionFit = 40.578,390554, penalties=1.03E-6) for clause:  medv(A) :- indus(A, 1).  [covers 48,0/436,0 pos, 0,0/0,0 neg]
%     Score = -40.570,904518 (regressionFit = 40.570,904517, penalties=1.03E-6) for clause:  medv(A) :- indus(A, 2).  [covers 51,0/436,0 pos, 0,0/0,0 neg]
%     Score = -38.799,303004 (regressionFit = 38.799,303003, penalties=1.03E-6) for clause:  medv(A) :- indus(A, 10).  [covers 90,0/436,0 pos, 0,0/0,0 neg]
%     Score = -39.914,183198 (regressionFit = 39.914,183197, penalties=1.03E-6) for clause:  medv(A) :- indus(A, 5).  [covers 48,0/436,0 pos, 0,0/0,0 neg]
%     Score = -40.486,216582 (regressionFit = 40.486,216581, penalties=1.03E-6) for clause:  medv(A) :- chas(A, 0).  [covers 401,0/436,0 pos, 0,0/0,0 neg]
%     Score = -40.597,875361 (regressionFit = 40.597,875360, penalties=1.03E-6) for clause:  medv(A) :- nox(A, 1).  [covers 47,0/436,0 pos, 0,0/0,0 neg]
%     Score = -40.578,419037 (regressionFit = 40.578,419036, penalties=1.03E-6) for clause:  medv(A) :- nox(A, 7).  [covers 32,0/436,0 pos, 0,0/0,0 neg]
%     Score = -40.502,004368 (regressionFit = 40.502,004367, penalties=1.03E-6) for clause:  medv(A) :- nox(A, 4).  [covers 48,0/436,0 pos, 0,0/0,0 neg]
%     Score = -40.160,152002 (regressionFit = 40.160,152001, penalties=1.03E-6) for clause:  medv(A) :- nox(A, 6).  [covers 48,0/436,0 pos, 0,0/0,0 neg]
%     Score = -36.676,060683 (regressionFit = 36.676,060682, penalties=1.03E-6) for clause:  medv(A) :- nox(A, 10).  [covers 42,0/436,0 pos, 0,0/0,0 neg]
% Gleaner: New best node found (score = -36.676,060683): medv(A) :- nox(A, 10).  [covers 42,0/436,0 pos, 0,0/0,0 neg]
%     Score = -40.496,353419 (regressionFit = 40.496,353418, penalties=1.03E-6) for clause:  medv(A) :- nox(A, 2).  [covers 48,0/436,0 pos, 0,0/0,0 neg]
%     Score = -40.584,587847 (regressionFit = 40.584,587846, penalties=1.03E-6) for clause:  medv(A) :- rm(A, 8).  [covers 45,0/436,0 pos, 0,0/0,0 neg]
%     Score = -34.949,694675 (regressionFit = 34.949,694674, penalties=1.03E-6) for clause:  medv(A) :- rm(A, 4).  [covers 46,0/436,0 pos, 0,0/0,0 neg]
% Gleaner: New best node found (score = -34.949,694675): medv(A) :- rm(A, 4).  [covers 46,0/436,0 pos, 0,0/0,0 neg]
%     Score = -40.071,018556 (regressionFit = 40.071,018555, penalties=1.03E-6) for clause:  medv(A) :- rm(A, 9).  [covers 44,0/436,0 pos, 0,0/0,0 neg]
%     Score = -40.493,351050 (regressionFit = 40.493,351049, penalties=1.03E-6) for clause:  medv(A) :- rm(A, 2).  [covers 44,0/436,0 pos, 0,0/0,0 neg]
%     Score = -40.448,814726 (regressionFit = 40.448,814725, penalties=1.03E-6) for clause:  medv(A) :- rm(A, 7).  [covers 44,0/436,0 pos, 0,0/0,0 neg]
%     Score = -38.357,518997 (regressionFit = 38.357,518996, penalties=1.03E-6) for clause:  medv(A) :- rm(A, 1).  [covers 43,0/436,0 pos, 0,0/0,0 neg]
%     Score = -40.272,452074 (regressionFit = 40.272,452073, penalties=1.03E-6) for clause:  medv(A) :- age(A, 7).  [covers 43,0/436,0 pos, 0,0/0,0 neg]
%     Score = -40.509,176247 (regressionFit = 40.509,176246, penalties=1.03E-6) for clause:  medv(A) :- age(A, 5).  [covers 41,0/436,0 pos, 0,0/0,0 neg]
%     Score = -39.303,383566 (regressionFit = 39.303,383565, penalties=1.03E-6) for clause:  medv(A) :- age(A, 10).  [covers 49,0/436,0 pos, 0,0/0,0 neg]
%     Score = -39.705,871188 (regressionFit = 39.705,871187, penalties=1.03E-6) for clause:  medv(A) :- age(A, 8).  [covers 49,0/436,0 pos, 0,0/0,0 neg]
%     Score = -40.299,980461 (regressionFit = 40.299,980460, penalties=1.03E-6) for clause:  medv(A) :- age(A, 2).  [covers 40,0/436,0 pos, 0,0/0,0 neg]
%     Score = -40.539,970609 (regressionFit = 40.539,970608, penalties=1.03E-6) for clause:  medv(A) :- age(A, 4).  [covers 37,0/436,0 pos, 0,0/0,0 neg]
%     Score = -40.422,948089 (regressionFit = 40.422,948088, penalties=1.03E-6) for clause:  medv(A) :- age(A, 1).  [covers 43,0/436,0 pos, 0,0/0,0 neg]
%     Score = -40.048,464535 (regressionFit = 40.048,464534, penalties=1.03E-6) for clause:  medv(A) :- age(A, 6).  [covers 48,0/436,0 pos, 0,0/0,0 neg]
%     Score = -40.563,052762 (regressionFit = 40.563,052761, penalties=1.03E-6) for clause:  medv(A) :- dis(A, 7).  [covers 29,0/436,0 pos, 0,0/0,0 neg]
%     Score = -38.659,735908 (regressionFit = 38.659,735907, penalties=1.03E-6) for clause:  medv(A) :- dis(A, 9).  [covers 43,0/436,0 pos, 0,0/0,0 neg]
%     Score = -40.600,131987 (regressionFit = 40.600,131986, penalties=1.03E-6) for clause:  medv(A) :- dis(A, 4).  [covers 45,0/436,0 pos, 0,0/0,0 neg]
%     Score = -40.209,397203 (regressionFit = 40.209,397202, penalties=1.03E-6) for clause:  medv(A) :- dis(A, 5).  [covers 46,0/436,0 pos, 0,0/0,0 neg]
%     Score = -40.531,056213 (regressionFit = 40.531,056212, penalties=1.03E-6) for clause:  medv(A) :- dis(A, 1).  [covers 48,0/436,0 pos, 0,0/0,0 neg]
%     Score = -40.488,929676 (regressionFit = 40.488,929675, penalties=1.03E-6) for clause:  medv(A) :- rad(A, 6).  [covers 18,0/436,0 pos, 0,0/0,0 neg]
%     Score = -40.486,717644 (regressionFit = 40.486,717643, penalties=1.03E-6) for clause:  medv(A) :- rad(A, 5).  [covers 112,0/436,0 pos, 0,0/0,0 neg]
%     Score = -40.257,618099 (regressionFit = 40.257,618098, penalties=1.03E-6) for clause:  medv(A) :- rad(A, 4).  [covers 101,0/436,0 pos, 0,0/0,0 neg]
%     Score = -40.555,904181 (regressionFit = 40.555,904180, penalties=1.03E-6) for clause:  medv(A) :- rad(A, 1).  [covers 15,0/436,0 pos, 0,0/0,0 neg]
%     Score = -38.799,303004 (regressionFit = 38.799,303003, penalties=1.03E-6) for clause:  medv(A) :- rad(A, 24).  [covers 90,0/436,0 pos, 0,0/0,0 neg]
%     Score = -39.703,497100 (regressionFit = 39.703,497099, penalties=1.03E-6) for clause:  medv(A) :- rad(A, 3).  [covers 37,0/436,0 pos, 0,0/0,0 neg]
%     Score = -40.593,188637 (regressionFit = 40.593,188636, penalties=1.03E-6) for clause:  medv(A) :- tax(A, 432).  [covers 9,0/436,0 pos, 0,0/0,0 neg]
%     Score = -40.587,789381 (regressionFit = 40.587,789380, penalties=1.03E-6) for clause:  medv(A) :- tax(A, 403).  [covers 29,0/436,0 pos, 0,0/0,0 neg]
%     Score = -40.393,053709 (regressionFit = 40.393,053708, penalties=1.03E-6) for clause:  medv(A) :- tax(A, 277).  [covers 11,0/436,0 pos, 0,0/0,0 neg]
%     Score = -40.507,330973 (regressionFit = 40.507,330972, penalties=1.03E-6) for clause:  medv(A) :- tax(A, 300).  [covers 7,0/436,0 pos, 0,0/0,0 neg]
%     Score = -40.578,664008 (regressionFit = 40.578,664007, penalties=1.03E-6) for clause:  medv(A) :- tax(A, 304).  [covers 14,0/436,0 pos, 0,0/0,0 neg]
%     Score = -40.578,197473 (regressionFit = 40.578,197472, penalties=1.03E-6) for clause:  medv(A) :- tax(A, 279).  [covers 4,0/436,0 pos, 0,0/0,0 neg]
%     Score = -38.799,303004 (regressionFit = 38.799,303003, penalties=1.03E-6) for clause:  medv(A) :- tax(A, 666).  [covers 90,0/436,0 pos, 0,0/0,0 neg]
%     Score = -40.499,899787 (regressionFit = 40.499,899786, penalties=1.03E-6) for clause:  medv(A) :- tax(A, 247).  [covers 4,0/436,0 pos, 0,0/0,0 neg]
%     Score = -40.381,400456 (regressionFit = 40.381,400455, penalties=1.03E-6) for clause:  medv(A) :- ptratio(A, 2).  [covers 47,0/436,0 pos, 0,0/0,0 neg]
%     Score = -39.450,897106 (regressionFit = 39.450,897105, penalties=1.03E-6) for clause:  medv(A) :- ptratio(A, 9).  [covers 50,0/436,0 pos, 0,0/0,0 neg]
%     Score = -40.182,219205 (regressionFit = 40.182,219204, penalties=1.03E-6) for clause:  medv(A) :- ptratio(A, 3).  [covers 51,0/436,0 pos, 0,0/0,0 neg]
%     Score = -40.080,741565 (regressionFit = 40.080,741564, penalties=1.03E-6) for clause:  medv(A) :- ptratio(A, 1).  [covers 45,0/436,0 pos, 0,0/0,0 neg]
%     Score = -40.008,354294 (regressionFit = 40.008,354293, penalties=1.03E-6) for clause:  medv(A) :- ptratio(A, 5).  [covers 42,0/436,0 pos, 0,0/0,0 neg]
%     Score = -38.965,259195 (regressionFit = 38.965,259194, penalties=1.03E-6) for clause:  medv(A) :- ptratio(A, 10).  [covers 97,0/436,0 pos, 0,0/0,0 neg]
%     Score = -40.464,290457 (regressionFit = 40.464,290456, penalties=1.03E-6) for clause:  medv(A) :- b(A, 3).  [covers 47,0/436,0 pos, 0,0/0,0 neg]
%     Score = -40.586,334505 (regressionFit = 40.586,334504, penalties=1.03E-6) for clause:  medv(A) :- b(A, 9).  [covers 41,0/436,0 pos, 0,0/0,0 neg]
%     Score = -40.360,349226 (regressionFit = 40.360,349225, penalties=1.03E-6) for clause:  medv(A) :- b(A, 4).  [covers 27,0/436,0 pos, 0,0/0,0 neg]
%     Score = -40.590,955570 (regressionFit = 40.590,955569, penalties=1.03E-6) for clause:  medv(A) :- b(A, 1).  [covers 102,0/436,0 pos, 0,0/0,0 neg]
%     Score = -40.502,812627 (regressionFit = 40.502,812626, penalties=1.03E-6) for clause:  medv(A) :- b(A, 8).  [covers 46,0/436,0 pos, 0,0/0,0 neg]
%     Score = -39.542,529576 (regressionFit = 39.542,529575, penalties=1.03E-6) for clause:  medv(A) :- b(A, 7).  [covers 40,0/436,0 pos, 0,0/0,0 neg]
%     Score = -40.579,989858 (regressionFit = 40.579,989857, penalties=1.03E-6) for clause:  medv(A) :- b(A, 2).  [covers 40,0/436,0 pos, 0,0/0,0 neg]
%     Score = -40.445,758811 (regressionFit = 40.445,758810, penalties=1.03E-6) for clause:  medv(A) :- lstat(A, 7).  [covers 38,0/436,0 pos, 0,0/0,0 neg]
%     Score = -40.587,811717 (regressionFit = 40.587,811716, penalties=1.03E-6) for clause:  medv(A) :- lstat(A, 3).  [covers 51,0/436,0 pos, 0,0/0,0 neg]
%     Score = -38.477,425503 (regressionFit = 38.477,425502, penalties=1.03E-6) for clause:  medv(A) :- lstat(A, 6).  [covers 44,0/436,0 pos, 0,0/0,0 neg]
%     Score = -39.578,437231 (regressionFit = 39.578,437230, penalties=1.03E-6) for clause:  medv(A) :- lstat(A, 2).  [covers 45,0/436,0 pos, 0,0/0,0 neg]
%     Score = -40.485,270544 (regressionFit = 40.485,270543, penalties=1.03E-6) for clause:  medv(A) :- lstat(A, 4).  [covers 42,0/436,0 pos, 0,0/0,0 neg]
%     Score = -40.482,013130 (regressionFit = 40.482,013129, penalties=1.03E-6) for clause:  medv(A) :- lstat(A, 8).  [covers 44,0/436,0 pos, 0,0/0,0 neg]
%     Score = -39.816,647522 (regressionFit = 39.816,647521, penalties=1.03E-6) for clause:  medv(A) :- lstat(A, 5).  [covers 39,0/436,0 pos, 0,0/0,0 neg]
%     Score = -40.481,680220 (regressionFit = 40.481,680219, penalties=1.03E-6) for clause:  medv(A) :- lstat(A, 9).  [covers 46,0/436,0 pos, 0,0/0,0 neg]
%     Score = -39.855,218307 (regressionFit = 39.855,218305, penalties=2.0500000000000003E-6) for clause:  medv(A) :- rm(A, 4), crim(A, 5).  [covers 4,0/436,0 pos, 0,0/0,0 neg]
%     Score = -39.375,141345 (regressionFit = 39.375,141343, penalties=2.0500000000000003E-6) for clause:  medv(A) :- rm(A, 4), zn(A, 0).  [covers 19,0/436,0 pos, 0,0/0,0 neg]
%     Score = -Infinity (regressionFit = Infinity, penalties=2.0500000000000003E-6) for clause:  medv(A) :- rm(A, 4), indus(A, 9).  [covers 1,0/436,0 pos, 0,0/0,0 neg]
%     Score = -36.150,238081 (regressionFit = 36.150,238079, penalties=2.0500000000000003E-6) for clause:  medv(A) :- rm(A, 4), chas(A, 0).  [covers 41,0/436,0 pos, 0,0/0,0 neg]
%     Score = -40.365,323507 (regressionFit = 40.365,323505, penalties=2.0500000000000003E-6) for clause:  medv(A) :- rm(A, 4), nox(A, 7).  [covers 3,0/436,0 pos, 0,0/0,0 neg]
%     Score = -Infinity (regressionFit = Infinity, penalties=2.0500000000000003E-6) for clause:  medv(A) :- rm(A, 4), age(A, 5).  [covers 2,0/436,0 pos, 0,0/0,0 neg]
%     Score = -40.600,006648 (regressionFit = 40.600,006645, penalties=2.0500000000000003E-6) for clause:  medv(A) :- rm(A, 4), dis(A, 9).  [covers 3,0/436,0 pos, 0,0/0,0 neg]
%     Score = -38.308,872826 (regressionFit = 38.308,872824, penalties=2.0500000000000003E-6) for clause:  medv(A) :- rm(A, 4), rad(A, 5).  [covers 13,0/436,0 pos, 0,0/0,0 neg]
%     Score = -Infinity (regressionFit = Infinity, penalties=2.0500000000000003E-6) for clause:  medv(A) :- rm(A, 4), tax(A, 403).  [covers 1,0/436,0 pos, 0,0/0,0 neg]
%     Score = -39.776,463122 (regressionFit = 39.776,463120, penalties=2.0500000000000003E-6) for clause:  medv(A) :- rm(A, 4), ptratio(A, 9).  [covers 4,0/436,0 pos, 0,0/0,0 neg]
%     Score = -Infinity (regressionFit = Infinity, penalties=2.0500000000000003E-6) for clause:  medv(A) :- rm(A, 4), b(A, 9).  [covers 2,0/436,0 pos, 0,0/0,0 neg]
%     Score = -36.746,160827 (regressionFit = 36.746,160824, penalties=2.0500000000000003E-6) for clause:  medv(A) :- rm(A, 4), lstat(A, 3).  [covers 15,0/436,0 pos, 0,0/0,0 neg]
%     Score = -39.900,645078 (regressionFit = 39.900,645075, penalties=3.0700000000000003E-6) for clause:  medv(A) :- rm(A, 4), chas(A, 0), crim(A, 5).  [covers 3,0/436,0 pos, 0,0/0,0 neg]
%     Score = -39.932,429617 (regressionFit = 39.932,429614, penalties=3.0500000000000004E-6) for clause:  medv(A) :- rm(A, 4), chas(A, 0), zn(A, 0).  [covers 16,0/436,0 pos, 0,0/0,0 neg]
%     Score = -Infinity (regressionFit = Infinity, penalties=3.0700000000000003E-6) for clause:  medv(A) :- rm(A, 4), chas(A, 0), indus(A, 9).  [covers 1,0/436,0 pos, 0,0/0,0 neg]
%     Score = -40.365,323508 (regressionFit = 40.365,323505, penalties=3.0700000000000003E-6) for clause:  medv(A) :- rm(A, 4), chas(A, 0), nox(A, 7).  [covers 3,0/436,0 pos, 0,0/0,0 neg]
%     Score = -Infinity (regressionFit = Infinity, penalties=3.0700000000000003E-6) for clause:  medv(A) :- rm(A, 4), chas(A, 0), age(A, 5).  [covers 1,0/436,0 pos, 0,0/0,0 neg]
%     Score = -40.600,006649 (regressionFit = 40.600,006645, penalties=3.0700000000000003E-6) for clause:  medv(A) :- rm(A, 4), chas(A, 0), dis(A, 9).  [covers 3,0/436,0 pos, 0,0/0,0 neg]
%     Score = -38.308,872827 (regressionFit = 38.308,872824, penalties=3.0700000000000003E-6) for clause:  medv(A) :- rm(A, 4), chas(A, 0), rad(A, 5).  [covers 13,0/436,0 pos, 0,0/0,0 neg]
%     Score = -Infinity (regressionFit = Infinity, penalties=3.0700000000000003E-6) for clause:  medv(A) :- rm(A, 4), chas(A, 0), tax(A, 403).  [covers 1,0/436,0 pos, 0,0/0,0 neg]
%     Score = -39.776,463123 (regressionFit = 39.776,463120, penalties=3.0700000000000003E-6) for clause:  medv(A) :- rm(A, 4), chas(A, 0), ptratio(A, 9).  [covers 4,0/436,0 pos, 0,0/0,0 neg]
%     Score = -Infinity (regressionFit = Infinity, penalties=3.0700000000000003E-6) for clause:  medv(A) :- rm(A, 4), chas(A, 0), b(A, 9).  [covers 2,0/436,0 pos, 0,0/0,0 neg]
%     Score = -37.909,097432 (regressionFit = 37.909,097429, penalties=3.0700000000000003E-6) for clause:  medv(A) :- rm(A, 4), chas(A, 0), lstat(A, 3).  [covers 12,0/436,0 pos, 0,0/0,0 neg]
%     Score = -39.847,107671 (regressionFit = 39.847,107669, penalties=2.0500000000000003E-6) for clause:  medv(A) :- nox(A, 10), crim(A, 9).  [covers 14,0/436,0 pos, 0,0/0,0 neg]
%     Score = -37.283,309639 (regressionFit = 37.283,309637, penalties=2.0300000000000005E-6) for clause:  medv(A) :- nox(A, 10), crim(A, 10).  [covers 26,0/436,0 pos, 0,0/0,0 neg]
%     Score = -36.676,060684 (regressionFit = 36.676,060682, penalties=2.0500000000000003E-6) for clause:  medv(A) :- nox(A, 10), zn(A, 0).  [covers 42,0/436,0 pos, 0,0/0,0 neg]
%     Score = -36.676,060684 (regressionFit = 36.676,060682, penalties=2.0300000000000005E-6) for clause:  medv(A) :- nox(A, 10), indus(A, 10).  [covers 42,0/436,0 pos, 0,0/0,0 neg]
%     Score = -36.676,060684 (regressionFit = 36.676,060682, penalties=2.0500000000000003E-6) for clause:  medv(A) :- nox(A, 10), chas(A, 0).  [covers 42,0/436,0 pos, 0,0/0,0 neg]
%     Score = -39.248,873406 (regressionFit = 39.248,873404, penalties=2.0500000000000003E-6) for clause:  medv(A) :- nox(A, 10), rm(A, 9).  [covers 14,0/436,0 pos, 0,0/0,0 neg]
%     Score = -40.321,725122 (regressionFit = 40.321,725120, penalties=2.0500000000000003E-6) for clause:  medv(A) :- nox(A, 10), rm(A, 2).  [covers 6,0/436,0 pos, 0,0/0,0 neg]
%     Score = -38.945,524424 (regressionFit = 38.945,524422, penalties=2.0500000000000003E-6) for clause:  medv(A) :- nox(A, 10), age(A, 6).  [covers 18,0/436,0 pos, 0,0/0,0 neg]
%     Score = -39.291,484365 (regressionFit = 39.291,484363, penalties=2.0500000000000003E-6) for clause:  medv(A) :- nox(A, 10), dis(A, 9).  [covers 18,0/436,0 pos, 0,0/0,0 neg]
%     Score = -36.676,060684 (regressionFit = 36.676,060682, penalties=2.0500000000000003E-6) for clause:  medv(A) :- nox(A, 10), rad(A, 24).  [covers 42,0/436,0 pos, 0,0/0,0 neg]
%     Score = -36.676,060684 (regressionFit = 36.676,060682, penalties=2.0500000000000003E-6) for clause:  medv(A) :- nox(A, 10), tax(A, 666).  [covers 42,0/436,0 pos, 0,0/0,0 neg]
%     Score = -36.676,060684 (regressionFit = 36.676,060682, penalties=2.0300000000000005E-6) for clause:  medv(A) :- nox(A, 10), ptratio(A, 10).  [covers 42,0/436,0 pos, 0,0/0,0 neg]
%     Score = -38.419,771734 (regressionFit = 38.419,771732, penalties=2.0500000000000003E-6) for clause:  medv(A) :- nox(A, 10), b(A, 1).  [covers 20,0/436,0 pos, 0,0/0,0 neg]
%     Score = -39.647,482492 (regressionFit = 39.647,482490, penalties=2.0500000000000003E-6) for clause:  medv(A) :- nox(A, 10), b(A, 7).  [covers 11,0/436,0 pos, 0,0/0,0 neg]
%     Score = -39.758,147373 (regressionFit = 39.758,147371, penalties=2.0500000000000003E-6) for clause:  medv(A) :- nox(A, 10), lstat(A, 5).  [covers 14,0/436,0 pos, 0,0/0,0 neg]
%     Score = -38.669,761235 (regressionFit = 38.669,761233, penalties=2.0500000000000003E-6) for clause:  medv(A) :- nox(A, 10), lstat(A, 6).  [covers 19,0/436,0 pos, 0,0/0,0 neg]
%     Score = -39.847,107672 (regressionFit = 39.847,107669, penalties=3.0500000000000004E-6) for clause:  medv(A) :- nox(A, 10), indus(A, 10), crim(A, 9).  [covers 14,0/436,0 pos, 0,0/0,0 neg]
%     Score = -37.283,309640 (regressionFit = 37.283,309637, penalties=3.0300000000000006E-6) for clause:  medv(A) :- nox(A, 10), indus(A, 10), crim(A, 10).  [covers 26,0/436,0 pos, 0,0/0,0 neg]
%     Score = -36.676,060685 (regressionFit = 36.676,060682, penalties=3.0500000000000004E-6) for clause:  medv(A) :- nox(A, 10), indus(A, 10), zn(A, 0).  [covers 42,0/436,0 pos, 0,0/0,0 neg]
%     Score = -36.676,060685 (regressionFit = 36.676,060682, penalties=3.0500000000000004E-6) for clause:  medv(A) :- nox(A, 10), indus(A, 10), chas(A, 0).  [covers 42,0/436,0 pos, 0,0/0,0 neg]
%     Score = -39.248,873407 (regressionFit = 39.248,873404, penalties=3.0500000000000004E-6) for clause:  medv(A) :- nox(A, 10), indus(A, 10), rm(A, 9).  [covers 14,0/436,0 pos, 0,0/0,0 neg]
%     Score = -40.321,725123 (regressionFit = 40.321,725120, penalties=3.0500000000000004E-6) for clause:  medv(A) :- nox(A, 10), indus(A, 10), rm(A, 2).  [covers 6,0/436,0 pos, 0,0/0,0 neg]
%     Score = -38.945,524425 (regressionFit = 38.945,524422, penalties=3.0500000000000004E-6) for clause:  medv(A) :- nox(A, 10), indus(A, 10), age(A, 6).  [covers 18,0/436,0 pos, 0,0/0,0 neg]
%     Score = -39.291,484366 (regressionFit = 39.291,484363, penalties=3.0500000000000004E-6) for clause:  medv(A) :- nox(A, 10), indus(A, 10), dis(A, 9).  [covers 18,0/436,0 pos, 0,0/0,0 neg]
%     Score = -36.676,060685 (regressionFit = 36.676,060682, penalties=3.0500000000000004E-6) for clause:  medv(A) :- nox(A, 10), indus(A, 10), rad(A, 24).  [covers 42,0/436,0 pos, 0,0/0,0 neg]
%     Score = -36.676,060685 (regressionFit = 36.676,060682, penalties=3.0500000000000004E-6) for clause:  medv(A) :- nox(A, 10), indus(A, 10), tax(A, 666).  [covers 42,0/436,0 pos, 0,0/0,0 neg]
%     Score = -36.676,060685 (regressionFit = 36.676,060682, penalties=3.0300000000000006E-6) for clause:  medv(A) :- nox(A, 10), indus(A, 10), ptratio(A, 10).  [covers 42,0/436,0 pos, 0,0/0,0 neg]
%     Score = -38.419,771735 (regressionFit = 38.419,771732, penalties=3.0500000000000004E-6) for clause:  medv(A) :- nox(A, 10), indus(A, 10), b(A, 1).  [covers 20,0/436,0 pos, 0,0/0,0 neg]
%     Score = -39.647,482493 (regressionFit = 39.647,482490, penalties=3.0500000000000004E-6) for clause:  medv(A) :- nox(A, 10), indus(A, 10), b(A, 7).  [covers 11,0/436,0 pos, 0,0/0,0 neg]
%     Score = -39.758,147374 (regressionFit = 39.758,147371, penalties=3.0500000000000004E-6) for clause:  medv(A) :- nox(A, 10), indus(A, 10), lstat(A, 5).  [covers 14,0/436,0 pos, 0,0/0,0 neg]
%     Score = -38.669,761236 (regressionFit = 38.669,761233, penalties=3.0500000000000004E-6) for clause:  medv(A) :- nox(A, 10), indus(A, 10), lstat(A, 6).  [covers 19,0/436,0 pos, 0,0/0,0 neg]
%     Score = -39.847,107672 (regressionFit = 39.847,107669, penalties=3.0500000000000004E-6) for clause:  medv(A) :- nox(A, 10), ptratio(A, 10), crim(A, 9).  [covers 14,0/436,0 pos, 0,0/0,0 neg]
%     Score = -37.283,309640 (regressionFit = 37.283,309637, penalties=3.0300000000000006E-6) for clause:  medv(A) :- nox(A, 10), ptratio(A, 10), crim(A, 10).  [covers 26,0/436,0 pos, 0,0/0,0 neg]
%     Score = -36.676,060685 (regressionFit = 36.676,060682, penalties=3.0500000000000004E-6) for clause:  medv(A) :- nox(A, 10), ptratio(A, 10), zn(A, 0).  [covers 42,0/436,0 pos, 0,0/0,0 neg]
%     Score = -36.676,060685 (regressionFit = 36.676,060682, penalties=3.0300000000000006E-6) for clause:  medv(A) :- nox(A, 10), ptratio(A, 10), indus(A, 10).  [covers 42,0/436,0 pos, 0,0/0,0 neg]
%     Score = -36.676,060685 (regressionFit = 36.676,060682, penalties=3.0500000000000004E-6) for clause:  medv(A) :- nox(A, 10), ptratio(A, 10), chas(A, 0).  [covers 42,0/436,0 pos, 0,0/0,0 neg]
%     Score = -39.248,873407 (regressionFit = 39.248,873404, penalties=3.0500000000000004E-6) for clause:  medv(A) :- nox(A, 10), ptratio(A, 10), rm(A, 9).  [covers 14,0/436,0 pos, 0,0/0,0 neg]
%     Score = -40.321,725123 (regressionFit = 40.321,725120, penalties=3.0500000000000004E-6) for clause:  medv(A) :- nox(A, 10), ptratio(A, 10), rm(A, 2).  [covers 6,0/436,0 pos, 0,0/0,0 neg]
%     Score = -38.945,524425 (regressionFit = 38.945,524422, penalties=3.0500000000000004E-6) for clause:  medv(A) :- nox(A, 10), ptratio(A, 10), age(A, 6).  [covers 18,0/436,0 pos, 0,0/0,0 neg]
%     Score = -39.291,484366 (regressionFit = 39.291,484363, penalties=3.0500000000000004E-6) for clause:  medv(A) :- nox(A, 10), ptratio(A, 10), dis(A, 9).  [covers 18,0/436,0 pos, 0,0/0,0 neg]
%     Score = -36.676,060685 (regressionFit = 36.676,060682, penalties=3.0500000000000004E-6) for clause:  medv(A) :- nox(A, 10), ptratio(A, 10), rad(A, 24).  [covers 42,0/436,0 pos, 0,0/0,0 neg]
%     Score = -36.676,060685 (regressionFit = 36.676,060682, penalties=3.0500000000000004E-6) for clause:  medv(A) :- nox(A, 10), ptratio(A, 10), tax(A, 666).  [covers 42,0/436,0 pos, 0,0/0,0 neg]
%     Score = -38.419,771735 (regressionFit = 38.419,771732, penalties=3.0500000000000004E-6) for clause:  medv(A) :- nox(A, 10), ptratio(A, 10), b(A, 1).  [covers 20,0/436,0 pos, 0,0/0,0 neg]
%     Score = -39.647,482493 (regressionFit = 39.647,482490, penalties=3.0500000000000004E-6) for clause:  medv(A) :- nox(A, 10), ptratio(A, 10), b(A, 7).  [covers 11,0/436,0 pos, 0,0/0,0 neg]
%     Score = -39.758,147374 (regressionFit = 39.758,147371, penalties=3.0500000000000004E-6) for clause:  medv(A) :- nox(A, 10), ptratio(A, 10), lstat(A, 5).  [covers 14,0/436,0 pos, 0,0/0,0 neg]
%     Score = -38.669,761236 (regressionFit = 38.669,761233, penalties=3.0500000000000004E-6) for clause:  medv(A) :- nox(A, 10), ptratio(A, 10), lstat(A, 6).  [covers 19,0/436,0 pos, 0,0/0,0 neg]
%     Score = -39.847,107672 (regressionFit = 39.847,107669, penalties=3.0700000000000003E-6) for clause:  medv(A) :- nox(A, 10), zn(A, 0), crim(A, 9).  [covers 14,0/436,0 pos, 0,0/0,0 neg]
%     Score = -37.283,309640 (regressionFit = 37.283,309637, penalties=3.0500000000000004E-6) for clause:  medv(A) :- nox(A, 10), zn(A, 0), crim(A, 10).  [covers 26,0/436,0 pos, 0,0/0,0 neg]
%     Score = -36.676,060685 (regressionFit = 36.676,060682, penalties=3.0500000000000004E-6) for clause:  medv(A) :- nox(A, 10), zn(A, 0), indus(A, 10).  [covers 42,0/436,0 pos, 0,0/0,0 neg]
%     Score = -36.676,060685 (regressionFit = 36.676,060682, penalties=3.0500000000000004E-6) for clause:  medv(A) :- nox(A, 10), zn(A, 0), chas(A, 0).  [covers 42,0/436,0 pos, 0,0/0,0 neg]
%     Score = -39.248,873407 (regressionFit = 39.248,873404, penalties=3.0700000000000003E-6) for clause:  medv(A) :- nox(A, 10), zn(A, 0), rm(A, 9).  [covers 14,0/436,0 pos, 0,0/0,0 neg]
%     Score = -40.321,725123 (regressionFit = 40.321,725120, penalties=3.0700000000000003E-6) for clause:  medv(A) :- nox(A, 10), zn(A, 0), rm(A, 2).  [covers 6,0/436,0 pos, 0,0/0,0 neg]
%     Score = -38.945,524425 (regressionFit = 38.945,524422, penalties=3.0700000000000003E-6) for clause:  medv(A) :- nox(A, 10), zn(A, 0), age(A, 6).  [covers 18,0/436,0 pos, 0,0/0,0 neg]
%     Score = -39.291,484366 (regressionFit = 39.291,484363, penalties=3.0700000000000003E-6) for clause:  medv(A) :- nox(A, 10), zn(A, 0), dis(A, 9).  [covers 18,0/436,0 pos, 0,0/0,0 neg]
%     Score = -36.676,060685 (regressionFit = 36.676,060682, penalties=3.0700000000000003E-6) for clause:  medv(A) :- nox(A, 10), zn(A, 0), rad(A, 24).  [covers 42,0/436,0 pos, 0,0/0,0 neg]
%     Score = -36.676,060685 (regressionFit = 36.676,060682, penalties=3.0700000000000003E-6) for clause:  medv(A) :- nox(A, 10), zn(A, 0), tax(A, 666).  [covers 42,0/436,0 pos, 0,0/0,0 neg]
%     Score = -36.676,060685 (regressionFit = 36.676,060682, penalties=3.0500000000000004E-6) for clause:  medv(A) :- nox(A, 10), zn(A, 0), ptratio(A, 10).  [covers 42,0/436,0 pos, 0,0/0,0 neg]
%     Score = -38.419,771735 (regressionFit = 38.419,771732, penalties=3.0700000000000003E-6) for clause:  medv(A) :- nox(A, 10), zn(A, 0), b(A, 1).  [covers 20,0/436,0 pos, 0,0/0,0 neg]
%     Score = -39.647,482494 (regressionFit = 39.647,482490, penalties=3.0700000000000003E-6) for clause:  medv(A) :- nox(A, 10), zn(A, 0), b(A, 7).  [covers 11,0/436,0 pos, 0,0/0,0 neg]
%     Score = -39.758,147374 (regressionFit = 39.758,147371, penalties=3.0700000000000003E-6) for clause:  medv(A) :- nox(A, 10), zn(A, 0), lstat(A, 5).  [covers 14,0/436,0 pos, 0,0/0,0 neg]
%     Score = -38.669,761236 (regressionFit = 38.669,761233, penalties=3.0700000000000003E-6) for clause:  medv(A) :- nox(A, 10), zn(A, 0), lstat(A, 6).  [covers 19,0/436,0 pos, 0,0/0,0 neg]
%     Score = -39.847,107672 (regressionFit = 39.847,107669, penalties=3.0700000000000003E-6) for clause:  medv(A) :- nox(A, 10), chas(A, 0), crim(A, 9).  [covers 14,0/436,0 pos, 0,0/0,0 neg]
%     Score = -37.283,309640 (regressionFit = 37.283,309637, penalties=3.0500000000000004E-6) for clause:  medv(A) :- nox(A, 10), chas(A, 0), crim(A, 10).  [covers 26,0/436,0 pos, 0,0/0,0 neg]
%     Score = -36.676,060685 (regressionFit = 36.676,060682, penalties=3.0500000000000004E-6) for clause:  medv(A) :- nox(A, 10), chas(A, 0), zn(A, 0).  [covers 42,0/436,0 pos, 0,0/0,0 neg]
%     Score = -36.676,060685 (regressionFit = 36.676,060682, penalties=3.0500000000000004E-6) for clause:  medv(A) :- nox(A, 10), chas(A, 0), indus(A, 10).  [covers 42,0/436,0 pos, 0,0/0,0 neg]
%     Score = -39.248,873407 (regressionFit = 39.248,873404, penalties=3.0700000000000003E-6) for clause:  medv(A) :- nox(A, 10), chas(A, 0), rm(A, 9).  [covers 14,0/436,0 pos, 0,0/0,0 neg]
%     Score = -40.321,725123 (regressionFit = 40.321,725120, penalties=3.0700000000000003E-6) for clause:  medv(A) :- nox(A, 10), chas(A, 0), rm(A, 2).  [covers 6,0/436,0 pos, 0,0/0,0 neg]
%     Score = -38.945,524425 (regressionFit = 38.945,524422, penalties=3.0700000000000003E-6) for clause:  medv(A) :- nox(A, 10), chas(A, 0), age(A, 6).  [covers 18,0/436,0 pos, 0,0/0,0 neg]
%     Score = -39.291,484366 (regressionFit = 39.291,484363, penalties=3.0700000000000003E-6) for clause:  medv(A) :- nox(A, 10), chas(A, 0), dis(A, 9).  [covers 18,0/436,0 pos, 0,0/0,0 neg]
%     Score = -36.676,060685 (regressionFit = 36.676,060682, penalties=3.0700000000000003E-6) for clause:  medv(A) :- nox(A, 10), chas(A, 0), rad(A, 24).  [covers 42,0/436,0 pos, 0,0/0,0 neg]
%     Score = -36.676,060685 (regressionFit = 36.676,060682, penalties=3.0700000000000003E-6) for clause:  medv(A) :- nox(A, 10), chas(A, 0), tax(A, 666).  [covers 42,0/436,0 pos, 0,0/0,0 neg]
%     Score = -36.676,060685 (regressionFit = 36.676,060682, penalties=3.0500000000000004E-6) for clause:  medv(A) :- nox(A, 10), chas(A, 0), ptratio(A, 10).  [covers 42,0/436,0 pos, 0,0/0,0 neg]
%     Score = -38.419,771735 (regressionFit = 38.419,771732, penalties=3.0700000000000003E-6) for clause:  medv(A) :- nox(A, 10), chas(A, 0), b(A, 1).  [covers 20,0/436,0 pos, 0,0/0,0 neg]
%     Score = -39.647,482494 (regressionFit = 39.647,482490, penalties=3.0700000000000003E-6) for clause:  medv(A) :- nox(A, 10), chas(A, 0), b(A, 7).  [covers 11,0/436,0 pos, 0,0/0,0 neg]
%     Score = -39.758,147374 (regressionFit = 39.758,147371, penalties=3.0700000000000003E-6) for clause:  medv(A) :- nox(A, 10), chas(A, 0), lstat(A, 5).  [covers 14,0/436,0 pos, 0,0/0,0 neg]
%     Score = -38.669,761236 (regressionFit = 38.669,761233, penalties=3.0700000000000003E-6) for clause:  medv(A) :- nox(A, 10), chas(A, 0), lstat(A, 6).  [covers 19,0/436,0 pos, 0,0/0,0 neg]
%     Score = -39.847,107672 (regressionFit = 39.847,107669, penalties=3.0700000000000003E-6) for clause:  medv(A) :- nox(A, 10), rad(A, 24), crim(A, 9).  [covers 14,0/436,0 pos, 0,0/0,0 neg]
%     Score = -37.283,309640 (regressionFit = 37.283,309637, penalties=3.0500000000000004E-6) for clause:  medv(A) :- nox(A, 10), rad(A, 24), crim(A, 10).  [covers 26,0/436,0 pos, 0,0/0,0 neg]
%     Score = -36.676,060685 (regressionFit = 36.676,060682, penalties=3.0700000000000003E-6) for clause:  medv(A) :- nox(A, 10), rad(A, 24), zn(A, 0).  [covers 42,0/436,0 pos, 0,0/0,0 neg]
%     Score = -36.676,060685 (regressionFit = 36.676,060682, penalties=3.0500000000000004E-6) for clause:  medv(A) :- nox(A, 10), rad(A, 24), indus(A, 10).  [covers 42,0/436,0 pos, 0,0/0,0 neg]
%     Score = -36.676,060685 (regressionFit = 36.676,060682, penalties=3.0700000000000003E-6) for clause:  medv(A) :- nox(A, 10), rad(A, 24), chas(A, 0).  [covers 42,0/436,0 pos, 0,0/0,0 neg]
%     Score = -39.248,873407 (regressionFit = 39.248,873404, penalties=3.0700000000000003E-6) for clause:  medv(A) :- nox(A, 10), rad(A, 24), rm(A, 9).  [covers 14,0/436,0 pos, 0,0/0,0 neg]
%     Score = -40.321,725123 (regressionFit = 40.321,725120, penalties=3.0700000000000003E-6) for clause:  medv(A) :- nox(A, 10), rad(A, 24), rm(A, 2).  [covers 6,0/436,0 pos, 0,0/0,0 neg]
%     Score = -38.945,524425 (regressionFit = 38.945,524422, penalties=3.0700000000000003E-6) for clause:  medv(A) :- nox(A, 10), rad(A, 24), age(A, 6).  [covers 18,0/436,0 pos, 0,0/0,0 neg]
%     Score = -39.291,484366 (regressionFit = 39.291,484363, penalties=3.0700000000000003E-6) for clause:  medv(A) :- nox(A, 10), rad(A, 24), dis(A, 9).  [covers 18,0/436,0 pos, 0,0/0,0 neg]
%     Score = -36.676,060685 (regressionFit = 36.676,060682, penalties=3.0700000000000003E-6) for clause:  medv(A) :- nox(A, 10), rad(A, 24), tax(A, 666).  [covers 42,0/436,0 pos, 0,0/0,0 neg]
%     Score = -36.676,060685 (regressionFit = 36.676,060682, penalties=3.0500000000000004E-6) for clause:  medv(A) :- nox(A, 10), rad(A, 24), ptratio(A, 10).  [covers 42,0/436,0 pos, 0,0/0,0 neg]
%     Score = -38.419,771735 (regressionFit = 38.419,771732, penalties=3.0700000000000003E-6) for clause:  medv(A) :- nox(A, 10), rad(A, 24), b(A, 1).  [covers 20,0/436,0 pos, 0,0/0,0 neg]
%     Score = -39.647,482494 (regressionFit = 39.647,482490, penalties=3.0700000000000003E-6) for clause:  medv(A) :- nox(A, 10), rad(A, 24), b(A, 7).  [covers 11,0/436,0 pos, 0,0/0,0 neg]
%     Score = -39.758,147374 (regressionFit = 39.758,147371, penalties=3.0700000000000003E-6) for clause:  medv(A) :- nox(A, 10), rad(A, 24), lstat(A, 5).  [covers 14,0/436,0 pos, 0,0/0,0 neg]
%     Score = -38.669,761236 (regressionFit = 38.669,761233, penalties=3.0700000000000003E-6) for clause:  medv(A) :- nox(A, 10), rad(A, 24), lstat(A, 6).  [covers 19,0/436,0 pos, 0,0/0,0 neg]
%     Score = -39.847,107672 (regressionFit = 39.847,107669, penalties=3.0700000000000003E-6) for clause:  medv(A) :- nox(A, 10), tax(A, 666), crim(A, 9).  [covers 14,0/436,0 pos, 0,0/0,0 neg]
%     Score = -37.283,309640 (regressionFit = 37.283,309637, penalties=3.0500000000000004E-6) for clause:  medv(A) :- nox(A, 10), tax(A, 666), crim(A, 10).  [covers 26,0/436,0 pos, 0,0/0,0 neg]
%     Score = -36.676,060685 (regressionFit = 36.676,060682, penalties=3.0700000000000003E-6) for clause:  medv(A) :- nox(A, 10), tax(A, 666), zn(A, 0).  [covers 42,0/436,0 pos, 0,0/0,0 neg]
%     Score = -36.676,060685 (regressionFit = 36.676,060682, penalties=3.0500000000000004E-6) for clause:  medv(A) :- nox(A, 10), tax(A, 666), indus(A, 10).  [covers 42,0/436,0 pos, 0,0/0,0 neg]
%     Score = -36.676,060685 (regressionFit = 36.676,060682, penalties=3.0700000000000003E-6) for clause:  medv(A) :- nox(A, 10), tax(A, 666), chas(A, 0).  [covers 42,0/436,0 pos, 0,0/0,0 neg]
%     Score = -39.248,873407 (regressionFit = 39.248,873404, penalties=3.0700000000000003E-6) for clause:  medv(A) :- nox(A, 10), tax(A, 666), rm(A, 9).  [covers 14,0/436,0 pos, 0,0/0,0 neg]
%     Score = -40.321,725123 (regressionFit = 40.321,725120, penalties=3.0700000000000003E-6) for clause:  medv(A) :- nox(A, 10), tax(A, 666), rm(A, 2).  [covers 6,0/436,0 pos, 0,0/0,0 neg]
%     Score = -38.945,524425 (regressionFit = 38.945,524422, penalties=3.0700000000000003E-6) for clause:  medv(A) :- nox(A, 10), tax(A, 666), age(A, 6).  [covers 18,0/436,0 pos, 0,0/0,0 neg]
%     Score = -39.291,484366 (regressionFit = 39.291,484363, penalties=3.0700000000000003E-6) for clause:  medv(A) :- nox(A, 10), tax(A, 666), dis(A, 9).  [covers 18,0/436,0 pos, 0,0/0,0 neg]
%     Score = -36.676,060685 (regressionFit = 36.676,060682, penalties=3.0700000000000003E-6) for clause:  medv(A) :- nox(A, 10), tax(A, 666), rad(A, 24).  [covers 42,0/436,0 pos, 0,0/0,0 neg]
%     Score = -36.676,060685 (regressionFit = 36.676,060682, penalties=3.0500000000000004E-6) for clause:  medv(A) :- nox(A, 10), tax(A, 666), ptratio(A, 10).  [covers 42,0/436,0 pos, 0,0/0,0 neg]
%     Score = -38.419,771735 (regressionFit = 38.419,771732, penalties=3.0700000000000003E-6) for clause:  medv(A) :- nox(A, 10), tax(A, 666), b(A, 1).  [covers 20,0/436,0 pos, 0,0/0,0 neg]
%     Score = -39.647,482494 (regressionFit = 39.647,482490, penalties=3.0700000000000003E-6) for clause:  medv(A) :- nox(A, 10), tax(A, 666), b(A, 7).  [covers 11,0/436,0 pos, 0,0/0,0 neg]
%     Score = -39.758,147374 (regressionFit = 39.758,147371, penalties=3.0700000000000003E-6) for clause:  medv(A) :- nox(A, 10), tax(A, 666), lstat(A, 5).  [covers 14,0/436,0 pos, 0,0/0,0 neg]
%     Score = -38.669,761236 (regressionFit = 38.669,761233, penalties=3.0700000000000003E-6) for clause:  medv(A) :- nox(A, 10), tax(A, 666), lstat(A, 6).  [covers 19,0/436,0 pos, 0,0/0,0 neg]
%     Score = -Infinity (regressionFit = Infinity, penalties=3.0700000000000003E-6) for clause:  medv(A) :- rm(A, 4), lstat(A, 3), crim(A, 5).  [covers 1,0/436,0 pos, 0,0/0,0 neg]
%     Score = -39.036,604801 (regressionFit = 39.036,604798, penalties=3.0700000000000003E-6) for clause:  medv(A) :- rm(A, 4), lstat(A, 3), zn(A, 0).  [covers 3,0/436,0 pos, 0,0/0,0 neg]
%     Score = -Infinity (regressionFit = Infinity, penalties=3.0700000000000003E-6) for clause:  medv(A) :- rm(A, 4), lstat(A, 3), indus(A, 9).  [covers 1,0/436,0 pos, 0,0/0,0 neg]
%     Score = -37.909,097432 (regressionFit = 37.909,097429, penalties=3.0700000000000003E-6) for clause:  medv(A) :- rm(A, 4), lstat(A, 3), chas(A, 0).  [covers 12,0/436,0 pos, 0,0/0,0 neg]
%     Score = -Infinity (regressionFit = Infinity, penalties=3.0700000000000003E-6) for clause:  medv(A) :- rm(A, 4), lstat(A, 3), nox(A, 7).  [covers 1,0/436,0 pos, 0,0/0,0 neg]
%     Score = -Infinity (regressionFit = Infinity, penalties=3.0700000000000003E-6) for clause:  medv(A) :- rm(A, 4), lstat(A, 3), age(A, 5).  [covers 2,0/436,0 pos, 0,0/0,0 neg]
%     Score = -Infinity (regressionFit = Infinity, penalties=3.0700000000000003E-6) for clause:  medv(A) :- rm(A, 4), lstat(A, 3), dis(A, 9).  [covers 1,0/436,0 pos, 0,0/0,0 neg]
%     Score = -39.559,027267 (regressionFit = 39.559,027263, penalties=3.0700000000000003E-6) for clause:  medv(A) :- rm(A, 4), lstat(A, 3), rad(A, 5).  [covers 4,0/436,0 pos, 0,0/0,0 neg]
%     Score = -Infinity (regressionFit = Infinity, penalties=3.0700000000000003E-6) for clause:  medv(A) :- rm(A, 4), lstat(A, 3), tax(A, 403).  [covers 1,0/436,0 pos, 0,0/0,0 neg]
%     Score = -Infinity (regressionFit = Infinity, penalties=3.0700000000000003E-6) for clause:  medv(A) :- rm(A, 4), lstat(A, 3), ptratio(A, 9).  [covers 1,0/436,0 pos, 0,0/0,0 neg]
%     Score = -Infinity (regressionFit = Infinity, penalties=3.0700000000000003E-6) for clause:  medv(A) :- rm(A, 4), lstat(A, 3), b(A, 9).  [covers 1,0/436,0 pos, 0,0/0,0 neg]
%     Score = -37.283,309640 (regressionFit = 37.283,309637, penalties=3.0500000000000004E-6) for clause:  medv(A) :- nox(A, 10), crim(A, 10), zn(A, 0).  [covers 26,0/436,0 pos, 0,0/0,0 neg]
%     Score = -37.283,309640 (regressionFit = 37.283,309637, penalties=3.0300000000000006E-6) for clause:  medv(A) :- nox(A, 10), crim(A, 10), indus(A, 10).  [covers 26,0/436,0 pos, 0,0/0,0 neg]
%     Score = -37.283,309640 (regressionFit = 37.283,309637, penalties=3.0500000000000004E-6) for clause:  medv(A) :- nox(A, 10), crim(A, 10), chas(A, 0).  [covers 26,0/436,0 pos, 0,0/0,0 neg]
%     Score = -Infinity (regressionFit = Infinity, penalties=3.0500000000000004E-6) for clause:  medv(A) :- nox(A, 10), crim(A, 10), rm(A, 2).  [covers 2,0/436,0 pos, 0,0/0,0 neg]
%     Score = -39.271,253283 (regressionFit = 39.271,253280, penalties=3.0500000000000004E-6) for clause:  medv(A) :- nox(A, 10), crim(A, 10), age(A, 6).  [covers 11,0/436,0 pos, 0,0/0,0 neg]
%     Score = -39.760,310544 (regressionFit = 39.760,310541, penalties=3.0500000000000004E-6) for clause:  medv(A) :- nox(A, 10), crim(A, 10), dis(A, 9).  [covers 9,0/436,0 pos, 0,0/0,0 neg]
%     Score = -37.283,309640 (regressionFit = 37.283,309637, penalties=3.0500000000000004E-6) for clause:  medv(A) :- nox(A, 10), crim(A, 10), rad(A, 24).  [covers 26,0/436,0 pos, 0,0/0,0 neg]
%     Score = -37.283,309640 (regressionFit = 37.283,309637, penalties=3.0500000000000004E-6) for clause:  medv(A) :- nox(A, 10), crim(A, 10), tax(A, 666).  [covers 26,0/436,0 pos, 0,0/0,0 neg]
%     Score = -37.283,309640 (regressionFit = 37.283,309637, penalties=3.0300000000000006E-6) for clause:  medv(A) :- nox(A, 10), crim(A, 10), ptratio(A, 10).  [covers 26,0/436,0 pos, 0,0/0,0 neg]
%     Score = -39.836,866615 (regressionFit = 39.836,866612, penalties=3.0500000000000004E-6) for clause:  medv(A) :- nox(A, 10), crim(A, 10), b(A, 7).  [covers 8,0/436,0 pos, 0,0/0,0 neg]
%     Score = -39.058,455230 (regressionFit = 39.058,455227, penalties=3.0500000000000004E-6) for clause:  medv(A) :- nox(A, 10), crim(A, 10), lstat(A, 6).  [covers 15,0/436,0 pos, 0,0/0,0 neg]
%     Score = -37.580,775689 (regressionFit = 37.580,775687, penalties=2.0500000000000003E-6) for clause:  medv(A) :- crim(A, 10), zn(A, 0).  [covers 45,0/436,0 pos, 0,0/0,0 neg]
%     Score = -37.580,775689 (regressionFit = 37.580,775687, penalties=2.0300000000000005E-6) for clause:  medv(A) :- crim(A, 10), indus(A, 10).  [covers 45,0/436,0 pos, 0,0/0,0 neg]
%     Score = -37.580,775689 (regressionFit = 37.580,775687, penalties=2.0500000000000003E-6) for clause:  medv(A) :- crim(A, 10), chas(A, 0).  [covers 45,0/436,0 pos, 0,0/0,0 neg]
%     Score = -40.392,912288 (regressionFit = 40.392,912286, penalties=2.0500000000000003E-6) for clause:  medv(A) :- crim(A, 10), rm(A, 2).  [covers 4,0/436,0 pos, 0,0/0,0 neg]
%     Score = -39.849,315888 (regressionFit = 39.849,315886, penalties=2.0500000000000003E-6) for clause:  medv(A) :- crim(A, 10), age(A, 6).  [covers 22,0/436,0 pos, 0,0/0,0 neg]
%     Score = -39.441,218700 (regressionFit = 39.441,218698, penalties=2.0500000000000003E-6) for clause:  medv(A) :- crim(A, 10), dis(A, 9).  [covers 14,0/436,0 pos, 0,0/0,0 neg]
%     Score = -37.580,775689 (regressionFit = 37.580,775687, penalties=2.0500000000000003E-6) for clause:  medv(A) :- crim(A, 10), rad(A, 24).  [covers 45,0/436,0 pos, 0,0/0,0 neg]
%     Score = -37.580,775689 (regressionFit = 37.580,775687, penalties=2.0500000000000003E-6) for clause:  medv(A) :- crim(A, 10), tax(A, 666).  [covers 45,0/436,0 pos, 0,0/0,0 neg]
%     Score = -37.580,775689 (regressionFit = 37.580,775687, penalties=2.0300000000000005E-6) for clause:  medv(A) :- crim(A, 10), ptratio(A, 10).  [covers 45,0/436,0 pos, 0,0/0,0 neg]
%     Score = -39.775,981443 (regressionFit = 39.775,981441, penalties=2.0500000000000003E-6) for clause:  medv(A) :- crim(A, 10), b(A, 7).  [covers 20,0/436,0 pos, 0,0/0,0 neg]
%     Score = -38.851,233327 (regressionFit = 38.851,233325, penalties=2.0500000000000003E-6) for clause:  medv(A) :- crim(A, 10), lstat(A, 6).  [covers 22,0/436,0 pos, 0,0/0,0 neg]
%     Score = -37.580,775690 (regressionFit = 37.580,775687, penalties=3.0500000000000004E-6) for clause:  medv(A) :- crim(A, 10), indus(A, 10), zn(A, 0).  [covers 45,0/436,0 pos, 0,0/0,0 neg]
%     Score = -37.580,775690 (regressionFit = 37.580,775687, penalties=3.0500000000000004E-6) for clause:  medv(A) :- crim(A, 10), indus(A, 10), chas(A, 0).  [covers 45,0/436,0 pos, 0,0/0,0 neg]
%     Score = -37.283,309640 (regressionFit = 37.283,309637, penalties=3.0300000000000006E-6) for clause:  medv(A) :- crim(A, 10), indus(A, 10), nox(A, 10).  [covers 26,0/436,0 pos, 0,0/0,0 neg]
%     Score = -40.392,912289 (regressionFit = 40.392,912286, penalties=3.0500000000000004E-6) for clause:  medv(A) :- crim(A, 10), indus(A, 10), rm(A, 2).  [covers 4,0/436,0 pos, 0,0/0,0 neg]
%     Score = -39.849,315889 (regressionFit = 39.849,315886, penalties=3.0500000000000004E-6) for clause:  medv(A) :- crim(A, 10), indus(A, 10), age(A, 6).  [covers 22,0/436,0 pos, 0,0/0,0 neg]
%     Score = -39.441,218701 (regressionFit = 39.441,218698, penalties=3.0500000000000004E-6) for clause:  medv(A) :- crim(A, 10), indus(A, 10), dis(A, 9).  [covers 14,0/436,0 pos, 0,0/0,0 neg]
%     Score = -37.580,775690 (regressionFit = 37.580,775687, penalties=3.0500000000000004E-6) for clause:  medv(A) :- crim(A, 10), indus(A, 10), rad(A, 24).  [covers 45,0/436,0 pos, 0,0/0,0 neg]
%     Score = -37.580,775690 (regressionFit = 37.580,775687, penalties=3.0500000000000004E-6) for clause:  medv(A) :- crim(A, 10), indus(A, 10), tax(A, 666).  [covers 45,0/436,0 pos, 0,0/0,0 neg]
%     Score = -37.580,775690 (regressionFit = 37.580,775687, penalties=3.0300000000000006E-6) for clause:  medv(A) :- crim(A, 10), indus(A, 10), ptratio(A, 10).  [covers 45,0/436,0 pos, 0,0/0,0 neg]
%     Score = -39.775,981444 (regressionFit = 39.775,981441, penalties=3.0500000000000004E-6) for clause:  medv(A) :- crim(A, 10), indus(A, 10), b(A, 7).  [covers 20,0/436,0 pos, 0,0/0,0 neg]
%     Score = -38.851,233328 (regressionFit = 38.851,233325, penalties=3.0500000000000004E-6) for clause:  medv(A) :- crim(A, 10), indus(A, 10), lstat(A, 6).  [covers 22,0/436,0 pos, 0,0/0,0 neg]
%     Score = -37.580,775690 (regressionFit = 37.580,775687, penalties=3.0500000000000004E-6) for clause:  medv(A) :- crim(A, 10), ptratio(A, 10), zn(A, 0).  [covers 45,0/436,0 pos, 0,0/0,0 neg]
%     Score = -37.580,775690 (regressionFit = 37.580,775687, penalties=3.0300000000000006E-6) for clause:  medv(A) :- crim(A, 10), ptratio(A, 10), indus(A, 10).  [covers 45,0/436,0 pos, 0,0/0,0 neg]
%     Score = -37.580,775690 (regressionFit = 37.580,775687, penalties=3.0500000000000004E-6) for clause:  medv(A) :- crim(A, 10), ptratio(A, 10), chas(A, 0).  [covers 45,0/436,0 pos, 0,0/0,0 neg]
%     Score = -37.283,309640 (regressionFit = 37.283,309637, penalties=3.0300000000000006E-6) for clause:  medv(A) :- crim(A, 10), ptratio(A, 10), nox(A, 10).  [covers 26,0/436,0 pos, 0,0/0,0 neg]
%     Score = -40.392,912289 (regressionFit = 40.392,912286, penalties=3.0500000000000004E-6) for clause:  medv(A) :- crim(A, 10), ptratio(A, 10), rm(A, 2).  [covers 4,0/436,0 pos, 0,0/0,0 neg]
%     Score = -39.849,315889 (regressionFit = 39.849,315886, penalties=3.0500000000000004E-6) for clause:  medv(A) :- crim(A, 10), ptratio(A, 10), age(A, 6).  [covers 22,0/436,0 pos, 0,0/0,0 neg]
%     Score = -39.441,218701 (regressionFit = 39.441,218698, penalties=3.0500000000000004E-6) for clause:  medv(A) :- crim(A, 10), ptratio(A, 10), dis(A, 9).  [covers 14,0/436,0 pos, 0,0/0,0 neg]
%     Score = -37.580,775690 (regressionFit = 37.580,775687, penalties=3.0500000000000004E-6) for clause:  medv(A) :- crim(A, 10), ptratio(A, 10), rad(A, 24).  [covers 45,0/436,0 pos, 0,0/0,0 neg]
%     Score = -37.580,775690 (regressionFit = 37.580,775687, penalties=3.0500000000000004E-6) for clause:  medv(A) :- crim(A, 10), ptratio(A, 10), tax(A, 666).  [covers 45,0/436,0 pos, 0,0/0,0 neg]
%     Score = -39.775,981444 (regressionFit = 39.775,981441, penalties=3.0500000000000004E-6) for clause:  medv(A) :- crim(A, 10), ptratio(A, 10), b(A, 7).  [covers 20,0/436,0 pos, 0,0/0,0 neg]
%     Score = -38.851,233328 (regressionFit = 38.851,233325, penalties=3.0500000000000004E-6) for clause:  medv(A) :- crim(A, 10), ptratio(A, 10), lstat(A, 6).  [covers 22,0/436,0 pos, 0,0/0,0 neg]
%     Score = -37.580,775690 (regressionFit = 37.580,775687, penalties=3.0500000000000004E-6) for clause:  medv(A) :- crim(A, 10), zn(A, 0), indus(A, 10).  [covers 45,0/436,0 pos, 0,0/0,0 neg]
%     Score = -37.580,775690 (regressionFit = 37.580,775687, penalties=3.0500000000000004E-6) for clause:  medv(A) :- crim(A, 10), zn(A, 0), chas(A, 0).  [covers 45,0/436,0 pos, 0,0/0,0 neg]
%     Score = -37.283,309640 (regressionFit = 37.283,309637, penalties=3.0500000000000004E-6) for clause:  medv(A) :- crim(A, 10), zn(A, 0), nox(A, 10).  [covers 26,0/436,0 pos, 0,0/0,0 neg]
%     Score = -40.392,912289 (regressionFit = 40.392,912286, penalties=3.0700000000000003E-6) for clause:  medv(A) :- crim(A, 10), zn(A, 0), rm(A, 2).  [covers 4,0/436,0 pos, 0,0/0,0 neg]
%     Score = -39.849,315889 (regressionFit = 39.849,315886, penalties=3.0700000000000003E-6) for clause:  medv(A) :- crim(A, 10), zn(A, 0), age(A, 6).  [covers 22,0/436,0 pos, 0,0/0,0 neg]
%     Score = -39.441,218701 (regressionFit = 39.441,218698, penalties=3.0700000000000003E-6) for clause:  medv(A) :- crim(A, 10), zn(A, 0), dis(A, 9).  [covers 14,0/436,0 pos, 0,0/0,0 neg]
%     Score = -37.580,775690 (regressionFit = 37.580,775687, penalties=3.0700000000000003E-6) for clause:  medv(A) :- crim(A, 10), zn(A, 0), rad(A, 24).  [covers 45,0/436,0 pos, 0,0/0,0 neg]
%     Score = -37.580,775690 (regressionFit = 37.580,775687, penalties=3.0700000000000003E-6) for clause:  medv(A) :- crim(A, 10), zn(A, 0), tax(A, 666).  [covers 45,0/436,0 pos, 0,0/0,0 neg]
%     Score = -37.580,775690 (regressionFit = 37.580,775687, penalties=3.0500000000000004E-6) for clause:  medv(A) :- crim(A, 10), zn(A, 0), ptratio(A, 10).  [covers 45,0/436,0 pos, 0,0/0,0 neg]
%     Score = -39.775,981444 (regressionFit = 39.775,981441, penalties=3.0700000000000003E-6) for clause:  medv(A) :- crim(A, 10), zn(A, 0), b(A, 7).  [covers 20,0/436,0 pos, 0,0/0,0 neg]
%     Score = -38.851,233328 (regressionFit = 38.851,233325, penalties=3.0700000000000003E-6) for clause:  medv(A) :- crim(A, 10), zn(A, 0), lstat(A, 6).  [covers 22,0/436,0 pos, 0,0/0,0 neg]
%     Score = -37.580,775690 (regressionFit = 37.580,775687, penalties=3.0500000000000004E-6) for clause:  medv(A) :- crim(A, 10), chas(A, 0), zn(A, 0).  [covers 45,0/436,0 pos, 0,0/0,0 neg]
%     Score = -37.580,775690 (regressionFit = 37.580,775687, penalties=3.0500000000000004E-6) for clause:  medv(A) :- crim(A, 10), chas(A, 0), indus(A, 10).  [covers 45,0/436,0 pos, 0,0/0,0 neg]
%     Score = -37.283,309640 (regressionFit = 37.283,309637, penalties=3.0500000000000004E-6) for clause:  medv(A) :- crim(A, 10), chas(A, 0), nox(A, 10).  [covers 26,0/436,0 pos, 0,0/0,0 neg]
%     Score = -40.392,912289 (regressionFit = 40.392,912286, penalties=3.0700000000000003E-6) for clause:  medv(A) :- crim(A, 10), chas(A, 0), rm(A, 2).  [covers 4,0/436,0 pos, 0,0/0,0 neg]
%     Score = -39.849,315889 (regressionFit = 39.849,315886, penalties=3.0700000000000003E-6) for clause:  medv(A) :- crim(A, 10), chas(A, 0), age(A, 6).  [covers 22,0/436,0 pos, 0,0/0,0 neg]
%     Score = -39.441,218701 (regressionFit = 39.441,218698, penalties=3.0700000000000003E-6) for clause:  medv(A) :- crim(A, 10), chas(A, 0), dis(A, 9).  [covers 14,0/436,0 pos, 0,0/0,0 neg]
%     Score = -37.580,775690 (regressionFit = 37.580,775687, penalties=3.0700000000000003E-6) for clause:  medv(A) :- crim(A, 10), chas(A, 0), rad(A, 24).  [covers 45,0/436,0 pos, 0,0/0,0 neg]
%     Score = -37.580,775690 (regressionFit = 37.580,775687, penalties=3.0700000000000003E-6) for clause:  medv(A) :- crim(A, 10), chas(A, 0), tax(A, 666).  [covers 45,0/436,0 pos, 0,0/0,0 neg]
%     Score = -37.580,775690 (regressionFit = 37.580,775687, penalties=3.0500000000000004E-6) for clause:  medv(A) :- crim(A, 10), chas(A, 0), ptratio(A, 10).  [covers 45,0/436,0 pos, 0,0/0,0 neg]
%     Score = -39.775,981444 (regressionFit = 39.775,981441, penalties=3.0700000000000003E-6) for clause:  medv(A) :- crim(A, 10), chas(A, 0), b(A, 7).  [covers 20,0/436,0 pos, 0,0/0,0 neg]
%     Score = -38.851,233328 (regressionFit = 38.851,233325, penalties=3.0700000000000003E-6) for clause:  medv(A) :- crim(A, 10), chas(A, 0), lstat(A, 6).  [covers 22,0/436,0 pos, 0,0/0,0 neg]
%     Score = -37.580,775690 (regressionFit = 37.580,775687, penalties=3.0700000000000003E-6) for clause:  medv(A) :- crim(A, 10), rad(A, 24), zn(A, 0).  [covers 45,0/436,0 pos, 0,0/0,0 neg]
%     Score = -37.580,775690 (regressionFit = 37.580,775687, penalties=3.0500000000000004E-6) for clause:  medv(A) :- crim(A, 10), rad(A, 24), indus(A, 10).  [covers 45,0/436,0 pos, 0,0/0,0 neg]
%     Score = -37.580,775690 (regressionFit = 37.580,775687, penalties=3.0700000000000003E-6) for clause:  medv(A) :- crim(A, 10), rad(A, 24), chas(A, 0).  [covers 45,0/436,0 pos, 0,0/0,0 neg]
%     Score = -37.283,309640 (regressionFit = 37.283,309637, penalties=3.0500000000000004E-6) for clause:  medv(A) :- crim(A, 10), rad(A, 24), nox(A, 10).  [covers 26,0/436,0 pos, 0,0/0,0 neg]
%     Score = -40.392,912289 (regressionFit = 40.392,912286, penalties=3.0700000000000003E-6) for clause:  medv(A) :- crim(A, 10), rad(A, 24), rm(A, 2).  [covers 4,0/436,0 pos, 0,0/0,0 neg]
%     Score = -39.849,315889 (regressionFit = 39.849,315886, penalties=3.0700000000000003E-6) for clause:  medv(A) :- crim(A, 10), rad(A, 24), age(A, 6).  [covers 22,0/436,0 pos, 0,0/0,0 neg]
%     Score = -39.441,218701 (regressionFit = 39.441,218698, penalties=3.0700000000000003E-6) for clause:  medv(A) :- crim(A, 10), rad(A, 24), dis(A, 9).  [covers 14,0/436,0 pos, 0,0/0,0 neg]
%     Score = -37.580,775690 (regressionFit = 37.580,775687, penalties=3.0700000000000003E-6) for clause:  medv(A) :- crim(A, 10), rad(A, 24), tax(A, 666).  [covers 45,0/436,0 pos, 0,0/0,0 neg]
%     Score = -37.580,775690 (regressionFit = 37.580,775687, penalties=3.0500000000000004E-6) for clause:  medv(A) :- crim(A, 10), rad(A, 24), ptratio(A, 10).  [covers 45,0/436,0 pos, 0,0/0,0 neg]
%     Score = -39.775,981444 (regressionFit = 39.775,981441, penalties=3.0700000000000003E-6) for clause:  medv(A) :- crim(A, 10), rad(A, 24), b(A, 7).  [covers 20,0/436,0 pos, 0,0/0,0 neg]
%     Score = -38.851,233328 (regressionFit = 38.851,233325, penalties=3.0700000000000003E-6) for clause:  medv(A) :- crim(A, 10), rad(A, 24), lstat(A, 6).  [covers 22,0/436,0 pos, 0,0/0,0 neg]
%     Score = -37.580,775690 (regressionFit = 37.580,775687, penalties=3.0700000000000003E-6) for clause:  medv(A) :- crim(A, 10), tax(A, 666), zn(A, 0).  [covers 45,0/436,0 pos, 0,0/0,0 neg]
%     Score = -37.580,775690 (regressionFit = 37.580,775687, penalties=3.0500000000000004E-6) for clause:  medv(A) :- crim(A, 10), tax(A, 666), indus(A, 10).  [covers 45,0/436,0 pos, 0,0/0,0 neg]
%     Score = -37.580,775690 (regressionFit = 37.580,775687, penalties=3.0700000000000003E-6) for clause:  medv(A) :- crim(A, 10), tax(A, 666), chas(A, 0).  [covers 45,0/436,0 pos, 0,0/0,0 neg]
%     Score = -37.283,309640 (regressionFit = 37.283,309637, penalties=3.0500000000000004E-6) for clause:  medv(A) :- crim(A, 10), tax(A, 666), nox(A, 10).  [covers 26,0/436,0 pos, 0,0/0,0 neg]
%     Score = -40.392,912289 (regressionFit = 40.392,912286, penalties=3.0700000000000003E-6) for clause:  medv(A) :- crim(A, 10), tax(A, 666), rm(A, 2).  [covers 4,0/436,0 pos, 0,0/0,0 neg]
%     Score = -39.849,315889 (regressionFit = 39.849,315886, penalties=3.0700000000000003E-6) for clause:  medv(A) :- crim(A, 10), tax(A, 666), age(A, 6).  [covers 22,0/436,0 pos, 0,0/0,0 neg]
%     Score = -39.441,218701 (regressionFit = 39.441,218698, penalties=3.0700000000000003E-6) for clause:  medv(A) :- crim(A, 10), tax(A, 666), dis(A, 9).  [covers 14,0/436,0 pos, 0,0/0,0 neg]
%     Score = -37.580,775690 (regressionFit = 37.580,775687, penalties=3.0700000000000003E-6) for clause:  medv(A) :- crim(A, 10), tax(A, 666), rad(A, 24).  [covers 45,0/436,0 pos, 0,0/0,0 neg]
%     Score = -37.580,775690 (regressionFit = 37.580,775687, penalties=3.0500000000000004E-6) for clause:  medv(A) :- crim(A, 10), tax(A, 666), ptratio(A, 10).  [covers 45,0/436,0 pos, 0,0/0,0 neg]
%     Score = -39.775,981444 (regressionFit = 39.775,981441, penalties=3.0700000000000003E-6) for clause:  medv(A) :- crim(A, 10), tax(A, 666), b(A, 7).  [covers 20,0/436,0 pos, 0,0/0,0 neg]
%     Score = -38.851,233328 (regressionFit = 38.851,233325, penalties=3.0700000000000003E-6) for clause:  medv(A) :- crim(A, 10), tax(A, 666), lstat(A, 6).  [covers 22,0/436,0 pos, 0,0/0,0 neg]
%     Score = -39.900,645078 (regressionFit = 39.900,645075, penalties=3.0500000000000004E-6) for clause:  medv(A) :- rm(A, 4), rad(A, 5), crim(A, 5).  [covers 3,0/436,0 pos, 0,0/0,0 neg]
%     Score = -40.028,990944 (regressionFit = 40.028,990941, penalties=3.0700000000000003E-6) for clause:  medv(A) :- rm(A, 4), rad(A, 5), zn(A, 0).  [covers 3,0/436,0 pos, 0,0/0,0 neg]
%     Score = -Infinity (regressionFit = Infinity, penalties=3.0700000000000003E-6) for clause:  medv(A) :- rm(A, 4), rad(A, 5), indus(A, 9).  [covers 1,0/436,0 pos, 0,0/0,0 neg]
%     Score = -38.308,872827 (regressionFit = 38.308,872824, penalties=3.0700000000000003E-6) for clause:  medv(A) :- rm(A, 4), rad(A, 5), chas(A, 0).  [covers 13,0/436,0 pos, 0,0/0,0 neg]
%     Score = -Infinity (regressionFit = Infinity, penalties=3.0700000000000003E-6) for clause:  medv(A) :- rm(A, 4), rad(A, 5), nox(A, 7).  [covers 1,0/436,0 pos, 0,0/0,0 neg]
%     Score = -Infinity (regressionFit = Infinity, penalties=3.0500000000000004E-6) for clause:  medv(A) :- rm(A, 4), rad(A, 5), age(A, 5).  [covers 1,0/436,0 pos, 0,0/0,0 neg]
%     Score = -Infinity (regressionFit = Infinity, penalties=3.0700000000000003E-6) for clause:  medv(A) :- rm(A, 4), rad(A, 5), dis(A, 9).  [covers 1,0/436,0 pos, 0,0/0,0 neg]
%     Score = -Infinity (regressionFit = Infinity, penalties=3.0700000000000003E-6) for clause:  medv(A) :- rm(A, 4), rad(A, 5), tax(A, 403).  [covers 1,0/436,0 pos, 0,0/0,0 neg]
%     Score = -39.900,645078 (regressionFit = 39.900,645075, penalties=3.0700000000000003E-6) for clause:  medv(A) :- rm(A, 4), rad(A, 5), ptratio(A, 9).  [covers 3,0/436,0 pos, 0,0/0,0 neg]
%     Score = -Infinity (regressionFit = Infinity, penalties=3.0700000000000003E-6) for clause:  medv(A) :- rm(A, 4), rad(A, 5), b(A, 9).  [covers 1,0/436,0 pos, 0,0/0,0 neg]
%     Score = -39.559,027267 (regressionFit = 39.559,027263, penalties=3.0700000000000003E-6) for clause:  medv(A) :- rm(A, 4), rad(A, 5), lstat(A, 3).  [covers 4,0/436,0 pos, 0,0/0,0 neg]
%     Score = -38.851,233328 (regressionFit = 38.851,233325, penalties=3.0700000000000003E-6) for clause:  medv(A) :- crim(A, 10), lstat(A, 6), zn(A, 0).  [covers 22,0/436,0 pos, 0,0/0,0 neg]
%     Score = -38.851,233328 (regressionFit = 38.851,233325, penalties=3.0500000000000004E-6) for clause:  medv(A) :- crim(A, 10), lstat(A, 6), indus(A, 10).  [covers 22,0/436,0 pos, 0,0/0,0 neg]
%     Score = -38.851,233328 (regressionFit = 38.851,233325, penalties=3.0700000000000003E-6) for clause:  medv(A) :- crim(A, 10), lstat(A, 6), chas(A, 0).  [covers 22,0/436,0 pos, 0,0/0,0 neg]
%     Score = -39.058,455230 (regressionFit = 39.058,455227, penalties=3.0500000000000004E-6) for clause:  medv(A) :- crim(A, 10), lstat(A, 6), nox(A, 10).  [covers 15,0/436,0 pos, 0,0/0,0 neg]
%     Score = -Infinity (regressionFit = Infinity, penalties=3.0700000000000003E-6) for clause:  medv(A) :- crim(A, 10), lstat(A, 6), rm(A, 2).  [covers 2,0/436,0 pos, 0,0/0,0 neg]
%     Score = -39.856,276747 (regressionFit = 39.856,276744, penalties=3.0500000000000004E-6) for clause:  medv(A) :- crim(A, 10), lstat(A, 6), age(A, 6).  [covers 10,0/436,0 pos, 0,0/0,0 neg]
%     Score = -39.890,620112 (regressionFit = 39.890,620109, penalties=3.0700000000000003E-6) for clause:  medv(A) :- crim(A, 10), lstat(A, 6), dis(A, 9).  [covers 7,0/436,0 pos, 0,0/0,0 neg]
%     Score = -38.851,233328 (regressionFit = 38.851,233325, penalties=3.0700000000000003E-6) for clause:  medv(A) :- crim(A, 10), lstat(A, 6), rad(A, 24).  [covers 22,0/436,0 pos, 0,0/0,0 neg]
%     Score = -38.851,233328 (regressionFit = 38.851,233325, penalties=3.0700000000000003E-6) for clause:  medv(A) :- crim(A, 10), lstat(A, 6), tax(A, 666).  [covers 22,0/436,0 pos, 0,0/0,0 neg]
%     Score = -38.851,233328 (regressionFit = 38.851,233325, penalties=3.0500000000000004E-6) for clause:  medv(A) :- crim(A, 10), lstat(A, 6), ptratio(A, 10).  [covers 22,0/436,0 pos, 0,0/0,0 neg]
%     Score = -39.925,079349 (regressionFit = 39.925,079346, penalties=3.0700000000000003E-6) for clause:  medv(A) :- crim(A, 10), lstat(A, 6), b(A, 7).  [covers 9,0/436,0 pos, 0,0/0,0 neg]
%     Score = -39.441,218701 (regressionFit = 39.441,218698, penalties=3.0700000000000003E-6) for clause:  medv(A) :- crim(A, 10), dis(A, 9), zn(A, 0).  [covers 14,0/436,0 pos, 0,0/0,0 neg]
%     Score = -39.441,218701 (regressionFit = 39.441,218698, penalties=3.0500000000000004E-6) for clause:  medv(A) :- crim(A, 10), dis(A, 9), indus(A, 10).  [covers 14,0/436,0 pos, 0,0/0,0 neg]
%     Score = -39.441,218701 (regressionFit = 39.441,218698, penalties=3.0700000000000003E-6) for clause:  medv(A) :- crim(A, 10), dis(A, 9), chas(A, 0).  [covers 14,0/436,0 pos, 0,0/0,0 neg]
%     Score = -39.760,310544 (regressionFit = 39.760,310541, penalties=3.0500000000000004E-6) for clause:  medv(A) :- crim(A, 10), dis(A, 9), nox(A, 10).  [covers 9,0/436,0 pos, 0,0/0,0 neg]
%     Score = -Infinity (regressionFit = Infinity, penalties=3.0700000000000003E-6) for clause:  medv(A) :- crim(A, 10), dis(A, 9), rm(A, 2).  [covers 2,0/436,0 pos, 0,0/0,0 neg]
%     Score = -40.281,098748 (regressionFit = 40.281,098745, penalties=3.0700000000000003E-6) for clause:  medv(A) :- crim(A, 10), dis(A, 9), age(A, 6).  [covers 4,0/436,0 pos, 0,0/0,0 neg]
%     Score = -39.441,218701 (regressionFit = 39.441,218698, penalties=3.0700000000000003E-6) for clause:  medv(A) :- crim(A, 10), dis(A, 9), rad(A, 24).  [covers 14,0/436,0 pos, 0,0/0,0 neg]
%     Score = -39.441,218701 (regressionFit = 39.441,218698, penalties=3.0700000000000003E-6) for clause:  medv(A) :- crim(A, 10), dis(A, 9), tax(A, 666).  [covers 14,0/436,0 pos, 0,0/0,0 neg]
%     Score = -39.441,218701 (regressionFit = 39.441,218698, penalties=3.0500000000000004E-6) for clause:  medv(A) :- crim(A, 10), dis(A, 9), ptratio(A, 10).  [covers 14,0/436,0 pos, 0,0/0,0 neg]
%     Score = -39.698,698709 (regressionFit = 39.698,698706, penalties=3.0700000000000003E-6) for clause:  medv(A) :- crim(A, 10), dis(A, 9), b(A, 7).  [covers 9,0/436,0 pos, 0,0/0,0 neg]
%     Score = -39.890,620112 (regressionFit = 39.890,620109, penalties=3.0700000000000003E-6) for clause:  medv(A) :- crim(A, 10), dis(A, 9), lstat(A, 6).  [covers 7,0/436,0 pos, 0,0/0,0 neg]
%     Score = -39.775,981444 (regressionFit = 39.775,981441, penalties=3.0700000000000003E-6) for clause:  medv(A) :- crim(A, 10), b(A, 7), zn(A, 0).  [covers 20,0/436,0 pos, 0,0/0,0 neg]
%     Score = -39.775,981444 (regressionFit = 39.775,981441, penalties=3.0500000000000004E-6) for clause:  medv(A) :- crim(A, 10), b(A, 7), indus(A, 10).  [covers 20,0/436,0 pos, 0,0/0,0 neg]
%     Score = -39.775,981444 (regressionFit = 39.775,981441, penalties=3.0700000000000003E-6) for clause:  medv(A) :- crim(A, 10), b(A, 7), chas(A, 0).  [covers 20,0/436,0 pos, 0,0/0,0 neg]
%     Score = -39.836,866615 (regressionFit = 39.836,866612, penalties=3.0500000000000004E-6) for clause:  medv(A) :- crim(A, 10), b(A, 7), nox(A, 10).  [covers 8,0/436,0 pos, 0,0/0,0 neg]
%     Score = -Infinity (regressionFit = Infinity, penalties=3.0700000000000003E-6) for clause:  medv(A) :- crim(A, 10), b(A, 7), rm(A, 2).  [covers 2,0/436,0 pos, 0,0/0,0 neg]
%     Score = -40.502,530216 (regressionFit = 40.502,530213, penalties=3.0700000000000003E-6) for clause:  medv(A) :- crim(A, 10), b(A, 7), age(A, 6).  [covers 9,0/436,0 pos, 0,0/0,0 neg]
%     Score = -39.698,698709 (regressionFit = 39.698,698706, penalties=3.0700000000000003E-6) for clause:  medv(A) :- crim(A, 10), b(A, 7), dis(A, 9).  [covers 9,0/436,0 pos, 0,0/0,0 neg]
%     Score = -39.775,981444 (regressionFit = 39.775,981441, penalties=3.0700000000000003E-6) for clause:  medv(A) :- crim(A, 10), b(A, 7), rad(A, 24).  [covers 20,0/436,0 pos, 0,0/0,0 neg]
%     Score = -39.775,981444 (regressionFit = 39.775,981441, penalties=3.0700000000000003E-6) for clause:  medv(A) :- crim(A, 10), b(A, 7), tax(A, 666).  [covers 20,0/436,0 pos, 0,0/0,0 neg]
%     Score = -39.775,981444 (regressionFit = 39.775,981441, penalties=3.0500000000000004E-6) for clause:  medv(A) :- crim(A, 10), b(A, 7), ptratio(A, 10).  [covers 20,0/436,0 pos, 0,0/0,0 neg]
%     Score = -39.925,079349 (regressionFit = 39.925,079346, penalties=3.0700000000000003E-6) for clause:  medv(A) :- crim(A, 10), b(A, 7), lstat(A, 6).  [covers 9,0/436,0 pos, 0,0/0,0 neg]

% The best node found: medv(A) :- rm(A, 4).  [covers 46,0/436,0 pos, 0,0/0,0 neg]

% The best node found: medv(A) :- rm(A, 4).  [covers 46,0/436,0 pos, 0,0/0,0 neg]
Setting 28.297826086956523 for 
 // Learned this clause on outer loop cycle #2.  It scores=-34.949,69 and has recall=0,11, precision=1,00, and F1=0,19 (using m-estimates).
 // It covers 10,6% of the positive examples, 46 of 436,
 // So far 94 (21,6%) of the positive examples have been covered.
(medv(A) :- rm(A, 4))

% On cycle #2, the best clause found is:
%      medv(A) :- rm(A, 4).  [covers 46,0/436,0 pos, 0,0/0,0 neg]
% This clause covers 46 positive examples, of which 46 are newly covered.
% It also covers 0 negative examples, of which 0 are newly covered.
% The current set of 2 best clauses covers 21,6% of the positive examples and NaN% of the negatives.}

% ******************************************

% Have stopped ILP's outer loop because have reached the maximum number of iterations (2).

% ******************************************
adding regression values
Added 39.46875000000001 to wgt = 39,4688 (medv(A) :- rm(A, 3))
Added 28.297826086956523 to wgt = 28,2978 (medv(A) :- rm(A, 4))
% Saving model in: data/boston_housing/train/models/bRDNs/medv.model.ckpt
% Time taken to learn 9 trees is 30,194 seconds.

% Kept 436 of the 436 positive examples.
% Kept 0 of the 0 negative examples.
% Dataset size: 436
Computing probabilities
prob time:253 milliseconds
No hidden examples for : medv
Time to build dataset: 256 milliseconds

% Have these 10 positive seeds: 77 116 148 155 180 230 245 313 316 334

% target           = medv(A)
%     Score = -Infinity (regressionFit = Infinity, penalties=1.1E-7) for clause:  medv(_).  [covers 436,0/436,0 pos, 0,0/0,0 neg]
% Unacceptable due to being the root node.
% Most-general root: medv(_).  [covers 436,0/436,0 pos, 0,0/0,0 neg]  score = -Infinity
%     Score = -39.638,483796 (regressionFit = 39.638,483795, penalties=1.03E-6) for clause:  medv(A) :- crim(A, 5).  [covers 49,0/436,0 pos, 0,0/0,0 neg]
% Gleaner: New best node found (score = -39.638,483796): medv(A) :- crim(A, 5).  [covers 49,0/436,0 pos, 0,0/0,0 neg]
%     Score = -39.638,468149 (regressionFit = 39.638,468148, penalties=1.03E-6) for clause:  medv(A) :- crim(A, 3).  [covers 47,0/436,0 pos, 0,0/0,0 neg]
% Gleaner: New best node found (score = -39.638,468149): medv(A) :- crim(A, 3).  [covers 47,0/436,0 pos, 0,0/0,0 neg]
%     Score = -38.808,651294 (regressionFit = 38.808,651293, penalties=1.03E-6) for clause:  medv(A) :- crim(A, 7).  [covers 47,0/436,0 pos, 0,0/0,0 neg]
% Gleaner: New best node found (score = -38.808,651294): medv(A) :- crim(A, 7).  [covers 47,0/436,0 pos, 0,0/0,0 neg]
%     Score = -39.590,451585 (regressionFit = 39.590,451584, penalties=1.03E-6) for clause:  medv(A) :- crim(A, 8).  [covers 32,0/436,0 pos, 0,0/0,0 neg]
%     Score = -33.315,657778 (regressionFit = 33.315,657777, penalties=1.03E-6) for clause:  medv(A) :- crim(A, 10).  [covers 45,0/436,0 pos, 0,0/0,0 neg]
% Gleaner: New best node found (score = -33.315,657778): medv(A) :- crim(A, 10).  [covers 45,0/436,0 pos, 0,0/0,0 neg]
%     Score = -38.630,944799 (regressionFit = 38.630,944798, penalties=1.03E-6) for clause:  medv(A) :- crim(A, 9).  [covers 32,0/436,0 pos, 0,0/0,0 neg]
%     Score = -34.695,562995 (regressionFit = 34.695,562994, penalties=1.03E-6) for clause:  medv(A) :- zn(A, 0).  [covers 307,0/436,0 pos, 0,0/0,0 neg]
%     Score = -36.297,445114 (regressionFit = 36.297,445113, penalties=1.03E-6) for clause:  medv(A) :- zn(A, 20).  [covers 21,0/436,0 pos, 0,0/0,0 neg]
%     Score = -39.631,729714 (regressionFit = 39.631,729712, penalties=1.03E-6) for clause:  medv(A) :- indus(A, 9).  [covers 29,0/436,0 pos, 0,0/0,0 neg]
%     Score = -39.505,053764 (regressionFit = 39.505,053763, penalties=1.03E-6) for clause:  medv(A) :- indus(A, 6).  [covers 36,0/436,0 pos, 0,0/0,0 neg]
%     Score = -38.605,364984 (regressionFit = 38.605,364983, penalties=1.03E-6) for clause:  medv(A) :- indus(A, 2).  [covers 51,0/436,0 pos, 0,0/0,0 neg]
%     Score = -38.847,221314 (regressionFit = 38.847,221313, penalties=1.03E-6) for clause:  medv(A) :- indus(A, 3).  [covers 47,0/436,0 pos, 0,0/0,0 neg]
%     Score = -36.297,050037 (regressionFit = 36.297,050036, penalties=1.03E-6) for clause:  medv(A) :- indus(A, 4).  [covers 49,0/436,0 pos, 0,0/0,0 neg]
%     Score = -33.338,864426 (regressionFit = 33.338,864425, penalties=1.03E-6) for clause:  medv(A) :- indus(A, 10).  [covers 90,0/436,0 pos, 0,0/0,0 neg]
%     Score = -38.577,903989 (regressionFit = 38.577,903988, penalties=1.03E-6) for clause:  medv(A) :- chas(A, 0).  [covers 401,0/436,0 pos, 0,0/0,0 neg]
%     Score = -38.577,903989 (regressionFit = 38.577,903988, penalties=1.03E-6) for clause:  medv(A) :- chas(A, 1).  [covers 35,0/436,0 pos, 0,0/0,0 neg]
%     Score = -39.461,939132 (regressionFit = 39.461,939131, penalties=1.03E-6) for clause:  medv(A) :- nox(A, 7).  [covers 32,0/436,0 pos, 0,0/0,0 neg]
%     Score = -38.164,984526 (regressionFit = 38.164,984525, penalties=1.03E-6) for clause:  medv(A) :- nox(A, 4).  [covers 48,0/436,0 pos, 0,0/0,0 neg]
%     Score = -39.632,627127 (regressionFit = 39.632,627126, penalties=1.03E-6) for clause:  medv(A) :- nox(A, 3).  [covers 43,0/436,0 pos, 0,0/0,0 neg]
%     Score = -38.737,679687 (regressionFit = 38.737,679686, penalties=1.03E-6) for clause:  medv(A) :- nox(A, 1).  [covers 47,0/436,0 pos, 0,0/0,0 neg]
%     Score = -38.985,899918 (regressionFit = 38.985,899917, penalties=1.03E-6) for clause:  medv(A) :- nox(A, 8).  [covers 36,0/436,0 pos, 0,0/0,0 neg]
%     Score = -32.266,679031 (regressionFit = 32.266,679030, penalties=1.03E-6) for clause:  medv(A) :- nox(A, 10).  [covers 42,0/436,0 pos, 0,0/0,0 neg]
% Gleaner: New best node found (score = -32.266,679031): medv(A) :- nox(A, 10).  [covers 42,0/436,0 pos, 0,0/0,0 neg]
%     Score = -38.918,693666 (regressionFit = 38.918,693665, penalties=1.03E-6) for clause:  medv(A) :- rm(A, 8).  [covers 45,0/436,0 pos, 0,0/0,0 neg]
%     Score = -39.337,639529 (regressionFit = 39.337,639528, penalties=1.03E-6) for clause:  medv(A) :- rm(A, 1).  [covers 43,0/436,0 pos, 0,0/0,0 neg]
%     Score = -37.815,121422 (regressionFit = 37.815,121421, penalties=1.03E-6) for clause:  medv(A) :- rm(A, 7).  [covers 44,0/436,0 pos, 0,0/0,0 neg]
%     Score = -23.480,474251 (regressionFit = 23.480,474250, penalties=1.03E-6) for clause:  medv(A) :- rm(A, 3).  [covers 48,0/436,0 pos, 0,0/0,0 neg]
% Gleaner: New best node found (score = -23.480,474251): medv(A) :- rm(A, 3).  [covers 48,0/436,0 pos, 0,0/0,0 neg]
%     Score = -36.786,815806 (regressionFit = 36.786,815805, penalties=1.03E-6) for clause:  medv(A) :- rm(A, 9).  [covers 44,0/436,0 pos, 0,0/0,0 neg]
%     Score = -38.382,788094 (regressionFit = 38.382,788093, penalties=1.03E-6) for clause:  medv(A) :- age(A, 7).  [covers 43,0/436,0 pos, 0,0/0,0 neg]
%     Score = -38.506,152846 (regressionFit = 38.506,152845, penalties=1.03E-6) for clause:  medv(A) :- age(A, 10).  [covers 49,0/436,0 pos, 0,0/0,0 neg]
%     Score = -39.492,330675 (regressionFit = 39.492,330674, penalties=1.03E-6) for clause:  medv(A) :- age(A, 4).  [covers 37,0/436,0 pos, 0,0/0,0 neg]
%     Score = -37.201,871585 (regressionFit = 37.201,871584, penalties=1.03E-6) for clause:  medv(A) :- age(A, 6).  [covers 48,0/436,0 pos, 0,0/0,0 neg]
%     Score = -39.637,162580 (regressionFit = 39.637,162579, penalties=1.03E-6) for clause:  medv(A) :- age(A, 9).  [covers 40,0/436,0 pos, 0,0/0,0 neg]
%     Score = -38.514,302063 (regressionFit = 38.514,302062, penalties=1.03E-6) for clause:  medv(A) :- age(A, 8).  [covers 49,0/436,0 pos, 0,0/0,0 neg]
%     Score = -39.629,781173 (regressionFit = 39.629,781172, penalties=1.03E-6) for clause:  medv(A) :- dis(A, 7).  [covers 29,0/436,0 pos, 0,0/0,0 neg]
%     Score = -39.608,466069 (regressionFit = 39.608,466068, penalties=1.03E-6) for clause:  medv(A) :- dis(A, 1).  [covers 48,0/436,0 pos, 0,0/0,0 neg]
%     Score = -39.019,388858 (regressionFit = 39.019,388857, penalties=1.03E-6) for clause:  medv(A) :- dis(A, 4).  [covers 45,0/436,0 pos, 0,0/0,0 neg]
%     Score = -37.266,455861 (regressionFit = 37.266,455860, penalties=1.03E-6) for clause:  medv(A) :- dis(A, 9).  [covers 43,0/436,0 pos, 0,0/0,0 neg]
%     Score = -38.980,541889 (regressionFit = 38.980,541888, penalties=1.03E-6) for clause:  medv(A) :- dis(A, 2).  [covers 50,0/436,0 pos, 0,0/0,0 neg]
%     Score = -37.799,267508 (regressionFit = 37.799,267507, penalties=1.03E-6) for clause:  medv(A) :- dis(A, 10).  [covers 51,0/436,0 pos, 0,0/0,0 neg]
%     Score = -38.686,454037 (regressionFit = 38.686,454036, penalties=1.03E-6) for clause:  medv(A) :- rad(A, 5).  [covers 112,0/436,0 pos, 0,0/0,0 neg]
%     Score = -39.459,259945 (regressionFit = 39.459,259944, penalties=1.03E-6) for clause:  medv(A) :- rad(A, 4).  [covers 101,0/436,0 pos, 0,0/0,0 neg]
%     Score = -38.322,758590 (regressionFit = 38.322,758589, penalties=1.03E-6) for clause:  medv(A) :- rad(A, 8).  [covers 24,0/436,0 pos, 0,0/0,0 neg]
%     Score = -33.338,864426 (regressionFit = 33.338,864425, penalties=1.03E-6) for clause:  medv(A) :- rad(A, 24).  [covers 90,0/436,0 pos, 0,0/0,0 neg]
%     Score = -39.631,729714 (regressionFit = 39.631,729712, penalties=1.03E-6) for clause:  medv(A) :- tax(A, 403).  [covers 29,0/436,0 pos, 0,0/0,0 neg]
%     Score = -39.638,457636 (regressionFit = 39.638,457635, penalties=1.03E-6) for clause:  medv(A) :- tax(A, 277).  [covers 11,0/436,0 pos, 0,0/0,0 neg]
%     Score = -39.559,309774 (regressionFit = 39.559,309773, penalties=1.03E-6) for clause:  medv(A) :- tax(A, 307).  [covers 39,0/436,0 pos, 0,0/0,0 neg]
%     Score = -36.912,120886 (regressionFit = 36.912,120885, penalties=1.03E-6) for clause:  medv(A) :- tax(A, 264).  [covers 12,0/436,0 pos, 0,0/0,0 neg]
%     Score = -39.497,238956 (regressionFit = 39.497,238955, penalties=1.03E-6) for clause:  medv(A) :- tax(A, 304).  [covers 14,0/436,0 pos, 0,0/0,0 neg]
%     Score = -39.635,702909 (regressionFit = 39.635,702908, penalties=1.03E-6) for clause:  medv(A) :- tax(A, 287).  [covers 8,0/436,0 pos, 0,0/0,0 neg]
%     Score = -33.338,864426 (regressionFit = 33.338,864425, penalties=1.03E-6) for clause:  medv(A) :- tax(A, 666).  [covers 90,0/436,0 pos, 0,0/0,0 neg]
%     Score = -36.925,257023 (regressionFit = 36.925,257022, penalties=1.03E-6) for clause:  medv(A) :- ptratio(A, 9).  [covers 50,0/436,0 pos, 0,0/0,0 neg]
%     Score = -39.612,829713 (regressionFit = 39.612,829712, penalties=1.03E-6) for clause:  medv(A) :- ptratio(A, 3).  [covers 51,0/436,0 pos, 0,0/0,0 neg]
%     Score = -38.628,749887 (regressionFit = 38.628,749886, penalties=1.03E-6) for clause:  medv(A) :- ptratio(A, 6).  [covers 48,0/436,0 pos, 0,0/0,0 neg]
%     Score = -38.814,127987 (regressionFit = 38.814,127986, penalties=1.03E-6) for clause:  medv(A) :- ptratio(A, 4).  [covers 32,0/436,0 pos, 0,0/0,0 neg]
%     Score = -39.637,264022 (regressionFit = 39.637,264021, penalties=1.03E-6) for clause:  medv(A) :- ptratio(A, 5).  [covers 42,0/436,0 pos, 0,0/0,0 neg]
%     Score = -33.258,024644 (regressionFit = 33.258,024643, penalties=1.03E-6) for clause:  medv(A) :- ptratio(A, 10).  [covers 97,0/436,0 pos, 0,0/0,0 neg]
%     Score = -39.276,288518 (regressionFit = 39.276,288517, penalties=1.03E-6) for clause:  medv(A) :- b(A, 9).  [covers 41,0/436,0 pos, 0,0/0,0 neg]
%     Score = -39.157,831180 (regressionFit = 39.157,831179, penalties=1.03E-6) for clause:  medv(A) :- b(A, 1).  [covers 102,0/436,0 pos, 0,0/0,0 neg]
%     Score = -39.618,244991 (regressionFit = 39.618,244990, penalties=1.03E-6) for clause:  medv(A) :- b(A, 3).  [covers 47,0/436,0 pos, 0,0/0,0 neg]
%     Score = -38.737,874017 (regressionFit = 38.737,874016, penalties=1.03E-6) for clause:  medv(A) :- b(A, 5).  [covers 46,0/436,0 pos, 0,0/0,0 neg]
%     Score = -39.108,046447 (regressionFit = 39.108,046446, penalties=1.03E-6) for clause:  medv(A) :- b(A, 6).  [covers 47,0/436,0 pos, 0,0/0,0 neg]
%     Score = -38.918,740579 (regressionFit = 38.918,740578, penalties=1.03E-6) for clause:  medv(A) :- lstat(A, 10).  [covers 38,0/436,0 pos, 0,0/0,0 neg]
%     Score = -39.589,839740 (regressionFit = 39.589,839739, penalties=1.03E-6) for clause:  medv(A) :- lstat(A, 8).  [covers 44,0/436,0 pos, 0,0/0,0 neg]
%     Score = -39.453,241317 (regressionFit = 39.453,241316, penalties=1.03E-6) for clause:  medv(A) :- lstat(A, 2).  [covers 45,0/436,0 pos, 0,0/0,0 neg]
%     Score = -36.454,238096 (regressionFit = 36.454,238095, penalties=1.03E-6) for clause:  medv(A) :- lstat(A, 5).  [covers 39,0/436,0 pos, 0,0/0,0 neg]
%     Score = -39.281,193173 (regressionFit = 39.281,193172, penalties=1.03E-6) for clause:  medv(A) :- lstat(A, 4).  [covers 42,0/436,0 pos, 0,0/0,0 neg]
%     Score = -33.790,712804 (regressionFit = 33.790,712803, penalties=1.03E-6) for clause:  medv(A) :- lstat(A, 6).  [covers 44,0/436,0 pos, 0,0/0,0 neg]
%     Score = -35.156,204551 (regressionFit = 35.156,204549, penalties=2.0500000000000003E-6) for clause:  medv(A) :- rm(A, 3), crim(A, 7).  [covers 14,0/436,0 pos, 0,0/0,0 neg]
%     Score = -35.439,174818 (regressionFit = 35.439,174816, penalties=2.0500000000000003E-6) for clause:  medv(A) :- rm(A, 3), zn(A, 20).  [covers 12,0/436,0 pos, 0,0/0,0 neg]
%     Score = -34.834,156115 (regressionFit = 34.834,156113, penalties=2.0500000000000003E-6) for clause:  medv(A) :- rm(A, 3), indus(A, 4).  [covers 14,0/436,0 pos, 0,0/0,0 neg]
%     Score = -26.196,537093 (regressionFit = 26.196,537091, penalties=2.0500000000000003E-6) for clause:  medv(A) :- rm(A, 3), chas(A, 0).  [covers 41,0/436,0 pos, 0,0/0,0 neg]
%     Score = -37.648,485531 (regressionFit = 37.648,485529, penalties=2.0500000000000003E-6) for clause:  medv(A) :- rm(A, 3), nox(A, 8).  [covers 7,0/436,0 pos, 0,0/0,0 neg]
%     Score = -36.911,307021 (regressionFit = 36.911,307019, penalties=2.0500000000000003E-6) for clause:  medv(A) :- rm(A, 3), age(A, 9).  [covers 6,0/436,0 pos, 0,0/0,0 neg]
%     Score = -38.962,604782 (regressionFit = 38.962,604780, penalties=2.0500000000000003E-6) for clause:  medv(A) :- rm(A, 3), dis(A, 9).  [covers 4,0/436,0 pos, 0,0/0,0 neg]
%     Score = -32.493,059592 (regressionFit = 32.493,059590, penalties=2.0500000000000003E-6) for clause:  medv(A) :- rm(A, 3), rad(A, 5).  [covers 17,0/436,0 pos, 0,0/0,0 neg]
%     Score = -36.577,645226 (regressionFit = 36.577,645224, penalties=2.0500000000000003E-6) for clause:  medv(A) :- rm(A, 3), tax(A, 264).  [covers 9,0/436,0 pos, 0,0/0,0 neg]
%     Score = -30.474,209275 (regressionFit = 30.474,209273, penalties=2.0500000000000003E-6) for clause:  medv(A) :- rm(A, 3), ptratio(A, 9).  [covers 20,0/436,0 pos, 0,0/0,0 neg]
%     Score = -35.412,874230 (regressionFit = 35.412,874228, penalties=2.0500000000000003E-6) for clause:  medv(A) :- rm(A, 3), b(A, 5).  [covers 10,0/436,0 pos, 0,0/0,0 neg]
%     Score = -Infinity (regressionFit = Infinity, penalties=2.0500000000000003E-6) for clause:  medv(A) :- rm(A, 3), lstat(A, 2).  [covers 2,0/436,0 pos, 0,0/0,0 neg]
%     Score = -35.156,204552 (regressionFit = 35.156,204549, penalties=3.0700000000000003E-6) for clause:  medv(A) :- rm(A, 3), chas(A, 0), crim(A, 7).  [covers 14,0/436,0 pos, 0,0/0,0 neg]
%     Score = -36.078,923546 (regressionFit = 36.078,923542, penalties=3.0700000000000003E-6) for clause:  medv(A) :- rm(A, 3), chas(A, 0), zn(A, 20).  [covers 10,0/436,0 pos, 0,0/0,0 neg]
%     Score = -35.359,540923 (regressionFit = 35.359,540920, penalties=3.0700000000000003E-6) for clause:  medv(A) :- rm(A, 3), chas(A, 0), indus(A, 4).  [covers 13,0/436,0 pos, 0,0/0,0 neg]
%     Score = -37.648,485532 (regressionFit = 37.648,485529, penalties=3.0700000000000003E-6) for clause:  medv(A) :- rm(A, 3), chas(A, 0), nox(A, 8).  [covers 7,0/436,0 pos, 0,0/0,0 neg]
%     Score = -36.911,307022 (regressionFit = 36.911,307019, penalties=3.0700000000000003E-6) for clause:  medv(A) :- rm(A, 3), chas(A, 0), age(A, 9).  [covers 6,0/436,0 pos, 0,0/0,0 neg]
%     Score = -38.695,050260 (regressionFit = 38.695,050257, penalties=3.0700000000000003E-6) for clause:  medv(A) :- rm(A, 3), chas(A, 0), dis(A, 9).  [covers 3,0/436,0 pos, 0,0/0,0 neg]
%     Score = -34.450,185229 (regressionFit = 34.450,185226, penalties=3.0700000000000003E-6) for clause:  medv(A) :- rm(A, 3), chas(A, 0), rad(A, 5).  [covers 14,0/436,0 pos, 0,0/0,0 neg]
%     Score = -36.577,645227 (regressionFit = 36.577,645224, penalties=3.0700000000000003E-6) for clause:  medv(A) :- rm(A, 3), chas(A, 0), tax(A, 264).  [covers 9,0/436,0 pos, 0,0/0,0 neg]
%     Score = -32.659,388051 (regressionFit = 32.659,388047, penalties=3.0700000000000003E-6) for clause:  medv(A) :- rm(A, 3), chas(A, 0), ptratio(A, 9).  [covers 17,0/436,0 pos, 0,0/0,0 neg]
%     Score = -35.412,874231 (regressionFit = 35.412,874228, penalties=3.0700000000000003E-6) for clause:  medv(A) :- rm(A, 3), chas(A, 0), b(A, 5).  [covers 10,0/436,0 pos, 0,0/0,0 neg]
%     Score = -Infinity (regressionFit = Infinity, penalties=3.0700000000000003E-6) for clause:  medv(A) :- rm(A, 3), chas(A, 0), lstat(A, 2).  [covers 2,0/436,0 pos, 0,0/0,0 neg]
%     Score = -38.003,487397 (regressionFit = 38.003,487394, penalties=3.0700000000000003E-6) for clause:  medv(A) :- rm(A, 3), ptratio(A, 9), crim(A, 7).  [covers 5,0/436,0 pos, 0,0/0,0 neg]
%     Score = -36.577,645227 (regressionFit = 36.577,645224, penalties=3.0700000000000003E-6) for clause:  medv(A) :- rm(A, 3), ptratio(A, 9), zn(A, 20).  [covers 9,0/436,0 pos, 0,0/0,0 neg]
%     Score = -36.577,645227 (regressionFit = 36.577,645224, penalties=3.0700000000000003E-6) for clause:  medv(A) :- rm(A, 3), ptratio(A, 9), indus(A, 4).  [covers 9,0/436,0 pos, 0,0/0,0 neg]
%     Score = -32.659,388051 (regressionFit = 32.659,388047, penalties=3.0700000000000003E-6) for clause:  medv(A) :- rm(A, 3), ptratio(A, 9), chas(A, 0).  [covers 17,0/436,0 pos, 0,0/0,0 neg]
%     Score = -37.648,485532 (regressionFit = 37.648,485529, penalties=3.0700000000000003E-6) for clause:  medv(A) :- rm(A, 3), ptratio(A, 9), nox(A, 8).  [covers 7,0/436,0 pos, 0,0/0,0 neg]
%     Score = -37.073,507898 (regressionFit = 37.073,507895, penalties=3.0500000000000004E-6) for clause:  medv(A) :- rm(A, 3), ptratio(A, 9), age(A, 9).  [covers 5,0/436,0 pos, 0,0/0,0 neg]
%     Score = -38.695,050260 (regressionFit = 38.695,050257, penalties=3.0500000000000004E-6) for clause:  medv(A) :- rm(A, 3), ptratio(A, 9), dis(A, 9).  [covers 3,0/436,0 pos, 0,0/0,0 neg]
%     Score = -33.789,334758 (regressionFit = 33.789,334755, penalties=3.0700000000000003E-6) for clause:  medv(A) :- rm(A, 3), ptratio(A, 9), rad(A, 5).  [covers 13,0/436,0 pos, 0,0/0,0 neg]
%     Score = -36.577,645227 (regressionFit = 36.577,645224, penalties=3.0700000000000003E-6) for clause:  medv(A) :- rm(A, 3), ptratio(A, 9), tax(A, 264).  [covers 9,0/436,0 pos, 0,0/0,0 neg]
%     Score = -38.077,451565 (regressionFit = 38.077,451562, penalties=3.0700000000000003E-6) for clause:  medv(A) :- rm(A, 3), ptratio(A, 9), b(A, 5).  [covers 4,0/436,0 pos, 0,0/0,0 neg]
%     Score = -Infinity (regressionFit = Infinity, penalties=3.0700000000000003E-6) for clause:  medv(A) :- rm(A, 3), ptratio(A, 9), lstat(A, 2).  [covers 2,0/436,0 pos, 0,0/0,0 neg]
%     Score = -34.388,308568 (regressionFit = 34.388,308566, penalties=2.0300000000000005E-6) for clause:  medv(A) :- nox(A, 10), crim(A, 10).  [covers 26,0/436,0 pos, 0,0/0,0 neg]
%     Score = -37.705,301340 (regressionFit = 37.705,301338, penalties=2.0500000000000003E-6) for clause:  medv(A) :- nox(A, 10), crim(A, 9).  [covers 14,0/436,0 pos, 0,0/0,0 neg]
%     Score = -32.266,679032 (regressionFit = 32.266,679030, penalties=2.0500000000000003E-6) for clause:  medv(A) :- nox(A, 10), zn(A, 0).  [covers 42,0/436,0 pos, 0,0/0,0 neg]
%     Score = -32.266,679032 (regressionFit = 32.266,679030, penalties=2.0300000000000005E-6) for clause:  medv(A) :- nox(A, 10), indus(A, 10).  [covers 42,0/436,0 pos, 0,0/0,0 neg]
%     Score = -32.266,679032 (regressionFit = 32.266,679030, penalties=2.0500000000000003E-6) for clause:  medv(A) :- nox(A, 10), chas(A, 0).  [covers 42,0/436,0 pos, 0,0/0,0 neg]
%     Score = -36.799,098591 (regressionFit = 36.799,098589, penalties=2.0500000000000003E-6) for clause:  medv(A) :- nox(A, 10), rm(A, 9).  [covers 14,0/436,0 pos, 0,0/0,0 neg]
%     Score = -39.077,517465 (regressionFit = 39.077,517463, penalties=2.0500000000000003E-6) for clause:  medv(A) :- nox(A, 10), rm(A, 7).  [covers 3,0/436,0 pos, 0,0/0,0 neg]
%     Score = -36.097,599162 (regressionFit = 36.097,599160, penalties=2.0500000000000003E-6) for clause:  medv(A) :- nox(A, 10), age(A, 6).  [covers 18,0/436,0 pos, 0,0/0,0 neg]
%     Score = -35.786,624489 (regressionFit = 35.786,624487, penalties=2.0300000000000005E-6) for clause:  medv(A) :- nox(A, 10), dis(A, 10).  [covers 20,0/436,0 pos, 0,0/0,0 neg]
%     Score = -36.613,066999 (regressionFit = 36.613,066996, penalties=2.0500000000000003E-6) for clause:  medv(A) :- nox(A, 10), dis(A, 9).  [covers 18,0/436,0 pos, 0,0/0,0 neg]
%     Score = -32.266,679032 (regressionFit = 32.266,679030, penalties=2.0500000000000003E-6) for clause:  medv(A) :- nox(A, 10), rad(A, 24).  [covers 42,0/436,0 pos, 0,0/0,0 neg]
%     Score = -32.266,679032 (regressionFit = 32.266,679030, penalties=2.0500000000000003E-6) for clause:  medv(A) :- nox(A, 10), tax(A, 666).  [covers 42,0/436,0 pos, 0,0/0,0 neg]
%     Score = -32.266,679032 (regressionFit = 32.266,679030, penalties=2.0300000000000005E-6) for clause:  medv(A) :- nox(A, 10), ptratio(A, 10).  [covers 42,0/436,0 pos, 0,0/0,0 neg]
%     Score = -36.326,062580 (regressionFit = 36.326,062578, penalties=2.0500000000000003E-6) for clause:  medv(A) :- nox(A, 10), b(A, 1).  [covers 20,0/436,0 pos, 0,0/0,0 neg]
%     Score = -Infinity (regressionFit = Infinity, penalties=2.0500000000000003E-6) for clause:  medv(A) :- nox(A, 10), b(A, 5).  [covers 1,0/436,0 pos, 0,0/0,0 neg]
%     Score = -35.631,150189 (regressionFit = 35.631,150187, penalties=2.0500000000000003E-6) for clause:  medv(A) :- nox(A, 10), lstat(A, 6).  [covers 19,0/436,0 pos, 0,0/0,0 neg]
%     Score = -37.564,264739 (regressionFit = 37.564,264737, penalties=2.0500000000000003E-6) for clause:  medv(A) :- nox(A, 10), lstat(A, 5).  [covers 14,0/436,0 pos, 0,0/0,0 neg]
%     Score = -34.388,308569 (regressionFit = 34.388,308566, penalties=3.0300000000000006E-6) for clause:  medv(A) :- nox(A, 10), indus(A, 10), crim(A, 10).  [covers 26,0/436,0 pos, 0,0/0,0 neg]
%     Score = -37.705,301341 (regressionFit = 37.705,301338, penalties=3.0500000000000004E-6) for clause:  medv(A) :- nox(A, 10), indus(A, 10), crim(A, 9).  [covers 14,0/436,0 pos, 0,0/0,0 neg]
%     Score = -32.266,679033 (regressionFit = 32.266,679030, penalties=3.0500000000000004E-6) for clause:  medv(A) :- nox(A, 10), indus(A, 10), zn(A, 0).  [covers 42,0/436,0 pos, 0,0/0,0 neg]
%     Score = -32.266,679033 (regressionFit = 32.266,679030, penalties=3.0500000000000004E-6) for clause:  medv(A) :- nox(A, 10), indus(A, 10), chas(A, 0).  [covers 42,0/436,0 pos, 0,0/0,0 neg]
%     Score = -36.799,098592 (regressionFit = 36.799,098589, penalties=3.0500000000000004E-6) for clause:  medv(A) :- nox(A, 10), indus(A, 10), rm(A, 9).  [covers 14,0/436,0 pos, 0,0/0,0 neg]
%     Score = -39.077,517466 (regressionFit = 39.077,517463, penalties=3.0500000000000004E-6) for clause:  medv(A) :- nox(A, 10), indus(A, 10), rm(A, 7).  [covers 3,0/436,0 pos, 0,0/0,0 neg]
%     Score = -36.097,599163 (regressionFit = 36.097,599160, penalties=3.0500000000000004E-6) for clause:  medv(A) :- nox(A, 10), indus(A, 10), age(A, 6).  [covers 18,0/436,0 pos, 0,0/0,0 neg]
%     Score = -35.786,624490 (regressionFit = 35.786,624487, penalties=3.0300000000000006E-6) for clause:  medv(A) :- nox(A, 10), indus(A, 10), dis(A, 10).  [covers 20,0/436,0 pos, 0,0/0,0 neg]
%     Score = -36.613,067000 (regressionFit = 36.613,066996, penalties=3.0500000000000004E-6) for clause:  medv(A) :- nox(A, 10), indus(A, 10), dis(A, 9).  [covers 18,0/436,0 pos, 0,0/0,0 neg]
%     Score = -32.266,679033 (regressionFit = 32.266,679030, penalties=3.0500000000000004E-6) for clause:  medv(A) :- nox(A, 10), indus(A, 10), rad(A, 24).  [covers 42,0/436,0 pos, 0,0/0,0 neg]
%     Score = -32.266,679033 (regressionFit = 32.266,679030, penalties=3.0500000000000004E-6) for clause:  medv(A) :- nox(A, 10), indus(A, 10), tax(A, 666).  [covers 42,0/436,0 pos, 0,0/0,0 neg]
%     Score = -32.266,679033 (regressionFit = 32.266,679030, penalties=3.0300000000000006E-6) for clause:  medv(A) :- nox(A, 10), indus(A, 10), ptratio(A, 10).  [covers 42,0/436,0 pos, 0,0/0,0 neg]
%     Score = -36.326,062581 (regressionFit = 36.326,062578, penalties=3.0500000000000004E-6) for clause:  medv(A) :- nox(A, 10), indus(A, 10), b(A, 1).  [covers 20,0/436,0 pos, 0,0/0,0 neg]
%     Score = -Infinity (regressionFit = Infinity, penalties=3.0500000000000004E-6) for clause:  medv(A) :- nox(A, 10), indus(A, 10), b(A, 5).  [covers 1,0/436,0 pos, 0,0/0,0 neg]
%     Score = -35.631,150190 (regressionFit = 35.631,150187, penalties=3.0500000000000004E-6) for clause:  medv(A) :- nox(A, 10), indus(A, 10), lstat(A, 6).  [covers 19,0/436,0 pos, 0,0/0,0 neg]
%     Score = -37.564,264740 (regressionFit = 37.564,264737, penalties=3.0500000000000004E-6) for clause:  medv(A) :- nox(A, 10), indus(A, 10), lstat(A, 5).  [covers 14,0/436,0 pos, 0,0/0,0 neg]
%     Score = -34.388,308569 (regressionFit = 34.388,308566, penalties=3.0300000000000006E-6) for clause:  medv(A) :- nox(A, 10), ptratio(A, 10), crim(A, 10).  [covers 26,0/436,0 pos, 0,0/0,0 neg]
%     Score = -37.705,301341 (regressionFit = 37.705,301338, penalties=3.0500000000000004E-6) for clause:  medv(A) :- nox(A, 10), ptratio(A, 10), crim(A, 9).  [covers 14,0/436,0 pos, 0,0/0,0 neg]
%     Score = -32.266,679033 (regressionFit = 32.266,679030, penalties=3.0500000000000004E-6) for clause:  medv(A) :- nox(A, 10), ptratio(A, 10), zn(A, 0).  [covers 42,0/436,0 pos, 0,0/0,0 neg]
%     Score = -32.266,679033 (regressionFit = 32.266,679030, penalties=3.0300000000000006E-6) for clause:  medv(A) :- nox(A, 10), ptratio(A, 10), indus(A, 10).  [covers 42,0/436,0 pos, 0,0/0,0 neg]
%     Score = -32.266,679033 (regressionFit = 32.266,679030, penalties=3.0500000000000004E-6) for clause:  medv(A) :- nox(A, 10), ptratio(A, 10), chas(A, 0).  [covers 42,0/436,0 pos, 0,0/0,0 neg]
%     Score = -36.799,098592 (regressionFit = 36.799,098589, penalties=3.0500000000000004E-6) for clause:  medv(A) :- nox(A, 10), ptratio(A, 10), rm(A, 9).  [covers 14,0/436,0 pos, 0,0/0,0 neg]
%     Score = -39.077,517466 (regressionFit = 39.077,517463, penalties=3.0500000000000004E-6) for clause:  medv(A) :- nox(A, 10), ptratio(A, 10), rm(A, 7).  [covers 3,0/436,0 pos, 0,0/0,0 neg]
%     Score = -36.097,599163 (regressionFit = 36.097,599160, penalties=3.0500000000000004E-6) for clause:  medv(A) :- nox(A, 10), ptratio(A, 10), age(A, 6).  [covers 18,0/436,0 pos, 0,0/0,0 neg]
%     Score = -35.786,624490 (regressionFit = 35.786,624487, penalties=3.0300000000000006E-6) for clause:  medv(A) :- nox(A, 10), ptratio(A, 10), dis(A, 10).  [covers 20,0/436,0 pos, 0,0/0,0 neg]
%     Score = -36.613,067000 (regressionFit = 36.613,066996, penalties=3.0500000000000004E-6) for clause:  medv(A) :- nox(A, 10), ptratio(A, 10), dis(A, 9).  [covers 18,0/436,0 pos, 0,0/0,0 neg]
%     Score = -32.266,679033 (regressionFit = 32.266,679030, penalties=3.0500000000000004E-6) for clause:  medv(A) :- nox(A, 10), ptratio(A, 10), rad(A, 24).  [covers 42,0/436,0 pos, 0,0/0,0 neg]
%     Score = -32.266,679033 (regressionFit = 32.266,679030, penalties=3.0500000000000004E-6) for clause:  medv(A) :- nox(A, 10), ptratio(A, 10), tax(A, 666).  [covers 42,0/436,0 pos, 0,0/0,0 neg]
%     Score = -36.326,062581 (regressionFit = 36.326,062578, penalties=3.0500000000000004E-6) for clause:  medv(A) :- nox(A, 10), ptratio(A, 10), b(A, 1).  [covers 20,0/436,0 pos, 0,0/0,0 neg]
%     Score = -Infinity (regressionFit = Infinity, penalties=3.0500000000000004E-6) for clause:  medv(A) :- nox(A, 10), ptratio(A, 10), b(A, 5).  [covers 1,0/436,0 pos, 0,0/0,0 neg]
%     Score = -35.631,150190 (regressionFit = 35.631,150187, penalties=3.0500000000000004E-6) for clause:  medv(A) :- nox(A, 10), ptratio(A, 10), lstat(A, 6).  [covers 19,0/436,0 pos, 0,0/0,0 neg]
%     Score = -37.564,264740 (regressionFit = 37.564,264737, penalties=3.0500000000000004E-6) for clause:  medv(A) :- nox(A, 10), ptratio(A, 10), lstat(A, 5).  [covers 14,0/436,0 pos, 0,0/0,0 neg]
%     Score = -34.388,308569 (regressionFit = 34.388,308566, penalties=3.0500000000000004E-6) for clause:  medv(A) :- nox(A, 10), zn(A, 0), crim(A, 10).  [covers 26,0/436,0 pos, 0,0/0,0 neg]
%     Score = -37.705,301341 (regressionFit = 37.705,301338, penalties=3.0700000000000003E-6) for clause:  medv(A) :- nox(A, 10), zn(A, 0), crim(A, 9).  [covers 14,0/436,0 pos, 0,0/0,0 neg]
%     Score = -32.266,679033 (regressionFit = 32.266,679030, penalties=3.0500000000000004E-6) for clause:  medv(A) :- nox(A, 10), zn(A, 0), indus(A, 10).  [covers 42,0/436,0 pos, 0,0/0,0 neg]
%     Score = -32.266,679033 (regressionFit = 32.266,679030, penalties=3.0500000000000004E-6) for clause:  medv(A) :- nox(A, 10), zn(A, 0), chas(A, 0).  [covers 42,0/436,0 pos, 0,0/0,0 neg]
%     Score = -36.799,098592 (regressionFit = 36.799,098589, penalties=3.0700000000000003E-6) for clause:  medv(A) :- nox(A, 10), zn(A, 0), rm(A, 9).  [covers 14,0/436,0 pos, 0,0/0,0 neg]
%     Score = -39.077,517466 (regressionFit = 39.077,517463, penalties=3.0700000000000003E-6) for clause:  medv(A) :- nox(A, 10), zn(A, 0), rm(A, 7).  [covers 3,0/436,0 pos, 0,0/0,0 neg]
%     Score = -36.097,599163 (regressionFit = 36.097,599160, penalties=3.0700000000000003E-6) for clause:  medv(A) :- nox(A, 10), zn(A, 0), age(A, 6).  [covers 18,0/436,0 pos, 0,0/0,0 neg]
%     Score = -35.786,624490 (regressionFit = 35.786,624487, penalties=3.0500000000000004E-6) for clause:  medv(A) :- nox(A, 10), zn(A, 0), dis(A, 10).  [covers 20,0/436,0 pos, 0,0/0,0 neg]
%     Score = -36.613,067000 (regressionFit = 36.613,066996, penalties=3.0700000000000003E-6) for clause:  medv(A) :- nox(A, 10), zn(A, 0), dis(A, 9).  [covers 18,0/436,0 pos, 0,0/0,0 neg]
%     Score = -32.266,679033 (regressionFit = 32.266,679030, penalties=3.0700000000000003E-6) for clause:  medv(A) :- nox(A, 10), zn(A, 0), rad(A, 24).  [covers 42,0/436,0 pos, 0,0/0,0 neg]
%     Score = -32.266,679033 (regressionFit = 32.266,679030, penalties=3.0700000000000003E-6) for clause:  medv(A) :- nox(A, 10), zn(A, 0), tax(A, 666).  [covers 42,0/436,0 pos, 0,0/0,0 neg]
%     Score = -32.266,679033 (regressionFit = 32.266,679030, penalties=3.0500000000000004E-6) for clause:  medv(A) :- nox(A, 10), zn(A, 0), ptratio(A, 10).  [covers 42,0/436,0 pos, 0,0/0,0 neg]
%     Score = -36.326,062581 (regressionFit = 36.326,062578, penalties=3.0700000000000003E-6) for clause:  medv(A) :- nox(A, 10), zn(A, 0), b(A, 1).  [covers 20,0/436,0 pos, 0,0/0,0 neg]
%     Score = -Infinity (regressionFit = Infinity, penalties=3.0700000000000003E-6) for clause:  medv(A) :- nox(A, 10), zn(A, 0), b(A, 5).  [covers 1,0/436,0 pos, 0,0/0,0 neg]
%     Score = -35.631,150191 (regressionFit = 35.631,150187, penalties=3.0700000000000003E-6) for clause:  medv(A) :- nox(A, 10), zn(A, 0), lstat(A, 6).  [covers 19,0/436,0 pos, 0,0/0,0 neg]
%     Score = -37.564,264740 (regressionFit = 37.564,264737, penalties=3.0700000000000003E-6) for clause:  medv(A) :- nox(A, 10), zn(A, 0), lstat(A, 5).  [covers 14,0/436,0 pos, 0,0/0,0 neg]
%     Score = -34.388,308569 (regressionFit = 34.388,308566, penalties=3.0500000000000004E-6) for clause:  medv(A) :- nox(A, 10), chas(A, 0), crim(A, 10).  [covers 26,0/436,0 pos, 0,0/0,0 neg]
%     Score = -37.705,301341 (regressionFit = 37.705,301338, penalties=3.0700000000000003E-6) for clause:  medv(A) :- nox(A, 10), chas(A, 0), crim(A, 9).  [covers 14,0/436,0 pos, 0,0/0,0 neg]
%     Score = -32.266,679033 (regressionFit = 32.266,679030, penalties=3.0500000000000004E-6) for clause:  medv(A) :- nox(A, 10), chas(A, 0), zn(A, 0).  [covers 42,0/436,0 pos, 0,0/0,0 neg]
%     Score = -32.266,679033 (regressionFit = 32.266,679030, penalties=3.0500000000000004E-6) for clause:  medv(A) :- nox(A, 10), chas(A, 0), indus(A, 10).  [covers 42,0/436,0 pos, 0,0/0,0 neg]
%     Score = -36.799,098592 (regressionFit = 36.799,098589, penalties=3.0700000000000003E-6) for clause:  medv(A) :- nox(A, 10), chas(A, 0), rm(A, 9).  [covers 14,0/436,0 pos, 0,0/0,0 neg]
%     Score = -39.077,517466 (regressionFit = 39.077,517463, penalties=3.0700000000000003E-6) for clause:  medv(A) :- nox(A, 10), chas(A, 0), rm(A, 7).  [covers 3,0/436,0 pos, 0,0/0,0 neg]
%     Score = -36.097,599163 (regressionFit = 36.097,599160, penalties=3.0700000000000003E-6) for clause:  medv(A) :- nox(A, 10), chas(A, 0), age(A, 6).  [covers 18,0/436,0 pos, 0,0/0,0 neg]
%     Score = -35.786,624490 (regressionFit = 35.786,624487, penalties=3.0500000000000004E-6) for clause:  medv(A) :- nox(A, 10), chas(A, 0), dis(A, 10).  [covers 20,0/436,0 pos, 0,0/0,0 neg]
%     Score = -36.613,067000 (regressionFit = 36.613,066996, penalties=3.0700000000000003E-6) for clause:  medv(A) :- nox(A, 10), chas(A, 0), dis(A, 9).  [covers 18,0/436,0 pos, 0,0/0,0 neg]
%     Score = -32.266,679033 (regressionFit = 32.266,679030, penalties=3.0700000000000003E-6) for clause:  medv(A) :- nox(A, 10), chas(A, 0), rad(A, 24).  [covers 42,0/436,0 pos, 0,0/0,0 neg]
%     Score = -32.266,679033 (regressionFit = 32.266,679030, penalties=3.0700000000000003E-6) for clause:  medv(A) :- nox(A, 10), chas(A, 0), tax(A, 666).  [covers 42,0/436,0 pos, 0,0/0,0 neg]
%     Score = -32.266,679033 (regressionFit = 32.266,679030, penalties=3.0500000000000004E-6) for clause:  medv(A) :- nox(A, 10), chas(A, 0), ptratio(A, 10).  [covers 42,0/436,0 pos, 0,0/0,0 neg]
%     Score = -36.326,062581 (regressionFit = 36.326,062578, penalties=3.0700000000000003E-6) for clause:  medv(A) :- nox(A, 10), chas(A, 0), b(A, 1).  [covers 20,0/436,0 pos, 0,0/0,0 neg]
%     Score = -Infinity (regressionFit = Infinity, penalties=3.0700000000000003E-6) for clause:  medv(A) :- nox(A, 10), chas(A, 0), b(A, 5).  [covers 1,0/436,0 pos, 0,0/0,0 neg]
%     Score = -35.631,150191 (regressionFit = 35.631,150187, penalties=3.0700000000000003E-6) for clause:  medv(A) :- nox(A, 10), chas(A, 0), lstat(A, 6).  [covers 19,0/436,0 pos, 0,0/0,0 neg]
%     Score = -37.564,264740 (regressionFit = 37.564,264737, penalties=3.0700000000000003E-6) for clause:  medv(A) :- nox(A, 10), chas(A, 0), lstat(A, 5).  [covers 14,0/436,0 pos, 0,0/0,0 neg]
%     Score = -34.388,308569 (regressionFit = 34.388,308566, penalties=3.0500000000000004E-6) for clause:  medv(A) :- nox(A, 10), rad(A, 24), crim(A, 10).  [covers 26,0/436,0 pos, 0,0/0,0 neg]
%     Score = -37.705,301341 (regressionFit = 37.705,301338, penalties=3.0700000000000003E-6) for clause:  medv(A) :- nox(A, 10), rad(A, 24), crim(A, 9).  [covers 14,0/436,0 pos, 0,0/0,0 neg]
%     Score = -32.266,679033 (regressionFit = 32.266,679030, penalties=3.0700000000000003E-6) for clause:  medv(A) :- nox(A, 10), rad(A, 24), zn(A, 0).  [covers 42,0/436,0 pos, 0,0/0,0 neg]
%     Score = -32.266,679033 (regressionFit = 32.266,679030, penalties=3.0500000000000004E-6) for clause:  medv(A) :- nox(A, 10), rad(A, 24), indus(A, 10).  [covers 42,0/436,0 pos, 0,0/0,0 neg]
%     Score = -32.266,679033 (regressionFit = 32.266,679030, penalties=3.0700000000000003E-6) for clause:  medv(A) :- nox(A, 10), rad(A, 24), chas(A, 0).  [covers 42,0/436,0 pos, 0,0/0,0 neg]
%     Score = -36.799,098592 (regressionFit = 36.799,098589, penalties=3.0700000000000003E-6) for clause:  medv(A) :- nox(A, 10), rad(A, 24), rm(A, 9).  [covers 14,0/436,0 pos, 0,0/0,0 neg]
%     Score = -39.077,517466 (regressionFit = 39.077,517463, penalties=3.0700000000000003E-6) for clause:  medv(A) :- nox(A, 10), rad(A, 24), rm(A, 7).  [covers 3,0/436,0 pos, 0,0/0,0 neg]
%     Score = -36.097,599163 (regressionFit = 36.097,599160, penalties=3.0700000000000003E-6) for clause:  medv(A) :- nox(A, 10), rad(A, 24), age(A, 6).  [covers 18,0/436,0 pos, 0,0/0,0 neg]
%     Score = -35.786,624490 (regressionFit = 35.786,624487, penalties=3.0500000000000004E-6) for clause:  medv(A) :- nox(A, 10), rad(A, 24), dis(A, 10).  [covers 20,0/436,0 pos, 0,0/0,0 neg]
%     Score = -36.613,067000 (regressionFit = 36.613,066996, penalties=3.0700000000000003E-6) for clause:  medv(A) :- nox(A, 10), rad(A, 24), dis(A, 9).  [covers 18,0/436,0 pos, 0,0/0,0 neg]
%     Score = -32.266,679033 (regressionFit = 32.266,679030, penalties=3.0700000000000003E-6) for clause:  medv(A) :- nox(A, 10), rad(A, 24), tax(A, 666).  [covers 42,0/436,0 pos, 0,0/0,0 neg]
%     Score = -32.266,679033 (regressionFit = 32.266,679030, penalties=3.0500000000000004E-6) for clause:  medv(A) :- nox(A, 10), rad(A, 24), ptratio(A, 10).  [covers 42,0/436,0 pos, 0,0/0,0 neg]
%     Score = -36.326,062581 (regressionFit = 36.326,062578, penalties=3.0700000000000003E-6) for clause:  medv(A) :- nox(A, 10), rad(A, 24), b(A, 1).  [covers 20,0/436,0 pos, 0,0/0,0 neg]
%     Score = -Infinity (regressionFit = Infinity, penalties=3.0700000000000003E-6) for clause:  medv(A) :- nox(A, 10), rad(A, 24), b(A, 5).  [covers 1,0/436,0 pos, 0,0/0,0 neg]
%     Score = -35.631,150191 (regressionFit = 35.631,150187, penalties=3.0700000000000003E-6) for clause:  medv(A) :- nox(A, 10), rad(A, 24), lstat(A, 6).  [covers 19,0/436,0 pos, 0,0/0,0 neg]
%     Score = -37.564,264740 (regressionFit = 37.564,264737, penalties=3.0700000000000003E-6) for clause:  medv(A) :- nox(A, 10), rad(A, 24), lstat(A, 5).  [covers 14,0/436,0 pos, 0,0/0,0 neg]
%     Score = -34.388,308569 (regressionFit = 34.388,308566, penalties=3.0500000000000004E-6) for clause:  medv(A) :- nox(A, 10), tax(A, 666), crim(A, 10).  [covers 26,0/436,0 pos, 0,0/0,0 neg]
%     Score = -37.705,301341 (regressionFit = 37.705,301338, penalties=3.0700000000000003E-6) for clause:  medv(A) :- nox(A, 10), tax(A, 666), crim(A, 9).  [covers 14,0/436,0 pos, 0,0/0,0 neg]
%     Score = -32.266,679033 (regressionFit = 32.266,679030, penalties=3.0700000000000003E-6) for clause:  medv(A) :- nox(A, 10), tax(A, 666), zn(A, 0).  [covers 42,0/436,0 pos, 0,0/0,0 neg]
%     Score = -32.266,679033 (regressionFit = 32.266,679030, penalties=3.0500000000000004E-6) for clause:  medv(A) :- nox(A, 10), tax(A, 666), indus(A, 10).  [covers 42,0/436,0 pos, 0,0/0,0 neg]
%     Score = -32.266,679033 (regressionFit = 32.266,679030, penalties=3.0700000000000003E-6) for clause:  medv(A) :- nox(A, 10), tax(A, 666), chas(A, 0).  [covers 42,0/436,0 pos, 0,0/0,0 neg]
%     Score = -36.799,098592 (regressionFit = 36.799,098589, penalties=3.0700000000000003E-6) for clause:  medv(A) :- nox(A, 10), tax(A, 666), rm(A, 9).  [covers 14,0/436,0 pos, 0,0/0,0 neg]
%     Score = -39.077,517466 (regressionFit = 39.077,517463, penalties=3.0700000000000003E-6) for clause:  medv(A) :- nox(A, 10), tax(A, 666), rm(A, 7).  [covers 3,0/436,0 pos, 0,0/0,0 neg]
%     Score = -36.097,599163 (regressionFit = 36.097,599160, penalties=3.0700000000000003E-6) for clause:  medv(A) :- nox(A, 10), tax(A, 666), age(A, 6).  [covers 18,0/436,0 pos, 0,0/0,0 neg]
%     Score = -35.786,624490 (regressionFit = 35.786,624487, penalties=3.0500000000000004E-6) for clause:  medv(A) :- nox(A, 10), tax(A, 666), dis(A, 10).  [covers 20,0/436,0 pos, 0,0/0,0 neg]
%     Score = -36.613,067000 (regressionFit = 36.613,066996, penalties=3.0700000000000003E-6) for clause:  medv(A) :- nox(A, 10), tax(A, 666), dis(A, 9).  [covers 18,0/436,0 pos, 0,0/0,0 neg]
%     Score = -32.266,679033 (regressionFit = 32.266,679030, penalties=3.0700000000000003E-6) for clause:  medv(A) :- nox(A, 10), tax(A, 666), rad(A, 24).  [covers 42,0/436,0 pos, 0,0/0,0 neg]
%     Score = -32.266,679033 (regressionFit = 32.266,679030, penalties=3.0500000000000004E-6) for clause:  medv(A) :- nox(A, 10), tax(A, 666), ptratio(A, 10).  [covers 42,0/436,0 pos, 0,0/0,0 neg]
%     Score = -36.326,062581 (regressionFit = 36.326,062578, penalties=3.0700000000000003E-6) for clause:  medv(A) :- nox(A, 10), tax(A, 666), b(A, 1).  [covers 20,0/436,0 pos, 0,0/0,0 neg]
%     Score = -Infinity (regressionFit = Infinity, penalties=3.0700000000000003E-6) for clause:  medv(A) :- nox(A, 10), tax(A, 666), b(A, 5).  [covers 1,0/436,0 pos, 0,0/0,0 neg]
%     Score = -35.631,150191 (regressionFit = 35.631,150187, penalties=3.0700000000000003E-6) for clause:  medv(A) :- nox(A, 10), tax(A, 666), lstat(A, 6).  [covers 19,0/436,0 pos, 0,0/0,0 neg]
%     Score = -37.564,264740 (regressionFit = 37.564,264737, penalties=3.0700000000000003E-6) for clause:  medv(A) :- nox(A, 10), tax(A, 666), lstat(A, 5).  [covers 14,0/436,0 pos, 0,0/0,0 neg]
%     Score = -38.003,487397 (regressionFit = 38.003,487394, penalties=3.0700000000000003E-6) for clause:  medv(A) :- rm(A, 3), rad(A, 5), crim(A, 7).  [covers 5,0/436,0 pos, 0,0/0,0 neg]
%     Score = -35.551,790259 (regressionFit = 35.551,790256, penalties=3.0700000000000003E-6) for clause:  medv(A) :- rm(A, 3), rad(A, 5), zn(A, 20).  [covers 11,0/436,0 pos, 0,0/0,0 neg]
%     Score = -35.285,547033 (regressionFit = 35.285,547030, penalties=3.0700000000000003E-6) for clause:  medv(A) :- rm(A, 3), rad(A, 5), indus(A, 4).  [covers 13,0/436,0 pos, 0,0/0,0 neg]
%     Score = -34.450,185229 (regressionFit = 34.450,185226, penalties=3.0700000000000003E-6) for clause:  medv(A) :- rm(A, 3), rad(A, 5), chas(A, 0).  [covers 14,0/436,0 pos, 0,0/0,0 neg]
%     Score = -37.648,485532 (regressionFit = 37.648,485529, penalties=3.0700000000000003E-6) for clause:  medv(A) :- rm(A, 3), rad(A, 5), nox(A, 8).  [covers 7,0/436,0 pos, 0,0/0,0 neg]
%     Score = -37.073,507898 (regressionFit = 37.073,507895, penalties=3.0700000000000003E-6) for clause:  medv(A) :- rm(A, 3), rad(A, 5), age(A, 9).  [covers 5,0/436,0 pos, 0,0/0,0 neg]
%     Score = -38.695,050260 (regressionFit = 38.695,050257, penalties=3.0700000000000003E-6) for clause:  medv(A) :- rm(A, 3), rad(A, 5), dis(A, 9).  [covers 3,0/436,0 pos, 0,0/0,0 neg]
%     Score = -36.577,645227 (regressionFit = 36.577,645224, penalties=3.0700000000000003E-6) for clause:  medv(A) :- rm(A, 3), rad(A, 5), tax(A, 264).  [covers 9,0/436,0 pos, 0,0/0,0 neg]
%     Score = -33.789,334758 (regressionFit = 33.789,334755, penalties=3.0700000000000003E-6) for clause:  medv(A) :- rm(A, 3), rad(A, 5), ptratio(A, 9).  [covers 13,0/436,0 pos, 0,0/0,0 neg]
%     Score = -37.578,875147 (regressionFit = 37.578,875144, penalties=3.0500000000000004E-6) for clause:  medv(A) :- rm(A, 3), rad(A, 5), b(A, 5).  [covers 5,0/436,0 pos, 0,0/0,0 neg]
%     Score = -Infinity (regressionFit = Infinity, penalties=3.0700000000000003E-6) for clause:  medv(A) :- rm(A, 3), rad(A, 5), lstat(A, 2).  [covers 2,0/436,0 pos, 0,0/0,0 neg]
%     Score = -33.315,657779 (regressionFit = 33.315,657777, penalties=2.0300000000000005E-6) for clause:  medv(A) :- ptratio(A, 10), crim(A, 10).  [covers 45,0/436,0 pos, 0,0/0,0 neg]
%     Score = -38.630,944800 (regressionFit = 38.630,944798, penalties=2.0500000000000003E-6) for clause:  medv(A) :- ptratio(A, 10), crim(A, 9).  [covers 32,0/436,0 pos, 0,0/0,0 neg]
%     Score = -33.258,024645 (regressionFit = 33.258,024643, penalties=2.0500000000000003E-6) for clause:  medv(A) :- ptratio(A, 10), zn(A, 0).  [covers 97,0/436,0 pos, 0,0/0,0 neg]
%     Score = -33.338,864427 (regressionFit = 33.338,864425, penalties=2.0300000000000005E-6) for clause:  medv(A) :- ptratio(A, 10), indus(A, 10).  [covers 90,0/436,0 pos, 0,0/0,0 neg]
%     Score = -31.498,871178 (regressionFit = 31.498,871176, penalties=2.0500000000000003E-6) for clause:  medv(A) :- ptratio(A, 10), chas(A, 0).  [covers 89,0/436,0 pos, 0,0/0,0 neg]
%     Score = -37.543,089513 (regressionFit = 37.543,089511, penalties=2.0500000000000003E-6) for clause:  medv(A) :- ptratio(A, 10), rm(A, 9).  [covers 25,0/436,0 pos, 0,0/0,0 neg]
%     Score = -38.797,366184 (regressionFit = 38.797,366182, penalties=2.0500000000000003E-6) for clause:  medv(A) :- ptratio(A, 10), rm(A, 7).  [covers 11,0/436,0 pos, 0,0/0,0 neg]
%     Score = -37.427,286319 (regressionFit = 37.427,286317, penalties=2.0500000000000003E-6) for clause:  medv(A) :- ptratio(A, 10), age(A, 6).  [covers 33,0/436,0 pos, 0,0/0,0 neg]
%     Score = -38.619,522862 (regressionFit = 38.619,522860, penalties=2.0300000000000005E-6) for clause:  medv(A) :- ptratio(A, 10), dis(A, 10).  [covers 37,0/436,0 pos, 0,0/0,0 neg]
%     Score = -35.786,308956 (regressionFit = 35.786,308954, penalties=2.0500000000000003E-6) for clause:  medv(A) :- ptratio(A, 10), dis(A, 9).  [covers 28,0/436,0 pos, 0,0/0,0 neg]
%     Score = -33.338,864427 (regressionFit = 33.338,864425, penalties=2.0500000000000003E-6) for clause:  medv(A) :- ptratio(A, 10), rad(A, 24).  [covers 90,0/436,0 pos, 0,0/0,0 neg]
%     Score = -33.338,864427 (regressionFit = 33.338,864425, penalties=2.0500000000000003E-6) for clause:  medv(A) :- ptratio(A, 10), tax(A, 666).  [covers 90,0/436,0 pos, 0,0/0,0 neg]
%     Score = -36.132,491233 (regressionFit = 36.132,491231, penalties=2.0500000000000003E-6) for clause:  medv(A) :- ptratio(A, 10), b(A, 1).  [covers 26,0/436,0 pos, 0,0/0,0 neg]
%     Score = -39.340,906656 (regressionFit = 39.340,906654, penalties=2.0500000000000003E-6) for clause:  medv(A) :- ptratio(A, 10), b(A, 5).  [covers 4,0/436,0 pos, 0,0/0,0 neg]
%     Score = -34.607,037398 (regressionFit = 34.607,037395, penalties=2.0500000000000003E-6) for clause:  medv(A) :- ptratio(A, 10), lstat(A, 6).  [covers 29,0/436,0 pos, 0,0/0,0 neg]
%     Score = -37.064,760783 (regressionFit = 37.064,760781, penalties=2.0500000000000003E-6) for clause:  medv(A) :- ptratio(A, 10), lstat(A, 5).  [covers 23,0/436,0 pos, 0,0/0,0 neg]
%     Score = -33.315,657780 (regressionFit = 33.315,657777, penalties=3.0500000000000004E-6) for clause:  medv(A) :- ptratio(A, 10), chas(A, 0), crim(A, 10).  [covers 45,0/436,0 pos, 0,0/0,0 neg]
%     Score = -37.291,148064 (regressionFit = 37.291,148061, penalties=3.0700000000000003E-6) for clause:  medv(A) :- ptratio(A, 10), chas(A, 0), crim(A, 9).  [covers 28,0/436,0 pos, 0,0/0,0 neg]
%     Score = -31.498,871179 (regressionFit = 31.498,871176, penalties=3.0500000000000004E-6) for clause:  medv(A) :- ptratio(A, 10), chas(A, 0), zn(A, 0).  [covers 89,0/436,0 pos, 0,0/0,0 neg]
%     Score = -31.493,744841 (regressionFit = 31.493,744838, penalties=3.0500000000000004E-6) for clause:  medv(A) :- ptratio(A, 10), chas(A, 0), indus(A, 10).  [covers 82,0/436,0 pos, 0,0/0,0 neg]
%     Score = -32.266,679033 (regressionFit = 32.266,679030, penalties=3.0500000000000004E-6) for clause:  medv(A) :- ptratio(A, 10), chas(A, 0), nox(A, 10).  [covers 42,0/436,0 pos, 0,0/0,0 neg]
%     Score = -37.543,089514 (regressionFit = 37.543,089511, penalties=3.0700000000000003E-6) for clause:  medv(A) :- ptratio(A, 10), chas(A, 0), rm(A, 9).  [covers 25,0/436,0 pos, 0,0/0,0 neg]
%     Score = -38.834,934756 (regressionFit = 38.834,934753, penalties=3.0700000000000003E-6) for clause:  medv(A) :- ptratio(A, 10), chas(A, 0), rm(A, 7).  [covers 10,0/436,0 pos, 0,0/0,0 neg]
%     Score = -37.427,286320 (regressionFit = 37.427,286317, penalties=3.0700000000000003E-6) for clause:  medv(A) :- ptratio(A, 10), chas(A, 0), age(A, 6).  [covers 33,0/436,0 pos, 0,0/0,0 neg]
%     Score = -37.376,905429 (regressionFit = 37.376,905426, penalties=3.0500000000000004E-6) for clause:  medv(A) :- ptratio(A, 10), chas(A, 0), dis(A, 10).  [covers 34,0/436,0 pos, 0,0/0,0 neg]
%     Score = -35.705,919324 (regressionFit = 35.705,919321, penalties=3.0700000000000003E-6) for clause:  medv(A) :- ptratio(A, 10), chas(A, 0), dis(A, 9).  [covers 26,0/436,0 pos, 0,0/0,0 neg]
%     Score = -31.493,744841 (regressionFit = 31.493,744838, penalties=3.0700000000000003E-6) for clause:  medv(A) :- ptratio(A, 10), chas(A, 0), rad(A, 24).  [covers 82,0/436,0 pos, 0,0/0,0 neg]
%     Score = -31.493,744841 (regressionFit = 31.493,744838, penalties=3.0700000000000003E-6) for clause:  medv(A) :- ptratio(A, 10), chas(A, 0), tax(A, 666).  [covers 82,0/436,0 pos, 0,0/0,0 neg]
%     Score = -36.132,491234 (regressionFit = 36.132,491231, penalties=3.0700000000000003E-6) for clause:  medv(A) :- ptratio(A, 10), chas(A, 0), b(A, 1).  [covers 26,0/436,0 pos, 0,0/0,0 neg]
%     Score = -39.340,906657 (regressionFit = 39.340,906654, penalties=3.0700000000000003E-6) for clause:  medv(A) :- ptratio(A, 10), chas(A, 0), b(A, 5).  [covers 4,0/436,0 pos, 0,0/0,0 neg]
%     Score = -34.607,037399 (regressionFit = 34.607,037395, penalties=3.0700000000000003E-6) for clause:  medv(A) :- ptratio(A, 10), chas(A, 0), lstat(A, 6).  [covers 29,0/436,0 pos, 0,0/0,0 neg]
%     Score = -37.064,760784 (regressionFit = 37.064,760781, penalties=3.0700000000000003E-6) for clause:  medv(A) :- ptratio(A, 10), chas(A, 0), lstat(A, 5).  [covers 23,0/436,0 pos, 0,0/0,0 neg]
%     Score = -33.315,657780 (regressionFit = 33.315,657777, penalties=3.0500000000000004E-6) for clause:  medv(A) :- ptratio(A, 10), zn(A, 0), crim(A, 10).  [covers 45,0/436,0 pos, 0,0/0,0 neg]
%     Score = -38.630,944801 (regressionFit = 38.630,944798, penalties=3.0700000000000003E-6) for clause:  medv(A) :- ptratio(A, 10), zn(A, 0), crim(A, 9).  [covers 32,0/436,0 pos, 0,0/0,0 neg]
%     Score = -33.338,864428 (regressionFit = 33.338,864425, penalties=3.0500000000000004E-6) for clause:  medv(A) :- ptratio(A, 10), zn(A, 0), indus(A, 10).  [covers 90,0/436,0 pos, 0,0/0,0 neg]
%     Score = -31.498,871179 (regressionFit = 31.498,871176, penalties=3.0500000000000004E-6) for clause:  medv(A) :- ptratio(A, 10), zn(A, 0), chas(A, 0).  [covers 89,0/436,0 pos, 0,0/0,0 neg]
%     Score = -32.266,679033 (regressionFit = 32.266,679030, penalties=3.0500000000000004E-6) for clause:  medv(A) :- ptratio(A, 10), zn(A, 0), nox(A, 10).  [covers 42,0/436,0 pos, 0,0/0,0 neg]
%     Score = -37.543,089514 (regressionFit = 37.543,089511, penalties=3.0700000000000003E-6) for clause:  medv(A) :- ptratio(A, 10), zn(A, 0), rm(A, 9).  [covers 25,0/436,0 pos, 0,0/0,0 neg]
%     Score = -38.797,366185 (regressionFit = 38.797,366182, penalties=3.0700000000000003E-6) for clause:  medv(A) :- ptratio(A, 10), zn(A, 0), rm(A, 7).  [covers 11,0/436,0 pos, 0,0/0,0 neg]
%     Score = -37.427,286320 (regressionFit = 37.427,286317, penalties=3.0700000000000003E-6) for clause:  medv(A) :- ptratio(A, 10), zn(A, 0), age(A, 6).  [covers 33,0/436,0 pos, 0,0/0,0 neg]
%     Score = -38.619,522863 (regressionFit = 38.619,522860, penalties=3.0500000000000004E-6) for clause:  medv(A) :- ptratio(A, 10), zn(A, 0), dis(A, 10).  [covers 37,0/436,0 pos, 0,0/0,0 neg]
%     Score = -35.786,308957 (regressionFit = 35.786,308954, penalties=3.0700000000000003E-6) for clause:  medv(A) :- ptratio(A, 10), zn(A, 0), dis(A, 9).  [covers 28,0/436,0 pos, 0,0/0,0 neg]
%     Score = -33.338,864428 (regressionFit = 33.338,864425, penalties=3.0700000000000003E-6) for clause:  medv(A) :- ptratio(A, 10), zn(A, 0), rad(A, 24).  [covers 90,0/436,0 pos, 0,0/0,0 neg]
%     Score = -33.338,864428 (regressionFit = 33.338,864425, penalties=3.0700000000000003E-6) for clause:  medv(A) :- ptratio(A, 10), zn(A, 0), tax(A, 666).  [covers 90,0/436,0 pos, 0,0/0,0 neg]
%     Score = -36.132,491234 (regressionFit = 36.132,491231, penalties=3.0700000000000003E-6) for clause:  medv(A) :- ptratio(A, 10), zn(A, 0), b(A, 1).  [covers 26,0/436,0 pos, 0,0/0,0 neg]
%     Score = -39.340,906657 (regressionFit = 39.340,906654, penalties=3.0700000000000003E-6) for clause:  medv(A) :- ptratio(A, 10), zn(A, 0), b(A, 5).  [covers 4,0/436,0 pos, 0,0/0,0 neg]
%     Score = -34.607,037399 (regressionFit = 34.607,037395, penalties=3.0700000000000003E-6) for clause:  medv(A) :- ptratio(A, 10), zn(A, 0), lstat(A, 6).  [covers 29,0/436,0 pos, 0,0/0,0 neg]
%     Score = -37.064,760784 (regressionFit = 37.064,760781, penalties=3.0700000000000003E-6) for clause:  medv(A) :- ptratio(A, 10), zn(A, 0), lstat(A, 5).  [covers 23,0/436,0 pos, 0,0/0,0 neg]
%     Score = -33.315,657779 (regressionFit = 33.315,657777, penalties=2.0500000000000003E-6) for clause:  medv(A) :- crim(A, 10), zn(A, 0).  [covers 45,0/436,0 pos, 0,0/0,0 neg]
%     Score = -33.315,657779 (regressionFit = 33.315,657777, penalties=2.0300000000000005E-6) for clause:  medv(A) :- crim(A, 10), indus(A, 10).  [covers 45,0/436,0 pos, 0,0/0,0 neg]
%     Score = -33.315,657779 (regressionFit = 33.315,657777, penalties=2.0500000000000003E-6) for clause:  medv(A) :- crim(A, 10), chas(A, 0).  [covers 45,0/436,0 pos, 0,0/0,0 neg]
%     Score = -37.092,843681 (regressionFit = 37.092,843679, penalties=2.0500000000000003E-6) for clause:  medv(A) :- crim(A, 10), rm(A, 9).  [covers 17,0/436,0 pos, 0,0/0,0 neg]
%     Score = -39.223,343269 (regressionFit = 39.223,343267, penalties=2.0500000000000003E-6) for clause:  medv(A) :- crim(A, 10), rm(A, 7).  [covers 6,0/436,0 pos, 0,0/0,0 neg]
%     Score = -37.303,924712 (regressionFit = 37.303,924710, penalties=2.0500000000000003E-6) for clause:  medv(A) :- crim(A, 10), age(A, 6).  [covers 22,0/436,0 pos, 0,0/0,0 neg]
%     Score = -36.681,527593 (regressionFit = 36.681,527591, penalties=2.0300000000000005E-6) for clause:  medv(A) :- crim(A, 10), dis(A, 10).  [covers 26,0/436,0 pos, 0,0/0,0 neg]
%     Score = -33.315,657779 (regressionFit = 33.315,657777, penalties=2.0500000000000003E-6) for clause:  medv(A) :- crim(A, 10), rad(A, 24).  [covers 45,0/436,0 pos, 0,0/0,0 neg]
%     Score = -33.315,657779 (regressionFit = 33.315,657777, penalties=2.0500000000000003E-6) for clause:  medv(A) :- crim(A, 10), tax(A, 666).  [covers 45,0/436,0 pos, 0,0/0,0 neg]
%     Score = -36.964,169623 (regressionFit = 36.964,169621, penalties=2.0500000000000003E-6) for clause:  medv(A) :- crim(A, 10), b(A, 1).  [covers 15,0/436,0 pos, 0,0/0,0 neg]
%     Score = -Infinity (regressionFit = Infinity, penalties=2.0500000000000003E-6) for clause:  medv(A) :- crim(A, 10), b(A, 5).  [covers 1,0/436,0 pos, 0,0/0,0 neg]
%     Score = -35.702,713891 (regressionFit = 35.702,713889, penalties=2.0500000000000003E-6) for clause:  medv(A) :- crim(A, 10), lstat(A, 6).  [covers 22,0/436,0 pos, 0,0/0,0 neg]
%     Score = -38.193,644109 (regressionFit = 38.193,644107, penalties=2.0500000000000003E-6) for clause:  medv(A) :- crim(A, 10), lstat(A, 5).  [covers 11,0/436,0 pos, 0,0/0,0 neg]
%     Score = -33.315,657780 (regressionFit = 33.315,657777, penalties=3.0500000000000004E-6) for clause:  medv(A) :- ptratio(A, 10), crim(A, 10), zn(A, 0).  [covers 45,0/436,0 pos, 0,0/0,0 neg]
%     Score = -33.315,657780 (regressionFit = 33.315,657777, penalties=3.0300000000000006E-6) for clause:  medv(A) :- ptratio(A, 10), crim(A, 10), indus(A, 10).  [covers 45,0/436,0 pos, 0,0/0,0 neg]
%     Score = -33.315,657780 (regressionFit = 33.315,657777, penalties=3.0500000000000004E-6) for clause:  medv(A) :- ptratio(A, 10), crim(A, 10), chas(A, 0).  [covers 45,0/436,0 pos, 0,0/0,0 neg]
%     Score = -34.388,308569 (regressionFit = 34.388,308566, penalties=3.0300000000000006E-6) for clause:  medv(A) :- ptratio(A, 10), crim(A, 10), nox(A, 10).  [covers 26,0/436,0 pos, 0,0/0,0 neg]
%     Score = -37.092,843682 (regressionFit = 37.092,843679, penalties=3.0500000000000004E-6) for clause:  medv(A) :- ptratio(A, 10), crim(A, 10), rm(A, 9).  [covers 17,0/436,0 pos, 0,0/0,0 neg]
%     Score = -39.223,343270 (regressionFit = 39.223,343267, penalties=3.0500000000000004E-6) for clause:  medv(A) :- ptratio(A, 10), crim(A, 10), rm(A, 7).  [covers 6,0/436,0 pos, 0,0/0,0 neg]
%     Score = -37.303,924713 (regressionFit = 37.303,924710, penalties=3.0500000000000004E-6) for clause:  medv(A) :- ptratio(A, 10), crim(A, 10), age(A, 6).  [covers 22,0/436,0 pos, 0,0/0,0 neg]
%     Score = -36.681,527594 (regressionFit = 36.681,527591, penalties=3.0300000000000006E-6) for clause:  medv(A) :- ptratio(A, 10), crim(A, 10), dis(A, 10).  [covers 26,0/436,0 pos, 0,0/0,0 neg]
%     Score = -33.315,657780 (regressionFit = 33.315,657777, penalties=3.0500000000000004E-6) for clause:  medv(A) :- ptratio(A, 10), crim(A, 10), rad(A, 24).  [covers 45,0/436,0 pos, 0,0/0,0 neg]
%     Score = -33.315,657780 (regressionFit = 33.315,657777, penalties=3.0500000000000004E-6) for clause:  medv(A) :- ptratio(A, 10), crim(A, 10), tax(A, 666).  [covers 45,0/436,0 pos, 0,0/0,0 neg]
%     Score = -36.964,169624 (regressionFit = 36.964,169621, penalties=3.0500000000000004E-6) for clause:  medv(A) :- ptratio(A, 10), crim(A, 10), b(A, 1).  [covers 15,0/436,0 pos, 0,0/0,0 neg]
%     Score = -Infinity (regressionFit = Infinity, penalties=3.0500000000000004E-6) for clause:  medv(A) :- ptratio(A, 10), crim(A, 10), b(A, 5).  [covers 1,0/436,0 pos, 0,0/0,0 neg]
%     Score = -35.702,713892 (regressionFit = 35.702,713889, penalties=3.0500000000000004E-6) for clause:  medv(A) :- ptratio(A, 10), crim(A, 10), lstat(A, 6).  [covers 22,0/436,0 pos, 0,0/0,0 neg]
%     Score = -38.193,644110 (regressionFit = 38.193,644107, penalties=3.0500000000000004E-6) for clause:  medv(A) :- ptratio(A, 10), crim(A, 10), lstat(A, 5).  [covers 11,0/436,0 pos, 0,0/0,0 neg]
%     Score = -33.315,657780 (regressionFit = 33.315,657777, penalties=3.0500000000000004E-6) for clause:  medv(A) :- crim(A, 10), indus(A, 10), zn(A, 0).  [covers 45,0/436,0 pos, 0,0/0,0 neg]
%     Score = -33.315,657780 (regressionFit = 33.315,657777, penalties=3.0500000000000004E-6) for clause:  medv(A) :- crim(A, 10), indus(A, 10), chas(A, 0).  [covers 45,0/436,0 pos, 0,0/0,0 neg]
%     Score = -34.388,308569 (regressionFit = 34.388,308566, penalties=3.0300000000000006E-6) for clause:  medv(A) :- crim(A, 10), indus(A, 10), nox(A, 10).  [covers 26,0/436,0 pos, 0,0/0,0 neg]
%     Score = -37.092,843682 (regressionFit = 37.092,843679, penalties=3.0500000000000004E-6) for clause:  medv(A) :- crim(A, 10), indus(A, 10), rm(A, 9).  [covers 17,0/436,0 pos, 0,0/0,0 neg]
%     Score = -39.223,343270 (regressionFit = 39.223,343267, penalties=3.0500000000000004E-6) for clause:  medv(A) :- crim(A, 10), indus(A, 10), rm(A, 7).  [covers 6,0/436,0 pos, 0,0/0,0 neg]
%     Score = -37.303,924713 (regressionFit = 37.303,924710, penalties=3.0500000000000004E-6) for clause:  medv(A) :- crim(A, 10), indus(A, 10), age(A, 6).  [covers 22,0/436,0 pos, 0,0/0,0 neg]
%     Score = -36.681,527594 (regressionFit = 36.681,527591, penalties=3.0300000000000006E-6) for clause:  medv(A) :- crim(A, 10), indus(A, 10), dis(A, 10).  [covers 26,0/436,0 pos, 0,0/0,0 neg]
%     Score = -33.315,657780 (regressionFit = 33.315,657777, penalties=3.0500000000000004E-6) for clause:  medv(A) :- crim(A, 10), indus(A, 10), rad(A, 24).  [covers 45,0/436,0 pos, 0,0/0,0 neg]
%     Score = -33.315,657780 (regressionFit = 33.315,657777, penalties=3.0500000000000004E-6) for clause:  medv(A) :- crim(A, 10), indus(A, 10), tax(A, 666).  [covers 45,0/436,0 pos, 0,0/0,0 neg]
%     Score = -33.315,657780 (regressionFit = 33.315,657777, penalties=3.0300000000000006E-6) for clause:  medv(A) :- crim(A, 10), indus(A, 10), ptratio(A, 10).  [covers 45,0/436,0 pos, 0,0/0,0 neg]
%     Score = -36.964,169624 (regressionFit = 36.964,169621, penalties=3.0500000000000004E-6) for clause:  medv(A) :- crim(A, 10), indus(A, 10), b(A, 1).  [covers 15,0/436,0 pos, 0,0/0,0 neg]
%     Score = -Infinity (regressionFit = Infinity, penalties=3.0500000000000004E-6) for clause:  medv(A) :- crim(A, 10), indus(A, 10), b(A, 5).  [covers 1,0/436,0 pos, 0,0/0,0 neg]
%     Score = -35.702,713892 (regressionFit = 35.702,713889, penalties=3.0500000000000004E-6) for clause:  medv(A) :- crim(A, 10), indus(A, 10), lstat(A, 6).  [covers 22,0/436,0 pos, 0,0/0,0 neg]
%     Score = -38.193,644110 (regressionFit = 38.193,644107, penalties=3.0500000000000004E-6) for clause:  medv(A) :- crim(A, 10), indus(A, 10), lstat(A, 5).  [covers 11,0/436,0 pos, 0,0/0,0 neg]
%     Score = -33.315,657780 (regressionFit = 33.315,657777, penalties=3.0500000000000004E-6) for clause:  medv(A) :- crim(A, 10), zn(A, 0), indus(A, 10).  [covers 45,0/436,0 pos, 0,0/0,0 neg]
%     Score = -33.315,657780 (regressionFit = 33.315,657777, penalties=3.0500000000000004E-6) for clause:  medv(A) :- crim(A, 10), zn(A, 0), chas(A, 0).  [covers 45,0/436,0 pos, 0,0/0,0 neg]
%     Score = -34.388,308569 (regressionFit = 34.388,308566, penalties=3.0500000000000004E-6) for clause:  medv(A) :- crim(A, 10), zn(A, 0), nox(A, 10).  [covers 26,0/436,0 pos, 0,0/0,0 neg]
%     Score = -37.092,843682 (regressionFit = 37.092,843679, penalties=3.0700000000000003E-6) for clause:  medv(A) :- crim(A, 10), zn(A, 0), rm(A, 9).  [covers 17,0/436,0 pos, 0,0/0,0 neg]
%     Score = -39.223,343270 (regressionFit = 39.223,343267, penalties=3.0700000000000003E-6) for clause:  medv(A) :- crim(A, 10), zn(A, 0), rm(A, 7).  [covers 6,0/436,0 pos, 0,0/0,0 neg]
%     Score = -37.303,924713 (regressionFit = 37.303,924710, penalties=3.0700000000000003E-6) for clause:  medv(A) :- crim(A, 10), zn(A, 0), age(A, 6).  [covers 22,0/436,0 pos, 0,0/0,0 neg]
%     Score = -36.681,527594 (regressionFit = 36.681,527591, penalties=3.0500000000000004E-6) for clause:  medv(A) :- crim(A, 10), zn(A, 0), dis(A, 10).  [covers 26,0/436,0 pos, 0,0/0,0 neg]
%     Score = -33.315,657780 (regressionFit = 33.315,657777, penalties=3.0700000000000003E-6) for clause:  medv(A) :- crim(A, 10), zn(A, 0), rad(A, 24).  [covers 45,0/436,0 pos, 0,0/0,0 neg]
%     Score = -33.315,657780 (regressionFit = 33.315,657777, penalties=3.0700000000000003E-6) for clause:  medv(A) :- crim(A, 10), zn(A, 0), tax(A, 666).  [covers 45,0/436,0 pos, 0,0/0,0 neg]
%     Score = -33.315,657780 (regressionFit = 33.315,657777, penalties=3.0500000000000004E-6) for clause:  medv(A) :- crim(A, 10), zn(A, 0), ptratio(A, 10).  [covers 45,0/436,0 pos, 0,0/0,0 neg]
%     Score = -36.964,169624 (regressionFit = 36.964,169621, penalties=3.0700000000000003E-6) for clause:  medv(A) :- crim(A, 10), zn(A, 0), b(A, 1).  [covers 15,0/436,0 pos, 0,0/0,0 neg]
%     Score = -Infinity (regressionFit = Infinity, penalties=3.0700000000000003E-6) for clause:  medv(A) :- crim(A, 10), zn(A, 0), b(A, 5).  [covers 1,0/436,0 pos, 0,0/0,0 neg]
%     Score = -35.702,713892 (regressionFit = 35.702,713889, penalties=3.0700000000000003E-6) for clause:  medv(A) :- crim(A, 10), zn(A, 0), lstat(A, 6).  [covers 22,0/436,0 pos, 0,0/0,0 neg]
%     Score = -38.193,644110 (regressionFit = 38.193,644107, penalties=3.0700000000000003E-6) for clause:  medv(A) :- crim(A, 10), zn(A, 0), lstat(A, 5).  [covers 11,0/436,0 pos, 0,0/0,0 neg]
%     Score = -33.315,657780 (regressionFit = 33.315,657777, penalties=3.0500000000000004E-6) for clause:  medv(A) :- crim(A, 10), chas(A, 0), zn(A, 0).  [covers 45,0/436,0 pos, 0,0/0,0 neg]
%     Score = -33.315,657780 (regressionFit = 33.315,657777, penalties=3.0500000000000004E-6) for clause:  medv(A) :- crim(A, 10), chas(A, 0), indus(A, 10).  [covers 45,0/436,0 pos, 0,0/0,0 neg]
%     Score = -34.388,308569 (regressionFit = 34.388,308566, penalties=3.0500000000000004E-6) for clause:  medv(A) :- crim(A, 10), chas(A, 0), nox(A, 10).  [covers 26,0/436,0 pos, 0,0/0,0 neg]
%     Score = -37.092,843682 (regressionFit = 37.092,843679, penalties=3.0700000000000003E-6) for clause:  medv(A) :- crim(A, 10), chas(A, 0), rm(A, 9).  [covers 17,0/436,0 pos, 0,0/0,0 neg]
%     Score = -39.223,343270 (regressionFit = 39.223,343267, penalties=3.0700000000000003E-6) for clause:  medv(A) :- crim(A, 10), chas(A, 0), rm(A, 7).  [covers 6,0/436,0 pos, 0,0/0,0 neg]
%     Score = -37.303,924713 (regressionFit = 37.303,924710, penalties=3.0700000000000003E-6) for clause:  medv(A) :- crim(A, 10), chas(A, 0), age(A, 6).  [covers 22,0/436,0 pos, 0,0/0,0 neg]
%     Score = -36.681,527594 (regressionFit = 36.681,527591, penalties=3.0500000000000004E-6) for clause:  medv(A) :- crim(A, 10), chas(A, 0), dis(A, 10).  [covers 26,0/436,0 pos, 0,0/0,0 neg]
%     Score = -33.315,657780 (regressionFit = 33.315,657777, penalties=3.0700000000000003E-6) for clause:  medv(A) :- crim(A, 10), chas(A, 0), rad(A, 24).  [covers 45,0/436,0 pos, 0,0/0,0 neg]
%     Score = -33.315,657780 (regressionFit = 33.315,657777, penalties=3.0700000000000003E-6) for clause:  medv(A) :- crim(A, 10), chas(A, 0), tax(A, 666).  [covers 45,0/436,0 pos, 0,0/0,0 neg]
%     Score = -33.315,657780 (regressionFit = 33.315,657777, penalties=3.0500000000000004E-6) for clause:  medv(A) :- crim(A, 10), chas(A, 0), ptratio(A, 10).  [covers 45,0/436,0 pos, 0,0/0,0 neg]
%     Score = -36.964,169624 (regressionFit = 36.964,169621, penalties=3.0700000000000003E-6) for clause:  medv(A) :- crim(A, 10), chas(A, 0), b(A, 1).  [covers 15,0/436,0 pos, 0,0/0,0 neg]
%     Score = -Infinity (regressionFit = Infinity, penalties=3.0700000000000003E-6) for clause:  medv(A) :- crim(A, 10), chas(A, 0), b(A, 5).  [covers 1,0/436,0 pos, 0,0/0,0 neg]
%     Score = -35.702,713892 (regressionFit = 35.702,713889, penalties=3.0700000000000003E-6) for clause:  medv(A) :- crim(A, 10), chas(A, 0), lstat(A, 6).  [covers 22,0/436,0 pos, 0,0/0,0 neg]
%     Score = -38.193,644110 (regressionFit = 38.193,644107, penalties=3.0700000000000003E-6) for clause:  medv(A) :- crim(A, 10), chas(A, 0), lstat(A, 5).  [covers 11,0/436,0 pos, 0,0/0,0 neg]
%     Score = -33.315,657780 (regressionFit = 33.315,657777, penalties=3.0700000000000003E-6) for clause:  medv(A) :- crim(A, 10), rad(A, 24), zn(A, 0).  [covers 45,0/436,0 pos, 0,0/0,0 neg]
%     Score = -33.315,657780 (regressionFit = 33.315,657777, penalties=3.0500000000000004E-6) for clause:  medv(A) :- crim(A, 10), rad(A, 24), indus(A, 10).  [covers 45,0/436,0 pos, 0,0/0,0 neg]
%     Score = -33.315,657780 (regressionFit = 33.315,657777, penalties=3.0700000000000003E-6) for clause:  medv(A) :- crim(A, 10), rad(A, 24), chas(A, 0).  [covers 45,0/436,0 pos, 0,0/0,0 neg]
%     Score = -34.388,308569 (regressionFit = 34.388,308566, penalties=3.0500000000000004E-6) for clause:  medv(A) :- crim(A, 10), rad(A, 24), nox(A, 10).  [covers 26,0/436,0 pos, 0,0/0,0 neg]
%     Score = -37.092,843682 (regressionFit = 37.092,843679, penalties=3.0700000000000003E-6) for clause:  medv(A) :- crim(A, 10), rad(A, 24), rm(A, 9).  [covers 17,0/436,0 pos, 0,0/0,0 neg]
%     Score = -39.223,343270 (regressionFit = 39.223,343267, penalties=3.0700000000000003E-6) for clause:  medv(A) :- crim(A, 10), rad(A, 24), rm(A, 7).  [covers 6,0/436,0 pos, 0,0/0,0 neg]
%     Score = -37.303,924713 (regressionFit = 37.303,924710, penalties=3.0700000000000003E-6) for clause:  medv(A) :- crim(A, 10), rad(A, 24), age(A, 6).  [covers 22,0/436,0 pos, 0,0/0,0 neg]
%     Score = -36.681,527594 (regressionFit = 36.681,527591, penalties=3.0500000000000004E-6) for clause:  medv(A) :- crim(A, 10), rad(A, 24), dis(A, 10).  [covers 26,0/436,0 pos, 0,0/0,0 neg]
%     Score = -33.315,657780 (regressionFit = 33.315,657777, penalties=3.0700000000000003E-6) for clause:  medv(A) :- crim(A, 10), rad(A, 24), tax(A, 666).  [covers 45,0/436,0 pos, 0,0/0,0 neg]
%     Score = -33.315,657780 (regressionFit = 33.315,657777, penalties=3.0500000000000004E-6) for clause:  medv(A) :- crim(A, 10), rad(A, 24), ptratio(A, 10).  [covers 45,0/436,0 pos, 0,0/0,0 neg]
%     Score = -36.964,169624 (regressionFit = 36.964,169621, penalties=3.0700000000000003E-6) for clause:  medv(A) :- crim(A, 10), rad(A, 24), b(A, 1).  [covers 15,0/436,0 pos, 0,0/0,0 neg]
%     Score = -Infinity (regressionFit = Infinity, penalties=3.0700000000000003E-6) for clause:  medv(A) :- crim(A, 10), rad(A, 24), b(A, 5).  [covers 1,0/436,0 pos, 0,0/0,0 neg]
%     Score = -35.702,713892 (regressionFit = 35.702,713889, penalties=3.0700000000000003E-6) for clause:  medv(A) :- crim(A, 10), rad(A, 24), lstat(A, 6).  [covers 22,0/436,0 pos, 0,0/0,0 neg]
%     Score = -38.193,644110 (regressionFit = 38.193,644107, penalties=3.0700000000000003E-6) for clause:  medv(A) :- crim(A, 10), rad(A, 24), lstat(A, 5).  [covers 11,0/436,0 pos, 0,0/0,0 neg]
%     Score = -33.315,657780 (regressionFit = 33.315,657777, penalties=3.0700000000000003E-6) for clause:  medv(A) :- crim(A, 10), tax(A, 666), zn(A, 0).  [covers 45,0/436,0 pos, 0,0/0,0 neg]
%     Score = -33.315,657780 (regressionFit = 33.315,657777, penalties=3.0500000000000004E-6) for clause:  medv(A) :- crim(A, 10), tax(A, 666), indus(A, 10).  [covers 45,0/436,0 pos, 0,0/0,0 neg]
%     Score = -33.315,657780 (regressionFit = 33.315,657777, penalties=3.0700000000000003E-6) for clause:  medv(A) :- crim(A, 10), tax(A, 666), chas(A, 0).  [covers 45,0/436,0 pos, 0,0/0,0 neg]
%     Score = -34.388,308569 (regressionFit = 34.388,308566, penalties=3.0500000000000004E-6) for clause:  medv(A) :- crim(A, 10), tax(A, 666), nox(A, 10).  [covers 26,0/436,0 pos, 0,0/0,0 neg]
%     Score = -37.092,843682 (regressionFit = 37.092,843679, penalties=3.0700000000000003E-6) for clause:  medv(A) :- crim(A, 10), tax(A, 666), rm(A, 9).  [covers 17,0/436,0 pos, 0,0/0,0 neg]
%     Score = -39.223,343270 (regressionFit = 39.223,343267, penalties=3.0700000000000003E-6) for clause:  medv(A) :- crim(A, 10), tax(A, 666), rm(A, 7).  [covers 6,0/436,0 pos, 0,0/0,0 neg]
%     Score = -37.303,924713 (regressionFit = 37.303,924710, penalties=3.0700000000000003E-6) for clause:  medv(A) :- crim(A, 10), tax(A, 666), age(A, 6).  [covers 22,0/436,0 pos, 0,0/0,0 neg]
%     Score = -36.681,527594 (regressionFit = 36.681,527591, penalties=3.0500000000000004E-6) for clause:  medv(A) :- crim(A, 10), tax(A, 666), dis(A, 10).  [covers 26,0/436,0 pos, 0,0/0,0 neg]
%     Score = -33.315,657780 (regressionFit = 33.315,657777, penalties=3.0700000000000003E-6) for clause:  medv(A) :- crim(A, 10), tax(A, 666), rad(A, 24).  [covers 45,0/436,0 pos, 0,0/0,0 neg]
%     Score = -33.315,657780 (regressionFit = 33.315,657777, penalties=3.0500000000000004E-6) for clause:  medv(A) :- crim(A, 10), tax(A, 666), ptratio(A, 10).  [covers 45,0/436,0 pos, 0,0/0,0 neg]
%     Score = -36.964,169624 (regressionFit = 36.964,169621, penalties=3.0700000000000003E-6) for clause:  medv(A) :- crim(A, 10), tax(A, 666), b(A, 1).  [covers 15,0/436,0 pos, 0,0/0,0 neg]
%     Score = -Infinity (regressionFit = Infinity, penalties=3.0700000000000003E-6) for clause:  medv(A) :- crim(A, 10), tax(A, 666), b(A, 5).  [covers 1,0/436,0 pos, 0,0/0,0 neg]
%     Score = -35.702,713892 (regressionFit = 35.702,713889, penalties=3.0700000000000003E-6) for clause:  medv(A) :- crim(A, 10), tax(A, 666), lstat(A, 6).  [covers 22,0/436,0 pos, 0,0/0,0 neg]
%     Score = -38.193,644110 (regressionFit = 38.193,644107, penalties=3.0700000000000003E-6) for clause:  medv(A) :- crim(A, 10), tax(A, 666), lstat(A, 5).  [covers 11,0/436,0 pos, 0,0/0,0 neg]
%     Score = -38.630,944800 (regressionFit = 38.630,944798, penalties=2.0500000000000003E-6) for clause:  medv(A) :- indus(A, 10), crim(A, 9).  [covers 32,0/436,0 pos, 0,0/0,0 neg]
%     Score = -33.338,864427 (regressionFit = 33.338,864425, penalties=2.0500000000000003E-6) for clause:  medv(A) :- indus(A, 10), zn(A, 0).  [covers 90,0/436,0 pos, 0,0/0,0 neg]
%     Score = -31.493,744840 (regressionFit = 31.493,744838, penalties=2.0500000000000003E-6) for clause:  medv(A) :- indus(A, 10), chas(A, 0).  [covers 82,0/436,0 pos, 0,0/0,0 neg]
%     Score = -37.543,089513 (regressionFit = 37.543,089511, penalties=2.0500000000000003E-6) for clause:  medv(A) :- indus(A, 10), rm(A, 9).  [covers 25,0/436,0 pos, 0,0/0,0 neg]
%     Score = -38.797,366184 (regressionFit = 38.797,366182, penalties=2.0500000000000003E-6) for clause:  medv(A) :- indus(A, 10), rm(A, 7).  [covers 11,0/436,0 pos, 0,0/0,0 neg]
%     Score = -37.427,286319 (regressionFit = 37.427,286317, penalties=2.0500000000000003E-6) for clause:  medv(A) :- indus(A, 10), age(A, 6).  [covers 33,0/436,0 pos, 0,0/0,0 neg]
%     Score = -38.619,522862 (regressionFit = 38.619,522860, penalties=2.0300000000000005E-6) for clause:  medv(A) :- indus(A, 10), dis(A, 10).  [covers 37,0/436,0 pos, 0,0/0,0 neg]
%     Score = -35.786,308956 (regressionFit = 35.786,308954, penalties=2.0500000000000003E-6) for clause:  medv(A) :- indus(A, 10), dis(A, 9).  [covers 28,0/436,0 pos, 0,0/0,0 neg]
%     Score = -33.338,864427 (regressionFit = 33.338,864425, penalties=2.0500000000000003E-6) for clause:  medv(A) :- indus(A, 10), rad(A, 24).  [covers 90,0/436,0 pos, 0,0/0,0 neg]
%     Score = -33.338,864427 (regressionFit = 33.338,864425, penalties=2.0500000000000003E-6) for clause:  medv(A) :- indus(A, 10), tax(A, 666).  [covers 90,0/436,0 pos, 0,0/0,0 neg]
%     Score = -36.027,162962 (regressionFit = 36.027,162960, penalties=2.0500000000000003E-6) for clause:  medv(A) :- indus(A, 10), b(A, 1).  [covers 23,0/436,0 pos, 0,0/0,0 neg]
%     Score = -39.340,906656 (regressionFit = 39.340,906654, penalties=2.0500000000000003E-6) for clause:  medv(A) :- indus(A, 10), b(A, 5).  [covers 4,0/436,0 pos, 0,0/0,0 neg]
%     Score = -34.607,037398 (regressionFit = 34.607,037395, penalties=2.0500000000000003E-6) for clause:  medv(A) :- indus(A, 10), lstat(A, 6).  [covers 29,0/436,0 pos, 0,0/0,0 neg]
%     Score = -37.064,760783 (regressionFit = 37.064,760781, penalties=2.0500000000000003E-6) for clause:  medv(A) :- indus(A, 10), lstat(A, 5).  [covers 23,0/436,0 pos, 0,0/0,0 neg]
%     Score = -33.315,657780 (regressionFit = 33.315,657777, penalties=3.0500000000000004E-6) for clause:  medv(A) :- indus(A, 10), chas(A, 0), crim(A, 10).  [covers 45,0/436,0 pos, 0,0/0,0 neg]
%     Score = -37.291,148064 (regressionFit = 37.291,148061, penalties=3.0700000000000003E-6) for clause:  medv(A) :- indus(A, 10), chas(A, 0), crim(A, 9).  [covers 28,0/436,0 pos, 0,0/0,0 neg]
%     Score = -31.493,744841 (regressionFit = 31.493,744838, penalties=3.0500000000000004E-6) for clause:  medv(A) :- indus(A, 10), chas(A, 0), zn(A, 0).  [covers 82,0/436,0 pos, 0,0/0,0 neg]
%     Score = -32.266,679033 (regressionFit = 32.266,679030, penalties=3.0500000000000004E-6) for clause:  medv(A) :- indus(A, 10), chas(A, 0), nox(A, 10).  [covers 42,0/436,0 pos, 0,0/0,0 neg]
%     Score = -37.543,089514 (regressionFit = 37.543,089511, penalties=3.0700000000000003E-6) for clause:  medv(A) :- indus(A, 10), chas(A, 0), rm(A, 9).  [covers 25,0/436,0 pos, 0,0/0,0 neg]
%     Score = -38.834,934756 (regressionFit = 38.834,934753, penalties=3.0700000000000003E-6) for clause:  medv(A) :- indus(A, 10), chas(A, 0), rm(A, 7).  [covers 10,0/436,0 pos, 0,0/0,0 neg]
%     Score = -37.427,286320 (regressionFit = 37.427,286317, penalties=3.0700000000000003E-6) for clause:  medv(A) :- indus(A, 10), chas(A, 0), age(A, 6).  [covers 33,0/436,0 pos, 0,0/0,0 neg]
%     Score = -37.376,905429 (regressionFit = 37.376,905426, penalties=3.0500000000000004E-6) for clause:  medv(A) :- indus(A, 10), chas(A, 0), dis(A, 10).  [covers 34,0/436,0 pos, 0,0/0,0 neg]
%     Score = -35.705,919324 (regressionFit = 35.705,919321, penalties=3.0700000000000003E-6) for clause:  medv(A) :- indus(A, 10), chas(A, 0), dis(A, 9).  [covers 26,0/436,0 pos, 0,0/0,0 neg]
%     Score = -31.493,744841 (regressionFit = 31.493,744838, penalties=3.0700000000000003E-6) for clause:  medv(A) :- indus(A, 10), chas(A, 0), rad(A, 24).  [covers 82,0/436,0 pos, 0,0/0,0 neg]
%     Score = -31.493,744841 (regressionFit = 31.493,744838, penalties=3.0700000000000003E-6) for clause:  medv(A) :- indus(A, 10), chas(A, 0), tax(A, 666).  [covers 82,0/436,0 pos, 0,0/0,0 neg]
%     Score = -31.493,744841 (regressionFit = 31.493,744838, penalties=3.0500000000000004E-6) for clause:  medv(A) :- indus(A, 10), chas(A, 0), ptratio(A, 10).  [covers 82,0/436,0 pos, 0,0/0,0 neg]
%     Score = -36.027,162963 (regressionFit = 36.027,162960, penalties=3.0700000000000003E-6) for clause:  medv(A) :- indus(A, 10), chas(A, 0), b(A, 1).  [covers 23,0/436,0 pos, 0,0/0,0 neg]
%     Score = -39.340,906657 (regressionFit = 39.340,906654, penalties=3.0700000000000003E-6) for clause:  medv(A) :- indus(A, 10), chas(A, 0), b(A, 5).  [covers 4,0/436,0 pos, 0,0/0,0 neg]
%     Score = -34.607,037399 (regressionFit = 34.607,037395, penalties=3.0700000000000003E-6) for clause:  medv(A) :- indus(A, 10), chas(A, 0), lstat(A, 6).  [covers 29,0/436,0 pos, 0,0/0,0 neg]
%     Score = -37.064,760784 (regressionFit = 37.064,760781, penalties=3.0700000000000003E-6) for clause:  medv(A) :- indus(A, 10), chas(A, 0), lstat(A, 5).  [covers 23,0/436,0 pos, 0,0/0,0 neg]
%     Score = -33.315,657780 (regressionFit = 33.315,657777, penalties=3.0300000000000006E-6) for clause:  medv(A) :- ptratio(A, 10), indus(A, 10), crim(A, 10).  [covers 45,0/436,0 pos, 0,0/0,0 neg]
%     Score = -38.630,944801 (regressionFit = 38.630,944798, penalties=3.0500000000000004E-6) for clause:  medv(A) :- ptratio(A, 10), indus(A, 10), crim(A, 9).  [covers 32,0/436,0 pos, 0,0/0,0 neg]
%     Score = -33.338,864428 (regressionFit = 33.338,864425, penalties=3.0500000000000004E-6) for clause:  medv(A) :- ptratio(A, 10), indus(A, 10), zn(A, 0).  [covers 90,0/436,0 pos, 0,0/0,0 neg]
%     Score = -31.493,744841 (regressionFit = 31.493,744838, penalties=3.0500000000000004E-6) for clause:  medv(A) :- ptratio(A, 10), indus(A, 10), chas(A, 0).  [covers 82,0/436,0 pos, 0,0/0,0 neg]
%     Score = -32.266,679033 (regressionFit = 32.266,679030, penalties=3.0300000000000006E-6) for clause:  medv(A) :- ptratio(A, 10), indus(A, 10), nox(A, 10).  [covers 42,0/436,0 pos, 0,0/0,0 neg]
%     Score = -37.543,089514 (regressionFit = 37.543,089511, penalties=3.0500000000000004E-6) for clause:  medv(A) :- ptratio(A, 10), indus(A, 10), rm(A, 9).  [covers 25,0/436,0 pos, 0,0/0,0 neg]
%     Score = -38.797,366185 (regressionFit = 38.797,366182, penalties=3.0500000000000004E-6) for clause:  medv(A) :- ptratio(A, 10), indus(A, 10), rm(A, 7).  [covers 11,0/436,0 pos, 0,0/0,0 neg]
%     Score = -37.427,286320 (regressionFit = 37.427,286317, penalties=3.0500000000000004E-6) for clause:  medv(A) :- ptratio(A, 10), indus(A, 10), age(A, 6).  [covers 33,0/436,0 pos, 0,0/0,0 neg]
%     Score = -38.619,522863 (regressionFit = 38.619,522860, penalties=3.0300000000000006E-6) for clause:  medv(A) :- ptratio(A, 10), indus(A, 10), dis(A, 10).  [covers 37,0/436,0 pos, 0,0/0,0 neg]
%     Score = -35.786,308957 (regressionFit = 35.786,308954, penalties=3.0500000000000004E-6) for clause:  medv(A) :- ptratio(A, 10), indus(A, 10), dis(A, 9).  [covers 28,0/436,0 pos, 0,0/0,0 neg]
%     Score = -33.338,864428 (regressionFit = 33.338,864425, penalties=3.0500000000000004E-6) for clause:  medv(A) :- ptratio(A, 10), indus(A, 10), rad(A, 24).  [covers 90,0/436,0 pos, 0,0/0,0 neg]
%     Score = -33.338,864428 (regressionFit = 33.338,864425, penalties=3.0500000000000004E-6) for clause:  medv(A) :- ptratio(A, 10), indus(A, 10), tax(A, 666).  [covers 90,0/436,0 pos, 0,0/0,0 neg]
%     Score = -36.027,162963 (regressionFit = 36.027,162960, penalties=3.0500000000000004E-6) for clause:  medv(A) :- ptratio(A, 10), indus(A, 10), b(A, 1).  [covers 23,0/436,0 pos, 0,0/0,0 neg]
%     Score = -39.340,906657 (regressionFit = 39.340,906654, penalties=3.0500000000000004E-6) for clause:  medv(A) :- ptratio(A, 10), indus(A, 10), b(A, 5).  [covers 4,0/436,0 pos, 0,0/0,0 neg]
%     Score = -34.607,037399 (regressionFit = 34.607,037395, penalties=3.0500000000000004E-6) for clause:  medv(A) :- ptratio(A, 10), indus(A, 10), lstat(A, 6).  [covers 29,0/436,0 pos, 0,0/0,0 neg]
%     Score = -37.064,760784 (regressionFit = 37.064,760781, penalties=3.0500000000000004E-6) for clause:  medv(A) :- ptratio(A, 10), indus(A, 10), lstat(A, 5).  [covers 23,0/436,0 pos, 0,0/0,0 neg]
%     Score = -33.315,657780 (regressionFit = 33.315,657777, penalties=3.0500000000000004E-6) for clause:  medv(A) :- ptratio(A, 10), rad(A, 24), crim(A, 10).  [covers 45,0/436,0 pos, 0,0/0,0 neg]
%     Score = -38.630,944801 (regressionFit = 38.630,944798, penalties=3.0700000000000003E-6) for clause:  medv(A) :- ptratio(A, 10), rad(A, 24), crim(A, 9).  [covers 32,0/436,0 pos, 0,0/0,0 neg]
%     Score = -33.338,864428 (regressionFit = 33.338,864425, penalties=3.0700000000000003E-6) for clause:  medv(A) :- ptratio(A, 10), rad(A, 24), zn(A, 0).  [covers 90,0/436,0 pos, 0,0/0,0 neg]
%     Score = -33.338,864428 (regressionFit = 33.338,864425, penalties=3.0500000000000004E-6) for clause:  medv(A) :- ptratio(A, 10), rad(A, 24), indus(A, 10).  [covers 90,0/436,0 pos, 0,0/0,0 neg]
%     Score = -31.493,744841 (regressionFit = 31.493,744838, penalties=3.0700000000000003E-6) for clause:  medv(A) :- ptratio(A, 10), rad(A, 24), chas(A, 0).  [covers 82,0/436,0 pos, 0,0/0,0 neg]
%     Score = -32.266,679033 (regressionFit = 32.266,679030, penalties=3.0500000000000004E-6) for clause:  medv(A) :- ptratio(A, 10), rad(A, 24), nox(A, 10).  [covers 42,0/436,0 pos, 0,0/0,0 neg]
%     Score = -37.543,089514 (regressionFit = 37.543,089511, penalties=3.0700000000000003E-6) for clause:  medv(A) :- ptratio(A, 10), rad(A, 24), rm(A, 9).  [covers 25,0/436,0 pos, 0,0/0,0 neg]
%     Score = -38.797,366185 (regressionFit = 38.797,366182, penalties=3.0700000000000003E-6) for clause:  medv(A) :- ptratio(A, 10), rad(A, 24), rm(A, 7).  [covers 11,0/436,0 pos, 0,0/0,0 neg]
%     Score = -37.427,286320 (regressionFit = 37.427,286317, penalties=3.0700000000000003E-6) for clause:  medv(A) :- ptratio(A, 10), rad(A, 24), age(A, 6).  [covers 33,0/436,0 pos, 0,0/0,0 neg]
%     Score = -38.619,522863 (regressionFit = 38.619,522860, penalties=3.0500000000000004E-6) for clause:  medv(A) :- ptratio(A, 10), rad(A, 24), dis(A, 10).  [covers 37,0/436,0 pos, 0,0/0,0 neg]
%     Score = -35.786,308957 (regressionFit = 35.786,308954, penalties=3.0700000000000003E-6) for clause:  medv(A) :- ptratio(A, 10), rad(A, 24), dis(A, 9).  [covers 28,0/436,0 pos, 0,0/0,0 neg]
%     Score = -33.338,864428 (regressionFit = 33.338,864425, penalties=3.0700000000000003E-6) for clause:  medv(A) :- ptratio(A, 10), rad(A, 24), tax(A, 666).  [covers 90,0/436,0 pos, 0,0/0,0 neg]
%     Score = -36.027,162963 (regressionFit = 36.027,162960, penalties=3.0700000000000003E-6) for clause:  medv(A) :- ptratio(A, 10), rad(A, 24), b(A, 1).  [covers 23,0/436,0 pos, 0,0/0,0 neg]
%     Score = -39.340,906657 (regressionFit = 39.340,906654, penalties=3.0700000000000003E-6) for clause:  medv(A) :- ptratio(A, 10), rad(A, 24), b(A, 5).  [covers 4,0/436,0 pos, 0,0/0,0 neg]
%     Score = -34.607,037399 (regressionFit = 34.607,037395, penalties=3.0700000000000003E-6) for clause:  medv(A) :- ptratio(A, 10), rad(A, 24), lstat(A, 6).  [covers 29,0/436,0 pos, 0,0/0,0 neg]
%     Score = -37.064,760784 (regressionFit = 37.064,760781, penalties=3.0700000000000003E-6) for clause:  medv(A) :- ptratio(A, 10), rad(A, 24), lstat(A, 5).  [covers 23,0/436,0 pos, 0,0/0,0 neg]
%     Score = -33.315,657780 (regressionFit = 33.315,657777, penalties=3.0500000000000004E-6) for clause:  medv(A) :- ptratio(A, 10), tax(A, 666), crim(A, 10).  [covers 45,0/436,0 pos, 0,0/0,0 neg]
%     Score = -38.630,944801 (regressionFit = 38.630,944798, penalties=3.0700000000000003E-6) for clause:  medv(A) :- ptratio(A, 10), tax(A, 666), crim(A, 9).  [covers 32,0/436,0 pos, 0,0/0,0 neg]
%     Score = -33.338,864428 (regressionFit = 33.338,864425, penalties=3.0700000000000003E-6) for clause:  medv(A) :- ptratio(A, 10), tax(A, 666), zn(A, 0).  [covers 90,0/436,0 pos, 0,0/0,0 neg]
%     Score = -33.338,864428 (regressionFit = 33.338,864425, penalties=3.0500000000000004E-6) for clause:  medv(A) :- ptratio(A, 10), tax(A, 666), indus(A, 10).  [covers 90,0/436,0 pos, 0,0/0,0 neg]
%     Score = -31.493,744841 (regressionFit = 31.493,744838, penalties=3.0700000000000003E-6) for clause:  medv(A) :- ptratio(A, 10), tax(A, 666), chas(A, 0).  [covers 82,0/436,0 pos, 0,0/0,0 neg]
%     Score = -32.266,679033 (regressionFit = 32.266,679030, penalties=3.0500000000000004E-6) for clause:  medv(A) :- ptratio(A, 10), tax(A, 666), nox(A, 10).  [covers 42,0/436,0 pos, 0,0/0,0 neg]
%     Score = -37.543,089514 (regressionFit = 37.543,089511, penalties=3.0700000000000003E-6) for clause:  medv(A) :- ptratio(A, 10), tax(A, 666), rm(A, 9).  [covers 25,0/436,0 pos, 0,0/0,0 neg]
%     Score = -38.797,366185 (regressionFit = 38.797,366182, penalties=3.0700000000000003E-6) for clause:  medv(A) :- ptratio(A, 10), tax(A, 666), rm(A, 7).  [covers 11,0/436,0 pos, 0,0/0,0 neg]
%     Score = -37.427,286320 (regressionFit = 37.427,286317, penalties=3.0700000000000003E-6) for clause:  medv(A) :- ptratio(A, 10), tax(A, 666), age(A, 6).  [covers 33,0/436,0 pos, 0,0/0,0 neg]
%     Score = -38.619,522863 (regressionFit = 38.619,522860, penalties=3.0500000000000004E-6) for clause:  medv(A) :- ptratio(A, 10), tax(A, 666), dis(A, 10).  [covers 37,0/436,0 pos, 0,0/0,0 neg]
%     Score = -35.786,308957 (regressionFit = 35.786,308954, penalties=3.0700000000000003E-6) for clause:  medv(A) :- ptratio(A, 10), tax(A, 666), dis(A, 9).  [covers 28,0/436,0 pos, 0,0/0,0 neg]
%     Score = -33.338,864428 (regressionFit = 33.338,864425, penalties=3.0700000000000003E-6) for clause:  medv(A) :- ptratio(A, 10), tax(A, 666), rad(A, 24).  [covers 90,0/436,0 pos, 0,0/0,0 neg]
%     Score = -36.027,162963 (regressionFit = 36.027,162960, penalties=3.0700000000000003E-6) for clause:  medv(A) :- ptratio(A, 10), tax(A, 666), b(A, 1).  [covers 23,0/436,0 pos, 0,0/0,0 neg]
%     Score = -39.340,906657 (regressionFit = 39.340,906654, penalties=3.0700000000000003E-6) for clause:  medv(A) :- ptratio(A, 10), tax(A, 666), b(A, 5).  [covers 4,0/436,0 pos, 0,0/0,0 neg]
%     Score = -34.607,037399 (regressionFit = 34.607,037395, penalties=3.0700000000000003E-6) for clause:  medv(A) :- ptratio(A, 10), tax(A, 666), lstat(A, 6).  [covers 29,0/436,0 pos, 0,0/0,0 neg]
%     Score = -37.064,760784 (regressionFit = 37.064,760781, penalties=3.0700000000000003E-6) for clause:  medv(A) :- ptratio(A, 10), tax(A, 666), lstat(A, 5).  [covers 23,0/436,0 pos, 0,0/0,0 neg]
%     Score = -33.315,657780 (regressionFit = 33.315,657777, penalties=3.0500000000000004E-6) for clause:  medv(A) :- indus(A, 10), zn(A, 0), crim(A, 10).  [covers 45,0/436,0 pos, 0,0/0,0 neg]
%     Score = -38.630,944801 (regressionFit = 38.630,944798, penalties=3.0700000000000003E-6) for clause:  medv(A) :- indus(A, 10), zn(A, 0), crim(A, 9).  [covers 32,0/436,0 pos, 0,0/0,0 neg]
%     Score = -31.493,744841 (regressionFit = 31.493,744838, penalties=3.0500000000000004E-6) for clause:  medv(A) :- indus(A, 10), zn(A, 0), chas(A, 0).  [covers 82,0/436,0 pos, 0,0/0,0 neg]
%     Score = -32.266,679033 (regressionFit = 32.266,679030, penalties=3.0500000000000004E-6) for clause:  medv(A) :- indus(A, 10), zn(A, 0), nox(A, 10).  [covers 42,0/436,0 pos, 0,0/0,0 neg]
%     Score = -37.543,089514 (regressionFit = 37.543,089511, penalties=3.0700000000000003E-6) for clause:  medv(A) :- indus(A, 10), zn(A, 0), rm(A, 9).  [covers 25,0/436,0 pos, 0,0/0,0 neg]
%     Score = -38.797,366185 (regressionFit = 38.797,366182, penalties=3.0700000000000003E-6) for clause:  medv(A) :- indus(A, 10), zn(A, 0), rm(A, 7).  [covers 11,0/436,0 pos, 0,0/0,0 neg]
%     Score = -37.427,286320 (regressionFit = 37.427,286317, penalties=3.0700000000000003E-6) for clause:  medv(A) :- indus(A, 10), zn(A, 0), age(A, 6).  [covers 33,0/436,0 pos, 0,0/0,0 neg]
%     Score = -38.619,522863 (regressionFit = 38.619,522860, penalties=3.0500000000000004E-6) for clause:  medv(A) :- indus(A, 10), zn(A, 0), dis(A, 10).  [covers 37,0/436,0 pos, 0,0/0,0 neg]
%     Score = -35.786,308957 (regressionFit = 35.786,308954, penalties=3.0700000000000003E-6) for clause:  medv(A) :- indus(A, 10), zn(A, 0), dis(A, 9).  [covers 28,0/436,0 pos, 0,0/0,0 neg]
%     Score = -33.338,864428 (regressionFit = 33.338,864425, penalties=3.0700000000000003E-6) for clause:  medv(A) :- indus(A, 10), zn(A, 0), rad(A, 24).  [covers 90,0/436,0 pos, 0,0/0,0 neg]
%     Score = -33.338,864428 (regressionFit = 33.338,864425, penalties=3.0700000000000003E-6) for clause:  medv(A) :- indus(A, 10), zn(A, 0), tax(A, 666).  [covers 90,0/436,0 pos, 0,0/0,0 neg]
%     Score = -33.338,864428 (regressionFit = 33.338,864425, penalties=3.0500000000000004E-6) for clause:  medv(A) :- indus(A, 10), zn(A, 0), ptratio(A, 10).  [covers 90,0/436,0 pos, 0,0/0,0 neg]
%     Score = -36.027,162963 (regressionFit = 36.027,162960, penalties=3.0700000000000003E-6) for clause:  medv(A) :- indus(A, 10), zn(A, 0), b(A, 1).  [covers 23,0/436,0 pos, 0,0/0,0 neg]
%     Score = -39.340,906657 (regressionFit = 39.340,906654, penalties=3.0700000000000003E-6) for clause:  medv(A) :- indus(A, 10), zn(A, 0), b(A, 5).  [covers 4,0/436,0 pos, 0,0/0,0 neg]
%     Score = -34.607,037399 (regressionFit = 34.607,037395, penalties=3.0700000000000003E-6) for clause:  medv(A) :- indus(A, 10), zn(A, 0), lstat(A, 6).  [covers 29,0/436,0 pos, 0,0/0,0 neg]
%     Score = -37.064,760784 (regressionFit = 37.064,760781, penalties=3.0700000000000003E-6) for clause:  medv(A) :- indus(A, 10), zn(A, 0), lstat(A, 5).  [covers 23,0/436,0 pos, 0,0/0,0 neg]
%     Score = -33.315,657780 (regressionFit = 33.315,657777, penalties=3.0500000000000004E-6) for clause:  medv(A) :- indus(A, 10), rad(A, 24), crim(A, 10).  [covers 45,0/436,0 pos, 0,0/0,0 neg]
%     Score = -38.630,944801 (regressionFit = 38.630,944798, penalties=3.0700000000000003E-6) for clause:  medv(A) :- indus(A, 10), rad(A, 24), crim(A, 9).  [covers 32,0/436,0 pos, 0,0/0,0 neg]
%     Score = -33.338,864428 (regressionFit = 33.338,864425, penalties=3.0700000000000003E-6) for clause:  medv(A) :- indus(A, 10), rad(A, 24), zn(A, 0).  [covers 90,0/436,0 pos, 0,0/0,0 neg]
%     Score = -31.493,744841 (regressionFit = 31.493,744838, penalties=3.0700000000000003E-6) for clause:  medv(A) :- indus(A, 10), rad(A, 24), chas(A, 0).  [covers 82,0/436,0 pos, 0,0/0,0 neg]
%     Score = -32.266,679033 (regressionFit = 32.266,679030, penalties=3.0500000000000004E-6) for clause:  medv(A) :- indus(A, 10), rad(A, 24), nox(A, 10).  [covers 42,0/436,0 pos, 0,0/0,0 neg]
%     Score = -37.543,089514 (regressionFit = 37.543,089511, penalties=3.0700000000000003E-6) for clause:  medv(A) :- indus(A, 10), rad(A, 24), rm(A, 9).  [covers 25,0/436,0 pos, 0,0/0,0 neg]
%     Score = -38.797,366185 (regressionFit = 38.797,366182, penalties=3.0700000000000003E-6) for clause:  medv(A) :- indus(A, 10), rad(A, 24), rm(A, 7).  [covers 11,0/436,0 pos, 0,0/0,0 neg]
%     Score = -37.427,286320 (regressionFit = 37.427,286317, penalties=3.0700000000000003E-6) for clause:  medv(A) :- indus(A, 10), rad(A, 24), age(A, 6).  [covers 33,0/436,0 pos, 0,0/0,0 neg]
%     Score = -38.619,522863 (regressionFit = 38.619,522860, penalties=3.0500000000000004E-6) for clause:  medv(A) :- indus(A, 10), rad(A, 24), dis(A, 10).  [covers 37,0/436,0 pos, 0,0/0,0 neg]
%     Score = -35.786,308957 (regressionFit = 35.786,308954, penalties=3.0700000000000003E-6) for clause:  medv(A) :- indus(A, 10), rad(A, 24), dis(A, 9).  [covers 28,0/436,0 pos, 0,0/0,0 neg]
%     Score = -33.338,864428 (regressionFit = 33.338,864425, penalties=3.0700000000000003E-6) for clause:  medv(A) :- indus(A, 10), rad(A, 24), tax(A, 666).  [covers 90,0/436,0 pos, 0,0/0,0 neg]
%     Score = -33.338,864428 (regressionFit = 33.338,864425, penalties=3.0500000000000004E-6) for clause:  medv(A) :- indus(A, 10), rad(A, 24), ptratio(A, 10).  [covers 90,0/436,0 pos, 0,0/0,0 neg]
%     Score = -36.027,162963 (regressionFit = 36.027,162960, penalties=3.0700000000000003E-6) for clause:  medv(A) :- indus(A, 10), rad(A, 24), b(A, 1).  [covers 23,0/436,0 pos, 0,0/0,0 neg]
%     Score = -39.340,906657 (regressionFit = 39.340,906654, penalties=3.0700000000000003E-6) for clause:  medv(A) :- indus(A, 10), rad(A, 24), b(A, 5).  [covers 4,0/436,0 pos, 0,0/0,0 neg]
%     Score = -34.607,037399 (regressionFit = 34.607,037395, penalties=3.0700000000000003E-6) for clause:  medv(A) :- indus(A, 10), rad(A, 24), lstat(A, 6).  [covers 29,0/436,0 pos, 0,0/0,0 neg]
%     Score = -37.064,760784 (regressionFit = 37.064,760781, penalties=3.0700000000000003E-6) for clause:  medv(A) :- indus(A, 10), rad(A, 24), lstat(A, 5).  [covers 23,0/436,0 pos, 0,0/0,0 neg]
%     Score = -33.315,657780 (regressionFit = 33.315,657777, penalties=3.0500000000000004E-6) for clause:  medv(A) :- indus(A, 10), tax(A, 666), crim(A, 10).  [covers 45,0/436,0 pos, 0,0/0,0 neg]
%     Score = -38.630,944801 (regressionFit = 38.630,944798, penalties=3.0700000000000003E-6) for clause:  medv(A) :- indus(A, 10), tax(A, 666), crim(A, 9).  [covers 32,0/436,0 pos, 0,0/0,0 neg]
%     Score = -33.338,864428 (regressionFit = 33.338,864425, penalties=3.0700000000000003E-6) for clause:  medv(A) :- indus(A, 10), tax(A, 666), zn(A, 0).  [covers 90,0/436,0 pos, 0,0/0,0 neg]
%     Score = -31.493,744841 (regressionFit = 31.493,744838, penalties=3.0700000000000003E-6) for clause:  medv(A) :- indus(A, 10), tax(A, 666), chas(A, 0).  [covers 82,0/436,0 pos, 0,0/0,0 neg]
%     Score = -32.266,679033 (regressionFit = 32.266,679030, penalties=3.0500000000000004E-6) for clause:  medv(A) :- indus(A, 10), tax(A, 666), nox(A, 10).  [covers 42,0/436,0 pos, 0,0/0,0 neg]
%     Score = -37.543,089514 (regressionFit = 37.543,089511, penalties=3.0700000000000003E-6) for clause:  medv(A) :- indus(A, 10), tax(A, 666), rm(A, 9).  [covers 25,0/436,0 pos, 0,0/0,0 neg]
%     Score = -38.797,366185 (regressionFit = 38.797,366182, penalties=3.0700000000000003E-6) for clause:  medv(A) :- indus(A, 10), tax(A, 666), rm(A, 7).  [covers 11,0/436,0 pos, 0,0/0,0 neg]
%     Score = -37.427,286320 (regressionFit = 37.427,286317, penalties=3.0700000000000003E-6) for clause:  medv(A) :- indus(A, 10), tax(A, 666), age(A, 6).  [covers 33,0/436,0 pos, 0,0/0,0 neg]
%     Score = -38.619,522863 (regressionFit = 38.619,522860, penalties=3.0500000000000004E-6) for clause:  medv(A) :- indus(A, 10), tax(A, 666), dis(A, 10).  [covers 37,0/436,0 pos, 0,0/0,0 neg]
%     Score = -35.786,308957 (regressionFit = 35.786,308954, penalties=3.0700000000000003E-6) for clause:  medv(A) :- indus(A, 10), tax(A, 666), dis(A, 9).  [covers 28,0/436,0 pos, 0,0/0,0 neg]
%     Score = -33.338,864428 (regressionFit = 33.338,864425, penalties=3.0700000000000003E-6) for clause:  medv(A) :- indus(A, 10), tax(A, 666), rad(A, 24).  [covers 90,0/436,0 pos, 0,0/0,0 neg]
%     Score = -33.338,864428 (regressionFit = 33.338,864425, penalties=3.0500000000000004E-6) for clause:  medv(A) :- indus(A, 10), tax(A, 666), ptratio(A, 10).  [covers 90,0/436,0 pos, 0,0/0,0 neg]
%     Score = -36.027,162963 (regressionFit = 36.027,162960, penalties=3.0700000000000003E-6) for clause:  medv(A) :- indus(A, 10), tax(A, 666), b(A, 1).  [covers 23,0/436,0 pos, 0,0/0,0 neg]
%     Score = -39.340,906657 (regressionFit = 39.340,906654, penalties=3.0700000000000003E-6) for clause:  medv(A) :- indus(A, 10), tax(A, 666), b(A, 5).  [covers 4,0/436,0 pos, 0,0/0,0 neg]
%     Score = -34.607,037399 (regressionFit = 34.607,037395, penalties=3.0700000000000003E-6) for clause:  medv(A) :- indus(A, 10), tax(A, 666), lstat(A, 6).  [covers 29,0/436,0 pos, 0,0/0,0 neg]
%     Score = -37.064,760784 (regressionFit = 37.064,760781, penalties=3.0700000000000003E-6) for clause:  medv(A) :- indus(A, 10), tax(A, 666), lstat(A, 5).  [covers 23,0/436,0 pos, 0,0/0,0 neg]
%     Score = -35.702,713892 (regressionFit = 35.702,713889, penalties=3.0500000000000004E-6) for clause:  medv(A) :- indus(A, 10), lstat(A, 6), crim(A, 10).  [covers 22,0/436,0 pos, 0,0/0,0 neg]
%     Score = -34.607,037399 (regressionFit = 34.607,037395, penalties=3.0700000000000003E-6) for clause:  medv(A) :- indus(A, 10), lstat(A, 6), zn(A, 0).  [covers 29,0/436,0 pos, 0,0/0,0 neg]
%     Score = -34.607,037399 (regressionFit = 34.607,037395, penalties=3.0700000000000003E-6) for clause:  medv(A) :- indus(A, 10), lstat(A, 6), chas(A, 0).  [covers 29,0/436,0 pos, 0,0/0,0 neg]
%     Score = -35.631,150190 (regressionFit = 35.631,150187, penalties=3.0500000000000004E-6) for clause:  medv(A) :- indus(A, 10), lstat(A, 6), nox(A, 10).  [covers 19,0/436,0 pos, 0,0/0,0 neg]
%     Score = -36.915,268508 (regressionFit = 36.915,268505, penalties=3.0700000000000003E-6) for clause:  medv(A) :- indus(A, 10), lstat(A, 6), rm(A, 9).  [covers 16,0/436,0 pos, 0,0/0,0 neg]
%     Score = -37.673,512931 (regressionFit = 37.673,512927, penalties=3.0500000000000004E-6) for clause:  medv(A) :- indus(A, 10), lstat(A, 6), age(A, 6).  [covers 12,0/436,0 pos, 0,0/0,0 neg]
%     Score = -36.777,600492 (regressionFit = 36.777,600489, penalties=3.0500000000000004E-6) for clause:  medv(A) :- indus(A, 10), lstat(A, 6), dis(A, 10).  [covers 18,0/436,0 pos, 0,0/0,0 neg]
%     Score = -34.607,037399 (regressionFit = 34.607,037395, penalties=3.0700000000000003E-6) for clause:  medv(A) :- indus(A, 10), lstat(A, 6), rad(A, 24).  [covers 29,0/436,0 pos, 0,0/0,0 neg]
%     Score = -34.607,037399 (regressionFit = 34.607,037395, penalties=3.0700000000000003E-6) for clause:  medv(A) :- indus(A, 10), lstat(A, 6), tax(A, 666).  [covers 29,0/436,0 pos, 0,0/0,0 neg]
%     Score = -34.607,037399 (regressionFit = 34.607,037395, penalties=3.0500000000000004E-6) for clause:  medv(A) :- indus(A, 10), lstat(A, 6), ptratio(A, 10).  [covers 29,0/436,0 pos, 0,0/0,0 neg]
%     Score = -37.675,809903 (regressionFit = 37.675,809900, penalties=3.0700000000000003E-6) for clause:  medv(A) :- indus(A, 10), lstat(A, 6), b(A, 1).  [covers 11,0/436,0 pos, 0,0/0,0 neg]
%     Score = -38.235,131434 (regressionFit = 38.235,131431, penalties=3.0500000000000004E-6) for clause:  medv(A) :- indus(A, 10), dis(A, 9), crim(A, 9).  [covers 11,0/436,0 pos, 0,0/0,0 neg]
%     Score = -35.786,308957 (regressionFit = 35.786,308954, penalties=3.0700000000000003E-6) for clause:  medv(A) :- indus(A, 10), dis(A, 9), zn(A, 0).  [covers 28,0/436,0 pos, 0,0/0,0 neg]
%     Score = -35.705,919324 (regressionFit = 35.705,919321, penalties=3.0700000000000003E-6) for clause:  medv(A) :- indus(A, 10), dis(A, 9), chas(A, 0).  [covers 26,0/436,0 pos, 0,0/0,0 neg]
%     Score = -36.613,067000 (regressionFit = 36.613,066996, penalties=3.0500000000000004E-6) for clause:  medv(A) :- indus(A, 10), dis(A, 9), nox(A, 10).  [covers 18,0/436,0 pos, 0,0/0,0 neg]
%     Score = -38.806,536603 (regressionFit = 38.806,536600, penalties=3.0500000000000004E-6) for clause:  medv(A) :- indus(A, 10), dis(A, 9), rm(A, 9).  [covers 6,0/436,0 pos, 0,0/0,0 neg]
%     Score = -38.355,279395 (regressionFit = 38.355,279392, penalties=3.0700000000000003E-6) for clause:  medv(A) :- indus(A, 10), dis(A, 9), age(A, 6).  [covers 8,0/436,0 pos, 0,0/0,0 neg]
%     Score = -35.786,308957 (regressionFit = 35.786,308954, penalties=3.0700000000000003E-6) for clause:  medv(A) :- indus(A, 10), dis(A, 9), rad(A, 24).  [covers 28,0/436,0 pos, 0,0/0,0 neg]
%     Score = -35.786,308957 (regressionFit = 35.786,308954, penalties=3.0700000000000003E-6) for clause:  medv(A) :- indus(A, 10), dis(A, 9), tax(A, 666).  [covers 28,0/436,0 pos, 0,0/0,0 neg]
%     Score = -35.786,308957 (regressionFit = 35.786,308954, penalties=3.0500000000000004E-6) for clause:  medv(A) :- indus(A, 10), dis(A, 9), ptratio(A, 10).  [covers 28,0/436,0 pos, 0,0/0,0 neg]
%     Score = -38.690,020776 (regressionFit = 38.690,020773, penalties=3.0700000000000003E-6) for clause:  medv(A) :- indus(A, 10), dis(A, 9), b(A, 1).  [covers 7,0/436,0 pos, 0,0/0,0 neg]
%     Score = -37.982,331432 (regressionFit = 37.982,331429, penalties=3.0700000000000003E-6) for clause:  medv(A) :- indus(A, 10), dis(A, 9), lstat(A, 5).  [covers 10,0/436,0 pos, 0,0/0,0 neg]
%     Score = -36.964,169624 (regressionFit = 36.964,169621, penalties=3.0500000000000004E-6) for clause:  medv(A) :- indus(A, 10), b(A, 1), crim(A, 10).  [covers 15,0/436,0 pos, 0,0/0,0 neg]
%     Score = -38.746,712958 (regressionFit = 38.746,712955, penalties=3.0700000000000003E-6) for clause:  medv(A) :- indus(A, 10), b(A, 1), crim(A, 9).  [covers 8,0/436,0 pos, 0,0/0,0 neg]
%     Score = -36.027,162963 (regressionFit = 36.027,162960, penalties=3.0700000000000003E-6) for clause:  medv(A) :- indus(A, 10), b(A, 1), zn(A, 0).  [covers 23,0/436,0 pos, 0,0/0,0 neg]
%     Score = -36.027,162963 (regressionFit = 36.027,162960, penalties=3.0700000000000003E-6) for clause:  medv(A) :- indus(A, 10), b(A, 1), chas(A, 0).  [covers 23,0/436,0 pos, 0,0/0,0 neg]
%     Score = -36.326,062581 (regressionFit = 36.326,062578, penalties=3.0500000000000004E-6) for clause:  medv(A) :- indus(A, 10), b(A, 1), nox(A, 10).  [covers 20,0/436,0 pos, 0,0/0,0 neg]
%     Score = -37.705,461714 (regressionFit = 37.705,461711, penalties=3.0700000000000003E-6) for clause:  medv(A) :- indus(A, 10), b(A, 1), rm(A, 9).  [covers 11,0/436,0 pos, 0,0/0,0 neg]
%     Score = -37.821,812020 (regressionFit = 37.821,812017, penalties=3.0700000000000003E-6) for clause:  medv(A) :- indus(A, 10), b(A, 1), age(A, 6).  [covers 11,0/436,0 pos, 0,0/0,0 neg]
%     Score = -37.130,010150 (regressionFit = 37.130,010147, penalties=3.0500000000000004E-6) for clause:  medv(A) :- indus(A, 10), b(A, 1), dis(A, 10).  [covers 15,0/436,0 pos, 0,0/0,0 neg]
%     Score = -38.690,020776 (regressionFit = 38.690,020773, penalties=3.0700000000000003E-6) for clause:  medv(A) :- indus(A, 10), b(A, 1), dis(A, 9).  [covers 7,0/436,0 pos, 0,0/0,0 neg]
%     Score = -36.027,162963 (regressionFit = 36.027,162960, penalties=3.0700000000000003E-6) for clause:  medv(A) :- indus(A, 10), b(A, 1), rad(A, 24).  [covers 23,0/436,0 pos, 0,0/0,0 neg]
%     Score = -36.027,162963 (regressionFit = 36.027,162960, penalties=3.0700000000000003E-6) for clause:  medv(A) :- indus(A, 10), b(A, 1), tax(A, 666).  [covers 23,0/436,0 pos, 0,0/0,0 neg]
%     Score = -36.027,162963 (regressionFit = 36.027,162960, penalties=3.0500000000000004E-6) for clause:  medv(A) :- indus(A, 10), b(A, 1), ptratio(A, 10).  [covers 23,0/436,0 pos, 0,0/0,0 neg]
%     Score = -37.675,809903 (regressionFit = 37.675,809900, penalties=3.0700000000000003E-6) for clause:  medv(A) :- indus(A, 10), b(A, 1), lstat(A, 6).  [covers 11,0/436,0 pos, 0,0/0,0 neg]
%     Score = -38.496,866462 (regressionFit = 38.496,866459, penalties=3.0700000000000003E-6) for clause:  medv(A) :- indus(A, 10), b(A, 1), lstat(A, 5).  [covers 8,0/436,0 pos, 0,0/0,0 neg]

% The best node found: medv(A) :- rm(A, 3).  [covers 48,0/436,0 pos, 0,0/0,0 neg]

% The best node found: medv(A) :- rm(A, 3).  [covers 48,0/436,0 pos, 0,0/0,0 neg]
Setting 39.46875000000001 for 
 // Learned this clause on outer loop cycle #1.  It scores=-23.480,47 and has recall=0,11, precision=1,00, and F1=0,20 (using m-estimates).
 // It covers 11,0% of the positive examples, 48 of 436,
(medv(A) :- rm(A, 3))

% On cycle #1, the best clause found is:
%      medv(A) :- rm(A, 3).  [covers 48,0/436,0 pos, 0,0/0,0 neg]
% This clause covers 48 positive examples, of which 48 are newly covered.
% It also covers 0 negative examples, of which 0 are newly covered.
% The current set of 1 best clauses covers 11,0% of the positive examples and NaN% of the negatives.}

% Have these 10 positive seeds: 21 38 44 93 97 119 148 195 204 236

% target           = medv(A)
%     Score = -Infinity (regressionFit = Infinity, penalties=1.1E-7) for clause:  medv(_).  [covers 436,0/436,0 pos, 0,0/0,0 neg]
% Unacceptable due to being the root node.
% Most-general root: medv(_).  [covers 436,0/436,0 pos, 0,0/0,0 neg]  score = -Infinity
%     Score = -40.219,012172 (regressionFit = 40.219,012170, penalties=1.03E-6) for clause:  medv(A) :- crim(A, 3).  [covers 47,0/436,0 pos, 0,0/0,0 neg]
% Gleaner: New best node found (score = -40.219,012172): medv(A) :- crim(A, 3).  [covers 47,0/436,0 pos, 0,0/0,0 neg]
%     Score = -40.510,253280 (regressionFit = 40.510,253279, penalties=1.03E-6) for clause:  medv(A) :- crim(A, 5).  [covers 49,0/436,0 pos, 0,0/0,0 neg]
%     Score = -39.975,927656 (regressionFit = 39.975,927655, penalties=1.03E-6) for clause:  medv(A) :- crim(A, 7).  [covers 47,0/436,0 pos, 0,0/0,0 neg]
% Gleaner: New best node found (score = -39.975,927656): medv(A) :- crim(A, 7).  [covers 47,0/436,0 pos, 0,0/0,0 neg]
%     Score = -39.963,798925 (regressionFit = 39.963,798924, penalties=1.03E-6) for clause:  medv(A) :- crim(A, 2).  [covers 51,0/436,0 pos, 0,0/0,0 neg]
% Gleaner: New best node found (score = -39.963,798925): medv(A) :- crim(A, 2).  [covers 51,0/436,0 pos, 0,0/0,0 neg]
%     Score = -40.303,754501 (regressionFit = 40.303,754500, penalties=1.03E-6) for clause:  medv(A) :- crim(A, 1).  [covers 49,0/436,0 pos, 0,0/0,0 neg]
%     Score = -40.479,374282 (regressionFit = 40.479,374281, penalties=1.03E-6) for clause:  medv(A) :- crim(A, 4).  [covers 41,0/436,0 pos, 0,0/0,0 neg]
%     Score = -40.300,717412 (regressionFit = 40.300,717410, penalties=1.03E-6) for clause:  medv(A) :- zn(A, 0).  [covers 307,0/436,0 pos, 0,0/0,0 neg]
%     Score = -40.587,202577 (regressionFit = 40.587,202576, penalties=1.03E-6) for clause:  medv(A) :- zn(A, 45).  [covers 6,0/436,0 pos, 0,0/0,0 neg]
%     Score = -40.389,196201 (regressionFit = 40.389,196200, penalties=1.03E-6) for clause:  medv(A) :- zn(A, 40).  [covers 7,0/436,0 pos, 0,0/0,0 neg]
%     Score = -40.591,307371 (regressionFit = 40.591,307370, penalties=1.03E-6) for clause:  medv(A) :- zn(A, 80).  [covers 14,0/436,0 pos, 0,0/0,0 neg]
%     Score = -40.354,737021 (regressionFit = 40.354,737020, penalties=1.03E-6) for clause:  medv(A) :- indus(A, 6).  [covers 36,0/436,0 pos, 0,0/0,0 neg]
%     Score = -40.587,345623 (regressionFit = 40.587,345622, penalties=1.03E-6) for clause:  medv(A) :- indus(A, 8).  [covers 21,0/436,0 pos, 0,0/0,0 neg]
%     Score = -40.578,390555 (regressionFit = 40.578,390554, penalties=1.03E-6) for clause:  medv(A) :- indus(A, 1).  [covers 48,0/436,0 pos, 0,0/0,0 neg]
%     Score = -40.560,458881 (regressionFit = 40.560,458880, penalties=1.03E-6) for clause:  medv(A) :- indus(A, 4).  [covers 49,0/436,0 pos, 0,0/0,0 neg]
%     Score = -40.570,904518 (regressionFit = 40.570,904517, penalties=1.03E-6) for clause:  medv(A) :- indus(A, 2).  [covers 51,0/436,0 pos, 0,0/0,0 neg]
%     Score = -40.486,216582 (regressionFit = 40.486,216581, penalties=1.03E-6) for clause:  medv(A) :- chas(A, 0).  [covers 401,0/436,0 pos, 0,0/0,0 neg]
%     Score = -40.486,216582 (regressionFit = 40.486,216581, penalties=1.03E-6) for clause:  medv(A) :- chas(A, 1).  [covers 35,0/436,0 pos, 0,0/0,0 neg]
%     Score = -40.597,875361 (regressionFit = 40.597,875360, penalties=1.03E-6) for clause:  medv(A) :- nox(A, 1).  [covers 47,0/436,0 pos, 0,0/0,0 neg]
%     Score = -40.578,194354 (regressionFit = 40.578,194353, penalties=1.03E-6) for clause:  medv(A) :- nox(A, 8).  [covers 36,0/436,0 pos, 0,0/0,0 neg]
%     Score = -40.502,004368 (regressionFit = 40.502,004367, penalties=1.03E-6) for clause:  medv(A) :- nox(A, 4).  [covers 48,0/436,0 pos, 0,0/0,0 neg]
%     Score = -40.051,521084 (regressionFit = 40.051,521083, penalties=1.03E-6) for clause:  medv(A) :- nox(A, 5).  [covers 50,0/436,0 pos, 0,0/0,0 neg]
%     Score = -40.420,211046 (regressionFit = 40.420,211045, penalties=1.03E-6) for clause:  medv(A) :- nox(A, 3).  [covers 43,0/436,0 pos, 0,0/0,0 neg]
%     Score = -40.496,353419 (regressionFit = 40.496,353418, penalties=1.03E-6) for clause:  medv(A) :- nox(A, 2).  [covers 48,0/436,0 pos, 0,0/0,0 neg]
%     Score = -40.160,152002 (regressionFit = 40.160,152001, penalties=1.03E-6) for clause:  medv(A) :- nox(A, 6).  [covers 48,0/436,0 pos, 0,0/0,0 neg]
%     Score = -40.584,587847 (regressionFit = 40.584,587846, penalties=1.03E-6) for clause:  medv(A) :- rm(A, 8).  [covers 45,0/436,0 pos, 0,0/0,0 neg]
%     Score = -40.229,330846 (regressionFit = 40.229,330845, penalties=1.03E-6) for clause:  medv(A) :- rm(A, 10).  [covers 40,0/436,0 pos, 0,0/0,0 neg]
%     Score = -40.500,606268 (regressionFit = 40.500,606267, penalties=1.03E-6) for clause:  medv(A) :- rm(A, 6).  [covers 43,0/436,0 pos, 0,0/0,0 neg]
%     Score = -40.448,814726 (regressionFit = 40.448,814725, penalties=1.03E-6) for clause:  medv(A) :- rm(A, 7).  [covers 44,0/436,0 pos, 0,0/0,0 neg]
%     Score = -38.357,518997 (regressionFit = 38.357,518996, penalties=1.03E-6) for clause:  medv(A) :- rm(A, 1).  [covers 43,0/436,0 pos, 0,0/0,0 neg]
% Gleaner: New best node found (score = -38.357,518997): medv(A) :- rm(A, 1).  [covers 43,0/436,0 pos, 0,0/0,0 neg]
%     Score = -40.571,556085 (regressionFit = 40.571,556084, penalties=1.03E-6) for clause:  medv(A) :- rm(A, 5).  [covers 39,0/436,0 pos, 0,0/0,0 neg]
%     Score = -40.493,351050 (regressionFit = 40.493,351049, penalties=1.03E-6) for clause:  medv(A) :- rm(A, 2).  [covers 44,0/436,0 pos, 0,0/0,0 neg]
%     Score = -40.539,970609 (regressionFit = 40.539,970608, penalties=1.03E-6) for clause:  medv(A) :- age(A, 4).  [covers 37,0/436,0 pos, 0,0/0,0 neg]
%     Score = -40.509,176247 (regressionFit = 40.509,176246, penalties=1.03E-6) for clause:  medv(A) :- age(A, 5).  [covers 41,0/436,0 pos, 0,0/0,0 neg]
%     Score = -40.513,765766 (regressionFit = 40.513,765765, penalties=1.03E-6) for clause:  medv(A) :- age(A, 9).  [covers 40,0/436,0 pos, 0,0/0,0 neg]
%     Score = -39.705,871188 (regressionFit = 39.705,871187, penalties=1.03E-6) for clause:  medv(A) :- age(A, 8).  [covers 49,0/436,0 pos, 0,0/0,0 neg]
%     Score = -40.422,948089 (regressionFit = 40.422,948088, penalties=1.03E-6) for clause:  medv(A) :- age(A, 1).  [covers 43,0/436,0 pos, 0,0/0,0 neg]
%     Score = -40.299,980461 (regressionFit = 40.299,980460, penalties=1.03E-6) for clause:  medv(A) :- age(A, 2).  [covers 40,0/436,0 pos, 0,0/0,0 neg]
%     Score = -40.563,052762 (regressionFit = 40.563,052761, penalties=1.03E-6) for clause:  medv(A) :- dis(A, 7).  [covers 29,0/436,0 pos, 0,0/0,0 neg]
%     Score = -38.659,735908 (regressionFit = 38.659,735907, penalties=1.03E-6) for clause:  medv(A) :- dis(A, 9).  [covers 43,0/436,0 pos, 0,0/0,0 neg]
%     Score = -40.462,108448 (regressionFit = 40.462,108447, penalties=1.03E-6) for clause:  medv(A) :- dis(A, 6).  [covers 32,0/436,0 pos, 0,0/0,0 neg]
%     Score = -40.318,643820 (regressionFit = 40.318,643819, penalties=1.03E-6) for clause:  medv(A) :- dis(A, 2).  [covers 50,0/436,0 pos, 0,0/0,0 neg]
%     Score = -40.531,056213 (regressionFit = 40.531,056212, penalties=1.03E-6) for clause:  medv(A) :- dis(A, 1).  [covers 48,0/436,0 pos, 0,0/0,0 neg]
%     Score = -40.600,131987 (regressionFit = 40.600,131986, penalties=1.03E-6) for clause:  medv(A) :- dis(A, 4).  [covers 45,0/436,0 pos, 0,0/0,0 neg]
%     Score = -40.209,397203 (regressionFit = 40.209,397202, penalties=1.03E-6) for clause:  medv(A) :- dis(A, 5).  [covers 46,0/436,0 pos, 0,0/0,0 neg]
%     Score = -40.488,929676 (regressionFit = 40.488,929675, penalties=1.03E-6) for clause:  medv(A) :- rad(A, 6).  [covers 18,0/436,0 pos, 0,0/0,0 neg]
%     Score = -40.257,618099 (regressionFit = 40.257,618098, penalties=1.03E-6) for clause:  medv(A) :- rad(A, 4).  [covers 101,0/436,0 pos, 0,0/0,0 neg]
%     Score = -39.703,497100 (regressionFit = 39.703,497099, penalties=1.03E-6) for clause:  medv(A) :- rad(A, 3).  [covers 37,0/436,0 pos, 0,0/0,0 neg]
%     Score = -40.486,717644 (regressionFit = 40.486,717643, penalties=1.03E-6) for clause:  medv(A) :- rad(A, 5).  [covers 112,0/436,0 pos, 0,0/0,0 neg]
%     Score = -40.330,600428 (regressionFit = 40.330,600427, penalties=1.03E-6) for clause:  medv(A) :- rad(A, 8).  [covers 24,0/436,0 pos, 0,0/0,0 neg]
%     Score = -40.555,904181 (regressionFit = 40.555,904180, penalties=1.03E-6) for clause:  medv(A) :- rad(A, 1).  [covers 15,0/436,0 pos, 0,0/0,0 neg]
%     Score = -40.593,188637 (regressionFit = 40.593,188636, penalties=1.03E-6) for clause:  medv(A) :- tax(A, 432).  [covers 9,0/436,0 pos, 0,0/0,0 neg]
%     Score = -40.569,730548 (regressionFit = 40.569,730547, penalties=1.03E-6) for clause:  medv(A) :- tax(A, 437).  [covers 14,0/436,0 pos, 0,0/0,0 neg]
%     Score = -40.139,678879 (regressionFit = 40.139,678878, penalties=1.03E-6) for clause:  medv(A) :- tax(A, 193).  [covers 8,0/436,0 pos, 0,0/0,0 neg]
%     Score = -40.552,164921 (regressionFit = 40.552,164919, penalties=1.03E-6) for clause:  medv(A) :- tax(A, 398).  [covers 12,0/436,0 pos, 0,0/0,0 neg]
%     Score = -40.393,053709 (regressionFit = 40.393,053708, penalties=1.03E-6) for clause:  medv(A) :- tax(A, 277).  [covers 11,0/436,0 pos, 0,0/0,0 neg]
%     Score = -40.104,119057 (regressionFit = 40.104,119056, penalties=1.03E-6) for clause:  medv(A) :- tax(A, 307).  [covers 39,0/436,0 pos, 0,0/0,0 neg]
%     Score = -40.460,751095 (regressionFit = 40.460,751094, penalties=1.03E-6) for clause:  medv(A) :- tax(A, 254).  [covers 5,0/436,0 pos, 0,0/0,0 neg]
%     Score = -Infinity (regressionFit = Infinity, penalties=1.03E-6) for clause:  medv(A) :- tax(A, 241).  [covers 1,0/436,0 pos, 0,0/0,0 neg]
%     Score = -40.578,664008 (regressionFit = 40.578,664007, penalties=1.03E-6) for clause:  medv(A) :- tax(A, 304).  [covers 14,0/436,0 pos, 0,0/0,0 neg]
%     Score = -40.381,400456 (regressionFit = 40.381,400455, penalties=1.03E-6) for clause:  medv(A) :- ptratio(A, 2).  [covers 47,0/436,0 pos, 0,0/0,0 neg]
%     Score = -40.578,112526 (regressionFit = 40.578,112525, penalties=1.03E-6) for clause:  medv(A) :- ptratio(A, 7).  [covers 16,0/436,0 pos, 0,0/0,0 neg]
%     Score = -40.080,741565 (regressionFit = 40.080,741564, penalties=1.03E-6) for clause:  medv(A) :- ptratio(A, 1).  [covers 45,0/436,0 pos, 0,0/0,0 neg]
%     Score = -40.182,219205 (regressionFit = 40.182,219204, penalties=1.03E-6) for clause:  medv(A) :- ptratio(A, 3).  [covers 51,0/436,0 pos, 0,0/0,0 neg]
%     Score = -40.512,992818 (regressionFit = 40.512,992817, penalties=1.03E-6) for clause:  medv(A) :- ptratio(A, 6).  [covers 48,0/436,0 pos, 0,0/0,0 neg]
%     Score = -40.586,334505 (regressionFit = 40.586,334504, penalties=1.03E-6) for clause:  medv(A) :- b(A, 9).  [covers 41,0/436,0 pos, 0,0/0,0 neg]
%     Score = -40.600,067950 (regressionFit = 40.600,067949, penalties=1.03E-6) for clause:  medv(A) :- b(A, 5).  [covers 46,0/436,0 pos, 0,0/0,0 neg]
%     Score = -40.590,955570 (regressionFit = 40.590,955569, penalties=1.03E-6) for clause:  medv(A) :- b(A, 1).  [covers 102,0/436,0 pos, 0,0/0,0 neg]
%     Score = -40.559,480537 (regressionFit = 40.559,480536, penalties=1.03E-6) for clause:  medv(A) :- b(A, 6).  [covers 47,0/436,0 pos, 0,0/0,0 neg]
%     Score = -40.360,349226 (regressionFit = 40.360,349225, penalties=1.03E-6) for clause:  medv(A) :- b(A, 4).  [covers 27,0/436,0 pos, 0,0/0,0 neg]
%     Score = -40.570,006260 (regressionFit = 40.570,006259, penalties=1.03E-6) for clause:  medv(A) :- lstat(A, 10).  [covers 38,0/436,0 pos, 0,0/0,0 neg]
%     Score = -40.482,013130 (regressionFit = 40.482,013129, penalties=1.03E-6) for clause:  medv(A) :- lstat(A, 8).  [covers 44,0/436,0 pos, 0,0/0,0 neg]
%     Score = -39.816,647522 (regressionFit = 39.816,647521, penalties=1.03E-6) for clause:  medv(A) :- lstat(A, 5).  [covers 39,0/436,0 pos, 0,0/0,0 neg]
%     Score = -40.587,811717 (regressionFit = 40.587,811716, penalties=1.03E-6) for clause:  medv(A) :- lstat(A, 3).  [covers 51,0/436,0 pos, 0,0/0,0 neg]
%     Score = -39.578,437231 (regressionFit = 39.578,437230, penalties=1.03E-6) for clause:  medv(A) :- lstat(A, 2).  [covers 45,0/436,0 pos, 0,0/0,0 neg]
%     Score = -40.481,680220 (regressionFit = 40.481,680219, penalties=1.03E-6) for clause:  medv(A) :- lstat(A, 9).  [covers 46,0/436,0 pos, 0,0/0,0 neg]
%     Score = -40.485,270544 (regressionFit = 40.485,270543, penalties=1.03E-6) for clause:  medv(A) :- lstat(A, 4).  [covers 42,0/436,0 pos, 0,0/0,0 neg]
%     Score = -40.036,845726 (regressionFit = 40.036,845724, penalties=2.0500000000000003E-6) for clause:  medv(A) :- rm(A, 1), crim(A, 3).  [covers 7,0/436,0 pos, 0,0/0,0 neg]
%     Score = -40.306,167512 (regressionFit = 40.306,167510, penalties=2.0500000000000003E-6) for clause:  medv(A) :- rm(A, 1), crim(A, 7).  [covers 5,0/436,0 pos, 0,0/0,0 neg]
%     Score = -Infinity (regressionFit = Infinity, penalties=2.0500000000000003E-6) for clause:  medv(A) :- rm(A, 1), zn(A, 45).  [covers 2,0/436,0 pos, 0,0/0,0 neg]
%     Score = -39.603,742495 (regressionFit = 39.603,742493, penalties=2.0500000000000003E-6) for clause:  medv(A) :- rm(A, 1), zn(A, 0).  [covers 23,0/436,0 pos, 0,0/0,0 neg]
%     Score = -39.988,836029 (regressionFit = 39.988,836027, penalties=2.0500000000000003E-6) for clause:  medv(A) :- rm(A, 1), indus(A, 4).  [covers 7,0/436,0 pos, 0,0/0,0 neg]
%     Score = -40.191,020874 (regressionFit = 40.191,020872, penalties=2.0500000000000003E-6) for clause:  medv(A) :- rm(A, 1), indus(A, 2).  [covers 6,0/436,0 pos, 0,0/0,0 neg]
%     Score = -38.918,512931 (regressionFit = 38.918,512929, penalties=2.0500000000000003E-6) for clause:  medv(A) :- rm(A, 1), chas(A, 0).  [covers 40,0/436,0 pos, 0,0/0,0 neg]
%     Score = -39.838,009819 (regressionFit = 39.838,009817, penalties=2.0300000000000005E-6) for clause:  medv(A) :- rm(A, 1), chas(A, 1).  [covers 3,0/436,0 pos, 0,0/0,0 neg]
%     Score = -39.943,260889 (regressionFit = 39.943,260887, penalties=2.0500000000000003E-6) for clause:  medv(A) :- rm(A, 1), nox(A, 5).  [covers 11,0/436,0 pos, 0,0/0,0 neg]
%     Score = -40.262,438316 (regressionFit = 40.262,438314, penalties=2.0500000000000003E-6) for clause:  medv(A) :- rm(A, 1), nox(A, 3).  [covers 6,0/436,0 pos, 0,0/0,0 neg]
%     Score = -39.896,438860 (regressionFit = 39.896,438858, penalties=2.0500000000000003E-6) for clause:  medv(A) :- rm(A, 1), age(A, 8).  [covers 9,0/436,0 pos, 0,0/0,0 neg]
%     Score = -40.444,277256 (regressionFit = 40.444,277254, penalties=2.0500000000000003E-6) for clause:  medv(A) :- rm(A, 1), age(A, 4).  [covers 3,0/436,0 pos, 0,0/0,0 neg]
%     Score = -40.186,016362 (regressionFit = 40.186,016360, penalties=2.0500000000000003E-6) for clause:  medv(A) :- rm(A, 1), dis(A, 2).  [covers 6,0/436,0 pos, 0,0/0,0 neg]
%     Score = -39.936,867923 (regressionFit = 39.936,867921, penalties=2.0500000000000003E-6) for clause:  medv(A) :- rm(A, 1), dis(A, 4).  [covers 8,0/436,0 pos, 0,0/0,0 neg]
%     Score = -39.927,645552 (regressionFit = 39.927,645550, penalties=2.0500000000000003E-6) for clause:  medv(A) :- rm(A, 1), rad(A, 5).  [covers 8,0/436,0 pos, 0,0/0,0 neg]
%     Score = -40.187,611710 (regressionFit = 40.187,611708, penalties=2.0500000000000003E-6) for clause:  medv(A) :- rm(A, 1), rad(A, 8).  [covers 4,0/436,0 pos, 0,0/0,0 neg]
%     Score = -Infinity (regressionFit = Infinity, penalties=2.0500000000000003E-6) for clause:  medv(A) :- rm(A, 1), tax(A, 398).  [covers 2,0/436,0 pos, 0,0/0,0 neg]
%     Score = -40.232,654843 (regressionFit = 40.232,654841, penalties=2.0500000000000003E-6) for clause:  medv(A) :- rm(A, 1), tax(A, 307).  [covers 5,0/436,0 pos, 0,0/0,0 neg]
%     Score = -40.091,519911 (regressionFit = 40.091,519909, penalties=2.0300000000000005E-6) for clause:  medv(A) :- rm(A, 1), ptratio(A, 1).  [covers 9,0/436,0 pos, 0,0/0,0 neg]
%     Score = -39.866,917432 (regressionFit = 39.866,917430, penalties=2.0500000000000003E-6) for clause:  medv(A) :- rm(A, 1), ptratio(A, 6).  [covers 10,0/436,0 pos, 0,0/0,0 neg]
%     Score = -40.249,699113 (regressionFit = 40.249,699111, penalties=2.0500000000000003E-6) for clause:  medv(A) :- rm(A, 1), b(A, 5).  [covers 5,0/436,0 pos, 0,0/0,0 neg]
%     Score = -40.505,845622 (regressionFit = 40.505,845620, penalties=2.0500000000000003E-6) for clause:  medv(A) :- rm(A, 1), b(A, 9).  [covers 4,0/436,0 pos, 0,0/0,0 neg]
%     Score = -39.360,861670 (regressionFit = 39.360,861668, penalties=2.0500000000000003E-6) for clause:  medv(A) :- rm(A, 1), lstat(A, 3).  [covers 7,0/436,0 pos, 0,0/0,0 neg]
%     Score = -40.364,505799 (regressionFit = 40.364,505797, penalties=2.0500000000000003E-6) for clause:  medv(A) :- rm(A, 1), lstat(A, 2).  [covers 7,0/436,0 pos, 0,0/0,0 neg]
%     Score = -40.436,476227 (regressionFit = 40.436,476225, penalties=2.0500000000000003E-6) for clause:  medv(A) :- dis(A, 9), crim(A, 7).  [covers 5,0/436,0 pos, 0,0/0,0 neg]
%     Score = -39.244,954723 (regressionFit = 39.244,954721, penalties=2.0500000000000003E-6) for clause:  medv(A) :- dis(A, 9), zn(A, 0).  [covers 40,0/436,0 pos, 0,0/0,0 neg]
%     Score = -40.580,509246 (regressionFit = 40.580,509244, penalties=2.0500000000000003E-6) for clause:  medv(A) :- dis(A, 9), indus(A, 8).  [covers 6,0/436,0 pos, 0,0/0,0 neg]
%     Score = -38.953,507769 (regressionFit = 38.953,507767, penalties=2.0500000000000003E-6) for clause:  medv(A) :- dis(A, 9), chas(A, 0).  [covers 38,0/436,0 pos, 0,0/0,0 neg]
%     Score = -40.103,064889 (regressionFit = 40.103,064887, penalties=2.0500000000000003E-6) for clause:  medv(A) :- dis(A, 9), nox(A, 8).  [covers 7,0/436,0 pos, 0,0/0,0 neg]
%     Score = -40.478,878238 (regressionFit = 40.478,878236, penalties=2.0500000000000003E-6) for clause:  medv(A) :- dis(A, 9), rm(A, 6).  [covers 6,0/436,0 pos, 0,0/0,0 neg]
%     Score = -40.547,051571 (regressionFit = 40.547,051569, penalties=2.0500000000000003E-6) for clause:  medv(A) :- dis(A, 9), age(A, 5).  [covers 11,0/436,0 pos, 0,0/0,0 neg]
%     Score = -40.590,615413 (regressionFit = 40.590,615411, penalties=2.0500000000000003E-6) for clause:  medv(A) :- dis(A, 9), rad(A, 4).  [covers 4,0/436,0 pos, 0,0/0,0 neg]
%     Score = -40.590,615413 (regressionFit = 40.590,615411, penalties=2.0500000000000003E-6) for clause:  medv(A) :- dis(A, 9), tax(A, 437).  [covers 4,0/436,0 pos, 0,0/0,0 neg]
%     Score = -40.590,615413 (regressionFit = 40.590,615411, penalties=2.0500000000000003E-6) for clause:  medv(A) :- dis(A, 9), ptratio(A, 7).  [covers 4,0/436,0 pos, 0,0/0,0 neg]
%     Score = -40.290,577397 (regressionFit = 40.290,577395, penalties=2.0500000000000003E-6) for clause:  medv(A) :- dis(A, 9), b(A, 1).  [covers 9,0/436,0 pos, 0,0/0,0 neg]
%     Score = -39.929,995836 (regressionFit = 39.929,995834, penalties=2.0500000000000003E-6) for clause:  medv(A) :- dis(A, 9), lstat(A, 5).  [covers 11,0/436,0 pos, 0,0/0,0 neg]
%     Score = -40.036,845727 (regressionFit = 40.036,845724, penalties=3.0700000000000003E-6) for clause:  medv(A) :- rm(A, 1), chas(A, 0), crim(A, 3).  [covers 7,0/436,0 pos, 0,0/0,0 neg]
%     Score = -Infinity (regressionFit = Infinity, penalties=3.0700000000000003E-6) for clause:  medv(A) :- rm(A, 1), chas(A, 0), zn(A, 45).  [covers 2,0/436,0 pos, 0,0/0,0 neg]
%     Score = -39.988,836030 (regressionFit = 39.988,836027, penalties=3.0700000000000003E-6) for clause:  medv(A) :- rm(A, 1), chas(A, 0), indus(A, 4).  [covers 7,0/436,0 pos, 0,0/0,0 neg]
%     Score = -39.943,260890 (regressionFit = 39.943,260887, penalties=3.0700000000000003E-6) for clause:  medv(A) :- rm(A, 1), chas(A, 0), nox(A, 5).  [covers 11,0/436,0 pos, 0,0/0,0 neg]
%     Score = -39.896,438861 (regressionFit = 39.896,438858, penalties=3.0700000000000003E-6) for clause:  medv(A) :- rm(A, 1), chas(A, 0), age(A, 8).  [covers 9,0/436,0 pos, 0,0/0,0 neg]
%     Score = -40.186,016363 (regressionFit = 40.186,016360, penalties=3.0700000000000003E-6) for clause:  medv(A) :- rm(A, 1), chas(A, 0), dis(A, 2).  [covers 6,0/436,0 pos, 0,0/0,0 neg]
%     Score = -39.927,645553 (regressionFit = 39.927,645550, penalties=3.0700000000000003E-6) for clause:  medv(A) :- rm(A, 1), chas(A, 0), rad(A, 5).  [covers 8,0/436,0 pos, 0,0/0,0 neg]
%     Score = -Infinity (regressionFit = Infinity, penalties=3.0700000000000003E-6) for clause:  medv(A) :- rm(A, 1), chas(A, 0), tax(A, 398).  [covers 2,0/436,0 pos, 0,0/0,0 neg]
%     Score = -40.091,519912 (regressionFit = 40.091,519909, penalties=3.0500000000000004E-6) for clause:  medv(A) :- rm(A, 1), chas(A, 0), ptratio(A, 1).  [covers 9,0/436,0 pos, 0,0/0,0 neg]
%     Score = -40.249,699114 (regressionFit = 40.249,699111, penalties=3.0700000000000003E-6) for clause:  medv(A) :- rm(A, 1), chas(A, 0), b(A, 5).  [covers 5,0/436,0 pos, 0,0/0,0 neg]
%     Score = -39.967,113898 (regressionFit = 39.967,113895, penalties=3.0700000000000003E-6) for clause:  medv(A) :- rm(A, 1), chas(A, 0), lstat(A, 3).  [covers 6,0/436,0 pos, 0,0/0,0 neg]
%     Score = -40.436,476228 (regressionFit = 40.436,476225, penalties=3.0700000000000003E-6) for clause:  medv(A) :- dis(A, 9), chas(A, 0), crim(A, 7).  [covers 5,0/436,0 pos, 0,0/0,0 neg]
%     Score = -39.517,988797 (regressionFit = 39.517,988794, penalties=3.0500000000000004E-6) for clause:  medv(A) :- dis(A, 9), chas(A, 0), zn(A, 0).  [covers 35,0/436,0 pos, 0,0/0,0 neg]
%     Score = -40.580,509247 (regressionFit = 40.580,509244, penalties=3.0700000000000003E-6) for clause:  medv(A) :- dis(A, 9), chas(A, 0), indus(A, 8).  [covers 6,0/436,0 pos, 0,0/0,0 neg]
%     Score = -40.103,064890 (regressionFit = 40.103,064887, penalties=3.0700000000000003E-6) for clause:  medv(A) :- dis(A, 9), chas(A, 0), nox(A, 8).  [covers 7,0/436,0 pos, 0,0/0,0 neg]
%     Score = -40.480,700414 (regressionFit = 40.480,700411, penalties=3.0700000000000003E-6) for clause:  medv(A) :- dis(A, 9), chas(A, 0), rm(A, 6).  [covers 4,0/436,0 pos, 0,0/0,0 neg]
%     Score = -40.550,408578 (regressionFit = 40.550,408575, penalties=3.0700000000000003E-6) for clause:  medv(A) :- dis(A, 9), chas(A, 0), age(A, 5).  [covers 10,0/436,0 pos, 0,0/0,0 neg]
%     Score = -40.590,615414 (regressionFit = 40.590,615411, penalties=3.0700000000000003E-6) for clause:  medv(A) :- dis(A, 9), chas(A, 0), rad(A, 4).  [covers 4,0/436,0 pos, 0,0/0,0 neg]
%     Score = -40.590,615414 (regressionFit = 40.590,615411, penalties=3.0700000000000003E-6) for clause:  medv(A) :- dis(A, 9), chas(A, 0), tax(A, 437).  [covers 4,0/436,0 pos, 0,0/0,0 neg]
%     Score = -40.590,615414 (regressionFit = 40.590,615411, penalties=3.0700000000000003E-6) for clause:  medv(A) :- dis(A, 9), chas(A, 0), ptratio(A, 7).  [covers 4,0/436,0 pos, 0,0/0,0 neg]
%     Score = -40.290,577398 (regressionFit = 40.290,577395, penalties=3.0700000000000003E-6) for clause:  medv(A) :- dis(A, 9), chas(A, 0), b(A, 1).  [covers 9,0/436,0 pos, 0,0/0,0 neg]
%     Score = -39.929,995837 (regressionFit = 39.929,995834, penalties=3.0700000000000003E-6) for clause:  medv(A) :- dis(A, 9), chas(A, 0), lstat(A, 5).  [covers 11,0/436,0 pos, 0,0/0,0 neg]
%     Score = -40.588,997475 (regressionFit = 40.588,997472, penalties=3.0700000000000003E-6) for clause:  medv(A) :- dis(A, 9), zn(A, 0), crim(A, 7).  [covers 4,0/436,0 pos, 0,0/0,0 neg]
%     Score = -40.580,509247 (regressionFit = 40.580,509244, penalties=3.0700000000000003E-6) for clause:  medv(A) :- dis(A, 9), zn(A, 0), indus(A, 8).  [covers 6,0/436,0 pos, 0,0/0,0 neg]
%     Score = -39.517,988797 (regressionFit = 39.517,988794, penalties=3.0500000000000004E-6) for clause:  medv(A) :- dis(A, 9), zn(A, 0), chas(A, 0).  [covers 35,0/436,0 pos, 0,0/0,0 neg]
%     Score = -40.590,615414 (regressionFit = 40.590,615411, penalties=3.0700000000000003E-6) for clause:  medv(A) :- dis(A, 9), zn(A, 0), nox(A, 8).  [covers 4,0/436,0 pos, 0,0/0,0 neg]
%     Score = -40.478,878239 (regressionFit = 40.478,878236, penalties=3.0700000000000003E-6) for clause:  medv(A) :- dis(A, 9), zn(A, 0), rm(A, 6).  [covers 6,0/436,0 pos, 0,0/0,0 neg]
%     Score = -40.547,051572 (regressionFit = 40.547,051569, penalties=3.0700000000000003E-6) for clause:  medv(A) :- dis(A, 9), zn(A, 0), age(A, 5).  [covers 11,0/436,0 pos, 0,0/0,0 neg]
%     Score = -40.590,615414 (regressionFit = 40.590,615411, penalties=3.0700000000000003E-6) for clause:  medv(A) :- dis(A, 9), zn(A, 0), rad(A, 4).  [covers 4,0/436,0 pos, 0,0/0,0 neg]
%     Score = -40.590,615414 (regressionFit = 40.590,615411, penalties=3.0700000000000003E-6) for clause:  medv(A) :- dis(A, 9), zn(A, 0), tax(A, 437).  [covers 4,0/436,0 pos, 0,0/0,0 neg]
%     Score = -40.590,615414 (regressionFit = 40.590,615411, penalties=3.0700000000000003E-6) for clause:  medv(A) :- dis(A, 9), zn(A, 0), ptratio(A, 7).  [covers 4,0/436,0 pos, 0,0/0,0 neg]
%     Score = -40.290,577398 (regressionFit = 40.290,577395, penalties=3.0700000000000003E-6) for clause:  medv(A) :- dis(A, 9), zn(A, 0), b(A, 1).  [covers 9,0/436,0 pos, 0,0/0,0 neg]
%     Score = -39.929,995837 (regressionFit = 39.929,995834, penalties=3.0700000000000003E-6) for clause:  medv(A) :- dis(A, 9), zn(A, 0), lstat(A, 5).  [covers 11,0/436,0 pos, 0,0/0,0 neg]
%     Score = -Infinity (regressionFit = Infinity, penalties=3.0500000000000004E-6) for clause:  medv(A) :- rm(A, 1), lstat(A, 3), crim(A, 3).  [covers 1,0/436,0 pos, 0,0/0,0 neg]
%     Score = -Infinity (regressionFit = Infinity, penalties=3.0700000000000003E-6) for clause:  medv(A) :- rm(A, 1), lstat(A, 3), zn(A, 45).  [covers 1,0/436,0 pos, 0,0/0,0 neg]
%     Score = -40.229,051298 (regressionFit = 40.229,051295, penalties=3.0700000000000003E-6) for clause:  medv(A) :- rm(A, 1), lstat(A, 3), indus(A, 4).  [covers 3,0/436,0 pos, 0,0/0,0 neg]
%     Score = -39.967,113898 (regressionFit = 39.967,113895, penalties=3.0700000000000003E-6) for clause:  medv(A) :- rm(A, 1), lstat(A, 3), chas(A, 0).  [covers 6,0/436,0 pos, 0,0/0,0 neg]
%     Score = -Infinity (regressionFit = Infinity, penalties=3.0700000000000003E-6) for clause:  medv(A) :- rm(A, 1), lstat(A, 3), nox(A, 5).  [covers 2,0/436,0 pos, 0,0/0,0 neg]
%     Score = -Infinity (regressionFit = Infinity, penalties=3.0700000000000003E-6) for clause:  medv(A) :- rm(A, 1), lstat(A, 3), age(A, 8).  [covers 2,0/436,0 pos, 0,0/0,0 neg]
%     Score = -Infinity (regressionFit = Infinity, penalties=3.0700000000000003E-6) for clause:  medv(A) :- rm(A, 1), lstat(A, 3), dis(A, 2).  [covers 2,0/436,0 pos, 0,0/0,0 neg]
%     Score = -Infinity (regressionFit = Infinity, penalties=3.0700000000000003E-6) for clause:  medv(A) :- rm(A, 1), lstat(A, 3), rad(A, 5).  [covers 2,0/436,0 pos, 0,0/0,0 neg]
%     Score = -Infinity (regressionFit = Infinity, penalties=3.0700000000000003E-6) for clause:  medv(A) :- rm(A, 1), lstat(A, 3), tax(A, 398).  [covers 1,0/436,0 pos, 0,0/0,0 neg]
%     Score = -Infinity (regressionFit = Infinity, penalties=3.0500000000000004E-6) for clause:  medv(A) :- rm(A, 1), lstat(A, 3), ptratio(A, 1).  [covers 2,0/436,0 pos, 0,0/0,0 neg]
%     Score = -40.190,133208 (regressionFit = 40.190,133205, penalties=3.0700000000000003E-6) for clause:  medv(A) :- rm(A, 1), lstat(A, 3), b(A, 5).  [covers 3,0/436,0 pos, 0,0/0,0 neg]
%     Score = -40.599,644066 (regressionFit = 40.599,644064, penalties=2.0500000000000003E-6) for clause:  medv(A) :- lstat(A, 2), crim(A, 7).  [covers 5,0/436,0 pos, 0,0/0,0 neg]
%     Score = -39.519,884882 (regressionFit = 39.519,884880, penalties=2.0500000000000003E-6) for clause:  medv(A) :- lstat(A, 2), zn(A, 0).  [covers 24,0/436,0 pos, 0,0/0,0 neg]
%     Score = -40.471,629886 (regressionFit = 40.471,629884, penalties=2.0300000000000005E-6) for clause:  medv(A) :- lstat(A, 2), indus(A, 2).  [covers 8,0/436,0 pos, 0,0/0,0 neg]
%     Score = -Infinity (regressionFit = Infinity, penalties=2.0500000000000003E-6) for clause:  medv(A) :- lstat(A, 2), chas(A, 1).  [covers 2,0/436,0 pos, 0,0/0,0 neg]
%     Score = -40.510,750238 (regressionFit = 40.510,750236, penalties=2.0500000000000003E-6) for clause:  medv(A) :- lstat(A, 2), nox(A, 3).  [covers 6,0/436,0 pos, 0,0/0,0 neg]
%     Score = -Infinity (regressionFit = Infinity, penalties=2.0500000000000003E-6) for clause:  medv(A) :- lstat(A, 2), age(A, 4).  [covers 2,0/436,0 pos, 0,0/0,0 neg]
%     Score = -40.393,105587 (regressionFit = 40.393,105585, penalties=2.0500000000000003E-6) for clause:  medv(A) :- lstat(A, 2), dis(A, 4).  [covers 6,0/436,0 pos, 0,0/0,0 neg]
%     Score = -40.501,439996 (regressionFit = 40.501,439994, penalties=2.0500000000000003E-6) for clause:  medv(A) :- lstat(A, 2), rad(A, 8).  [covers 3,0/436,0 pos, 0,0/0,0 neg]
%     Score = -40.544,747186 (regressionFit = 40.544,747184, penalties=2.0500000000000003E-6) for clause:  medv(A) :- lstat(A, 2), tax(A, 307).  [covers 3,0/436,0 pos, 0,0/0,0 neg]
%     Score = -40.479,848923 (regressionFit = 40.479,848921, penalties=2.0500000000000003E-6) for clause:  medv(A) :- lstat(A, 2), ptratio(A, 6).  [covers 7,0/436,0 pos, 0,0/0,0 neg]
%     Score = -39.879,692265 (regressionFit = 39.879,692263, penalties=2.0500000000000003E-6) for clause:  medv(A) :- lstat(A, 2), b(A, 9).  [covers 4,0/436,0 pos, 0,0/0,0 neg]
%     Score = -40.492,013423 (regressionFit = 40.492,013420, penalties=3.0700000000000003E-6) for clause:  medv(A) :- lstat(A, 2), zn(A, 0), crim(A, 7).  [covers 3,0/436,0 pos, 0,0/0,0 neg]
%     Score = -40.523,126833 (regressionFit = 40.523,126830, penalties=3.0500000000000004E-6) for clause:  medv(A) :- lstat(A, 2), zn(A, 0), indus(A, 2).  [covers 3,0/436,0 pos, 0,0/0,0 neg]
%     Score = -Infinity (regressionFit = Infinity, penalties=3.0700000000000003E-6) for clause:  medv(A) :- lstat(A, 2), zn(A, 0), chas(A, 1).  [covers 2,0/436,0 pos, 0,0/0,0 neg]
%     Score = -40.510,750239 (regressionFit = 40.510,750236, penalties=3.0700000000000003E-6) for clause:  medv(A) :- lstat(A, 2), zn(A, 0), nox(A, 3).  [covers 6,0/436,0 pos, 0,0/0,0 neg]
%     Score = -40.483,156086 (regressionFit = 40.483,156083, penalties=3.0700000000000003E-6) for clause:  medv(A) :- lstat(A, 2), zn(A, 0), rm(A, 1).  [covers 4,0/436,0 pos, 0,0/0,0 neg]
%     Score = -Infinity (regressionFit = Infinity, penalties=3.0700000000000003E-6) for clause:  medv(A) :- lstat(A, 2), zn(A, 0), age(A, 4).  [covers 2,0/436,0 pos, 0,0/0,0 neg]
%     Score = -40.485,319697 (regressionFit = 40.485,319694, penalties=3.0700000000000003E-6) for clause:  medv(A) :- lstat(A, 2), zn(A, 0), dis(A, 4).  [covers 4,0/436,0 pos, 0,0/0,0 neg]
%     Score = -Infinity (regressionFit = Infinity, penalties=3.0700000000000003E-6) for clause:  medv(A) :- lstat(A, 2), zn(A, 0), rad(A, 8).  [covers 1,0/436,0 pos, 0,0/0,0 neg]
%     Score = -40.544,747187 (regressionFit = 40.544,747184, penalties=3.0700000000000003E-6) for clause:  medv(A) :- lstat(A, 2), zn(A, 0), tax(A, 307).  [covers 3,0/436,0 pos, 0,0/0,0 neg]
%     Score = -40.514,774316 (regressionFit = 40.514,774313, penalties=3.0700000000000003E-6) for clause:  medv(A) :- lstat(A, 2), zn(A, 0), ptratio(A, 6).  [covers 3,0/436,0 pos, 0,0/0,0 neg]
%     Score = -Infinity (regressionFit = Infinity, penalties=3.0700000000000003E-6) for clause:  medv(A) :- lstat(A, 2), zn(A, 0), b(A, 9).  [covers 2,0/436,0 pos, 0,0/0,0 neg]
%     Score = -40.306,167513 (regressionFit = 40.306,167510, penalties=3.0700000000000003E-6) for clause:  medv(A) :- rm(A, 1), zn(A, 0), crim(A, 7).  [covers 5,0/436,0 pos, 0,0/0,0 neg]
%     Score = -40.187,611711 (regressionFit = 40.187,611708, penalties=3.0700000000000003E-6) for clause:  medv(A) :- rm(A, 1), zn(A, 0), indus(A, 2).  [covers 4,0/436,0 pos, 0,0/0,0 neg]
%     Score = -39.838,009820 (regressionFit = 39.838,009817, penalties=3.0500000000000004E-6) for clause:  medv(A) :- rm(A, 1), zn(A, 0), chas(A, 1).  [covers 3,0/436,0 pos, 0,0/0,0 neg]
%     Score = -40.262,438317 (regressionFit = 40.262,438314, penalties=3.0700000000000003E-6) for clause:  medv(A) :- rm(A, 1), zn(A, 0), nox(A, 3).  [covers 6,0/436,0 pos, 0,0/0,0 neg]
%     Score = -Infinity (regressionFit = Infinity, penalties=3.0700000000000003E-6) for clause:  medv(A) :- rm(A, 1), zn(A, 0), age(A, 4).  [covers 2,0/436,0 pos, 0,0/0,0 neg]
%     Score = -40.031,406326 (regressionFit = 40.031,406323, penalties=3.0700000000000003E-6) for clause:  medv(A) :- rm(A, 1), zn(A, 0), dis(A, 4).  [covers 7,0/436,0 pos, 0,0/0,0 neg]
%     Score = -40.187,611711 (regressionFit = 40.187,611708, penalties=3.0700000000000003E-6) for clause:  medv(A) :- rm(A, 1), zn(A, 0), rad(A, 8).  [covers 4,0/436,0 pos, 0,0/0,0 neg]
%     Score = -40.232,654845 (regressionFit = 40.232,654841, penalties=3.0700000000000003E-6) for clause:  medv(A) :- rm(A, 1), zn(A, 0), tax(A, 307).  [covers 5,0/436,0 pos, 0,0/0,0 neg]
%     Score = -40.073,507782 (regressionFit = 40.073,507779, penalties=3.0700000000000003E-6) for clause:  medv(A) :- rm(A, 1), zn(A, 0), ptratio(A, 6).  [covers 5,0/436,0 pos, 0,0/0,0 neg]
%     Score = -40.505,845623 (regressionFit = 40.505,845620, penalties=3.0700000000000003E-6) for clause:  medv(A) :- rm(A, 1), zn(A, 0), b(A, 9).  [covers 4,0/436,0 pos, 0,0/0,0 neg]
%     Score = -40.483,156086 (regressionFit = 40.483,156083, penalties=3.0700000000000003E-6) for clause:  medv(A) :- rm(A, 1), zn(A, 0), lstat(A, 2).  [covers 4,0/436,0 pos, 0,0/0,0 neg]
%     Score = -40.262,581115 (regressionFit = 40.262,581113, penalties=2.0500000000000003E-6) for clause:  medv(A) :- rad(A, 3), crim(A, 2).  [covers 7,0/436,0 pos, 0,0/0,0 neg]
%     Score = -39.830,773986 (regressionFit = 39.830,773984, penalties=2.0500000000000003E-6) for clause:  medv(A) :- rad(A, 3), zn(A, 0).  [covers 26,0/436,0 pos, 0,0/0,0 neg]
%     Score = -39.215,352054 (regressionFit = 39.215,352052, penalties=2.0500000000000003E-6) for clause:  medv(A) :- rad(A, 3), indus(A, 1).  [covers 13,0/436,0 pos, 0,0/0,0 neg]
%     Score = -39.413,510590 (regressionFit = 39.413,510588, penalties=2.0500000000000003E-6) for clause:  medv(A) :- rad(A, 3), chas(A, 0).  [covers 35,0/436,0 pos, 0,0/0,0 neg]
%     Score = -40.139,678880 (regressionFit = 40.139,678878, penalties=2.0500000000000003E-6) for clause:  medv(A) :- rad(A, 3), nox(A, 4).  [covers 8,0/436,0 pos, 0,0/0,0 neg]
%     Score = -40.575,778376 (regressionFit = 40.575,778374, penalties=2.0500000000000003E-6) for clause:  medv(A) :- rad(A, 3), rm(A, 7).  [covers 4,0/436,0 pos, 0,0/0,0 neg]
%     Score = -Infinity (regressionFit = Infinity, penalties=2.0500000000000003E-6) for clause:  medv(A) :- rad(A, 3), age(A, 9).  [covers 1,0/436,0 pos, 0,0/0,0 neg]
%     Score = -40.427,484966 (regressionFit = 40.427,484964, penalties=2.0500000000000003E-6) for clause:  medv(A) :- rad(A, 3), dis(A, 6).  [covers 6,0/436,0 pos, 0,0/0,0 neg]
%     Score = -40.139,678880 (regressionFit = 40.139,678878, penalties=2.0500000000000003E-6) for clause:  medv(A) :- rad(A, 3), tax(A, 193).  [covers 8,0/436,0 pos, 0,0/0,0 neg]
%     Score = -40.224,949565 (regressionFit = 40.224,949563, penalties=2.0500000000000003E-6) for clause:  medv(A) :- rad(A, 3), ptratio(A, 2).  [covers 17,0/436,0 pos, 0,0/0,0 neg]
%     Score = -40.584,002548 (regressionFit = 40.584,002546, penalties=2.0500000000000003E-6) for clause:  medv(A) :- rad(A, 3), b(A, 6).  [covers 5,0/436,0 pos, 0,0/0,0 neg]
%     Score = -40.571,106085 (regressionFit = 40.571,106083, penalties=2.0500000000000003E-6) for clause:  medv(A) :- rad(A, 3), lstat(A, 10).  [covers 4,0/436,0 pos, 0,0/0,0 neg]
%     Score = -40.226,919712 (regressionFit = 40.226,919709, penalties=3.0700000000000003E-6) for clause:  medv(A) :- rad(A, 3), indus(A, 1), crim(A, 2).  [covers 5,0/436,0 pos, 0,0/0,0 neg]
%     Score = -39.630,071242 (regressionFit = 39.630,071239, penalties=3.0700000000000003E-6) for clause:  medv(A) :- rad(A, 3), indus(A, 1), zn(A, 0).  [covers 11,0/436,0 pos, 0,0/0,0 neg]
%     Score = -39.215,352055 (regressionFit = 39.215,352052, penalties=3.0700000000000003E-6) for clause:  medv(A) :- rad(A, 3), indus(A, 1), chas(A, 0).  [covers 13,0/436,0 pos, 0,0/0,0 neg]
%     Score = -40.139,678881 (regressionFit = 40.139,678878, penalties=3.0700000000000003E-6) for clause:  medv(A) :- rad(A, 3), indus(A, 1), nox(A, 4).  [covers 8,0/436,0 pos, 0,0/0,0 neg]
%     Score = -Infinity (regressionFit = Infinity, penalties=3.0700000000000003E-6) for clause:  medv(A) :- rad(A, 3), indus(A, 1), rm(A, 7).  [covers 1,0/436,0 pos, 0,0/0,0 neg]
%     Score = -Infinity (regressionFit = Infinity, penalties=3.0700000000000003E-6) for clause:  medv(A) :- rad(A, 3), indus(A, 1), age(A, 9).  [covers 1,0/436,0 pos, 0,0/0,0 neg]
%     Score = -40.427,484967 (regressionFit = 40.427,484964, penalties=3.0700000000000003E-6) for clause:  medv(A) :- rad(A, 3), indus(A, 1), dis(A, 6).  [covers 6,0/436,0 pos, 0,0/0,0 neg]
%     Score = -40.139,678881 (regressionFit = 40.139,678878, penalties=3.0700000000000003E-6) for clause:  medv(A) :- rad(A, 3), indus(A, 1), tax(A, 193).  [covers 8,0/436,0 pos, 0,0/0,0 neg]
%     Score = -40.139,678881 (regressionFit = 40.139,678878, penalties=3.0700000000000003E-6) for clause:  medv(A) :- rad(A, 3), indus(A, 1), ptratio(A, 2).  [covers 8,0/436,0 pos, 0,0/0,0 neg]
%     Score = -Infinity (regressionFit = Infinity, penalties=3.0700000000000003E-6) for clause:  medv(A) :- rad(A, 3), indus(A, 1), b(A, 6).  [covers 1,0/436,0 pos, 0,0/0,0 neg]
%     Score = -Infinity (regressionFit = Infinity, penalties=3.0700000000000003E-6) for clause:  medv(A) :- rad(A, 3), indus(A, 1), lstat(A, 10).  [covers 1,0/436,0 pos, 0,0/0,0 neg]
%     Score = -40.237,340318 (regressionFit = 40.237,340315, penalties=3.0700000000000003E-6) for clause:  medv(A) :- rad(A, 3), chas(A, 0), crim(A, 2).  [covers 6,0/436,0 pos, 0,0/0,0 neg]
%     Score = -39.830,773987 (regressionFit = 39.830,773984, penalties=3.0500000000000004E-6) for clause:  medv(A) :- rad(A, 3), chas(A, 0), zn(A, 0).  [covers 26,0/436,0 pos, 0,0/0,0 neg]
%     Score = -39.215,352055 (regressionFit = 39.215,352052, penalties=3.0700000000000003E-6) for clause:  medv(A) :- rad(A, 3), chas(A, 0), indus(A, 1).  [covers 13,0/436,0 pos, 0,0/0,0 neg]
%     Score = -40.139,678881 (regressionFit = 40.139,678878, penalties=3.0700000000000003E-6) for clause:  medv(A) :- rad(A, 3), chas(A, 0), nox(A, 4).  [covers 8,0/436,0 pos, 0,0/0,0 neg]
%     Score = -40.575,778377 (regressionFit = 40.575,778374, penalties=3.0700000000000003E-6) for clause:  medv(A) :- rad(A, 3), chas(A, 0), rm(A, 7).  [covers 4,0/436,0 pos, 0,0/0,0 neg]
%     Score = -Infinity (regressionFit = Infinity, penalties=3.0700000000000003E-6) for clause:  medv(A) :- rad(A, 3), chas(A, 0), age(A, 9).  [covers 1,0/436,0 pos, 0,0/0,0 neg]
%     Score = -40.427,484967 (regressionFit = 40.427,484964, penalties=3.0700000000000003E-6) for clause:  medv(A) :- rad(A, 3), chas(A, 0), dis(A, 6).  [covers 6,0/436,0 pos, 0,0/0,0 neg]
%     Score = -40.139,678881 (regressionFit = 40.139,678878, penalties=3.0700000000000003E-6) for clause:  medv(A) :- rad(A, 3), chas(A, 0), tax(A, 193).  [covers 8,0/436,0 pos, 0,0/0,0 neg]
%     Score = -40.224,949567 (regressionFit = 40.224,949563, penalties=3.0700000000000003E-6) for clause:  medv(A) :- rad(A, 3), chas(A, 0), ptratio(A, 2).  [covers 17,0/436,0 pos, 0,0/0,0 neg]
%     Score = -40.549,803261 (regressionFit = 40.549,803258, penalties=3.0700000000000003E-6) for clause:  medv(A) :- rad(A, 3), chas(A, 0), b(A, 6).  [covers 3,0/436,0 pos, 0,0/0,0 neg]
%     Score = -40.573,889605 (regressionFit = 40.573,889602, penalties=3.0700000000000003E-6) for clause:  medv(A) :- rad(A, 3), chas(A, 0), lstat(A, 10).  [covers 3,0/436,0 pos, 0,0/0,0 neg]
%     Score = -40.409,238695 (regressionFit = 40.409,238693, penalties=2.0500000000000003E-6) for clause:  medv(A) :- age(A, 8), crim(A, 3).  [covers 5,0/436,0 pos, 0,0/0,0 neg]
%     Score = -40.327,707630 (regressionFit = 40.327,707628, penalties=2.0500000000000003E-6) for clause:  medv(A) :- age(A, 8), crim(A, 2).  [covers 7,0/436,0 pos, 0,0/0,0 neg]
%     Score = -40.438,734725 (regressionFit = 40.438,734723, penalties=2.0500000000000003E-6) for clause:  medv(A) :- age(A, 8), crim(A, 1).  [covers 17,0/436,0 pos, 0,0/0,0 neg]
%     Score = -Infinity (regressionFit = Infinity, penalties=2.0500000000000003E-6) for clause:  medv(A) :- age(A, 8), zn(A, 45).  [covers 2,0/436,0 pos, 0,0/0,0 neg]
%     Score = -40.067,746085 (regressionFit = 40.067,746083, penalties=2.0500000000000003E-6) for clause:  medv(A) :- age(A, 8), zn(A, 40).  [covers 4,0/436,0 pos, 0,0/0,0 neg]
%     Score = -40.567,323709 (regressionFit = 40.567,323707, penalties=2.0500000000000003E-6) for clause:  medv(A) :- age(A, 8), zn(A, 80).  [covers 9,0/436,0 pos, 0,0/0,0 neg]
%     Score = -40.101,026935 (regressionFit = 40.101,026933, penalties=2.0500000000000003E-6) for clause:  medv(A) :- age(A, 8), indus(A, 4).  [covers 11,0/436,0 pos, 0,0/0,0 neg]
%     Score = -40.373,916944 (regressionFit = 40.373,916942, penalties=2.0500000000000003E-6) for clause:  medv(A) :- age(A, 8), indus(A, 2).  [covers 9,0/436,0 pos, 0,0/0,0 neg]
%     Score = -40.584,775327 (regressionFit = 40.584,775325, penalties=2.0500000000000003E-6) for clause:  medv(A) :- age(A, 8), indus(A, 1).  [covers 13,0/436,0 pos, 0,0/0,0 neg]
%     Score = -39.916,234442 (regressionFit = 39.916,234440, penalties=2.0500000000000003E-6) for clause:  medv(A) :- age(A, 8), chas(A, 0).  [covers 47,0/436,0 pos, 0,0/0,0 neg]
%     Score = -40.251,241535 (regressionFit = 40.251,241533, penalties=2.0500000000000003E-6) for clause:  medv(A) :- age(A, 8), nox(A, 5).  [covers 9,0/436,0 pos, 0,0/0,0 neg]
%     Score = -40.145,043252 (regressionFit = 40.145,043250, penalties=2.0500000000000003E-6) for clause:  medv(A) :- age(A, 8), nox(A, 2).  [covers 11,0/436,0 pos, 0,0/0,0 neg]
%     Score = -40.567,851296 (regressionFit = 40.567,851294, penalties=2.0500000000000003E-6) for clause:  medv(A) :- age(A, 8), nox(A, 6).  [covers 20,0/436,0 pos, 0,0/0,0 neg]
%     Score = -40.474,483137 (regressionFit = 40.474,483135, penalties=2.0500000000000003E-6) for clause:  medv(A) :- age(A, 8), rm(A, 2).  [covers 3,0/436,0 pos, 0,0/0,0 neg]
%     Score = -40.434,569106 (regressionFit = 40.434,569104, penalties=2.0500000000000003E-6) for clause:  medv(A) :- age(A, 8), rm(A, 10).  [covers 6,0/436,0 pos, 0,0/0,0 neg]
%     Score = -40.157,059648 (regressionFit = 40.157,059646, penalties=2.0500000000000003E-6) for clause:  medv(A) :- age(A, 8), dis(A, 2).  [covers 13,0/436,0 pos, 0,0/0,0 neg]
%     Score = -40.085,151106 (regressionFit = 40.085,151104, penalties=2.0500000000000003E-6) for clause:  medv(A) :- age(A, 8), dis(A, 1).  [covers 6,0/436,0 pos, 0,0/0,0 neg]
%     Score = -40.425,796020 (regressionFit = 40.425,796018, penalties=2.0500000000000003E-6) for clause:  medv(A) :- age(A, 8), dis(A, 5).  [covers 14,0/436,0 pos, 0,0/0,0 neg]
%     Score = -39.608,311037 (regressionFit = 39.608,311035, penalties=2.0500000000000003E-6) for clause:  medv(A) :- age(A, 8), rad(A, 5).  [covers 11,0/436,0 pos, 0,0/0,0 neg]
%     Score = -40.133,503835 (regressionFit = 40.133,503833, penalties=2.0500000000000003E-6) for clause:  medv(A) :- age(A, 8), rad(A, 4).  [covers 23,0/436,0 pos, 0,0/0,0 neg]
%     Score = -40.562,654658 (regressionFit = 40.562,654656, penalties=2.0500000000000003E-6) for clause:  medv(A) :- age(A, 8), rad(A, 1).  [covers 5,0/436,0 pos, 0,0/0,0 neg]
%     Score = -40.404,390574 (regressionFit = 40.404,390572, penalties=2.0500000000000003E-6) for clause:  medv(A) :- age(A, 8), tax(A, 398).  [covers 3,0/436,0 pos, 0,0/0,0 neg]
%     Score = -40.111,612745 (regressionFit = 40.111,612743, penalties=2.0500000000000003E-6) for clause:  medv(A) :- age(A, 8), tax(A, 254).  [covers 3,0/436,0 pos, 0,0/0,0 neg]
%     Score = -Infinity (regressionFit = Infinity, penalties=2.0500000000000003E-6) for clause:  medv(A) :- age(A, 8), tax(A, 241).  [covers 1,0/436,0 pos, 0,0/0,0 neg]
%     Score = -40.219,975758 (regressionFit = 40.219,975756, penalties=2.0500000000000003E-6) for clause:  medv(A) :- age(A, 8), ptratio(A, 1).  [covers 9,0/436,0 pos, 0,0/0,0 neg]
%     Score = -40.349,670649 (regressionFit = 40.349,670647, penalties=2.0500000000000003E-6) for clause:  medv(A) :- age(A, 8), ptratio(A, 2).  [covers 10,0/436,0 pos, 0,0/0,0 neg]
%     Score = -40.405,557612 (regressionFit = 40.405,557610, penalties=2.0500000000000003E-6) for clause:  medv(A) :- age(A, 8), b(A, 5).  [covers 6,0/436,0 pos, 0,0/0,0 neg]
%     Score = -40.150,995087 (regressionFit = 40.150,995085, penalties=2.0500000000000003E-6) for clause:  medv(A) :- age(A, 8), b(A, 1).  [covers 17,0/436,0 pos, 0,0/0,0 neg]
%     Score = -40.566,274638 (regressionFit = 40.566,274636, penalties=2.0500000000000003E-6) for clause:  medv(A) :- age(A, 8), b(A, 9).  [covers 3,0/436,0 pos, 0,0/0,0 neg]
%     Score = -40.545,721953 (regressionFit = 40.545,721951, penalties=2.0500000000000003E-6) for clause:  medv(A) :- age(A, 8), lstat(A, 3).  [covers 14,0/436,0 pos, 0,0/0,0 neg]
%     Score = -40.403,675496 (regressionFit = 40.403,675494, penalties=2.0500000000000003E-6) for clause:  medv(A) :- age(A, 8), lstat(A, 9).  [covers 7,0/436,0 pos, 0,0/0,0 neg]
%     Score = -40.598,153720 (regressionFit = 40.598,153718, penalties=2.0500000000000003E-6) for clause:  medv(A) :- age(A, 8), lstat(A, 4).  [covers 5,0/436,0 pos, 0,0/0,0 neg]
%     Score = -Infinity (regressionFit = Infinity, penalties=3.0700000000000003E-6) for clause:  medv(A) :- age(A, 8), rad(A, 5), crim(A, 3).  [covers 1,0/436,0 pos, 0,0/0,0 neg]
%     Score = -Infinity (regressionFit = Infinity, penalties=3.0700000000000003E-6) for clause:  medv(A) :- age(A, 8), rad(A, 5), zn(A, 45).  [covers 2,0/436,0 pos, 0,0/0,0 neg]
%     Score = -39.558,654193 (regressionFit = 39.558,654190, penalties=3.0700000000000003E-6) for clause:  medv(A) :- age(A, 8), rad(A, 5), indus(A, 4).  [covers 6,0/436,0 pos, 0,0/0,0 neg]
%     Score = -39.608,311038 (regressionFit = 39.608,311035, penalties=3.0700000000000003E-6) for clause:  medv(A) :- age(A, 8), rad(A, 5), chas(A, 0).  [covers 11,0/436,0 pos, 0,0/0,0 neg]
%     Score = -40.404,390575 (regressionFit = 40.404,390572, penalties=3.0500000000000004E-6) for clause:  medv(A) :- age(A, 8), rad(A, 5), nox(A, 5).  [covers 3,0/436,0 pos, 0,0/0,0 neg]
%     Score = -40.099,705623 (regressionFit = 40.099,705620, penalties=3.0700000000000003E-6) for clause:  medv(A) :- age(A, 8), rad(A, 5), rm(A, 1).  [covers 4,0/436,0 pos, 0,0/0,0 neg]
%     Score = -40.316,400530 (regressionFit = 40.316,400527, penalties=3.0700000000000003E-6) for clause:  medv(A) :- age(A, 8), rad(A, 5), dis(A, 2).  [covers 4,0/436,0 pos, 0,0/0,0 neg]
%     Score = -40.404,390575 (regressionFit = 40.404,390572, penalties=3.0700000000000003E-6) for clause:  medv(A) :- age(A, 8), rad(A, 5), tax(A, 398).  [covers 3,0/436,0 pos, 0,0/0,0 neg]
%     Score = -39.821,950530 (regressionFit = 39.821,950527, penalties=3.0700000000000003E-6) for clause:  medv(A) :- age(A, 8), rad(A, 5), ptratio(A, 1).  [covers 4,0/436,0 pos, 0,0/0,0 neg]
%     Score = -40.197,142076 (regressionFit = 40.197,142073, penalties=3.0500000000000004E-6) for clause:  medv(A) :- age(A, 8), rad(A, 5), b(A, 5).  [covers 3,0/436,0 pos, 0,0/0,0 neg]
%     Score = -39.937,796711 (regressionFit = 39.937,796708, penalties=3.0700000000000003E-6) for clause:  medv(A) :- age(A, 8), rad(A, 5), lstat(A, 3).  [covers 4,0/436,0 pos, 0,0/0,0 neg]
%     Score = -40.599,149487 (regressionFit = 40.599,149485, penalties=2.0500000000000003E-6) for clause:  medv(A) :- lstat(A, 5), crim(A, 7).  [covers 4,0/436,0 pos, 0,0/0,0 neg]
%     Score = -39.715,243525 (regressionFit = 39.715,243523, penalties=2.0500000000000003E-6) for clause:  medv(A) :- lstat(A, 5), zn(A, 0).  [covers 36,0/436,0 pos, 0,0/0,0 neg]
%     Score = -Infinity (regressionFit = Infinity, penalties=2.0500000000000003E-6) for clause:  medv(A) :- lstat(A, 5), indus(A, 8).  [covers 2,0/436,0 pos, 0,0/0,0 neg]
%     Score = -39.737,855311 (regressionFit = 39.737,855309, penalties=2.0500000000000003E-6) for clause:  medv(A) :- lstat(A, 5), chas(A, 0).  [covers 37,0/436,0 pos, 0,0/0,0 neg]
%     Score = -Infinity (regressionFit = Infinity, penalties=2.0500000000000003E-6) for clause:  medv(A) :- lstat(A, 5), nox(A, 8).  [covers 2,0/436,0 pos, 0,0/0,0 neg]
%     Score = -40.590,194223 (regressionFit = 40.590,194220, penalties=2.0500000000000003E-6) for clause:  medv(A) :- lstat(A, 5), rm(A, 6).  [covers 6,0/436,0 pos, 0,0/0,0 neg]
%     Score = -40.510,607795 (regressionFit = 40.510,607793, penalties=2.0300000000000005E-6) for clause:  medv(A) :- lstat(A, 5), age(A, 5).  [covers 8,0/436,0 pos, 0,0/0,0 neg]
%     Score = -40.483,727876 (regressionFit = 40.483,727874, penalties=2.0500000000000003E-6) for clause:  medv(A) :- lstat(A, 5), rad(A, 4).  [covers 9,0/436,0 pos, 0,0/0,0 neg]
%     Score = -Infinity (regressionFit = Infinity, penalties=2.0500000000000003E-6) for clause:  medv(A) :- lstat(A, 5), tax(A, 437).  [covers 2,0/436,0 pos, 0,0/0,0 neg]
%     Score = -Infinity (regressionFit = Infinity, penalties=2.0500000000000003E-6) for clause:  medv(A) :- lstat(A, 5), ptratio(A, 7).  [covers 2,0/436,0 pos, 0,0/0,0 neg]
%     Score = -40.331,590764 (regressionFit = 40.331,590762, penalties=2.0500000000000003E-6) for clause:  medv(A) :- lstat(A, 5), b(A, 1).  [covers 12,0/436,0 pos, 0,0/0,0 neg]
%     Score = -40.599,149489 (regressionFit = 40.599,149485, penalties=3.0700000000000003E-6) for clause:  medv(A) :- lstat(A, 5), zn(A, 0), crim(A, 7).  [covers 4,0/436,0 pos, 0,0/0,0 neg]
%     Score = -Infinity (regressionFit = Infinity, penalties=3.0700000000000003E-6) for clause:  medv(A) :- lstat(A, 5), zn(A, 0), indus(A, 8).  [covers 2,0/436,0 pos, 0,0/0,0 neg]
%     Score = -39.622,942140 (regressionFit = 39.622,942137, penalties=3.0500000000000004E-6) for clause:  medv(A) :- lstat(A, 5), zn(A, 0), chas(A, 0).  [covers 34,0/436,0 pos, 0,0/0,0 neg]
%     Score = -Infinity (regressionFit = Infinity, penalties=3.0700000000000003E-6) for clause:  medv(A) :- lstat(A, 5), zn(A, 0), nox(A, 8).  [covers 2,0/436,0 pos, 0,0/0,0 neg]
%     Score = -40.548,545554 (regressionFit = 40.548,545551, penalties=3.0700000000000003E-6) for clause:  medv(A) :- lstat(A, 5), zn(A, 0), rm(A, 6).  [covers 5,0/436,0 pos, 0,0/0,0 neg]
%     Score = -40.424,275697 (regressionFit = 40.424,275694, penalties=3.0500000000000004E-6) for clause:  medv(A) :- lstat(A, 5), zn(A, 0), age(A, 5).  [covers 7,0/436,0 pos, 0,0/0,0 neg]
%     Score = -39.929,995837 (regressionFit = 39.929,995834, penalties=3.0700000000000003E-6) for clause:  medv(A) :- lstat(A, 5), zn(A, 0), dis(A, 9).  [covers 11,0/436,0 pos, 0,0/0,0 neg]
%     Score = -40.483,727877 (regressionFit = 40.483,727874, penalties=3.0700000000000003E-6) for clause:  medv(A) :- lstat(A, 5), zn(A, 0), rad(A, 4).  [covers 9,0/436,0 pos, 0,0/0,0 neg]
%     Score = -Infinity (regressionFit = Infinity, penalties=3.0700000000000003E-6) for clause:  medv(A) :- lstat(A, 5), zn(A, 0), tax(A, 437).  [covers 2,0/436,0 pos, 0,0/0,0 neg]
%     Score = -Infinity (regressionFit = Infinity, penalties=3.0700000000000003E-6) for clause:  medv(A) :- lstat(A, 5), zn(A, 0), ptratio(A, 7).  [covers 2,0/436,0 pos, 0,0/0,0 neg]
%     Score = -40.214,947154 (regressionFit = 40.214,947151, penalties=3.0700000000000003E-6) for clause:  medv(A) :- lstat(A, 5), zn(A, 0), b(A, 1).  [covers 11,0/436,0 pos, 0,0/0,0 neg]
%     Score = -Infinity (regressionFit = Infinity, penalties=3.0700000000000003E-6) for clause:  medv(A) :- lstat(A, 5), chas(A, 0), crim(A, 7).  [covers 2,0/436,0 pos, 0,0/0,0 neg]
%     Score = -39.622,942140 (regressionFit = 39.622,942137, penalties=3.0500000000000004E-6) for clause:  medv(A) :- lstat(A, 5), chas(A, 0), zn(A, 0).  [covers 34,0/436,0 pos, 0,0/0,0 neg]
%     Score = -Infinity (regressionFit = Infinity, penalties=3.0700000000000003E-6) for clause:  medv(A) :- lstat(A, 5), chas(A, 0), indus(A, 8).  [covers 2,0/436,0 pos, 0,0/0,0 neg]
%     Score = -Infinity (regressionFit = Infinity, penalties=3.0700000000000003E-6) for clause:  medv(A) :- lstat(A, 5), chas(A, 0), nox(A, 8).  [covers 2,0/436,0 pos, 0,0/0,0 neg]
%     Score = -40.577,558714 (regressionFit = 40.577,558711, penalties=3.0700000000000003E-6) for clause:  medv(A) :- lstat(A, 5), chas(A, 0), rm(A, 6).  [covers 5,0/436,0 pos, 0,0/0,0 neg]
%     Score = -40.510,607796 (regressionFit = 40.510,607793, penalties=3.0500000000000004E-6) for clause:  medv(A) :- lstat(A, 5), chas(A, 0), age(A, 5).  [covers 8,0/436,0 pos, 0,0/0,0 neg]
%     Score = -39.929,995837 (regressionFit = 39.929,995834, penalties=3.0700000000000003E-6) for clause:  medv(A) :- lstat(A, 5), chas(A, 0), dis(A, 9).  [covers 11,0/436,0 pos, 0,0/0,0 neg]
%     Score = -40.459,632226 (regressionFit = 40.459,632223, penalties=3.0700000000000003E-6) for clause:  medv(A) :- lstat(A, 5), chas(A, 0), rad(A, 4).  [covers 8,0/436,0 pos, 0,0/0,0 neg]
%     Score = -Infinity (regressionFit = Infinity, penalties=3.0700000000000003E-6) for clause:  medv(A) :- lstat(A, 5), chas(A, 0), tax(A, 437).  [covers 2,0/436,0 pos, 0,0/0,0 neg]
%     Score = -Infinity (regressionFit = Infinity, penalties=3.0700000000000003E-6) for clause:  medv(A) :- lstat(A, 5), chas(A, 0), ptratio(A, 7).  [covers 2,0/436,0 pos, 0,0/0,0 neg]
%     Score = -40.295,361981 (regressionFit = 40.295,361978, penalties=3.0700000000000003E-6) for clause:  medv(A) :- lstat(A, 5), chas(A, 0), b(A, 1).  [covers 11,0/436,0 pos, 0,0/0,0 neg]
%     Score = -40.237,340318 (regressionFit = 40.237,340315, penalties=3.0700000000000003E-6) for clause:  medv(A) :- rad(A, 3), zn(A, 0), crim(A, 2).  [covers 6,0/436,0 pos, 0,0/0,0 neg]
%     Score = -39.630,071242 (regressionFit = 39.630,071239, penalties=3.0700000000000003E-6) for clause:  medv(A) :- rad(A, 3), zn(A, 0), indus(A, 1).  [covers 11,0/436,0 pos, 0,0/0,0 neg]
%     Score = -39.830,773987 (regressionFit = 39.830,773984, penalties=3.0500000000000004E-6) for clause:  medv(A) :- rad(A, 3), zn(A, 0), chas(A, 0).  [covers 26,0/436,0 pos, 0,0/0,0 neg]
%     Score = -40.139,678881 (regressionFit = 40.139,678878, penalties=3.0700000000000003E-6) for clause:  medv(A) :- rad(A, 3), zn(A, 0), nox(A, 4).  [covers 8,0/436,0 pos, 0,0/0,0 neg]
%     Score = -40.575,778377 (regressionFit = 40.575,778374, penalties=3.0700000000000003E-6) for clause:  medv(A) :- rad(A, 3), zn(A, 0), rm(A, 7).  [covers 4,0/436,0 pos, 0,0/0,0 neg]
%     Score = -Infinity (regressionFit = Infinity, penalties=3.0700000000000003E-6) for clause:  medv(A) :- rad(A, 3), zn(A, 0), age(A, 9).  [covers 1,0/436,0 pos, 0,0/0,0 neg]
%     Score = -40.427,484967 (regressionFit = 40.427,484964, penalties=3.0700000000000003E-6) for clause:  medv(A) :- rad(A, 3), zn(A, 0), dis(A, 6).  [covers 6,0/436,0 pos, 0,0/0,0 neg]
%     Score = -40.139,678881 (regressionFit = 40.139,678878, penalties=3.0700000000000003E-6) for clause:  medv(A) :- rad(A, 3), zn(A, 0), tax(A, 193).  [covers 8,0/436,0 pos, 0,0/0,0 neg]
%     Score = -40.224,949567 (regressionFit = 40.224,949563, penalties=3.0700000000000003E-6) for clause:  medv(A) :- rad(A, 3), zn(A, 0), ptratio(A, 2).  [covers 17,0/436,0 pos, 0,0/0,0 neg]
%     Score = -Infinity (regressionFit = Infinity, penalties=3.0700000000000003E-6) for clause:  medv(A) :- rad(A, 3), zn(A, 0), b(A, 6).  [covers 2,0/436,0 pos, 0,0/0,0 neg]
%     Score = -Infinity (regressionFit = Infinity, penalties=3.0700000000000003E-6) for clause:  medv(A) :- rad(A, 3), zn(A, 0), lstat(A, 10).  [covers 2,0/436,0 pos, 0,0/0,0 neg]
%     Score = -Infinity (regressionFit = Infinity, penalties=3.0500000000000004E-6) for clause:  medv(A) :- rm(A, 1), chas(A, 1), crim(A, 7).  [covers 2,0/436,0 pos, 0,0/0,0 neg]
%     Score = -39.838,009820 (regressionFit = 39.838,009817, penalties=3.0500000000000004E-6) for clause:  medv(A) :- rm(A, 1), chas(A, 1), zn(A, 0).  [covers 3,0/436,0 pos, 0,0/0,0 neg]
%     Score = -Infinity (regressionFit = Infinity, penalties=3.0500000000000004E-6) for clause:  medv(A) :- rm(A, 1), chas(A, 1), indus(A, 2).  [covers 2,0/436,0 pos, 0,0/0,0 neg]
%     Score = -Infinity (regressionFit = Infinity, penalties=3.0500000000000004E-6) for clause:  medv(A) :- rm(A, 1), chas(A, 1), nox(A, 3).  [covers 2,0/436,0 pos, 0,0/0,0 neg]
%     Score = -Infinity (regressionFit = Infinity, penalties=3.0500000000000004E-6) for clause:  medv(A) :- rm(A, 1), chas(A, 1), age(A, 4).  [covers 2,0/436,0 pos, 0,0/0,0 neg]
%     Score = -Infinity (regressionFit = Infinity, penalties=3.0500000000000004E-6) for clause:  medv(A) :- rm(A, 1), chas(A, 1), dis(A, 4).  [covers 1,0/436,0 pos, 0,0/0,0 neg]
%     Score = -Infinity (regressionFit = Infinity, penalties=3.0500000000000004E-6) for clause:  medv(A) :- rm(A, 1), chas(A, 1), rad(A, 8).  [covers 2,0/436,0 pos, 0,0/0,0 neg]
%     Score = -Infinity (regressionFit = Infinity, penalties=3.0500000000000004E-6) for clause:  medv(A) :- rm(A, 1), chas(A, 1), tax(A, 307).  [covers 2,0/436,0 pos, 0,0/0,0 neg]
%     Score = -Infinity (regressionFit = Infinity, penalties=3.0500000000000004E-6) for clause:  medv(A) :- rm(A, 1), chas(A, 1), ptratio(A, 6).  [covers 2,0/436,0 pos, 0,0/0,0 neg]
%     Score = -Infinity (regressionFit = Infinity, penalties=3.0500000000000004E-6) for clause:  medv(A) :- rm(A, 1), chas(A, 1), b(A, 9).  [covers 1,0/436,0 pos, 0,0/0,0 neg]
%     Score = -Infinity (regressionFit = Infinity, penalties=3.0500000000000004E-6) for clause:  medv(A) :- rm(A, 1), chas(A, 1), lstat(A, 2).  [covers 1,0/436,0 pos, 0,0/0,0 neg]
%     Score = -Infinity (regressionFit = Infinity, penalties=3.0700000000000003E-6) for clause:  medv(A) :- lstat(A, 2), b(A, 9), crim(A, 7).  [covers 1,0/436,0 pos, 0,0/0,0 neg]
%     Score = -Infinity (regressionFit = Infinity, penalties=3.0700000000000003E-6) for clause:  medv(A) :- lstat(A, 2), b(A, 9), zn(A, 0).  [covers 2,0/436,0 pos, 0,0/0,0 neg]
%     Score = -Infinity (regressionFit = Infinity, penalties=3.0500000000000004E-6) for clause:  medv(A) :- lstat(A, 2), b(A, 9), indus(A, 2).  [covers 2,0/436,0 pos, 0,0/0,0 neg]
%     Score = -Infinity (regressionFit = Infinity, penalties=3.0700000000000003E-6) for clause:  medv(A) :- lstat(A, 2), b(A, 9), chas(A, 1).  [covers 2,0/436,0 pos, 0,0/0,0 neg]
%     Score = -Infinity (regressionFit = Infinity, penalties=3.0700000000000003E-6) for clause:  medv(A) :- lstat(A, 2), b(A, 9), nox(A, 3).  [covers 1,0/436,0 pos, 0,0/0,0 neg]
%     Score = -Infinity (regressionFit = Infinity, penalties=3.0700000000000003E-6) for clause:  medv(A) :- lstat(A, 2), b(A, 9), rm(A, 1).  [covers 1,0/436,0 pos, 0,0/0,0 neg]
%     Score = -Infinity (regressionFit = Infinity, penalties=3.0700000000000003E-6) for clause:  medv(A) :- lstat(A, 2), b(A, 9), age(A, 4).  [covers 1,0/436,0 pos, 0,0/0,0 neg]
%     Score = -Infinity (regressionFit = Infinity, penalties=3.0700000000000003E-6) for clause:  medv(A) :- lstat(A, 2), b(A, 9), dis(A, 4).  [covers 1,0/436,0 pos, 0,0/0,0 neg]
%     Score = -Infinity (regressionFit = Infinity, penalties=3.0700000000000003E-6) for clause:  medv(A) :- lstat(A, 2), b(A, 9), rad(A, 8).  [covers 1,0/436,0 pos, 0,0/0,0 neg]
%     Score = -Infinity (regressionFit = Infinity, penalties=3.0700000000000003E-6) for clause:  medv(A) :- lstat(A, 2), b(A, 9), tax(A, 307).  [covers 1,0/436,0 pos, 0,0/0,0 neg]
%     Score = -Infinity (regressionFit = Infinity, penalties=3.0700000000000003E-6) for clause:  medv(A) :- lstat(A, 2), b(A, 9), ptratio(A, 6).  [covers 2,0/436,0 pos, 0,0/0,0 neg]
%     Score = -40.409,238696 (regressionFit = 40.409,238693, penalties=3.0700000000000003E-6) for clause:  medv(A) :- age(A, 8), chas(A, 0), crim(A, 3).  [covers 5,0/436,0 pos, 0,0/0,0 neg]
%     Score = -40.327,707631 (regressionFit = 40.327,707628, penalties=3.0700000000000003E-6) for clause:  medv(A) :- age(A, 8), chas(A, 0), crim(A, 2).  [covers 7,0/436,0 pos, 0,0/0,0 neg]
%     Score = -40.438,734726 (regressionFit = 40.438,734723, penalties=3.0700000000000003E-6) for clause:  medv(A) :- age(A, 8), chas(A, 0), crim(A, 1).  [covers 17,0/436,0 pos, 0,0/0,0 neg]
%     Score = -Infinity (regressionFit = Infinity, penalties=3.0700000000000003E-6) for clause:  medv(A) :- age(A, 8), chas(A, 0), zn(A, 45).  [covers 2,0/436,0 pos, 0,0/0,0 neg]
%     Score = -Infinity (regressionFit = Infinity, penalties=3.0700000000000003E-6) for clause:  medv(A) :- age(A, 8), chas(A, 0), zn(A, 40).  [covers 2,0/436,0 pos, 0,0/0,0 neg]
%     Score = -40.567,323710 (regressionFit = 40.567,323707, penalties=3.0700000000000003E-6) for clause:  medv(A) :- age(A, 8), chas(A, 0), zn(A, 80).  [covers 9,0/436,0 pos, 0,0/0,0 neg]
%     Score = -40.101,026936 (regressionFit = 40.101,026933, penalties=3.0700000000000003E-6) for clause:  medv(A) :- age(A, 8), chas(A, 0), indus(A, 4).  [covers 11,0/436,0 pos, 0,0/0,0 neg]
%     Score = -40.559,263909 (regressionFit = 40.559,263906, penalties=3.0700000000000003E-6) for clause:  medv(A) :- age(A, 8), chas(A, 0), indus(A, 2).  [covers 7,0/436,0 pos, 0,0/0,0 neg]
%     Score = -40.584,775328 (regressionFit = 40.584,775325, penalties=3.0700000000000003E-6) for clause:  medv(A) :- age(A, 8), chas(A, 0), indus(A, 1).  [covers 13,0/436,0 pos, 0,0/0,0 neg]
%     Score = -40.251,241536 (regressionFit = 40.251,241533, penalties=3.0700000000000003E-6) for clause:  medv(A) :- age(A, 8), chas(A, 0), nox(A, 5).  [covers 9,0/436,0 pos, 0,0/0,0 neg]
%     Score = -40.400,152796 (regressionFit = 40.400,152793, penalties=3.0700000000000003E-6) for clause:  medv(A) :- age(A, 8), chas(A, 0), nox(A, 2).  [covers 9,0/436,0 pos, 0,0/0,0 neg]
%     Score = -40.567,851297 (regressionFit = 40.567,851294, penalties=3.0700000000000003E-6) for clause:  medv(A) :- age(A, 8), chas(A, 0), nox(A, 6).  [covers 20,0/436,0 pos, 0,0/0,0 neg]
%     Score = -39.896,438861 (regressionFit = 39.896,438858, penalties=3.0700000000000003E-6) for clause:  medv(A) :- age(A, 8), chas(A, 0), rm(A, 1).  [covers 9,0/436,0 pos, 0,0/0,0 neg]
%     Score = -40.474,483138 (regressionFit = 40.474,483135, penalties=3.0700000000000003E-6) for clause:  medv(A) :- age(A, 8), chas(A, 0), rm(A, 2).  [covers 3,0/436,0 pos, 0,0/0,0 neg]
%     Score = -40.434,569107 (regressionFit = 40.434,569104, penalties=3.0700000000000003E-6) for clause:  medv(A) :- age(A, 8), chas(A, 0), rm(A, 10).  [covers 6,0/436,0 pos, 0,0/0,0 neg]
%     Score = -40.286,799168 (regressionFit = 40.286,799165, penalties=3.0700000000000003E-6) for clause:  medv(A) :- age(A, 8), chas(A, 0), dis(A, 2).  [covers 12,0/436,0 pos, 0,0/0,0 neg]
%     Score = -40.249,699114 (regressionFit = 40.249,699111, penalties=3.0700000000000003E-6) for clause:  medv(A) :- age(A, 8), chas(A, 0), dis(A, 1).  [covers 5,0/436,0 pos, 0,0/0,0 neg]
%     Score = -40.425,796021 (regressionFit = 40.425,796018, penalties=3.0700000000000003E-6) for clause:  medv(A) :- age(A, 8), chas(A, 0), dis(A, 5).  [covers 14,0/436,0 pos, 0,0/0,0 neg]
%     Score = -39.608,311038 (regressionFit = 39.608,311035, penalties=3.0700000000000003E-6) for clause:  medv(A) :- age(A, 8), chas(A, 0), rad(A, 5).  [covers 11,0/436,0 pos, 0,0/0,0 neg]
%     Score = -40.333,840826 (regressionFit = 40.333,840823, penalties=3.0700000000000003E-6) for clause:  medv(A) :- age(A, 8), chas(A, 0), rad(A, 4).  [covers 21,0/436,0 pos, 0,0/0,0 neg]
%     Score = -40.562,654659 (regressionFit = 40.562,654656, penalties=3.0700000000000003E-6) for clause:  medv(A) :- age(A, 8), chas(A, 0), rad(A, 1).  [covers 5,0/436,0 pos, 0,0/0,0 neg]
%     Score = -40.404,390575 (regressionFit = 40.404,390572, penalties=3.0700000000000003E-6) for clause:  medv(A) :- age(A, 8), chas(A, 0), tax(A, 398).  [covers 3,0/436,0 pos, 0,0/0,0 neg]
%     Score = -Infinity (regressionFit = Infinity, penalties=3.0700000000000003E-6) for clause:  medv(A) :- age(A, 8), chas(A, 0), tax(A, 254).  [covers 1,0/436,0 pos, 0,0/0,0 neg]
%     Score = -Infinity (regressionFit = Infinity, penalties=3.0700000000000003E-6) for clause:  medv(A) :- age(A, 8), chas(A, 0), tax(A, 241).  [covers 1,0/436,0 pos, 0,0/0,0 neg]
%     Score = -40.219,975759 (regressionFit = 40.219,975756, penalties=3.0700000000000003E-6) for clause:  medv(A) :- age(A, 8), chas(A, 0), ptratio(A, 1).  [covers 9,0/436,0 pos, 0,0/0,0 neg]
%     Score = -40.540,751326 (regressionFit = 40.540,751323, penalties=3.0700000000000003E-6) for clause:  medv(A) :- age(A, 8), chas(A, 0), ptratio(A, 2).  [covers 8,0/436,0 pos, 0,0/0,0 neg]
%     Score = -40.405,557613 (regressionFit = 40.405,557610, penalties=3.0700000000000003E-6) for clause:  medv(A) :- age(A, 8), chas(A, 0), b(A, 5).  [covers 6,0/436,0 pos, 0,0/0,0 neg]
%     Score = -40.263,090385 (regressionFit = 40.263,090382, penalties=3.0700000000000003E-6) for clause:  medv(A) :- age(A, 8), chas(A, 0), b(A, 1).  [covers 16,0/436,0 pos, 0,0/0,0 neg]
%     Score = -40.566,274639 (regressionFit = 40.566,274636, penalties=3.0700000000000003E-6) for clause:  medv(A) :- age(A, 8), chas(A, 0), b(A, 9).  [covers 3,0/436,0 pos, 0,0/0,0 neg]
%     Score = -40.600,155120 (regressionFit = 40.600,155117, penalties=3.0700000000000003E-6) for clause:  medv(A) :- age(A, 8), chas(A, 0), lstat(A, 3).  [covers 12,0/436,0 pos, 0,0/0,0 neg]
%     Score = -40.403,675497 (regressionFit = 40.403,675494, penalties=3.0700000000000003E-6) for clause:  medv(A) :- age(A, 8), chas(A, 0), lstat(A, 9).  [covers 7,0/436,0 pos, 0,0/0,0 neg]
%     Score = -40.598,153721 (regressionFit = 40.598,153718, penalties=3.0700000000000003E-6) for clause:  medv(A) :- age(A, 8), chas(A, 0), lstat(A, 4).  [covers 5,0/436,0 pos, 0,0/0,0 neg]
%     Score = -Infinity (regressionFit = Infinity, penalties=3.0700000000000003E-6) for clause:  medv(A) :- age(A, 8), zn(A, 40), crim(A, 2).  [covers 1,0/436,0 pos, 0,0/0,0 neg]
%     Score = -40.111,612746 (regressionFit = 40.111,612743, penalties=3.0700000000000003E-6) for clause:  medv(A) :- age(A, 8), zn(A, 40), indus(A, 2).  [covers 3,0/436,0 pos, 0,0/0,0 neg]
%     Score = -Infinity (regressionFit = Infinity, penalties=3.0700000000000003E-6) for clause:  medv(A) :- age(A, 8), zn(A, 40), chas(A, 0).  [covers 2,0/436,0 pos, 0,0/0,0 neg]
%     Score = -40.111,612746 (regressionFit = 40.111,612743, penalties=3.0700000000000003E-6) for clause:  medv(A) :- age(A, 8), zn(A, 40), nox(A, 2).  [covers 3,0/436,0 pos, 0,0/0,0 neg]
%     Score = -Infinity (regressionFit = Infinity, penalties=3.0700000000000003E-6) for clause:  medv(A) :- age(A, 8), zn(A, 40), rm(A, 2).  [covers 1,0/436,0 pos, 0,0/0,0 neg]
%     Score = -Infinity (regressionFit = Infinity, penalties=3.0700000000000003E-6) for clause:  medv(A) :- age(A, 8), zn(A, 40), dis(A, 1).  [covers 2,0/436,0 pos, 0,0/0,0 neg]
%     Score = -40.111,612746 (regressionFit = 40.111,612743, penalties=3.0700000000000003E-6) for clause:  medv(A) :- age(A, 8), zn(A, 40), rad(A, 4).  [covers 3,0/436,0 pos, 0,0/0,0 neg]
%     Score = -40.111,612746 (regressionFit = 40.111,612743, penalties=3.0700000000000003E-6) for clause:  medv(A) :- age(A, 8), zn(A, 40), tax(A, 254).  [covers 3,0/436,0 pos, 0,0/0,0 neg]
%     Score = -40.111,612746 (regressionFit = 40.111,612743, penalties=3.0700000000000003E-6) for clause:  medv(A) :- age(A, 8), zn(A, 40), ptratio(A, 2).  [covers 3,0/436,0 pos, 0,0/0,0 neg]
%     Score = -Infinity (regressionFit = Infinity, penalties=3.0700000000000003E-6) for clause:  medv(A) :- age(A, 8), zn(A, 40), b(A, 1).  [covers 2,0/436,0 pos, 0,0/0,0 neg]
%     Score = -Infinity (regressionFit = Infinity, penalties=3.0700000000000003E-6) for clause:  medv(A) :- age(A, 8), zn(A, 40), lstat(A, 9).  [covers 1,0/436,0 pos, 0,0/0,0 neg]
%     Score = -Infinity (regressionFit = Infinity, penalties=3.0700000000000003E-6) for clause:  medv(A) :- age(A, 8), dis(A, 1), crim(A, 2).  [covers 2,0/436,0 pos, 0,0/0,0 neg]
%     Score = -Infinity (regressionFit = Infinity, penalties=3.0700000000000003E-6) for clause:  medv(A) :- age(A, 8), dis(A, 1), zn(A, 40).  [covers 2,0/436,0 pos, 0,0/0,0 neg]
%     Score = -Infinity (regressionFit = Infinity, penalties=3.0700000000000003E-6) for clause:  medv(A) :- age(A, 8), dis(A, 1), indus(A, 2).  [covers 2,0/436,0 pos, 0,0/0,0 neg]
%     Score = -40.249,699114 (regressionFit = 40.249,699111, penalties=3.0700000000000003E-6) for clause:  medv(A) :- age(A, 8), dis(A, 1), chas(A, 0).  [covers 5,0/436,0 pos, 0,0/0,0 neg]
%     Score = -40.059,046772 (regressionFit = 40.059,046769, penalties=3.0700000000000003E-6) for clause:  medv(A) :- age(A, 8), dis(A, 1), nox(A, 2).  [covers 3,0/436,0 pos, 0,0/0,0 neg]
%     Score = -Infinity (regressionFit = Infinity, penalties=3.0700000000000003E-6) for clause:  medv(A) :- age(A, 8), dis(A, 1), rm(A, 2).  [covers 1,0/436,0 pos, 0,0/0,0 neg]
%     Score = -40.246,558933 (regressionFit = 40.246,558930, penalties=3.0700000000000003E-6) for clause:  medv(A) :- age(A, 8), dis(A, 1), rad(A, 4).  [covers 4,0/436,0 pos, 0,0/0,0 neg]
%     Score = -Infinity (regressionFit = Infinity, penalties=3.0700000000000003E-6) for clause:  medv(A) :- age(A, 8), dis(A, 1), tax(A, 254).  [covers 2,0/436,0 pos, 0,0/0,0 neg]
%     Score = -Infinity (regressionFit = Infinity, penalties=3.0700000000000003E-6) for clause:  medv(A) :- age(A, 8), dis(A, 1), ptratio(A, 2).  [covers 2,0/436,0 pos, 0,0/0,0 neg]
%     Score = -40.059,046772 (regressionFit = 40.059,046769, penalties=3.0500000000000004E-6) for clause:  medv(A) :- age(A, 8), dis(A, 1), b(A, 1).  [covers 3,0/436,0 pos, 0,0/0,0 neg]
%     Score = -Infinity (regressionFit = Infinity, penalties=3.0700000000000003E-6) for clause:  medv(A) :- age(A, 8), dis(A, 1), lstat(A, 9).  [covers 2,0/436,0 pos, 0,0/0,0 neg]
%     Score = -Infinity (regressionFit = Infinity, penalties=3.0700000000000003E-6) for clause:  medv(A) :- age(A, 8), indus(A, 4), crim(A, 3).  [covers 1,0/436,0 pos, 0,0/0,0 neg]
%     Score = -Infinity (regressionFit = Infinity, penalties=3.0700000000000003E-6) for clause:  medv(A) :- age(A, 8), indus(A, 4), zn(A, 45).  [covers 2,0/436,0 pos, 0,0/0,0 neg]
%     Score = -40.101,026936 (regressionFit = 40.101,026933, penalties=3.0700000000000003E-6) for clause:  medv(A) :- age(A, 8), indus(A, 4), chas(A, 0).  [covers 11,0/436,0 pos, 0,0/0,0 neg]
%     Score = -40.356,360767 (regressionFit = 40.356,360764, penalties=3.0700000000000003E-6) for clause:  medv(A) :- age(A, 8), indus(A, 4), nox(A, 5).  [covers 3,0/436,0 pos, 0,0/0,0 neg]
%     Score = -40.244,667197 (regressionFit = 40.244,667194, penalties=3.0700000000000003E-6) for clause:  medv(A) :- age(A, 8), indus(A, 4), rm(A, 1).  [covers 4,0/436,0 pos, 0,0/0,0 neg]
%     Score = -Infinity (regressionFit = Infinity, penalties=3.0700000000000003E-6) for clause:  medv(A) :- age(A, 8), indus(A, 4), dis(A, 2).  [covers 2,0/436,0 pos, 0,0/0,0 neg]
%     Score = -39.558,654193 (regressionFit = 39.558,654190, penalties=3.0700000000000003E-6) for clause:  medv(A) :- age(A, 8), indus(A, 4), rad(A, 5).  [covers 6,0/436,0 pos, 0,0/0,0 neg]
%     Score = -Infinity (regressionFit = Infinity, penalties=3.0700000000000003E-6) for clause:  medv(A) :- age(A, 8), indus(A, 4), tax(A, 398).  [covers 2,0/436,0 pos, 0,0/0,0 neg]
%     Score = -40.307,208424 (regressionFit = 40.307,208421, penalties=3.0700000000000003E-6) for clause:  medv(A) :- age(A, 8), indus(A, 4), ptratio(A, 1).  [covers 7,0/436,0 pos, 0,0/0,0 neg]
%     Score = -40.572,497329 (regressionFit = 40.572,497326, penalties=3.0700000000000003E-6) for clause:  medv(A) :- age(A, 8), indus(A, 4), b(A, 5).  [covers 3,0/436,0 pos, 0,0/0,0 neg]
%     Score = -40.433,949205 (regressionFit = 40.433,949202, penalties=3.0700000000000003E-6) for clause:  medv(A) :- age(A, 8), indus(A, 4), lstat(A, 3).  [covers 4,0/436,0 pos, 0,0/0,0 neg]
%     Score = -Infinity (regressionFit = Infinity, penalties=3.0700000000000003E-6) for clause:  medv(A) :- age(A, 8), tax(A, 254), crim(A, 2).  [covers 1,0/436,0 pos, 0,0/0,0 neg]
%     Score = -40.111,612746 (regressionFit = 40.111,612743, penalties=3.0700000000000003E-6) for clause:  medv(A) :- age(A, 8), tax(A, 254), zn(A, 40).  [covers 3,0/436,0 pos, 0,0/0,0 neg]
%     Score = -40.111,612746 (regressionFit = 40.111,612743, penalties=3.0700000000000003E-6) for clause:  medv(A) :- age(A, 8), tax(A, 254), indus(A, 2).  [covers 3,0/436,0 pos, 0,0/0,0 neg]
%     Score = -Infinity (regressionFit = Infinity, penalties=3.0700000000000003E-6) for clause:  medv(A) :- age(A, 8), tax(A, 254), chas(A, 0).  [covers 1,0/436,0 pos, 0,0/0,0 neg]
%     Score = -40.111,612746 (regressionFit = 40.111,612743, penalties=3.0700000000000003E-6) for clause:  medv(A) :- age(A, 8), tax(A, 254), nox(A, 2).  [covers 3,0/436,0 pos, 0,0/0,0 neg]
%     Score = -Infinity (regressionFit = Infinity, penalties=3.0700000000000003E-6) for clause:  medv(A) :- age(A, 8), tax(A, 254), rm(A, 2).  [covers 1,0/436,0 pos, 0,0/0,0 neg]
%     Score = -Infinity (regressionFit = Infinity, penalties=3.0700000000000003E-6) for clause:  medv(A) :- age(A, 8), tax(A, 254), dis(A, 1).  [covers 2,0/436,0 pos, 0,0/0,0 neg]
%     Score = -40.111,612746 (regressionFit = 40.111,612743, penalties=3.0700000000000003E-6) for clause:  medv(A) :- age(A, 8), tax(A, 254), rad(A, 4).  [covers 3,0/436,0 pos, 0,0/0,0 neg]
%     Score = -40.111,612746 (regressionFit = 40.111,612743, penalties=3.0700000000000003E-6) for clause:  medv(A) :- age(A, 8), tax(A, 254), ptratio(A, 2).  [covers 3,0/436,0 pos, 0,0/0,0 neg]
%     Score = -Infinity (regressionFit = Infinity, penalties=3.0700000000000003E-6) for clause:  medv(A) :- age(A, 8), tax(A, 254), b(A, 1).  [covers 2,0/436,0 pos, 0,0/0,0 neg]
%     Score = -Infinity (regressionFit = Infinity, penalties=3.0700000000000003E-6) for clause:  medv(A) :- age(A, 8), tax(A, 254), lstat(A, 9).  [covers 1,0/436,0 pos, 0,0/0,0 neg]

% The best node found: medv(A) :- rm(A, 1).  [covers 43,0/436,0 pos, 0,0/0,0 neg]

% The best node found: medv(A) :- rm(A, 1).  [covers 43,0/436,0 pos, 0,0/0,0 neg]
Setting 24.67209302325581 for 
 // Learned this clause on outer loop cycle #2.  It scores=-38.357,52 and has recall=0,10, precision=1,00, and F1=0,18 (using m-estimates).
 // It covers 9,9% of the positive examples, 43 of 436,
 // So far 91 (20,9%) of the positive examples have been covered.
(medv(A) :- rm(A, 1))

% On cycle #2, the best clause found is:
%      medv(A) :- rm(A, 1).  [covers 43,0/436,0 pos, 0,0/0,0 neg]
% This clause covers 43 positive examples, of which 43 are newly covered.
% It also covers 0 negative examples, of which 0 are newly covered.
% The current set of 2 best clauses covers 20,9% of the positive examples and NaN% of the negatives.}

% ******************************************

% Have stopped ILP's outer loop because have reached the maximum number of iterations (2).

% ******************************************
adding regression values
Added 39.46875000000001 to wgt = 39,4688 (medv(A) :- rm(A, 3))
Added 24.67209302325581 to wgt = 24,6721 (medv(A) :- rm(A, 1))
% Saving model in: data/boston_housing/train/models/bRDNs/medv.model.ckpt
% Saving model in: data/boston_housing/train/models/bRDNs/medv.model


%%%%%%%%%%%%%%%%%%%%%%%%%%%%%%%%%%%%%%%%%%%%%%%%%%%%%%%%%%%
%%%%%  Final call for computing score for medv.  %%%%%
%%%%%%%%%%%%%%%%%%%%%%%%%%%%%%%%%%%%%%%%%%%%%%%%%%%%%%%%%%%

stepLength_tree1(1.0).
stepLength_tree2(1.0).
stepLength_tree3(1.0).
stepLength_tree4(1.0).
stepLength_tree5(1.0).
stepLength_tree6(1.0).
stepLength_tree7(1.0).
stepLength_tree8(1.0).
stepLength_tree9(1.0).
stepLength_tree10(1.0).

logPrior(0.0).
medv(A, Total) :- // A general accessor. 
   medv(A, 1000000, Total), !.
medv(A, Total) :- waitHere("This should not fail", medv(A, Total)).

medv(A, TreesToUse, Total) :- // A tree-limited accessor (e.g., for tuning the number of trees to use).
   logPrior(LogPrior),
   getScore_medv_tree1(A, TreesToUse, Total1),
   getScore_medv_tree2(A, TreesToUse, Total2),
   getScore_medv_tree3(A, TreesToUse, Total3),
   getScore_medv_tree4(A, TreesToUse, Total4),
   getScore_medv_tree5(A, TreesToUse, Total5),
   getScore_medv_tree6(A, TreesToUse, Total6),
   getScore_medv_tree7(A, TreesToUse, Total7),
   getScore_medv_tree8(A, TreesToUse, Total8),
   getScore_medv_tree9(A, TreesToUse, Total9),
   getScore_medv_tree10(A, TreesToUse, Total10),
   Total is LogPrior + Total1 + Total2 + Total3 + Total4 + Total5 + Total6 + Total7 + Total8 + Total9 + Total10,
   !.
medv(A, TreesToUse, Total) :- waitHere("This should not fail", medv(A, TreesToUse, Total)).

getScore_medv_tree1(A, TreesToUse, 0.0) :- 1 > TreesToUse, !.
getScore_medv_tree1(A, TreesToUse, Total1) :- medv_tree1(A, Total), stepLength_tree1(StepLen), Total1 is Total * StepLen.

getScore_medv_tree2(A, TreesToUse, 0.0) :- 2 > TreesToUse, !.
getScore_medv_tree2(A, TreesToUse, Total2) :- medv_tree2(A, Total), stepLength_tree2(StepLen), Total2 is Total * StepLen.

getScore_medv_tree3(A, TreesToUse, 0.0) :- 3 > TreesToUse, !.
getScore_medv_tree3(A, TreesToUse, Total3) :- medv_tree3(A, Total), stepLength_tree3(StepLen), Total3 is Total * StepLen.

getScore_medv_tree4(A, TreesToUse, 0.0) :- 4 > TreesToUse, !.
getScore_medv_tree4(A, TreesToUse, Total4) :- medv_tree4(A, Total), stepLength_tree4(StepLen), Total4 is Total * StepLen.

getScore_medv_tree5(A, TreesToUse, 0.0) :- 5 > TreesToUse, !.
getScore_medv_tree5(A, TreesToUse, Total5) :- medv_tree5(A, Total), stepLength_tree5(StepLen), Total5 is Total * StepLen.

getScore_medv_tree6(A, TreesToUse, 0.0) :- 6 > TreesToUse, !.
getScore_medv_tree6(A, TreesToUse, Total6) :- medv_tree6(A, Total), stepLength_tree6(StepLen), Total6 is Total * StepLen.

getScore_medv_tree7(A, TreesToUse, 0.0) :- 7 > TreesToUse, !.
getScore_medv_tree7(A, TreesToUse, Total7) :- medv_tree7(A, Total), stepLength_tree7(StepLen), Total7 is Total * StepLen.

getScore_medv_tree8(A, TreesToUse, 0.0) :- 8 > TreesToUse, !.
getScore_medv_tree8(A, TreesToUse, Total8) :- medv_tree8(A, Total), stepLength_tree8(StepLen), Total8 is Total * StepLen.

getScore_medv_tree9(A, TreesToUse, 0.0) :- 9 > TreesToUse, !.
getScore_medv_tree9(A, TreesToUse, Total9) :- medv_tree9(A, Total), stepLength_tree9(StepLen), Total9 is Total * StepLen.

getScore_medv_tree10(A, TreesToUse, 0.0) :- 10 > TreesToUse, !.
getScore_medv_tree10(A, TreesToUse, Total10) :- medv_tree10(A, Total), stepLength_tree10(StepLen), Total10 is Total * StepLen.

flattenedLiteralsInThisSetOfTrees(0, []).
% Time taken to learn model for 'medv': 32,002 seconds.
% Saving model in: data/boston_housing/train/models/bRDNs/medv.model
cached groundings hit: 0
Misses: 0

% Switching to standard-logic notation for variables; previous setting = uppercase

% Switching to VarIndicator = lowercase.

% Switching to Prolog notation for variables; previous setting = lowercase

% Switching to VarIndicator = uppercase.

% Total learning time (10 trees): 33,544 seconds.

% Switching to VarIndicator = uppercase.

% Unset'ing VarIndicator.

Resetting the LazyGroundNthArgumentClauseIndex.

% Calling ILPouterLoop from createRegressionOuterLooper.

% getInputArgWithDefaultValue: args=[data/boston_housing/test/test_pos.txt, data/boston_housing/test/test_neg.txt, data/boston_housing/test/test_bk.txt, data/boston_housing/test/test_facts.txt]
%  for N=0: args[N]=data/boston_housing/test/test_pos.txt

% getInputArgWithDefaultValue: args=[data/boston_housing/test/test_pos.txt, data/boston_housing/test/test_neg.txt, data/boston_housing/test/test_bk.txt, data/boston_housing/test/test_facts.txt]
%  for N=1: args[N]=data/boston_housing/test/test_neg.txt

% getInputArgWithDefaultValue: args=[data/boston_housing/test/test_pos.txt, data/boston_housing/test/test_neg.txt, data/boston_housing/test/test_bk.txt, data/boston_housing/test/test_facts.txt]
%  for N=2: args[N]=data/boston_housing/test/test_bk.txt

% getInputArgWithDefaultValue: args=[data/boston_housing/test/test_pos.txt, data/boston_housing/test/test_neg.txt, data/boston_housing/test/test_bk.txt, data/boston_housing/test/test_facts.txt]
%  for N=3: args[N]=data/boston_housing/test/test_facts.txt

% Welcome to the WILL ILP/SRL systems.

% Reading background theory from dir: null

% Switching to VarIndicator = uppercase.

***** Warning: % Since this is the first setting of the notation for variables, will keep:
%   variableIndicator = uppercase *****

% [ LazyGroundClauseIndex ]  Building full index for mode/1 with 1 assertions.

%  Read the facts.
%  Have read 166 facts.

%  LearnOneClause initialized.

% The outer looper has been created.

% Initializing the ILP inner looper.
% Have read 13 examples from 'data/boston_housing/test' [data/boston_housing/test/test*].

% NEW target:                 medv(A)
%  targetPred:                medv/1
%  targetArgTypes:            signature = [const], types = [+id]
%  targets:                   [medv(A)]
%  targetPredicates:          [medv/1]
%  targetArgSpecs:            [[A[+id]]]
%  variablesInTargets:        [[A]]

% Started collecting constants

% Collecting the types of constants.

%   *** WARNING ***  Constant '10' is already marked as being of types = [varsrim];
%          type = 'varindus' may be added if not already known.
%  PredicateName = 'indus', from 'indus(id433, 10)',
%  which has types = [signature = [const, const], types = [+id, #varindus]]
%   Other warnings with this predicate and this new type are not reported in order to keep this printout small.  Use dontComplainAboutMultipleTypes to override.

%   *** WARNING ***  Constant '0' is already marked as being of types = [varzn];
%          type = 'varchas' may be added if not already known.
%  PredicateName = 'chas', from 'chas(id139, 0)',
%  which has types = [signature = [const, const], types = [+id, #varchas]]
%   Other warnings with this predicate and this new type are not reported in order to keep this printout small.  Use dontComplainAboutMultipleTypes to override.

%   *** WARNING ***  Constant '8' is already marked as being of types = [varindus];
%          type = 'varnox' may be added if not already known.
%  PredicateName = 'nox', from 'nox(id139, 8)',
%  which has types = [signature = [const, const], types = [+id, #varnox]]
%   Other warnings with this predicate and this new type are not reported in order to keep this printout small.  Use dontComplainAboutMultipleTypes to override.

%   *** WARNING ***  Constant '8' is already marked as being of types = [varindus, varnox];
%          type = 'varrm' may be added if not already known.
%  PredicateName = 'rm', from 'rm(id139, 8)',
%  which has types = [signature = [const, const], types = [+id, #varrm]]
%   Other warnings with this predicate and this new type are not reported in order to keep this printout small.  Use dontComplainAboutMultipleTypes to override.

%   *** WARNING ***  Constant '5' is already marked as being of types = [varsrim, varindus, varnox, varrm];
%          type = 'varage' may be added if not already known.
%  PredicateName = 'age', from 'age(id139, 5)',
%  which has types = [signature = [const, const], types = [+id, #varage]]
%   Other warnings with this predicate and this new type are not reported in order to keep this printout small.  Use dontComplainAboutMultipleTypes to override.

%   *** WARNING ***  Constant '9' is already marked as being of types = [varsrim, varindus, varnox, varage];
%          type = 'vardis' may be added if not already known.
%  PredicateName = 'dis', from 'dis(id139, 9)',
%  which has types = [signature = [const, const], types = [+id, #vardis]]
%   Other warnings with this predicate and this new type are not reported in order to keep this printout small.  Use dontComplainAboutMultipleTypes to override.

%   *** WARNING ***  Constant '4' is already marked as being of types = [varsrim, varindus, varrm, varage, vardis];
%          type = 'varrad' may be added if not already known.
%  PredicateName = 'rad', from 'rad(id139, 4)',
%  which has types = [signature = [const, const], types = [+id, #varrad]]
%   Other warnings with this predicate and this new type are not reported in order to keep this printout small.  Use dontComplainAboutMultipleTypes to override.

%   *** WARNING ***  Constant '7' is already marked as being of types = [varindus, varnox, varrm, varage, varrad];
%          type = 'varptrat' may be added if not already known.
%  PredicateName = 'ptratio', from 'ptratio(id139, 7)',
%  which has types = [signature = [const, const], types = [+id, #varptrat]]
%   Other warnings with this predicate and this new type are not reported in order to keep this printout small.  Use dontComplainAboutMultipleTypes to override.

%   *** WARNING ***  Constant '2' is already marked as being of types = [varnox, varrm, varage, varrad, varptrat];
%          type = 'varb' may be added if not already known.
%  PredicateName = 'b', from 'b(id139, 2)',
%  which has types = [signature = [const, const], types = [+id, #varb]]
%   Other warnings with this predicate and this new type are not reported in order to keep this printout small.  Use dontComplainAboutMultipleTypes to override.

%   *** WARNING ***  Constant '5' is already marked as being of types = [varsrim, varindus, varnox, varrm, varage, vardis, varrad, varptrat, varb];
%          type = 'varlstat' may be added if not already known.
%  PredicateName = 'lstat', from 'lstat(id139, 5)',
%  which has types = [signature = [const, const], types = [+id, #varlstat]]
%   Other warnings with this predicate and this new type are not reported in order to keep this printout small.  Use dontComplainAboutMultipleTypes to override.

% Looking at the training examples to see if any types of new constants can be inferred.
% Time to collect constants: 3 milliseconds

% Read 13 pos examples and 0 neg examples.
% Time to init learnOneClause: 22 milliseconds
% Old dirdata/boston_housing/train/models/

% Have 13 'raw' positive examples and kept 13.
% Have 0 'raw' negative examples and kept 0.
% No neg ex for medv

% processing backup's for medv
%  POS EX = 13
%  NEG EX = 0

% Memory usage by WILLSetup (just counts # targets?):
%  |backupPosExamples| = 1
%  |backupNegExamples| = 1
%  |predicatesAsFacts| = 0
%  |addedToFactBase|   = 0

% Getting bRDN's target predicates.
% Did not learn a model for 'medv' this run.
%   loadModel (#0): data/boston_housing/train/models/bRDNs/Trees/medvTree0.tree
%   loadModel (#1): data/boston_housing/train/models/bRDNs/Trees/medvTree1.tree
%   loadModel (#2): data/boston_housing/train/models/bRDNs/Trees/medvTree2.tree
%   loadModel (#3): data/boston_housing/train/models/bRDNs/Trees/medvTree3.tree
%   loadModel (#4): data/boston_housing/train/models/bRDNs/Trees/medvTree4.tree
%   loadModel (#5): data/boston_housing/train/models/bRDNs/Trees/medvTree5.tree
%   loadModel (#6): data/boston_housing/train/models/bRDNs/Trees/medvTree6.tree
%   loadModel (#7): data/boston_housing/train/models/bRDNs/Trees/medvTree7.tree
%   loadModel (#8): data/boston_housing/train/models/bRDNs/Trees/medvTree8.tree
%   loadModel (#9): data/boston_housing/train/models/bRDNs/Trees/medvTree9.tree
%  Done loading 10 models.

% for medv |lookupPos| = 13
% for medv |lookupNeg| = 0
% getJointExamples: |pos| = 13, |neg| = 0

% Starting inference in bRDN.

% Subsampling the negative examples.
% Trees = 10
% [ LazyGroundClauseIndex ]  Building full index for rm/2 with 13 assertions.
% [ LazyGroundClauseIndex ]  Building full index for nox/2 with 12 assertions.
% [ LazyGroundClauseIndex ]  Building full index for lstat/2 with 13 assertions.
% [ LazyGroundClauseIndex ]  Building full index for crim/2 with 13 assertions.
% [ LazyGroundClauseIndex ]  Building full index for ptratio/2 with 11 assertions.
% [ LazyGroundClauseIndex ]  Building full index for indus/2 with 13 assertions.
% [ LazyGroundClauseIndex ]  Building full index for dis/2 with 13 assertions.
% [ LazyGroundClauseIndex ]  Building full index for chas/2 with 13 assertions.
 (Arithmetic) Mean Probability Assigned to Correct Output Class: 13,000/13,00 = 1,000000

 The weighted count of positive examples = 13,000 and the weighted count of negative examples = 0,000

printExamples: Writing out predictions (for Tuffy?) on 13 examples for 'medv' to:
  data/boston_housing/test/results_medv.db
 and to:
  data/boston_housing/test/query_medv.db

% Computing Area Under Curves.
%Pos=13
%Neg=0
%LL:-1.1337986030306772E-8
%LL:-1.1337986030306772E-8

No negative examples in ComputeAUC.  Using AUC-ROC = 1.0 and AUC-PR = 1.0
Best F1 = 0.9600000000000001
% F1 = 0.9600000000000001
% Threshold = 0.9999999999999982

%   AUC ROC   = 1,000000
%   AUC PR    = 1,000000
%   CLL	      = -8,72153e-10
%   Precision = 1,000000 at threshold = 0,500
%   Recall    = 1,000000
%   F1        = 1,000000

% Total inference time (10 trees): 101 milliseconds.
]]></system-out>
  <system-err><![CDATA[]]></system-err>
</testsuite>
